[2023-01-09T14:43:57.163+0400] {processor.py:153} INFO - Started process (PID=13366) to work on /Users/harut/junk-airflow/dags/basho.py
[2023-01-09T14:43:57.164+0400] {processor.py:743} INFO - Processing file /Users/harut/junk-airflow/dags/basho.py for tasks to queue
[2023-01-09T14:43:57.164+0400] {logging_mixin.py:137} INFO - [2023-01-09T14:43:57.164+0400] {dagbag.py:538} INFO - Filling up the DagBag from /Users/harut/junk-airflow/dags/basho.py
[2023-01-09T14:43:57.180+0400] {processor.py:753} INFO - DAG(s) dict_keys(['basho']) retrieved from /Users/harut/junk-airflow/dags/basho.py
[2023-01-09T14:43:57.591+0400] {logging_mixin.py:137} INFO - [2023-01-09T14:43:57.591+0400] {manager.py:504} INFO - Created Permission View: can read on DAG:basho
[2023-01-09T14:43:57.595+0400] {logging_mixin.py:137} INFO - [2023-01-09T14:43:57.595+0400] {manager.py:504} INFO - Created Permission View: can delete on DAG:basho
[2023-01-09T14:43:57.598+0400] {logging_mixin.py:137} INFO - [2023-01-09T14:43:57.598+0400] {manager.py:504} INFO - Created Permission View: can edit on DAG:basho
[2023-01-09T14:43:57.598+0400] {logging_mixin.py:137} INFO - [2023-01-09T14:43:57.598+0400] {dag.py:2676} INFO - Sync 1 DAGs
[2023-01-09T14:43:57.603+0400] {logging_mixin.py:137} INFO - [2023-01-09T14:43:57.603+0400] {dag.py:2697} INFO - Creating ORM DAG for basho
[2023-01-09T14:43:57.607+0400] {logging_mixin.py:137} INFO - [2023-01-09T14:43:57.607+0400] {dag.py:3423} INFO - Setting next_dagrun for basho to 2023-01-08T10:43:57.607748+00:00, run_after=2023-01-09T10:43:57.607748+00:00
[2023-01-09T14:43:57.616+0400] {processor.py:175} INFO - Processing /Users/harut/junk-airflow/dags/basho.py took 0.453 seconds
[2023-01-09T14:44:32.873+0400] {processor.py:153} INFO - Started process (PID=13387) to work on /Users/harut/junk-airflow/dags/basho.py
[2023-01-09T14:44:32.874+0400] {processor.py:743} INFO - Processing file /Users/harut/junk-airflow/dags/basho.py for tasks to queue
[2023-01-09T14:44:32.874+0400] {logging_mixin.py:137} INFO - [2023-01-09T14:44:32.874+0400] {dagbag.py:538} INFO - Filling up the DagBag from /Users/harut/junk-airflow/dags/basho.py
[2023-01-09T14:44:32.890+0400] {processor.py:753} INFO - DAG(s) dict_keys(['basho']) retrieved from /Users/harut/junk-airflow/dags/basho.py
[2023-01-09T14:44:33.256+0400] {logging_mixin.py:137} INFO - [2023-01-09T14:44:33.256+0400] {dag.py:2676} INFO - Sync 1 DAGs
[2023-01-09T14:44:33.265+0400] {logging_mixin.py:137} INFO - [2023-01-09T14:44:33.264+0400] {dag.py:3423} INFO - Setting next_dagrun for basho to 2023-01-08T10:44:33.264870+00:00, run_after=2023-01-09T10:44:33.264870+00:00
[2023-01-09T14:44:33.274+0400] {processor.py:175} INFO - Processing /Users/harut/junk-airflow/dags/basho.py took 0.401 seconds
[2023-01-09T14:45:49.593+0400] {processor.py:153} INFO - Started process (PID=13432) to work on /Users/harut/junk-airflow/dags/basho.py
[2023-01-09T14:45:49.593+0400] {processor.py:743} INFO - Processing file /Users/harut/junk-airflow/dags/basho.py for tasks to queue
[2023-01-09T14:45:49.593+0400] {logging_mixin.py:137} INFO - [2023-01-09T14:45:49.593+0400] {dagbag.py:538} INFO - Filling up the DagBag from /Users/harut/junk-airflow/dags/basho.py
[2023-01-09T14:45:49.610+0400] {processor.py:753} INFO - DAG(s) dict_keys(['basho']) retrieved from /Users/harut/junk-airflow/dags/basho.py
[2023-01-09T14:45:49.979+0400] {logging_mixin.py:137} INFO - [2023-01-09T14:45:49.979+0400] {dag.py:2676} INFO - Sync 1 DAGs
[2023-01-09T14:45:49.987+0400] {logging_mixin.py:137} INFO - [2023-01-09T14:45:49.987+0400] {dag.py:3423} INFO - Setting next_dagrun for basho to 2023-01-08T10:45:49.987812+00:00, run_after=2023-01-09T10:45:49.987812+00:00
[2023-01-09T14:45:49.997+0400] {processor.py:175} INFO - Processing /Users/harut/junk-airflow/dags/basho.py took 0.405 seconds
[2023-01-09T14:47:09.539+0400] {processor.py:153} INFO - Started process (PID=13485) to work on /Users/harut/junk-airflow/dags/basho.py
[2023-01-09T14:47:09.540+0400] {processor.py:743} INFO - Processing file /Users/harut/junk-airflow/dags/basho.py for tasks to queue
[2023-01-09T14:47:09.540+0400] {logging_mixin.py:137} INFO - [2023-01-09T14:47:09.540+0400] {dagbag.py:538} INFO - Filling up the DagBag from /Users/harut/junk-airflow/dags/basho.py
[2023-01-09T14:47:09.556+0400] {processor.py:753} INFO - DAG(s) dict_keys(['basho']) retrieved from /Users/harut/junk-airflow/dags/basho.py
[2023-01-09T14:47:09.930+0400] {logging_mixin.py:137} INFO - [2023-01-09T14:47:09.930+0400] {dag.py:2676} INFO - Sync 1 DAGs
[2023-01-09T14:47:09.939+0400] {logging_mixin.py:137} INFO - [2023-01-09T14:47:09.938+0400] {dag.py:3423} INFO - Setting next_dagrun for basho to 2023-01-08T10:47:09.938902+00:00, run_after=2023-01-09T10:47:09.938902+00:00
[2023-01-09T14:47:09.949+0400] {processor.py:175} INFO - Processing /Users/harut/junk-airflow/dags/basho.py took 0.410 seconds
[2023-01-09T14:48:30.526+0400] {processor.py:153} INFO - Started process (PID=13535) to work on /Users/harut/junk-airflow/dags/basho.py
[2023-01-09T14:48:30.527+0400] {processor.py:743} INFO - Processing file /Users/harut/junk-airflow/dags/basho.py for tasks to queue
[2023-01-09T14:48:30.527+0400] {logging_mixin.py:137} INFO - [2023-01-09T14:48:30.527+0400] {dagbag.py:538} INFO - Filling up the DagBag from /Users/harut/junk-airflow/dags/basho.py
[2023-01-09T14:48:30.545+0400] {processor.py:753} INFO - DAG(s) dict_keys(['basho']) retrieved from /Users/harut/junk-airflow/dags/basho.py
[2023-01-09T14:48:30.950+0400] {logging_mixin.py:137} INFO - [2023-01-09T14:48:30.950+0400] {dag.py:2676} INFO - Sync 1 DAGs
[2023-01-09T14:48:30.959+0400] {logging_mixin.py:137} INFO - [2023-01-09T14:48:30.959+0400] {dag.py:3423} INFO - Setting next_dagrun for basho to 2023-01-08T10:48:30.959395+00:00, run_after=2023-01-09T10:48:30.959395+00:00
[2023-01-09T14:48:30.969+0400] {processor.py:175} INFO - Processing /Users/harut/junk-airflow/dags/basho.py took 0.444 seconds
[2023-01-09T14:49:55.009+0400] {processor.py:153} INFO - Started process (PID=13587) to work on /Users/harut/junk-airflow/dags/basho.py
[2023-01-09T14:49:55.010+0400] {processor.py:743} INFO - Processing file /Users/harut/junk-airflow/dags/basho.py for tasks to queue
[2023-01-09T14:49:55.010+0400] {logging_mixin.py:137} INFO - [2023-01-09T14:49:55.010+0400] {dagbag.py:538} INFO - Filling up the DagBag from /Users/harut/junk-airflow/dags/basho.py
[2023-01-09T14:49:55.026+0400] {processor.py:753} INFO - DAG(s) dict_keys(['basho']) retrieved from /Users/harut/junk-airflow/dags/basho.py
[2023-01-09T14:49:55.396+0400] {logging_mixin.py:137} INFO - [2023-01-09T14:49:55.396+0400] {dag.py:2676} INFO - Sync 1 DAGs
[2023-01-09T14:49:55.405+0400] {logging_mixin.py:137} INFO - [2023-01-09T14:49:55.405+0400] {dag.py:3423} INFO - Setting next_dagrun for basho to 2023-01-08T10:49:55.405455+00:00, run_after=2023-01-09T10:49:55.405455+00:00
[2023-01-09T14:49:55.415+0400] {processor.py:175} INFO - Processing /Users/harut/junk-airflow/dags/basho.py took 0.406 seconds
[2023-01-09T14:51:14.242+0400] {processor.py:153} INFO - Started process (PID=13632) to work on /Users/harut/junk-airflow/dags/basho.py
[2023-01-09T14:51:14.243+0400] {processor.py:743} INFO - Processing file /Users/harut/junk-airflow/dags/basho.py for tasks to queue
[2023-01-09T14:51:14.243+0400] {logging_mixin.py:137} INFO - [2023-01-09T14:51:14.243+0400] {dagbag.py:538} INFO - Filling up the DagBag from /Users/harut/junk-airflow/dags/basho.py
[2023-01-09T14:51:14.259+0400] {processor.py:753} INFO - DAG(s) dict_keys(['basho']) retrieved from /Users/harut/junk-airflow/dags/basho.py
[2023-01-09T14:51:14.630+0400] {logging_mixin.py:137} INFO - [2023-01-09T14:51:14.630+0400] {dag.py:2676} INFO - Sync 1 DAGs
[2023-01-09T14:51:14.640+0400] {logging_mixin.py:137} INFO - [2023-01-09T14:51:14.640+0400] {dag.py:3423} INFO - Setting next_dagrun for basho to 2023-01-08T10:51:14.640289+00:00, run_after=2023-01-09T10:51:14.640289+00:00
[2023-01-09T14:51:14.650+0400] {processor.py:175} INFO - Processing /Users/harut/junk-airflow/dags/basho.py took 0.409 seconds
[2023-01-09T14:52:34.570+0400] {processor.py:153} INFO - Started process (PID=13680) to work on /Users/harut/junk-airflow/dags/basho.py
[2023-01-09T14:52:34.570+0400] {processor.py:743} INFO - Processing file /Users/harut/junk-airflow/dags/basho.py for tasks to queue
[2023-01-09T14:52:34.571+0400] {logging_mixin.py:137} INFO - [2023-01-09T14:52:34.570+0400] {dagbag.py:538} INFO - Filling up the DagBag from /Users/harut/junk-airflow/dags/basho.py
[2023-01-09T14:52:34.586+0400] {processor.py:753} INFO - DAG(s) dict_keys(['basho']) retrieved from /Users/harut/junk-airflow/dags/basho.py
[2023-01-09T14:52:34.958+0400] {logging_mixin.py:137} INFO - [2023-01-09T14:52:34.958+0400] {dag.py:2676} INFO - Sync 1 DAGs
[2023-01-09T14:52:34.967+0400] {logging_mixin.py:137} INFO - [2023-01-09T14:52:34.967+0400] {dag.py:3423} INFO - Setting next_dagrun for basho to 2023-01-08T10:52:34.967438+00:00, run_after=2023-01-09T10:52:34.967438+00:00
[2023-01-09T14:52:34.977+0400] {processor.py:175} INFO - Processing /Users/harut/junk-airflow/dags/basho.py took 0.407 seconds
[2023-01-09T14:53:53.219+0400] {processor.py:153} INFO - Started process (PID=13727) to work on /Users/harut/junk-airflow/dags/basho.py
[2023-01-09T14:53:53.220+0400] {processor.py:743} INFO - Processing file /Users/harut/junk-airflow/dags/basho.py for tasks to queue
[2023-01-09T14:53:53.220+0400] {logging_mixin.py:137} INFO - [2023-01-09T14:53:53.220+0400] {dagbag.py:538} INFO - Filling up the DagBag from /Users/harut/junk-airflow/dags/basho.py
[2023-01-09T14:53:53.238+0400] {processor.py:753} INFO - DAG(s) dict_keys(['basho']) retrieved from /Users/harut/junk-airflow/dags/basho.py
[2023-01-09T14:53:53.676+0400] {logging_mixin.py:137} INFO - [2023-01-09T14:53:53.676+0400] {dag.py:2676} INFO - Sync 1 DAGs
[2023-01-09T14:53:53.687+0400] {logging_mixin.py:137} INFO - [2023-01-09T14:53:53.687+0400] {dag.py:3423} INFO - Setting next_dagrun for basho to 2023-01-08T10:53:53.687047+00:00, run_after=2023-01-09T10:53:53.687047+00:00
[2023-01-09T14:53:53.698+0400] {processor.py:175} INFO - Processing /Users/harut/junk-airflow/dags/basho.py took 0.479 seconds
[2023-01-09T14:55:18.290+0400] {processor.py:153} INFO - Started process (PID=13772) to work on /Users/harut/junk-airflow/dags/basho.py
[2023-01-09T14:55:18.291+0400] {processor.py:743} INFO - Processing file /Users/harut/junk-airflow/dags/basho.py for tasks to queue
[2023-01-09T14:55:18.291+0400] {logging_mixin.py:137} INFO - [2023-01-09T14:55:18.291+0400] {dagbag.py:538} INFO - Filling up the DagBag from /Users/harut/junk-airflow/dags/basho.py
[2023-01-09T14:55:18.307+0400] {processor.py:753} INFO - DAG(s) dict_keys(['basho']) retrieved from /Users/harut/junk-airflow/dags/basho.py
[2023-01-09T14:55:18.673+0400] {logging_mixin.py:137} INFO - [2023-01-09T14:55:18.673+0400] {dag.py:2676} INFO - Sync 1 DAGs
[2023-01-09T14:55:18.682+0400] {logging_mixin.py:137} INFO - [2023-01-09T14:55:18.682+0400] {dag.py:3423} INFO - Setting next_dagrun for basho to 2023-01-08T10:55:18.682651+00:00, run_after=2023-01-09T10:55:18.682651+00:00
[2023-01-09T14:55:18.692+0400] {processor.py:175} INFO - Processing /Users/harut/junk-airflow/dags/basho.py took 0.402 seconds
[2023-01-09T14:56:39.660+0400] {processor.py:153} INFO - Started process (PID=13818) to work on /Users/harut/junk-airflow/dags/basho.py
[2023-01-09T14:56:39.661+0400] {processor.py:743} INFO - Processing file /Users/harut/junk-airflow/dags/basho.py for tasks to queue
[2023-01-09T14:56:39.661+0400] {logging_mixin.py:137} INFO - [2023-01-09T14:56:39.661+0400] {dagbag.py:538} INFO - Filling up the DagBag from /Users/harut/junk-airflow/dags/basho.py
[2023-01-09T14:56:39.677+0400] {processor.py:753} INFO - DAG(s) dict_keys(['basho']) retrieved from /Users/harut/junk-airflow/dags/basho.py
[2023-01-09T14:56:40.053+0400] {logging_mixin.py:137} INFO - [2023-01-09T14:56:40.053+0400] {dag.py:2676} INFO - Sync 1 DAGs
[2023-01-09T14:56:40.062+0400] {logging_mixin.py:137} INFO - [2023-01-09T14:56:40.062+0400] {dag.py:3423} INFO - Setting next_dagrun for basho to 2023-01-08T10:56:40.062292+00:00, run_after=2023-01-09T10:56:40.062292+00:00
[2023-01-09T14:56:40.071+0400] {processor.py:175} INFO - Processing /Users/harut/junk-airflow/dags/basho.py took 0.411 seconds
[2023-01-09T14:58:01.337+0400] {processor.py:153} INFO - Started process (PID=13860) to work on /Users/harut/junk-airflow/dags/basho.py
[2023-01-09T14:58:01.337+0400] {processor.py:743} INFO - Processing file /Users/harut/junk-airflow/dags/basho.py for tasks to queue
[2023-01-09T14:58:01.338+0400] {logging_mixin.py:137} INFO - [2023-01-09T14:58:01.337+0400] {dagbag.py:538} INFO - Filling up the DagBag from /Users/harut/junk-airflow/dags/basho.py
[2023-01-09T14:58:01.354+0400] {processor.py:753} INFO - DAG(s) dict_keys(['basho']) retrieved from /Users/harut/junk-airflow/dags/basho.py
[2023-01-09T14:58:01.730+0400] {logging_mixin.py:137} INFO - [2023-01-09T14:58:01.730+0400] {dag.py:2676} INFO - Sync 1 DAGs
[2023-01-09T14:58:01.739+0400] {logging_mixin.py:137} INFO - [2023-01-09T14:58:01.739+0400] {dag.py:3423} INFO - Setting next_dagrun for basho to 2023-01-08T10:58:01.739743+00:00, run_after=2023-01-09T10:58:01.739743+00:00
[2023-01-09T14:58:01.749+0400] {processor.py:175} INFO - Processing /Users/harut/junk-airflow/dags/basho.py took 0.413 seconds
[2023-01-09T14:59:21.608+0400] {processor.py:153} INFO - Started process (PID=13906) to work on /Users/harut/junk-airflow/dags/basho.py
[2023-01-09T14:59:21.609+0400] {processor.py:743} INFO - Processing file /Users/harut/junk-airflow/dags/basho.py for tasks to queue
[2023-01-09T14:59:21.609+0400] {logging_mixin.py:137} INFO - [2023-01-09T14:59:21.609+0400] {dagbag.py:538} INFO - Filling up the DagBag from /Users/harut/junk-airflow/dags/basho.py
[2023-01-09T14:59:21.626+0400] {processor.py:753} INFO - DAG(s) dict_keys(['basho']) retrieved from /Users/harut/junk-airflow/dags/basho.py
[2023-01-09T14:59:22.015+0400] {logging_mixin.py:137} INFO - [2023-01-09T14:59:22.015+0400] {dag.py:2676} INFO - Sync 1 DAGs
[2023-01-09T14:59:22.024+0400] {logging_mixin.py:137} INFO - [2023-01-09T14:59:22.023+0400] {dag.py:3423} INFO - Setting next_dagrun for basho to 2023-01-08T10:59:22.023902+00:00, run_after=2023-01-09T10:59:22.023902+00:00
[2023-01-09T14:59:22.033+0400] {processor.py:175} INFO - Processing /Users/harut/junk-airflow/dags/basho.py took 0.425 seconds
[2023-01-09T15:00:43.019+0400] {processor.py:153} INFO - Started process (PID=13948) to work on /Users/harut/junk-airflow/dags/basho.py
[2023-01-09T15:00:43.019+0400] {processor.py:743} INFO - Processing file /Users/harut/junk-airflow/dags/basho.py for tasks to queue
[2023-01-09T15:00:43.020+0400] {logging_mixin.py:137} INFO - [2023-01-09T15:00:43.020+0400] {dagbag.py:538} INFO - Filling up the DagBag from /Users/harut/junk-airflow/dags/basho.py
[2023-01-09T15:00:43.036+0400] {processor.py:753} INFO - DAG(s) dict_keys(['basho']) retrieved from /Users/harut/junk-airflow/dags/basho.py
[2023-01-09T15:00:43.409+0400] {logging_mixin.py:137} INFO - [2023-01-09T15:00:43.409+0400] {dag.py:2676} INFO - Sync 1 DAGs
[2023-01-09T15:00:43.419+0400] {logging_mixin.py:137} INFO - [2023-01-09T15:00:43.419+0400] {dag.py:3423} INFO - Setting next_dagrun for basho to 2023-01-08T11:00:43.419084+00:00, run_after=2023-01-09T11:00:43.419084+00:00
[2023-01-09T15:00:43.428+0400] {processor.py:175} INFO - Processing /Users/harut/junk-airflow/dags/basho.py took 0.410 seconds
[2023-01-09T15:02:05.219+0400] {processor.py:153} INFO - Started process (PID=13995) to work on /Users/harut/junk-airflow/dags/basho.py
[2023-01-09T15:02:05.220+0400] {processor.py:743} INFO - Processing file /Users/harut/junk-airflow/dags/basho.py for tasks to queue
[2023-01-09T15:02:05.220+0400] {logging_mixin.py:137} INFO - [2023-01-09T15:02:05.220+0400] {dagbag.py:538} INFO - Filling up the DagBag from /Users/harut/junk-airflow/dags/basho.py
[2023-01-09T15:02:05.236+0400] {processor.py:753} INFO - DAG(s) dict_keys(['basho']) retrieved from /Users/harut/junk-airflow/dags/basho.py
[2023-01-09T15:02:05.611+0400] {logging_mixin.py:137} INFO - [2023-01-09T15:02:05.610+0400] {dag.py:2676} INFO - Sync 1 DAGs
[2023-01-09T15:02:05.620+0400] {logging_mixin.py:137} INFO - [2023-01-09T15:02:05.619+0400] {dag.py:3423} INFO - Setting next_dagrun for basho to 2023-01-08T11:02:05.619829+00:00, run_after=2023-01-09T11:02:05.619829+00:00
[2023-01-09T15:02:05.629+0400] {processor.py:175} INFO - Processing /Users/harut/junk-airflow/dags/basho.py took 0.411 seconds
[2023-01-09T15:03:25.401+0400] {processor.py:153} INFO - Started process (PID=14045) to work on /Users/harut/junk-airflow/dags/basho.py
[2023-01-09T15:03:25.402+0400] {processor.py:743} INFO - Processing file /Users/harut/junk-airflow/dags/basho.py for tasks to queue
[2023-01-09T15:03:25.402+0400] {logging_mixin.py:137} INFO - [2023-01-09T15:03:25.402+0400] {dagbag.py:538} INFO - Filling up the DagBag from /Users/harut/junk-airflow/dags/basho.py
[2023-01-09T15:03:25.421+0400] {processor.py:753} INFO - DAG(s) dict_keys(['basho']) retrieved from /Users/harut/junk-airflow/dags/basho.py
[2023-01-09T15:03:25.858+0400] {logging_mixin.py:137} INFO - [2023-01-09T15:03:25.858+0400] {dag.py:2676} INFO - Sync 1 DAGs
[2023-01-09T15:03:25.869+0400] {logging_mixin.py:137} INFO - [2023-01-09T15:03:25.868+0400] {dag.py:3423} INFO - Setting next_dagrun for basho to 2023-01-08T11:03:25.868805+00:00, run_after=2023-01-09T11:03:25.868805+00:00
[2023-01-09T15:03:25.879+0400] {processor.py:175} INFO - Processing /Users/harut/junk-airflow/dags/basho.py took 0.479 seconds
[2023-01-09T15:04:44.910+0400] {processor.py:153} INFO - Started process (PID=14088) to work on /Users/harut/junk-airflow/dags/basho.py
[2023-01-09T15:04:44.911+0400] {processor.py:743} INFO - Processing file /Users/harut/junk-airflow/dags/basho.py for tasks to queue
[2023-01-09T15:04:44.911+0400] {logging_mixin.py:137} INFO - [2023-01-09T15:04:44.911+0400] {dagbag.py:538} INFO - Filling up the DagBag from /Users/harut/junk-airflow/dags/basho.py
[2023-01-09T15:04:44.927+0400] {processor.py:753} INFO - DAG(s) dict_keys(['basho']) retrieved from /Users/harut/junk-airflow/dags/basho.py
[2023-01-09T15:04:45.295+0400] {logging_mixin.py:137} INFO - [2023-01-09T15:04:45.295+0400] {dag.py:2676} INFO - Sync 1 DAGs
[2023-01-09T15:04:45.304+0400] {logging_mixin.py:137} INFO - [2023-01-09T15:04:45.304+0400] {dag.py:3423} INFO - Setting next_dagrun for basho to 2023-01-08T11:04:45.304498+00:00, run_after=2023-01-09T11:04:45.304498+00:00
[2023-01-09T15:04:45.314+0400] {processor.py:175} INFO - Processing /Users/harut/junk-airflow/dags/basho.py took 0.404 seconds
[2023-01-09T15:06:06.491+0400] {processor.py:153} INFO - Started process (PID=14134) to work on /Users/harut/junk-airflow/dags/basho.py
[2023-01-09T15:06:06.492+0400] {processor.py:743} INFO - Processing file /Users/harut/junk-airflow/dags/basho.py for tasks to queue
[2023-01-09T15:06:06.492+0400] {logging_mixin.py:137} INFO - [2023-01-09T15:06:06.492+0400] {dagbag.py:538} INFO - Filling up the DagBag from /Users/harut/junk-airflow/dags/basho.py
[2023-01-09T15:06:06.508+0400] {processor.py:753} INFO - DAG(s) dict_keys(['basho']) retrieved from /Users/harut/junk-airflow/dags/basho.py
[2023-01-09T15:06:06.885+0400] {logging_mixin.py:137} INFO - [2023-01-09T15:06:06.885+0400] {dag.py:2676} INFO - Sync 1 DAGs
[2023-01-09T15:06:06.894+0400] {logging_mixin.py:137} INFO - [2023-01-09T15:06:06.894+0400] {dag.py:3423} INFO - Setting next_dagrun for basho to 2023-01-08T11:06:06.894103+00:00, run_after=2023-01-09T11:06:06.894103+00:00
[2023-01-09T15:06:06.903+0400] {processor.py:175} INFO - Processing /Users/harut/junk-airflow/dags/basho.py took 0.412 seconds
[2023-01-09T15:07:25.331+0400] {processor.py:153} INFO - Started process (PID=14175) to work on /Users/harut/junk-airflow/dags/basho.py
[2023-01-09T15:07:25.332+0400] {processor.py:743} INFO - Processing file /Users/harut/junk-airflow/dags/basho.py for tasks to queue
[2023-01-09T15:07:25.332+0400] {logging_mixin.py:137} INFO - [2023-01-09T15:07:25.332+0400] {dagbag.py:538} INFO - Filling up the DagBag from /Users/harut/junk-airflow/dags/basho.py
[2023-01-09T15:07:25.348+0400] {processor.py:753} INFO - DAG(s) dict_keys(['basho']) retrieved from /Users/harut/junk-airflow/dags/basho.py
[2023-01-09T15:07:25.722+0400] {logging_mixin.py:137} INFO - [2023-01-09T15:07:25.722+0400] {dag.py:2676} INFO - Sync 1 DAGs
[2023-01-09T15:07:25.731+0400] {logging_mixin.py:137} INFO - [2023-01-09T15:07:25.731+0400] {dag.py:3423} INFO - Setting next_dagrun for basho to 2023-01-08T11:07:25.731411+00:00, run_after=2023-01-09T11:07:25.731411+00:00
[2023-01-09T15:07:25.740+0400] {processor.py:175} INFO - Processing /Users/harut/junk-airflow/dags/basho.py took 0.409 seconds
[2023-01-09T15:08:45.040+0400] {processor.py:153} INFO - Started process (PID=14219) to work on /Users/harut/junk-airflow/dags/basho.py
[2023-01-09T15:08:45.041+0400] {processor.py:743} INFO - Processing file /Users/harut/junk-airflow/dags/basho.py for tasks to queue
[2023-01-09T15:08:45.041+0400] {logging_mixin.py:137} INFO - [2023-01-09T15:08:45.041+0400] {dagbag.py:538} INFO - Filling up the DagBag from /Users/harut/junk-airflow/dags/basho.py
[2023-01-09T15:08:45.058+0400] {processor.py:753} INFO - DAG(s) dict_keys(['basho']) retrieved from /Users/harut/junk-airflow/dags/basho.py
[2023-01-09T15:08:45.425+0400] {logging_mixin.py:137} INFO - [2023-01-09T15:08:45.425+0400] {dag.py:2676} INFO - Sync 1 DAGs
[2023-01-09T15:08:45.434+0400] {logging_mixin.py:137} INFO - [2023-01-09T15:08:45.434+0400] {dag.py:3423} INFO - Setting next_dagrun for basho to 2023-01-08T11:08:45.434433+00:00, run_after=2023-01-09T11:08:45.434433+00:00
[2023-01-09T15:08:45.443+0400] {processor.py:175} INFO - Processing /Users/harut/junk-airflow/dags/basho.py took 0.403 seconds
[2023-01-09T15:10:04.877+0400] {processor.py:153} INFO - Started process (PID=14265) to work on /Users/harut/junk-airflow/dags/basho.py
[2023-01-09T15:10:04.878+0400] {processor.py:743} INFO - Processing file /Users/harut/junk-airflow/dags/basho.py for tasks to queue
[2023-01-09T15:10:04.878+0400] {logging_mixin.py:137} INFO - [2023-01-09T15:10:04.878+0400] {dagbag.py:538} INFO - Filling up the DagBag from /Users/harut/junk-airflow/dags/basho.py
[2023-01-09T15:10:04.895+0400] {processor.py:753} INFO - DAG(s) dict_keys(['basho']) retrieved from /Users/harut/junk-airflow/dags/basho.py
[2023-01-09T15:10:05.267+0400] {logging_mixin.py:137} INFO - [2023-01-09T15:10:05.267+0400] {dag.py:2676} INFO - Sync 1 DAGs
[2023-01-09T15:10:05.276+0400] {logging_mixin.py:137} INFO - [2023-01-09T15:10:05.276+0400] {dag.py:3423} INFO - Setting next_dagrun for basho to 2023-01-08T11:10:05.276132+00:00, run_after=2023-01-09T11:10:05.276132+00:00
[2023-01-09T15:10:05.285+0400] {processor.py:175} INFO - Processing /Users/harut/junk-airflow/dags/basho.py took 0.408 seconds
[2023-01-09T15:11:25.973+0400] {processor.py:153} INFO - Started process (PID=14311) to work on /Users/harut/junk-airflow/dags/basho.py
[2023-01-09T15:11:25.974+0400] {processor.py:743} INFO - Processing file /Users/harut/junk-airflow/dags/basho.py for tasks to queue
[2023-01-09T15:11:25.974+0400] {logging_mixin.py:137} INFO - [2023-01-09T15:11:25.974+0400] {dagbag.py:538} INFO - Filling up the DagBag from /Users/harut/junk-airflow/dags/basho.py
[2023-01-09T15:11:25.990+0400] {processor.py:753} INFO - DAG(s) dict_keys(['basho']) retrieved from /Users/harut/junk-airflow/dags/basho.py
[2023-01-09T15:11:26.382+0400] {logging_mixin.py:137} INFO - [2023-01-09T15:11:26.382+0400] {dag.py:2676} INFO - Sync 1 DAGs
[2023-01-09T15:11:26.390+0400] {logging_mixin.py:137} INFO - [2023-01-09T15:11:26.390+0400] {dag.py:3423} INFO - Setting next_dagrun for basho to 2023-01-08T11:11:26.390767+00:00, run_after=2023-01-09T11:11:26.390767+00:00
[2023-01-09T15:11:26.400+0400] {processor.py:175} INFO - Processing /Users/harut/junk-airflow/dags/basho.py took 0.426 seconds
[2023-01-09T15:12:48.845+0400] {processor.py:153} INFO - Started process (PID=14364) to work on /Users/harut/junk-airflow/dags/basho.py
[2023-01-09T15:12:48.846+0400] {processor.py:743} INFO - Processing file /Users/harut/junk-airflow/dags/basho.py for tasks to queue
[2023-01-09T15:12:48.846+0400] {logging_mixin.py:137} INFO - [2023-01-09T15:12:48.846+0400] {dagbag.py:538} INFO - Filling up the DagBag from /Users/harut/junk-airflow/dags/basho.py
[2023-01-09T15:12:48.864+0400] {processor.py:753} INFO - DAG(s) dict_keys(['basho']) retrieved from /Users/harut/junk-airflow/dags/basho.py
[2023-01-09T15:12:49.270+0400] {logging_mixin.py:137} INFO - [2023-01-09T15:12:49.270+0400] {dag.py:2676} INFO - Sync 1 DAGs
[2023-01-09T15:12:49.281+0400] {logging_mixin.py:137} INFO - [2023-01-09T15:12:49.281+0400] {dag.py:3423} INFO - Setting next_dagrun for basho to 2023-01-08T11:12:49.280909+00:00, run_after=2023-01-09T11:12:49.280909+00:00
[2023-01-09T15:12:49.291+0400] {processor.py:175} INFO - Processing /Users/harut/junk-airflow/dags/basho.py took 0.447 seconds
[2023-01-09T15:14:11.984+0400] {processor.py:153} INFO - Started process (PID=14418) to work on /Users/harut/junk-airflow/dags/basho.py
[2023-01-09T15:14:11.985+0400] {processor.py:743} INFO - Processing file /Users/harut/junk-airflow/dags/basho.py for tasks to queue
[2023-01-09T15:14:11.985+0400] {logging_mixin.py:137} INFO - [2023-01-09T15:14:11.985+0400] {dagbag.py:538} INFO - Filling up the DagBag from /Users/harut/junk-airflow/dags/basho.py
[2023-01-09T15:14:12.001+0400] {processor.py:753} INFO - DAG(s) dict_keys(['basho']) retrieved from /Users/harut/junk-airflow/dags/basho.py
[2023-01-09T15:14:12.391+0400] {logging_mixin.py:137} INFO - [2023-01-09T15:14:12.391+0400] {dag.py:2676} INFO - Sync 1 DAGs
[2023-01-09T15:14:12.400+0400] {logging_mixin.py:137} INFO - [2023-01-09T15:14:12.400+0400] {dag.py:3423} INFO - Setting next_dagrun for basho to 2023-01-08T11:14:12.400090+00:00, run_after=2023-01-09T11:14:12.400090+00:00
[2023-01-09T15:14:12.410+0400] {processor.py:175} INFO - Processing /Users/harut/junk-airflow/dags/basho.py took 0.426 seconds
[2023-01-09T15:15:35.757+0400] {processor.py:153} INFO - Started process (PID=14484) to work on /Users/harut/junk-airflow/dags/basho.py
[2023-01-09T15:15:35.758+0400] {processor.py:743} INFO - Processing file /Users/harut/junk-airflow/dags/basho.py for tasks to queue
[2023-01-09T15:15:35.758+0400] {logging_mixin.py:137} INFO - [2023-01-09T15:15:35.758+0400] {dagbag.py:538} INFO - Filling up the DagBag from /Users/harut/junk-airflow/dags/basho.py
[2023-01-09T15:15:35.777+0400] {processor.py:753} INFO - DAG(s) dict_keys(['basho']) retrieved from /Users/harut/junk-airflow/dags/basho.py
[2023-01-09T15:15:36.213+0400] {logging_mixin.py:137} INFO - [2023-01-09T15:15:36.213+0400] {dag.py:2676} INFO - Sync 1 DAGs
[2023-01-09T15:15:36.222+0400] {logging_mixin.py:137} INFO - [2023-01-09T15:15:36.222+0400] {dag.py:3423} INFO - Setting next_dagrun for basho to 2023-01-08T11:15:36.222755+00:00, run_after=2023-01-09T11:15:36.222755+00:00
[2023-01-09T15:15:36.234+0400] {processor.py:175} INFO - Processing /Users/harut/junk-airflow/dags/basho.py took 0.477 seconds
[2023-01-09T15:16:58.859+0400] {processor.py:153} INFO - Started process (PID=14528) to work on /Users/harut/junk-airflow/dags/basho.py
[2023-01-09T15:16:58.860+0400] {processor.py:743} INFO - Processing file /Users/harut/junk-airflow/dags/basho.py for tasks to queue
[2023-01-09T15:16:58.860+0400] {logging_mixin.py:137} INFO - [2023-01-09T15:16:58.860+0400] {dagbag.py:538} INFO - Filling up the DagBag from /Users/harut/junk-airflow/dags/basho.py
[2023-01-09T15:16:58.878+0400] {processor.py:753} INFO - DAG(s) dict_keys(['basho']) retrieved from /Users/harut/junk-airflow/dags/basho.py
[2023-01-09T15:16:59.305+0400] {logging_mixin.py:137} INFO - [2023-01-09T15:16:59.305+0400] {dag.py:2676} INFO - Sync 1 DAGs
[2023-01-09T15:16:59.315+0400] {logging_mixin.py:137} INFO - [2023-01-09T15:16:59.315+0400] {dag.py:3423} INFO - Setting next_dagrun for basho to 2023-01-08T11:16:59.315589+00:00, run_after=2023-01-09T11:16:59.315589+00:00
[2023-01-09T15:16:59.326+0400] {processor.py:175} INFO - Processing /Users/harut/junk-airflow/dags/basho.py took 0.467 seconds
[2023-01-09T15:18:22.154+0400] {processor.py:153} INFO - Started process (PID=14574) to work on /Users/harut/junk-airflow/dags/basho.py
[2023-01-09T15:18:22.155+0400] {processor.py:743} INFO - Processing file /Users/harut/junk-airflow/dags/basho.py for tasks to queue
[2023-01-09T15:18:22.155+0400] {logging_mixin.py:137} INFO - [2023-01-09T15:18:22.155+0400] {dagbag.py:538} INFO - Filling up the DagBag from /Users/harut/junk-airflow/dags/basho.py
[2023-01-09T15:18:22.173+0400] {processor.py:753} INFO - DAG(s) dict_keys(['basho']) retrieved from /Users/harut/junk-airflow/dags/basho.py
[2023-01-09T15:18:22.620+0400] {logging_mixin.py:137} INFO - [2023-01-09T15:18:22.620+0400] {dag.py:2676} INFO - Sync 1 DAGs
[2023-01-09T15:18:22.630+0400] {logging_mixin.py:137} INFO - [2023-01-09T15:18:22.630+0400] {dag.py:3423} INFO - Setting next_dagrun for basho to 2023-01-08T11:18:22.630434+00:00, run_after=2023-01-09T11:18:22.630434+00:00
[2023-01-09T15:18:22.642+0400] {processor.py:175} INFO - Processing /Users/harut/junk-airflow/dags/basho.py took 0.489 seconds
[2023-01-09T15:19:44.816+0400] {processor.py:153} INFO - Started process (PID=14626) to work on /Users/harut/junk-airflow/dags/basho.py
[2023-01-09T15:19:44.817+0400] {processor.py:743} INFO - Processing file /Users/harut/junk-airflow/dags/basho.py for tasks to queue
[2023-01-09T15:19:44.817+0400] {logging_mixin.py:137} INFO - [2023-01-09T15:19:44.817+0400] {dagbag.py:538} INFO - Filling up the DagBag from /Users/harut/junk-airflow/dags/basho.py
[2023-01-09T15:19:44.834+0400] {processor.py:753} INFO - DAG(s) dict_keys(['basho']) retrieved from /Users/harut/junk-airflow/dags/basho.py
[2023-01-09T15:19:45.225+0400] {logging_mixin.py:137} INFO - [2023-01-09T15:19:45.225+0400] {dag.py:2676} INFO - Sync 1 DAGs
[2023-01-09T15:19:45.235+0400] {logging_mixin.py:137} INFO - [2023-01-09T15:19:45.234+0400] {dag.py:3423} INFO - Setting next_dagrun for basho to 2023-01-08T11:19:45.234872+00:00, run_after=2023-01-09T11:19:45.234872+00:00
[2023-01-09T15:19:45.244+0400] {processor.py:175} INFO - Processing /Users/harut/junk-airflow/dags/basho.py took 0.429 seconds
[2023-01-09T15:21:08.706+0400] {processor.py:153} INFO - Started process (PID=14669) to work on /Users/harut/junk-airflow/dags/basho.py
[2023-01-09T15:21:08.707+0400] {processor.py:743} INFO - Processing file /Users/harut/junk-airflow/dags/basho.py for tasks to queue
[2023-01-09T15:21:08.707+0400] {logging_mixin.py:137} INFO - [2023-01-09T15:21:08.707+0400] {dagbag.py:538} INFO - Filling up the DagBag from /Users/harut/junk-airflow/dags/basho.py
[2023-01-09T15:21:08.726+0400] {processor.py:753} INFO - DAG(s) dict_keys(['basho']) retrieved from /Users/harut/junk-airflow/dags/basho.py
[2023-01-09T15:21:09.152+0400] {logging_mixin.py:137} INFO - [2023-01-09T15:21:09.152+0400] {dag.py:2676} INFO - Sync 1 DAGs
[2023-01-09T15:21:09.162+0400] {logging_mixin.py:137} INFO - [2023-01-09T15:21:09.162+0400] {dag.py:3423} INFO - Setting next_dagrun for basho to 2023-01-08T11:21:09.161937+00:00, run_after=2023-01-09T11:21:09.161937+00:00
[2023-01-09T15:21:09.173+0400] {processor.py:175} INFO - Processing /Users/harut/junk-airflow/dags/basho.py took 0.467 seconds
[2023-01-09T15:22:32.840+0400] {processor.py:153} INFO - Started process (PID=14729) to work on /Users/harut/junk-airflow/dags/basho.py
[2023-01-09T15:22:32.841+0400] {processor.py:743} INFO - Processing file /Users/harut/junk-airflow/dags/basho.py for tasks to queue
[2023-01-09T15:22:32.841+0400] {logging_mixin.py:137} INFO - [2023-01-09T15:22:32.841+0400] {dagbag.py:538} INFO - Filling up the DagBag from /Users/harut/junk-airflow/dags/basho.py
[2023-01-09T15:22:32.859+0400] {processor.py:753} INFO - DAG(s) dict_keys(['basho']) retrieved from /Users/harut/junk-airflow/dags/basho.py
[2023-01-09T15:22:33.258+0400] {logging_mixin.py:137} INFO - [2023-01-09T15:22:33.258+0400] {dag.py:2676} INFO - Sync 1 DAGs
[2023-01-09T15:22:33.268+0400] {logging_mixin.py:137} INFO - [2023-01-09T15:22:33.268+0400] {dag.py:3423} INFO - Setting next_dagrun for basho to 2023-01-08T11:22:33.268166+00:00, run_after=2023-01-09T11:22:33.268166+00:00
[2023-01-09T15:22:33.278+0400] {processor.py:175} INFO - Processing /Users/harut/junk-airflow/dags/basho.py took 0.438 seconds
[2023-01-09T15:23:55.909+0400] {processor.py:153} INFO - Started process (PID=14772) to work on /Users/harut/junk-airflow/dags/basho.py
[2023-01-09T15:23:55.910+0400] {processor.py:743} INFO - Processing file /Users/harut/junk-airflow/dags/basho.py for tasks to queue
[2023-01-09T15:23:55.915+0400] {logging_mixin.py:137} INFO - [2023-01-09T15:23:55.910+0400] {dagbag.py:538} INFO - Filling up the DagBag from /Users/harut/junk-airflow/dags/basho.py
[2023-01-09T15:23:55.959+0400] {processor.py:753} INFO - DAG(s) dict_keys(['basho']) retrieved from /Users/harut/junk-airflow/dags/basho.py
[2023-01-09T15:23:56.365+0400] {logging_mixin.py:137} INFO - [2023-01-09T15:23:56.365+0400] {dag.py:2676} INFO - Sync 1 DAGs
[2023-01-09T15:23:56.374+0400] {logging_mixin.py:137} INFO - [2023-01-09T15:23:56.374+0400] {dag.py:3423} INFO - Setting next_dagrun for basho to 2023-01-08T11:23:56.374636+00:00, run_after=2023-01-09T11:23:56.374636+00:00
[2023-01-09T15:23:56.384+0400] {processor.py:175} INFO - Processing /Users/harut/junk-airflow/dags/basho.py took 0.476 seconds
[2023-01-09T15:25:19.368+0400] {processor.py:153} INFO - Started process (PID=14817) to work on /Users/harut/junk-airflow/dags/basho.py
[2023-01-09T15:25:19.369+0400] {processor.py:743} INFO - Processing file /Users/harut/junk-airflow/dags/basho.py for tasks to queue
[2023-01-09T15:25:19.369+0400] {logging_mixin.py:137} INFO - [2023-01-09T15:25:19.369+0400] {dagbag.py:538} INFO - Filling up the DagBag from /Users/harut/junk-airflow/dags/basho.py
[2023-01-09T15:25:19.385+0400] {processor.py:753} INFO - DAG(s) dict_keys(['basho']) retrieved from /Users/harut/junk-airflow/dags/basho.py
[2023-01-09T15:25:19.790+0400] {logging_mixin.py:137} INFO - [2023-01-09T15:25:19.790+0400] {dag.py:2676} INFO - Sync 1 DAGs
[2023-01-09T15:25:19.800+0400] {logging_mixin.py:137} INFO - [2023-01-09T15:25:19.800+0400] {dag.py:3423} INFO - Setting next_dagrun for basho to 2023-01-08T11:25:19.799922+00:00, run_after=2023-01-09T11:25:19.799922+00:00
[2023-01-09T15:25:19.809+0400] {processor.py:175} INFO - Processing /Users/harut/junk-airflow/dags/basho.py took 0.441 seconds
[2023-01-09T15:26:42.831+0400] {processor.py:153} INFO - Started process (PID=14862) to work on /Users/harut/junk-airflow/dags/basho.py
[2023-01-09T15:26:42.831+0400] {processor.py:743} INFO - Processing file /Users/harut/junk-airflow/dags/basho.py for tasks to queue
[2023-01-09T15:26:42.832+0400] {logging_mixin.py:137} INFO - [2023-01-09T15:26:42.832+0400] {dagbag.py:538} INFO - Filling up the DagBag from /Users/harut/junk-airflow/dags/basho.py
[2023-01-09T15:26:42.849+0400] {processor.py:753} INFO - DAG(s) dict_keys(['basho']) retrieved from /Users/harut/junk-airflow/dags/basho.py
[2023-01-09T15:26:43.263+0400] {logging_mixin.py:137} INFO - [2023-01-09T15:26:43.263+0400] {dag.py:2676} INFO - Sync 1 DAGs
[2023-01-09T15:26:43.273+0400] {logging_mixin.py:137} INFO - [2023-01-09T15:26:43.273+0400] {dag.py:3423} INFO - Setting next_dagrun for basho to 2023-01-08T11:26:43.273042+00:00, run_after=2023-01-09T11:26:43.273042+00:00
[2023-01-09T15:26:43.283+0400] {processor.py:175} INFO - Processing /Users/harut/junk-airflow/dags/basho.py took 0.452 seconds
[2023-01-09T15:28:06.632+0400] {processor.py:153} INFO - Started process (PID=14914) to work on /Users/harut/junk-airflow/dags/basho.py
[2023-01-09T15:28:06.632+0400] {processor.py:743} INFO - Processing file /Users/harut/junk-airflow/dags/basho.py for tasks to queue
[2023-01-09T15:28:06.633+0400] {logging_mixin.py:137} INFO - [2023-01-09T15:28:06.633+0400] {dagbag.py:538} INFO - Filling up the DagBag from /Users/harut/junk-airflow/dags/basho.py
[2023-01-09T15:28:06.650+0400] {processor.py:753} INFO - DAG(s) dict_keys(['basho']) retrieved from /Users/harut/junk-airflow/dags/basho.py
[2023-01-09T15:28:07.081+0400] {logging_mixin.py:137} INFO - [2023-01-09T15:28:07.081+0400] {dag.py:2676} INFO - Sync 1 DAGs
[2023-01-09T15:28:07.092+0400] {logging_mixin.py:137} INFO - [2023-01-09T15:28:07.092+0400] {dag.py:3423} INFO - Setting next_dagrun for basho to 2023-01-08T11:28:07.092445+00:00, run_after=2023-01-09T11:28:07.092445+00:00
[2023-01-09T15:28:07.103+0400] {processor.py:175} INFO - Processing /Users/harut/junk-airflow/dags/basho.py took 0.472 seconds
[2023-01-09T15:29:29.561+0400] {processor.py:153} INFO - Started process (PID=14959) to work on /Users/harut/junk-airflow/dags/basho.py
[2023-01-09T15:29:29.562+0400] {processor.py:743} INFO - Processing file /Users/harut/junk-airflow/dags/basho.py for tasks to queue
[2023-01-09T15:29:29.562+0400] {logging_mixin.py:137} INFO - [2023-01-09T15:29:29.562+0400] {dagbag.py:538} INFO - Filling up the DagBag from /Users/harut/junk-airflow/dags/basho.py
[2023-01-09T15:29:29.580+0400] {processor.py:753} INFO - DAG(s) dict_keys(['basho']) retrieved from /Users/harut/junk-airflow/dags/basho.py
[2023-01-09T15:29:29.987+0400] {logging_mixin.py:137} INFO - [2023-01-09T15:29:29.987+0400] {dag.py:2676} INFO - Sync 1 DAGs
[2023-01-09T15:29:29.996+0400] {logging_mixin.py:137} INFO - [2023-01-09T15:29:29.996+0400] {dag.py:3423} INFO - Setting next_dagrun for basho to 2023-01-08T11:29:29.996570+00:00, run_after=2023-01-09T11:29:29.996570+00:00
[2023-01-09T15:29:30.006+0400] {processor.py:175} INFO - Processing /Users/harut/junk-airflow/dags/basho.py took 0.445 seconds
[2023-01-09T15:30:49.911+0400] {processor.py:153} INFO - Started process (PID=15005) to work on /Users/harut/junk-airflow/dags/basho.py
[2023-01-09T15:30:49.911+0400] {processor.py:743} INFO - Processing file /Users/harut/junk-airflow/dags/basho.py for tasks to queue
[2023-01-09T15:30:49.912+0400] {logging_mixin.py:137} INFO - [2023-01-09T15:30:49.912+0400] {dagbag.py:538} INFO - Filling up the DagBag from /Users/harut/junk-airflow/dags/basho.py
[2023-01-09T15:30:49.930+0400] {processor.py:753} INFO - DAG(s) dict_keys(['basho']) retrieved from /Users/harut/junk-airflow/dags/basho.py
[2023-01-09T15:30:50.350+0400] {logging_mixin.py:137} INFO - [2023-01-09T15:30:50.350+0400] {dag.py:2676} INFO - Sync 1 DAGs
[2023-01-09T15:30:50.360+0400] {logging_mixin.py:137} INFO - [2023-01-09T15:30:50.360+0400] {dag.py:3423} INFO - Setting next_dagrun for basho to 2023-01-08T11:30:50.359899+00:00, run_after=2023-01-09T11:30:50.359899+00:00
[2023-01-09T15:30:50.371+0400] {processor.py:175} INFO - Processing /Users/harut/junk-airflow/dags/basho.py took 0.460 seconds
[2023-01-09T15:32:13.085+0400] {processor.py:153} INFO - Started process (PID=15052) to work on /Users/harut/junk-airflow/dags/basho.py
[2023-01-09T15:32:13.086+0400] {processor.py:743} INFO - Processing file /Users/harut/junk-airflow/dags/basho.py for tasks to queue
[2023-01-09T15:32:13.086+0400] {logging_mixin.py:137} INFO - [2023-01-09T15:32:13.086+0400] {dagbag.py:538} INFO - Filling up the DagBag from /Users/harut/junk-airflow/dags/basho.py
[2023-01-09T15:32:13.102+0400] {processor.py:753} INFO - DAG(s) dict_keys(['basho']) retrieved from /Users/harut/junk-airflow/dags/basho.py
[2023-01-09T15:32:13.500+0400] {logging_mixin.py:137} INFO - [2023-01-09T15:32:13.500+0400] {dag.py:2676} INFO - Sync 1 DAGs
[2023-01-09T15:32:13.509+0400] {logging_mixin.py:137} INFO - [2023-01-09T15:32:13.509+0400] {dag.py:3423} INFO - Setting next_dagrun for basho to 2023-01-08T11:32:13.509591+00:00, run_after=2023-01-09T11:32:13.509591+00:00
[2023-01-09T15:32:13.519+0400] {processor.py:175} INFO - Processing /Users/harut/junk-airflow/dags/basho.py took 0.435 seconds
[2023-01-09T15:33:36.708+0400] {processor.py:153} INFO - Started process (PID=15096) to work on /Users/harut/junk-airflow/dags/basho.py
[2023-01-09T15:33:36.709+0400] {processor.py:743} INFO - Processing file /Users/harut/junk-airflow/dags/basho.py for tasks to queue
[2023-01-09T15:33:36.709+0400] {logging_mixin.py:137} INFO - [2023-01-09T15:33:36.709+0400] {dagbag.py:538} INFO - Filling up the DagBag from /Users/harut/junk-airflow/dags/basho.py
[2023-01-09T15:33:36.726+0400] {processor.py:753} INFO - DAG(s) dict_keys(['basho']) retrieved from /Users/harut/junk-airflow/dags/basho.py
[2023-01-09T15:33:37.151+0400] {logging_mixin.py:137} INFO - [2023-01-09T15:33:37.151+0400] {dag.py:2676} INFO - Sync 1 DAGs
[2023-01-09T15:33:37.162+0400] {logging_mixin.py:137} INFO - [2023-01-09T15:33:37.162+0400] {dag.py:3423} INFO - Setting next_dagrun for basho to 2023-01-08T11:33:37.161934+00:00, run_after=2023-01-09T11:33:37.161934+00:00
[2023-01-09T15:33:37.172+0400] {processor.py:175} INFO - Processing /Users/harut/junk-airflow/dags/basho.py took 0.465 seconds
[2023-01-09T15:35:00.566+0400] {processor.py:153} INFO - Started process (PID=15143) to work on /Users/harut/junk-airflow/dags/basho.py
[2023-01-09T15:35:00.567+0400] {processor.py:743} INFO - Processing file /Users/harut/junk-airflow/dags/basho.py for tasks to queue
[2023-01-09T15:35:00.567+0400] {logging_mixin.py:137} INFO - [2023-01-09T15:35:00.567+0400] {dagbag.py:538} INFO - Filling up the DagBag from /Users/harut/junk-airflow/dags/basho.py
[2023-01-09T15:35:00.584+0400] {processor.py:753} INFO - DAG(s) dict_keys(['basho']) retrieved from /Users/harut/junk-airflow/dags/basho.py
[2023-01-09T15:35:00.977+0400] {logging_mixin.py:137} INFO - [2023-01-09T15:35:00.977+0400] {dag.py:2676} INFO - Sync 1 DAGs
[2023-01-09T15:35:00.986+0400] {logging_mixin.py:137} INFO - [2023-01-09T15:35:00.986+0400] {dag.py:3423} INFO - Setting next_dagrun for basho to 2023-01-08T11:35:00.986508+00:00, run_after=2023-01-09T11:35:00.986508+00:00
[2023-01-09T15:35:00.996+0400] {processor.py:175} INFO - Processing /Users/harut/junk-airflow/dags/basho.py took 0.430 seconds
[2023-01-09T15:36:23.838+0400] {processor.py:153} INFO - Started process (PID=15198) to work on /Users/harut/junk-airflow/dags/basho.py
[2023-01-09T15:36:23.838+0400] {processor.py:743} INFO - Processing file /Users/harut/junk-airflow/dags/basho.py for tasks to queue
[2023-01-09T15:36:23.839+0400] {logging_mixin.py:137} INFO - [2023-01-09T15:36:23.839+0400] {dagbag.py:538} INFO - Filling up the DagBag from /Users/harut/junk-airflow/dags/basho.py
[2023-01-09T15:36:23.855+0400] {processor.py:753} INFO - DAG(s) dict_keys(['basho']) retrieved from /Users/harut/junk-airflow/dags/basho.py
[2023-01-09T15:36:24.247+0400] {logging_mixin.py:137} INFO - [2023-01-09T15:36:24.247+0400] {dag.py:2676} INFO - Sync 1 DAGs
[2023-01-09T15:36:24.257+0400] {logging_mixin.py:137} INFO - [2023-01-09T15:36:24.256+0400] {dag.py:3423} INFO - Setting next_dagrun for basho to 2023-01-08T11:36:24.256829+00:00, run_after=2023-01-09T11:36:24.256829+00:00
[2023-01-09T15:36:24.268+0400] {processor.py:175} INFO - Processing /Users/harut/junk-airflow/dags/basho.py took 0.430 seconds
[2023-01-09T15:37:46.060+0400] {processor.py:153} INFO - Started process (PID=15252) to work on /Users/harut/junk-airflow/dags/basho.py
[2023-01-09T15:37:46.061+0400] {processor.py:743} INFO - Processing file /Users/harut/junk-airflow/dags/basho.py for tasks to queue
[2023-01-09T15:37:46.061+0400] {logging_mixin.py:137} INFO - [2023-01-09T15:37:46.061+0400] {dagbag.py:538} INFO - Filling up the DagBag from /Users/harut/junk-airflow/dags/basho.py
[2023-01-09T15:37:46.079+0400] {processor.py:753} INFO - DAG(s) dict_keys(['basho']) retrieved from /Users/harut/junk-airflow/dags/basho.py
[2023-01-09T15:37:46.493+0400] {logging_mixin.py:137} INFO - [2023-01-09T15:37:46.493+0400] {dag.py:2676} INFO - Sync 1 DAGs
[2023-01-09T15:37:46.504+0400] {logging_mixin.py:137} INFO - [2023-01-09T15:37:46.504+0400] {dag.py:3423} INFO - Setting next_dagrun for basho to 2023-01-08T11:37:46.504201+00:00, run_after=2023-01-09T11:37:46.504201+00:00
[2023-01-09T15:37:46.514+0400] {processor.py:175} INFO - Processing /Users/harut/junk-airflow/dags/basho.py took 0.455 seconds
[2023-01-09T15:39:08.799+0400] {processor.py:153} INFO - Started process (PID=15294) to work on /Users/harut/junk-airflow/dags/basho.py
[2023-01-09T15:39:08.800+0400] {processor.py:743} INFO - Processing file /Users/harut/junk-airflow/dags/basho.py for tasks to queue
[2023-01-09T15:39:08.800+0400] {logging_mixin.py:137} INFO - [2023-01-09T15:39:08.800+0400] {dagbag.py:538} INFO - Filling up the DagBag from /Users/harut/junk-airflow/dags/basho.py
[2023-01-09T15:39:08.818+0400] {processor.py:753} INFO - DAG(s) dict_keys(['basho']) retrieved from /Users/harut/junk-airflow/dags/basho.py
[2023-01-09T15:39:09.234+0400] {logging_mixin.py:137} INFO - [2023-01-09T15:39:09.234+0400] {dag.py:2676} INFO - Sync 1 DAGs
[2023-01-09T15:39:09.244+0400] {logging_mixin.py:137} INFO - [2023-01-09T15:39:09.244+0400] {dag.py:3423} INFO - Setting next_dagrun for basho to 2023-01-08T11:39:09.244192+00:00, run_after=2023-01-09T11:39:09.244192+00:00
[2023-01-09T15:39:09.254+0400] {processor.py:175} INFO - Processing /Users/harut/junk-airflow/dags/basho.py took 0.455 seconds
[2023-01-09T15:40:31.213+0400] {processor.py:153} INFO - Started process (PID=15343) to work on /Users/harut/junk-airflow/dags/basho.py
[2023-01-09T15:40:31.214+0400] {processor.py:743} INFO - Processing file /Users/harut/junk-airflow/dags/basho.py for tasks to queue
[2023-01-09T15:40:31.215+0400] {logging_mixin.py:137} INFO - [2023-01-09T15:40:31.214+0400] {dagbag.py:538} INFO - Filling up the DagBag from /Users/harut/junk-airflow/dags/basho.py
[2023-01-09T15:40:31.232+0400] {processor.py:753} INFO - DAG(s) dict_keys(['basho']) retrieved from /Users/harut/junk-airflow/dags/basho.py
[2023-01-09T15:40:31.620+0400] {logging_mixin.py:137} INFO - [2023-01-09T15:40:31.620+0400] {dag.py:2676} INFO - Sync 1 DAGs
[2023-01-09T15:40:31.630+0400] {logging_mixin.py:137} INFO - [2023-01-09T15:40:31.630+0400] {dag.py:3423} INFO - Setting next_dagrun for basho to 2023-01-08T11:40:31.630281+00:00, run_after=2023-01-09T11:40:31.630281+00:00
[2023-01-09T15:40:31.640+0400] {processor.py:175} INFO - Processing /Users/harut/junk-airflow/dags/basho.py took 0.427 seconds
