[2023-01-09T14:16:55.922+0400] {processor.py:153} INFO - Started process (PID=12411) to work on /Users/harut/opt/anaconda3/lib/python3.9/site-packages/airflow/example_dags/example_skip_dag.py
[2023-01-09T14:16:55.922+0400] {processor.py:743} INFO - Processing file /Users/harut/opt/anaconda3/lib/python3.9/site-packages/airflow/example_dags/example_skip_dag.py for tasks to queue
[2023-01-09T14:16:55.923+0400] {logging_mixin.py:137} INFO - [2023-01-09T14:16:55.923+0400] {dagbag.py:538} INFO - Filling up the DagBag from /Users/harut/opt/anaconda3/lib/python3.9/site-packages/airflow/example_dags/example_skip_dag.py
[2023-01-09T14:16:55.941+0400] {processor.py:753} INFO - DAG(s) dict_keys(['example_skip_dag']) retrieved from /Users/harut/opt/anaconda3/lib/python3.9/site-packages/airflow/example_dags/example_skip_dag.py
[2023-01-09T14:16:56.349+0400] {logging_mixin.py:137} INFO - [2023-01-09T14:16:56.349+0400] {dag.py:2676} INFO - Sync 1 DAGs
[2023-01-09T14:16:56.361+0400] {logging_mixin.py:137} INFO - [2023-01-09T14:16:56.361+0400] {dag.py:3423} INFO - Setting next_dagrun for example_skip_dag to 2023-01-08T10:16:56.360846+00:00, run_after=2023-01-09T10:16:56.360846+00:00
[2023-01-09T14:16:56.371+0400] {processor.py:175} INFO - Processing /Users/harut/opt/anaconda3/lib/python3.9/site-packages/airflow/example_dags/example_skip_dag.py took 0.450 seconds
[2023-01-09T14:19:28.034+0400] {processor.py:153} INFO - Started process (PID=12508) to work on /Users/harut/opt/anaconda3/lib/python3.9/site-packages/airflow/example_dags/example_skip_dag.py
[2023-01-09T14:19:28.034+0400] {processor.py:743} INFO - Processing file /Users/harut/opt/anaconda3/lib/python3.9/site-packages/airflow/example_dags/example_skip_dag.py for tasks to queue
[2023-01-09T14:19:28.035+0400] {logging_mixin.py:137} INFO - [2023-01-09T14:19:28.035+0400] {dagbag.py:538} INFO - Filling up the DagBag from /Users/harut/opt/anaconda3/lib/python3.9/site-packages/airflow/example_dags/example_skip_dag.py
[2023-01-09T14:19:28.054+0400] {processor.py:753} INFO - DAG(s) dict_keys(['example_skip_dag']) retrieved from /Users/harut/opt/anaconda3/lib/python3.9/site-packages/airflow/example_dags/example_skip_dag.py
[2023-01-09T14:19:28.459+0400] {logging_mixin.py:137} INFO - [2023-01-09T14:19:28.458+0400] {dag.py:2676} INFO - Sync 1 DAGs
[2023-01-09T14:19:28.467+0400] {logging_mixin.py:137} INFO - [2023-01-09T14:19:28.467+0400] {dag.py:3423} INFO - Setting next_dagrun for example_skip_dag to 2023-01-08T10:19:28.467544+00:00, run_after=2023-01-09T10:19:28.467544+00:00
[2023-01-09T14:19:28.477+0400] {processor.py:175} INFO - Processing /Users/harut/opt/anaconda3/lib/python3.9/site-packages/airflow/example_dags/example_skip_dag.py took 0.444 seconds
[2023-01-09T14:20:41.773+0400] {processor.py:153} INFO - Started process (PID=12547) to work on /Users/harut/opt/anaconda3/lib/python3.9/site-packages/airflow/example_dags/example_skip_dag.py
[2023-01-09T14:20:41.774+0400] {processor.py:743} INFO - Processing file /Users/harut/opt/anaconda3/lib/python3.9/site-packages/airflow/example_dags/example_skip_dag.py for tasks to queue
[2023-01-09T14:20:41.774+0400] {logging_mixin.py:137} INFO - [2023-01-09T14:20:41.774+0400] {dagbag.py:538} INFO - Filling up the DagBag from /Users/harut/opt/anaconda3/lib/python3.9/site-packages/airflow/example_dags/example_skip_dag.py
[2023-01-09T14:20:41.790+0400] {processor.py:753} INFO - DAG(s) dict_keys(['example_skip_dag']) retrieved from /Users/harut/opt/anaconda3/lib/python3.9/site-packages/airflow/example_dags/example_skip_dag.py
[2023-01-09T14:20:42.160+0400] {logging_mixin.py:137} INFO - [2023-01-09T14:20:42.159+0400] {dag.py:2676} INFO - Sync 1 DAGs
[2023-01-09T14:20:42.168+0400] {logging_mixin.py:137} INFO - [2023-01-09T14:20:42.168+0400] {dag.py:3423} INFO - Setting next_dagrun for example_skip_dag to 2023-01-08T10:20:42.168523+00:00, run_after=2023-01-09T10:20:42.168523+00:00
[2023-01-09T14:20:42.178+0400] {processor.py:175} INFO - Processing /Users/harut/opt/anaconda3/lib/python3.9/site-packages/airflow/example_dags/example_skip_dag.py took 0.405 seconds
[2023-01-09T14:21:56.429+0400] {processor.py:153} INFO - Started process (PID=12595) to work on /Users/harut/opt/anaconda3/lib/python3.9/site-packages/airflow/example_dags/example_skip_dag.py
[2023-01-09T14:21:56.429+0400] {processor.py:743} INFO - Processing file /Users/harut/opt/anaconda3/lib/python3.9/site-packages/airflow/example_dags/example_skip_dag.py for tasks to queue
[2023-01-09T14:21:56.430+0400] {logging_mixin.py:137} INFO - [2023-01-09T14:21:56.430+0400] {dagbag.py:538} INFO - Filling up the DagBag from /Users/harut/opt/anaconda3/lib/python3.9/site-packages/airflow/example_dags/example_skip_dag.py
[2023-01-09T14:21:56.446+0400] {processor.py:753} INFO - DAG(s) dict_keys(['example_skip_dag']) retrieved from /Users/harut/opt/anaconda3/lib/python3.9/site-packages/airflow/example_dags/example_skip_dag.py
[2023-01-09T14:21:56.820+0400] {logging_mixin.py:137} INFO - [2023-01-09T14:21:56.820+0400] {dag.py:2676} INFO - Sync 1 DAGs
[2023-01-09T14:21:56.829+0400] {logging_mixin.py:137} INFO - [2023-01-09T14:21:56.829+0400] {dag.py:3423} INFO - Setting next_dagrun for example_skip_dag to 2023-01-08T10:21:56.829359+00:00, run_after=2023-01-09T10:21:56.829359+00:00
[2023-01-09T14:21:56.838+0400] {processor.py:175} INFO - Processing /Users/harut/opt/anaconda3/lib/python3.9/site-packages/airflow/example_dags/example_skip_dag.py took 0.410 seconds
[2023-01-09T14:23:11.796+0400] {processor.py:153} INFO - Started process (PID=12638) to work on /Users/harut/opt/anaconda3/lib/python3.9/site-packages/airflow/example_dags/example_skip_dag.py
[2023-01-09T14:23:11.796+0400] {processor.py:743} INFO - Processing file /Users/harut/opt/anaconda3/lib/python3.9/site-packages/airflow/example_dags/example_skip_dag.py for tasks to queue
[2023-01-09T14:23:11.796+0400] {logging_mixin.py:137} INFO - [2023-01-09T14:23:11.796+0400] {dagbag.py:538} INFO - Filling up the DagBag from /Users/harut/opt/anaconda3/lib/python3.9/site-packages/airflow/example_dags/example_skip_dag.py
[2023-01-09T14:23:11.812+0400] {processor.py:753} INFO - DAG(s) dict_keys(['example_skip_dag']) retrieved from /Users/harut/opt/anaconda3/lib/python3.9/site-packages/airflow/example_dags/example_skip_dag.py
[2023-01-09T14:23:12.217+0400] {logging_mixin.py:137} INFO - [2023-01-09T14:23:12.216+0400] {dag.py:2676} INFO - Sync 1 DAGs
[2023-01-09T14:23:12.226+0400] {logging_mixin.py:137} INFO - [2023-01-09T14:23:12.226+0400] {dag.py:3423} INFO - Setting next_dagrun for example_skip_dag to 2023-01-08T10:23:12.226031+00:00, run_after=2023-01-09T10:23:12.226031+00:00
[2023-01-09T14:23:12.236+0400] {processor.py:175} INFO - Processing /Users/harut/opt/anaconda3/lib/python3.9/site-packages/airflow/example_dags/example_skip_dag.py took 0.440 seconds
[2023-01-09T14:24:33.246+0400] {processor.py:153} INFO - Started process (PID=12683) to work on /Users/harut/opt/anaconda3/lib/python3.9/site-packages/airflow/example_dags/example_skip_dag.py
[2023-01-09T14:24:33.246+0400] {processor.py:743} INFO - Processing file /Users/harut/opt/anaconda3/lib/python3.9/site-packages/airflow/example_dags/example_skip_dag.py for tasks to queue
[2023-01-09T14:24:33.247+0400] {logging_mixin.py:137} INFO - [2023-01-09T14:24:33.247+0400] {dagbag.py:538} INFO - Filling up the DagBag from /Users/harut/opt/anaconda3/lib/python3.9/site-packages/airflow/example_dags/example_skip_dag.py
[2023-01-09T14:24:33.263+0400] {processor.py:753} INFO - DAG(s) dict_keys(['example_skip_dag']) retrieved from /Users/harut/opt/anaconda3/lib/python3.9/site-packages/airflow/example_dags/example_skip_dag.py
[2023-01-09T14:24:33.637+0400] {logging_mixin.py:137} INFO - [2023-01-09T14:24:33.636+0400] {dag.py:2676} INFO - Sync 1 DAGs
[2023-01-09T14:24:33.646+0400] {logging_mixin.py:137} INFO - [2023-01-09T14:24:33.646+0400] {dag.py:3423} INFO - Setting next_dagrun for example_skip_dag to 2023-01-08T10:24:33.645868+00:00, run_after=2023-01-09T10:24:33.645868+00:00
[2023-01-09T14:24:33.655+0400] {processor.py:175} INFO - Processing /Users/harut/opt/anaconda3/lib/python3.9/site-packages/airflow/example_dags/example_skip_dag.py took 0.410 seconds
[2023-01-09T14:25:51.826+0400] {processor.py:153} INFO - Started process (PID=12727) to work on /Users/harut/opt/anaconda3/lib/python3.9/site-packages/airflow/example_dags/example_skip_dag.py
[2023-01-09T14:25:51.826+0400] {processor.py:743} INFO - Processing file /Users/harut/opt/anaconda3/lib/python3.9/site-packages/airflow/example_dags/example_skip_dag.py for tasks to queue
[2023-01-09T14:25:51.827+0400] {logging_mixin.py:137} INFO - [2023-01-09T14:25:51.826+0400] {dagbag.py:538} INFO - Filling up the DagBag from /Users/harut/opt/anaconda3/lib/python3.9/site-packages/airflow/example_dags/example_skip_dag.py
[2023-01-09T14:25:51.843+0400] {processor.py:753} INFO - DAG(s) dict_keys(['example_skip_dag']) retrieved from /Users/harut/opt/anaconda3/lib/python3.9/site-packages/airflow/example_dags/example_skip_dag.py
[2023-01-09T14:25:52.233+0400] {logging_mixin.py:137} INFO - [2023-01-09T14:25:52.233+0400] {dag.py:2676} INFO - Sync 1 DAGs
[2023-01-09T14:25:52.242+0400] {logging_mixin.py:137} INFO - [2023-01-09T14:25:52.242+0400] {dag.py:3423} INFO - Setting next_dagrun for example_skip_dag to 2023-01-08T10:25:52.242337+00:00, run_after=2023-01-09T10:25:52.242337+00:00
[2023-01-09T14:25:52.252+0400] {processor.py:175} INFO - Processing /Users/harut/opt/anaconda3/lib/python3.9/site-packages/airflow/example_dags/example_skip_dag.py took 0.427 seconds
[2023-01-09T14:27:08.334+0400] {processor.py:153} INFO - Started process (PID=12772) to work on /Users/harut/opt/anaconda3/lib/python3.9/site-packages/airflow/example_dags/example_skip_dag.py
[2023-01-09T14:27:08.335+0400] {processor.py:743} INFO - Processing file /Users/harut/opt/anaconda3/lib/python3.9/site-packages/airflow/example_dags/example_skip_dag.py for tasks to queue
[2023-01-09T14:27:08.335+0400] {logging_mixin.py:137} INFO - [2023-01-09T14:27:08.335+0400] {dagbag.py:538} INFO - Filling up the DagBag from /Users/harut/opt/anaconda3/lib/python3.9/site-packages/airflow/example_dags/example_skip_dag.py
[2023-01-09T14:27:08.352+0400] {processor.py:753} INFO - DAG(s) dict_keys(['example_skip_dag']) retrieved from /Users/harut/opt/anaconda3/lib/python3.9/site-packages/airflow/example_dags/example_skip_dag.py
[2023-01-09T14:27:08.727+0400] {logging_mixin.py:137} INFO - [2023-01-09T14:27:08.727+0400] {dag.py:2676} INFO - Sync 1 DAGs
[2023-01-09T14:27:08.736+0400] {logging_mixin.py:137} INFO - [2023-01-09T14:27:08.736+0400] {dag.py:3423} INFO - Setting next_dagrun for example_skip_dag to 2023-01-08T10:27:08.736270+00:00, run_after=2023-01-09T10:27:08.736270+00:00
[2023-01-09T14:27:08.746+0400] {processor.py:175} INFO - Processing /Users/harut/opt/anaconda3/lib/python3.9/site-packages/airflow/example_dags/example_skip_dag.py took 0.412 seconds
[2023-01-09T14:28:25.489+0400] {processor.py:153} INFO - Started process (PID=12817) to work on /Users/harut/opt/anaconda3/lib/python3.9/site-packages/airflow/example_dags/example_skip_dag.py
[2023-01-09T14:28:25.489+0400] {processor.py:743} INFO - Processing file /Users/harut/opt/anaconda3/lib/python3.9/site-packages/airflow/example_dags/example_skip_dag.py for tasks to queue
[2023-01-09T14:28:25.489+0400] {logging_mixin.py:137} INFO - [2023-01-09T14:28:25.489+0400] {dagbag.py:538} INFO - Filling up the DagBag from /Users/harut/opt/anaconda3/lib/python3.9/site-packages/airflow/example_dags/example_skip_dag.py
[2023-01-09T14:28:25.506+0400] {processor.py:753} INFO - DAG(s) dict_keys(['example_skip_dag']) retrieved from /Users/harut/opt/anaconda3/lib/python3.9/site-packages/airflow/example_dags/example_skip_dag.py
[2023-01-09T14:28:25.885+0400] {logging_mixin.py:137} INFO - [2023-01-09T14:28:25.885+0400] {dag.py:2676} INFO - Sync 1 DAGs
[2023-01-09T14:28:25.894+0400] {logging_mixin.py:137} INFO - [2023-01-09T14:28:25.894+0400] {dag.py:3423} INFO - Setting next_dagrun for example_skip_dag to 2023-01-08T10:28:25.894296+00:00, run_after=2023-01-09T10:28:25.894296+00:00
[2023-01-09T14:28:25.903+0400] {processor.py:175} INFO - Processing /Users/harut/opt/anaconda3/lib/python3.9/site-packages/airflow/example_dags/example_skip_dag.py took 0.415 seconds
[2023-01-09T14:29:43.456+0400] {processor.py:153} INFO - Started process (PID=12856) to work on /Users/harut/opt/anaconda3/lib/python3.9/site-packages/airflow/example_dags/example_skip_dag.py
[2023-01-09T14:29:43.457+0400] {processor.py:743} INFO - Processing file /Users/harut/opt/anaconda3/lib/python3.9/site-packages/airflow/example_dags/example_skip_dag.py for tasks to queue
[2023-01-09T14:29:43.457+0400] {logging_mixin.py:137} INFO - [2023-01-09T14:29:43.457+0400] {dagbag.py:538} INFO - Filling up the DagBag from /Users/harut/opt/anaconda3/lib/python3.9/site-packages/airflow/example_dags/example_skip_dag.py
[2023-01-09T14:29:43.474+0400] {processor.py:753} INFO - DAG(s) dict_keys(['example_skip_dag']) retrieved from /Users/harut/opt/anaconda3/lib/python3.9/site-packages/airflow/example_dags/example_skip_dag.py
[2023-01-09T14:29:43.846+0400] {logging_mixin.py:137} INFO - [2023-01-09T14:29:43.846+0400] {dag.py:2676} INFO - Sync 1 DAGs
[2023-01-09T14:29:43.855+0400] {logging_mixin.py:137} INFO - [2023-01-09T14:29:43.855+0400] {dag.py:3423} INFO - Setting next_dagrun for example_skip_dag to 2023-01-08T10:29:43.855391+00:00, run_after=2023-01-09T10:29:43.855391+00:00
[2023-01-09T14:29:43.864+0400] {processor.py:175} INFO - Processing /Users/harut/opt/anaconda3/lib/python3.9/site-packages/airflow/example_dags/example_skip_dag.py took 0.409 seconds
[2023-01-09T14:30:58.637+0400] {processor.py:153} INFO - Started process (PID=12902) to work on /Users/harut/opt/anaconda3/lib/python3.9/site-packages/airflow/example_dags/example_skip_dag.py
[2023-01-09T14:30:58.638+0400] {processor.py:743} INFO - Processing file /Users/harut/opt/anaconda3/lib/python3.9/site-packages/airflow/example_dags/example_skip_dag.py for tasks to queue
[2023-01-09T14:30:58.638+0400] {logging_mixin.py:137} INFO - [2023-01-09T14:30:58.638+0400] {dagbag.py:538} INFO - Filling up the DagBag from /Users/harut/opt/anaconda3/lib/python3.9/site-packages/airflow/example_dags/example_skip_dag.py
[2023-01-09T14:30:58.654+0400] {processor.py:753} INFO - DAG(s) dict_keys(['example_skip_dag']) retrieved from /Users/harut/opt/anaconda3/lib/python3.9/site-packages/airflow/example_dags/example_skip_dag.py
[2023-01-09T14:30:59.021+0400] {logging_mixin.py:137} INFO - [2023-01-09T14:30:59.021+0400] {dag.py:2676} INFO - Sync 1 DAGs
[2023-01-09T14:30:59.030+0400] {logging_mixin.py:137} INFO - [2023-01-09T14:30:59.030+0400] {dag.py:3423} INFO - Setting next_dagrun for example_skip_dag to 2023-01-08T10:30:59.030254+00:00, run_after=2023-01-09T10:30:59.030254+00:00
[2023-01-09T14:30:59.039+0400] {processor.py:175} INFO - Processing /Users/harut/opt/anaconda3/lib/python3.9/site-packages/airflow/example_dags/example_skip_dag.py took 0.402 seconds
[2023-01-09T14:32:12.952+0400] {processor.py:153} INFO - Started process (PID=12945) to work on /Users/harut/opt/anaconda3/lib/python3.9/site-packages/airflow/example_dags/example_skip_dag.py
[2023-01-09T14:32:12.952+0400] {processor.py:743} INFO - Processing file /Users/harut/opt/anaconda3/lib/python3.9/site-packages/airflow/example_dags/example_skip_dag.py for tasks to queue
[2023-01-09T14:32:12.952+0400] {logging_mixin.py:137} INFO - [2023-01-09T14:32:12.952+0400] {dagbag.py:538} INFO - Filling up the DagBag from /Users/harut/opt/anaconda3/lib/python3.9/site-packages/airflow/example_dags/example_skip_dag.py
[2023-01-09T14:32:12.968+0400] {processor.py:753} INFO - DAG(s) dict_keys(['example_skip_dag']) retrieved from /Users/harut/opt/anaconda3/lib/python3.9/site-packages/airflow/example_dags/example_skip_dag.py
[2023-01-09T14:32:13.333+0400] {logging_mixin.py:137} INFO - [2023-01-09T14:32:13.333+0400] {dag.py:2676} INFO - Sync 1 DAGs
[2023-01-09T14:32:13.341+0400] {logging_mixin.py:137} INFO - [2023-01-09T14:32:13.341+0400] {dag.py:3423} INFO - Setting next_dagrun for example_skip_dag to 2023-01-08T10:32:13.341675+00:00, run_after=2023-01-09T10:32:13.341675+00:00
[2023-01-09T14:32:13.351+0400] {processor.py:175} INFO - Processing /Users/harut/opt/anaconda3/lib/python3.9/site-packages/airflow/example_dags/example_skip_dag.py took 0.399 seconds
[2023-01-09T14:33:30.608+0400] {processor.py:153} INFO - Started process (PID=12994) to work on /Users/harut/opt/anaconda3/lib/python3.9/site-packages/airflow/example_dags/example_skip_dag.py
[2023-01-09T14:33:30.609+0400] {processor.py:743} INFO - Processing file /Users/harut/opt/anaconda3/lib/python3.9/site-packages/airflow/example_dags/example_skip_dag.py for tasks to queue
[2023-01-09T14:33:30.609+0400] {logging_mixin.py:137} INFO - [2023-01-09T14:33:30.609+0400] {dagbag.py:538} INFO - Filling up the DagBag from /Users/harut/opt/anaconda3/lib/python3.9/site-packages/airflow/example_dags/example_skip_dag.py
[2023-01-09T14:33:30.626+0400] {processor.py:753} INFO - DAG(s) dict_keys(['example_skip_dag']) retrieved from /Users/harut/opt/anaconda3/lib/python3.9/site-packages/airflow/example_dags/example_skip_dag.py
[2023-01-09T14:33:31.015+0400] {logging_mixin.py:137} INFO - [2023-01-09T14:33:31.015+0400] {dag.py:2676} INFO - Sync 1 DAGs
[2023-01-09T14:33:31.025+0400] {logging_mixin.py:137} INFO - [2023-01-09T14:33:31.024+0400] {dag.py:3423} INFO - Setting next_dagrun for example_skip_dag to 2023-01-08T10:33:31.024836+00:00, run_after=2023-01-09T10:33:31.024836+00:00
[2023-01-09T14:33:31.035+0400] {processor.py:175} INFO - Processing /Users/harut/opt/anaconda3/lib/python3.9/site-packages/airflow/example_dags/example_skip_dag.py took 0.427 seconds
[2023-01-09T14:34:48.018+0400] {processor.py:153} INFO - Started process (PID=13044) to work on /Users/harut/opt/anaconda3/lib/python3.9/site-packages/airflow/example_dags/example_skip_dag.py
[2023-01-09T14:34:48.019+0400] {processor.py:743} INFO - Processing file /Users/harut/opt/anaconda3/lib/python3.9/site-packages/airflow/example_dags/example_skip_dag.py for tasks to queue
[2023-01-09T14:34:48.019+0400] {logging_mixin.py:137} INFO - [2023-01-09T14:34:48.019+0400] {dagbag.py:538} INFO - Filling up the DagBag from /Users/harut/opt/anaconda3/lib/python3.9/site-packages/airflow/example_dags/example_skip_dag.py
[2023-01-09T14:34:48.037+0400] {processor.py:753} INFO - DAG(s) dict_keys(['example_skip_dag']) retrieved from /Users/harut/opt/anaconda3/lib/python3.9/site-packages/airflow/example_dags/example_skip_dag.py
[2023-01-09T14:34:48.457+0400] {logging_mixin.py:137} INFO - [2023-01-09T14:34:48.457+0400] {dag.py:2676} INFO - Sync 1 DAGs
[2023-01-09T14:34:48.467+0400] {logging_mixin.py:137} INFO - [2023-01-09T14:34:48.467+0400] {dag.py:3423} INFO - Setting next_dagrun for example_skip_dag to 2023-01-08T10:34:48.467394+00:00, run_after=2023-01-09T10:34:48.467394+00:00
[2023-01-09T14:34:48.477+0400] {processor.py:175} INFO - Processing /Users/harut/opt/anaconda3/lib/python3.9/site-packages/airflow/example_dags/example_skip_dag.py took 0.460 seconds
[2023-01-09T14:36:05.855+0400] {processor.py:153} INFO - Started process (PID=13096) to work on /Users/harut/opt/anaconda3/lib/python3.9/site-packages/airflow/example_dags/example_skip_dag.py
[2023-01-09T14:36:05.855+0400] {processor.py:743} INFO - Processing file /Users/harut/opt/anaconda3/lib/python3.9/site-packages/airflow/example_dags/example_skip_dag.py for tasks to queue
[2023-01-09T14:36:05.855+0400] {logging_mixin.py:137} INFO - [2023-01-09T14:36:05.855+0400] {dagbag.py:538} INFO - Filling up the DagBag from /Users/harut/opt/anaconda3/lib/python3.9/site-packages/airflow/example_dags/example_skip_dag.py
[2023-01-09T14:36:05.873+0400] {processor.py:753} INFO - DAG(s) dict_keys(['example_skip_dag']) retrieved from /Users/harut/opt/anaconda3/lib/python3.9/site-packages/airflow/example_dags/example_skip_dag.py
[2023-01-09T14:36:06.266+0400] {logging_mixin.py:137} INFO - [2023-01-09T14:36:06.266+0400] {dag.py:2676} INFO - Sync 1 DAGs
[2023-01-09T14:36:06.276+0400] {logging_mixin.py:137} INFO - [2023-01-09T14:36:06.276+0400] {dag.py:3423} INFO - Setting next_dagrun for example_skip_dag to 2023-01-08T10:36:06.276578+00:00, run_after=2023-01-09T10:36:06.276578+00:00
[2023-01-09T14:36:06.287+0400] {processor.py:175} INFO - Processing /Users/harut/opt/anaconda3/lib/python3.9/site-packages/airflow/example_dags/example_skip_dag.py took 0.433 seconds
[2023-01-09T14:37:23.093+0400] {processor.py:153} INFO - Started process (PID=13137) to work on /Users/harut/opt/anaconda3/lib/python3.9/site-packages/airflow/example_dags/example_skip_dag.py
[2023-01-09T14:37:23.094+0400] {processor.py:743} INFO - Processing file /Users/harut/opt/anaconda3/lib/python3.9/site-packages/airflow/example_dags/example_skip_dag.py for tasks to queue
[2023-01-09T14:37:23.094+0400] {logging_mixin.py:137} INFO - [2023-01-09T14:37:23.094+0400] {dagbag.py:538} INFO - Filling up the DagBag from /Users/harut/opt/anaconda3/lib/python3.9/site-packages/airflow/example_dags/example_skip_dag.py
[2023-01-09T14:37:23.110+0400] {processor.py:753} INFO - DAG(s) dict_keys(['example_skip_dag']) retrieved from /Users/harut/opt/anaconda3/lib/python3.9/site-packages/airflow/example_dags/example_skip_dag.py
[2023-01-09T14:37:23.477+0400] {logging_mixin.py:137} INFO - [2023-01-09T14:37:23.477+0400] {dag.py:2676} INFO - Sync 1 DAGs
[2023-01-09T14:37:23.486+0400] {logging_mixin.py:137} INFO - [2023-01-09T14:37:23.486+0400] {dag.py:3423} INFO - Setting next_dagrun for example_skip_dag to 2023-01-08T10:37:23.486522+00:00, run_after=2023-01-09T10:37:23.486522+00:00
[2023-01-09T14:37:23.496+0400] {processor.py:175} INFO - Processing /Users/harut/opt/anaconda3/lib/python3.9/site-packages/airflow/example_dags/example_skip_dag.py took 0.403 seconds
[2023-01-09T14:38:39.493+0400] {processor.py:153} INFO - Started process (PID=13183) to work on /Users/harut/opt/anaconda3/lib/python3.9/site-packages/airflow/example_dags/example_skip_dag.py
[2023-01-09T14:38:39.493+0400] {processor.py:743} INFO - Processing file /Users/harut/opt/anaconda3/lib/python3.9/site-packages/airflow/example_dags/example_skip_dag.py for tasks to queue
[2023-01-09T14:38:39.493+0400] {logging_mixin.py:137} INFO - [2023-01-09T14:38:39.493+0400] {dagbag.py:538} INFO - Filling up the DagBag from /Users/harut/opt/anaconda3/lib/python3.9/site-packages/airflow/example_dags/example_skip_dag.py
[2023-01-09T14:38:39.509+0400] {processor.py:753} INFO - DAG(s) dict_keys(['example_skip_dag']) retrieved from /Users/harut/opt/anaconda3/lib/python3.9/site-packages/airflow/example_dags/example_skip_dag.py
[2023-01-09T14:38:39.884+0400] {logging_mixin.py:137} INFO - [2023-01-09T14:38:39.884+0400] {dag.py:2676} INFO - Sync 1 DAGs
[2023-01-09T14:38:39.893+0400] {logging_mixin.py:137} INFO - [2023-01-09T14:38:39.893+0400] {dag.py:3423} INFO - Setting next_dagrun for example_skip_dag to 2023-01-08T10:38:39.893273+00:00, run_after=2023-01-09T10:38:39.893273+00:00
[2023-01-09T14:38:39.902+0400] {processor.py:175} INFO - Processing /Users/harut/opt/anaconda3/lib/python3.9/site-packages/airflow/example_dags/example_skip_dag.py took 0.410 seconds
[2023-01-09T14:39:56.723+0400] {processor.py:153} INFO - Started process (PID=13225) to work on /Users/harut/opt/anaconda3/lib/python3.9/site-packages/airflow/example_dags/example_skip_dag.py
[2023-01-09T14:39:56.724+0400] {processor.py:743} INFO - Processing file /Users/harut/opt/anaconda3/lib/python3.9/site-packages/airflow/example_dags/example_skip_dag.py for tasks to queue
[2023-01-09T14:39:56.724+0400] {logging_mixin.py:137} INFO - [2023-01-09T14:39:56.724+0400] {dagbag.py:538} INFO - Filling up the DagBag from /Users/harut/opt/anaconda3/lib/python3.9/site-packages/airflow/example_dags/example_skip_dag.py
[2023-01-09T14:39:56.740+0400] {processor.py:753} INFO - DAG(s) dict_keys(['example_skip_dag']) retrieved from /Users/harut/opt/anaconda3/lib/python3.9/site-packages/airflow/example_dags/example_skip_dag.py
[2023-01-09T14:39:57.110+0400] {logging_mixin.py:137} INFO - [2023-01-09T14:39:57.110+0400] {dag.py:2676} INFO - Sync 1 DAGs
[2023-01-09T14:39:57.120+0400] {logging_mixin.py:137} INFO - [2023-01-09T14:39:57.120+0400] {dag.py:3423} INFO - Setting next_dagrun for example_skip_dag to 2023-01-08T10:39:57.120337+00:00, run_after=2023-01-09T10:39:57.120337+00:00
[2023-01-09T14:39:57.130+0400] {processor.py:175} INFO - Processing /Users/harut/opt/anaconda3/lib/python3.9/site-packages/airflow/example_dags/example_skip_dag.py took 0.407 seconds
[2023-01-09T14:41:12.733+0400] {processor.py:153} INFO - Started process (PID=13271) to work on /Users/harut/opt/anaconda3/lib/python3.9/site-packages/airflow/example_dags/example_skip_dag.py
[2023-01-09T14:41:12.733+0400] {processor.py:743} INFO - Processing file /Users/harut/opt/anaconda3/lib/python3.9/site-packages/airflow/example_dags/example_skip_dag.py for tasks to queue
[2023-01-09T14:41:12.734+0400] {logging_mixin.py:137} INFO - [2023-01-09T14:41:12.734+0400] {dagbag.py:538} INFO - Filling up the DagBag from /Users/harut/opt/anaconda3/lib/python3.9/site-packages/airflow/example_dags/example_skip_dag.py
[2023-01-09T14:41:12.750+0400] {processor.py:753} INFO - DAG(s) dict_keys(['example_skip_dag']) retrieved from /Users/harut/opt/anaconda3/lib/python3.9/site-packages/airflow/example_dags/example_skip_dag.py
[2023-01-09T14:41:13.132+0400] {logging_mixin.py:137} INFO - [2023-01-09T14:41:13.132+0400] {dag.py:2676} INFO - Sync 1 DAGs
[2023-01-09T14:41:13.141+0400] {logging_mixin.py:137} INFO - [2023-01-09T14:41:13.141+0400] {dag.py:3423} INFO - Setting next_dagrun for example_skip_dag to 2023-01-08T10:41:13.141677+00:00, run_after=2023-01-09T10:41:13.141677+00:00
[2023-01-09T14:41:13.151+0400] {processor.py:175} INFO - Processing /Users/harut/opt/anaconda3/lib/python3.9/site-packages/airflow/example_dags/example_skip_dag.py took 0.418 seconds
[2023-01-09T14:42:29.438+0400] {processor.py:153} INFO - Started process (PID=13316) to work on /Users/harut/opt/anaconda3/lib/python3.9/site-packages/airflow/example_dags/example_skip_dag.py
[2023-01-09T14:42:29.439+0400] {processor.py:743} INFO - Processing file /Users/harut/opt/anaconda3/lib/python3.9/site-packages/airflow/example_dags/example_skip_dag.py for tasks to queue
[2023-01-09T14:42:29.439+0400] {logging_mixin.py:137} INFO - [2023-01-09T14:42:29.439+0400] {dagbag.py:538} INFO - Filling up the DagBag from /Users/harut/opt/anaconda3/lib/python3.9/site-packages/airflow/example_dags/example_skip_dag.py
[2023-01-09T14:42:29.455+0400] {processor.py:753} INFO - DAG(s) dict_keys(['example_skip_dag']) retrieved from /Users/harut/opt/anaconda3/lib/python3.9/site-packages/airflow/example_dags/example_skip_dag.py
[2023-01-09T14:42:29.826+0400] {logging_mixin.py:137} INFO - [2023-01-09T14:42:29.826+0400] {dag.py:2676} INFO - Sync 1 DAGs
[2023-01-09T14:42:29.835+0400] {logging_mixin.py:137} INFO - [2023-01-09T14:42:29.835+0400] {dag.py:3423} INFO - Setting next_dagrun for example_skip_dag to 2023-01-08T10:42:29.835324+00:00, run_after=2023-01-09T10:42:29.835324+00:00
[2023-01-09T14:42:29.845+0400] {processor.py:175} INFO - Processing /Users/harut/opt/anaconda3/lib/python3.9/site-packages/airflow/example_dags/example_skip_dag.py took 0.407 seconds
[2023-01-09T14:43:45.586+0400] {processor.py:153} INFO - Started process (PID=13359) to work on /Users/harut/opt/anaconda3/lib/python3.9/site-packages/airflow/example_dags/example_skip_dag.py
[2023-01-09T14:43:45.586+0400] {processor.py:743} INFO - Processing file /Users/harut/opt/anaconda3/lib/python3.9/site-packages/airflow/example_dags/example_skip_dag.py for tasks to queue
[2023-01-09T14:43:45.586+0400] {logging_mixin.py:137} INFO - [2023-01-09T14:43:45.586+0400] {dagbag.py:538} INFO - Filling up the DagBag from /Users/harut/opt/anaconda3/lib/python3.9/site-packages/airflow/example_dags/example_skip_dag.py
[2023-01-09T14:43:45.603+0400] {processor.py:753} INFO - DAG(s) dict_keys(['example_skip_dag']) retrieved from /Users/harut/opt/anaconda3/lib/python3.9/site-packages/airflow/example_dags/example_skip_dag.py
[2023-01-09T14:43:45.974+0400] {logging_mixin.py:137} INFO - [2023-01-09T14:43:45.974+0400] {dag.py:2676} INFO - Sync 1 DAGs
[2023-01-09T14:43:45.983+0400] {logging_mixin.py:137} INFO - [2023-01-09T14:43:45.983+0400] {dag.py:3423} INFO - Setting next_dagrun for example_skip_dag to 2023-01-08T10:43:45.983565+00:00, run_after=2023-01-09T10:43:45.983565+00:00
[2023-01-09T14:43:45.993+0400] {processor.py:175} INFO - Processing /Users/harut/opt/anaconda3/lib/python3.9/site-packages/airflow/example_dags/example_skip_dag.py took 0.408 seconds
[2023-01-09T14:45:06.225+0400] {processor.py:153} INFO - Started process (PID=13406) to work on /Users/harut/opt/anaconda3/lib/python3.9/site-packages/airflow/example_dags/example_skip_dag.py
[2023-01-09T14:45:06.226+0400] {processor.py:743} INFO - Processing file /Users/harut/opt/anaconda3/lib/python3.9/site-packages/airflow/example_dags/example_skip_dag.py for tasks to queue
[2023-01-09T14:45:06.226+0400] {logging_mixin.py:137} INFO - [2023-01-09T14:45:06.226+0400] {dagbag.py:538} INFO - Filling up the DagBag from /Users/harut/opt/anaconda3/lib/python3.9/site-packages/airflow/example_dags/example_skip_dag.py
[2023-01-09T14:45:06.242+0400] {processor.py:753} INFO - DAG(s) dict_keys(['example_skip_dag']) retrieved from /Users/harut/opt/anaconda3/lib/python3.9/site-packages/airflow/example_dags/example_skip_dag.py
[2023-01-09T14:45:06.636+0400] {logging_mixin.py:137} INFO - [2023-01-09T14:45:06.636+0400] {dag.py:2676} INFO - Sync 1 DAGs
[2023-01-09T14:45:06.646+0400] {logging_mixin.py:137} INFO - [2023-01-09T14:45:06.646+0400] {dag.py:3423} INFO - Setting next_dagrun for example_skip_dag to 2023-01-08T10:45:06.646224+00:00, run_after=2023-01-09T10:45:06.646224+00:00
[2023-01-09T14:45:06.656+0400] {processor.py:175} INFO - Processing /Users/harut/opt/anaconda3/lib/python3.9/site-packages/airflow/example_dags/example_skip_dag.py took 0.431 seconds
[2023-01-09T14:46:23.832+0400] {processor.py:153} INFO - Started process (PID=13454) to work on /Users/harut/opt/anaconda3/lib/python3.9/site-packages/airflow/example_dags/example_skip_dag.py
[2023-01-09T14:46:23.833+0400] {processor.py:743} INFO - Processing file /Users/harut/opt/anaconda3/lib/python3.9/site-packages/airflow/example_dags/example_skip_dag.py for tasks to queue
[2023-01-09T14:46:23.833+0400] {logging_mixin.py:137} INFO - [2023-01-09T14:46:23.833+0400] {dagbag.py:538} INFO - Filling up the DagBag from /Users/harut/opt/anaconda3/lib/python3.9/site-packages/airflow/example_dags/example_skip_dag.py
[2023-01-09T14:46:23.854+0400] {processor.py:753} INFO - DAG(s) dict_keys(['example_skip_dag']) retrieved from /Users/harut/opt/anaconda3/lib/python3.9/site-packages/airflow/example_dags/example_skip_dag.py
[2023-01-09T14:46:24.284+0400] {logging_mixin.py:137} INFO - [2023-01-09T14:46:24.284+0400] {dag.py:2676} INFO - Sync 1 DAGs
[2023-01-09T14:46:24.293+0400] {logging_mixin.py:137} INFO - [2023-01-09T14:46:24.293+0400] {dag.py:3423} INFO - Setting next_dagrun for example_skip_dag to 2023-01-08T10:46:24.293246+00:00, run_after=2023-01-09T10:46:24.293246+00:00
[2023-01-09T14:46:24.303+0400] {processor.py:175} INFO - Processing /Users/harut/opt/anaconda3/lib/python3.9/site-packages/airflow/example_dags/example_skip_dag.py took 0.471 seconds
[2023-01-09T14:47:43.904+0400] {processor.py:153} INFO - Started process (PID=13512) to work on /Users/harut/opt/anaconda3/lib/python3.9/site-packages/airflow/example_dags/example_skip_dag.py
[2023-01-09T14:47:43.905+0400] {processor.py:743} INFO - Processing file /Users/harut/opt/anaconda3/lib/python3.9/site-packages/airflow/example_dags/example_skip_dag.py for tasks to queue
[2023-01-09T14:47:43.905+0400] {logging_mixin.py:137} INFO - [2023-01-09T14:47:43.905+0400] {dagbag.py:538} INFO - Filling up the DagBag from /Users/harut/opt/anaconda3/lib/python3.9/site-packages/airflow/example_dags/example_skip_dag.py
[2023-01-09T14:47:43.923+0400] {processor.py:753} INFO - DAG(s) dict_keys(['example_skip_dag']) retrieved from /Users/harut/opt/anaconda3/lib/python3.9/site-packages/airflow/example_dags/example_skip_dag.py
[2023-01-09T14:47:44.336+0400] {logging_mixin.py:137} INFO - [2023-01-09T14:47:44.336+0400] {dag.py:2676} INFO - Sync 1 DAGs
[2023-01-09T14:47:44.346+0400] {logging_mixin.py:137} INFO - [2023-01-09T14:47:44.346+0400] {dag.py:3423} INFO - Setting next_dagrun for example_skip_dag to 2023-01-08T10:47:44.346056+00:00, run_after=2023-01-09T10:47:44.346056+00:00
[2023-01-09T14:47:44.356+0400] {processor.py:175} INFO - Processing /Users/harut/opt/anaconda3/lib/python3.9/site-packages/airflow/example_dags/example_skip_dag.py took 0.452 seconds
[2023-01-09T14:49:06.762+0400] {processor.py:153} INFO - Started process (PID=13557) to work on /Users/harut/opt/anaconda3/lib/python3.9/site-packages/airflow/example_dags/example_skip_dag.py
[2023-01-09T14:49:06.762+0400] {processor.py:743} INFO - Processing file /Users/harut/opt/anaconda3/lib/python3.9/site-packages/airflow/example_dags/example_skip_dag.py for tasks to queue
[2023-01-09T14:49:06.763+0400] {logging_mixin.py:137} INFO - [2023-01-09T14:49:06.763+0400] {dagbag.py:538} INFO - Filling up the DagBag from /Users/harut/opt/anaconda3/lib/python3.9/site-packages/airflow/example_dags/example_skip_dag.py
[2023-01-09T14:49:06.781+0400] {processor.py:753} INFO - DAG(s) dict_keys(['example_skip_dag']) retrieved from /Users/harut/opt/anaconda3/lib/python3.9/site-packages/airflow/example_dags/example_skip_dag.py
[2023-01-09T14:49:07.216+0400] {logging_mixin.py:137} INFO - [2023-01-09T14:49:07.216+0400] {dag.py:2676} INFO - Sync 1 DAGs
[2023-01-09T14:49:07.228+0400] {logging_mixin.py:137} INFO - [2023-01-09T14:49:07.228+0400] {dag.py:3423} INFO - Setting next_dagrun for example_skip_dag to 2023-01-08T10:49:07.227935+00:00, run_after=2023-01-09T10:49:07.227935+00:00
[2023-01-09T14:49:07.240+0400] {processor.py:175} INFO - Processing /Users/harut/opt/anaconda3/lib/python3.9/site-packages/airflow/example_dags/example_skip_dag.py took 0.479 seconds
[2023-01-09T14:50:29.085+0400] {processor.py:153} INFO - Started process (PID=13604) to work on /Users/harut/opt/anaconda3/lib/python3.9/site-packages/airflow/example_dags/example_skip_dag.py
[2023-01-09T14:50:29.085+0400] {processor.py:743} INFO - Processing file /Users/harut/opt/anaconda3/lib/python3.9/site-packages/airflow/example_dags/example_skip_dag.py for tasks to queue
[2023-01-09T14:50:29.086+0400] {logging_mixin.py:137} INFO - [2023-01-09T14:50:29.086+0400] {dagbag.py:538} INFO - Filling up the DagBag from /Users/harut/opt/anaconda3/lib/python3.9/site-packages/airflow/example_dags/example_skip_dag.py
[2023-01-09T14:50:29.103+0400] {processor.py:753} INFO - DAG(s) dict_keys(['example_skip_dag']) retrieved from /Users/harut/opt/anaconda3/lib/python3.9/site-packages/airflow/example_dags/example_skip_dag.py
[2023-01-09T14:50:29.485+0400] {logging_mixin.py:137} INFO - [2023-01-09T14:50:29.485+0400] {dag.py:2676} INFO - Sync 1 DAGs
[2023-01-09T14:50:29.494+0400] {logging_mixin.py:137} INFO - [2023-01-09T14:50:29.494+0400] {dag.py:3423} INFO - Setting next_dagrun for example_skip_dag to 2023-01-08T10:50:29.494200+00:00, run_after=2023-01-09T10:50:29.494200+00:00
[2023-01-09T14:50:29.503+0400] {processor.py:175} INFO - Processing /Users/harut/opt/anaconda3/lib/python3.9/site-packages/airflow/example_dags/example_skip_dag.py took 0.419 seconds
[2023-01-09T14:51:48.633+0400] {processor.py:153} INFO - Started process (PID=13656) to work on /Users/harut/opt/anaconda3/lib/python3.9/site-packages/airflow/example_dags/example_skip_dag.py
[2023-01-09T14:51:48.634+0400] {processor.py:743} INFO - Processing file /Users/harut/opt/anaconda3/lib/python3.9/site-packages/airflow/example_dags/example_skip_dag.py for tasks to queue
[2023-01-09T14:51:48.634+0400] {logging_mixin.py:137} INFO - [2023-01-09T14:51:48.634+0400] {dagbag.py:538} INFO - Filling up the DagBag from /Users/harut/opt/anaconda3/lib/python3.9/site-packages/airflow/example_dags/example_skip_dag.py
[2023-01-09T14:51:48.650+0400] {processor.py:753} INFO - DAG(s) dict_keys(['example_skip_dag']) retrieved from /Users/harut/opt/anaconda3/lib/python3.9/site-packages/airflow/example_dags/example_skip_dag.py
[2023-01-09T14:51:49.039+0400] {logging_mixin.py:137} INFO - [2023-01-09T14:51:49.039+0400] {dag.py:2676} INFO - Sync 1 DAGs
[2023-01-09T14:51:49.049+0400] {logging_mixin.py:137} INFO - [2023-01-09T14:51:49.049+0400] {dag.py:3423} INFO - Setting next_dagrun for example_skip_dag to 2023-01-08T10:51:49.049123+00:00, run_after=2023-01-09T10:51:49.049123+00:00
[2023-01-09T14:51:49.059+0400] {processor.py:175} INFO - Processing /Users/harut/opt/anaconda3/lib/python3.9/site-packages/airflow/example_dags/example_skip_dag.py took 0.426 seconds
[2023-01-09T14:53:08.853+0400] {processor.py:153} INFO - Started process (PID=13697) to work on /Users/harut/opt/anaconda3/lib/python3.9/site-packages/airflow/example_dags/example_skip_dag.py
[2023-01-09T14:53:08.853+0400] {processor.py:743} INFO - Processing file /Users/harut/opt/anaconda3/lib/python3.9/site-packages/airflow/example_dags/example_skip_dag.py for tasks to queue
[2023-01-09T14:53:08.854+0400] {logging_mixin.py:137} INFO - [2023-01-09T14:53:08.854+0400] {dagbag.py:538} INFO - Filling up the DagBag from /Users/harut/opt/anaconda3/lib/python3.9/site-packages/airflow/example_dags/example_skip_dag.py
[2023-01-09T14:53:08.870+0400] {processor.py:753} INFO - DAG(s) dict_keys(['example_skip_dag']) retrieved from /Users/harut/opt/anaconda3/lib/python3.9/site-packages/airflow/example_dags/example_skip_dag.py
[2023-01-09T14:53:09.238+0400] {logging_mixin.py:137} INFO - [2023-01-09T14:53:09.238+0400] {dag.py:2676} INFO - Sync 1 DAGs
[2023-01-09T14:53:09.247+0400] {logging_mixin.py:137} INFO - [2023-01-09T14:53:09.247+0400] {dag.py:3423} INFO - Setting next_dagrun for example_skip_dag to 2023-01-08T10:53:09.247474+00:00, run_after=2023-01-09T10:53:09.247474+00:00
[2023-01-09T14:53:09.257+0400] {processor.py:175} INFO - Processing /Users/harut/opt/anaconda3/lib/python3.9/site-packages/airflow/example_dags/example_skip_dag.py took 0.404 seconds
[2023-01-09T14:54:29.883+0400] {processor.py:153} INFO - Started process (PID=13745) to work on /Users/harut/opt/anaconda3/lib/python3.9/site-packages/airflow/example_dags/example_skip_dag.py
[2023-01-09T14:54:29.884+0400] {processor.py:743} INFO - Processing file /Users/harut/opt/anaconda3/lib/python3.9/site-packages/airflow/example_dags/example_skip_dag.py for tasks to queue
[2023-01-09T14:54:29.884+0400] {logging_mixin.py:137} INFO - [2023-01-09T14:54:29.884+0400] {dagbag.py:538} INFO - Filling up the DagBag from /Users/harut/opt/anaconda3/lib/python3.9/site-packages/airflow/example_dags/example_skip_dag.py
[2023-01-09T14:54:29.902+0400] {processor.py:753} INFO - DAG(s) dict_keys(['example_skip_dag']) retrieved from /Users/harut/opt/anaconda3/lib/python3.9/site-packages/airflow/example_dags/example_skip_dag.py
[2023-01-09T14:54:30.312+0400] {logging_mixin.py:137} INFO - [2023-01-09T14:54:30.312+0400] {dag.py:2676} INFO - Sync 1 DAGs
[2023-01-09T14:54:30.322+0400] {logging_mixin.py:137} INFO - [2023-01-09T14:54:30.322+0400] {dag.py:3423} INFO - Setting next_dagrun for example_skip_dag to 2023-01-08T10:54:30.322514+00:00, run_after=2023-01-09T10:54:30.322514+00:00
[2023-01-09T14:54:30.335+0400] {processor.py:175} INFO - Processing /Users/harut/opt/anaconda3/lib/python3.9/site-packages/airflow/example_dags/example_skip_dag.py took 0.453 seconds
[2023-01-09T14:55:51.922+0400] {processor.py:153} INFO - Started process (PID=13789) to work on /Users/harut/opt/anaconda3/lib/python3.9/site-packages/airflow/example_dags/example_skip_dag.py
[2023-01-09T14:55:51.923+0400] {processor.py:743} INFO - Processing file /Users/harut/opt/anaconda3/lib/python3.9/site-packages/airflow/example_dags/example_skip_dag.py for tasks to queue
[2023-01-09T14:55:51.923+0400] {logging_mixin.py:137} INFO - [2023-01-09T14:55:51.923+0400] {dagbag.py:538} INFO - Filling up the DagBag from /Users/harut/opt/anaconda3/lib/python3.9/site-packages/airflow/example_dags/example_skip_dag.py
[2023-01-09T14:55:51.939+0400] {processor.py:753} INFO - DAG(s) dict_keys(['example_skip_dag']) retrieved from /Users/harut/opt/anaconda3/lib/python3.9/site-packages/airflow/example_dags/example_skip_dag.py
[2023-01-09T14:55:52.309+0400] {logging_mixin.py:137} INFO - [2023-01-09T14:55:52.309+0400] {dag.py:2676} INFO - Sync 1 DAGs
[2023-01-09T14:55:52.318+0400] {logging_mixin.py:137} INFO - [2023-01-09T14:55:52.318+0400] {dag.py:3423} INFO - Setting next_dagrun for example_skip_dag to 2023-01-08T10:55:52.318156+00:00, run_after=2023-01-09T10:55:52.318156+00:00
[2023-01-09T14:55:52.327+0400] {processor.py:175} INFO - Processing /Users/harut/opt/anaconda3/lib/python3.9/site-packages/airflow/example_dags/example_skip_dag.py took 0.405 seconds
[2023-01-09T14:57:13.904+0400] {processor.py:153} INFO - Started process (PID=13835) to work on /Users/harut/opt/anaconda3/lib/python3.9/site-packages/airflow/example_dags/example_skip_dag.py
[2023-01-09T14:57:13.904+0400] {processor.py:743} INFO - Processing file /Users/harut/opt/anaconda3/lib/python3.9/site-packages/airflow/example_dags/example_skip_dag.py for tasks to queue
[2023-01-09T14:57:13.905+0400] {logging_mixin.py:137} INFO - [2023-01-09T14:57:13.904+0400] {dagbag.py:538} INFO - Filling up the DagBag from /Users/harut/opt/anaconda3/lib/python3.9/site-packages/airflow/example_dags/example_skip_dag.py
[2023-01-09T14:57:13.921+0400] {processor.py:753} INFO - DAG(s) dict_keys(['example_skip_dag']) retrieved from /Users/harut/opt/anaconda3/lib/python3.9/site-packages/airflow/example_dags/example_skip_dag.py
[2023-01-09T14:57:14.291+0400] {logging_mixin.py:137} INFO - [2023-01-09T14:57:14.291+0400] {dag.py:2676} INFO - Sync 1 DAGs
[2023-01-09T14:57:14.300+0400] {logging_mixin.py:137} INFO - [2023-01-09T14:57:14.300+0400] {dag.py:3423} INFO - Setting next_dagrun for example_skip_dag to 2023-01-08T10:57:14.299949+00:00, run_after=2023-01-09T10:57:14.299949+00:00
[2023-01-09T14:57:14.309+0400] {processor.py:175} INFO - Processing /Users/harut/opt/anaconda3/lib/python3.9/site-packages/airflow/example_dags/example_skip_dag.py took 0.405 seconds
[2023-01-09T14:58:34.893+0400] {processor.py:153} INFO - Started process (PID=13877) to work on /Users/harut/opt/anaconda3/lib/python3.9/site-packages/airflow/example_dags/example_skip_dag.py
[2023-01-09T14:58:34.894+0400] {processor.py:743} INFO - Processing file /Users/harut/opt/anaconda3/lib/python3.9/site-packages/airflow/example_dags/example_skip_dag.py for tasks to queue
[2023-01-09T14:58:34.894+0400] {logging_mixin.py:137} INFO - [2023-01-09T14:58:34.894+0400] {dagbag.py:538} INFO - Filling up the DagBag from /Users/harut/opt/anaconda3/lib/python3.9/site-packages/airflow/example_dags/example_skip_dag.py
[2023-01-09T14:58:34.910+0400] {processor.py:753} INFO - DAG(s) dict_keys(['example_skip_dag']) retrieved from /Users/harut/opt/anaconda3/lib/python3.9/site-packages/airflow/example_dags/example_skip_dag.py
[2023-01-09T14:58:35.276+0400] {logging_mixin.py:137} INFO - [2023-01-09T14:58:35.276+0400] {dag.py:2676} INFO - Sync 1 DAGs
[2023-01-09T14:58:35.285+0400] {logging_mixin.py:137} INFO - [2023-01-09T14:58:35.285+0400] {dag.py:3423} INFO - Setting next_dagrun for example_skip_dag to 2023-01-08T10:58:35.284892+00:00, run_after=2023-01-09T10:58:35.284892+00:00
[2023-01-09T14:58:35.294+0400] {processor.py:175} INFO - Processing /Users/harut/opt/anaconda3/lib/python3.9/site-packages/airflow/example_dags/example_skip_dag.py took 0.401 seconds
[2023-01-09T14:59:56.205+0400] {processor.py:153} INFO - Started process (PID=13923) to work on /Users/harut/opt/anaconda3/lib/python3.9/site-packages/airflow/example_dags/example_skip_dag.py
[2023-01-09T14:59:56.205+0400] {processor.py:743} INFO - Processing file /Users/harut/opt/anaconda3/lib/python3.9/site-packages/airflow/example_dags/example_skip_dag.py for tasks to queue
[2023-01-09T14:59:56.206+0400] {logging_mixin.py:137} INFO - [2023-01-09T14:59:56.206+0400] {dagbag.py:538} INFO - Filling up the DagBag from /Users/harut/opt/anaconda3/lib/python3.9/site-packages/airflow/example_dags/example_skip_dag.py
[2023-01-09T14:59:56.222+0400] {processor.py:753} INFO - DAG(s) dict_keys(['example_skip_dag']) retrieved from /Users/harut/opt/anaconda3/lib/python3.9/site-packages/airflow/example_dags/example_skip_dag.py
[2023-01-09T14:59:56.588+0400] {logging_mixin.py:137} INFO - [2023-01-09T14:59:56.588+0400] {dag.py:2676} INFO - Sync 1 DAGs
[2023-01-09T14:59:56.597+0400] {logging_mixin.py:137} INFO - [2023-01-09T14:59:56.597+0400] {dag.py:3423} INFO - Setting next_dagrun for example_skip_dag to 2023-01-08T10:59:56.597141+00:00, run_after=2023-01-09T10:59:56.597141+00:00
[2023-01-09T14:59:56.606+0400] {processor.py:175} INFO - Processing /Users/harut/opt/anaconda3/lib/python3.9/site-packages/airflow/example_dags/example_skip_dag.py took 0.402 seconds
[2023-01-09T15:01:16.373+0400] {processor.py:153} INFO - Started process (PID=13967) to work on /Users/harut/opt/anaconda3/lib/python3.9/site-packages/airflow/example_dags/example_skip_dag.py
[2023-01-09T15:01:16.373+0400] {processor.py:743} INFO - Processing file /Users/harut/opt/anaconda3/lib/python3.9/site-packages/airflow/example_dags/example_skip_dag.py for tasks to queue
[2023-01-09T15:01:16.374+0400] {logging_mixin.py:137} INFO - [2023-01-09T15:01:16.374+0400] {dagbag.py:538} INFO - Filling up the DagBag from /Users/harut/opt/anaconda3/lib/python3.9/site-packages/airflow/example_dags/example_skip_dag.py
[2023-01-09T15:01:16.391+0400] {processor.py:753} INFO - DAG(s) dict_keys(['example_skip_dag']) retrieved from /Users/harut/opt/anaconda3/lib/python3.9/site-packages/airflow/example_dags/example_skip_dag.py
[2023-01-09T15:01:16.796+0400] {logging_mixin.py:137} INFO - [2023-01-09T15:01:16.795+0400] {dag.py:2676} INFO - Sync 1 DAGs
[2023-01-09T15:01:16.805+0400] {logging_mixin.py:137} INFO - [2023-01-09T15:01:16.805+0400] {dag.py:3423} INFO - Setting next_dagrun for example_skip_dag to 2023-01-08T11:01:16.805294+00:00, run_after=2023-01-09T11:01:16.805294+00:00
[2023-01-09T15:01:16.814+0400] {processor.py:175} INFO - Processing /Users/harut/opt/anaconda3/lib/python3.9/site-packages/airflow/example_dags/example_skip_dag.py took 0.442 seconds
[2023-01-09T15:02:38.690+0400] {processor.py:153} INFO - Started process (PID=14013) to work on /Users/harut/opt/anaconda3/lib/python3.9/site-packages/airflow/example_dags/example_skip_dag.py
[2023-01-09T15:02:38.690+0400] {processor.py:743} INFO - Processing file /Users/harut/opt/anaconda3/lib/python3.9/site-packages/airflow/example_dags/example_skip_dag.py for tasks to queue
[2023-01-09T15:02:38.691+0400] {logging_mixin.py:137} INFO - [2023-01-09T15:02:38.691+0400] {dagbag.py:538} INFO - Filling up the DagBag from /Users/harut/opt/anaconda3/lib/python3.9/site-packages/airflow/example_dags/example_skip_dag.py
[2023-01-09T15:02:38.707+0400] {processor.py:753} INFO - DAG(s) dict_keys(['example_skip_dag']) retrieved from /Users/harut/opt/anaconda3/lib/python3.9/site-packages/airflow/example_dags/example_skip_dag.py
[2023-01-09T15:02:39.111+0400] {logging_mixin.py:137} INFO - [2023-01-09T15:02:39.111+0400] {dag.py:2676} INFO - Sync 1 DAGs
[2023-01-09T15:02:39.120+0400] {logging_mixin.py:137} INFO - [2023-01-09T15:02:39.120+0400] {dag.py:3423} INFO - Setting next_dagrun for example_skip_dag to 2023-01-08T11:02:39.120493+00:00, run_after=2023-01-09T11:02:39.120493+00:00
[2023-01-09T15:02:39.130+0400] {processor.py:175} INFO - Processing /Users/harut/opt/anaconda3/lib/python3.9/site-packages/airflow/example_dags/example_skip_dag.py took 0.441 seconds
[2023-01-09T15:03:59.297+0400] {processor.py:153} INFO - Started process (PID=14062) to work on /Users/harut/opt/anaconda3/lib/python3.9/site-packages/airflow/example_dags/example_skip_dag.py
[2023-01-09T15:03:59.298+0400] {processor.py:743} INFO - Processing file /Users/harut/opt/anaconda3/lib/python3.9/site-packages/airflow/example_dags/example_skip_dag.py for tasks to queue
[2023-01-09T15:03:59.298+0400] {logging_mixin.py:137} INFO - [2023-01-09T15:03:59.298+0400] {dagbag.py:538} INFO - Filling up the DagBag from /Users/harut/opt/anaconda3/lib/python3.9/site-packages/airflow/example_dags/example_skip_dag.py
[2023-01-09T15:03:59.315+0400] {processor.py:753} INFO - DAG(s) dict_keys(['example_skip_dag']) retrieved from /Users/harut/opt/anaconda3/lib/python3.9/site-packages/airflow/example_dags/example_skip_dag.py
[2023-01-09T15:03:59.691+0400] {logging_mixin.py:137} INFO - [2023-01-09T15:03:59.691+0400] {dag.py:2676} INFO - Sync 1 DAGs
[2023-01-09T15:03:59.700+0400] {logging_mixin.py:137} INFO - [2023-01-09T15:03:59.700+0400] {dag.py:3423} INFO - Setting next_dagrun for example_skip_dag to 2023-01-08T11:03:59.700215+00:00, run_after=2023-01-09T11:03:59.700215+00:00
[2023-01-09T15:03:59.709+0400] {processor.py:175} INFO - Processing /Users/harut/opt/anaconda3/lib/python3.9/site-packages/airflow/example_dags/example_skip_dag.py took 0.412 seconds
[2023-01-09T15:05:18.990+0400] {processor.py:153} INFO - Started process (PID=14107) to work on /Users/harut/opt/anaconda3/lib/python3.9/site-packages/airflow/example_dags/example_skip_dag.py
[2023-01-09T15:05:18.991+0400] {processor.py:743} INFO - Processing file /Users/harut/opt/anaconda3/lib/python3.9/site-packages/airflow/example_dags/example_skip_dag.py for tasks to queue
[2023-01-09T15:05:18.991+0400] {logging_mixin.py:137} INFO - [2023-01-09T15:05:18.991+0400] {dagbag.py:538} INFO - Filling up the DagBag from /Users/harut/opt/anaconda3/lib/python3.9/site-packages/airflow/example_dags/example_skip_dag.py
[2023-01-09T15:05:19.016+0400] {processor.py:753} INFO - DAG(s) dict_keys(['example_skip_dag']) retrieved from /Users/harut/opt/anaconda3/lib/python3.9/site-packages/airflow/example_dags/example_skip_dag.py
[2023-01-09T15:05:19.390+0400] {logging_mixin.py:137} INFO - [2023-01-09T15:05:19.390+0400] {dag.py:2676} INFO - Sync 1 DAGs
[2023-01-09T15:05:19.399+0400] {logging_mixin.py:137} INFO - [2023-01-09T15:05:19.399+0400] {dag.py:3423} INFO - Setting next_dagrun for example_skip_dag to 2023-01-08T11:05:19.399318+00:00, run_after=2023-01-09T11:05:19.399318+00:00
[2023-01-09T15:05:19.409+0400] {processor.py:175} INFO - Processing /Users/harut/opt/anaconda3/lib/python3.9/site-packages/airflow/example_dags/example_skip_dag.py took 0.419 seconds
[2023-01-09T15:06:39.808+0400] {processor.py:153} INFO - Started process (PID=14151) to work on /Users/harut/opt/anaconda3/lib/python3.9/site-packages/airflow/example_dags/example_skip_dag.py
[2023-01-09T15:06:39.809+0400] {processor.py:743} INFO - Processing file /Users/harut/opt/anaconda3/lib/python3.9/site-packages/airflow/example_dags/example_skip_dag.py for tasks to queue
[2023-01-09T15:06:39.809+0400] {logging_mixin.py:137} INFO - [2023-01-09T15:06:39.809+0400] {dagbag.py:538} INFO - Filling up the DagBag from /Users/harut/opt/anaconda3/lib/python3.9/site-packages/airflow/example_dags/example_skip_dag.py
[2023-01-09T15:06:39.825+0400] {processor.py:753} INFO - DAG(s) dict_keys(['example_skip_dag']) retrieved from /Users/harut/opt/anaconda3/lib/python3.9/site-packages/airflow/example_dags/example_skip_dag.py
[2023-01-09T15:06:40.196+0400] {logging_mixin.py:137} INFO - [2023-01-09T15:06:40.196+0400] {dag.py:2676} INFO - Sync 1 DAGs
[2023-01-09T15:06:40.205+0400] {logging_mixin.py:137} INFO - [2023-01-09T15:06:40.204+0400] {dag.py:3423} INFO - Setting next_dagrun for example_skip_dag to 2023-01-08T11:06:40.204847+00:00, run_after=2023-01-09T11:06:40.204847+00:00
[2023-01-09T15:06:40.214+0400] {processor.py:175} INFO - Processing /Users/harut/opt/anaconda3/lib/python3.9/site-packages/airflow/example_dags/example_skip_dag.py took 0.406 seconds
[2023-01-09T15:07:57.281+0400] {processor.py:153} INFO - Started process (PID=14194) to work on /Users/harut/opt/anaconda3/lib/python3.9/site-packages/airflow/example_dags/example_skip_dag.py
[2023-01-09T15:07:57.282+0400] {processor.py:743} INFO - Processing file /Users/harut/opt/anaconda3/lib/python3.9/site-packages/airflow/example_dags/example_skip_dag.py for tasks to queue
[2023-01-09T15:07:57.282+0400] {logging_mixin.py:137} INFO - [2023-01-09T15:07:57.282+0400] {dagbag.py:538} INFO - Filling up the DagBag from /Users/harut/opt/anaconda3/lib/python3.9/site-packages/airflow/example_dags/example_skip_dag.py
[2023-01-09T15:07:57.300+0400] {processor.py:753} INFO - DAG(s) dict_keys(['example_skip_dag']) retrieved from /Users/harut/opt/anaconda3/lib/python3.9/site-packages/airflow/example_dags/example_skip_dag.py
[2023-01-09T15:07:57.671+0400] {logging_mixin.py:137} INFO - [2023-01-09T15:07:57.671+0400] {dag.py:2676} INFO - Sync 1 DAGs
[2023-01-09T15:07:57.680+0400] {logging_mixin.py:137} INFO - [2023-01-09T15:07:57.680+0400] {dag.py:3423} INFO - Setting next_dagrun for example_skip_dag to 2023-01-08T11:07:57.680268+00:00, run_after=2023-01-09T11:07:57.680268+00:00
[2023-01-09T15:07:57.690+0400] {processor.py:175} INFO - Processing /Users/harut/opt/anaconda3/lib/python3.9/site-packages/airflow/example_dags/example_skip_dag.py took 0.409 seconds
[2023-01-09T15:09:18.297+0400] {processor.py:153} INFO - Started process (PID=14238) to work on /Users/harut/opt/anaconda3/lib/python3.9/site-packages/airflow/example_dags/example_skip_dag.py
[2023-01-09T15:09:18.297+0400] {processor.py:743} INFO - Processing file /Users/harut/opt/anaconda3/lib/python3.9/site-packages/airflow/example_dags/example_skip_dag.py for tasks to queue
[2023-01-09T15:09:18.297+0400] {logging_mixin.py:137} INFO - [2023-01-09T15:09:18.297+0400] {dagbag.py:538} INFO - Filling up the DagBag from /Users/harut/opt/anaconda3/lib/python3.9/site-packages/airflow/example_dags/example_skip_dag.py
[2023-01-09T15:09:18.313+0400] {processor.py:753} INFO - DAG(s) dict_keys(['example_skip_dag']) retrieved from /Users/harut/opt/anaconda3/lib/python3.9/site-packages/airflow/example_dags/example_skip_dag.py
[2023-01-09T15:09:18.677+0400] {logging_mixin.py:137} INFO - [2023-01-09T15:09:18.677+0400] {dag.py:2676} INFO - Sync 1 DAGs
[2023-01-09T15:09:18.686+0400] {logging_mixin.py:137} INFO - [2023-01-09T15:09:18.686+0400] {dag.py:3423} INFO - Setting next_dagrun for example_skip_dag to 2023-01-08T11:09:18.686390+00:00, run_after=2023-01-09T11:09:18.686390+00:00
[2023-01-09T15:09:18.696+0400] {processor.py:175} INFO - Processing /Users/harut/opt/anaconda3/lib/python3.9/site-packages/airflow/example_dags/example_skip_dag.py took 0.399 seconds
[2023-01-09T15:10:37.276+0400] {processor.py:153} INFO - Started process (PID=14285) to work on /Users/harut/opt/anaconda3/lib/python3.9/site-packages/airflow/example_dags/example_skip_dag.py
[2023-01-09T15:10:37.277+0400] {processor.py:743} INFO - Processing file /Users/harut/opt/anaconda3/lib/python3.9/site-packages/airflow/example_dags/example_skip_dag.py for tasks to queue
[2023-01-09T15:10:37.277+0400] {logging_mixin.py:137} INFO - [2023-01-09T15:10:37.277+0400] {dagbag.py:538} INFO - Filling up the DagBag from /Users/harut/opt/anaconda3/lib/python3.9/site-packages/airflow/example_dags/example_skip_dag.py
[2023-01-09T15:10:37.296+0400] {processor.py:753} INFO - DAG(s) dict_keys(['example_skip_dag']) retrieved from /Users/harut/opt/anaconda3/lib/python3.9/site-packages/airflow/example_dags/example_skip_dag.py
[2023-01-09T15:10:37.721+0400] {logging_mixin.py:137} INFO - [2023-01-09T15:10:37.721+0400] {dag.py:2676} INFO - Sync 1 DAGs
[2023-01-09T15:10:37.731+0400] {logging_mixin.py:137} INFO - [2023-01-09T15:10:37.731+0400] {dag.py:3423} INFO - Setting next_dagrun for example_skip_dag to 2023-01-08T11:10:37.731163+00:00, run_after=2023-01-09T11:10:37.731163+00:00
[2023-01-09T15:10:37.742+0400] {processor.py:175} INFO - Processing /Users/harut/opt/anaconda3/lib/python3.9/site-packages/airflow/example_dags/example_skip_dag.py took 0.466 seconds
[2023-01-09T15:12:00.216+0400] {processor.py:153} INFO - Started process (PID=14337) to work on /Users/harut/opt/anaconda3/lib/python3.9/site-packages/airflow/example_dags/example_skip_dag.py
[2023-01-09T15:12:00.216+0400] {processor.py:743} INFO - Processing file /Users/harut/opt/anaconda3/lib/python3.9/site-packages/airflow/example_dags/example_skip_dag.py for tasks to queue
[2023-01-09T15:12:00.217+0400] {logging_mixin.py:137} INFO - [2023-01-09T15:12:00.217+0400] {dagbag.py:538} INFO - Filling up the DagBag from /Users/harut/opt/anaconda3/lib/python3.9/site-packages/airflow/example_dags/example_skip_dag.py
[2023-01-09T15:12:00.239+0400] {processor.py:753} INFO - DAG(s) dict_keys(['example_skip_dag']) retrieved from /Users/harut/opt/anaconda3/lib/python3.9/site-packages/airflow/example_dags/example_skip_dag.py
[2023-01-09T15:12:00.662+0400] {logging_mixin.py:137} INFO - [2023-01-09T15:12:00.662+0400] {dag.py:2676} INFO - Sync 1 DAGs
[2023-01-09T15:12:00.672+0400] {logging_mixin.py:137} INFO - [2023-01-09T15:12:00.672+0400] {dag.py:3423} INFO - Setting next_dagrun for example_skip_dag to 2023-01-08T11:12:00.672149+00:00, run_after=2023-01-09T11:12:00.672149+00:00
[2023-01-09T15:12:00.682+0400] {processor.py:175} INFO - Processing /Users/harut/opt/anaconda3/lib/python3.9/site-packages/airflow/example_dags/example_skip_dag.py took 0.467 seconds
[2023-01-09T15:13:23.636+0400] {processor.py:153} INFO - Started process (PID=14381) to work on /Users/harut/opt/anaconda3/lib/python3.9/site-packages/airflow/example_dags/example_skip_dag.py
[2023-01-09T15:13:23.637+0400] {processor.py:743} INFO - Processing file /Users/harut/opt/anaconda3/lib/python3.9/site-packages/airflow/example_dags/example_skip_dag.py for tasks to queue
[2023-01-09T15:13:23.637+0400] {logging_mixin.py:137} INFO - [2023-01-09T15:13:23.637+0400] {dagbag.py:538} INFO - Filling up the DagBag from /Users/harut/opt/anaconda3/lib/python3.9/site-packages/airflow/example_dags/example_skip_dag.py
[2023-01-09T15:13:23.655+0400] {processor.py:753} INFO - DAG(s) dict_keys(['example_skip_dag']) retrieved from /Users/harut/opt/anaconda3/lib/python3.9/site-packages/airflow/example_dags/example_skip_dag.py
[2023-01-09T15:13:24.070+0400] {logging_mixin.py:137} INFO - [2023-01-09T15:13:24.070+0400] {dag.py:2676} INFO - Sync 1 DAGs
[2023-01-09T15:13:24.082+0400] {logging_mixin.py:137} INFO - [2023-01-09T15:13:24.081+0400] {dag.py:3423} INFO - Setting next_dagrun for example_skip_dag to 2023-01-08T11:13:24.081686+00:00, run_after=2023-01-09T11:13:24.081686+00:00
[2023-01-09T15:13:24.093+0400] {processor.py:175} INFO - Processing /Users/harut/opt/anaconda3/lib/python3.9/site-packages/airflow/example_dags/example_skip_dag.py took 0.457 seconds
[2023-01-09T15:14:46.877+0400] {processor.py:153} INFO - Started process (PID=14443) to work on /Users/harut/opt/anaconda3/lib/python3.9/site-packages/airflow/example_dags/example_skip_dag.py
[2023-01-09T15:14:46.878+0400] {processor.py:743} INFO - Processing file /Users/harut/opt/anaconda3/lib/python3.9/site-packages/airflow/example_dags/example_skip_dag.py for tasks to queue
[2023-01-09T15:14:46.878+0400] {logging_mixin.py:137} INFO - [2023-01-09T15:14:46.878+0400] {dagbag.py:538} INFO - Filling up the DagBag from /Users/harut/opt/anaconda3/lib/python3.9/site-packages/airflow/example_dags/example_skip_dag.py
[2023-01-09T15:14:46.896+0400] {processor.py:753} INFO - DAG(s) dict_keys(['example_skip_dag']) retrieved from /Users/harut/opt/anaconda3/lib/python3.9/site-packages/airflow/example_dags/example_skip_dag.py
[2023-01-09T15:14:47.314+0400] {logging_mixin.py:137} INFO - [2023-01-09T15:14:47.314+0400] {dag.py:2676} INFO - Sync 1 DAGs
[2023-01-09T15:14:47.323+0400] {logging_mixin.py:137} INFO - [2023-01-09T15:14:47.323+0400] {dag.py:3423} INFO - Setting next_dagrun for example_skip_dag to 2023-01-08T11:14:47.323575+00:00, run_after=2023-01-09T11:14:47.323575+00:00
[2023-01-09T15:14:47.334+0400] {processor.py:175} INFO - Processing /Users/harut/opt/anaconda3/lib/python3.9/site-packages/airflow/example_dags/example_skip_dag.py took 0.458 seconds
[2023-01-09T15:16:10.251+0400] {processor.py:153} INFO - Started process (PID=14502) to work on /Users/harut/opt/anaconda3/lib/python3.9/site-packages/airflow/example_dags/example_skip_dag.py
[2023-01-09T15:16:10.252+0400] {processor.py:743} INFO - Processing file /Users/harut/opt/anaconda3/lib/python3.9/site-packages/airflow/example_dags/example_skip_dag.py for tasks to queue
[2023-01-09T15:16:10.252+0400] {logging_mixin.py:137} INFO - [2023-01-09T15:16:10.252+0400] {dagbag.py:538} INFO - Filling up the DagBag from /Users/harut/opt/anaconda3/lib/python3.9/site-packages/airflow/example_dags/example_skip_dag.py
[2023-01-09T15:16:10.270+0400] {processor.py:753} INFO - DAG(s) dict_keys(['example_skip_dag']) retrieved from /Users/harut/opt/anaconda3/lib/python3.9/site-packages/airflow/example_dags/example_skip_dag.py
[2023-01-09T15:16:10.659+0400] {logging_mixin.py:137} INFO - [2023-01-09T15:16:10.659+0400] {dag.py:2676} INFO - Sync 1 DAGs
[2023-01-09T15:16:10.668+0400] {logging_mixin.py:137} INFO - [2023-01-09T15:16:10.668+0400] {dag.py:3423} INFO - Setting next_dagrun for example_skip_dag to 2023-01-08T11:16:10.668398+00:00, run_after=2023-01-09T11:16:10.668398+00:00
[2023-01-09T15:16:10.678+0400] {processor.py:175} INFO - Processing /Users/harut/opt/anaconda3/lib/python3.9/site-packages/airflow/example_dags/example_skip_dag.py took 0.427 seconds
[2023-01-09T15:17:33.421+0400] {processor.py:153} INFO - Started process (PID=14548) to work on /Users/harut/opt/anaconda3/lib/python3.9/site-packages/airflow/example_dags/example_skip_dag.py
[2023-01-09T15:17:33.422+0400] {processor.py:743} INFO - Processing file /Users/harut/opt/anaconda3/lib/python3.9/site-packages/airflow/example_dags/example_skip_dag.py for tasks to queue
[2023-01-09T15:17:33.422+0400] {logging_mixin.py:137} INFO - [2023-01-09T15:17:33.422+0400] {dagbag.py:538} INFO - Filling up the DagBag from /Users/harut/opt/anaconda3/lib/python3.9/site-packages/airflow/example_dags/example_skip_dag.py
[2023-01-09T15:17:33.438+0400] {processor.py:753} INFO - DAG(s) dict_keys(['example_skip_dag']) retrieved from /Users/harut/opt/anaconda3/lib/python3.9/site-packages/airflow/example_dags/example_skip_dag.py
[2023-01-09T15:17:33.815+0400] {logging_mixin.py:137} INFO - [2023-01-09T15:17:33.815+0400] {dag.py:2676} INFO - Sync 1 DAGs
[2023-01-09T15:17:33.824+0400] {logging_mixin.py:137} INFO - [2023-01-09T15:17:33.824+0400] {dag.py:3423} INFO - Setting next_dagrun for example_skip_dag to 2023-01-08T11:17:33.824608+00:00, run_after=2023-01-09T11:17:33.824608+00:00
[2023-01-09T15:17:33.834+0400] {processor.py:175} INFO - Processing /Users/harut/opt/anaconda3/lib/python3.9/site-packages/airflow/example_dags/example_skip_dag.py took 0.413 seconds
[2023-01-09T15:18:56.338+0400] {processor.py:153} INFO - Started process (PID=14593) to work on /Users/harut/opt/anaconda3/lib/python3.9/site-packages/airflow/example_dags/example_skip_dag.py
[2023-01-09T15:18:56.338+0400] {processor.py:743} INFO - Processing file /Users/harut/opt/anaconda3/lib/python3.9/site-packages/airflow/example_dags/example_skip_dag.py for tasks to queue
[2023-01-09T15:18:56.339+0400] {logging_mixin.py:137} INFO - [2023-01-09T15:18:56.339+0400] {dagbag.py:538} INFO - Filling up the DagBag from /Users/harut/opt/anaconda3/lib/python3.9/site-packages/airflow/example_dags/example_skip_dag.py
[2023-01-09T15:18:56.356+0400] {processor.py:753} INFO - DAG(s) dict_keys(['example_skip_dag']) retrieved from /Users/harut/opt/anaconda3/lib/python3.9/site-packages/airflow/example_dags/example_skip_dag.py
[2023-01-09T15:18:56.797+0400] {logging_mixin.py:137} INFO - [2023-01-09T15:18:56.797+0400] {dag.py:2676} INFO - Sync 1 DAGs
[2023-01-09T15:18:56.808+0400] {logging_mixin.py:137} INFO - [2023-01-09T15:18:56.808+0400] {dag.py:3423} INFO - Setting next_dagrun for example_skip_dag to 2023-01-08T11:18:56.808110+00:00, run_after=2023-01-09T11:18:56.808110+00:00
[2023-01-09T15:18:56.819+0400] {processor.py:175} INFO - Processing /Users/harut/opt/anaconda3/lib/python3.9/site-packages/airflow/example_dags/example_skip_dag.py took 0.482 seconds
[2023-01-09T15:20:19.635+0400] {processor.py:153} INFO - Started process (PID=14645) to work on /Users/harut/opt/anaconda3/lib/python3.9/site-packages/airflow/example_dags/example_skip_dag.py
[2023-01-09T15:20:19.636+0400] {processor.py:743} INFO - Processing file /Users/harut/opt/anaconda3/lib/python3.9/site-packages/airflow/example_dags/example_skip_dag.py for tasks to queue
[2023-01-09T15:20:19.636+0400] {logging_mixin.py:137} INFO - [2023-01-09T15:20:19.636+0400] {dagbag.py:538} INFO - Filling up the DagBag from /Users/harut/opt/anaconda3/lib/python3.9/site-packages/airflow/example_dags/example_skip_dag.py
[2023-01-09T15:20:19.655+0400] {processor.py:753} INFO - DAG(s) dict_keys(['example_skip_dag']) retrieved from /Users/harut/opt/anaconda3/lib/python3.9/site-packages/airflow/example_dags/example_skip_dag.py
[2023-01-09T15:20:20.076+0400] {logging_mixin.py:137} INFO - [2023-01-09T15:20:20.076+0400] {dag.py:2676} INFO - Sync 1 DAGs
[2023-01-09T15:20:20.087+0400] {logging_mixin.py:137} INFO - [2023-01-09T15:20:20.087+0400] {dag.py:3423} INFO - Setting next_dagrun for example_skip_dag to 2023-01-08T11:20:20.087305+00:00, run_after=2023-01-09T11:20:20.087305+00:00
[2023-01-09T15:20:20.098+0400] {processor.py:175} INFO - Processing /Users/harut/opt/anaconda3/lib/python3.9/site-packages/airflow/example_dags/example_skip_dag.py took 0.463 seconds
[2023-01-09T15:21:43.821+0400] {processor.py:153} INFO - Started process (PID=14695) to work on /Users/harut/opt/anaconda3/lib/python3.9/site-packages/airflow/example_dags/example_skip_dag.py
[2023-01-09T15:21:43.822+0400] {processor.py:743} INFO - Processing file /Users/harut/opt/anaconda3/lib/python3.9/site-packages/airflow/example_dags/example_skip_dag.py for tasks to queue
[2023-01-09T15:21:43.822+0400] {logging_mixin.py:137} INFO - [2023-01-09T15:21:43.822+0400] {dagbag.py:538} INFO - Filling up the DagBag from /Users/harut/opt/anaconda3/lib/python3.9/site-packages/airflow/example_dags/example_skip_dag.py
[2023-01-09T15:21:43.838+0400] {processor.py:753} INFO - DAG(s) dict_keys(['example_skip_dag']) retrieved from /Users/harut/opt/anaconda3/lib/python3.9/site-packages/airflow/example_dags/example_skip_dag.py
[2023-01-09T15:21:44.271+0400] {logging_mixin.py:137} INFO - [2023-01-09T15:21:44.271+0400] {dag.py:2676} INFO - Sync 1 DAGs
[2023-01-09T15:21:44.282+0400] {logging_mixin.py:137} INFO - [2023-01-09T15:21:44.282+0400] {dag.py:3423} INFO - Setting next_dagrun for example_skip_dag to 2023-01-08T11:21:44.281946+00:00, run_after=2023-01-09T11:21:44.281946+00:00
[2023-01-09T15:21:44.299+0400] {processor.py:175} INFO - Processing /Users/harut/opt/anaconda3/lib/python3.9/site-packages/airflow/example_dags/example_skip_dag.py took 0.479 seconds
[2023-01-09T15:23:07.134+0400] {processor.py:153} INFO - Started process (PID=14747) to work on /Users/harut/opt/anaconda3/lib/python3.9/site-packages/airflow/example_dags/example_skip_dag.py
[2023-01-09T15:23:07.135+0400] {processor.py:743} INFO - Processing file /Users/harut/opt/anaconda3/lib/python3.9/site-packages/airflow/example_dags/example_skip_dag.py for tasks to queue
[2023-01-09T15:23:07.135+0400] {logging_mixin.py:137} INFO - [2023-01-09T15:23:07.135+0400] {dagbag.py:538} INFO - Filling up the DagBag from /Users/harut/opt/anaconda3/lib/python3.9/site-packages/airflow/example_dags/example_skip_dag.py
[2023-01-09T15:23:07.152+0400] {processor.py:753} INFO - DAG(s) dict_keys(['example_skip_dag']) retrieved from /Users/harut/opt/anaconda3/lib/python3.9/site-packages/airflow/example_dags/example_skip_dag.py
[2023-01-09T15:23:07.563+0400] {logging_mixin.py:137} INFO - [2023-01-09T15:23:07.563+0400] {dag.py:2676} INFO - Sync 1 DAGs
[2023-01-09T15:23:07.573+0400] {logging_mixin.py:137} INFO - [2023-01-09T15:23:07.573+0400] {dag.py:3423} INFO - Setting next_dagrun for example_skip_dag to 2023-01-08T11:23:07.573484+00:00, run_after=2023-01-09T11:23:07.573484+00:00
[2023-01-09T15:23:07.585+0400] {processor.py:175} INFO - Processing /Users/harut/opt/anaconda3/lib/python3.9/site-packages/airflow/example_dags/example_skip_dag.py took 0.451 seconds
[2023-01-09T15:24:30.240+0400] {processor.py:153} INFO - Started process (PID=14791) to work on /Users/harut/opt/anaconda3/lib/python3.9/site-packages/airflow/example_dags/example_skip_dag.py
[2023-01-09T15:24:30.240+0400] {processor.py:743} INFO - Processing file /Users/harut/opt/anaconda3/lib/python3.9/site-packages/airflow/example_dags/example_skip_dag.py for tasks to queue
[2023-01-09T15:24:30.241+0400] {logging_mixin.py:137} INFO - [2023-01-09T15:24:30.241+0400] {dagbag.py:538} INFO - Filling up the DagBag from /Users/harut/opt/anaconda3/lib/python3.9/site-packages/airflow/example_dags/example_skip_dag.py
[2023-01-09T15:24:30.259+0400] {processor.py:753} INFO - DAG(s) dict_keys(['example_skip_dag']) retrieved from /Users/harut/opt/anaconda3/lib/python3.9/site-packages/airflow/example_dags/example_skip_dag.py
[2023-01-09T15:24:30.700+0400] {logging_mixin.py:137} INFO - [2023-01-09T15:24:30.699+0400] {dag.py:2676} INFO - Sync 1 DAGs
[2023-01-09T15:24:30.710+0400] {logging_mixin.py:137} INFO - [2023-01-09T15:24:30.710+0400] {dag.py:3423} INFO - Setting next_dagrun for example_skip_dag to 2023-01-08T11:24:30.710291+00:00, run_after=2023-01-09T11:24:30.710291+00:00
[2023-01-09T15:24:30.721+0400] {processor.py:175} INFO - Processing /Users/harut/opt/anaconda3/lib/python3.9/site-packages/airflow/example_dags/example_skip_dag.py took 0.482 seconds
[2023-01-09T15:25:53.911+0400] {processor.py:153} INFO - Started process (PID=14837) to work on /Users/harut/opt/anaconda3/lib/python3.9/site-packages/airflow/example_dags/example_skip_dag.py
[2023-01-09T15:25:53.912+0400] {processor.py:743} INFO - Processing file /Users/harut/opt/anaconda3/lib/python3.9/site-packages/airflow/example_dags/example_skip_dag.py for tasks to queue
[2023-01-09T15:25:53.912+0400] {logging_mixin.py:137} INFO - [2023-01-09T15:25:53.912+0400] {dagbag.py:538} INFO - Filling up the DagBag from /Users/harut/opt/anaconda3/lib/python3.9/site-packages/airflow/example_dags/example_skip_dag.py
[2023-01-09T15:25:53.929+0400] {processor.py:753} INFO - DAG(s) dict_keys(['example_skip_dag']) retrieved from /Users/harut/opt/anaconda3/lib/python3.9/site-packages/airflow/example_dags/example_skip_dag.py
[2023-01-09T15:25:54.316+0400] {logging_mixin.py:137} INFO - [2023-01-09T15:25:54.316+0400] {dag.py:2676} INFO - Sync 1 DAGs
[2023-01-09T15:25:54.325+0400] {logging_mixin.py:137} INFO - [2023-01-09T15:25:54.325+0400] {dag.py:3423} INFO - Setting next_dagrun for example_skip_dag to 2023-01-08T11:25:54.325422+00:00, run_after=2023-01-09T11:25:54.325422+00:00
[2023-01-09T15:25:54.335+0400] {processor.py:175} INFO - Processing /Users/harut/opt/anaconda3/lib/python3.9/site-packages/airflow/example_dags/example_skip_dag.py took 0.424 seconds
[2023-01-09T15:27:17.940+0400] {processor.py:153} INFO - Started process (PID=14880) to work on /Users/harut/opt/anaconda3/lib/python3.9/site-packages/airflow/example_dags/example_skip_dag.py
[2023-01-09T15:27:17.941+0400] {processor.py:743} INFO - Processing file /Users/harut/opt/anaconda3/lib/python3.9/site-packages/airflow/example_dags/example_skip_dag.py for tasks to queue
[2023-01-09T15:27:17.941+0400] {logging_mixin.py:137} INFO - [2023-01-09T15:27:17.941+0400] {dagbag.py:538} INFO - Filling up the DagBag from /Users/harut/opt/anaconda3/lib/python3.9/site-packages/airflow/example_dags/example_skip_dag.py
[2023-01-09T15:27:17.960+0400] {processor.py:753} INFO - DAG(s) dict_keys(['example_skip_dag']) retrieved from /Users/harut/opt/anaconda3/lib/python3.9/site-packages/airflow/example_dags/example_skip_dag.py
[2023-01-09T15:27:18.381+0400] {logging_mixin.py:137} INFO - [2023-01-09T15:27:18.381+0400] {dag.py:2676} INFO - Sync 1 DAGs
[2023-01-09T15:27:18.390+0400] {logging_mixin.py:137} INFO - [2023-01-09T15:27:18.390+0400] {dag.py:3423} INFO - Setting next_dagrun for example_skip_dag to 2023-01-08T11:27:18.390304+00:00, run_after=2023-01-09T11:27:18.390304+00:00
[2023-01-09T15:27:18.400+0400] {processor.py:175} INFO - Processing /Users/harut/opt/anaconda3/lib/python3.9/site-packages/airflow/example_dags/example_skip_dag.py took 0.460 seconds
[2023-01-09T15:28:41.309+0400] {processor.py:153} INFO - Started process (PID=14933) to work on /Users/harut/opt/anaconda3/lib/python3.9/site-packages/airflow/example_dags/example_skip_dag.py
[2023-01-09T15:28:41.309+0400] {processor.py:743} INFO - Processing file /Users/harut/opt/anaconda3/lib/python3.9/site-packages/airflow/example_dags/example_skip_dag.py for tasks to queue
[2023-01-09T15:28:41.310+0400] {logging_mixin.py:137} INFO - [2023-01-09T15:28:41.309+0400] {dagbag.py:538} INFO - Filling up the DagBag from /Users/harut/opt/anaconda3/lib/python3.9/site-packages/airflow/example_dags/example_skip_dag.py
[2023-01-09T15:28:41.326+0400] {processor.py:753} INFO - DAG(s) dict_keys(['example_skip_dag']) retrieved from /Users/harut/opt/anaconda3/lib/python3.9/site-packages/airflow/example_dags/example_skip_dag.py
[2023-01-09T15:28:41.716+0400] {logging_mixin.py:137} INFO - [2023-01-09T15:28:41.716+0400] {dag.py:2676} INFO - Sync 1 DAGs
[2023-01-09T15:28:41.726+0400] {logging_mixin.py:137} INFO - [2023-01-09T15:28:41.725+0400] {dag.py:3423} INFO - Setting next_dagrun for example_skip_dag to 2023-01-08T11:28:41.725755+00:00, run_after=2023-01-09T11:28:41.725755+00:00
[2023-01-09T15:28:41.735+0400] {processor.py:175} INFO - Processing /Users/harut/opt/anaconda3/lib/python3.9/site-packages/airflow/example_dags/example_skip_dag.py took 0.427 seconds
[2023-01-09T15:30:01.343+0400] {processor.py:153} INFO - Started process (PID=14978) to work on /Users/harut/opt/anaconda3/lib/python3.9/site-packages/airflow/example_dags/example_skip_dag.py
[2023-01-09T15:30:01.344+0400] {processor.py:743} INFO - Processing file /Users/harut/opt/anaconda3/lib/python3.9/site-packages/airflow/example_dags/example_skip_dag.py for tasks to queue
[2023-01-09T15:30:01.344+0400] {logging_mixin.py:137} INFO - [2023-01-09T15:30:01.344+0400] {dagbag.py:538} INFO - Filling up the DagBag from /Users/harut/opt/anaconda3/lib/python3.9/site-packages/airflow/example_dags/example_skip_dag.py
[2023-01-09T15:30:01.361+0400] {processor.py:753} INFO - DAG(s) dict_keys(['example_skip_dag']) retrieved from /Users/harut/opt/anaconda3/lib/python3.9/site-packages/airflow/example_dags/example_skip_dag.py
[2023-01-09T15:30:01.742+0400] {logging_mixin.py:137} INFO - [2023-01-09T15:30:01.742+0400] {dag.py:2676} INFO - Sync 1 DAGs
[2023-01-09T15:30:01.751+0400] {logging_mixin.py:137} INFO - [2023-01-09T15:30:01.751+0400] {dag.py:3423} INFO - Setting next_dagrun for example_skip_dag to 2023-01-08T11:30:01.751474+00:00, run_after=2023-01-09T11:30:01.751474+00:00
[2023-01-09T15:30:01.761+0400] {processor.py:175} INFO - Processing /Users/harut/opt/anaconda3/lib/python3.9/site-packages/airflow/example_dags/example_skip_dag.py took 0.418 seconds
[2023-01-09T15:31:24.207+0400] {processor.py:153} INFO - Started process (PID=15025) to work on /Users/harut/opt/anaconda3/lib/python3.9/site-packages/airflow/example_dags/example_skip_dag.py
[2023-01-09T15:31:24.208+0400] {processor.py:743} INFO - Processing file /Users/harut/opt/anaconda3/lib/python3.9/site-packages/airflow/example_dags/example_skip_dag.py for tasks to queue
[2023-01-09T15:31:24.208+0400] {logging_mixin.py:137} INFO - [2023-01-09T15:31:24.208+0400] {dagbag.py:538} INFO - Filling up the DagBag from /Users/harut/opt/anaconda3/lib/python3.9/site-packages/airflow/example_dags/example_skip_dag.py
[2023-01-09T15:31:24.227+0400] {processor.py:753} INFO - DAG(s) dict_keys(['example_skip_dag']) retrieved from /Users/harut/opt/anaconda3/lib/python3.9/site-packages/airflow/example_dags/example_skip_dag.py
[2023-01-09T15:31:24.646+0400] {logging_mixin.py:137} INFO - [2023-01-09T15:31:24.646+0400] {dag.py:2676} INFO - Sync 1 DAGs
[2023-01-09T15:31:24.656+0400] {logging_mixin.py:137} INFO - [2023-01-09T15:31:24.656+0400] {dag.py:3423} INFO - Setting next_dagrun for example_skip_dag to 2023-01-08T11:31:24.656002+00:00, run_after=2023-01-09T11:31:24.656002+00:00
[2023-01-09T15:31:24.668+0400] {processor.py:175} INFO - Processing /Users/harut/opt/anaconda3/lib/python3.9/site-packages/airflow/example_dags/example_skip_dag.py took 0.461 seconds
[2023-01-09T15:32:47.969+0400] {processor.py:153} INFO - Started process (PID=15071) to work on /Users/harut/opt/anaconda3/lib/python3.9/site-packages/airflow/example_dags/example_skip_dag.py
[2023-01-09T15:32:47.969+0400] {processor.py:743} INFO - Processing file /Users/harut/opt/anaconda3/lib/python3.9/site-packages/airflow/example_dags/example_skip_dag.py for tasks to queue
[2023-01-09T15:32:47.970+0400] {logging_mixin.py:137} INFO - [2023-01-09T15:32:47.970+0400] {dagbag.py:538} INFO - Filling up the DagBag from /Users/harut/opt/anaconda3/lib/python3.9/site-packages/airflow/example_dags/example_skip_dag.py
[2023-01-09T15:32:47.988+0400] {processor.py:753} INFO - DAG(s) dict_keys(['example_skip_dag']) retrieved from /Users/harut/opt/anaconda3/lib/python3.9/site-packages/airflow/example_dags/example_skip_dag.py
[2023-01-09T15:32:48.394+0400] {logging_mixin.py:137} INFO - [2023-01-09T15:32:48.394+0400] {dag.py:2676} INFO - Sync 1 DAGs
[2023-01-09T15:32:48.403+0400] {logging_mixin.py:137} INFO - [2023-01-09T15:32:48.403+0400] {dag.py:3423} INFO - Setting next_dagrun for example_skip_dag to 2023-01-08T11:32:48.403498+00:00, run_after=2023-01-09T11:32:48.403498+00:00
[2023-01-09T15:32:48.413+0400] {processor.py:175} INFO - Processing /Users/harut/opt/anaconda3/lib/python3.9/site-packages/airflow/example_dags/example_skip_dag.py took 0.445 seconds
[2023-01-09T15:34:11.836+0400] {processor.py:153} INFO - Started process (PID=15116) to work on /Users/harut/opt/anaconda3/lib/python3.9/site-packages/airflow/example_dags/example_skip_dag.py
[2023-01-09T15:34:11.836+0400] {processor.py:743} INFO - Processing file /Users/harut/opt/anaconda3/lib/python3.9/site-packages/airflow/example_dags/example_skip_dag.py for tasks to queue
[2023-01-09T15:34:11.837+0400] {logging_mixin.py:137} INFO - [2023-01-09T15:34:11.837+0400] {dagbag.py:538} INFO - Filling up the DagBag from /Users/harut/opt/anaconda3/lib/python3.9/site-packages/airflow/example_dags/example_skip_dag.py
[2023-01-09T15:34:11.854+0400] {processor.py:753} INFO - DAG(s) dict_keys(['example_skip_dag']) retrieved from /Users/harut/opt/anaconda3/lib/python3.9/site-packages/airflow/example_dags/example_skip_dag.py
[2023-01-09T15:34:12.278+0400] {logging_mixin.py:137} INFO - [2023-01-09T15:34:12.278+0400] {dag.py:2676} INFO - Sync 1 DAGs
[2023-01-09T15:34:12.288+0400] {logging_mixin.py:137} INFO - [2023-01-09T15:34:12.288+0400] {dag.py:3423} INFO - Setting next_dagrun for example_skip_dag to 2023-01-08T11:34:12.288591+00:00, run_after=2023-01-09T11:34:12.288591+00:00
[2023-01-09T15:34:12.300+0400] {processor.py:175} INFO - Processing /Users/harut/opt/anaconda3/lib/python3.9/site-packages/airflow/example_dags/example_skip_dag.py took 0.465 seconds
[2023-01-09T15:35:35.228+0400] {processor.py:153} INFO - Started process (PID=15166) to work on /Users/harut/opt/anaconda3/lib/python3.9/site-packages/airflow/example_dags/example_skip_dag.py
[2023-01-09T15:35:35.229+0400] {processor.py:743} INFO - Processing file /Users/harut/opt/anaconda3/lib/python3.9/site-packages/airflow/example_dags/example_skip_dag.py for tasks to queue
[2023-01-09T15:35:35.229+0400] {logging_mixin.py:137} INFO - [2023-01-09T15:35:35.229+0400] {dagbag.py:538} INFO - Filling up the DagBag from /Users/harut/opt/anaconda3/lib/python3.9/site-packages/airflow/example_dags/example_skip_dag.py
[2023-01-09T15:35:35.245+0400] {processor.py:753} INFO - DAG(s) dict_keys(['example_skip_dag']) retrieved from /Users/harut/opt/anaconda3/lib/python3.9/site-packages/airflow/example_dags/example_skip_dag.py
[2023-01-09T15:35:35.637+0400] {logging_mixin.py:137} INFO - [2023-01-09T15:35:35.637+0400] {dag.py:2676} INFO - Sync 1 DAGs
[2023-01-09T15:35:35.648+0400] {logging_mixin.py:137} INFO - [2023-01-09T15:35:35.648+0400] {dag.py:3423} INFO - Setting next_dagrun for example_skip_dag to 2023-01-08T11:35:35.648237+00:00, run_after=2023-01-09T11:35:35.648237+00:00
[2023-01-09T15:35:35.659+0400] {processor.py:175} INFO - Processing /Users/harut/opt/anaconda3/lib/python3.9/site-packages/airflow/example_dags/example_skip_dag.py took 0.432 seconds
[2023-01-09T15:36:58.299+0400] {processor.py:153} INFO - Started process (PID=15227) to work on /Users/harut/opt/anaconda3/lib/python3.9/site-packages/airflow/example_dags/example_skip_dag.py
[2023-01-09T15:36:58.299+0400] {processor.py:743} INFO - Processing file /Users/harut/opt/anaconda3/lib/python3.9/site-packages/airflow/example_dags/example_skip_dag.py for tasks to queue
[2023-01-09T15:36:58.300+0400] {logging_mixin.py:137} INFO - [2023-01-09T15:36:58.300+0400] {dagbag.py:538} INFO - Filling up the DagBag from /Users/harut/opt/anaconda3/lib/python3.9/site-packages/airflow/example_dags/example_skip_dag.py
[2023-01-09T15:36:58.317+0400] {processor.py:753} INFO - DAG(s) dict_keys(['example_skip_dag']) retrieved from /Users/harut/opt/anaconda3/lib/python3.9/site-packages/airflow/example_dags/example_skip_dag.py
[2023-01-09T15:36:58.752+0400] {logging_mixin.py:137} INFO - [2023-01-09T15:36:58.751+0400] {dag.py:2676} INFO - Sync 1 DAGs
[2023-01-09T15:36:58.762+0400] {logging_mixin.py:137} INFO - [2023-01-09T15:36:58.762+0400] {dag.py:3423} INFO - Setting next_dagrun for example_skip_dag to 2023-01-08T11:36:58.762090+00:00, run_after=2023-01-09T11:36:58.762090+00:00
[2023-01-09T15:36:58.773+0400] {processor.py:175} INFO - Processing /Users/harut/opt/anaconda3/lib/python3.9/site-packages/airflow/example_dags/example_skip_dag.py took 0.474 seconds
[2023-01-09T15:38:20.683+0400] {processor.py:153} INFO - Started process (PID=15269) to work on /Users/harut/opt/anaconda3/lib/python3.9/site-packages/airflow/example_dags/example_skip_dag.py
[2023-01-09T15:38:20.684+0400] {processor.py:743} INFO - Processing file /Users/harut/opt/anaconda3/lib/python3.9/site-packages/airflow/example_dags/example_skip_dag.py for tasks to queue
[2023-01-09T15:38:20.684+0400] {logging_mixin.py:137} INFO - [2023-01-09T15:38:20.684+0400] {dagbag.py:538} INFO - Filling up the DagBag from /Users/harut/opt/anaconda3/lib/python3.9/site-packages/airflow/example_dags/example_skip_dag.py
[2023-01-09T15:38:20.701+0400] {processor.py:753} INFO - DAG(s) dict_keys(['example_skip_dag']) retrieved from /Users/harut/opt/anaconda3/lib/python3.9/site-packages/airflow/example_dags/example_skip_dag.py
[2023-01-09T15:38:21.076+0400] {logging_mixin.py:137} INFO - [2023-01-09T15:38:21.076+0400] {dag.py:2676} INFO - Sync 1 DAGs
[2023-01-09T15:38:21.085+0400] {logging_mixin.py:137} INFO - [2023-01-09T15:38:21.085+0400] {dag.py:3423} INFO - Setting next_dagrun for example_skip_dag to 2023-01-08T11:38:21.085376+00:00, run_after=2023-01-09T11:38:21.085376+00:00
[2023-01-09T15:38:21.094+0400] {processor.py:175} INFO - Processing /Users/harut/opt/anaconda3/lib/python3.9/site-packages/airflow/example_dags/example_skip_dag.py took 0.412 seconds
[2023-01-09T15:39:42.743+0400] {processor.py:153} INFO - Started process (PID=15313) to work on /Users/harut/opt/anaconda3/lib/python3.9/site-packages/airflow/example_dags/example_skip_dag.py
[2023-01-09T15:39:42.744+0400] {processor.py:743} INFO - Processing file /Users/harut/opt/anaconda3/lib/python3.9/site-packages/airflow/example_dags/example_skip_dag.py for tasks to queue
[2023-01-09T15:39:42.744+0400] {logging_mixin.py:137} INFO - [2023-01-09T15:39:42.744+0400] {dagbag.py:538} INFO - Filling up the DagBag from /Users/harut/opt/anaconda3/lib/python3.9/site-packages/airflow/example_dags/example_skip_dag.py
[2023-01-09T15:39:42.762+0400] {processor.py:753} INFO - DAG(s) dict_keys(['example_skip_dag']) retrieved from /Users/harut/opt/anaconda3/lib/python3.9/site-packages/airflow/example_dags/example_skip_dag.py
[2023-01-09T15:39:43.163+0400] {logging_mixin.py:137} INFO - [2023-01-09T15:39:43.163+0400] {dag.py:2676} INFO - Sync 1 DAGs
[2023-01-09T15:39:43.173+0400] {logging_mixin.py:137} INFO - [2023-01-09T15:39:43.173+0400] {dag.py:3423} INFO - Setting next_dagrun for example_skip_dag to 2023-01-08T11:39:43.173592+00:00, run_after=2023-01-09T11:39:43.173592+00:00
[2023-01-09T15:39:43.184+0400] {processor.py:175} INFO - Processing /Users/harut/opt/anaconda3/lib/python3.9/site-packages/airflow/example_dags/example_skip_dag.py took 0.442 seconds
[2023-01-09T15:41:02.577+0400] {processor.py:153} INFO - Started process (PID=15369) to work on /Users/harut/opt/anaconda3/lib/python3.9/site-packages/airflow/example_dags/example_skip_dag.py
[2023-01-09T15:41:02.577+0400] {processor.py:743} INFO - Processing file /Users/harut/opt/anaconda3/lib/python3.9/site-packages/airflow/example_dags/example_skip_dag.py for tasks to queue
[2023-01-09T15:41:02.578+0400] {logging_mixin.py:137} INFO - [2023-01-09T15:41:02.577+0400] {dagbag.py:538} INFO - Filling up the DagBag from /Users/harut/opt/anaconda3/lib/python3.9/site-packages/airflow/example_dags/example_skip_dag.py
[2023-01-09T15:41:02.595+0400] {processor.py:753} INFO - DAG(s) dict_keys(['example_skip_dag']) retrieved from /Users/harut/opt/anaconda3/lib/python3.9/site-packages/airflow/example_dags/example_skip_dag.py
[2023-01-09T15:41:02.980+0400] {logging_mixin.py:137} INFO - [2023-01-09T15:41:02.980+0400] {dag.py:2676} INFO - Sync 1 DAGs
[2023-01-09T15:41:02.989+0400] {logging_mixin.py:137} INFO - [2023-01-09T15:41:02.988+0400] {dag.py:3423} INFO - Setting next_dagrun for example_skip_dag to 2023-01-08T11:41:02.988830+00:00, run_after=2023-01-09T11:41:02.988830+00:00
[2023-01-09T15:41:02.998+0400] {processor.py:175} INFO - Processing /Users/harut/opt/anaconda3/lib/python3.9/site-packages/airflow/example_dags/example_skip_dag.py took 0.422 seconds
