[2023-01-09T14:16:53.771+0400] {processor.py:153} INFO - Started process (PID=12410) to work on /Users/harut/opt/anaconda3/lib/python3.9/site-packages/airflow/example_dags/example_sla_dag.py
[2023-01-09T14:16:53.772+0400] {processor.py:743} INFO - Processing file /Users/harut/opt/anaconda3/lib/python3.9/site-packages/airflow/example_dags/example_sla_dag.py for tasks to queue
[2023-01-09T14:16:53.772+0400] {logging_mixin.py:137} INFO - [2023-01-09T14:16:53.772+0400] {dagbag.py:538} INFO - Filling up the DagBag from /Users/harut/opt/anaconda3/lib/python3.9/site-packages/airflow/example_dags/example_sla_dag.py
[2023-01-09T14:16:53.803+0400] {processor.py:753} INFO - DAG(s) dict_keys(['example_sla_dag']) retrieved from /Users/harut/opt/anaconda3/lib/python3.9/site-packages/airflow/example_dags/example_sla_dag.py
[2023-01-09T14:16:54.187+0400] {logging_mixin.py:137} INFO - [2023-01-09T14:16:54.187+0400] {dag.py:2676} INFO - Sync 1 DAGs
[2023-01-09T14:16:54.199+0400] {logging_mixin.py:137} INFO - [2023-01-09T14:16:54.199+0400] {dag.py:3423} INFO - Setting next_dagrun for example_sla_dag to 2023-01-09T10:14:00+00:00, run_after=2023-01-09T10:16:00+00:00
[2023-01-09T14:16:54.209+0400] {processor.py:175} INFO - Processing /Users/harut/opt/anaconda3/lib/python3.9/site-packages/airflow/example_dags/example_sla_dag.py took 0.438 seconds
[2023-01-09T14:19:25.867+0400] {processor.py:153} INFO - Started process (PID=12507) to work on /Users/harut/opt/anaconda3/lib/python3.9/site-packages/airflow/example_dags/example_sla_dag.py
[2023-01-09T14:19:25.868+0400] {processor.py:743} INFO - Processing file /Users/harut/opt/anaconda3/lib/python3.9/site-packages/airflow/example_dags/example_sla_dag.py for tasks to queue
[2023-01-09T14:19:25.868+0400] {logging_mixin.py:137} INFO - [2023-01-09T14:19:25.868+0400] {dagbag.py:538} INFO - Filling up the DagBag from /Users/harut/opt/anaconda3/lib/python3.9/site-packages/airflow/example_dags/example_sla_dag.py
[2023-01-09T14:19:25.900+0400] {processor.py:753} INFO - DAG(s) dict_keys(['example_sla_dag']) retrieved from /Users/harut/opt/anaconda3/lib/python3.9/site-packages/airflow/example_dags/example_sla_dag.py
[2023-01-09T14:19:26.309+0400] {logging_mixin.py:137} INFO - [2023-01-09T14:19:26.309+0400] {dag.py:2676} INFO - Sync 1 DAGs
[2023-01-09T14:19:26.322+0400] {logging_mixin.py:137} INFO - [2023-01-09T14:19:26.322+0400] {dag.py:3423} INFO - Setting next_dagrun for example_sla_dag to 2023-01-09T10:16:00+00:00, run_after=2023-01-09T10:18:00+00:00
[2023-01-09T14:19:26.333+0400] {processor.py:175} INFO - Processing /Users/harut/opt/anaconda3/lib/python3.9/site-packages/airflow/example_dags/example_sla_dag.py took 0.467 seconds
[2023-01-09T14:20:40.261+0400] {processor.py:153} INFO - Started process (PID=12546) to work on /Users/harut/opt/anaconda3/lib/python3.9/site-packages/airflow/example_dags/example_sla_dag.py
[2023-01-09T14:20:40.262+0400] {processor.py:743} INFO - Processing file /Users/harut/opt/anaconda3/lib/python3.9/site-packages/airflow/example_dags/example_sla_dag.py for tasks to queue
[2023-01-09T14:20:40.262+0400] {logging_mixin.py:137} INFO - [2023-01-09T14:20:40.262+0400] {dagbag.py:538} INFO - Filling up the DagBag from /Users/harut/opt/anaconda3/lib/python3.9/site-packages/airflow/example_dags/example_sla_dag.py
[2023-01-09T14:20:40.291+0400] {processor.py:753} INFO - DAG(s) dict_keys(['example_sla_dag']) retrieved from /Users/harut/opt/anaconda3/lib/python3.9/site-packages/airflow/example_dags/example_sla_dag.py
[2023-01-09T14:20:40.653+0400] {logging_mixin.py:137} INFO - [2023-01-09T14:20:40.653+0400] {dag.py:2676} INFO - Sync 1 DAGs
[2023-01-09T14:20:40.664+0400] {logging_mixin.py:137} INFO - [2023-01-09T14:20:40.664+0400] {dag.py:3423} INFO - Setting next_dagrun for example_sla_dag to 2023-01-09T10:18:00+00:00, run_after=2023-01-09T10:20:00+00:00
[2023-01-09T14:20:40.673+0400] {processor.py:175} INFO - Processing /Users/harut/opt/anaconda3/lib/python3.9/site-packages/airflow/example_dags/example_sla_dag.py took 0.412 seconds
[2023-01-09T14:21:54.944+0400] {processor.py:153} INFO - Started process (PID=12594) to work on /Users/harut/opt/anaconda3/lib/python3.9/site-packages/airflow/example_dags/example_sla_dag.py
[2023-01-09T14:21:54.945+0400] {processor.py:743} INFO - Processing file /Users/harut/opt/anaconda3/lib/python3.9/site-packages/airflow/example_dags/example_sla_dag.py for tasks to queue
[2023-01-09T14:21:54.945+0400] {logging_mixin.py:137} INFO - [2023-01-09T14:21:54.945+0400] {dagbag.py:538} INFO - Filling up the DagBag from /Users/harut/opt/anaconda3/lib/python3.9/site-packages/airflow/example_dags/example_sla_dag.py
[2023-01-09T14:21:54.974+0400] {processor.py:753} INFO - DAG(s) dict_keys(['example_sla_dag']) retrieved from /Users/harut/opt/anaconda3/lib/python3.9/site-packages/airflow/example_dags/example_sla_dag.py
[2023-01-09T14:21:55.333+0400] {logging_mixin.py:137} INFO - [2023-01-09T14:21:55.333+0400] {dag.py:2676} INFO - Sync 1 DAGs
[2023-01-09T14:21:55.344+0400] {logging_mixin.py:137} INFO - [2023-01-09T14:21:55.344+0400] {dag.py:3423} INFO - Setting next_dagrun for example_sla_dag to 2023-01-09T10:18:00+00:00, run_after=2023-01-09T10:20:00+00:00
[2023-01-09T14:21:55.353+0400] {processor.py:175} INFO - Processing /Users/harut/opt/anaconda3/lib/python3.9/site-packages/airflow/example_dags/example_sla_dag.py took 0.409 seconds
[2023-01-09T14:23:09.726+0400] {processor.py:153} INFO - Started process (PID=12637) to work on /Users/harut/opt/anaconda3/lib/python3.9/site-packages/airflow/example_dags/example_sla_dag.py
[2023-01-09T14:23:09.727+0400] {processor.py:743} INFO - Processing file /Users/harut/opt/anaconda3/lib/python3.9/site-packages/airflow/example_dags/example_sla_dag.py for tasks to queue
[2023-01-09T14:23:09.727+0400] {logging_mixin.py:137} INFO - [2023-01-09T14:23:09.727+0400] {dagbag.py:538} INFO - Filling up the DagBag from /Users/harut/opt/anaconda3/lib/python3.9/site-packages/airflow/example_dags/example_sla_dag.py
[2023-01-09T14:23:09.757+0400] {processor.py:753} INFO - DAG(s) dict_keys(['example_sla_dag']) retrieved from /Users/harut/opt/anaconda3/lib/python3.9/site-packages/airflow/example_dags/example_sla_dag.py
[2023-01-09T14:23:10.119+0400] {logging_mixin.py:137} INFO - [2023-01-09T14:23:10.119+0400] {dag.py:2676} INFO - Sync 1 DAGs
[2023-01-09T14:23:10.130+0400] {logging_mixin.py:137} INFO - [2023-01-09T14:23:10.130+0400] {dag.py:3423} INFO - Setting next_dagrun for example_sla_dag to 2023-01-09T10:20:00+00:00, run_after=2023-01-09T10:22:00+00:00
[2023-01-09T14:23:10.138+0400] {processor.py:175} INFO - Processing /Users/harut/opt/anaconda3/lib/python3.9/site-packages/airflow/example_dags/example_sla_dag.py took 0.412 seconds
[2023-01-09T14:24:31.101+0400] {processor.py:153} INFO - Started process (PID=12682) to work on /Users/harut/opt/anaconda3/lib/python3.9/site-packages/airflow/example_dags/example_sla_dag.py
[2023-01-09T14:24:31.102+0400] {processor.py:743} INFO - Processing file /Users/harut/opt/anaconda3/lib/python3.9/site-packages/airflow/example_dags/example_sla_dag.py for tasks to queue
[2023-01-09T14:24:31.102+0400] {logging_mixin.py:137} INFO - [2023-01-09T14:24:31.102+0400] {dagbag.py:538} INFO - Filling up the DagBag from /Users/harut/opt/anaconda3/lib/python3.9/site-packages/airflow/example_dags/example_sla_dag.py
[2023-01-09T14:24:31.138+0400] {processor.py:753} INFO - DAG(s) dict_keys(['example_sla_dag']) retrieved from /Users/harut/opt/anaconda3/lib/python3.9/site-packages/airflow/example_dags/example_sla_dag.py
[2023-01-09T14:24:31.528+0400] {logging_mixin.py:137} INFO - [2023-01-09T14:24:31.528+0400] {dag.py:2676} INFO - Sync 1 DAGs
[2023-01-09T14:24:31.539+0400] {logging_mixin.py:137} INFO - [2023-01-09T14:24:31.539+0400] {dag.py:3423} INFO - Setting next_dagrun for example_sla_dag to 2023-01-09T10:22:00+00:00, run_after=2023-01-09T10:24:00+00:00
[2023-01-09T14:24:31.549+0400] {processor.py:175} INFO - Processing /Users/harut/opt/anaconda3/lib/python3.9/site-packages/airflow/example_dags/example_sla_dag.py took 0.448 seconds
[2023-01-09T14:25:49.743+0400] {processor.py:153} INFO - Started process (PID=12725) to work on /Users/harut/opt/anaconda3/lib/python3.9/site-packages/airflow/example_dags/example_sla_dag.py
[2023-01-09T14:25:49.744+0400] {processor.py:743} INFO - Processing file /Users/harut/opt/anaconda3/lib/python3.9/site-packages/airflow/example_dags/example_sla_dag.py for tasks to queue
[2023-01-09T14:25:49.744+0400] {logging_mixin.py:137} INFO - [2023-01-09T14:25:49.744+0400] {dagbag.py:538} INFO - Filling up the DagBag from /Users/harut/opt/anaconda3/lib/python3.9/site-packages/airflow/example_dags/example_sla_dag.py
[2023-01-09T14:25:49.774+0400] {processor.py:753} INFO - DAG(s) dict_keys(['example_sla_dag']) retrieved from /Users/harut/opt/anaconda3/lib/python3.9/site-packages/airflow/example_dags/example_sla_dag.py
[2023-01-09T14:25:50.136+0400] {logging_mixin.py:137} INFO - [2023-01-09T14:25:50.136+0400] {dag.py:2676} INFO - Sync 1 DAGs
[2023-01-09T14:25:50.147+0400] {logging_mixin.py:137} INFO - [2023-01-09T14:25:50.147+0400] {dag.py:3423} INFO - Setting next_dagrun for example_sla_dag to 2023-01-09T10:22:00+00:00, run_after=2023-01-09T10:24:00+00:00
[2023-01-09T14:25:50.158+0400] {processor.py:175} INFO - Processing /Users/harut/opt/anaconda3/lib/python3.9/site-packages/airflow/example_dags/example_sla_dag.py took 0.415 seconds
[2023-01-09T14:27:06.278+0400] {processor.py:153} INFO - Started process (PID=12771) to work on /Users/harut/opt/anaconda3/lib/python3.9/site-packages/airflow/example_dags/example_sla_dag.py
[2023-01-09T14:27:06.278+0400] {processor.py:743} INFO - Processing file /Users/harut/opt/anaconda3/lib/python3.9/site-packages/airflow/example_dags/example_sla_dag.py for tasks to queue
[2023-01-09T14:27:06.278+0400] {logging_mixin.py:137} INFO - [2023-01-09T14:27:06.278+0400] {dagbag.py:538} INFO - Filling up the DagBag from /Users/harut/opt/anaconda3/lib/python3.9/site-packages/airflow/example_dags/example_sla_dag.py
[2023-01-09T14:27:06.308+0400] {processor.py:753} INFO - DAG(s) dict_keys(['example_sla_dag']) retrieved from /Users/harut/opt/anaconda3/lib/python3.9/site-packages/airflow/example_dags/example_sla_dag.py
[2023-01-09T14:27:06.669+0400] {logging_mixin.py:137} INFO - [2023-01-09T14:27:06.669+0400] {dag.py:2676} INFO - Sync 1 DAGs
[2023-01-09T14:27:06.680+0400] {logging_mixin.py:137} INFO - [2023-01-09T14:27:06.680+0400] {dag.py:3423} INFO - Setting next_dagrun for example_sla_dag to 2023-01-09T10:24:00+00:00, run_after=2023-01-09T10:26:00+00:00
[2023-01-09T14:27:06.689+0400] {processor.py:175} INFO - Processing /Users/harut/opt/anaconda3/lib/python3.9/site-packages/airflow/example_dags/example_sla_dag.py took 0.412 seconds
[2023-01-09T14:28:23.418+0400] {processor.py:153} INFO - Started process (PID=12816) to work on /Users/harut/opt/anaconda3/lib/python3.9/site-packages/airflow/example_dags/example_sla_dag.py
[2023-01-09T14:28:23.419+0400] {processor.py:743} INFO - Processing file /Users/harut/opt/anaconda3/lib/python3.9/site-packages/airflow/example_dags/example_sla_dag.py for tasks to queue
[2023-01-09T14:28:23.419+0400] {logging_mixin.py:137} INFO - [2023-01-09T14:28:23.419+0400] {dagbag.py:538} INFO - Filling up the DagBag from /Users/harut/opt/anaconda3/lib/python3.9/site-packages/airflow/example_dags/example_sla_dag.py
[2023-01-09T14:28:23.450+0400] {processor.py:753} INFO - DAG(s) dict_keys(['example_sla_dag']) retrieved from /Users/harut/opt/anaconda3/lib/python3.9/site-packages/airflow/example_dags/example_sla_dag.py
[2023-01-09T14:28:23.816+0400] {logging_mixin.py:137} INFO - [2023-01-09T14:28:23.816+0400] {dag.py:2676} INFO - Sync 1 DAGs
[2023-01-09T14:28:23.828+0400] {logging_mixin.py:137} INFO - [2023-01-09T14:28:23.828+0400] {dag.py:3423} INFO - Setting next_dagrun for example_sla_dag to 2023-01-09T10:26:00+00:00, run_after=2023-01-09T10:28:00+00:00
[2023-01-09T14:28:23.838+0400] {processor.py:175} INFO - Processing /Users/harut/opt/anaconda3/lib/python3.9/site-packages/airflow/example_dags/example_sla_dag.py took 0.419 seconds
[2023-01-09T14:29:41.811+0400] {processor.py:153} INFO - Started process (PID=12855) to work on /Users/harut/opt/anaconda3/lib/python3.9/site-packages/airflow/example_dags/example_sla_dag.py
[2023-01-09T14:29:41.812+0400] {processor.py:743} INFO - Processing file /Users/harut/opt/anaconda3/lib/python3.9/site-packages/airflow/example_dags/example_sla_dag.py for tasks to queue
[2023-01-09T14:29:41.812+0400] {logging_mixin.py:137} INFO - [2023-01-09T14:29:41.812+0400] {dagbag.py:538} INFO - Filling up the DagBag from /Users/harut/opt/anaconda3/lib/python3.9/site-packages/airflow/example_dags/example_sla_dag.py
[2023-01-09T14:29:41.843+0400] {processor.py:753} INFO - DAG(s) dict_keys(['example_sla_dag']) retrieved from /Users/harut/opt/anaconda3/lib/python3.9/site-packages/airflow/example_dags/example_sla_dag.py
[2023-01-09T14:29:42.235+0400] {logging_mixin.py:137} INFO - [2023-01-09T14:29:42.234+0400] {dag.py:2676} INFO - Sync 1 DAGs
[2023-01-09T14:29:42.248+0400] {logging_mixin.py:137} INFO - [2023-01-09T14:29:42.248+0400] {dag.py:3423} INFO - Setting next_dagrun for example_sla_dag to 2023-01-09T10:26:00+00:00, run_after=2023-01-09T10:28:00+00:00
[2023-01-09T14:29:42.259+0400] {processor.py:175} INFO - Processing /Users/harut/opt/anaconda3/lib/python3.9/site-packages/airflow/example_dags/example_sla_dag.py took 0.448 seconds
[2023-01-09T14:30:56.584+0400] {processor.py:153} INFO - Started process (PID=12901) to work on /Users/harut/opt/anaconda3/lib/python3.9/site-packages/airflow/example_dags/example_sla_dag.py
[2023-01-09T14:30:56.584+0400] {processor.py:743} INFO - Processing file /Users/harut/opt/anaconda3/lib/python3.9/site-packages/airflow/example_dags/example_sla_dag.py for tasks to queue
[2023-01-09T14:30:56.584+0400] {logging_mixin.py:137} INFO - [2023-01-09T14:30:56.584+0400] {dagbag.py:538} INFO - Filling up the DagBag from /Users/harut/opt/anaconda3/lib/python3.9/site-packages/airflow/example_dags/example_sla_dag.py
[2023-01-09T14:30:56.614+0400] {processor.py:753} INFO - DAG(s) dict_keys(['example_sla_dag']) retrieved from /Users/harut/opt/anaconda3/lib/python3.9/site-packages/airflow/example_dags/example_sla_dag.py
[2023-01-09T14:30:56.973+0400] {logging_mixin.py:137} INFO - [2023-01-09T14:30:56.973+0400] {dag.py:2676} INFO - Sync 1 DAGs
[2023-01-09T14:30:56.985+0400] {logging_mixin.py:137} INFO - [2023-01-09T14:30:56.984+0400] {dag.py:3423} INFO - Setting next_dagrun for example_sla_dag to 2023-01-09T10:28:00+00:00, run_after=2023-01-09T10:30:00+00:00
[2023-01-09T14:30:56.994+0400] {processor.py:175} INFO - Processing /Users/harut/opt/anaconda3/lib/python3.9/site-packages/airflow/example_dags/example_sla_dag.py took 0.411 seconds
[2023-01-09T14:32:11.136+0400] {processor.py:153} INFO - Started process (PID=12944) to work on /Users/harut/opt/anaconda3/lib/python3.9/site-packages/airflow/example_dags/example_sla_dag.py
[2023-01-09T14:32:11.137+0400] {processor.py:743} INFO - Processing file /Users/harut/opt/anaconda3/lib/python3.9/site-packages/airflow/example_dags/example_sla_dag.py for tasks to queue
[2023-01-09T14:32:11.137+0400] {logging_mixin.py:137} INFO - [2023-01-09T14:32:11.137+0400] {dagbag.py:538} INFO - Filling up the DagBag from /Users/harut/opt/anaconda3/lib/python3.9/site-packages/airflow/example_dags/example_sla_dag.py
[2023-01-09T14:32:11.167+0400] {processor.py:753} INFO - DAG(s) dict_keys(['example_sla_dag']) retrieved from /Users/harut/opt/anaconda3/lib/python3.9/site-packages/airflow/example_dags/example_sla_dag.py
[2023-01-09T14:32:11.526+0400] {logging_mixin.py:137} INFO - [2023-01-09T14:32:11.526+0400] {dag.py:2676} INFO - Sync 1 DAGs
[2023-01-09T14:32:11.536+0400] {logging_mixin.py:137} INFO - [2023-01-09T14:32:11.536+0400] {dag.py:3423} INFO - Setting next_dagrun for example_sla_dag to 2023-01-09T10:30:00+00:00, run_after=2023-01-09T10:32:00+00:00
[2023-01-09T14:32:11.546+0400] {processor.py:175} INFO - Processing /Users/harut/opt/anaconda3/lib/python3.9/site-packages/airflow/example_dags/example_sla_dag.py took 0.410 seconds
[2023-01-09T14:33:28.679+0400] {processor.py:153} INFO - Started process (PID=12993) to work on /Users/harut/opt/anaconda3/lib/python3.9/site-packages/airflow/example_dags/example_sla_dag.py
[2023-01-09T14:33:28.680+0400] {processor.py:743} INFO - Processing file /Users/harut/opt/anaconda3/lib/python3.9/site-packages/airflow/example_dags/example_sla_dag.py for tasks to queue
[2023-01-09T14:33:28.680+0400] {logging_mixin.py:137} INFO - [2023-01-09T14:33:28.680+0400] {dagbag.py:538} INFO - Filling up the DagBag from /Users/harut/opt/anaconda3/lib/python3.9/site-packages/airflow/example_dags/example_sla_dag.py
[2023-01-09T14:33:28.709+0400] {processor.py:753} INFO - DAG(s) dict_keys(['example_sla_dag']) retrieved from /Users/harut/opt/anaconda3/lib/python3.9/site-packages/airflow/example_dags/example_sla_dag.py
[2023-01-09T14:33:29.074+0400] {logging_mixin.py:137} INFO - [2023-01-09T14:33:29.074+0400] {dag.py:2676} INFO - Sync 1 DAGs
[2023-01-09T14:33:29.086+0400] {logging_mixin.py:137} INFO - [2023-01-09T14:33:29.086+0400] {dag.py:3423} INFO - Setting next_dagrun for example_sla_dag to 2023-01-09T10:30:00+00:00, run_after=2023-01-09T10:32:00+00:00
[2023-01-09T14:33:29.095+0400] {processor.py:175} INFO - Processing /Users/harut/opt/anaconda3/lib/python3.9/site-packages/airflow/example_dags/example_sla_dag.py took 0.417 seconds
[2023-01-09T14:34:45.743+0400] {processor.py:153} INFO - Started process (PID=13043) to work on /Users/harut/opt/anaconda3/lib/python3.9/site-packages/airflow/example_dags/example_sla_dag.py
[2023-01-09T14:34:45.743+0400] {processor.py:743} INFO - Processing file /Users/harut/opt/anaconda3/lib/python3.9/site-packages/airflow/example_dags/example_sla_dag.py for tasks to queue
[2023-01-09T14:34:45.744+0400] {logging_mixin.py:137} INFO - [2023-01-09T14:34:45.744+0400] {dagbag.py:538} INFO - Filling up the DagBag from /Users/harut/opt/anaconda3/lib/python3.9/site-packages/airflow/example_dags/example_sla_dag.py
[2023-01-09T14:34:45.777+0400] {processor.py:753} INFO - DAG(s) dict_keys(['example_sla_dag']) retrieved from /Users/harut/opt/anaconda3/lib/python3.9/site-packages/airflow/example_dags/example_sla_dag.py
[2023-01-09T14:34:46.200+0400] {logging_mixin.py:137} INFO - [2023-01-09T14:34:46.200+0400] {dag.py:2676} INFO - Sync 1 DAGs
[2023-01-09T14:34:46.213+0400] {logging_mixin.py:137} INFO - [2023-01-09T14:34:46.213+0400] {dag.py:3423} INFO - Setting next_dagrun for example_sla_dag to 2023-01-09T10:32:00+00:00, run_after=2023-01-09T10:34:00+00:00
[2023-01-09T14:34:46.224+0400] {processor.py:175} INFO - Processing /Users/harut/opt/anaconda3/lib/python3.9/site-packages/airflow/example_dags/example_sla_dag.py took 0.482 seconds
[2023-01-09T14:36:04.077+0400] {processor.py:153} INFO - Started process (PID=13095) to work on /Users/harut/opt/anaconda3/lib/python3.9/site-packages/airflow/example_dags/example_sla_dag.py
[2023-01-09T14:36:04.077+0400] {processor.py:743} INFO - Processing file /Users/harut/opt/anaconda3/lib/python3.9/site-packages/airflow/example_dags/example_sla_dag.py for tasks to queue
[2023-01-09T14:36:04.077+0400] {logging_mixin.py:137} INFO - [2023-01-09T14:36:04.077+0400] {dagbag.py:538} INFO - Filling up the DagBag from /Users/harut/opt/anaconda3/lib/python3.9/site-packages/airflow/example_dags/example_sla_dag.py
[2023-01-09T14:36:04.107+0400] {processor.py:753} INFO - DAG(s) dict_keys(['example_sla_dag']) retrieved from /Users/harut/opt/anaconda3/lib/python3.9/site-packages/airflow/example_dags/example_sla_dag.py
[2023-01-09T14:36:04.470+0400] {logging_mixin.py:137} INFO - [2023-01-09T14:36:04.470+0400] {dag.py:2676} INFO - Sync 1 DAGs
[2023-01-09T14:36:04.481+0400] {logging_mixin.py:137} INFO - [2023-01-09T14:36:04.481+0400] {dag.py:3423} INFO - Setting next_dagrun for example_sla_dag to 2023-01-09T10:34:00+00:00, run_after=2023-01-09T10:36:00+00:00
[2023-01-09T14:36:04.490+0400] {processor.py:175} INFO - Processing /Users/harut/opt/anaconda3/lib/python3.9/site-packages/airflow/example_dags/example_sla_dag.py took 0.414 seconds
[2023-01-09T14:37:21.308+0400] {processor.py:153} INFO - Started process (PID=13136) to work on /Users/harut/opt/anaconda3/lib/python3.9/site-packages/airflow/example_dags/example_sla_dag.py
[2023-01-09T14:37:21.309+0400] {processor.py:743} INFO - Processing file /Users/harut/opt/anaconda3/lib/python3.9/site-packages/airflow/example_dags/example_sla_dag.py for tasks to queue
[2023-01-09T14:37:21.309+0400] {logging_mixin.py:137} INFO - [2023-01-09T14:37:21.309+0400] {dagbag.py:538} INFO - Filling up the DagBag from /Users/harut/opt/anaconda3/lib/python3.9/site-packages/airflow/example_dags/example_sla_dag.py
[2023-01-09T14:37:21.339+0400] {processor.py:753} INFO - DAG(s) dict_keys(['example_sla_dag']) retrieved from /Users/harut/opt/anaconda3/lib/python3.9/site-packages/airflow/example_dags/example_sla_dag.py
[2023-01-09T14:37:21.718+0400] {logging_mixin.py:137} INFO - [2023-01-09T14:37:21.718+0400] {dag.py:2676} INFO - Sync 1 DAGs
[2023-01-09T14:37:21.730+0400] {logging_mixin.py:137} INFO - [2023-01-09T14:37:21.730+0400] {dag.py:3423} INFO - Setting next_dagrun for example_sla_dag to 2023-01-09T10:34:00+00:00, run_after=2023-01-09T10:36:00+00:00
[2023-01-09T14:37:21.739+0400] {processor.py:175} INFO - Processing /Users/harut/opt/anaconda3/lib/python3.9/site-packages/airflow/example_dags/example_sla_dag.py took 0.431 seconds
[2023-01-09T14:38:37.699+0400] {processor.py:153} INFO - Started process (PID=13182) to work on /Users/harut/opt/anaconda3/lib/python3.9/site-packages/airflow/example_dags/example_sla_dag.py
[2023-01-09T14:38:37.699+0400] {processor.py:743} INFO - Processing file /Users/harut/opt/anaconda3/lib/python3.9/site-packages/airflow/example_dags/example_sla_dag.py for tasks to queue
[2023-01-09T14:38:37.700+0400] {logging_mixin.py:137} INFO - [2023-01-09T14:38:37.700+0400] {dagbag.py:538} INFO - Filling up the DagBag from /Users/harut/opt/anaconda3/lib/python3.9/site-packages/airflow/example_dags/example_sla_dag.py
[2023-01-09T14:38:37.729+0400] {processor.py:753} INFO - DAG(s) dict_keys(['example_sla_dag']) retrieved from /Users/harut/opt/anaconda3/lib/python3.9/site-packages/airflow/example_dags/example_sla_dag.py
[2023-01-09T14:38:38.089+0400] {logging_mixin.py:137} INFO - [2023-01-09T14:38:38.088+0400] {dag.py:2676} INFO - Sync 1 DAGs
[2023-01-09T14:38:38.100+0400] {logging_mixin.py:137} INFO - [2023-01-09T14:38:38.100+0400] {dag.py:3423} INFO - Setting next_dagrun for example_sla_dag to 2023-01-09T10:36:00+00:00, run_after=2023-01-09T10:38:00+00:00
[2023-01-09T14:38:38.109+0400] {processor.py:175} INFO - Processing /Users/harut/opt/anaconda3/lib/python3.9/site-packages/airflow/example_dags/example_sla_dag.py took 0.410 seconds
[2023-01-09T14:39:54.890+0400] {processor.py:153} INFO - Started process (PID=13224) to work on /Users/harut/opt/anaconda3/lib/python3.9/site-packages/airflow/example_dags/example_sla_dag.py
[2023-01-09T14:39:54.890+0400] {processor.py:743} INFO - Processing file /Users/harut/opt/anaconda3/lib/python3.9/site-packages/airflow/example_dags/example_sla_dag.py for tasks to queue
[2023-01-09T14:39:54.891+0400] {logging_mixin.py:137} INFO - [2023-01-09T14:39:54.891+0400] {dagbag.py:538} INFO - Filling up the DagBag from /Users/harut/opt/anaconda3/lib/python3.9/site-packages/airflow/example_dags/example_sla_dag.py
[2023-01-09T14:39:54.921+0400] {processor.py:753} INFO - DAG(s) dict_keys(['example_sla_dag']) retrieved from /Users/harut/opt/anaconda3/lib/python3.9/site-packages/airflow/example_dags/example_sla_dag.py
[2023-01-09T14:39:55.282+0400] {logging_mixin.py:137} INFO - [2023-01-09T14:39:55.282+0400] {dag.py:2676} INFO - Sync 1 DAGs
[2023-01-09T14:39:55.293+0400] {logging_mixin.py:137} INFO - [2023-01-09T14:39:55.293+0400] {dag.py:3423} INFO - Setting next_dagrun for example_sla_dag to 2023-01-09T10:36:00+00:00, run_after=2023-01-09T10:38:00+00:00
[2023-01-09T14:39:55.302+0400] {processor.py:175} INFO - Processing /Users/harut/opt/anaconda3/lib/python3.9/site-packages/airflow/example_dags/example_sla_dag.py took 0.413 seconds
[2023-01-09T14:41:10.660+0400] {processor.py:153} INFO - Started process (PID=13270) to work on /Users/harut/opt/anaconda3/lib/python3.9/site-packages/airflow/example_dags/example_sla_dag.py
[2023-01-09T14:41:10.661+0400] {processor.py:743} INFO - Processing file /Users/harut/opt/anaconda3/lib/python3.9/site-packages/airflow/example_dags/example_sla_dag.py for tasks to queue
[2023-01-09T14:41:10.661+0400] {logging_mixin.py:137} INFO - [2023-01-09T14:41:10.661+0400] {dagbag.py:538} INFO - Filling up the DagBag from /Users/harut/opt/anaconda3/lib/python3.9/site-packages/airflow/example_dags/example_sla_dag.py
[2023-01-09T14:41:10.691+0400] {processor.py:753} INFO - DAG(s) dict_keys(['example_sla_dag']) retrieved from /Users/harut/opt/anaconda3/lib/python3.9/site-packages/airflow/example_dags/example_sla_dag.py
[2023-01-09T14:41:11.058+0400] {logging_mixin.py:137} INFO - [2023-01-09T14:41:11.058+0400] {dag.py:2676} INFO - Sync 1 DAGs
[2023-01-09T14:41:11.069+0400] {logging_mixin.py:137} INFO - [2023-01-09T14:41:11.069+0400] {dag.py:3423} INFO - Setting next_dagrun for example_sla_dag to 2023-01-09T10:38:00+00:00, run_after=2023-01-09T10:40:00+00:00
[2023-01-09T14:41:11.078+0400] {processor.py:175} INFO - Processing /Users/harut/opt/anaconda3/lib/python3.9/site-packages/airflow/example_dags/example_sla_dag.py took 0.418 seconds
[2023-01-09T14:42:27.365+0400] {processor.py:153} INFO - Started process (PID=13315) to work on /Users/harut/opt/anaconda3/lib/python3.9/site-packages/airflow/example_dags/example_sla_dag.py
[2023-01-09T14:42:27.366+0400] {processor.py:743} INFO - Processing file /Users/harut/opt/anaconda3/lib/python3.9/site-packages/airflow/example_dags/example_sla_dag.py for tasks to queue
[2023-01-09T14:42:27.366+0400] {logging_mixin.py:137} INFO - [2023-01-09T14:42:27.366+0400] {dagbag.py:538} INFO - Filling up the DagBag from /Users/harut/opt/anaconda3/lib/python3.9/site-packages/airflow/example_dags/example_sla_dag.py
[2023-01-09T14:42:27.395+0400] {processor.py:753} INFO - DAG(s) dict_keys(['example_sla_dag']) retrieved from /Users/harut/opt/anaconda3/lib/python3.9/site-packages/airflow/example_dags/example_sla_dag.py
[2023-01-09T14:42:27.757+0400] {logging_mixin.py:137} INFO - [2023-01-09T14:42:27.757+0400] {dag.py:2676} INFO - Sync 1 DAGs
[2023-01-09T14:42:27.769+0400] {logging_mixin.py:137} INFO - [2023-01-09T14:42:27.769+0400] {dag.py:3423} INFO - Setting next_dagrun for example_sla_dag to 2023-01-09T10:40:00+00:00, run_after=2023-01-09T10:42:00+00:00
[2023-01-09T14:42:27.778+0400] {processor.py:175} INFO - Processing /Users/harut/opt/anaconda3/lib/python3.9/site-packages/airflow/example_dags/example_sla_dag.py took 0.414 seconds
[2023-01-09T14:43:43.646+0400] {processor.py:153} INFO - Started process (PID=13358) to work on /Users/harut/opt/anaconda3/lib/python3.9/site-packages/airflow/example_dags/example_sla_dag.py
[2023-01-09T14:43:43.647+0400] {processor.py:743} INFO - Processing file /Users/harut/opt/anaconda3/lib/python3.9/site-packages/airflow/example_dags/example_sla_dag.py for tasks to queue
[2023-01-09T14:43:43.647+0400] {logging_mixin.py:137} INFO - [2023-01-09T14:43:43.647+0400] {dagbag.py:538} INFO - Filling up the DagBag from /Users/harut/opt/anaconda3/lib/python3.9/site-packages/airflow/example_dags/example_sla_dag.py
[2023-01-09T14:43:43.676+0400] {processor.py:753} INFO - DAG(s) dict_keys(['example_sla_dag']) retrieved from /Users/harut/opt/anaconda3/lib/python3.9/site-packages/airflow/example_dags/example_sla_dag.py
[2023-01-09T14:43:44.044+0400] {logging_mixin.py:137} INFO - [2023-01-09T14:43:44.043+0400] {dag.py:2676} INFO - Sync 1 DAGs
[2023-01-09T14:43:44.055+0400] {logging_mixin.py:137} INFO - [2023-01-09T14:43:44.055+0400] {dag.py:3423} INFO - Setting next_dagrun for example_sla_dag to 2023-01-09T10:40:00+00:00, run_after=2023-01-09T10:42:00+00:00
[2023-01-09T14:43:44.064+0400] {processor.py:175} INFO - Processing /Users/harut/opt/anaconda3/lib/python3.9/site-packages/airflow/example_dags/example_sla_dag.py took 0.418 seconds
[2023-01-09T14:45:04.081+0400] {processor.py:153} INFO - Started process (PID=13405) to work on /Users/harut/opt/anaconda3/lib/python3.9/site-packages/airflow/example_dags/example_sla_dag.py
[2023-01-09T14:45:04.081+0400] {processor.py:743} INFO - Processing file /Users/harut/opt/anaconda3/lib/python3.9/site-packages/airflow/example_dags/example_sla_dag.py for tasks to queue
[2023-01-09T14:45:04.082+0400] {logging_mixin.py:137} INFO - [2023-01-09T14:45:04.082+0400] {dagbag.py:538} INFO - Filling up the DagBag from /Users/harut/opt/anaconda3/lib/python3.9/site-packages/airflow/example_dags/example_sla_dag.py
[2023-01-09T14:45:04.111+0400] {processor.py:753} INFO - DAG(s) dict_keys(['example_sla_dag']) retrieved from /Users/harut/opt/anaconda3/lib/python3.9/site-packages/airflow/example_dags/example_sla_dag.py
[2023-01-09T14:45:04.507+0400] {logging_mixin.py:137} INFO - [2023-01-09T14:45:04.506+0400] {dag.py:2676} INFO - Sync 1 DAGs
[2023-01-09T14:45:04.518+0400] {logging_mixin.py:137} INFO - [2023-01-09T14:45:04.518+0400] {dag.py:3423} INFO - Setting next_dagrun for example_sla_dag to 2023-01-09T10:42:00+00:00, run_after=2023-01-09T10:44:00+00:00
[2023-01-09T14:45:04.527+0400] {processor.py:175} INFO - Processing /Users/harut/opt/anaconda3/lib/python3.9/site-packages/airflow/example_dags/example_sla_dag.py took 0.447 seconds
[2023-01-09T14:46:22.106+0400] {processor.py:153} INFO - Started process (PID=13448) to work on /Users/harut/opt/anaconda3/lib/python3.9/site-packages/airflow/example_dags/example_sla_dag.py
[2023-01-09T14:46:22.107+0400] {processor.py:743} INFO - Processing file /Users/harut/opt/anaconda3/lib/python3.9/site-packages/airflow/example_dags/example_sla_dag.py for tasks to queue
[2023-01-09T14:46:22.107+0400] {logging_mixin.py:137} INFO - [2023-01-09T14:46:22.107+0400] {dagbag.py:538} INFO - Filling up the DagBag from /Users/harut/opt/anaconda3/lib/python3.9/site-packages/airflow/example_dags/example_sla_dag.py
[2023-01-09T14:46:22.137+0400] {processor.py:753} INFO - DAG(s) dict_keys(['example_sla_dag']) retrieved from /Users/harut/opt/anaconda3/lib/python3.9/site-packages/airflow/example_dags/example_sla_dag.py
[2023-01-09T14:46:22.531+0400] {logging_mixin.py:137} INFO - [2023-01-09T14:46:22.531+0400] {dag.py:2676} INFO - Sync 1 DAGs
[2023-01-09T14:46:22.544+0400] {logging_mixin.py:137} INFO - [2023-01-09T14:46:22.544+0400] {dag.py:3423} INFO - Setting next_dagrun for example_sla_dag to 2023-01-09T10:44:00+00:00, run_after=2023-01-09T10:46:00+00:00
[2023-01-09T14:46:22.555+0400] {processor.py:175} INFO - Processing /Users/harut/opt/anaconda3/lib/python3.9/site-packages/airflow/example_dags/example_sla_dag.py took 0.449 seconds
[2023-01-09T14:47:41.817+0400] {processor.py:153} INFO - Started process (PID=13511) to work on /Users/harut/opt/anaconda3/lib/python3.9/site-packages/airflow/example_dags/example_sla_dag.py
[2023-01-09T14:47:41.817+0400] {processor.py:743} INFO - Processing file /Users/harut/opt/anaconda3/lib/python3.9/site-packages/airflow/example_dags/example_sla_dag.py for tasks to queue
[2023-01-09T14:47:41.818+0400] {logging_mixin.py:137} INFO - [2023-01-09T14:47:41.818+0400] {dagbag.py:538} INFO - Filling up the DagBag from /Users/harut/opt/anaconda3/lib/python3.9/site-packages/airflow/example_dags/example_sla_dag.py
[2023-01-09T14:47:41.851+0400] {processor.py:753} INFO - DAG(s) dict_keys(['example_sla_dag']) retrieved from /Users/harut/opt/anaconda3/lib/python3.9/site-packages/airflow/example_dags/example_sla_dag.py
[2023-01-09T14:47:42.261+0400] {logging_mixin.py:137} INFO - [2023-01-09T14:47:42.261+0400] {dag.py:2676} INFO - Sync 1 DAGs
[2023-01-09T14:47:42.273+0400] {logging_mixin.py:137} INFO - [2023-01-09T14:47:42.273+0400] {dag.py:3423} INFO - Setting next_dagrun for example_sla_dag to 2023-01-09T10:44:00+00:00, run_after=2023-01-09T10:46:00+00:00
[2023-01-09T14:47:42.283+0400] {processor.py:175} INFO - Processing /Users/harut/opt/anaconda3/lib/python3.9/site-packages/airflow/example_dags/example_sla_dag.py took 0.467 seconds
[2023-01-09T14:49:04.788+0400] {processor.py:153} INFO - Started process (PID=13556) to work on /Users/harut/opt/anaconda3/lib/python3.9/site-packages/airflow/example_dags/example_sla_dag.py
[2023-01-09T14:49:04.789+0400] {processor.py:743} INFO - Processing file /Users/harut/opt/anaconda3/lib/python3.9/site-packages/airflow/example_dags/example_sla_dag.py for tasks to queue
[2023-01-09T14:49:04.789+0400] {logging_mixin.py:137} INFO - [2023-01-09T14:49:04.789+0400] {dagbag.py:538} INFO - Filling up the DagBag from /Users/harut/opt/anaconda3/lib/python3.9/site-packages/airflow/example_dags/example_sla_dag.py
[2023-01-09T14:49:04.832+0400] {processor.py:753} INFO - DAG(s) dict_keys(['example_sla_dag']) retrieved from /Users/harut/opt/anaconda3/lib/python3.9/site-packages/airflow/example_dags/example_sla_dag.py
[2023-01-09T14:49:05.261+0400] {logging_mixin.py:137} INFO - [2023-01-09T14:49:05.261+0400] {dag.py:2676} INFO - Sync 1 DAGs
[2023-01-09T14:49:05.273+0400] {logging_mixin.py:137} INFO - [2023-01-09T14:49:05.273+0400] {dag.py:3423} INFO - Setting next_dagrun for example_sla_dag to 2023-01-09T10:46:00+00:00, run_after=2023-01-09T10:48:00+00:00
[2023-01-09T14:49:05.284+0400] {processor.py:175} INFO - Processing /Users/harut/opt/anaconda3/lib/python3.9/site-packages/airflow/example_dags/example_sla_dag.py took 0.496 seconds
[2023-01-09T14:50:26.909+0400] {processor.py:153} INFO - Started process (PID=13603) to work on /Users/harut/opt/anaconda3/lib/python3.9/site-packages/airflow/example_dags/example_sla_dag.py
[2023-01-09T14:50:26.909+0400] {processor.py:743} INFO - Processing file /Users/harut/opt/anaconda3/lib/python3.9/site-packages/airflow/example_dags/example_sla_dag.py for tasks to queue
[2023-01-09T14:50:26.910+0400] {logging_mixin.py:137} INFO - [2023-01-09T14:50:26.910+0400] {dagbag.py:538} INFO - Filling up the DagBag from /Users/harut/opt/anaconda3/lib/python3.9/site-packages/airflow/example_dags/example_sla_dag.py
[2023-01-09T14:50:26.941+0400] {processor.py:753} INFO - DAG(s) dict_keys(['example_sla_dag']) retrieved from /Users/harut/opt/anaconda3/lib/python3.9/site-packages/airflow/example_dags/example_sla_dag.py
[2023-01-09T14:50:27.343+0400] {logging_mixin.py:137} INFO - [2023-01-09T14:50:27.343+0400] {dag.py:2676} INFO - Sync 1 DAGs
[2023-01-09T14:50:27.355+0400] {logging_mixin.py:137} INFO - [2023-01-09T14:50:27.355+0400] {dag.py:3423} INFO - Setting next_dagrun for example_sla_dag to 2023-01-09T10:48:00+00:00, run_after=2023-01-09T10:50:00+00:00
[2023-01-09T14:50:27.365+0400] {processor.py:175} INFO - Processing /Users/harut/opt/anaconda3/lib/python3.9/site-packages/airflow/example_dags/example_sla_dag.py took 0.457 seconds
[2023-01-09T14:51:46.844+0400] {processor.py:153} INFO - Started process (PID=13655) to work on /Users/harut/opt/anaconda3/lib/python3.9/site-packages/airflow/example_dags/example_sla_dag.py
[2023-01-09T14:51:46.845+0400] {processor.py:743} INFO - Processing file /Users/harut/opt/anaconda3/lib/python3.9/site-packages/airflow/example_dags/example_sla_dag.py for tasks to queue
[2023-01-09T14:51:46.845+0400] {logging_mixin.py:137} INFO - [2023-01-09T14:51:46.845+0400] {dagbag.py:538} INFO - Filling up the DagBag from /Users/harut/opt/anaconda3/lib/python3.9/site-packages/airflow/example_dags/example_sla_dag.py
[2023-01-09T14:51:46.875+0400] {processor.py:753} INFO - DAG(s) dict_keys(['example_sla_dag']) retrieved from /Users/harut/opt/anaconda3/lib/python3.9/site-packages/airflow/example_dags/example_sla_dag.py
[2023-01-09T14:51:47.253+0400] {logging_mixin.py:137} INFO - [2023-01-09T14:51:47.253+0400] {dag.py:2676} INFO - Sync 1 DAGs
[2023-01-09T14:51:47.265+0400] {logging_mixin.py:137} INFO - [2023-01-09T14:51:47.265+0400] {dag.py:3423} INFO - Setting next_dagrun for example_sla_dag to 2023-01-09T10:48:00+00:00, run_after=2023-01-09T10:50:00+00:00
[2023-01-09T14:51:47.274+0400] {processor.py:175} INFO - Processing /Users/harut/opt/anaconda3/lib/python3.9/site-packages/airflow/example_dags/example_sla_dag.py took 0.430 seconds
[2023-01-09T14:53:06.786+0400] {processor.py:153} INFO - Started process (PID=13696) to work on /Users/harut/opt/anaconda3/lib/python3.9/site-packages/airflow/example_dags/example_sla_dag.py
[2023-01-09T14:53:06.786+0400] {processor.py:743} INFO - Processing file /Users/harut/opt/anaconda3/lib/python3.9/site-packages/airflow/example_dags/example_sla_dag.py for tasks to queue
[2023-01-09T14:53:06.786+0400] {logging_mixin.py:137} INFO - [2023-01-09T14:53:06.786+0400] {dagbag.py:538} INFO - Filling up the DagBag from /Users/harut/opt/anaconda3/lib/python3.9/site-packages/airflow/example_dags/example_sla_dag.py
[2023-01-09T14:53:06.816+0400] {processor.py:753} INFO - DAG(s) dict_keys(['example_sla_dag']) retrieved from /Users/harut/opt/anaconda3/lib/python3.9/site-packages/airflow/example_dags/example_sla_dag.py
[2023-01-09T14:53:07.175+0400] {logging_mixin.py:137} INFO - [2023-01-09T14:53:07.175+0400] {dag.py:2676} INFO - Sync 1 DAGs
[2023-01-09T14:53:07.186+0400] {logging_mixin.py:137} INFO - [2023-01-09T14:53:07.186+0400] {dag.py:3423} INFO - Setting next_dagrun for example_sla_dag to 2023-01-09T10:50:00+00:00, run_after=2023-01-09T10:52:00+00:00
[2023-01-09T14:53:07.195+0400] {processor.py:175} INFO - Processing /Users/harut/opt/anaconda3/lib/python3.9/site-packages/airflow/example_dags/example_sla_dag.py took 0.410 seconds
[2023-01-09T14:54:27.753+0400] {processor.py:153} INFO - Started process (PID=13744) to work on /Users/harut/opt/anaconda3/lib/python3.9/site-packages/airflow/example_dags/example_sla_dag.py
[2023-01-09T14:54:27.754+0400] {processor.py:743} INFO - Processing file /Users/harut/opt/anaconda3/lib/python3.9/site-packages/airflow/example_dags/example_sla_dag.py for tasks to queue
[2023-01-09T14:54:27.754+0400] {logging_mixin.py:137} INFO - [2023-01-09T14:54:27.754+0400] {dagbag.py:538} INFO - Filling up the DagBag from /Users/harut/opt/anaconda3/lib/python3.9/site-packages/airflow/example_dags/example_sla_dag.py
[2023-01-09T14:54:27.784+0400] {processor.py:753} INFO - DAG(s) dict_keys(['example_sla_dag']) retrieved from /Users/harut/opt/anaconda3/lib/python3.9/site-packages/airflow/example_dags/example_sla_dag.py
[2023-01-09T14:54:28.162+0400] {logging_mixin.py:137} INFO - [2023-01-09T14:54:28.162+0400] {dag.py:2676} INFO - Sync 1 DAGs
[2023-01-09T14:54:28.173+0400] {logging_mixin.py:137} INFO - [2023-01-09T14:54:28.173+0400] {dag.py:3423} INFO - Setting next_dagrun for example_sla_dag to 2023-01-09T10:52:00+00:00, run_after=2023-01-09T10:54:00+00:00
[2023-01-09T14:54:28.182+0400] {processor.py:175} INFO - Processing /Users/harut/opt/anaconda3/lib/python3.9/site-packages/airflow/example_dags/example_sla_dag.py took 0.430 seconds
[2023-01-09T14:55:49.863+0400] {processor.py:153} INFO - Started process (PID=13788) to work on /Users/harut/opt/anaconda3/lib/python3.9/site-packages/airflow/example_dags/example_sla_dag.py
[2023-01-09T14:55:49.863+0400] {processor.py:743} INFO - Processing file /Users/harut/opt/anaconda3/lib/python3.9/site-packages/airflow/example_dags/example_sla_dag.py for tasks to queue
[2023-01-09T14:55:49.864+0400] {logging_mixin.py:137} INFO - [2023-01-09T14:55:49.864+0400] {dagbag.py:538} INFO - Filling up the DagBag from /Users/harut/opt/anaconda3/lib/python3.9/site-packages/airflow/example_dags/example_sla_dag.py
[2023-01-09T14:55:49.893+0400] {processor.py:753} INFO - DAG(s) dict_keys(['example_sla_dag']) retrieved from /Users/harut/opt/anaconda3/lib/python3.9/site-packages/airflow/example_dags/example_sla_dag.py
[2023-01-09T14:55:50.253+0400] {logging_mixin.py:137} INFO - [2023-01-09T14:55:50.253+0400] {dag.py:2676} INFO - Sync 1 DAGs
[2023-01-09T14:55:50.265+0400] {logging_mixin.py:137} INFO - [2023-01-09T14:55:50.265+0400] {dag.py:3423} INFO - Setting next_dagrun for example_sla_dag to 2023-01-09T10:52:00+00:00, run_after=2023-01-09T10:54:00+00:00
[2023-01-09T14:55:50.274+0400] {processor.py:175} INFO - Processing /Users/harut/opt/anaconda3/lib/python3.9/site-packages/airflow/example_dags/example_sla_dag.py took 0.411 seconds
[2023-01-09T14:57:12.099+0400] {processor.py:153} INFO - Started process (PID=13834) to work on /Users/harut/opt/anaconda3/lib/python3.9/site-packages/airflow/example_dags/example_sla_dag.py
[2023-01-09T14:57:12.100+0400] {processor.py:743} INFO - Processing file /Users/harut/opt/anaconda3/lib/python3.9/site-packages/airflow/example_dags/example_sla_dag.py for tasks to queue
[2023-01-09T14:57:12.100+0400] {logging_mixin.py:137} INFO - [2023-01-09T14:57:12.100+0400] {dagbag.py:538} INFO - Filling up the DagBag from /Users/harut/opt/anaconda3/lib/python3.9/site-packages/airflow/example_dags/example_sla_dag.py
[2023-01-09T14:57:12.130+0400] {processor.py:753} INFO - DAG(s) dict_keys(['example_sla_dag']) retrieved from /Users/harut/opt/anaconda3/lib/python3.9/site-packages/airflow/example_dags/example_sla_dag.py
[2023-01-09T14:57:12.507+0400] {logging_mixin.py:137} INFO - [2023-01-09T14:57:12.507+0400] {dag.py:2676} INFO - Sync 1 DAGs
[2023-01-09T14:57:12.518+0400] {logging_mixin.py:137} INFO - [2023-01-09T14:57:12.518+0400] {dag.py:3423} INFO - Setting next_dagrun for example_sla_dag to 2023-01-09T10:54:00+00:00, run_after=2023-01-09T10:56:00+00:00
[2023-01-09T14:57:12.528+0400] {processor.py:175} INFO - Processing /Users/harut/opt/anaconda3/lib/python3.9/site-packages/airflow/example_dags/example_sla_dag.py took 0.429 seconds
[2023-01-09T14:58:32.829+0400] {processor.py:153} INFO - Started process (PID=13876) to work on /Users/harut/opt/anaconda3/lib/python3.9/site-packages/airflow/example_dags/example_sla_dag.py
[2023-01-09T14:58:32.830+0400] {processor.py:743} INFO - Processing file /Users/harut/opt/anaconda3/lib/python3.9/site-packages/airflow/example_dags/example_sla_dag.py for tasks to queue
[2023-01-09T14:58:32.830+0400] {logging_mixin.py:137} INFO - [2023-01-09T14:58:32.830+0400] {dagbag.py:538} INFO - Filling up the DagBag from /Users/harut/opt/anaconda3/lib/python3.9/site-packages/airflow/example_dags/example_sla_dag.py
[2023-01-09T14:58:32.860+0400] {processor.py:753} INFO - DAG(s) dict_keys(['example_sla_dag']) retrieved from /Users/harut/opt/anaconda3/lib/python3.9/site-packages/airflow/example_dags/example_sla_dag.py
[2023-01-09T14:58:33.223+0400] {logging_mixin.py:137} INFO - [2023-01-09T14:58:33.223+0400] {dag.py:2676} INFO - Sync 1 DAGs
[2023-01-09T14:58:33.234+0400] {logging_mixin.py:137} INFO - [2023-01-09T14:58:33.234+0400] {dag.py:3423} INFO - Setting next_dagrun for example_sla_dag to 2023-01-09T10:56:00+00:00, run_after=2023-01-09T10:58:00+00:00
[2023-01-09T14:58:33.243+0400] {processor.py:175} INFO - Processing /Users/harut/opt/anaconda3/lib/python3.9/site-packages/airflow/example_dags/example_sla_dag.py took 0.414 seconds
[2023-01-09T14:59:54.143+0400] {processor.py:153} INFO - Started process (PID=13922) to work on /Users/harut/opt/anaconda3/lib/python3.9/site-packages/airflow/example_dags/example_sla_dag.py
[2023-01-09T14:59:54.143+0400] {processor.py:743} INFO - Processing file /Users/harut/opt/anaconda3/lib/python3.9/site-packages/airflow/example_dags/example_sla_dag.py for tasks to queue
[2023-01-09T14:59:54.144+0400] {logging_mixin.py:137} INFO - [2023-01-09T14:59:54.143+0400] {dagbag.py:538} INFO - Filling up the DagBag from /Users/harut/opt/anaconda3/lib/python3.9/site-packages/airflow/example_dags/example_sla_dag.py
[2023-01-09T14:59:54.173+0400] {processor.py:753} INFO - DAG(s) dict_keys(['example_sla_dag']) retrieved from /Users/harut/opt/anaconda3/lib/python3.9/site-packages/airflow/example_dags/example_sla_dag.py
[2023-01-09T14:59:54.535+0400] {logging_mixin.py:137} INFO - [2023-01-09T14:59:54.534+0400] {dag.py:2676} INFO - Sync 1 DAGs
[2023-01-09T14:59:54.545+0400] {logging_mixin.py:137} INFO - [2023-01-09T14:59:54.545+0400] {dag.py:3423} INFO - Setting next_dagrun for example_sla_dag to 2023-01-09T10:56:00+00:00, run_after=2023-01-09T10:58:00+00:00
[2023-01-09T14:59:54.554+0400] {processor.py:175} INFO - Processing /Users/harut/opt/anaconda3/lib/python3.9/site-packages/airflow/example_dags/example_sla_dag.py took 0.412 seconds
[2023-01-09T15:01:14.536+0400] {processor.py:153} INFO - Started process (PID=13966) to work on /Users/harut/opt/anaconda3/lib/python3.9/site-packages/airflow/example_dags/example_sla_dag.py
[2023-01-09T15:01:14.537+0400] {processor.py:743} INFO - Processing file /Users/harut/opt/anaconda3/lib/python3.9/site-packages/airflow/example_dags/example_sla_dag.py for tasks to queue
[2023-01-09T15:01:14.537+0400] {logging_mixin.py:137} INFO - [2023-01-09T15:01:14.537+0400] {dagbag.py:538} INFO - Filling up the DagBag from /Users/harut/opt/anaconda3/lib/python3.9/site-packages/airflow/example_dags/example_sla_dag.py
[2023-01-09T15:01:14.567+0400] {processor.py:753} INFO - DAG(s) dict_keys(['example_sla_dag']) retrieved from /Users/harut/opt/anaconda3/lib/python3.9/site-packages/airflow/example_dags/example_sla_dag.py
[2023-01-09T15:01:14.927+0400] {logging_mixin.py:137} INFO - [2023-01-09T15:01:14.927+0400] {dag.py:2676} INFO - Sync 1 DAGs
[2023-01-09T15:01:14.938+0400] {logging_mixin.py:137} INFO - [2023-01-09T15:01:14.937+0400] {dag.py:3423} INFO - Setting next_dagrun for example_sla_dag to 2023-01-09T10:58:00+00:00, run_after=2023-01-09T11:00:00+00:00
[2023-01-09T15:01:14.947+0400] {processor.py:175} INFO - Processing /Users/harut/opt/anaconda3/lib/python3.9/site-packages/airflow/example_dags/example_sla_dag.py took 0.411 seconds
[2023-01-09T15:02:37.328+0400] {processor.py:153} INFO - Started process (PID=14012) to work on /Users/harut/opt/anaconda3/lib/python3.9/site-packages/airflow/example_dags/example_sla_dag.py
[2023-01-09T15:02:37.329+0400] {processor.py:743} INFO - Processing file /Users/harut/opt/anaconda3/lib/python3.9/site-packages/airflow/example_dags/example_sla_dag.py for tasks to queue
[2023-01-09T15:02:37.329+0400] {logging_mixin.py:137} INFO - [2023-01-09T15:02:37.329+0400] {dagbag.py:538} INFO - Filling up the DagBag from /Users/harut/opt/anaconda3/lib/python3.9/site-packages/airflow/example_dags/example_sla_dag.py
[2023-01-09T15:02:37.364+0400] {processor.py:753} INFO - DAG(s) dict_keys(['example_sla_dag']) retrieved from /Users/harut/opt/anaconda3/lib/python3.9/site-packages/airflow/example_dags/example_sla_dag.py
[2023-01-09T15:02:37.786+0400] {logging_mixin.py:137} INFO - [2023-01-09T15:02:37.786+0400] {dag.py:2676} INFO - Sync 1 DAGs
[2023-01-09T15:02:37.800+0400] {logging_mixin.py:137} INFO - [2023-01-09T15:02:37.799+0400] {dag.py:3423} INFO - Setting next_dagrun for example_sla_dag to 2023-01-09T11:00:00+00:00, run_after=2023-01-09T11:02:00+00:00
[2023-01-09T15:02:37.811+0400] {processor.py:175} INFO - Processing /Users/harut/opt/anaconda3/lib/python3.9/site-packages/airflow/example_dags/example_sla_dag.py took 0.484 seconds
[2023-01-09T15:03:57.507+0400] {processor.py:153} INFO - Started process (PID=14061) to work on /Users/harut/opt/anaconda3/lib/python3.9/site-packages/airflow/example_dags/example_sla_dag.py
[2023-01-09T15:03:57.507+0400] {processor.py:743} INFO - Processing file /Users/harut/opt/anaconda3/lib/python3.9/site-packages/airflow/example_dags/example_sla_dag.py for tasks to queue
[2023-01-09T15:03:57.507+0400] {logging_mixin.py:137} INFO - [2023-01-09T15:03:57.507+0400] {dagbag.py:538} INFO - Filling up the DagBag from /Users/harut/opt/anaconda3/lib/python3.9/site-packages/airflow/example_dags/example_sla_dag.py
[2023-01-09T15:03:57.537+0400] {processor.py:753} INFO - DAG(s) dict_keys(['example_sla_dag']) retrieved from /Users/harut/opt/anaconda3/lib/python3.9/site-packages/airflow/example_dags/example_sla_dag.py
[2023-01-09T15:03:57.909+0400] {logging_mixin.py:137} INFO - [2023-01-09T15:03:57.908+0400] {dag.py:2676} INFO - Sync 1 DAGs
[2023-01-09T15:03:57.920+0400] {logging_mixin.py:137} INFO - [2023-01-09T15:03:57.920+0400] {dag.py:3423} INFO - Setting next_dagrun for example_sla_dag to 2023-01-09T11:00:00+00:00, run_after=2023-01-09T11:02:00+00:00
[2023-01-09T15:03:57.929+0400] {processor.py:175} INFO - Processing /Users/harut/opt/anaconda3/lib/python3.9/site-packages/airflow/example_dags/example_sla_dag.py took 0.423 seconds
[2023-01-09T15:05:17.125+0400] {processor.py:153} INFO - Started process (PID=14106) to work on /Users/harut/opt/anaconda3/lib/python3.9/site-packages/airflow/example_dags/example_sla_dag.py
[2023-01-09T15:05:17.125+0400] {processor.py:743} INFO - Processing file /Users/harut/opt/anaconda3/lib/python3.9/site-packages/airflow/example_dags/example_sla_dag.py for tasks to queue
[2023-01-09T15:05:17.126+0400] {logging_mixin.py:137} INFO - [2023-01-09T15:05:17.126+0400] {dagbag.py:538} INFO - Filling up the DagBag from /Users/harut/opt/anaconda3/lib/python3.9/site-packages/airflow/example_dags/example_sla_dag.py
[2023-01-09T15:05:17.155+0400] {processor.py:753} INFO - DAG(s) dict_keys(['example_sla_dag']) retrieved from /Users/harut/opt/anaconda3/lib/python3.9/site-packages/airflow/example_dags/example_sla_dag.py
[2023-01-09T15:05:17.523+0400] {logging_mixin.py:137} INFO - [2023-01-09T15:05:17.523+0400] {dag.py:2676} INFO - Sync 1 DAGs
[2023-01-09T15:05:17.534+0400] {logging_mixin.py:137} INFO - [2023-01-09T15:05:17.534+0400] {dag.py:3423} INFO - Setting next_dagrun for example_sla_dag to 2023-01-09T11:02:00+00:00, run_after=2023-01-09T11:04:00+00:00
[2023-01-09T15:05:17.544+0400] {processor.py:175} INFO - Processing /Users/harut/opt/anaconda3/lib/python3.9/site-packages/airflow/example_dags/example_sla_dag.py took 0.419 seconds
[2023-01-09T15:06:37.734+0400] {processor.py:153} INFO - Started process (PID=14150) to work on /Users/harut/opt/anaconda3/lib/python3.9/site-packages/airflow/example_dags/example_sla_dag.py
[2023-01-09T15:06:37.734+0400] {processor.py:743} INFO - Processing file /Users/harut/opt/anaconda3/lib/python3.9/site-packages/airflow/example_dags/example_sla_dag.py for tasks to queue
[2023-01-09T15:06:37.734+0400] {logging_mixin.py:137} INFO - [2023-01-09T15:06:37.734+0400] {dagbag.py:538} INFO - Filling up the DagBag from /Users/harut/opt/anaconda3/lib/python3.9/site-packages/airflow/example_dags/example_sla_dag.py
[2023-01-09T15:06:37.764+0400] {processor.py:753} INFO - DAG(s) dict_keys(['example_sla_dag']) retrieved from /Users/harut/opt/anaconda3/lib/python3.9/site-packages/airflow/example_dags/example_sla_dag.py
[2023-01-09T15:06:38.125+0400] {logging_mixin.py:137} INFO - [2023-01-09T15:06:38.125+0400] {dag.py:2676} INFO - Sync 1 DAGs
[2023-01-09T15:06:38.136+0400] {logging_mixin.py:137} INFO - [2023-01-09T15:06:38.136+0400] {dag.py:3423} INFO - Setting next_dagrun for example_sla_dag to 2023-01-09T11:04:00+00:00, run_after=2023-01-09T11:06:00+00:00
[2023-01-09T15:06:38.145+0400] {processor.py:175} INFO - Processing /Users/harut/opt/anaconda3/lib/python3.9/site-packages/airflow/example_dags/example_sla_dag.py took 0.412 seconds
[2023-01-09T15:07:55.213+0400] {processor.py:153} INFO - Started process (PID=14193) to work on /Users/harut/opt/anaconda3/lib/python3.9/site-packages/airflow/example_dags/example_sla_dag.py
[2023-01-09T15:07:55.214+0400] {processor.py:743} INFO - Processing file /Users/harut/opt/anaconda3/lib/python3.9/site-packages/airflow/example_dags/example_sla_dag.py for tasks to queue
[2023-01-09T15:07:55.214+0400] {logging_mixin.py:137} INFO - [2023-01-09T15:07:55.214+0400] {dagbag.py:538} INFO - Filling up the DagBag from /Users/harut/opt/anaconda3/lib/python3.9/site-packages/airflow/example_dags/example_sla_dag.py
[2023-01-09T15:07:55.243+0400] {processor.py:753} INFO - DAG(s) dict_keys(['example_sla_dag']) retrieved from /Users/harut/opt/anaconda3/lib/python3.9/site-packages/airflow/example_dags/example_sla_dag.py
[2023-01-09T15:07:55.603+0400] {logging_mixin.py:137} INFO - [2023-01-09T15:07:55.603+0400] {dag.py:2676} INFO - Sync 1 DAGs
[2023-01-09T15:07:55.614+0400] {logging_mixin.py:137} INFO - [2023-01-09T15:07:55.614+0400] {dag.py:3423} INFO - Setting next_dagrun for example_sla_dag to 2023-01-09T11:04:00+00:00, run_after=2023-01-09T11:06:00+00:00
[2023-01-09T15:07:55.623+0400] {processor.py:175} INFO - Processing /Users/harut/opt/anaconda3/lib/python3.9/site-packages/airflow/example_dags/example_sla_dag.py took 0.410 seconds
[2023-01-09T15:09:16.238+0400] {processor.py:153} INFO - Started process (PID=14237) to work on /Users/harut/opt/anaconda3/lib/python3.9/site-packages/airflow/example_dags/example_sla_dag.py
[2023-01-09T15:09:16.238+0400] {processor.py:743} INFO - Processing file /Users/harut/opt/anaconda3/lib/python3.9/site-packages/airflow/example_dags/example_sla_dag.py for tasks to queue
[2023-01-09T15:09:16.238+0400] {logging_mixin.py:137} INFO - [2023-01-09T15:09:16.238+0400] {dagbag.py:538} INFO - Filling up the DagBag from /Users/harut/opt/anaconda3/lib/python3.9/site-packages/airflow/example_dags/example_sla_dag.py
[2023-01-09T15:09:16.268+0400] {processor.py:753} INFO - DAG(s) dict_keys(['example_sla_dag']) retrieved from /Users/harut/opt/anaconda3/lib/python3.9/site-packages/airflow/example_dags/example_sla_dag.py
[2023-01-09T15:09:16.627+0400] {logging_mixin.py:137} INFO - [2023-01-09T15:09:16.627+0400] {dag.py:2676} INFO - Sync 1 DAGs
[2023-01-09T15:09:16.638+0400] {logging_mixin.py:137} INFO - [2023-01-09T15:09:16.638+0400] {dag.py:3423} INFO - Setting next_dagrun for example_sla_dag to 2023-01-09T11:06:00+00:00, run_after=2023-01-09T11:08:00+00:00
[2023-01-09T15:09:16.647+0400] {processor.py:175} INFO - Processing /Users/harut/opt/anaconda3/lib/python3.9/site-packages/airflow/example_dags/example_sla_dag.py took 0.410 seconds
[2023-01-09T15:10:36.080+0400] {processor.py:153} INFO - Started process (PID=14284) to work on /Users/harut/opt/anaconda3/lib/python3.9/site-packages/airflow/example_dags/example_sla_dag.py
[2023-01-09T15:10:36.081+0400] {processor.py:743} INFO - Processing file /Users/harut/opt/anaconda3/lib/python3.9/site-packages/airflow/example_dags/example_sla_dag.py for tasks to queue
[2023-01-09T15:10:36.081+0400] {logging_mixin.py:137} INFO - [2023-01-09T15:10:36.081+0400] {dagbag.py:538} INFO - Filling up the DagBag from /Users/harut/opt/anaconda3/lib/python3.9/site-packages/airflow/example_dags/example_sla_dag.py
[2023-01-09T15:10:36.115+0400] {processor.py:753} INFO - DAG(s) dict_keys(['example_sla_dag']) retrieved from /Users/harut/opt/anaconda3/lib/python3.9/site-packages/airflow/example_dags/example_sla_dag.py
[2023-01-09T15:10:36.491+0400] {logging_mixin.py:137} INFO - [2023-01-09T15:10:36.491+0400] {dag.py:2676} INFO - Sync 1 DAGs
[2023-01-09T15:10:36.502+0400] {logging_mixin.py:137} INFO - [2023-01-09T15:10:36.502+0400] {dag.py:3423} INFO - Setting next_dagrun for example_sla_dag to 2023-01-09T11:08:00+00:00, run_after=2023-01-09T11:10:00+00:00
[2023-01-09T15:10:36.511+0400] {processor.py:175} INFO - Processing /Users/harut/opt/anaconda3/lib/python3.9/site-packages/airflow/example_dags/example_sla_dag.py took 0.432 seconds
[2023-01-09T15:11:58.343+0400] {processor.py:153} INFO - Started process (PID=14336) to work on /Users/harut/opt/anaconda3/lib/python3.9/site-packages/airflow/example_dags/example_sla_dag.py
[2023-01-09T15:11:58.344+0400] {processor.py:743} INFO - Processing file /Users/harut/opt/anaconda3/lib/python3.9/site-packages/airflow/example_dags/example_sla_dag.py for tasks to queue
[2023-01-09T15:11:58.344+0400] {logging_mixin.py:137} INFO - [2023-01-09T15:11:58.344+0400] {dagbag.py:538} INFO - Filling up the DagBag from /Users/harut/opt/anaconda3/lib/python3.9/site-packages/airflow/example_dags/example_sla_dag.py
[2023-01-09T15:11:58.378+0400] {processor.py:753} INFO - DAG(s) dict_keys(['example_sla_dag']) retrieved from /Users/harut/opt/anaconda3/lib/python3.9/site-packages/airflow/example_dags/example_sla_dag.py
[2023-01-09T15:11:58.811+0400] {logging_mixin.py:137} INFO - [2023-01-09T15:11:58.810+0400] {dag.py:2676} INFO - Sync 1 DAGs
[2023-01-09T15:11:58.823+0400] {logging_mixin.py:137} INFO - [2023-01-09T15:11:58.823+0400] {dag.py:3423} INFO - Setting next_dagrun for example_sla_dag to 2023-01-09T11:08:00+00:00, run_after=2023-01-09T11:10:00+00:00
[2023-01-09T15:11:58.835+0400] {processor.py:175} INFO - Processing /Users/harut/opt/anaconda3/lib/python3.9/site-packages/airflow/example_dags/example_sla_dag.py took 0.491 seconds
[2023-01-09T15:13:21.472+0400] {processor.py:153} INFO - Started process (PID=14380) to work on /Users/harut/opt/anaconda3/lib/python3.9/site-packages/airflow/example_dags/example_sla_dag.py
[2023-01-09T15:13:21.473+0400] {processor.py:743} INFO - Processing file /Users/harut/opt/anaconda3/lib/python3.9/site-packages/airflow/example_dags/example_sla_dag.py for tasks to queue
[2023-01-09T15:13:21.473+0400] {logging_mixin.py:137} INFO - [2023-01-09T15:13:21.473+0400] {dagbag.py:538} INFO - Filling up the DagBag from /Users/harut/opt/anaconda3/lib/python3.9/site-packages/airflow/example_dags/example_sla_dag.py
[2023-01-09T15:13:21.503+0400] {processor.py:753} INFO - DAG(s) dict_keys(['example_sla_dag']) retrieved from /Users/harut/opt/anaconda3/lib/python3.9/site-packages/airflow/example_dags/example_sla_dag.py
[2023-01-09T15:13:21.880+0400] {logging_mixin.py:137} INFO - [2023-01-09T15:13:21.879+0400] {dag.py:2676} INFO - Sync 1 DAGs
[2023-01-09T15:13:21.891+0400] {logging_mixin.py:137} INFO - [2023-01-09T15:13:21.891+0400] {dag.py:3423} INFO - Setting next_dagrun for example_sla_dag to 2023-01-09T11:10:00+00:00, run_after=2023-01-09T11:12:00+00:00
[2023-01-09T15:13:21.901+0400] {processor.py:175} INFO - Processing /Users/harut/opt/anaconda3/lib/python3.9/site-packages/airflow/example_dags/example_sla_dag.py took 0.429 seconds
[2023-01-09T15:14:44.644+0400] {processor.py:153} INFO - Started process (PID=14442) to work on /Users/harut/opt/anaconda3/lib/python3.9/site-packages/airflow/example_dags/example_sla_dag.py
[2023-01-09T15:14:44.644+0400] {processor.py:743} INFO - Processing file /Users/harut/opt/anaconda3/lib/python3.9/site-packages/airflow/example_dags/example_sla_dag.py for tasks to queue
[2023-01-09T15:14:44.644+0400] {logging_mixin.py:137} INFO - [2023-01-09T15:14:44.644+0400] {dagbag.py:538} INFO - Filling up the DagBag from /Users/harut/opt/anaconda3/lib/python3.9/site-packages/airflow/example_dags/example_sla_dag.py
[2023-01-09T15:14:44.677+0400] {processor.py:753} INFO - DAG(s) dict_keys(['example_sla_dag']) retrieved from /Users/harut/opt/anaconda3/lib/python3.9/site-packages/airflow/example_dags/example_sla_dag.py
[2023-01-09T15:14:45.079+0400] {logging_mixin.py:137} INFO - [2023-01-09T15:14:45.079+0400] {dag.py:2676} INFO - Sync 1 DAGs
[2023-01-09T15:14:45.091+0400] {logging_mixin.py:137} INFO - [2023-01-09T15:14:45.091+0400] {dag.py:3423} INFO - Setting next_dagrun for example_sla_dag to 2023-01-09T11:12:00+00:00, run_after=2023-01-09T11:14:00+00:00
[2023-01-09T15:14:45.102+0400] {processor.py:175} INFO - Processing /Users/harut/opt/anaconda3/lib/python3.9/site-packages/airflow/example_dags/example_sla_dag.py took 0.459 seconds
[2023-01-09T15:16:08.665+0400] {processor.py:153} INFO - Started process (PID=14501) to work on /Users/harut/opt/anaconda3/lib/python3.9/site-packages/airflow/example_dags/example_sla_dag.py
[2023-01-09T15:16:08.666+0400] {processor.py:743} INFO - Processing file /Users/harut/opt/anaconda3/lib/python3.9/site-packages/airflow/example_dags/example_sla_dag.py for tasks to queue
[2023-01-09T15:16:08.666+0400] {logging_mixin.py:137} INFO - [2023-01-09T15:16:08.666+0400] {dagbag.py:538} INFO - Filling up the DagBag from /Users/harut/opt/anaconda3/lib/python3.9/site-packages/airflow/example_dags/example_sla_dag.py
[2023-01-09T15:16:08.699+0400] {processor.py:753} INFO - DAG(s) dict_keys(['example_sla_dag']) retrieved from /Users/harut/opt/anaconda3/lib/python3.9/site-packages/airflow/example_dags/example_sla_dag.py
[2023-01-09T15:16:09.102+0400] {logging_mixin.py:137} INFO - [2023-01-09T15:16:09.102+0400] {dag.py:2676} INFO - Sync 1 DAGs
[2023-01-09T15:16:09.115+0400] {logging_mixin.py:137} INFO - [2023-01-09T15:16:09.115+0400] {dag.py:3423} INFO - Setting next_dagrun for example_sla_dag to 2023-01-09T11:14:00+00:00, run_after=2023-01-09T11:16:00+00:00
[2023-01-09T15:16:09.125+0400] {processor.py:175} INFO - Processing /Users/harut/opt/anaconda3/lib/python3.9/site-packages/airflow/example_dags/example_sla_dag.py took 0.460 seconds
[2023-01-09T15:17:31.314+0400] {processor.py:153} INFO - Started process (PID=14547) to work on /Users/harut/opt/anaconda3/lib/python3.9/site-packages/airflow/example_dags/example_sla_dag.py
[2023-01-09T15:17:31.315+0400] {processor.py:743} INFO - Processing file /Users/harut/opt/anaconda3/lib/python3.9/site-packages/airflow/example_dags/example_sla_dag.py for tasks to queue
[2023-01-09T15:17:31.315+0400] {logging_mixin.py:137} INFO - [2023-01-09T15:17:31.315+0400] {dagbag.py:538} INFO - Filling up the DagBag from /Users/harut/opt/anaconda3/lib/python3.9/site-packages/airflow/example_dags/example_sla_dag.py
[2023-01-09T15:17:31.345+0400] {processor.py:753} INFO - DAG(s) dict_keys(['example_sla_dag']) retrieved from /Users/harut/opt/anaconda3/lib/python3.9/site-packages/airflow/example_dags/example_sla_dag.py
[2023-01-09T15:17:31.714+0400] {logging_mixin.py:137} INFO - [2023-01-09T15:17:31.714+0400] {dag.py:2676} INFO - Sync 1 DAGs
[2023-01-09T15:17:31.725+0400] {logging_mixin.py:137} INFO - [2023-01-09T15:17:31.725+0400] {dag.py:3423} INFO - Setting next_dagrun for example_sla_dag to 2023-01-09T11:14:00+00:00, run_after=2023-01-09T11:16:00+00:00
[2023-01-09T15:17:31.734+0400] {processor.py:175} INFO - Processing /Users/harut/opt/anaconda3/lib/python3.9/site-packages/airflow/example_dags/example_sla_dag.py took 0.420 seconds
[2023-01-09T15:18:54.111+0400] {processor.py:153} INFO - Started process (PID=14591) to work on /Users/harut/opt/anaconda3/lib/python3.9/site-packages/airflow/example_dags/example_sla_dag.py
[2023-01-09T15:18:54.112+0400] {processor.py:743} INFO - Processing file /Users/harut/opt/anaconda3/lib/python3.9/site-packages/airflow/example_dags/example_sla_dag.py for tasks to queue
[2023-01-09T15:18:54.112+0400] {logging_mixin.py:137} INFO - [2023-01-09T15:18:54.112+0400] {dagbag.py:538} INFO - Filling up the DagBag from /Users/harut/opt/anaconda3/lib/python3.9/site-packages/airflow/example_dags/example_sla_dag.py
[2023-01-09T15:18:54.146+0400] {processor.py:753} INFO - DAG(s) dict_keys(['example_sla_dag']) retrieved from /Users/harut/opt/anaconda3/lib/python3.9/site-packages/airflow/example_dags/example_sla_dag.py
[2023-01-09T15:18:54.557+0400] {logging_mixin.py:137} INFO - [2023-01-09T15:18:54.556+0400] {dag.py:2676} INFO - Sync 1 DAGs
[2023-01-09T15:18:54.569+0400] {logging_mixin.py:137} INFO - [2023-01-09T15:18:54.569+0400] {dag.py:3423} INFO - Setting next_dagrun for example_sla_dag to 2023-01-09T11:16:00+00:00, run_after=2023-01-09T11:18:00+00:00
[2023-01-09T15:18:54.580+0400] {processor.py:175} INFO - Processing /Users/harut/opt/anaconda3/lib/python3.9/site-packages/airflow/example_dags/example_sla_dag.py took 0.470 seconds
[2023-01-09T15:20:17.400+0400] {processor.py:153} INFO - Started process (PID=14644) to work on /Users/harut/opt/anaconda3/lib/python3.9/site-packages/airflow/example_dags/example_sla_dag.py
[2023-01-09T15:20:17.400+0400] {processor.py:743} INFO - Processing file /Users/harut/opt/anaconda3/lib/python3.9/site-packages/airflow/example_dags/example_sla_dag.py for tasks to queue
[2023-01-09T15:20:17.401+0400] {logging_mixin.py:137} INFO - [2023-01-09T15:20:17.401+0400] {dagbag.py:538} INFO - Filling up the DagBag from /Users/harut/opt/anaconda3/lib/python3.9/site-packages/airflow/example_dags/example_sla_dag.py
[2023-01-09T15:20:17.434+0400] {processor.py:753} INFO - DAG(s) dict_keys(['example_sla_dag']) retrieved from /Users/harut/opt/anaconda3/lib/python3.9/site-packages/airflow/example_dags/example_sla_dag.py
[2023-01-09T15:20:17.842+0400] {logging_mixin.py:137} INFO - [2023-01-09T15:20:17.842+0400] {dag.py:2676} INFO - Sync 1 DAGs
[2023-01-09T15:20:17.855+0400] {logging_mixin.py:137} INFO - [2023-01-09T15:20:17.855+0400] {dag.py:3423} INFO - Setting next_dagrun for example_sla_dag to 2023-01-09T11:18:00+00:00, run_after=2023-01-09T11:20:00+00:00
[2023-01-09T15:20:17.867+0400] {processor.py:175} INFO - Processing /Users/harut/opt/anaconda3/lib/python3.9/site-packages/airflow/example_dags/example_sla_dag.py took 0.468 seconds
[2023-01-09T15:21:41.653+0400] {processor.py:153} INFO - Started process (PID=14694) to work on /Users/harut/opt/anaconda3/lib/python3.9/site-packages/airflow/example_dags/example_sla_dag.py
[2023-01-09T15:21:41.654+0400] {processor.py:743} INFO - Processing file /Users/harut/opt/anaconda3/lib/python3.9/site-packages/airflow/example_dags/example_sla_dag.py for tasks to queue
[2023-01-09T15:21:41.654+0400] {logging_mixin.py:137} INFO - [2023-01-09T15:21:41.654+0400] {dagbag.py:538} INFO - Filling up the DagBag from /Users/harut/opt/anaconda3/lib/python3.9/site-packages/airflow/example_dags/example_sla_dag.py
[2023-01-09T15:21:41.687+0400] {processor.py:753} INFO - DAG(s) dict_keys(['example_sla_dag']) retrieved from /Users/harut/opt/anaconda3/lib/python3.9/site-packages/airflow/example_dags/example_sla_dag.py
[2023-01-09T15:21:42.085+0400] {logging_mixin.py:137} INFO - [2023-01-09T15:21:42.085+0400] {dag.py:2676} INFO - Sync 1 DAGs
[2023-01-09T15:21:42.096+0400] {logging_mixin.py:137} INFO - [2023-01-09T15:21:42.096+0400] {dag.py:3423} INFO - Setting next_dagrun for example_sla_dag to 2023-01-09T11:18:00+00:00, run_after=2023-01-09T11:20:00+00:00
[2023-01-09T15:21:42.105+0400] {processor.py:175} INFO - Processing /Users/harut/opt/anaconda3/lib/python3.9/site-packages/airflow/example_dags/example_sla_dag.py took 0.453 seconds
[2023-01-09T15:23:04.881+0400] {processor.py:153} INFO - Started process (PID=14746) to work on /Users/harut/opt/anaconda3/lib/python3.9/site-packages/airflow/example_dags/example_sla_dag.py
[2023-01-09T15:23:04.881+0400] {processor.py:743} INFO - Processing file /Users/harut/opt/anaconda3/lib/python3.9/site-packages/airflow/example_dags/example_sla_dag.py for tasks to queue
[2023-01-09T15:23:04.882+0400] {logging_mixin.py:137} INFO - [2023-01-09T15:23:04.882+0400] {dagbag.py:538} INFO - Filling up the DagBag from /Users/harut/opt/anaconda3/lib/python3.9/site-packages/airflow/example_dags/example_sla_dag.py
[2023-01-09T15:23:04.914+0400] {processor.py:753} INFO - DAG(s) dict_keys(['example_sla_dag']) retrieved from /Users/harut/opt/anaconda3/lib/python3.9/site-packages/airflow/example_dags/example_sla_dag.py
[2023-01-09T15:23:05.336+0400] {logging_mixin.py:137} INFO - [2023-01-09T15:23:05.335+0400] {dag.py:2676} INFO - Sync 1 DAGs
[2023-01-09T15:23:05.347+0400] {logging_mixin.py:137} INFO - [2023-01-09T15:23:05.347+0400] {dag.py:3423} INFO - Setting next_dagrun for example_sla_dag to 2023-01-09T11:20:00+00:00, run_after=2023-01-09T11:22:00+00:00
[2023-01-09T15:23:05.359+0400] {processor.py:175} INFO - Processing /Users/harut/opt/anaconda3/lib/python3.9/site-packages/airflow/example_dags/example_sla_dag.py took 0.479 seconds
[2023-01-09T15:24:28.506+0400] {processor.py:153} INFO - Started process (PID=14790) to work on /Users/harut/opt/anaconda3/lib/python3.9/site-packages/airflow/example_dags/example_sla_dag.py
[2023-01-09T15:24:28.507+0400] {processor.py:743} INFO - Processing file /Users/harut/opt/anaconda3/lib/python3.9/site-packages/airflow/example_dags/example_sla_dag.py for tasks to queue
[2023-01-09T15:24:28.507+0400] {logging_mixin.py:137} INFO - [2023-01-09T15:24:28.507+0400] {dagbag.py:538} INFO - Filling up the DagBag from /Users/harut/opt/anaconda3/lib/python3.9/site-packages/airflow/example_dags/example_sla_dag.py
[2023-01-09T15:24:28.539+0400] {processor.py:753} INFO - DAG(s) dict_keys(['example_sla_dag']) retrieved from /Users/harut/opt/anaconda3/lib/python3.9/site-packages/airflow/example_dags/example_sla_dag.py
[2023-01-09T15:24:28.929+0400] {logging_mixin.py:137} INFO - [2023-01-09T15:24:28.929+0400] {dag.py:2676} INFO - Sync 1 DAGs
[2023-01-09T15:24:28.941+0400] {logging_mixin.py:137} INFO - [2023-01-09T15:24:28.941+0400] {dag.py:3423} INFO - Setting next_dagrun for example_sla_dag to 2023-01-09T11:22:00+00:00, run_after=2023-01-09T11:24:00+00:00
[2023-01-09T15:24:28.950+0400] {processor.py:175} INFO - Processing /Users/harut/opt/anaconda3/lib/python3.9/site-packages/airflow/example_dags/example_sla_dag.py took 0.444 seconds
[2023-01-09T15:25:51.692+0400] {processor.py:153} INFO - Started process (PID=14836) to work on /Users/harut/opt/anaconda3/lib/python3.9/site-packages/airflow/example_dags/example_sla_dag.py
[2023-01-09T15:25:51.695+0400] {processor.py:743} INFO - Processing file /Users/harut/opt/anaconda3/lib/python3.9/site-packages/airflow/example_dags/example_sla_dag.py for tasks to queue
[2023-01-09T15:25:51.695+0400] {logging_mixin.py:137} INFO - [2023-01-09T15:25:51.695+0400] {dagbag.py:538} INFO - Filling up the DagBag from /Users/harut/opt/anaconda3/lib/python3.9/site-packages/airflow/example_dags/example_sla_dag.py
[2023-01-09T15:25:51.733+0400] {processor.py:753} INFO - DAG(s) dict_keys(['example_sla_dag']) retrieved from /Users/harut/opt/anaconda3/lib/python3.9/site-packages/airflow/example_dags/example_sla_dag.py
[2023-01-09T15:25:52.166+0400] {logging_mixin.py:137} INFO - [2023-01-09T15:25:52.165+0400] {dag.py:2676} INFO - Sync 1 DAGs
[2023-01-09T15:25:52.179+0400] {logging_mixin.py:137} INFO - [2023-01-09T15:25:52.179+0400] {dag.py:3423} INFO - Setting next_dagrun for example_sla_dag to 2023-01-09T11:22:00+00:00, run_after=2023-01-09T11:24:00+00:00
[2023-01-09T15:25:52.190+0400] {processor.py:175} INFO - Processing /Users/harut/opt/anaconda3/lib/python3.9/site-packages/airflow/example_dags/example_sla_dag.py took 0.499 seconds
[2023-01-09T15:27:15.751+0400] {processor.py:153} INFO - Started process (PID=14879) to work on /Users/harut/opt/anaconda3/lib/python3.9/site-packages/airflow/example_dags/example_sla_dag.py
[2023-01-09T15:27:15.752+0400] {processor.py:743} INFO - Processing file /Users/harut/opt/anaconda3/lib/python3.9/site-packages/airflow/example_dags/example_sla_dag.py for tasks to queue
[2023-01-09T15:27:15.752+0400] {logging_mixin.py:137} INFO - [2023-01-09T15:27:15.752+0400] {dagbag.py:538} INFO - Filling up the DagBag from /Users/harut/opt/anaconda3/lib/python3.9/site-packages/airflow/example_dags/example_sla_dag.py
[2023-01-09T15:27:15.786+0400] {processor.py:753} INFO - DAG(s) dict_keys(['example_sla_dag']) retrieved from /Users/harut/opt/anaconda3/lib/python3.9/site-packages/airflow/example_dags/example_sla_dag.py
[2023-01-09T15:27:16.178+0400] {logging_mixin.py:137} INFO - [2023-01-09T15:27:16.178+0400] {dag.py:2676} INFO - Sync 1 DAGs
[2023-01-09T15:27:16.189+0400] {logging_mixin.py:137} INFO - [2023-01-09T15:27:16.189+0400] {dag.py:3423} INFO - Setting next_dagrun for example_sla_dag to 2023-01-09T11:24:00+00:00, run_after=2023-01-09T11:26:00+00:00
[2023-01-09T15:27:16.198+0400] {processor.py:175} INFO - Processing /Users/harut/opt/anaconda3/lib/python3.9/site-packages/airflow/example_dags/example_sla_dag.py took 0.448 seconds
[2023-01-09T15:28:39.760+0400] {processor.py:153} INFO - Started process (PID=14932) to work on /Users/harut/opt/anaconda3/lib/python3.9/site-packages/airflow/example_dags/example_sla_dag.py
[2023-01-09T15:28:39.761+0400] {processor.py:743} INFO - Processing file /Users/harut/opt/anaconda3/lib/python3.9/site-packages/airflow/example_dags/example_sla_dag.py for tasks to queue
[2023-01-09T15:28:39.761+0400] {logging_mixin.py:137} INFO - [2023-01-09T15:28:39.761+0400] {dagbag.py:538} INFO - Filling up the DagBag from /Users/harut/opt/anaconda3/lib/python3.9/site-packages/airflow/example_dags/example_sla_dag.py
[2023-01-09T15:28:39.796+0400] {processor.py:753} INFO - DAG(s) dict_keys(['example_sla_dag']) retrieved from /Users/harut/opt/anaconda3/lib/python3.9/site-packages/airflow/example_dags/example_sla_dag.py
[2023-01-09T15:28:40.213+0400] {logging_mixin.py:137} INFO - [2023-01-09T15:28:40.212+0400] {dag.py:2676} INFO - Sync 1 DAGs
[2023-01-09T15:28:40.226+0400] {logging_mixin.py:137} INFO - [2023-01-09T15:28:40.226+0400] {dag.py:3423} INFO - Setting next_dagrun for example_sla_dag to 2023-01-09T11:26:00+00:00, run_after=2023-01-09T11:28:00+00:00
[2023-01-09T15:28:40.237+0400] {processor.py:175} INFO - Processing /Users/harut/opt/anaconda3/lib/python3.9/site-packages/airflow/example_dags/example_sla_dag.py took 0.477 seconds
[2023-01-09T15:29:59.759+0400] {processor.py:153} INFO - Started process (PID=14977) to work on /Users/harut/opt/anaconda3/lib/python3.9/site-packages/airflow/example_dags/example_sla_dag.py
[2023-01-09T15:29:59.759+0400] {processor.py:743} INFO - Processing file /Users/harut/opt/anaconda3/lib/python3.9/site-packages/airflow/example_dags/example_sla_dag.py for tasks to queue
[2023-01-09T15:29:59.760+0400] {logging_mixin.py:137} INFO - [2023-01-09T15:29:59.760+0400] {dagbag.py:538} INFO - Filling up the DagBag from /Users/harut/opt/anaconda3/lib/python3.9/site-packages/airflow/example_dags/example_sla_dag.py
[2023-01-09T15:29:59.790+0400] {processor.py:753} INFO - DAG(s) dict_keys(['example_sla_dag']) retrieved from /Users/harut/opt/anaconda3/lib/python3.9/site-packages/airflow/example_dags/example_sla_dag.py
[2023-01-09T15:30:00.169+0400] {logging_mixin.py:137} INFO - [2023-01-09T15:30:00.168+0400] {dag.py:2676} INFO - Sync 1 DAGs
[2023-01-09T15:30:00.180+0400] {logging_mixin.py:137} INFO - [2023-01-09T15:30:00.180+0400] {dag.py:3423} INFO - Setting next_dagrun for example_sla_dag to 2023-01-09T11:28:00+00:00, run_after=2023-01-09T11:30:00+00:00
[2023-01-09T15:30:00.189+0400] {processor.py:175} INFO - Processing /Users/harut/opt/anaconda3/lib/python3.9/site-packages/airflow/example_dags/example_sla_dag.py took 0.431 seconds
[2023-01-09T15:31:22.560+0400] {processor.py:153} INFO - Started process (PID=15024) to work on /Users/harut/opt/anaconda3/lib/python3.9/site-packages/airflow/example_dags/example_sla_dag.py
[2023-01-09T15:31:22.561+0400] {processor.py:743} INFO - Processing file /Users/harut/opt/anaconda3/lib/python3.9/site-packages/airflow/example_dags/example_sla_dag.py for tasks to queue
[2023-01-09T15:31:22.561+0400] {logging_mixin.py:137} INFO - [2023-01-09T15:31:22.561+0400] {dagbag.py:538} INFO - Filling up the DagBag from /Users/harut/opt/anaconda3/lib/python3.9/site-packages/airflow/example_dags/example_sla_dag.py
[2023-01-09T15:31:22.594+0400] {processor.py:753} INFO - DAG(s) dict_keys(['example_sla_dag']) retrieved from /Users/harut/opt/anaconda3/lib/python3.9/site-packages/airflow/example_dags/example_sla_dag.py
[2023-01-09T15:31:23.006+0400] {logging_mixin.py:137} INFO - [2023-01-09T15:31:23.006+0400] {dag.py:2676} INFO - Sync 1 DAGs
[2023-01-09T15:31:23.019+0400] {logging_mixin.py:137} INFO - [2023-01-09T15:31:23.019+0400] {dag.py:3423} INFO - Setting next_dagrun for example_sla_dag to 2023-01-09T11:28:00+00:00, run_after=2023-01-09T11:30:00+00:00
[2023-01-09T15:31:23.030+0400] {processor.py:175} INFO - Processing /Users/harut/opt/anaconda3/lib/python3.9/site-packages/airflow/example_dags/example_sla_dag.py took 0.471 seconds
[2023-01-09T15:32:45.707+0400] {processor.py:153} INFO - Started process (PID=15070) to work on /Users/harut/opt/anaconda3/lib/python3.9/site-packages/airflow/example_dags/example_sla_dag.py
[2023-01-09T15:32:45.708+0400] {processor.py:743} INFO - Processing file /Users/harut/opt/anaconda3/lib/python3.9/site-packages/airflow/example_dags/example_sla_dag.py for tasks to queue
[2023-01-09T15:32:45.708+0400] {logging_mixin.py:137} INFO - [2023-01-09T15:32:45.708+0400] {dagbag.py:538} INFO - Filling up the DagBag from /Users/harut/opt/anaconda3/lib/python3.9/site-packages/airflow/example_dags/example_sla_dag.py
[2023-01-09T15:32:45.742+0400] {processor.py:753} INFO - DAG(s) dict_keys(['example_sla_dag']) retrieved from /Users/harut/opt/anaconda3/lib/python3.9/site-packages/airflow/example_dags/example_sla_dag.py
[2023-01-09T15:32:46.156+0400] {logging_mixin.py:137} INFO - [2023-01-09T15:32:46.156+0400] {dag.py:2676} INFO - Sync 1 DAGs
[2023-01-09T15:32:46.169+0400] {logging_mixin.py:137} INFO - [2023-01-09T15:32:46.169+0400] {dag.py:3423} INFO - Setting next_dagrun for example_sla_dag to 2023-01-09T11:30:00+00:00, run_after=2023-01-09T11:32:00+00:00
[2023-01-09T15:32:46.181+0400] {processor.py:175} INFO - Processing /Users/harut/opt/anaconda3/lib/python3.9/site-packages/airflow/example_dags/example_sla_dag.py took 0.474 seconds
[2023-01-09T15:34:09.560+0400] {processor.py:153} INFO - Started process (PID=15114) to work on /Users/harut/opt/anaconda3/lib/python3.9/site-packages/airflow/example_dags/example_sla_dag.py
[2023-01-09T15:34:09.561+0400] {processor.py:743} INFO - Processing file /Users/harut/opt/anaconda3/lib/python3.9/site-packages/airflow/example_dags/example_sla_dag.py for tasks to queue
[2023-01-09T15:34:09.561+0400] {logging_mixin.py:137} INFO - [2023-01-09T15:34:09.561+0400] {dagbag.py:538} INFO - Filling up the DagBag from /Users/harut/opt/anaconda3/lib/python3.9/site-packages/airflow/example_dags/example_sla_dag.py
[2023-01-09T15:34:09.594+0400] {processor.py:753} INFO - DAG(s) dict_keys(['example_sla_dag']) retrieved from /Users/harut/opt/anaconda3/lib/python3.9/site-packages/airflow/example_dags/example_sla_dag.py
[2023-01-09T15:34:10.013+0400] {logging_mixin.py:137} INFO - [2023-01-09T15:34:10.013+0400] {dag.py:2676} INFO - Sync 1 DAGs
[2023-01-09T15:34:10.025+0400] {logging_mixin.py:137} INFO - [2023-01-09T15:34:10.025+0400] {dag.py:3423} INFO - Setting next_dagrun for example_sla_dag to 2023-01-09T11:32:00+00:00, run_after=2023-01-09T11:34:00+00:00
[2023-01-09T15:34:10.035+0400] {processor.py:175} INFO - Processing /Users/harut/opt/anaconda3/lib/python3.9/site-packages/airflow/example_dags/example_sla_dag.py took 0.476 seconds
[2023-01-09T15:35:33.630+0400] {processor.py:153} INFO - Started process (PID=15165) to work on /Users/harut/opt/anaconda3/lib/python3.9/site-packages/airflow/example_dags/example_sla_dag.py
[2023-01-09T15:35:33.630+0400] {processor.py:743} INFO - Processing file /Users/harut/opt/anaconda3/lib/python3.9/site-packages/airflow/example_dags/example_sla_dag.py for tasks to queue
[2023-01-09T15:35:33.631+0400] {logging_mixin.py:137} INFO - [2023-01-09T15:35:33.631+0400] {dagbag.py:538} INFO - Filling up the DagBag from /Users/harut/opt/anaconda3/lib/python3.9/site-packages/airflow/example_dags/example_sla_dag.py
[2023-01-09T15:35:33.662+0400] {processor.py:753} INFO - DAG(s) dict_keys(['example_sla_dag']) retrieved from /Users/harut/opt/anaconda3/lib/python3.9/site-packages/airflow/example_dags/example_sla_dag.py
[2023-01-09T15:35:34.071+0400] {logging_mixin.py:137} INFO - [2023-01-09T15:35:34.071+0400] {dag.py:2676} INFO - Sync 1 DAGs
[2023-01-09T15:35:34.084+0400] {logging_mixin.py:137} INFO - [2023-01-09T15:35:34.084+0400] {dag.py:3423} INFO - Setting next_dagrun for example_sla_dag to 2023-01-09T11:32:00+00:00, run_after=2023-01-09T11:34:00+00:00
[2023-01-09T15:35:34.095+0400] {processor.py:175} INFO - Processing /Users/harut/opt/anaconda3/lib/python3.9/site-packages/airflow/example_dags/example_sla_dag.py took 0.466 seconds
[2023-01-09T15:36:56.128+0400] {processor.py:153} INFO - Started process (PID=15226) to work on /Users/harut/opt/anaconda3/lib/python3.9/site-packages/airflow/example_dags/example_sla_dag.py
[2023-01-09T15:36:56.129+0400] {processor.py:743} INFO - Processing file /Users/harut/opt/anaconda3/lib/python3.9/site-packages/airflow/example_dags/example_sla_dag.py for tasks to queue
[2023-01-09T15:36:56.129+0400] {logging_mixin.py:137} INFO - [2023-01-09T15:36:56.129+0400] {dagbag.py:538} INFO - Filling up the DagBag from /Users/harut/opt/anaconda3/lib/python3.9/site-packages/airflow/example_dags/example_sla_dag.py
[2023-01-09T15:36:56.161+0400] {processor.py:753} INFO - DAG(s) dict_keys(['example_sla_dag']) retrieved from /Users/harut/opt/anaconda3/lib/python3.9/site-packages/airflow/example_dags/example_sla_dag.py
[2023-01-09T15:36:56.539+0400] {logging_mixin.py:137} INFO - [2023-01-09T15:36:56.539+0400] {dag.py:2676} INFO - Sync 1 DAGs
[2023-01-09T15:36:56.551+0400] {logging_mixin.py:137} INFO - [2023-01-09T15:36:56.550+0400] {dag.py:3423} INFO - Setting next_dagrun for example_sla_dag to 2023-01-09T11:34:00+00:00, run_after=2023-01-09T11:36:00+00:00
[2023-01-09T15:36:56.560+0400] {processor.py:175} INFO - Processing /Users/harut/opt/anaconda3/lib/python3.9/site-packages/airflow/example_dags/example_sla_dag.py took 0.432 seconds
[2023-01-09T15:38:18.597+0400] {processor.py:153} INFO - Started process (PID=15268) to work on /Users/harut/opt/anaconda3/lib/python3.9/site-packages/airflow/example_dags/example_sla_dag.py
[2023-01-09T15:38:18.598+0400] {processor.py:743} INFO - Processing file /Users/harut/opt/anaconda3/lib/python3.9/site-packages/airflow/example_dags/example_sla_dag.py for tasks to queue
[2023-01-09T15:38:18.598+0400] {logging_mixin.py:137} INFO - [2023-01-09T15:38:18.598+0400] {dagbag.py:538} INFO - Filling up the DagBag from /Users/harut/opt/anaconda3/lib/python3.9/site-packages/airflow/example_dags/example_sla_dag.py
[2023-01-09T15:38:18.627+0400] {processor.py:753} INFO - DAG(s) dict_keys(['example_sla_dag']) retrieved from /Users/harut/opt/anaconda3/lib/python3.9/site-packages/airflow/example_dags/example_sla_dag.py
[2023-01-09T15:38:18.999+0400] {logging_mixin.py:137} INFO - [2023-01-09T15:38:18.999+0400] {dag.py:2676} INFO - Sync 1 DAGs
[2023-01-09T15:38:19.012+0400] {logging_mixin.py:137} INFO - [2023-01-09T15:38:19.012+0400] {dag.py:3423} INFO - Setting next_dagrun for example_sla_dag to 2023-01-09T11:36:00+00:00, run_after=2023-01-09T11:38:00+00:00
[2023-01-09T15:38:19.021+0400] {processor.py:175} INFO - Processing /Users/harut/opt/anaconda3/lib/python3.9/site-packages/airflow/example_dags/example_sla_dag.py took 0.425 seconds
[2023-01-09T15:39:40.940+0400] {processor.py:153} INFO - Started process (PID=15312) to work on /Users/harut/opt/anaconda3/lib/python3.9/site-packages/airflow/example_dags/example_sla_dag.py
[2023-01-09T15:39:40.940+0400] {processor.py:743} INFO - Processing file /Users/harut/opt/anaconda3/lib/python3.9/site-packages/airflow/example_dags/example_sla_dag.py for tasks to queue
[2023-01-09T15:39:40.941+0400] {logging_mixin.py:137} INFO - [2023-01-09T15:39:40.941+0400] {dagbag.py:538} INFO - Filling up the DagBag from /Users/harut/opt/anaconda3/lib/python3.9/site-packages/airflow/example_dags/example_sla_dag.py
[2023-01-09T15:39:40.971+0400] {processor.py:753} INFO - DAG(s) dict_keys(['example_sla_dag']) retrieved from /Users/harut/opt/anaconda3/lib/python3.9/site-packages/airflow/example_dags/example_sla_dag.py
[2023-01-09T15:39:41.357+0400] {logging_mixin.py:137} INFO - [2023-01-09T15:39:41.357+0400] {dag.py:2676} INFO - Sync 1 DAGs
[2023-01-09T15:39:41.368+0400] {logging_mixin.py:137} INFO - [2023-01-09T15:39:41.368+0400] {dag.py:3423} INFO - Setting next_dagrun for example_sla_dag to 2023-01-09T11:36:00+00:00, run_after=2023-01-09T11:38:00+00:00
[2023-01-09T15:39:41.378+0400] {processor.py:175} INFO - Processing /Users/harut/opt/anaconda3/lib/python3.9/site-packages/airflow/example_dags/example_sla_dag.py took 0.438 seconds
[2023-01-09T15:41:00.484+0400] {processor.py:153} INFO - Started process (PID=15367) to work on /Users/harut/opt/anaconda3/lib/python3.9/site-packages/airflow/example_dags/example_sla_dag.py
[2023-01-09T15:41:00.485+0400] {processor.py:743} INFO - Processing file /Users/harut/opt/anaconda3/lib/python3.9/site-packages/airflow/example_dags/example_sla_dag.py for tasks to queue
[2023-01-09T15:41:00.485+0400] {logging_mixin.py:137} INFO - [2023-01-09T15:41:00.485+0400] {dagbag.py:538} INFO - Filling up the DagBag from /Users/harut/opt/anaconda3/lib/python3.9/site-packages/airflow/example_dags/example_sla_dag.py
[2023-01-09T15:41:00.518+0400] {processor.py:753} INFO - DAG(s) dict_keys(['example_sla_dag']) retrieved from /Users/harut/opt/anaconda3/lib/python3.9/site-packages/airflow/example_dags/example_sla_dag.py
[2023-01-09T15:41:00.906+0400] {logging_mixin.py:137} INFO - [2023-01-09T15:41:00.906+0400] {dag.py:2676} INFO - Sync 1 DAGs
[2023-01-09T15:41:00.917+0400] {logging_mixin.py:137} INFO - [2023-01-09T15:41:00.917+0400] {dag.py:3423} INFO - Setting next_dagrun for example_sla_dag to 2023-01-09T11:38:00+00:00, run_after=2023-01-09T11:40:00+00:00
[2023-01-09T15:41:00.926+0400] {processor.py:175} INFO - Processing /Users/harut/opt/anaconda3/lib/python3.9/site-packages/airflow/example_dags/example_sla_dag.py took 0.443 seconds
