[2023-01-09T14:16:58.086+0400] {processor.py:153} INFO - Started process (PID=12412) to work on /Users/harut/opt/anaconda3/lib/python3.9/site-packages/airflow/example_dags/example_short_circuit_operator.py
[2023-01-09T14:16:58.086+0400] {processor.py:743} INFO - Processing file /Users/harut/opt/anaconda3/lib/python3.9/site-packages/airflow/example_dags/example_short_circuit_operator.py for tasks to queue
[2023-01-09T14:16:58.086+0400] {logging_mixin.py:137} INFO - [2023-01-09T14:16:58.086+0400] {dagbag.py:538} INFO - Filling up the DagBag from /Users/harut/opt/anaconda3/lib/python3.9/site-packages/airflow/example_dags/example_short_circuit_operator.py
[2023-01-09T14:16:58.111+0400] {processor.py:753} INFO - DAG(s) dict_keys(['example_short_circuit_operator']) retrieved from /Users/harut/opt/anaconda3/lib/python3.9/site-packages/airflow/example_dags/example_short_circuit_operator.py
[2023-01-09T14:16:58.491+0400] {logging_mixin.py:137} INFO - [2023-01-09T14:16:58.491+0400] {dag.py:2676} INFO - Sync 1 DAGs
[2023-01-09T14:16:58.500+0400] {logging_mixin.py:137} INFO - [2023-01-09T14:16:58.500+0400] {dag.py:3423} INFO - Setting next_dagrun for example_short_circuit_operator to 2023-01-08T10:16:58.500366+00:00, run_after=2023-01-09T10:16:58.500366+00:00
[2023-01-09T14:16:58.510+0400] {processor.py:175} INFO - Processing /Users/harut/opt/anaconda3/lib/python3.9/site-packages/airflow/example_dags/example_short_circuit_operator.py took 0.425 seconds
[2023-01-09T14:19:29.884+0400] {processor.py:153} INFO - Started process (PID=12509) to work on /Users/harut/opt/anaconda3/lib/python3.9/site-packages/airflow/example_dags/example_short_circuit_operator.py
[2023-01-09T14:19:29.885+0400] {processor.py:743} INFO - Processing file /Users/harut/opt/anaconda3/lib/python3.9/site-packages/airflow/example_dags/example_short_circuit_operator.py for tasks to queue
[2023-01-09T14:19:29.885+0400] {logging_mixin.py:137} INFO - [2023-01-09T14:19:29.885+0400] {dagbag.py:538} INFO - Filling up the DagBag from /Users/harut/opt/anaconda3/lib/python3.9/site-packages/airflow/example_dags/example_short_circuit_operator.py
[2023-01-09T14:19:29.911+0400] {processor.py:753} INFO - DAG(s) dict_keys(['example_short_circuit_operator']) retrieved from /Users/harut/opt/anaconda3/lib/python3.9/site-packages/airflow/example_dags/example_short_circuit_operator.py
[2023-01-09T14:19:30.292+0400] {logging_mixin.py:137} INFO - [2023-01-09T14:19:30.292+0400] {dag.py:2676} INFO - Sync 1 DAGs
[2023-01-09T14:19:30.302+0400] {logging_mixin.py:137} INFO - [2023-01-09T14:19:30.302+0400] {dag.py:3423} INFO - Setting next_dagrun for example_short_circuit_operator to 2023-01-08T10:19:30.301917+00:00, run_after=2023-01-09T10:19:30.301917+00:00
[2023-01-09T14:19:30.313+0400] {processor.py:175} INFO - Processing /Users/harut/opt/anaconda3/lib/python3.9/site-packages/airflow/example_dags/example_short_circuit_operator.py took 0.428 seconds
[2023-01-09T14:20:43.216+0400] {processor.py:153} INFO - Started process (PID=12548) to work on /Users/harut/opt/anaconda3/lib/python3.9/site-packages/airflow/example_dags/example_short_circuit_operator.py
[2023-01-09T14:20:43.216+0400] {processor.py:743} INFO - Processing file /Users/harut/opt/anaconda3/lib/python3.9/site-packages/airflow/example_dags/example_short_circuit_operator.py for tasks to queue
[2023-01-09T14:20:43.217+0400] {logging_mixin.py:137} INFO - [2023-01-09T14:20:43.217+0400] {dagbag.py:538} INFO - Filling up the DagBag from /Users/harut/opt/anaconda3/lib/python3.9/site-packages/airflow/example_dags/example_short_circuit_operator.py
[2023-01-09T14:20:43.241+0400] {processor.py:753} INFO - DAG(s) dict_keys(['example_short_circuit_operator']) retrieved from /Users/harut/opt/anaconda3/lib/python3.9/site-packages/airflow/example_dags/example_short_circuit_operator.py
[2023-01-09T14:20:43.610+0400] {logging_mixin.py:137} INFO - [2023-01-09T14:20:43.610+0400] {dag.py:2676} INFO - Sync 1 DAGs
[2023-01-09T14:20:43.619+0400] {logging_mixin.py:137} INFO - [2023-01-09T14:20:43.619+0400] {dag.py:3423} INFO - Setting next_dagrun for example_short_circuit_operator to 2023-01-08T10:20:43.619049+00:00, run_after=2023-01-09T10:20:43.619049+00:00
[2023-01-09T14:20:43.629+0400] {processor.py:175} INFO - Processing /Users/harut/opt/anaconda3/lib/python3.9/site-packages/airflow/example_dags/example_short_circuit_operator.py took 0.414 seconds
[2023-01-09T14:21:58.518+0400] {processor.py:153} INFO - Started process (PID=12596) to work on /Users/harut/opt/anaconda3/lib/python3.9/site-packages/airflow/example_dags/example_short_circuit_operator.py
[2023-01-09T14:21:58.519+0400] {processor.py:743} INFO - Processing file /Users/harut/opt/anaconda3/lib/python3.9/site-packages/airflow/example_dags/example_short_circuit_operator.py for tasks to queue
[2023-01-09T14:21:58.519+0400] {logging_mixin.py:137} INFO - [2023-01-09T14:21:58.519+0400] {dagbag.py:538} INFO - Filling up the DagBag from /Users/harut/opt/anaconda3/lib/python3.9/site-packages/airflow/example_dags/example_short_circuit_operator.py
[2023-01-09T14:21:58.544+0400] {processor.py:753} INFO - DAG(s) dict_keys(['example_short_circuit_operator']) retrieved from /Users/harut/opt/anaconda3/lib/python3.9/site-packages/airflow/example_dags/example_short_circuit_operator.py
[2023-01-09T14:21:58.923+0400] {logging_mixin.py:137} INFO - [2023-01-09T14:21:58.922+0400] {dag.py:2676} INFO - Sync 1 DAGs
[2023-01-09T14:21:58.931+0400] {logging_mixin.py:137} INFO - [2023-01-09T14:21:58.931+0400] {dag.py:3423} INFO - Setting next_dagrun for example_short_circuit_operator to 2023-01-08T10:21:58.931561+00:00, run_after=2023-01-09T10:21:58.931561+00:00
[2023-01-09T14:21:58.942+0400] {processor.py:175} INFO - Processing /Users/harut/opt/anaconda3/lib/python3.9/site-packages/airflow/example_dags/example_short_circuit_operator.py took 0.424 seconds
[2023-01-09T14:23:13.915+0400] {processor.py:153} INFO - Started process (PID=12639) to work on /Users/harut/opt/anaconda3/lib/python3.9/site-packages/airflow/example_dags/example_short_circuit_operator.py
[2023-01-09T14:23:13.916+0400] {processor.py:743} INFO - Processing file /Users/harut/opt/anaconda3/lib/python3.9/site-packages/airflow/example_dags/example_short_circuit_operator.py for tasks to queue
[2023-01-09T14:23:13.916+0400] {logging_mixin.py:137} INFO - [2023-01-09T14:23:13.916+0400] {dagbag.py:538} INFO - Filling up the DagBag from /Users/harut/opt/anaconda3/lib/python3.9/site-packages/airflow/example_dags/example_short_circuit_operator.py
[2023-01-09T14:23:13.940+0400] {processor.py:753} INFO - DAG(s) dict_keys(['example_short_circuit_operator']) retrieved from /Users/harut/opt/anaconda3/lib/python3.9/site-packages/airflow/example_dags/example_short_circuit_operator.py
[2023-01-09T14:23:14.303+0400] {logging_mixin.py:137} INFO - [2023-01-09T14:23:14.303+0400] {dag.py:2676} INFO - Sync 1 DAGs
[2023-01-09T14:23:14.313+0400] {logging_mixin.py:137} INFO - [2023-01-09T14:23:14.313+0400] {dag.py:3423} INFO - Setting next_dagrun for example_short_circuit_operator to 2023-01-08T10:23:14.313695+00:00, run_after=2023-01-09T10:23:14.313695+00:00
[2023-01-09T14:23:14.324+0400] {processor.py:175} INFO - Processing /Users/harut/opt/anaconda3/lib/python3.9/site-packages/airflow/example_dags/example_short_circuit_operator.py took 0.410 seconds
[2023-01-09T14:24:35.021+0400] {processor.py:153} INFO - Started process (PID=12684) to work on /Users/harut/opt/anaconda3/lib/python3.9/site-packages/airflow/example_dags/example_short_circuit_operator.py
[2023-01-09T14:24:35.022+0400] {processor.py:743} INFO - Processing file /Users/harut/opt/anaconda3/lib/python3.9/site-packages/airflow/example_dags/example_short_circuit_operator.py for tasks to queue
[2023-01-09T14:24:35.022+0400] {logging_mixin.py:137} INFO - [2023-01-09T14:24:35.022+0400] {dagbag.py:538} INFO - Filling up the DagBag from /Users/harut/opt/anaconda3/lib/python3.9/site-packages/airflow/example_dags/example_short_circuit_operator.py
[2023-01-09T14:24:35.046+0400] {processor.py:753} INFO - DAG(s) dict_keys(['example_short_circuit_operator']) retrieved from /Users/harut/opt/anaconda3/lib/python3.9/site-packages/airflow/example_dags/example_short_circuit_operator.py
[2023-01-09T14:24:35.422+0400] {logging_mixin.py:137} INFO - [2023-01-09T14:24:35.422+0400] {dag.py:2676} INFO - Sync 1 DAGs
[2023-01-09T14:24:35.432+0400] {logging_mixin.py:137} INFO - [2023-01-09T14:24:35.432+0400] {dag.py:3423} INFO - Setting next_dagrun for example_short_circuit_operator to 2023-01-08T10:24:35.432405+00:00, run_after=2023-01-09T10:24:35.432405+00:00
[2023-01-09T14:24:35.444+0400] {processor.py:175} INFO - Processing /Users/harut/opt/anaconda3/lib/python3.9/site-packages/airflow/example_dags/example_short_circuit_operator.py took 0.423 seconds
[2023-01-09T14:25:53.717+0400] {processor.py:153} INFO - Started process (PID=12728) to work on /Users/harut/opt/anaconda3/lib/python3.9/site-packages/airflow/example_dags/example_short_circuit_operator.py
[2023-01-09T14:25:53.718+0400] {processor.py:743} INFO - Processing file /Users/harut/opt/anaconda3/lib/python3.9/site-packages/airflow/example_dags/example_short_circuit_operator.py for tasks to queue
[2023-01-09T14:25:53.718+0400] {logging_mixin.py:137} INFO - [2023-01-09T14:25:53.718+0400] {dagbag.py:538} INFO - Filling up the DagBag from /Users/harut/opt/anaconda3/lib/python3.9/site-packages/airflow/example_dags/example_short_circuit_operator.py
[2023-01-09T14:25:53.744+0400] {processor.py:753} INFO - DAG(s) dict_keys(['example_short_circuit_operator']) retrieved from /Users/harut/opt/anaconda3/lib/python3.9/site-packages/airflow/example_dags/example_short_circuit_operator.py
[2023-01-09T14:25:54.135+0400] {logging_mixin.py:137} INFO - [2023-01-09T14:25:54.135+0400] {dag.py:2676} INFO - Sync 1 DAGs
[2023-01-09T14:25:54.145+0400] {logging_mixin.py:137} INFO - [2023-01-09T14:25:54.145+0400] {dag.py:3423} INFO - Setting next_dagrun for example_short_circuit_operator to 2023-01-08T10:25:54.145284+00:00, run_after=2023-01-09T10:25:54.145284+00:00
[2023-01-09T14:25:54.155+0400] {processor.py:175} INFO - Processing /Users/harut/opt/anaconda3/lib/python3.9/site-packages/airflow/example_dags/example_short_circuit_operator.py took 0.438 seconds
[2023-01-09T14:27:10.284+0400] {processor.py:153} INFO - Started process (PID=12773) to work on /Users/harut/opt/anaconda3/lib/python3.9/site-packages/airflow/example_dags/example_short_circuit_operator.py
[2023-01-09T14:27:10.284+0400] {processor.py:743} INFO - Processing file /Users/harut/opt/anaconda3/lib/python3.9/site-packages/airflow/example_dags/example_short_circuit_operator.py for tasks to queue
[2023-01-09T14:27:10.285+0400] {logging_mixin.py:137} INFO - [2023-01-09T14:27:10.285+0400] {dagbag.py:538} INFO - Filling up the DagBag from /Users/harut/opt/anaconda3/lib/python3.9/site-packages/airflow/example_dags/example_short_circuit_operator.py
[2023-01-09T14:27:10.310+0400] {processor.py:753} INFO - DAG(s) dict_keys(['example_short_circuit_operator']) retrieved from /Users/harut/opt/anaconda3/lib/python3.9/site-packages/airflow/example_dags/example_short_circuit_operator.py
[2023-01-09T14:27:10.683+0400] {logging_mixin.py:137} INFO - [2023-01-09T14:27:10.683+0400] {dag.py:2676} INFO - Sync 1 DAGs
[2023-01-09T14:27:10.692+0400] {logging_mixin.py:137} INFO - [2023-01-09T14:27:10.692+0400] {dag.py:3423} INFO - Setting next_dagrun for example_short_circuit_operator to 2023-01-08T10:27:10.692482+00:00, run_after=2023-01-09T10:27:10.692482+00:00
[2023-01-09T14:27:10.702+0400] {processor.py:175} INFO - Processing /Users/harut/opt/anaconda3/lib/python3.9/site-packages/airflow/example_dags/example_short_circuit_operator.py took 0.419 seconds
[2023-01-09T14:28:27.544+0400] {processor.py:153} INFO - Started process (PID=12818) to work on /Users/harut/opt/anaconda3/lib/python3.9/site-packages/airflow/example_dags/example_short_circuit_operator.py
[2023-01-09T14:28:27.545+0400] {processor.py:743} INFO - Processing file /Users/harut/opt/anaconda3/lib/python3.9/site-packages/airflow/example_dags/example_short_circuit_operator.py for tasks to queue
[2023-01-09T14:28:27.545+0400] {logging_mixin.py:137} INFO - [2023-01-09T14:28:27.545+0400] {dagbag.py:538} INFO - Filling up the DagBag from /Users/harut/opt/anaconda3/lib/python3.9/site-packages/airflow/example_dags/example_short_circuit_operator.py
[2023-01-09T14:28:27.569+0400] {processor.py:753} INFO - DAG(s) dict_keys(['example_short_circuit_operator']) retrieved from /Users/harut/opt/anaconda3/lib/python3.9/site-packages/airflow/example_dags/example_short_circuit_operator.py
[2023-01-09T14:28:27.934+0400] {logging_mixin.py:137} INFO - [2023-01-09T14:28:27.934+0400] {dag.py:2676} INFO - Sync 1 DAGs
[2023-01-09T14:28:27.942+0400] {logging_mixin.py:137} INFO - [2023-01-09T14:28:27.942+0400] {dag.py:3423} INFO - Setting next_dagrun for example_short_circuit_operator to 2023-01-08T10:28:27.942825+00:00, run_after=2023-01-09T10:28:27.942825+00:00
[2023-01-09T14:28:27.952+0400] {processor.py:175} INFO - Processing /Users/harut/opt/anaconda3/lib/python3.9/site-packages/airflow/example_dags/example_short_circuit_operator.py took 0.408 seconds
[2023-01-09T14:29:44.574+0400] {processor.py:153} INFO - Started process (PID=12857) to work on /Users/harut/opt/anaconda3/lib/python3.9/site-packages/airflow/example_dags/example_short_circuit_operator.py
[2023-01-09T14:29:44.574+0400] {processor.py:743} INFO - Processing file /Users/harut/opt/anaconda3/lib/python3.9/site-packages/airflow/example_dags/example_short_circuit_operator.py for tasks to queue
[2023-01-09T14:29:44.575+0400] {logging_mixin.py:137} INFO - [2023-01-09T14:29:44.575+0400] {dagbag.py:538} INFO - Filling up the DagBag from /Users/harut/opt/anaconda3/lib/python3.9/site-packages/airflow/example_dags/example_short_circuit_operator.py
[2023-01-09T14:29:44.598+0400] {processor.py:753} INFO - DAG(s) dict_keys(['example_short_circuit_operator']) retrieved from /Users/harut/opt/anaconda3/lib/python3.9/site-packages/airflow/example_dags/example_short_circuit_operator.py
[2023-01-09T14:29:44.961+0400] {logging_mixin.py:137} INFO - [2023-01-09T14:29:44.961+0400] {dag.py:2676} INFO - Sync 1 DAGs
[2023-01-09T14:29:44.970+0400] {logging_mixin.py:137} INFO - [2023-01-09T14:29:44.969+0400] {dag.py:3423} INFO - Setting next_dagrun for example_short_circuit_operator to 2023-01-08T10:29:44.969828+00:00, run_after=2023-01-09T10:29:44.969828+00:00
[2023-01-09T14:29:44.980+0400] {processor.py:175} INFO - Processing /Users/harut/opt/anaconda3/lib/python3.9/site-packages/airflow/example_dags/example_short_circuit_operator.py took 0.406 seconds
[2023-01-09T14:31:00.696+0400] {processor.py:153} INFO - Started process (PID=12905) to work on /Users/harut/opt/anaconda3/lib/python3.9/site-packages/airflow/example_dags/example_short_circuit_operator.py
[2023-01-09T14:31:00.697+0400] {processor.py:743} INFO - Processing file /Users/harut/opt/anaconda3/lib/python3.9/site-packages/airflow/example_dags/example_short_circuit_operator.py for tasks to queue
[2023-01-09T14:31:00.697+0400] {logging_mixin.py:137} INFO - [2023-01-09T14:31:00.697+0400] {dagbag.py:538} INFO - Filling up the DagBag from /Users/harut/opt/anaconda3/lib/python3.9/site-packages/airflow/example_dags/example_short_circuit_operator.py
[2023-01-09T14:31:00.721+0400] {processor.py:753} INFO - DAG(s) dict_keys(['example_short_circuit_operator']) retrieved from /Users/harut/opt/anaconda3/lib/python3.9/site-packages/airflow/example_dags/example_short_circuit_operator.py
[2023-01-09T14:31:01.083+0400] {logging_mixin.py:137} INFO - [2023-01-09T14:31:01.083+0400] {dag.py:2676} INFO - Sync 1 DAGs
[2023-01-09T14:31:01.092+0400] {logging_mixin.py:137} INFO - [2023-01-09T14:31:01.092+0400] {dag.py:3423} INFO - Setting next_dagrun for example_short_circuit_operator to 2023-01-08T10:31:01.092441+00:00, run_after=2023-01-09T10:31:01.092441+00:00
[2023-01-09T14:31:01.102+0400] {processor.py:175} INFO - Processing /Users/harut/opt/anaconda3/lib/python3.9/site-packages/airflow/example_dags/example_short_circuit_operator.py took 0.406 seconds
[2023-01-09T14:32:14.140+0400] {processor.py:153} INFO - Started process (PID=12946) to work on /Users/harut/opt/anaconda3/lib/python3.9/site-packages/airflow/example_dags/example_short_circuit_operator.py
[2023-01-09T14:32:14.140+0400] {processor.py:743} INFO - Processing file /Users/harut/opt/anaconda3/lib/python3.9/site-packages/airflow/example_dags/example_short_circuit_operator.py for tasks to queue
[2023-01-09T14:32:14.140+0400] {logging_mixin.py:137} INFO - [2023-01-09T14:32:14.140+0400] {dagbag.py:538} INFO - Filling up the DagBag from /Users/harut/opt/anaconda3/lib/python3.9/site-packages/airflow/example_dags/example_short_circuit_operator.py
[2023-01-09T14:32:14.164+0400] {processor.py:753} INFO - DAG(s) dict_keys(['example_short_circuit_operator']) retrieved from /Users/harut/opt/anaconda3/lib/python3.9/site-packages/airflow/example_dags/example_short_circuit_operator.py
[2023-01-09T14:32:14.525+0400] {logging_mixin.py:137} INFO - [2023-01-09T14:32:14.525+0400] {dag.py:2676} INFO - Sync 1 DAGs
[2023-01-09T14:32:14.534+0400] {logging_mixin.py:137} INFO - [2023-01-09T14:32:14.534+0400] {dag.py:3423} INFO - Setting next_dagrun for example_short_circuit_operator to 2023-01-08T10:32:14.533966+00:00, run_after=2023-01-09T10:32:14.533966+00:00
[2023-01-09T14:32:14.545+0400] {processor.py:175} INFO - Processing /Users/harut/opt/anaconda3/lib/python3.9/site-packages/airflow/example_dags/example_short_circuit_operator.py took 0.405 seconds
[2023-01-09T14:33:32.693+0400] {processor.py:153} INFO - Started process (PID=12995) to work on /Users/harut/opt/anaconda3/lib/python3.9/site-packages/airflow/example_dags/example_short_circuit_operator.py
[2023-01-09T14:33:32.694+0400] {processor.py:743} INFO - Processing file /Users/harut/opt/anaconda3/lib/python3.9/site-packages/airflow/example_dags/example_short_circuit_operator.py for tasks to queue
[2023-01-09T14:33:32.694+0400] {logging_mixin.py:137} INFO - [2023-01-09T14:33:32.694+0400] {dagbag.py:538} INFO - Filling up the DagBag from /Users/harut/opt/anaconda3/lib/python3.9/site-packages/airflow/example_dags/example_short_circuit_operator.py
[2023-01-09T14:33:32.719+0400] {processor.py:753} INFO - DAG(s) dict_keys(['example_short_circuit_operator']) retrieved from /Users/harut/opt/anaconda3/lib/python3.9/site-packages/airflow/example_dags/example_short_circuit_operator.py
[2023-01-09T14:33:33.079+0400] {logging_mixin.py:137} INFO - [2023-01-09T14:33:33.079+0400] {dag.py:2676} INFO - Sync 1 DAGs
[2023-01-09T14:33:33.088+0400] {logging_mixin.py:137} INFO - [2023-01-09T14:33:33.088+0400] {dag.py:3423} INFO - Setting next_dagrun for example_short_circuit_operator to 2023-01-08T10:33:33.088318+00:00, run_after=2023-01-09T10:33:33.088318+00:00
[2023-01-09T14:33:33.098+0400] {processor.py:175} INFO - Processing /Users/harut/opt/anaconda3/lib/python3.9/site-packages/airflow/example_dags/example_short_circuit_operator.py took 0.405 seconds
[2023-01-09T14:34:50.207+0400] {processor.py:153} INFO - Started process (PID=13051) to work on /Users/harut/opt/anaconda3/lib/python3.9/site-packages/airflow/example_dags/example_short_circuit_operator.py
[2023-01-09T14:34:50.208+0400] {processor.py:743} INFO - Processing file /Users/harut/opt/anaconda3/lib/python3.9/site-packages/airflow/example_dags/example_short_circuit_operator.py for tasks to queue
[2023-01-09T14:34:50.208+0400] {logging_mixin.py:137} INFO - [2023-01-09T14:34:50.208+0400] {dagbag.py:538} INFO - Filling up the DagBag from /Users/harut/opt/anaconda3/lib/python3.9/site-packages/airflow/example_dags/example_short_circuit_operator.py
[2023-01-09T14:34:50.233+0400] {processor.py:753} INFO - DAG(s) dict_keys(['example_short_circuit_operator']) retrieved from /Users/harut/opt/anaconda3/lib/python3.9/site-packages/airflow/example_dags/example_short_circuit_operator.py
[2023-01-09T14:34:50.624+0400] {logging_mixin.py:137} INFO - [2023-01-09T14:34:50.624+0400] {dag.py:2676} INFO - Sync 1 DAGs
[2023-01-09T14:34:50.635+0400] {logging_mixin.py:137} INFO - [2023-01-09T14:34:50.634+0400] {dag.py:3423} INFO - Setting next_dagrun for example_short_circuit_operator to 2023-01-08T10:34:50.634822+00:00, run_after=2023-01-09T10:34:50.634822+00:00
[2023-01-09T14:34:50.646+0400] {processor.py:175} INFO - Processing /Users/harut/opt/anaconda3/lib/python3.9/site-packages/airflow/example_dags/example_short_circuit_operator.py took 0.439 seconds
[2023-01-09T14:36:08.021+0400] {processor.py:153} INFO - Started process (PID=13097) to work on /Users/harut/opt/anaconda3/lib/python3.9/site-packages/airflow/example_dags/example_short_circuit_operator.py
[2023-01-09T14:36:08.021+0400] {processor.py:743} INFO - Processing file /Users/harut/opt/anaconda3/lib/python3.9/site-packages/airflow/example_dags/example_short_circuit_operator.py for tasks to queue
[2023-01-09T14:36:08.022+0400] {logging_mixin.py:137} INFO - [2023-01-09T14:36:08.022+0400] {dagbag.py:538} INFO - Filling up the DagBag from /Users/harut/opt/anaconda3/lib/python3.9/site-packages/airflow/example_dags/example_short_circuit_operator.py
[2023-01-09T14:36:08.050+0400] {processor.py:753} INFO - DAG(s) dict_keys(['example_short_circuit_operator']) retrieved from /Users/harut/opt/anaconda3/lib/python3.9/site-packages/airflow/example_dags/example_short_circuit_operator.py
[2023-01-09T14:36:08.446+0400] {logging_mixin.py:137} INFO - [2023-01-09T14:36:08.446+0400] {dag.py:2676} INFO - Sync 1 DAGs
[2023-01-09T14:36:08.455+0400] {logging_mixin.py:137} INFO - [2023-01-09T14:36:08.455+0400] {dag.py:3423} INFO - Setting next_dagrun for example_short_circuit_operator to 2023-01-08T10:36:08.455199+00:00, run_after=2023-01-09T10:36:08.455199+00:00
[2023-01-09T14:36:08.465+0400] {processor.py:175} INFO - Processing /Users/harut/opt/anaconda3/lib/python3.9/site-packages/airflow/example_dags/example_short_circuit_operator.py took 0.445 seconds
[2023-01-09T14:37:25.059+0400] {processor.py:153} INFO - Started process (PID=13138) to work on /Users/harut/opt/anaconda3/lib/python3.9/site-packages/airflow/example_dags/example_short_circuit_operator.py
[2023-01-09T14:37:25.059+0400] {processor.py:743} INFO - Processing file /Users/harut/opt/anaconda3/lib/python3.9/site-packages/airflow/example_dags/example_short_circuit_operator.py for tasks to queue
[2023-01-09T14:37:25.060+0400] {logging_mixin.py:137} INFO - [2023-01-09T14:37:25.060+0400] {dagbag.py:538} INFO - Filling up the DagBag from /Users/harut/opt/anaconda3/lib/python3.9/site-packages/airflow/example_dags/example_short_circuit_operator.py
[2023-01-09T14:37:25.083+0400] {processor.py:753} INFO - DAG(s) dict_keys(['example_short_circuit_operator']) retrieved from /Users/harut/opt/anaconda3/lib/python3.9/site-packages/airflow/example_dags/example_short_circuit_operator.py
[2023-01-09T14:37:25.450+0400] {logging_mixin.py:137} INFO - [2023-01-09T14:37:25.450+0400] {dag.py:2676} INFO - Sync 1 DAGs
[2023-01-09T14:37:25.459+0400] {logging_mixin.py:137} INFO - [2023-01-09T14:37:25.459+0400] {dag.py:3423} INFO - Setting next_dagrun for example_short_circuit_operator to 2023-01-08T10:37:25.459412+00:00, run_after=2023-01-09T10:37:25.459412+00:00
[2023-01-09T14:37:25.469+0400] {processor.py:175} INFO - Processing /Users/harut/opt/anaconda3/lib/python3.9/site-packages/airflow/example_dags/example_short_circuit_operator.py took 0.411 seconds
[2023-01-09T14:38:41.563+0400] {processor.py:153} INFO - Started process (PID=13184) to work on /Users/harut/opt/anaconda3/lib/python3.9/site-packages/airflow/example_dags/example_short_circuit_operator.py
[2023-01-09T14:38:41.563+0400] {processor.py:743} INFO - Processing file /Users/harut/opt/anaconda3/lib/python3.9/site-packages/airflow/example_dags/example_short_circuit_operator.py for tasks to queue
[2023-01-09T14:38:41.563+0400] {logging_mixin.py:137} INFO - [2023-01-09T14:38:41.563+0400] {dagbag.py:538} INFO - Filling up the DagBag from /Users/harut/opt/anaconda3/lib/python3.9/site-packages/airflow/example_dags/example_short_circuit_operator.py
[2023-01-09T14:38:41.588+0400] {processor.py:753} INFO - DAG(s) dict_keys(['example_short_circuit_operator']) retrieved from /Users/harut/opt/anaconda3/lib/python3.9/site-packages/airflow/example_dags/example_short_circuit_operator.py
[2023-01-09T14:38:41.959+0400] {logging_mixin.py:137} INFO - [2023-01-09T14:38:41.959+0400] {dag.py:2676} INFO - Sync 1 DAGs
[2023-01-09T14:38:41.968+0400] {logging_mixin.py:137} INFO - [2023-01-09T14:38:41.968+0400] {dag.py:3423} INFO - Setting next_dagrun for example_short_circuit_operator to 2023-01-08T10:38:41.968546+00:00, run_after=2023-01-09T10:38:41.968546+00:00
[2023-01-09T14:38:41.978+0400] {processor.py:175} INFO - Processing /Users/harut/opt/anaconda3/lib/python3.9/site-packages/airflow/example_dags/example_short_circuit_operator.py took 0.416 seconds
[2023-01-09T14:39:58.763+0400] {processor.py:153} INFO - Started process (PID=13227) to work on /Users/harut/opt/anaconda3/lib/python3.9/site-packages/airflow/example_dags/example_short_circuit_operator.py
[2023-01-09T14:39:58.763+0400] {processor.py:743} INFO - Processing file /Users/harut/opt/anaconda3/lib/python3.9/site-packages/airflow/example_dags/example_short_circuit_operator.py for tasks to queue
[2023-01-09T14:39:58.763+0400] {logging_mixin.py:137} INFO - [2023-01-09T14:39:58.763+0400] {dagbag.py:538} INFO - Filling up the DagBag from /Users/harut/opt/anaconda3/lib/python3.9/site-packages/airflow/example_dags/example_short_circuit_operator.py
[2023-01-09T14:39:58.787+0400] {processor.py:753} INFO - DAG(s) dict_keys(['example_short_circuit_operator']) retrieved from /Users/harut/opt/anaconda3/lib/python3.9/site-packages/airflow/example_dags/example_short_circuit_operator.py
[2023-01-09T14:39:59.162+0400] {logging_mixin.py:137} INFO - [2023-01-09T14:39:59.162+0400] {dag.py:2676} INFO - Sync 1 DAGs
[2023-01-09T14:39:59.171+0400] {logging_mixin.py:137} INFO - [2023-01-09T14:39:59.171+0400] {dag.py:3423} INFO - Setting next_dagrun for example_short_circuit_operator to 2023-01-08T10:39:59.171492+00:00, run_after=2023-01-09T10:39:59.171492+00:00
[2023-01-09T14:39:59.181+0400] {processor.py:175} INFO - Processing /Users/harut/opt/anaconda3/lib/python3.9/site-packages/airflow/example_dags/example_short_circuit_operator.py took 0.419 seconds
[2023-01-09T14:41:14.778+0400] {processor.py:153} INFO - Started process (PID=13273) to work on /Users/harut/opt/anaconda3/lib/python3.9/site-packages/airflow/example_dags/example_short_circuit_operator.py
[2023-01-09T14:41:14.779+0400] {processor.py:743} INFO - Processing file /Users/harut/opt/anaconda3/lib/python3.9/site-packages/airflow/example_dags/example_short_circuit_operator.py for tasks to queue
[2023-01-09T14:41:14.779+0400] {logging_mixin.py:137} INFO - [2023-01-09T14:41:14.779+0400] {dagbag.py:538} INFO - Filling up the DagBag from /Users/harut/opt/anaconda3/lib/python3.9/site-packages/airflow/example_dags/example_short_circuit_operator.py
[2023-01-09T14:41:14.803+0400] {processor.py:753} INFO - DAG(s) dict_keys(['example_short_circuit_operator']) retrieved from /Users/harut/opt/anaconda3/lib/python3.9/site-packages/airflow/example_dags/example_short_circuit_operator.py
[2023-01-09T14:41:15.205+0400] {logging_mixin.py:137} INFO - [2023-01-09T14:41:15.205+0400] {dag.py:2676} INFO - Sync 1 DAGs
[2023-01-09T14:41:15.215+0400] {logging_mixin.py:137} INFO - [2023-01-09T14:41:15.215+0400] {dag.py:3423} INFO - Setting next_dagrun for example_short_circuit_operator to 2023-01-08T10:41:15.215287+00:00, run_after=2023-01-09T10:41:15.215287+00:00
[2023-01-09T14:41:15.226+0400] {processor.py:175} INFO - Processing /Users/harut/opt/anaconda3/lib/python3.9/site-packages/airflow/example_dags/example_short_circuit_operator.py took 0.448 seconds
[2023-01-09T14:42:31.326+0400] {processor.py:153} INFO - Started process (PID=13317) to work on /Users/harut/opt/anaconda3/lib/python3.9/site-packages/airflow/example_dags/example_short_circuit_operator.py
[2023-01-09T14:42:31.326+0400] {processor.py:743} INFO - Processing file /Users/harut/opt/anaconda3/lib/python3.9/site-packages/airflow/example_dags/example_short_circuit_operator.py for tasks to queue
[2023-01-09T14:42:31.327+0400] {logging_mixin.py:137} INFO - [2023-01-09T14:42:31.327+0400] {dagbag.py:538} INFO - Filling up the DagBag from /Users/harut/opt/anaconda3/lib/python3.9/site-packages/airflow/example_dags/example_short_circuit_operator.py
[2023-01-09T14:42:31.351+0400] {processor.py:753} INFO - DAG(s) dict_keys(['example_short_circuit_operator']) retrieved from /Users/harut/opt/anaconda3/lib/python3.9/site-packages/airflow/example_dags/example_short_circuit_operator.py
[2023-01-09T14:42:31.716+0400] {logging_mixin.py:137} INFO - [2023-01-09T14:42:31.716+0400] {dag.py:2676} INFO - Sync 1 DAGs
[2023-01-09T14:42:31.725+0400] {logging_mixin.py:137} INFO - [2023-01-09T14:42:31.725+0400] {dag.py:3423} INFO - Setting next_dagrun for example_short_circuit_operator to 2023-01-08T10:42:31.724931+00:00, run_after=2023-01-09T10:42:31.724931+00:00
[2023-01-09T14:42:31.735+0400] {processor.py:175} INFO - Processing /Users/harut/opt/anaconda3/lib/python3.9/site-packages/airflow/example_dags/example_short_circuit_operator.py took 0.409 seconds
[2023-01-09T14:43:46.836+0400] {processor.py:153} INFO - Started process (PID=13360) to work on /Users/harut/opt/anaconda3/lib/python3.9/site-packages/airflow/example_dags/example_short_circuit_operator.py
[2023-01-09T14:43:46.836+0400] {processor.py:743} INFO - Processing file /Users/harut/opt/anaconda3/lib/python3.9/site-packages/airflow/example_dags/example_short_circuit_operator.py for tasks to queue
[2023-01-09T14:43:46.836+0400] {logging_mixin.py:137} INFO - [2023-01-09T14:43:46.836+0400] {dagbag.py:538} INFO - Filling up the DagBag from /Users/harut/opt/anaconda3/lib/python3.9/site-packages/airflow/example_dags/example_short_circuit_operator.py
[2023-01-09T14:43:46.860+0400] {processor.py:753} INFO - DAG(s) dict_keys(['example_short_circuit_operator']) retrieved from /Users/harut/opt/anaconda3/lib/python3.9/site-packages/airflow/example_dags/example_short_circuit_operator.py
[2023-01-09T14:43:47.224+0400] {logging_mixin.py:137} INFO - [2023-01-09T14:43:47.224+0400] {dag.py:2676} INFO - Sync 1 DAGs
[2023-01-09T14:43:47.233+0400] {logging_mixin.py:137} INFO - [2023-01-09T14:43:47.233+0400] {dag.py:3423} INFO - Setting next_dagrun for example_short_circuit_operator to 2023-01-08T10:43:47.233103+00:00, run_after=2023-01-09T10:43:47.233103+00:00
[2023-01-09T14:43:47.243+0400] {processor.py:175} INFO - Processing /Users/harut/opt/anaconda3/lib/python3.9/site-packages/airflow/example_dags/example_short_circuit_operator.py took 0.408 seconds
[2023-01-09T14:45:08.227+0400] {processor.py:153} INFO - Started process (PID=13407) to work on /Users/harut/opt/anaconda3/lib/python3.9/site-packages/airflow/example_dags/example_short_circuit_operator.py
[2023-01-09T14:45:08.227+0400] {processor.py:743} INFO - Processing file /Users/harut/opt/anaconda3/lib/python3.9/site-packages/airflow/example_dags/example_short_circuit_operator.py for tasks to queue
[2023-01-09T14:45:08.227+0400] {logging_mixin.py:137} INFO - [2023-01-09T14:45:08.227+0400] {dagbag.py:538} INFO - Filling up the DagBag from /Users/harut/opt/anaconda3/lib/python3.9/site-packages/airflow/example_dags/example_short_circuit_operator.py
[2023-01-09T14:45:08.252+0400] {processor.py:753} INFO - DAG(s) dict_keys(['example_short_circuit_operator']) retrieved from /Users/harut/opt/anaconda3/lib/python3.9/site-packages/airflow/example_dags/example_short_circuit_operator.py
[2023-01-09T14:45:08.637+0400] {logging_mixin.py:137} INFO - [2023-01-09T14:45:08.637+0400] {dag.py:2676} INFO - Sync 1 DAGs
[2023-01-09T14:45:08.646+0400] {logging_mixin.py:137} INFO - [2023-01-09T14:45:08.646+0400] {dag.py:3423} INFO - Setting next_dagrun for example_short_circuit_operator to 2023-01-08T10:45:08.646215+00:00, run_after=2023-01-09T10:45:08.646215+00:00
[2023-01-09T14:45:08.656+0400] {processor.py:175} INFO - Processing /Users/harut/opt/anaconda3/lib/python3.9/site-packages/airflow/example_dags/example_short_circuit_operator.py took 0.430 seconds
[2023-01-09T14:46:26.032+0400] {processor.py:153} INFO - Started process (PID=13455) to work on /Users/harut/opt/anaconda3/lib/python3.9/site-packages/airflow/example_dags/example_short_circuit_operator.py
[2023-01-09T14:46:26.033+0400] {processor.py:743} INFO - Processing file /Users/harut/opt/anaconda3/lib/python3.9/site-packages/airflow/example_dags/example_short_circuit_operator.py for tasks to queue
[2023-01-09T14:46:26.033+0400] {logging_mixin.py:137} INFO - [2023-01-09T14:46:26.033+0400] {dagbag.py:538} INFO - Filling up the DagBag from /Users/harut/opt/anaconda3/lib/python3.9/site-packages/airflow/example_dags/example_short_circuit_operator.py
[2023-01-09T14:46:26.059+0400] {processor.py:753} INFO - DAG(s) dict_keys(['example_short_circuit_operator']) retrieved from /Users/harut/opt/anaconda3/lib/python3.9/site-packages/airflow/example_dags/example_short_circuit_operator.py
[2023-01-09T14:46:26.487+0400] {logging_mixin.py:137} INFO - [2023-01-09T14:46:26.487+0400] {dag.py:2676} INFO - Sync 1 DAGs
[2023-01-09T14:46:26.498+0400] {logging_mixin.py:137} INFO - [2023-01-09T14:46:26.498+0400] {dag.py:3423} INFO - Setting next_dagrun for example_short_circuit_operator to 2023-01-08T10:46:26.498332+00:00, run_after=2023-01-09T10:46:26.498332+00:00
[2023-01-09T14:46:26.510+0400] {processor.py:175} INFO - Processing /Users/harut/opt/anaconda3/lib/python3.9/site-packages/airflow/example_dags/example_short_circuit_operator.py took 0.478 seconds
[2023-01-09T14:47:46.080+0400] {processor.py:153} INFO - Started process (PID=13513) to work on /Users/harut/opt/anaconda3/lib/python3.9/site-packages/airflow/example_dags/example_short_circuit_operator.py
[2023-01-09T14:47:46.080+0400] {processor.py:743} INFO - Processing file /Users/harut/opt/anaconda3/lib/python3.9/site-packages/airflow/example_dags/example_short_circuit_operator.py for tasks to queue
[2023-01-09T14:47:46.081+0400] {logging_mixin.py:137} INFO - [2023-01-09T14:47:46.081+0400] {dagbag.py:538} INFO - Filling up the DagBag from /Users/harut/opt/anaconda3/lib/python3.9/site-packages/airflow/example_dags/example_short_circuit_operator.py
[2023-01-09T14:47:46.106+0400] {processor.py:753} INFO - DAG(s) dict_keys(['example_short_circuit_operator']) retrieved from /Users/harut/opt/anaconda3/lib/python3.9/site-packages/airflow/example_dags/example_short_circuit_operator.py
[2023-01-09T14:47:46.483+0400] {logging_mixin.py:137} INFO - [2023-01-09T14:47:46.483+0400] {dag.py:2676} INFO - Sync 1 DAGs
[2023-01-09T14:47:46.496+0400] {logging_mixin.py:137} INFO - [2023-01-09T14:47:46.496+0400] {dag.py:3423} INFO - Setting next_dagrun for example_short_circuit_operator to 2023-01-08T10:47:46.496457+00:00, run_after=2023-01-09T10:47:46.496457+00:00
[2023-01-09T14:47:46.507+0400] {processor.py:175} INFO - Processing /Users/harut/opt/anaconda3/lib/python3.9/site-packages/airflow/example_dags/example_short_circuit_operator.py took 0.428 seconds
[2023-01-09T14:49:08.961+0400] {processor.py:153} INFO - Started process (PID=13558) to work on /Users/harut/opt/anaconda3/lib/python3.9/site-packages/airflow/example_dags/example_short_circuit_operator.py
[2023-01-09T14:49:08.962+0400] {processor.py:743} INFO - Processing file /Users/harut/opt/anaconda3/lib/python3.9/site-packages/airflow/example_dags/example_short_circuit_operator.py for tasks to queue
[2023-01-09T14:49:08.962+0400] {logging_mixin.py:137} INFO - [2023-01-09T14:49:08.962+0400] {dagbag.py:538} INFO - Filling up the DagBag from /Users/harut/opt/anaconda3/lib/python3.9/site-packages/airflow/example_dags/example_short_circuit_operator.py
[2023-01-09T14:49:08.987+0400] {processor.py:753} INFO - DAG(s) dict_keys(['example_short_circuit_operator']) retrieved from /Users/harut/opt/anaconda3/lib/python3.9/site-packages/airflow/example_dags/example_short_circuit_operator.py
[2023-01-09T14:49:09.359+0400] {logging_mixin.py:137} INFO - [2023-01-09T14:49:09.359+0400] {dag.py:2676} INFO - Sync 1 DAGs
[2023-01-09T14:49:09.369+0400] {logging_mixin.py:137} INFO - [2023-01-09T14:49:09.369+0400] {dag.py:3423} INFO - Setting next_dagrun for example_short_circuit_operator to 2023-01-08T10:49:09.369262+00:00, run_after=2023-01-09T10:49:09.369262+00:00
[2023-01-09T14:49:09.380+0400] {processor.py:175} INFO - Processing /Users/harut/opt/anaconda3/lib/python3.9/site-packages/airflow/example_dags/example_short_circuit_operator.py took 0.419 seconds
[2023-01-09T14:50:30.918+0400] {processor.py:153} INFO - Started process (PID=13605) to work on /Users/harut/opt/anaconda3/lib/python3.9/site-packages/airflow/example_dags/example_short_circuit_operator.py
[2023-01-09T14:50:30.918+0400] {processor.py:743} INFO - Processing file /Users/harut/opt/anaconda3/lib/python3.9/site-packages/airflow/example_dags/example_short_circuit_operator.py for tasks to queue
[2023-01-09T14:50:30.918+0400] {logging_mixin.py:137} INFO - [2023-01-09T14:50:30.918+0400] {dagbag.py:538} INFO - Filling up the DagBag from /Users/harut/opt/anaconda3/lib/python3.9/site-packages/airflow/example_dags/example_short_circuit_operator.py
[2023-01-09T14:50:30.943+0400] {processor.py:753} INFO - DAG(s) dict_keys(['example_short_circuit_operator']) retrieved from /Users/harut/opt/anaconda3/lib/python3.9/site-packages/airflow/example_dags/example_short_circuit_operator.py
[2023-01-09T14:50:31.322+0400] {logging_mixin.py:137} INFO - [2023-01-09T14:50:31.322+0400] {dag.py:2676} INFO - Sync 1 DAGs
[2023-01-09T14:50:31.331+0400] {logging_mixin.py:137} INFO - [2023-01-09T14:50:31.331+0400] {dag.py:3423} INFO - Setting next_dagrun for example_short_circuit_operator to 2023-01-08T10:50:31.331429+00:00, run_after=2023-01-09T10:50:31.331429+00:00
[2023-01-09T14:50:31.341+0400] {processor.py:175} INFO - Processing /Users/harut/opt/anaconda3/lib/python3.9/site-packages/airflow/example_dags/example_short_circuit_operator.py took 0.424 seconds
[2023-01-09T14:51:50.710+0400] {processor.py:153} INFO - Started process (PID=13657) to work on /Users/harut/opt/anaconda3/lib/python3.9/site-packages/airflow/example_dags/example_short_circuit_operator.py
[2023-01-09T14:51:50.711+0400] {processor.py:743} INFO - Processing file /Users/harut/opt/anaconda3/lib/python3.9/site-packages/airflow/example_dags/example_short_circuit_operator.py for tasks to queue
[2023-01-09T14:51:50.711+0400] {logging_mixin.py:137} INFO - [2023-01-09T14:51:50.711+0400] {dagbag.py:538} INFO - Filling up the DagBag from /Users/harut/opt/anaconda3/lib/python3.9/site-packages/airflow/example_dags/example_short_circuit_operator.py
[2023-01-09T14:51:50.735+0400] {processor.py:753} INFO - DAG(s) dict_keys(['example_short_circuit_operator']) retrieved from /Users/harut/opt/anaconda3/lib/python3.9/site-packages/airflow/example_dags/example_short_circuit_operator.py
[2023-01-09T14:51:51.114+0400] {logging_mixin.py:137} INFO - [2023-01-09T14:51:51.114+0400] {dag.py:2676} INFO - Sync 1 DAGs
[2023-01-09T14:51:51.123+0400] {logging_mixin.py:137} INFO - [2023-01-09T14:51:51.123+0400] {dag.py:3423} INFO - Setting next_dagrun for example_short_circuit_operator to 2023-01-08T10:51:51.123206+00:00, run_after=2023-01-09T10:51:51.123206+00:00
[2023-01-09T14:51:51.133+0400] {processor.py:175} INFO - Processing /Users/harut/opt/anaconda3/lib/python3.9/site-packages/airflow/example_dags/example_short_circuit_operator.py took 0.423 seconds
[2023-01-09T14:53:10.898+0400] {processor.py:153} INFO - Started process (PID=13698) to work on /Users/harut/opt/anaconda3/lib/python3.9/site-packages/airflow/example_dags/example_short_circuit_operator.py
[2023-01-09T14:53:10.898+0400] {processor.py:743} INFO - Processing file /Users/harut/opt/anaconda3/lib/python3.9/site-packages/airflow/example_dags/example_short_circuit_operator.py for tasks to queue
[2023-01-09T14:53:10.898+0400] {logging_mixin.py:137} INFO - [2023-01-09T14:53:10.898+0400] {dagbag.py:538} INFO - Filling up the DagBag from /Users/harut/opt/anaconda3/lib/python3.9/site-packages/airflow/example_dags/example_short_circuit_operator.py
[2023-01-09T14:53:10.922+0400] {processor.py:753} INFO - DAG(s) dict_keys(['example_short_circuit_operator']) retrieved from /Users/harut/opt/anaconda3/lib/python3.9/site-packages/airflow/example_dags/example_short_circuit_operator.py
[2023-01-09T14:53:11.305+0400] {logging_mixin.py:137} INFO - [2023-01-09T14:53:11.305+0400] {dag.py:2676} INFO - Sync 1 DAGs
[2023-01-09T14:53:11.314+0400] {logging_mixin.py:137} INFO - [2023-01-09T14:53:11.314+0400] {dag.py:3423} INFO - Setting next_dagrun for example_short_circuit_operator to 2023-01-08T10:53:11.314703+00:00, run_after=2023-01-09T10:53:11.314703+00:00
[2023-01-09T14:53:11.324+0400] {processor.py:175} INFO - Processing /Users/harut/opt/anaconda3/lib/python3.9/site-packages/airflow/example_dags/example_short_circuit_operator.py took 0.427 seconds
[2023-01-09T14:54:31.710+0400] {processor.py:153} INFO - Started process (PID=13746) to work on /Users/harut/opt/anaconda3/lib/python3.9/site-packages/airflow/example_dags/example_short_circuit_operator.py
[2023-01-09T14:54:31.711+0400] {processor.py:743} INFO - Processing file /Users/harut/opt/anaconda3/lib/python3.9/site-packages/airflow/example_dags/example_short_circuit_operator.py for tasks to queue
[2023-01-09T14:54:31.711+0400] {logging_mixin.py:137} INFO - [2023-01-09T14:54:31.711+0400] {dagbag.py:538} INFO - Filling up the DagBag from /Users/harut/opt/anaconda3/lib/python3.9/site-packages/airflow/example_dags/example_short_circuit_operator.py
[2023-01-09T14:54:31.735+0400] {processor.py:753} INFO - DAG(s) dict_keys(['example_short_circuit_operator']) retrieved from /Users/harut/opt/anaconda3/lib/python3.9/site-packages/airflow/example_dags/example_short_circuit_operator.py
[2023-01-09T14:54:32.099+0400] {logging_mixin.py:137} INFO - [2023-01-09T14:54:32.099+0400] {dag.py:2676} INFO - Sync 1 DAGs
[2023-01-09T14:54:32.108+0400] {logging_mixin.py:137} INFO - [2023-01-09T14:54:32.108+0400] {dag.py:3423} INFO - Setting next_dagrun for example_short_circuit_operator to 2023-01-08T10:54:32.108394+00:00, run_after=2023-01-09T10:54:32.108394+00:00
[2023-01-09T14:54:32.118+0400] {processor.py:175} INFO - Processing /Users/harut/opt/anaconda3/lib/python3.9/site-packages/airflow/example_dags/example_short_circuit_operator.py took 0.409 seconds
[2023-01-09T14:55:53.957+0400] {processor.py:153} INFO - Started process (PID=13790) to work on /Users/harut/opt/anaconda3/lib/python3.9/site-packages/airflow/example_dags/example_short_circuit_operator.py
[2023-01-09T14:55:53.958+0400] {processor.py:743} INFO - Processing file /Users/harut/opt/anaconda3/lib/python3.9/site-packages/airflow/example_dags/example_short_circuit_operator.py for tasks to queue
[2023-01-09T14:55:53.958+0400] {logging_mixin.py:137} INFO - [2023-01-09T14:55:53.958+0400] {dagbag.py:538} INFO - Filling up the DagBag from /Users/harut/opt/anaconda3/lib/python3.9/site-packages/airflow/example_dags/example_short_circuit_operator.py
[2023-01-09T14:55:53.981+0400] {processor.py:753} INFO - DAG(s) dict_keys(['example_short_circuit_operator']) retrieved from /Users/harut/opt/anaconda3/lib/python3.9/site-packages/airflow/example_dags/example_short_circuit_operator.py
[2023-01-09T14:55:54.345+0400] {logging_mixin.py:137} INFO - [2023-01-09T14:55:54.345+0400] {dag.py:2676} INFO - Sync 1 DAGs
[2023-01-09T14:55:54.354+0400] {logging_mixin.py:137} INFO - [2023-01-09T14:55:54.354+0400] {dag.py:3423} INFO - Setting next_dagrun for example_short_circuit_operator to 2023-01-08T10:55:54.354530+00:00, run_after=2023-01-09T10:55:54.354530+00:00
[2023-01-09T14:55:54.364+0400] {processor.py:175} INFO - Processing /Users/harut/opt/anaconda3/lib/python3.9/site-packages/airflow/example_dags/example_short_circuit_operator.py took 0.407 seconds
[2023-01-09T14:57:15.965+0400] {processor.py:153} INFO - Started process (PID=13836) to work on /Users/harut/opt/anaconda3/lib/python3.9/site-packages/airflow/example_dags/example_short_circuit_operator.py
[2023-01-09T14:57:15.965+0400] {processor.py:743} INFO - Processing file /Users/harut/opt/anaconda3/lib/python3.9/site-packages/airflow/example_dags/example_short_circuit_operator.py for tasks to queue
[2023-01-09T14:57:15.965+0400] {logging_mixin.py:137} INFO - [2023-01-09T14:57:15.965+0400] {dagbag.py:538} INFO - Filling up the DagBag from /Users/harut/opt/anaconda3/lib/python3.9/site-packages/airflow/example_dags/example_short_circuit_operator.py
[2023-01-09T14:57:15.990+0400] {processor.py:753} INFO - DAG(s) dict_keys(['example_short_circuit_operator']) retrieved from /Users/harut/opt/anaconda3/lib/python3.9/site-packages/airflow/example_dags/example_short_circuit_operator.py
[2023-01-09T14:57:16.354+0400] {logging_mixin.py:137} INFO - [2023-01-09T14:57:16.353+0400] {dag.py:2676} INFO - Sync 1 DAGs
[2023-01-09T14:57:16.362+0400] {logging_mixin.py:137} INFO - [2023-01-09T14:57:16.362+0400] {dag.py:3423} INFO - Setting next_dagrun for example_short_circuit_operator to 2023-01-08T10:57:16.362763+00:00, run_after=2023-01-09T10:57:16.362763+00:00
[2023-01-09T14:57:16.372+0400] {processor.py:175} INFO - Processing /Users/harut/opt/anaconda3/lib/python3.9/site-packages/airflow/example_dags/example_short_circuit_operator.py took 0.408 seconds
[2023-01-09T14:58:36.837+0400] {processor.py:153} INFO - Started process (PID=13878) to work on /Users/harut/opt/anaconda3/lib/python3.9/site-packages/airflow/example_dags/example_short_circuit_operator.py
[2023-01-09T14:58:36.837+0400] {processor.py:743} INFO - Processing file /Users/harut/opt/anaconda3/lib/python3.9/site-packages/airflow/example_dags/example_short_circuit_operator.py for tasks to queue
[2023-01-09T14:58:36.837+0400] {logging_mixin.py:137} INFO - [2023-01-09T14:58:36.837+0400] {dagbag.py:538} INFO - Filling up the DagBag from /Users/harut/opt/anaconda3/lib/python3.9/site-packages/airflow/example_dags/example_short_circuit_operator.py
[2023-01-09T14:58:36.861+0400] {processor.py:753} INFO - DAG(s) dict_keys(['example_short_circuit_operator']) retrieved from /Users/harut/opt/anaconda3/lib/python3.9/site-packages/airflow/example_dags/example_short_circuit_operator.py
[2023-01-09T14:58:37.226+0400] {logging_mixin.py:137} INFO - [2023-01-09T14:58:37.225+0400] {dag.py:2676} INFO - Sync 1 DAGs
[2023-01-09T14:58:37.234+0400] {logging_mixin.py:137} INFO - [2023-01-09T14:58:37.234+0400] {dag.py:3423} INFO - Setting next_dagrun for example_short_circuit_operator to 2023-01-08T10:58:37.234497+00:00, run_after=2023-01-09T10:58:37.234497+00:00
[2023-01-09T14:58:37.244+0400] {processor.py:175} INFO - Processing /Users/harut/opt/anaconda3/lib/python3.9/site-packages/airflow/example_dags/example_short_circuit_operator.py took 0.408 seconds
[2023-01-09T14:59:58.247+0400] {processor.py:153} INFO - Started process (PID=13924) to work on /Users/harut/opt/anaconda3/lib/python3.9/site-packages/airflow/example_dags/example_short_circuit_operator.py
[2023-01-09T14:59:58.248+0400] {processor.py:743} INFO - Processing file /Users/harut/opt/anaconda3/lib/python3.9/site-packages/airflow/example_dags/example_short_circuit_operator.py for tasks to queue
[2023-01-09T14:59:58.248+0400] {logging_mixin.py:137} INFO - [2023-01-09T14:59:58.248+0400] {dagbag.py:538} INFO - Filling up the DagBag from /Users/harut/opt/anaconda3/lib/python3.9/site-packages/airflow/example_dags/example_short_circuit_operator.py
[2023-01-09T14:59:58.273+0400] {processor.py:753} INFO - DAG(s) dict_keys(['example_short_circuit_operator']) retrieved from /Users/harut/opt/anaconda3/lib/python3.9/site-packages/airflow/example_dags/example_short_circuit_operator.py
[2023-01-09T14:59:58.635+0400] {logging_mixin.py:137} INFO - [2023-01-09T14:59:58.635+0400] {dag.py:2676} INFO - Sync 1 DAGs
[2023-01-09T14:59:58.644+0400] {logging_mixin.py:137} INFO - [2023-01-09T14:59:58.644+0400] {dag.py:3423} INFO - Setting next_dagrun for example_short_circuit_operator to 2023-01-08T10:59:58.644541+00:00, run_after=2023-01-09T10:59:58.644541+00:00
[2023-01-09T14:59:58.654+0400] {processor.py:175} INFO - Processing /Users/harut/opt/anaconda3/lib/python3.9/site-packages/airflow/example_dags/example_short_circuit_operator.py took 0.407 seconds
[2023-01-09T15:01:18.436+0400] {processor.py:153} INFO - Started process (PID=13971) to work on /Users/harut/opt/anaconda3/lib/python3.9/site-packages/airflow/example_dags/example_short_circuit_operator.py
[2023-01-09T15:01:18.436+0400] {processor.py:743} INFO - Processing file /Users/harut/opt/anaconda3/lib/python3.9/site-packages/airflow/example_dags/example_short_circuit_operator.py for tasks to queue
[2023-01-09T15:01:18.436+0400] {logging_mixin.py:137} INFO - [2023-01-09T15:01:18.436+0400] {dagbag.py:538} INFO - Filling up the DagBag from /Users/harut/opt/anaconda3/lib/python3.9/site-packages/airflow/example_dags/example_short_circuit_operator.py
[2023-01-09T15:01:18.461+0400] {processor.py:753} INFO - DAG(s) dict_keys(['example_short_circuit_operator']) retrieved from /Users/harut/opt/anaconda3/lib/python3.9/site-packages/airflow/example_dags/example_short_circuit_operator.py
[2023-01-09T15:01:18.825+0400] {logging_mixin.py:137} INFO - [2023-01-09T15:01:18.825+0400] {dag.py:2676} INFO - Sync 1 DAGs
[2023-01-09T15:01:18.834+0400] {logging_mixin.py:137} INFO - [2023-01-09T15:01:18.834+0400] {dag.py:3423} INFO - Setting next_dagrun for example_short_circuit_operator to 2023-01-08T11:01:18.834378+00:00, run_after=2023-01-09T11:01:18.834378+00:00
[2023-01-09T15:01:18.844+0400] {processor.py:175} INFO - Processing /Users/harut/opt/anaconda3/lib/python3.9/site-packages/airflow/example_dags/example_short_circuit_operator.py took 0.409 seconds
[2023-01-09T15:02:40.029+0400] {processor.py:153} INFO - Started process (PID=14015) to work on /Users/harut/opt/anaconda3/lib/python3.9/site-packages/airflow/example_dags/example_short_circuit_operator.py
[2023-01-09T15:02:40.030+0400] {processor.py:743} INFO - Processing file /Users/harut/opt/anaconda3/lib/python3.9/site-packages/airflow/example_dags/example_short_circuit_operator.py for tasks to queue
[2023-01-09T15:02:40.030+0400] {logging_mixin.py:137} INFO - [2023-01-09T15:02:40.030+0400] {dagbag.py:538} INFO - Filling up the DagBag from /Users/harut/opt/anaconda3/lib/python3.9/site-packages/airflow/example_dags/example_short_circuit_operator.py
[2023-01-09T15:02:40.055+0400] {processor.py:753} INFO - DAG(s) dict_keys(['example_short_circuit_operator']) retrieved from /Users/harut/opt/anaconda3/lib/python3.9/site-packages/airflow/example_dags/example_short_circuit_operator.py
[2023-01-09T15:02:40.440+0400] {logging_mixin.py:137} INFO - [2023-01-09T15:02:40.440+0400] {dag.py:2676} INFO - Sync 1 DAGs
[2023-01-09T15:02:40.449+0400] {logging_mixin.py:137} INFO - [2023-01-09T15:02:40.449+0400] {dag.py:3423} INFO - Setting next_dagrun for example_short_circuit_operator to 2023-01-08T11:02:40.449481+00:00, run_after=2023-01-09T11:02:40.449481+00:00
[2023-01-09T15:02:40.460+0400] {processor.py:175} INFO - Processing /Users/harut/opt/anaconda3/lib/python3.9/site-packages/airflow/example_dags/example_short_circuit_operator.py took 0.431 seconds
[2023-01-09T15:04:01.391+0400] {processor.py:153} INFO - Started process (PID=14063) to work on /Users/harut/opt/anaconda3/lib/python3.9/site-packages/airflow/example_dags/example_short_circuit_operator.py
[2023-01-09T15:04:01.391+0400] {processor.py:743} INFO - Processing file /Users/harut/opt/anaconda3/lib/python3.9/site-packages/airflow/example_dags/example_short_circuit_operator.py for tasks to queue
[2023-01-09T15:04:01.391+0400] {logging_mixin.py:137} INFO - [2023-01-09T15:04:01.391+0400] {dagbag.py:538} INFO - Filling up the DagBag from /Users/harut/opt/anaconda3/lib/python3.9/site-packages/airflow/example_dags/example_short_circuit_operator.py
[2023-01-09T15:04:01.417+0400] {processor.py:753} INFO - DAG(s) dict_keys(['example_short_circuit_operator']) retrieved from /Users/harut/opt/anaconda3/lib/python3.9/site-packages/airflow/example_dags/example_short_circuit_operator.py
[2023-01-09T15:04:01.791+0400] {logging_mixin.py:137} INFO - [2023-01-09T15:04:01.791+0400] {dag.py:2676} INFO - Sync 1 DAGs
[2023-01-09T15:04:01.800+0400] {logging_mixin.py:137} INFO - [2023-01-09T15:04:01.799+0400] {dag.py:3423} INFO - Setting next_dagrun for example_short_circuit_operator to 2023-01-08T11:04:01.799855+00:00, run_after=2023-01-09T11:04:01.799855+00:00
[2023-01-09T15:04:01.809+0400] {processor.py:175} INFO - Processing /Users/harut/opt/anaconda3/lib/python3.9/site-packages/airflow/example_dags/example_short_circuit_operator.py took 0.419 seconds
[2023-01-09T15:05:20.331+0400] {processor.py:153} INFO - Started process (PID=14108) to work on /Users/harut/opt/anaconda3/lib/python3.9/site-packages/airflow/example_dags/example_short_circuit_operator.py
[2023-01-09T15:05:20.332+0400] {processor.py:743} INFO - Processing file /Users/harut/opt/anaconda3/lib/python3.9/site-packages/airflow/example_dags/example_short_circuit_operator.py for tasks to queue
[2023-01-09T15:05:20.332+0400] {logging_mixin.py:137} INFO - [2023-01-09T15:05:20.332+0400] {dagbag.py:538} INFO - Filling up the DagBag from /Users/harut/opt/anaconda3/lib/python3.9/site-packages/airflow/example_dags/example_short_circuit_operator.py
[2023-01-09T15:05:20.356+0400] {processor.py:753} INFO - DAG(s) dict_keys(['example_short_circuit_operator']) retrieved from /Users/harut/opt/anaconda3/lib/python3.9/site-packages/airflow/example_dags/example_short_circuit_operator.py
[2023-01-09T15:05:20.731+0400] {logging_mixin.py:137} INFO - [2023-01-09T15:05:20.731+0400] {dag.py:2676} INFO - Sync 1 DAGs
[2023-01-09T15:05:20.740+0400] {logging_mixin.py:137} INFO - [2023-01-09T15:05:20.740+0400] {dag.py:3423} INFO - Setting next_dagrun for example_short_circuit_operator to 2023-01-08T11:05:20.740230+00:00, run_after=2023-01-09T11:05:20.740230+00:00
[2023-01-09T15:05:20.750+0400] {processor.py:175} INFO - Processing /Users/harut/opt/anaconda3/lib/python3.9/site-packages/airflow/example_dags/example_short_circuit_operator.py took 0.419 seconds
[2023-01-09T15:06:41.872+0400] {processor.py:153} INFO - Started process (PID=14152) to work on /Users/harut/opt/anaconda3/lib/python3.9/site-packages/airflow/example_dags/example_short_circuit_operator.py
[2023-01-09T15:06:41.873+0400] {processor.py:743} INFO - Processing file /Users/harut/opt/anaconda3/lib/python3.9/site-packages/airflow/example_dags/example_short_circuit_operator.py for tasks to queue
[2023-01-09T15:06:41.873+0400] {logging_mixin.py:137} INFO - [2023-01-09T15:06:41.873+0400] {dagbag.py:538} INFO - Filling up the DagBag from /Users/harut/opt/anaconda3/lib/python3.9/site-packages/airflow/example_dags/example_short_circuit_operator.py
[2023-01-09T15:06:41.897+0400] {processor.py:753} INFO - DAG(s) dict_keys(['example_short_circuit_operator']) retrieved from /Users/harut/opt/anaconda3/lib/python3.9/site-packages/airflow/example_dags/example_short_circuit_operator.py
[2023-01-09T15:06:42.271+0400] {logging_mixin.py:137} INFO - [2023-01-09T15:06:42.271+0400] {dag.py:2676} INFO - Sync 1 DAGs
[2023-01-09T15:06:42.280+0400] {logging_mixin.py:137} INFO - [2023-01-09T15:06:42.280+0400] {dag.py:3423} INFO - Setting next_dagrun for example_short_circuit_operator to 2023-01-08T11:06:42.280030+00:00, run_after=2023-01-09T11:06:42.280030+00:00
[2023-01-09T15:06:42.290+0400] {processor.py:175} INFO - Processing /Users/harut/opt/anaconda3/lib/python3.9/site-packages/airflow/example_dags/example_short_circuit_operator.py took 0.418 seconds
[2023-01-09T15:07:59.345+0400] {processor.py:153} INFO - Started process (PID=14195) to work on /Users/harut/opt/anaconda3/lib/python3.9/site-packages/airflow/example_dags/example_short_circuit_operator.py
[2023-01-09T15:07:59.345+0400] {processor.py:743} INFO - Processing file /Users/harut/opt/anaconda3/lib/python3.9/site-packages/airflow/example_dags/example_short_circuit_operator.py for tasks to queue
[2023-01-09T15:07:59.345+0400] {logging_mixin.py:137} INFO - [2023-01-09T15:07:59.345+0400] {dagbag.py:538} INFO - Filling up the DagBag from /Users/harut/opt/anaconda3/lib/python3.9/site-packages/airflow/example_dags/example_short_circuit_operator.py
[2023-01-09T15:07:59.369+0400] {processor.py:753} INFO - DAG(s) dict_keys(['example_short_circuit_operator']) retrieved from /Users/harut/opt/anaconda3/lib/python3.9/site-packages/airflow/example_dags/example_short_circuit_operator.py
[2023-01-09T15:07:59.735+0400] {logging_mixin.py:137} INFO - [2023-01-09T15:07:59.735+0400] {dag.py:2676} INFO - Sync 1 DAGs
[2023-01-09T15:07:59.744+0400] {logging_mixin.py:137} INFO - [2023-01-09T15:07:59.744+0400] {dag.py:3423} INFO - Setting next_dagrun for example_short_circuit_operator to 2023-01-08T11:07:59.744050+00:00, run_after=2023-01-09T11:07:59.744050+00:00
[2023-01-09T15:07:59.754+0400] {processor.py:175} INFO - Processing /Users/harut/opt/anaconda3/lib/python3.9/site-packages/airflow/example_dags/example_short_circuit_operator.py took 0.410 seconds
[2023-01-09T15:09:20.351+0400] {processor.py:153} INFO - Started process (PID=14239) to work on /Users/harut/opt/anaconda3/lib/python3.9/site-packages/airflow/example_dags/example_short_circuit_operator.py
[2023-01-09T15:09:20.351+0400] {processor.py:743} INFO - Processing file /Users/harut/opt/anaconda3/lib/python3.9/site-packages/airflow/example_dags/example_short_circuit_operator.py for tasks to queue
[2023-01-09T15:09:20.352+0400] {logging_mixin.py:137} INFO - [2023-01-09T15:09:20.352+0400] {dagbag.py:538} INFO - Filling up the DagBag from /Users/harut/opt/anaconda3/lib/python3.9/site-packages/airflow/example_dags/example_short_circuit_operator.py
[2023-01-09T15:09:20.376+0400] {processor.py:753} INFO - DAG(s) dict_keys(['example_short_circuit_operator']) retrieved from /Users/harut/opt/anaconda3/lib/python3.9/site-packages/airflow/example_dags/example_short_circuit_operator.py
[2023-01-09T15:09:20.742+0400] {logging_mixin.py:137} INFO - [2023-01-09T15:09:20.741+0400] {dag.py:2676} INFO - Sync 1 DAGs
[2023-01-09T15:09:20.751+0400] {logging_mixin.py:137} INFO - [2023-01-09T15:09:20.751+0400] {dag.py:3423} INFO - Setting next_dagrun for example_short_circuit_operator to 2023-01-08T11:09:20.751703+00:00, run_after=2023-01-09T11:09:20.751703+00:00
[2023-01-09T15:09:20.763+0400] {processor.py:175} INFO - Processing /Users/harut/opt/anaconda3/lib/python3.9/site-packages/airflow/example_dags/example_short_circuit_operator.py took 0.412 seconds
[2023-01-09T15:10:39.496+0400] {processor.py:153} INFO - Started process (PID=14286) to work on /Users/harut/opt/anaconda3/lib/python3.9/site-packages/airflow/example_dags/example_short_circuit_operator.py
[2023-01-09T15:10:39.497+0400] {processor.py:743} INFO - Processing file /Users/harut/opt/anaconda3/lib/python3.9/site-packages/airflow/example_dags/example_short_circuit_operator.py for tasks to queue
[2023-01-09T15:10:39.497+0400] {logging_mixin.py:137} INFO - [2023-01-09T15:10:39.497+0400] {dagbag.py:538} INFO - Filling up the DagBag from /Users/harut/opt/anaconda3/lib/python3.9/site-packages/airflow/example_dags/example_short_circuit_operator.py
[2023-01-09T15:10:39.523+0400] {processor.py:753} INFO - DAG(s) dict_keys(['example_short_circuit_operator']) retrieved from /Users/harut/opt/anaconda3/lib/python3.9/site-packages/airflow/example_dags/example_short_circuit_operator.py
[2023-01-09T15:10:39.933+0400] {logging_mixin.py:137} INFO - [2023-01-09T15:10:39.933+0400] {dag.py:2676} INFO - Sync 1 DAGs
[2023-01-09T15:10:39.943+0400] {logging_mixin.py:137} INFO - [2023-01-09T15:10:39.943+0400] {dag.py:3423} INFO - Setting next_dagrun for example_short_circuit_operator to 2023-01-08T11:10:39.943399+00:00, run_after=2023-01-09T11:10:39.943399+00:00
[2023-01-09T15:10:39.954+0400] {processor.py:175} INFO - Processing /Users/harut/opt/anaconda3/lib/python3.9/site-packages/airflow/example_dags/example_short_circuit_operator.py took 0.459 seconds
[2023-01-09T15:12:02.417+0400] {processor.py:153} INFO - Started process (PID=14339) to work on /Users/harut/opt/anaconda3/lib/python3.9/site-packages/airflow/example_dags/example_short_circuit_operator.py
[2023-01-09T15:12:02.417+0400] {processor.py:743} INFO - Processing file /Users/harut/opt/anaconda3/lib/python3.9/site-packages/airflow/example_dags/example_short_circuit_operator.py for tasks to queue
[2023-01-09T15:12:02.418+0400] {logging_mixin.py:137} INFO - [2023-01-09T15:12:02.418+0400] {dagbag.py:538} INFO - Filling up the DagBag from /Users/harut/opt/anaconda3/lib/python3.9/site-packages/airflow/example_dags/example_short_circuit_operator.py
[2023-01-09T15:12:02.443+0400] {processor.py:753} INFO - DAG(s) dict_keys(['example_short_circuit_operator']) retrieved from /Users/harut/opt/anaconda3/lib/python3.9/site-packages/airflow/example_dags/example_short_circuit_operator.py
[2023-01-09T15:12:02.852+0400] {logging_mixin.py:137} INFO - [2023-01-09T15:12:02.851+0400] {dag.py:2676} INFO - Sync 1 DAGs
[2023-01-09T15:12:02.861+0400] {logging_mixin.py:137} INFO - [2023-01-09T15:12:02.861+0400] {dag.py:3423} INFO - Setting next_dagrun for example_short_circuit_operator to 2023-01-08T11:12:02.861490+00:00, run_after=2023-01-09T11:12:02.861490+00:00
[2023-01-09T15:12:02.873+0400] {processor.py:175} INFO - Processing /Users/harut/opt/anaconda3/lib/python3.9/site-packages/airflow/example_dags/example_short_circuit_operator.py took 0.456 seconds
[2023-01-09T15:13:25.510+0400] {processor.py:153} INFO - Started process (PID=14382) to work on /Users/harut/opt/anaconda3/lib/python3.9/site-packages/airflow/example_dags/example_short_circuit_operator.py
[2023-01-09T15:13:25.511+0400] {processor.py:743} INFO - Processing file /Users/harut/opt/anaconda3/lib/python3.9/site-packages/airflow/example_dags/example_short_circuit_operator.py for tasks to queue
[2023-01-09T15:13:25.511+0400] {logging_mixin.py:137} INFO - [2023-01-09T15:13:25.511+0400] {dagbag.py:538} INFO - Filling up the DagBag from /Users/harut/opt/anaconda3/lib/python3.9/site-packages/airflow/example_dags/example_short_circuit_operator.py
[2023-01-09T15:13:25.538+0400] {processor.py:753} INFO - DAG(s) dict_keys(['example_short_circuit_operator']) retrieved from /Users/harut/opt/anaconda3/lib/python3.9/site-packages/airflow/example_dags/example_short_circuit_operator.py
[2023-01-09T15:13:25.946+0400] {logging_mixin.py:137} INFO - [2023-01-09T15:13:25.945+0400] {dag.py:2676} INFO - Sync 1 DAGs
[2023-01-09T15:13:25.955+0400] {logging_mixin.py:137} INFO - [2023-01-09T15:13:25.955+0400] {dag.py:3423} INFO - Setting next_dagrun for example_short_circuit_operator to 2023-01-08T11:13:25.955545+00:00, run_after=2023-01-09T11:13:25.955545+00:00
[2023-01-09T15:13:25.967+0400] {processor.py:175} INFO - Processing /Users/harut/opt/anaconda3/lib/python3.9/site-packages/airflow/example_dags/example_short_circuit_operator.py took 0.458 seconds
[2023-01-09T15:14:49.069+0400] {processor.py:153} INFO - Started process (PID=14444) to work on /Users/harut/opt/anaconda3/lib/python3.9/site-packages/airflow/example_dags/example_short_circuit_operator.py
[2023-01-09T15:14:49.070+0400] {processor.py:743} INFO - Processing file /Users/harut/opt/anaconda3/lib/python3.9/site-packages/airflow/example_dags/example_short_circuit_operator.py for tasks to queue
[2023-01-09T15:14:49.070+0400] {logging_mixin.py:137} INFO - [2023-01-09T15:14:49.070+0400] {dagbag.py:538} INFO - Filling up the DagBag from /Users/harut/opt/anaconda3/lib/python3.9/site-packages/airflow/example_dags/example_short_circuit_operator.py
[2023-01-09T15:14:49.096+0400] {processor.py:753} INFO - DAG(s) dict_keys(['example_short_circuit_operator']) retrieved from /Users/harut/opt/anaconda3/lib/python3.9/site-packages/airflow/example_dags/example_short_circuit_operator.py
[2023-01-09T15:14:49.505+0400] {logging_mixin.py:137} INFO - [2023-01-09T15:14:49.505+0400] {dag.py:2676} INFO - Sync 1 DAGs
[2023-01-09T15:14:49.515+0400] {logging_mixin.py:137} INFO - [2023-01-09T15:14:49.515+0400] {dag.py:3423} INFO - Setting next_dagrun for example_short_circuit_operator to 2023-01-08T11:14:49.515583+00:00, run_after=2023-01-09T11:14:49.515583+00:00
[2023-01-09T15:14:49.526+0400] {processor.py:175} INFO - Processing /Users/harut/opt/anaconda3/lib/python3.9/site-packages/airflow/example_dags/example_short_circuit_operator.py took 0.458 seconds
[2023-01-09T15:16:12.391+0400] {processor.py:153} INFO - Started process (PID=14503) to work on /Users/harut/opt/anaconda3/lib/python3.9/site-packages/airflow/example_dags/example_short_circuit_operator.py
[2023-01-09T15:16:12.391+0400] {processor.py:743} INFO - Processing file /Users/harut/opt/anaconda3/lib/python3.9/site-packages/airflow/example_dags/example_short_circuit_operator.py for tasks to queue
[2023-01-09T15:16:12.392+0400] {logging_mixin.py:137} INFO - [2023-01-09T15:16:12.391+0400] {dagbag.py:538} INFO - Filling up the DagBag from /Users/harut/opt/anaconda3/lib/python3.9/site-packages/airflow/example_dags/example_short_circuit_operator.py
[2023-01-09T15:16:12.416+0400] {processor.py:753} INFO - DAG(s) dict_keys(['example_short_circuit_operator']) retrieved from /Users/harut/opt/anaconda3/lib/python3.9/site-packages/airflow/example_dags/example_short_circuit_operator.py
[2023-01-09T15:16:12.812+0400] {logging_mixin.py:137} INFO - [2023-01-09T15:16:12.812+0400] {dag.py:2676} INFO - Sync 1 DAGs
[2023-01-09T15:16:12.821+0400] {logging_mixin.py:137} INFO - [2023-01-09T15:16:12.821+0400] {dag.py:3423} INFO - Setting next_dagrun for example_short_circuit_operator to 2023-01-08T11:16:12.821641+00:00, run_after=2023-01-09T11:16:12.821641+00:00
[2023-01-09T15:16:12.832+0400] {processor.py:175} INFO - Processing /Users/harut/opt/anaconda3/lib/python3.9/site-packages/airflow/example_dags/example_short_circuit_operator.py took 0.442 seconds
[2023-01-09T15:17:34.770+0400] {processor.py:153} INFO - Started process (PID=14549) to work on /Users/harut/opt/anaconda3/lib/python3.9/site-packages/airflow/example_dags/example_short_circuit_operator.py
[2023-01-09T15:17:34.770+0400] {processor.py:743} INFO - Processing file /Users/harut/opt/anaconda3/lib/python3.9/site-packages/airflow/example_dags/example_short_circuit_operator.py for tasks to queue
[2023-01-09T15:17:34.771+0400] {logging_mixin.py:137} INFO - [2023-01-09T15:17:34.771+0400] {dagbag.py:538} INFO - Filling up the DagBag from /Users/harut/opt/anaconda3/lib/python3.9/site-packages/airflow/example_dags/example_short_circuit_operator.py
[2023-01-09T15:17:34.795+0400] {processor.py:753} INFO - DAG(s) dict_keys(['example_short_circuit_operator']) retrieved from /Users/harut/opt/anaconda3/lib/python3.9/site-packages/airflow/example_dags/example_short_circuit_operator.py
[2023-01-09T15:17:35.165+0400] {logging_mixin.py:137} INFO - [2023-01-09T15:17:35.165+0400] {dag.py:2676} INFO - Sync 1 DAGs
[2023-01-09T15:17:35.174+0400] {logging_mixin.py:137} INFO - [2023-01-09T15:17:35.174+0400] {dag.py:3423} INFO - Setting next_dagrun for example_short_circuit_operator to 2023-01-08T11:17:35.174100+00:00, run_after=2023-01-09T11:17:35.174100+00:00
[2023-01-09T15:17:35.183+0400] {processor.py:175} INFO - Processing /Users/harut/opt/anaconda3/lib/python3.9/site-packages/airflow/example_dags/example_short_circuit_operator.py took 0.414 seconds
[2023-01-09T15:18:58.586+0400] {processor.py:153} INFO - Started process (PID=14594) to work on /Users/harut/opt/anaconda3/lib/python3.9/site-packages/airflow/example_dags/example_short_circuit_operator.py
[2023-01-09T15:18:58.587+0400] {processor.py:743} INFO - Processing file /Users/harut/opt/anaconda3/lib/python3.9/site-packages/airflow/example_dags/example_short_circuit_operator.py for tasks to queue
[2023-01-09T15:18:58.587+0400] {logging_mixin.py:137} INFO - [2023-01-09T15:18:58.587+0400] {dagbag.py:538} INFO - Filling up the DagBag from /Users/harut/opt/anaconda3/lib/python3.9/site-packages/airflow/example_dags/example_short_circuit_operator.py
[2023-01-09T15:18:58.615+0400] {processor.py:753} INFO - DAG(s) dict_keys(['example_short_circuit_operator']) retrieved from /Users/harut/opt/anaconda3/lib/python3.9/site-packages/airflow/example_dags/example_short_circuit_operator.py
[2023-01-09T15:18:59.047+0400] {logging_mixin.py:137} INFO - [2023-01-09T15:18:59.047+0400] {dag.py:2676} INFO - Sync 1 DAGs
[2023-01-09T15:18:59.057+0400] {logging_mixin.py:137} INFO - [2023-01-09T15:18:59.057+0400] {dag.py:3423} INFO - Setting next_dagrun for example_short_circuit_operator to 2023-01-08T11:18:59.057346+00:00, run_after=2023-01-09T11:18:59.057346+00:00
[2023-01-09T15:18:59.068+0400] {processor.py:175} INFO - Processing /Users/harut/opt/anaconda3/lib/python3.9/site-packages/airflow/example_dags/example_short_circuit_operator.py took 0.483 seconds
[2023-01-09T15:20:21.824+0400] {processor.py:153} INFO - Started process (PID=14646) to work on /Users/harut/opt/anaconda3/lib/python3.9/site-packages/airflow/example_dags/example_short_circuit_operator.py
[2023-01-09T15:20:21.825+0400] {processor.py:743} INFO - Processing file /Users/harut/opt/anaconda3/lib/python3.9/site-packages/airflow/example_dags/example_short_circuit_operator.py for tasks to queue
[2023-01-09T15:20:21.825+0400] {logging_mixin.py:137} INFO - [2023-01-09T15:20:21.825+0400] {dagbag.py:538} INFO - Filling up the DagBag from /Users/harut/opt/anaconda3/lib/python3.9/site-packages/airflow/example_dags/example_short_circuit_operator.py
[2023-01-09T15:20:21.849+0400] {processor.py:753} INFO - DAG(s) dict_keys(['example_short_circuit_operator']) retrieved from /Users/harut/opt/anaconda3/lib/python3.9/site-packages/airflow/example_dags/example_short_circuit_operator.py
[2023-01-09T15:20:22.234+0400] {logging_mixin.py:137} INFO - [2023-01-09T15:20:22.233+0400] {dag.py:2676} INFO - Sync 1 DAGs
[2023-01-09T15:20:22.243+0400] {logging_mixin.py:137} INFO - [2023-01-09T15:20:22.243+0400] {dag.py:3423} INFO - Setting next_dagrun for example_short_circuit_operator to 2023-01-08T11:20:22.243083+00:00, run_after=2023-01-09T11:20:22.243083+00:00
[2023-01-09T15:20:22.253+0400] {processor.py:175} INFO - Processing /Users/harut/opt/anaconda3/lib/python3.9/site-packages/airflow/example_dags/example_short_circuit_operator.py took 0.430 seconds
[2023-01-09T15:21:45.678+0400] {processor.py:153} INFO - Started process (PID=14696) to work on /Users/harut/opt/anaconda3/lib/python3.9/site-packages/airflow/example_dags/example_short_circuit_operator.py
[2023-01-09T15:21:45.679+0400] {processor.py:743} INFO - Processing file /Users/harut/opt/anaconda3/lib/python3.9/site-packages/airflow/example_dags/example_short_circuit_operator.py for tasks to queue
[2023-01-09T15:21:45.679+0400] {logging_mixin.py:137} INFO - [2023-01-09T15:21:45.679+0400] {dagbag.py:538} INFO - Filling up the DagBag from /Users/harut/opt/anaconda3/lib/python3.9/site-packages/airflow/example_dags/example_short_circuit_operator.py
[2023-01-09T15:21:45.705+0400] {processor.py:753} INFO - DAG(s) dict_keys(['example_short_circuit_operator']) retrieved from /Users/harut/opt/anaconda3/lib/python3.9/site-packages/airflow/example_dags/example_short_circuit_operator.py
[2023-01-09T15:21:46.139+0400] {logging_mixin.py:137} INFO - [2023-01-09T15:21:46.139+0400] {dag.py:2676} INFO - Sync 1 DAGs
[2023-01-09T15:21:46.150+0400] {logging_mixin.py:137} INFO - [2023-01-09T15:21:46.150+0400] {dag.py:3423} INFO - Setting next_dagrun for example_short_circuit_operator to 2023-01-08T11:21:46.149964+00:00, run_after=2023-01-09T11:21:46.149964+00:00
[2023-01-09T15:21:46.163+0400] {processor.py:175} INFO - Processing /Users/harut/opt/anaconda3/lib/python3.9/site-packages/airflow/example_dags/example_short_circuit_operator.py took 0.485 seconds
[2023-01-09T15:23:09.384+0400] {processor.py:153} INFO - Started process (PID=14748) to work on /Users/harut/opt/anaconda3/lib/python3.9/site-packages/airflow/example_dags/example_short_circuit_operator.py
[2023-01-09T15:23:09.385+0400] {processor.py:743} INFO - Processing file /Users/harut/opt/anaconda3/lib/python3.9/site-packages/airflow/example_dags/example_short_circuit_operator.py for tasks to queue
[2023-01-09T15:23:09.385+0400] {logging_mixin.py:137} INFO - [2023-01-09T15:23:09.385+0400] {dagbag.py:538} INFO - Filling up the DagBag from /Users/harut/opt/anaconda3/lib/python3.9/site-packages/airflow/example_dags/example_short_circuit_operator.py
[2023-01-09T15:23:09.413+0400] {processor.py:753} INFO - DAG(s) dict_keys(['example_short_circuit_operator']) retrieved from /Users/harut/opt/anaconda3/lib/python3.9/site-packages/airflow/example_dags/example_short_circuit_operator.py
[2023-01-09T15:23:09.840+0400] {logging_mixin.py:137} INFO - [2023-01-09T15:23:09.839+0400] {dag.py:2676} INFO - Sync 1 DAGs
[2023-01-09T15:23:09.850+0400] {logging_mixin.py:137} INFO - [2023-01-09T15:23:09.850+0400] {dag.py:3423} INFO - Setting next_dagrun for example_short_circuit_operator to 2023-01-08T11:23:09.850403+00:00, run_after=2023-01-09T11:23:09.850403+00:00
[2023-01-09T15:23:09.863+0400] {processor.py:175} INFO - Processing /Users/harut/opt/anaconda3/lib/python3.9/site-packages/airflow/example_dags/example_short_circuit_operator.py took 0.479 seconds
[2023-01-09T15:24:31.897+0400] {processor.py:153} INFO - Started process (PID=14792) to work on /Users/harut/opt/anaconda3/lib/python3.9/site-packages/airflow/example_dags/example_short_circuit_operator.py
[2023-01-09T15:24:31.898+0400] {processor.py:743} INFO - Processing file /Users/harut/opt/anaconda3/lib/python3.9/site-packages/airflow/example_dags/example_short_circuit_operator.py for tasks to queue
[2023-01-09T15:24:31.898+0400] {logging_mixin.py:137} INFO - [2023-01-09T15:24:31.898+0400] {dagbag.py:538} INFO - Filling up the DagBag from /Users/harut/opt/anaconda3/lib/python3.9/site-packages/airflow/example_dags/example_short_circuit_operator.py
[2023-01-09T15:24:31.926+0400] {processor.py:753} INFO - DAG(s) dict_keys(['example_short_circuit_operator']) retrieved from /Users/harut/opt/anaconda3/lib/python3.9/site-packages/airflow/example_dags/example_short_circuit_operator.py
[2023-01-09T15:24:32.339+0400] {logging_mixin.py:137} INFO - [2023-01-09T15:24:32.338+0400] {dag.py:2676} INFO - Sync 1 DAGs
[2023-01-09T15:24:32.348+0400] {logging_mixin.py:137} INFO - [2023-01-09T15:24:32.348+0400] {dag.py:3423} INFO - Setting next_dagrun for example_short_circuit_operator to 2023-01-08T11:24:32.348613+00:00, run_after=2023-01-09T11:24:32.348613+00:00
[2023-01-09T15:24:32.359+0400] {processor.py:175} INFO - Processing /Users/harut/opt/anaconda3/lib/python3.9/site-packages/airflow/example_dags/example_short_circuit_operator.py took 0.462 seconds
[2023-01-09T15:25:56.057+0400] {processor.py:153} INFO - Started process (PID=14838) to work on /Users/harut/opt/anaconda3/lib/python3.9/site-packages/airflow/example_dags/example_short_circuit_operator.py
[2023-01-09T15:25:56.058+0400] {processor.py:743} INFO - Processing file /Users/harut/opt/anaconda3/lib/python3.9/site-packages/airflow/example_dags/example_short_circuit_operator.py for tasks to queue
[2023-01-09T15:25:56.058+0400] {logging_mixin.py:137} INFO - [2023-01-09T15:25:56.058+0400] {dagbag.py:538} INFO - Filling up the DagBag from /Users/harut/opt/anaconda3/lib/python3.9/site-packages/airflow/example_dags/example_short_circuit_operator.py
[2023-01-09T15:25:56.083+0400] {processor.py:753} INFO - DAG(s) dict_keys(['example_short_circuit_operator']) retrieved from /Users/harut/opt/anaconda3/lib/python3.9/site-packages/airflow/example_dags/example_short_circuit_operator.py
[2023-01-09T15:25:56.466+0400] {logging_mixin.py:137} INFO - [2023-01-09T15:25:56.466+0400] {dag.py:2676} INFO - Sync 1 DAGs
[2023-01-09T15:25:56.476+0400] {logging_mixin.py:137} INFO - [2023-01-09T15:25:56.476+0400] {dag.py:3423} INFO - Setting next_dagrun for example_short_circuit_operator to 2023-01-08T11:25:56.476106+00:00, run_after=2023-01-09T11:25:56.476106+00:00
[2023-01-09T15:25:56.486+0400] {processor.py:175} INFO - Processing /Users/harut/opt/anaconda3/lib/python3.9/site-packages/airflow/example_dags/example_short_circuit_operator.py took 0.429 seconds
[2023-01-09T15:27:20.161+0400] {processor.py:153} INFO - Started process (PID=14882) to work on /Users/harut/opt/anaconda3/lib/python3.9/site-packages/airflow/example_dags/example_short_circuit_operator.py
[2023-01-09T15:27:20.162+0400] {processor.py:743} INFO - Processing file /Users/harut/opt/anaconda3/lib/python3.9/site-packages/airflow/example_dags/example_short_circuit_operator.py for tasks to queue
[2023-01-09T15:27:20.162+0400] {logging_mixin.py:137} INFO - [2023-01-09T15:27:20.162+0400] {dagbag.py:538} INFO - Filling up the DagBag from /Users/harut/opt/anaconda3/lib/python3.9/site-packages/airflow/example_dags/example_short_circuit_operator.py
[2023-01-09T15:27:20.189+0400] {processor.py:753} INFO - DAG(s) dict_keys(['example_short_circuit_operator']) retrieved from /Users/harut/opt/anaconda3/lib/python3.9/site-packages/airflow/example_dags/example_short_circuit_operator.py
[2023-01-09T15:27:20.586+0400] {logging_mixin.py:137} INFO - [2023-01-09T15:27:20.586+0400] {dag.py:2676} INFO - Sync 1 DAGs
[2023-01-09T15:27:20.596+0400] {logging_mixin.py:137} INFO - [2023-01-09T15:27:20.596+0400] {dag.py:3423} INFO - Setting next_dagrun for example_short_circuit_operator to 2023-01-08T11:27:20.596431+00:00, run_after=2023-01-09T11:27:20.596431+00:00
[2023-01-09T15:27:20.607+0400] {processor.py:175} INFO - Processing /Users/harut/opt/anaconda3/lib/python3.9/site-packages/airflow/example_dags/example_short_circuit_operator.py took 0.446 seconds
[2023-01-09T15:28:43.506+0400] {processor.py:153} INFO - Started process (PID=14934) to work on /Users/harut/opt/anaconda3/lib/python3.9/site-packages/airflow/example_dags/example_short_circuit_operator.py
[2023-01-09T15:28:43.506+0400] {processor.py:743} INFO - Processing file /Users/harut/opt/anaconda3/lib/python3.9/site-packages/airflow/example_dags/example_short_circuit_operator.py for tasks to queue
[2023-01-09T15:28:43.507+0400] {logging_mixin.py:137} INFO - [2023-01-09T15:28:43.507+0400] {dagbag.py:538} INFO - Filling up the DagBag from /Users/harut/opt/anaconda3/lib/python3.9/site-packages/airflow/example_dags/example_short_circuit_operator.py
[2023-01-09T15:28:43.535+0400] {processor.py:753} INFO - DAG(s) dict_keys(['example_short_circuit_operator']) retrieved from /Users/harut/opt/anaconda3/lib/python3.9/site-packages/airflow/example_dags/example_short_circuit_operator.py
[2023-01-09T15:28:43.955+0400] {logging_mixin.py:137} INFO - [2023-01-09T15:28:43.954+0400] {dag.py:2676} INFO - Sync 1 DAGs
[2023-01-09T15:28:43.965+0400] {logging_mixin.py:137} INFO - [2023-01-09T15:28:43.965+0400] {dag.py:3423} INFO - Setting next_dagrun for example_short_circuit_operator to 2023-01-08T11:28:43.964885+00:00, run_after=2023-01-09T11:28:43.964885+00:00
[2023-01-09T15:28:43.976+0400] {processor.py:175} INFO - Processing /Users/harut/opt/anaconda3/lib/python3.9/site-packages/airflow/example_dags/example_short_circuit_operator.py took 0.471 seconds
[2023-01-09T15:30:03.435+0400] {processor.py:153} INFO - Started process (PID=14979) to work on /Users/harut/opt/anaconda3/lib/python3.9/site-packages/airflow/example_dags/example_short_circuit_operator.py
[2023-01-09T15:30:03.435+0400] {processor.py:743} INFO - Processing file /Users/harut/opt/anaconda3/lib/python3.9/site-packages/airflow/example_dags/example_short_circuit_operator.py for tasks to queue
[2023-01-09T15:30:03.436+0400] {logging_mixin.py:137} INFO - [2023-01-09T15:30:03.436+0400] {dagbag.py:538} INFO - Filling up the DagBag from /Users/harut/opt/anaconda3/lib/python3.9/site-packages/airflow/example_dags/example_short_circuit_operator.py
[2023-01-09T15:30:03.460+0400] {processor.py:753} INFO - DAG(s) dict_keys(['example_short_circuit_operator']) retrieved from /Users/harut/opt/anaconda3/lib/python3.9/site-packages/airflow/example_dags/example_short_circuit_operator.py
[2023-01-09T15:30:03.838+0400] {logging_mixin.py:137} INFO - [2023-01-09T15:30:03.838+0400] {dag.py:2676} INFO - Sync 1 DAGs
[2023-01-09T15:30:03.847+0400] {logging_mixin.py:137} INFO - [2023-01-09T15:30:03.847+0400] {dag.py:3423} INFO - Setting next_dagrun for example_short_circuit_operator to 2023-01-08T11:30:03.847152+00:00, run_after=2023-01-09T11:30:03.847152+00:00
[2023-01-09T15:30:03.858+0400] {processor.py:175} INFO - Processing /Users/harut/opt/anaconda3/lib/python3.9/site-packages/airflow/example_dags/example_short_circuit_operator.py took 0.423 seconds
[2023-01-09T15:31:26.406+0400] {processor.py:153} INFO - Started process (PID=15026) to work on /Users/harut/opt/anaconda3/lib/python3.9/site-packages/airflow/example_dags/example_short_circuit_operator.py
[2023-01-09T15:31:26.407+0400] {processor.py:743} INFO - Processing file /Users/harut/opt/anaconda3/lib/python3.9/site-packages/airflow/example_dags/example_short_circuit_operator.py for tasks to queue
[2023-01-09T15:31:26.407+0400] {logging_mixin.py:137} INFO - [2023-01-09T15:31:26.407+0400] {dagbag.py:538} INFO - Filling up the DagBag from /Users/harut/opt/anaconda3/lib/python3.9/site-packages/airflow/example_dags/example_short_circuit_operator.py
[2023-01-09T15:31:26.432+0400] {processor.py:753} INFO - DAG(s) dict_keys(['example_short_circuit_operator']) retrieved from /Users/harut/opt/anaconda3/lib/python3.9/site-packages/airflow/example_dags/example_short_circuit_operator.py
[2023-01-09T15:31:26.818+0400] {logging_mixin.py:137} INFO - [2023-01-09T15:31:26.817+0400] {dag.py:2676} INFO - Sync 1 DAGs
[2023-01-09T15:31:26.827+0400] {logging_mixin.py:137} INFO - [2023-01-09T15:31:26.827+0400] {dag.py:3423} INFO - Setting next_dagrun for example_short_circuit_operator to 2023-01-08T11:31:26.826947+00:00, run_after=2023-01-09T11:31:26.826947+00:00
[2023-01-09T15:31:26.837+0400] {processor.py:175} INFO - Processing /Users/harut/opt/anaconda3/lib/python3.9/site-packages/airflow/example_dags/example_short_circuit_operator.py took 0.431 seconds
[2023-01-09T15:32:49.214+0400] {processor.py:153} INFO - Started process (PID=15072) to work on /Users/harut/opt/anaconda3/lib/python3.9/site-packages/airflow/example_dags/example_short_circuit_operator.py
[2023-01-09T15:32:49.215+0400] {processor.py:743} INFO - Processing file /Users/harut/opt/anaconda3/lib/python3.9/site-packages/airflow/example_dags/example_short_circuit_operator.py for tasks to queue
[2023-01-09T15:32:49.215+0400] {logging_mixin.py:137} INFO - [2023-01-09T15:32:49.215+0400] {dagbag.py:538} INFO - Filling up the DagBag from /Users/harut/opt/anaconda3/lib/python3.9/site-packages/airflow/example_dags/example_short_circuit_operator.py
[2023-01-09T15:32:49.240+0400] {processor.py:753} INFO - DAG(s) dict_keys(['example_short_circuit_operator']) retrieved from /Users/harut/opt/anaconda3/lib/python3.9/site-packages/airflow/example_dags/example_short_circuit_operator.py
[2023-01-09T15:32:49.634+0400] {logging_mixin.py:137} INFO - [2023-01-09T15:32:49.633+0400] {dag.py:2676} INFO - Sync 1 DAGs
[2023-01-09T15:32:49.643+0400] {logging_mixin.py:137} INFO - [2023-01-09T15:32:49.643+0400] {dag.py:3423} INFO - Setting next_dagrun for example_short_circuit_operator to 2023-01-08T11:32:49.643076+00:00, run_after=2023-01-09T11:32:49.643076+00:00
[2023-01-09T15:32:49.653+0400] {processor.py:175} INFO - Processing /Users/harut/opt/anaconda3/lib/python3.9/site-packages/airflow/example_dags/example_short_circuit_operator.py took 0.440 seconds
[2023-01-09T15:34:14.080+0400] {processor.py:153} INFO - Started process (PID=15117) to work on /Users/harut/opt/anaconda3/lib/python3.9/site-packages/airflow/example_dags/example_short_circuit_operator.py
[2023-01-09T15:34:14.080+0400] {processor.py:743} INFO - Processing file /Users/harut/opt/anaconda3/lib/python3.9/site-packages/airflow/example_dags/example_short_circuit_operator.py for tasks to queue
[2023-01-09T15:34:14.081+0400] {logging_mixin.py:137} INFO - [2023-01-09T15:34:14.080+0400] {dagbag.py:538} INFO - Filling up the DagBag from /Users/harut/opt/anaconda3/lib/python3.9/site-packages/airflow/example_dags/example_short_circuit_operator.py
[2023-01-09T15:34:14.107+0400] {processor.py:753} INFO - DAG(s) dict_keys(['example_short_circuit_operator']) retrieved from /Users/harut/opt/anaconda3/lib/python3.9/site-packages/airflow/example_dags/example_short_circuit_operator.py
[2023-01-09T15:34:14.507+0400] {logging_mixin.py:137} INFO - [2023-01-09T15:34:14.506+0400] {dag.py:2676} INFO - Sync 1 DAGs
[2023-01-09T15:34:14.516+0400] {logging_mixin.py:137} INFO - [2023-01-09T15:34:14.516+0400] {dag.py:3423} INFO - Setting next_dagrun for example_short_circuit_operator to 2023-01-08T11:34:14.516684+00:00, run_after=2023-01-09T11:34:14.516684+00:00
[2023-01-09T15:34:14.528+0400] {processor.py:175} INFO - Processing /Users/harut/opt/anaconda3/lib/python3.9/site-packages/airflow/example_dags/example_short_circuit_operator.py took 0.448 seconds
[2023-01-09T15:35:37.435+0400] {processor.py:153} INFO - Started process (PID=15167) to work on /Users/harut/opt/anaconda3/lib/python3.9/site-packages/airflow/example_dags/example_short_circuit_operator.py
[2023-01-09T15:35:37.435+0400] {processor.py:743} INFO - Processing file /Users/harut/opt/anaconda3/lib/python3.9/site-packages/airflow/example_dags/example_short_circuit_operator.py for tasks to queue
[2023-01-09T15:35:37.436+0400] {logging_mixin.py:137} INFO - [2023-01-09T15:35:37.435+0400] {dagbag.py:538} INFO - Filling up the DagBag from /Users/harut/opt/anaconda3/lib/python3.9/site-packages/airflow/example_dags/example_short_circuit_operator.py
[2023-01-09T15:35:37.462+0400] {processor.py:753} INFO - DAG(s) dict_keys(['example_short_circuit_operator']) retrieved from /Users/harut/opt/anaconda3/lib/python3.9/site-packages/airflow/example_dags/example_short_circuit_operator.py
[2023-01-09T15:35:37.871+0400] {logging_mixin.py:137} INFO - [2023-01-09T15:35:37.871+0400] {dag.py:2676} INFO - Sync 1 DAGs
[2023-01-09T15:35:37.882+0400] {logging_mixin.py:137} INFO - [2023-01-09T15:35:37.882+0400] {dag.py:3423} INFO - Setting next_dagrun for example_short_circuit_operator to 2023-01-08T11:35:37.881901+00:00, run_after=2023-01-09T11:35:37.881901+00:00
[2023-01-09T15:35:37.894+0400] {processor.py:175} INFO - Processing /Users/harut/opt/anaconda3/lib/python3.9/site-packages/airflow/example_dags/example_short_circuit_operator.py took 0.459 seconds
[2023-01-09T15:37:00.131+0400] {processor.py:153} INFO - Started process (PID=15228) to work on /Users/harut/opt/anaconda3/lib/python3.9/site-packages/airflow/example_dags/example_short_circuit_operator.py
[2023-01-09T15:37:00.131+0400] {processor.py:743} INFO - Processing file /Users/harut/opt/anaconda3/lib/python3.9/site-packages/airflow/example_dags/example_short_circuit_operator.py for tasks to queue
[2023-01-09T15:37:00.132+0400] {logging_mixin.py:137} INFO - [2023-01-09T15:37:00.132+0400] {dagbag.py:538} INFO - Filling up the DagBag from /Users/harut/opt/anaconda3/lib/python3.9/site-packages/airflow/example_dags/example_short_circuit_operator.py
[2023-01-09T15:37:00.157+0400] {processor.py:753} INFO - DAG(s) dict_keys(['example_short_circuit_operator']) retrieved from /Users/harut/opt/anaconda3/lib/python3.9/site-packages/airflow/example_dags/example_short_circuit_operator.py
[2023-01-09T15:37:00.531+0400] {logging_mixin.py:137} INFO - [2023-01-09T15:37:00.531+0400] {dag.py:2676} INFO - Sync 1 DAGs
[2023-01-09T15:37:00.540+0400] {logging_mixin.py:137} INFO - [2023-01-09T15:37:00.540+0400] {dag.py:3423} INFO - Setting next_dagrun for example_short_circuit_operator to 2023-01-08T11:37:00.540466+00:00, run_after=2023-01-09T11:37:00.540466+00:00
[2023-01-09T15:37:00.551+0400] {processor.py:175} INFO - Processing /Users/harut/opt/anaconda3/lib/python3.9/site-packages/airflow/example_dags/example_short_circuit_operator.py took 0.420 seconds
[2023-01-09T15:38:22.759+0400] {processor.py:153} INFO - Started process (PID=15270) to work on /Users/harut/opt/anaconda3/lib/python3.9/site-packages/airflow/example_dags/example_short_circuit_operator.py
[2023-01-09T15:38:22.760+0400] {processor.py:743} INFO - Processing file /Users/harut/opt/anaconda3/lib/python3.9/site-packages/airflow/example_dags/example_short_circuit_operator.py for tasks to queue
[2023-01-09T15:38:22.760+0400] {logging_mixin.py:137} INFO - [2023-01-09T15:38:22.760+0400] {dagbag.py:538} INFO - Filling up the DagBag from /Users/harut/opt/anaconda3/lib/python3.9/site-packages/airflow/example_dags/example_short_circuit_operator.py
[2023-01-09T15:38:22.784+0400] {processor.py:753} INFO - DAG(s) dict_keys(['example_short_circuit_operator']) retrieved from /Users/harut/opt/anaconda3/lib/python3.9/site-packages/airflow/example_dags/example_short_circuit_operator.py
[2023-01-09T15:38:23.156+0400] {logging_mixin.py:137} INFO - [2023-01-09T15:38:23.155+0400] {dag.py:2676} INFO - Sync 1 DAGs
[2023-01-09T15:38:23.165+0400] {logging_mixin.py:137} INFO - [2023-01-09T15:38:23.164+0400] {dag.py:3423} INFO - Setting next_dagrun for example_short_circuit_operator to 2023-01-08T11:38:23.164855+00:00, run_after=2023-01-09T11:38:23.164855+00:00
[2023-01-09T15:38:23.175+0400] {processor.py:175} INFO - Processing /Users/harut/opt/anaconda3/lib/python3.9/site-packages/airflow/example_dags/example_short_circuit_operator.py took 0.416 seconds
[2023-01-09T15:39:44.698+0400] {processor.py:153} INFO - Started process (PID=15314) to work on /Users/harut/opt/anaconda3/lib/python3.9/site-packages/airflow/example_dags/example_short_circuit_operator.py
[2023-01-09T15:39:44.698+0400] {processor.py:743} INFO - Processing file /Users/harut/opt/anaconda3/lib/python3.9/site-packages/airflow/example_dags/example_short_circuit_operator.py for tasks to queue
[2023-01-09T15:39:44.699+0400] {logging_mixin.py:137} INFO - [2023-01-09T15:39:44.698+0400] {dagbag.py:538} INFO - Filling up the DagBag from /Users/harut/opt/anaconda3/lib/python3.9/site-packages/airflow/example_dags/example_short_circuit_operator.py
[2023-01-09T15:39:44.723+0400] {processor.py:753} INFO - DAG(s) dict_keys(['example_short_circuit_operator']) retrieved from /Users/harut/opt/anaconda3/lib/python3.9/site-packages/airflow/example_dags/example_short_circuit_operator.py
[2023-01-09T15:39:45.091+0400] {logging_mixin.py:137} INFO - [2023-01-09T15:39:45.091+0400] {dag.py:2676} INFO - Sync 1 DAGs
[2023-01-09T15:39:45.100+0400] {logging_mixin.py:137} INFO - [2023-01-09T15:39:45.100+0400] {dag.py:3423} INFO - Setting next_dagrun for example_short_circuit_operator to 2023-01-08T11:39:45.100173+00:00, run_after=2023-01-09T11:39:45.100173+00:00
[2023-01-09T15:39:45.110+0400] {processor.py:175} INFO - Processing /Users/harut/opt/anaconda3/lib/python3.9/site-packages/airflow/example_dags/example_short_circuit_operator.py took 0.413 seconds
[2023-01-09T15:41:04.638+0400] {processor.py:153} INFO - Started process (PID=15371) to work on /Users/harut/opt/anaconda3/lib/python3.9/site-packages/airflow/example_dags/example_short_circuit_operator.py
[2023-01-09T15:41:04.638+0400] {processor.py:743} INFO - Processing file /Users/harut/opt/anaconda3/lib/python3.9/site-packages/airflow/example_dags/example_short_circuit_operator.py for tasks to queue
[2023-01-09T15:41:04.639+0400] {logging_mixin.py:137} INFO - [2023-01-09T15:41:04.639+0400] {dagbag.py:538} INFO - Filling up the DagBag from /Users/harut/opt/anaconda3/lib/python3.9/site-packages/airflow/example_dags/example_short_circuit_operator.py
[2023-01-09T15:41:04.662+0400] {processor.py:753} INFO - DAG(s) dict_keys(['example_short_circuit_operator']) retrieved from /Users/harut/opt/anaconda3/lib/python3.9/site-packages/airflow/example_dags/example_short_circuit_operator.py
[2023-01-09T15:41:05.042+0400] {logging_mixin.py:137} INFO - [2023-01-09T15:41:05.042+0400] {dag.py:2676} INFO - Sync 1 DAGs
[2023-01-09T15:41:05.051+0400] {logging_mixin.py:137} INFO - [2023-01-09T15:41:05.050+0400] {dag.py:3423} INFO - Setting next_dagrun for example_short_circuit_operator to 2023-01-08T11:41:05.050893+00:00, run_after=2023-01-09T11:41:05.050893+00:00
[2023-01-09T15:41:05.061+0400] {processor.py:175} INFO - Processing /Users/harut/opt/anaconda3/lib/python3.9/site-packages/airflow/example_dags/example_short_circuit_operator.py took 0.423 seconds
