[2023-01-09T14:16:47.626+0400] {processor.py:153} INFO - Started process (PID=12406) to work on /Users/harut/opt/anaconda3/lib/python3.9/site-packages/airflow/example_dags/example_task_group_decorator.py
[2023-01-09T14:16:47.627+0400] {processor.py:743} INFO - Processing file /Users/harut/opt/anaconda3/lib/python3.9/site-packages/airflow/example_dags/example_task_group_decorator.py for tasks to queue
[2023-01-09T14:16:47.627+0400] {logging_mixin.py:137} INFO - [2023-01-09T14:16:47.627+0400] {dagbag.py:538} INFO - Filling up the DagBag from /Users/harut/opt/anaconda3/lib/python3.9/site-packages/airflow/example_dags/example_task_group_decorator.py
[2023-01-09T14:16:47.660+0400] {processor.py:753} INFO - DAG(s) dict_keys(['example_task_group_decorator']) retrieved from /Users/harut/opt/anaconda3/lib/python3.9/site-packages/airflow/example_dags/example_task_group_decorator.py
[2023-01-09T14:16:47.704+0400] {logging_mixin.py:137} INFO - [2023-01-09T14:16:47.704+0400] {dag.py:2676} INFO - Sync 1 DAGs
[2023-01-09T14:16:48.042+0400] {logging_mixin.py:137} INFO - [2023-01-09T14:16:48.042+0400] {dag.py:3423} INFO - Setting next_dagrun for example_task_group_decorator to 2023-01-08T10:16:48.042628+00:00, run_after=2023-01-09T10:16:48.042628+00:00
[2023-01-09T14:16:48.053+0400] {processor.py:175} INFO - Processing /Users/harut/opt/anaconda3/lib/python3.9/site-packages/airflow/example_dags/example_task_group_decorator.py took 0.427 seconds
[2023-01-09T14:18:10.630+0400] {processor.py:153} INFO - Started process (PID=12449) to work on /Users/harut/opt/anaconda3/lib/python3.9/site-packages/airflow/example_dags/example_task_group_decorator.py
[2023-01-09T14:18:10.631+0400] {processor.py:743} INFO - Processing file /Users/harut/opt/anaconda3/lib/python3.9/site-packages/airflow/example_dags/example_task_group_decorator.py for tasks to queue
[2023-01-09T14:18:10.631+0400] {logging_mixin.py:137} INFO - [2023-01-09T14:18:10.631+0400] {dagbag.py:538} INFO - Filling up the DagBag from /Users/harut/opt/anaconda3/lib/python3.9/site-packages/airflow/example_dags/example_task_group_decorator.py
[2023-01-09T14:18:10.663+0400] {processor.py:753} INFO - DAG(s) dict_keys(['example_task_group_decorator']) retrieved from /Users/harut/opt/anaconda3/lib/python3.9/site-packages/airflow/example_dags/example_task_group_decorator.py
[2023-01-09T14:18:11.034+0400] {logging_mixin.py:137} INFO - [2023-01-09T14:18:11.034+0400] {dag.py:2676} INFO - Sync 1 DAGs
[2023-01-09T14:18:11.043+0400] {logging_mixin.py:137} INFO - [2023-01-09T14:18:11.043+0400] {dag.py:3423} INFO - Setting next_dagrun for example_task_group_decorator to 2023-01-08T10:18:11.043710+00:00, run_after=2023-01-09T10:18:11.043710+00:00
[2023-01-09T14:18:11.053+0400] {processor.py:175} INFO - Processing /Users/harut/opt/anaconda3/lib/python3.9/site-packages/airflow/example_dags/example_task_group_decorator.py took 0.424 seconds
[2023-01-09T14:19:19.630+0400] {processor.py:153} INFO - Started process (PID=12504) to work on /Users/harut/opt/anaconda3/lib/python3.9/site-packages/airflow/example_dags/example_task_group_decorator.py
[2023-01-09T14:19:19.631+0400] {processor.py:743} INFO - Processing file /Users/harut/opt/anaconda3/lib/python3.9/site-packages/airflow/example_dags/example_task_group_decorator.py for tasks to queue
[2023-01-09T14:19:19.631+0400] {logging_mixin.py:137} INFO - [2023-01-09T14:19:19.631+0400] {dagbag.py:538} INFO - Filling up the DagBag from /Users/harut/opt/anaconda3/lib/python3.9/site-packages/airflow/example_dags/example_task_group_decorator.py
[2023-01-09T14:19:19.667+0400] {processor.py:753} INFO - DAG(s) dict_keys(['example_task_group_decorator']) retrieved from /Users/harut/opt/anaconda3/lib/python3.9/site-packages/airflow/example_dags/example_task_group_decorator.py
[2023-01-09T14:19:20.094+0400] {logging_mixin.py:137} INFO - [2023-01-09T14:19:20.094+0400] {dag.py:2676} INFO - Sync 1 DAGs
[2023-01-09T14:19:20.105+0400] {logging_mixin.py:137} INFO - [2023-01-09T14:19:20.105+0400] {dag.py:3423} INFO - Setting next_dagrun for example_task_group_decorator to 2023-01-08T10:19:20.104965+00:00, run_after=2023-01-09T10:19:20.104965+00:00
[2023-01-09T14:19:20.116+0400] {processor.py:175} INFO - Processing /Users/harut/opt/anaconda3/lib/python3.9/site-packages/airflow/example_dags/example_task_group_decorator.py took 0.486 seconds
[2023-01-09T14:20:34.202+0400] {processor.py:153} INFO - Started process (PID=12542) to work on /Users/harut/opt/anaconda3/lib/python3.9/site-packages/airflow/example_dags/example_task_group_decorator.py
[2023-01-09T14:20:34.203+0400] {processor.py:743} INFO - Processing file /Users/harut/opt/anaconda3/lib/python3.9/site-packages/airflow/example_dags/example_task_group_decorator.py for tasks to queue
[2023-01-09T14:20:34.203+0400] {logging_mixin.py:137} INFO - [2023-01-09T14:20:34.203+0400] {dagbag.py:538} INFO - Filling up the DagBag from /Users/harut/opt/anaconda3/lib/python3.9/site-packages/airflow/example_dags/example_task_group_decorator.py
[2023-01-09T14:20:34.234+0400] {processor.py:753} INFO - DAG(s) dict_keys(['example_task_group_decorator']) retrieved from /Users/harut/opt/anaconda3/lib/python3.9/site-packages/airflow/example_dags/example_task_group_decorator.py
[2023-01-09T14:20:34.598+0400] {logging_mixin.py:137} INFO - [2023-01-09T14:20:34.598+0400] {dag.py:2676} INFO - Sync 1 DAGs
[2023-01-09T14:20:34.608+0400] {logging_mixin.py:137} INFO - [2023-01-09T14:20:34.608+0400] {dag.py:3423} INFO - Setting next_dagrun for example_task_group_decorator to 2023-01-08T10:20:34.608143+00:00, run_after=2023-01-09T10:20:34.608143+00:00
[2023-01-09T14:20:34.617+0400] {processor.py:175} INFO - Processing /Users/harut/opt/anaconda3/lib/python3.9/site-packages/airflow/example_dags/example_task_group_decorator.py took 0.416 seconds
[2023-01-09T14:21:49.510+0400] {processor.py:153} INFO - Started process (PID=12590) to work on /Users/harut/opt/anaconda3/lib/python3.9/site-packages/airflow/example_dags/example_task_group_decorator.py
[2023-01-09T14:21:49.510+0400] {processor.py:743} INFO - Processing file /Users/harut/opt/anaconda3/lib/python3.9/site-packages/airflow/example_dags/example_task_group_decorator.py for tasks to queue
[2023-01-09T14:21:49.511+0400] {logging_mixin.py:137} INFO - [2023-01-09T14:21:49.511+0400] {dagbag.py:538} INFO - Filling up the DagBag from /Users/harut/opt/anaconda3/lib/python3.9/site-packages/airflow/example_dags/example_task_group_decorator.py
[2023-01-09T14:21:49.544+0400] {processor.py:753} INFO - DAG(s) dict_keys(['example_task_group_decorator']) retrieved from /Users/harut/opt/anaconda3/lib/python3.9/site-packages/airflow/example_dags/example_task_group_decorator.py
[2023-01-09T14:21:49.931+0400] {logging_mixin.py:137} INFO - [2023-01-09T14:21:49.931+0400] {dag.py:2676} INFO - Sync 1 DAGs
[2023-01-09T14:21:49.940+0400] {logging_mixin.py:137} INFO - [2023-01-09T14:21:49.940+0400] {dag.py:3423} INFO - Setting next_dagrun for example_task_group_decorator to 2023-01-08T10:21:49.940748+00:00, run_after=2023-01-09T10:21:49.940748+00:00
[2023-01-09T14:21:49.950+0400] {processor.py:175} INFO - Processing /Users/harut/opt/anaconda3/lib/python3.9/site-packages/airflow/example_dags/example_task_group_decorator.py took 0.440 seconds
[2023-01-09T14:23:03.604+0400] {processor.py:153} INFO - Started process (PID=12634) to work on /Users/harut/opt/anaconda3/lib/python3.9/site-packages/airflow/example_dags/example_task_group_decorator.py
[2023-01-09T14:23:03.605+0400] {processor.py:743} INFO - Processing file /Users/harut/opt/anaconda3/lib/python3.9/site-packages/airflow/example_dags/example_task_group_decorator.py for tasks to queue
[2023-01-09T14:23:03.605+0400] {logging_mixin.py:137} INFO - [2023-01-09T14:23:03.605+0400] {dagbag.py:538} INFO - Filling up the DagBag from /Users/harut/opt/anaconda3/lib/python3.9/site-packages/airflow/example_dags/example_task_group_decorator.py
[2023-01-09T14:23:03.639+0400] {processor.py:753} INFO - DAG(s) dict_keys(['example_task_group_decorator']) retrieved from /Users/harut/opt/anaconda3/lib/python3.9/site-packages/airflow/example_dags/example_task_group_decorator.py
[2023-01-09T14:23:04.025+0400] {logging_mixin.py:137} INFO - [2023-01-09T14:23:04.025+0400] {dag.py:2676} INFO - Sync 1 DAGs
[2023-01-09T14:23:04.035+0400] {logging_mixin.py:137} INFO - [2023-01-09T14:23:04.035+0400] {dag.py:3423} INFO - Setting next_dagrun for example_task_group_decorator to 2023-01-08T10:23:04.035265+00:00, run_after=2023-01-09T10:23:04.035265+00:00
[2023-01-09T14:23:04.045+0400] {processor.py:175} INFO - Processing /Users/harut/opt/anaconda3/lib/python3.9/site-packages/airflow/example_dags/example_task_group_decorator.py took 0.442 seconds
[2023-01-09T14:24:24.481+0400] {processor.py:153} INFO - Started process (PID=12679) to work on /Users/harut/opt/anaconda3/lib/python3.9/site-packages/airflow/example_dags/example_task_group_decorator.py
[2023-01-09T14:24:24.482+0400] {processor.py:743} INFO - Processing file /Users/harut/opt/anaconda3/lib/python3.9/site-packages/airflow/example_dags/example_task_group_decorator.py for tasks to queue
[2023-01-09T14:24:24.482+0400] {logging_mixin.py:137} INFO - [2023-01-09T14:24:24.482+0400] {dagbag.py:538} INFO - Filling up the DagBag from /Users/harut/opt/anaconda3/lib/python3.9/site-packages/airflow/example_dags/example_task_group_decorator.py
[2023-01-09T14:24:24.518+0400] {processor.py:753} INFO - DAG(s) dict_keys(['example_task_group_decorator']) retrieved from /Users/harut/opt/anaconda3/lib/python3.9/site-packages/airflow/example_dags/example_task_group_decorator.py
[2023-01-09T14:24:24.904+0400] {logging_mixin.py:137} INFO - [2023-01-09T14:24:24.904+0400] {dag.py:2676} INFO - Sync 1 DAGs
[2023-01-09T14:24:24.914+0400] {logging_mixin.py:137} INFO - [2023-01-09T14:24:24.913+0400] {dag.py:3423} INFO - Setting next_dagrun for example_task_group_decorator to 2023-01-08T10:24:24.913888+00:00, run_after=2023-01-09T10:24:24.913888+00:00
[2023-01-09T14:24:24.923+0400] {processor.py:175} INFO - Processing /Users/harut/opt/anaconda3/lib/python3.9/site-packages/airflow/example_dags/example_task_group_decorator.py took 0.442 seconds
[2023-01-09T14:25:43.777+0400] {processor.py:153} INFO - Started process (PID=12722) to work on /Users/harut/opt/anaconda3/lib/python3.9/site-packages/airflow/example_dags/example_task_group_decorator.py
[2023-01-09T14:25:43.778+0400] {processor.py:743} INFO - Processing file /Users/harut/opt/anaconda3/lib/python3.9/site-packages/airflow/example_dags/example_task_group_decorator.py for tasks to queue
[2023-01-09T14:25:43.778+0400] {logging_mixin.py:137} INFO - [2023-01-09T14:25:43.778+0400] {dagbag.py:538} INFO - Filling up the DagBag from /Users/harut/opt/anaconda3/lib/python3.9/site-packages/airflow/example_dags/example_task_group_decorator.py
[2023-01-09T14:25:43.809+0400] {processor.py:753} INFO - DAG(s) dict_keys(['example_task_group_decorator']) retrieved from /Users/harut/opt/anaconda3/lib/python3.9/site-packages/airflow/example_dags/example_task_group_decorator.py
[2023-01-09T14:25:44.170+0400] {logging_mixin.py:137} INFO - [2023-01-09T14:25:44.170+0400] {dag.py:2676} INFO - Sync 1 DAGs
[2023-01-09T14:25:44.180+0400] {logging_mixin.py:137} INFO - [2023-01-09T14:25:44.180+0400] {dag.py:3423} INFO - Setting next_dagrun for example_task_group_decorator to 2023-01-08T10:25:44.179973+00:00, run_after=2023-01-09T10:25:44.179973+00:00
[2023-01-09T14:25:44.189+0400] {processor.py:175} INFO - Processing /Users/harut/opt/anaconda3/lib/python3.9/site-packages/airflow/example_dags/example_task_group_decorator.py took 0.412 seconds
[2023-01-09T14:27:00.405+0400] {processor.py:153} INFO - Started process (PID=12768) to work on /Users/harut/opt/anaconda3/lib/python3.9/site-packages/airflow/example_dags/example_task_group_decorator.py
[2023-01-09T14:27:00.406+0400] {processor.py:743} INFO - Processing file /Users/harut/opt/anaconda3/lib/python3.9/site-packages/airflow/example_dags/example_task_group_decorator.py for tasks to queue
[2023-01-09T14:27:00.406+0400] {logging_mixin.py:137} INFO - [2023-01-09T14:27:00.406+0400] {dagbag.py:538} INFO - Filling up the DagBag from /Users/harut/opt/anaconda3/lib/python3.9/site-packages/airflow/example_dags/example_task_group_decorator.py
[2023-01-09T14:27:00.438+0400] {processor.py:753} INFO - DAG(s) dict_keys(['example_task_group_decorator']) retrieved from /Users/harut/opt/anaconda3/lib/python3.9/site-packages/airflow/example_dags/example_task_group_decorator.py
[2023-01-09T14:27:00.803+0400] {logging_mixin.py:137} INFO - [2023-01-09T14:27:00.803+0400] {dag.py:2676} INFO - Sync 1 DAGs
[2023-01-09T14:27:00.813+0400] {logging_mixin.py:137} INFO - [2023-01-09T14:27:00.813+0400] {dag.py:3423} INFO - Setting next_dagrun for example_task_group_decorator to 2023-01-08T10:27:00.813139+00:00, run_after=2023-01-09T10:27:00.813139+00:00
[2023-01-09T14:27:00.824+0400] {processor.py:175} INFO - Processing /Users/harut/opt/anaconda3/lib/python3.9/site-packages/airflow/example_dags/example_task_group_decorator.py took 0.419 seconds
[2023-01-09T14:28:17.488+0400] {processor.py:153} INFO - Started process (PID=12811) to work on /Users/harut/opt/anaconda3/lib/python3.9/site-packages/airflow/example_dags/example_task_group_decorator.py
[2023-01-09T14:28:17.488+0400] {processor.py:743} INFO - Processing file /Users/harut/opt/anaconda3/lib/python3.9/site-packages/airflow/example_dags/example_task_group_decorator.py for tasks to queue
[2023-01-09T14:28:17.489+0400] {logging_mixin.py:137} INFO - [2023-01-09T14:28:17.489+0400] {dagbag.py:538} INFO - Filling up the DagBag from /Users/harut/opt/anaconda3/lib/python3.9/site-packages/airflow/example_dags/example_task_group_decorator.py
[2023-01-09T14:28:17.522+0400] {processor.py:753} INFO - DAG(s) dict_keys(['example_task_group_decorator']) retrieved from /Users/harut/opt/anaconda3/lib/python3.9/site-packages/airflow/example_dags/example_task_group_decorator.py
[2023-01-09T14:28:17.903+0400] {logging_mixin.py:137} INFO - [2023-01-09T14:28:17.903+0400] {dag.py:2676} INFO - Sync 1 DAGs
[2023-01-09T14:28:17.913+0400] {logging_mixin.py:137} INFO - [2023-01-09T14:28:17.913+0400] {dag.py:3423} INFO - Setting next_dagrun for example_task_group_decorator to 2023-01-08T10:28:17.913225+00:00, run_after=2023-01-09T10:28:17.913225+00:00
[2023-01-09T14:28:17.923+0400] {processor.py:175} INFO - Processing /Users/harut/opt/anaconda3/lib/python3.9/site-packages/airflow/example_dags/example_task_group_decorator.py took 0.435 seconds
[2023-01-09T14:29:35.638+0400] {processor.py:153} INFO - Started process (PID=12852) to work on /Users/harut/opt/anaconda3/lib/python3.9/site-packages/airflow/example_dags/example_task_group_decorator.py
[2023-01-09T14:29:35.638+0400] {processor.py:743} INFO - Processing file /Users/harut/opt/anaconda3/lib/python3.9/site-packages/airflow/example_dags/example_task_group_decorator.py for tasks to queue
[2023-01-09T14:29:35.639+0400] {logging_mixin.py:137} INFO - [2023-01-09T14:29:35.639+0400] {dagbag.py:538} INFO - Filling up the DagBag from /Users/harut/opt/anaconda3/lib/python3.9/site-packages/airflow/example_dags/example_task_group_decorator.py
[2023-01-09T14:29:35.671+0400] {processor.py:753} INFO - DAG(s) dict_keys(['example_task_group_decorator']) retrieved from /Users/harut/opt/anaconda3/lib/python3.9/site-packages/airflow/example_dags/example_task_group_decorator.py
[2023-01-09T14:29:36.068+0400] {logging_mixin.py:137} INFO - [2023-01-09T14:29:36.068+0400] {dag.py:2676} INFO - Sync 1 DAGs
[2023-01-09T14:29:36.078+0400] {logging_mixin.py:137} INFO - [2023-01-09T14:29:36.077+0400] {dag.py:3423} INFO - Setting next_dagrun for example_task_group_decorator to 2023-01-08T10:29:36.077876+00:00, run_after=2023-01-09T10:29:36.077876+00:00
[2023-01-09T14:29:36.087+0400] {processor.py:175} INFO - Processing /Users/harut/opt/anaconda3/lib/python3.9/site-packages/airflow/example_dags/example_task_group_decorator.py took 0.450 seconds
[2023-01-09T14:30:50.506+0400] {processor.py:153} INFO - Started process (PID=12898) to work on /Users/harut/opt/anaconda3/lib/python3.9/site-packages/airflow/example_dags/example_task_group_decorator.py
[2023-01-09T14:30:50.507+0400] {processor.py:743} INFO - Processing file /Users/harut/opt/anaconda3/lib/python3.9/site-packages/airflow/example_dags/example_task_group_decorator.py for tasks to queue
[2023-01-09T14:30:50.507+0400] {logging_mixin.py:137} INFO - [2023-01-09T14:30:50.507+0400] {dagbag.py:538} INFO - Filling up the DagBag from /Users/harut/opt/anaconda3/lib/python3.9/site-packages/airflow/example_dags/example_task_group_decorator.py
[2023-01-09T14:30:50.538+0400] {processor.py:753} INFO - DAG(s) dict_keys(['example_task_group_decorator']) retrieved from /Users/harut/opt/anaconda3/lib/python3.9/site-packages/airflow/example_dags/example_task_group_decorator.py
[2023-01-09T14:30:50.903+0400] {logging_mixin.py:137} INFO - [2023-01-09T14:30:50.902+0400] {dag.py:2676} INFO - Sync 1 DAGs
[2023-01-09T14:30:50.912+0400] {logging_mixin.py:137} INFO - [2023-01-09T14:30:50.912+0400] {dag.py:3423} INFO - Setting next_dagrun for example_task_group_decorator to 2023-01-08T10:30:50.911924+00:00, run_after=2023-01-09T10:30:50.911924+00:00
[2023-01-09T14:30:50.920+0400] {processor.py:175} INFO - Processing /Users/harut/opt/anaconda3/lib/python3.9/site-packages/airflow/example_dags/example_task_group_decorator.py took 0.415 seconds
[2023-01-09T14:32:05.142+0400] {processor.py:153} INFO - Started process (PID=12941) to work on /Users/harut/opt/anaconda3/lib/python3.9/site-packages/airflow/example_dags/example_task_group_decorator.py
[2023-01-09T14:32:05.142+0400] {processor.py:743} INFO - Processing file /Users/harut/opt/anaconda3/lib/python3.9/site-packages/airflow/example_dags/example_task_group_decorator.py for tasks to queue
[2023-01-09T14:32:05.143+0400] {logging_mixin.py:137} INFO - [2023-01-09T14:32:05.143+0400] {dagbag.py:538} INFO - Filling up the DagBag from /Users/harut/opt/anaconda3/lib/python3.9/site-packages/airflow/example_dags/example_task_group_decorator.py
[2023-01-09T14:32:05.173+0400] {processor.py:753} INFO - DAG(s) dict_keys(['example_task_group_decorator']) retrieved from /Users/harut/opt/anaconda3/lib/python3.9/site-packages/airflow/example_dags/example_task_group_decorator.py
[2023-01-09T14:32:05.532+0400] {logging_mixin.py:137} INFO - [2023-01-09T14:32:05.532+0400] {dag.py:2676} INFO - Sync 1 DAGs
[2023-01-09T14:32:05.542+0400] {logging_mixin.py:137} INFO - [2023-01-09T14:32:05.542+0400] {dag.py:3423} INFO - Setting next_dagrun for example_task_group_decorator to 2023-01-08T10:32:05.541977+00:00, run_after=2023-01-09T10:32:05.541977+00:00
[2023-01-09T14:32:05.551+0400] {processor.py:175} INFO - Processing /Users/harut/opt/anaconda3/lib/python3.9/site-packages/airflow/example_dags/example_task_group_decorator.py took 0.410 seconds
[2023-01-09T14:33:22.681+0400] {processor.py:153} INFO - Started process (PID=12990) to work on /Users/harut/opt/anaconda3/lib/python3.9/site-packages/airflow/example_dags/example_task_group_decorator.py
[2023-01-09T14:33:22.682+0400] {processor.py:743} INFO - Processing file /Users/harut/opt/anaconda3/lib/python3.9/site-packages/airflow/example_dags/example_task_group_decorator.py for tasks to queue
[2023-01-09T14:33:22.682+0400] {logging_mixin.py:137} INFO - [2023-01-09T14:33:22.682+0400] {dagbag.py:538} INFO - Filling up the DagBag from /Users/harut/opt/anaconda3/lib/python3.9/site-packages/airflow/example_dags/example_task_group_decorator.py
[2023-01-09T14:33:22.713+0400] {processor.py:753} INFO - DAG(s) dict_keys(['example_task_group_decorator']) retrieved from /Users/harut/opt/anaconda3/lib/python3.9/site-packages/airflow/example_dags/example_task_group_decorator.py
[2023-01-09T14:33:23.076+0400] {logging_mixin.py:137} INFO - [2023-01-09T14:33:23.075+0400] {dag.py:2676} INFO - Sync 1 DAGs
[2023-01-09T14:33:23.085+0400] {logging_mixin.py:137} INFO - [2023-01-09T14:33:23.085+0400] {dag.py:3423} INFO - Setting next_dagrun for example_task_group_decorator to 2023-01-08T10:33:23.085113+00:00, run_after=2023-01-09T10:33:23.085113+00:00
[2023-01-09T14:33:23.094+0400] {processor.py:175} INFO - Processing /Users/harut/opt/anaconda3/lib/python3.9/site-packages/airflow/example_dags/example_task_group_decorator.py took 0.413 seconds
[2023-01-09T14:34:40.071+0400] {processor.py:153} INFO - Started process (PID=13040) to work on /Users/harut/opt/anaconda3/lib/python3.9/site-packages/airflow/example_dags/example_task_group_decorator.py
[2023-01-09T14:34:40.072+0400] {processor.py:743} INFO - Processing file /Users/harut/opt/anaconda3/lib/python3.9/site-packages/airflow/example_dags/example_task_group_decorator.py for tasks to queue
[2023-01-09T14:34:40.072+0400] {logging_mixin.py:137} INFO - [2023-01-09T14:34:40.072+0400] {dagbag.py:538} INFO - Filling up the DagBag from /Users/harut/opt/anaconda3/lib/python3.9/site-packages/airflow/example_dags/example_task_group_decorator.py
[2023-01-09T14:34:40.104+0400] {processor.py:753} INFO - DAG(s) dict_keys(['example_task_group_decorator']) retrieved from /Users/harut/opt/anaconda3/lib/python3.9/site-packages/airflow/example_dags/example_task_group_decorator.py
[2023-01-09T14:34:40.466+0400] {logging_mixin.py:137} INFO - [2023-01-09T14:34:40.466+0400] {dag.py:2676} INFO - Sync 1 DAGs
[2023-01-09T14:34:40.476+0400] {logging_mixin.py:137} INFO - [2023-01-09T14:34:40.476+0400] {dag.py:3423} INFO - Setting next_dagrun for example_task_group_decorator to 2023-01-08T10:34:40.476136+00:00, run_after=2023-01-09T10:34:40.476136+00:00
[2023-01-09T14:34:40.486+0400] {processor.py:175} INFO - Processing /Users/harut/opt/anaconda3/lib/python3.9/site-packages/airflow/example_dags/example_task_group_decorator.py took 0.415 seconds
[2023-01-09T14:35:58.198+0400] {processor.py:153} INFO - Started process (PID=13088) to work on /Users/harut/opt/anaconda3/lib/python3.9/site-packages/airflow/example_dags/example_task_group_decorator.py
[2023-01-09T14:35:58.199+0400] {processor.py:743} INFO - Processing file /Users/harut/opt/anaconda3/lib/python3.9/site-packages/airflow/example_dags/example_task_group_decorator.py for tasks to queue
[2023-01-09T14:35:58.199+0400] {logging_mixin.py:137} INFO - [2023-01-09T14:35:58.199+0400] {dagbag.py:538} INFO - Filling up the DagBag from /Users/harut/opt/anaconda3/lib/python3.9/site-packages/airflow/example_dags/example_task_group_decorator.py
[2023-01-09T14:35:58.231+0400] {processor.py:753} INFO - DAG(s) dict_keys(['example_task_group_decorator']) retrieved from /Users/harut/opt/anaconda3/lib/python3.9/site-packages/airflow/example_dags/example_task_group_decorator.py
[2023-01-09T14:35:58.599+0400] {logging_mixin.py:137} INFO - [2023-01-09T14:35:58.599+0400] {dag.py:2676} INFO - Sync 1 DAGs
[2023-01-09T14:35:58.608+0400] {logging_mixin.py:137} INFO - [2023-01-09T14:35:58.608+0400] {dag.py:3423} INFO - Setting next_dagrun for example_task_group_decorator to 2023-01-08T10:35:58.608799+00:00, run_after=2023-01-09T10:35:58.608799+00:00
[2023-01-09T14:35:58.618+0400] {processor.py:175} INFO - Processing /Users/harut/opt/anaconda3/lib/python3.9/site-packages/airflow/example_dags/example_task_group_decorator.py took 0.420 seconds
[2023-01-09T14:37:15.204+0400] {processor.py:153} INFO - Started process (PID=13133) to work on /Users/harut/opt/anaconda3/lib/python3.9/site-packages/airflow/example_dags/example_task_group_decorator.py
[2023-01-09T14:37:15.205+0400] {processor.py:743} INFO - Processing file /Users/harut/opt/anaconda3/lib/python3.9/site-packages/airflow/example_dags/example_task_group_decorator.py for tasks to queue
[2023-01-09T14:37:15.205+0400] {logging_mixin.py:137} INFO - [2023-01-09T14:37:15.205+0400] {dagbag.py:538} INFO - Filling up the DagBag from /Users/harut/opt/anaconda3/lib/python3.9/site-packages/airflow/example_dags/example_task_group_decorator.py
[2023-01-09T14:37:15.240+0400] {processor.py:753} INFO - DAG(s) dict_keys(['example_task_group_decorator']) retrieved from /Users/harut/opt/anaconda3/lib/python3.9/site-packages/airflow/example_dags/example_task_group_decorator.py
[2023-01-09T14:37:15.629+0400] {logging_mixin.py:137} INFO - [2023-01-09T14:37:15.628+0400] {dag.py:2676} INFO - Sync 1 DAGs
[2023-01-09T14:37:15.639+0400] {logging_mixin.py:137} INFO - [2023-01-09T14:37:15.639+0400] {dag.py:3423} INFO - Setting next_dagrun for example_task_group_decorator to 2023-01-08T10:37:15.639240+00:00, run_after=2023-01-09T10:37:15.639240+00:00
[2023-01-09T14:37:15.649+0400] {processor.py:175} INFO - Processing /Users/harut/opt/anaconda3/lib/python3.9/site-packages/airflow/example_dags/example_task_group_decorator.py took 0.446 seconds
[2023-01-09T14:38:31.368+0400] {processor.py:153} INFO - Started process (PID=13179) to work on /Users/harut/opt/anaconda3/lib/python3.9/site-packages/airflow/example_dags/example_task_group_decorator.py
[2023-01-09T14:38:31.368+0400] {processor.py:743} INFO - Processing file /Users/harut/opt/anaconda3/lib/python3.9/site-packages/airflow/example_dags/example_task_group_decorator.py for tasks to queue
[2023-01-09T14:38:31.369+0400] {logging_mixin.py:137} INFO - [2023-01-09T14:38:31.369+0400] {dagbag.py:538} INFO - Filling up the DagBag from /Users/harut/opt/anaconda3/lib/python3.9/site-packages/airflow/example_dags/example_task_group_decorator.py
[2023-01-09T14:38:31.401+0400] {processor.py:753} INFO - DAG(s) dict_keys(['example_task_group_decorator']) retrieved from /Users/harut/opt/anaconda3/lib/python3.9/site-packages/airflow/example_dags/example_task_group_decorator.py
[2023-01-09T14:38:31.767+0400] {logging_mixin.py:137} INFO - [2023-01-09T14:38:31.767+0400] {dag.py:2676} INFO - Sync 1 DAGs
[2023-01-09T14:38:31.776+0400] {logging_mixin.py:137} INFO - [2023-01-09T14:38:31.776+0400] {dag.py:3423} INFO - Setting next_dagrun for example_task_group_decorator to 2023-01-08T10:38:31.776695+00:00, run_after=2023-01-09T10:38:31.776695+00:00
[2023-01-09T14:38:31.786+0400] {processor.py:175} INFO - Processing /Users/harut/opt/anaconda3/lib/python3.9/site-packages/airflow/example_dags/example_task_group_decorator.py took 0.419 seconds
[2023-01-09T14:39:48.844+0400] {processor.py:153} INFO - Started process (PID=13221) to work on /Users/harut/opt/anaconda3/lib/python3.9/site-packages/airflow/example_dags/example_task_group_decorator.py
[2023-01-09T14:39:48.845+0400] {processor.py:743} INFO - Processing file /Users/harut/opt/anaconda3/lib/python3.9/site-packages/airflow/example_dags/example_task_group_decorator.py for tasks to queue
[2023-01-09T14:39:48.845+0400] {logging_mixin.py:137} INFO - [2023-01-09T14:39:48.845+0400] {dagbag.py:538} INFO - Filling up the DagBag from /Users/harut/opt/anaconda3/lib/python3.9/site-packages/airflow/example_dags/example_task_group_decorator.py
[2023-01-09T14:39:48.880+0400] {processor.py:753} INFO - DAG(s) dict_keys(['example_task_group_decorator']) retrieved from /Users/harut/opt/anaconda3/lib/python3.9/site-packages/airflow/example_dags/example_task_group_decorator.py
[2023-01-09T14:39:49.261+0400] {logging_mixin.py:137} INFO - [2023-01-09T14:39:49.261+0400] {dag.py:2676} INFO - Sync 1 DAGs
[2023-01-09T14:39:49.270+0400] {logging_mixin.py:137} INFO - [2023-01-09T14:39:49.270+0400] {dag.py:3423} INFO - Setting next_dagrun for example_task_group_decorator to 2023-01-08T10:39:49.270806+00:00, run_after=2023-01-09T10:39:49.270806+00:00
[2023-01-09T14:39:49.280+0400] {processor.py:175} INFO - Processing /Users/harut/opt/anaconda3/lib/python3.9/site-packages/airflow/example_dags/example_task_group_decorator.py took 0.436 seconds
[2023-01-09T14:41:06.207+0400] {processor.py:153} INFO - Started process (PID=13267) to work on /Users/harut/opt/anaconda3/lib/python3.9/site-packages/airflow/example_dags/example_task_group_decorator.py
[2023-01-09T14:41:06.207+0400] {processor.py:743} INFO - Processing file /Users/harut/opt/anaconda3/lib/python3.9/site-packages/airflow/example_dags/example_task_group_decorator.py for tasks to queue
[2023-01-09T14:41:06.208+0400] {logging_mixin.py:137} INFO - [2023-01-09T14:41:06.208+0400] {dagbag.py:538} INFO - Filling up the DagBag from /Users/harut/opt/anaconda3/lib/python3.9/site-packages/airflow/example_dags/example_task_group_decorator.py
[2023-01-09T14:41:06.241+0400] {processor.py:753} INFO - DAG(s) dict_keys(['example_task_group_decorator']) retrieved from /Users/harut/opt/anaconda3/lib/python3.9/site-packages/airflow/example_dags/example_task_group_decorator.py
[2023-01-09T14:41:06.608+0400] {logging_mixin.py:137} INFO - [2023-01-09T14:41:06.608+0400] {dag.py:2676} INFO - Sync 1 DAGs
[2023-01-09T14:41:06.617+0400] {logging_mixin.py:137} INFO - [2023-01-09T14:41:06.617+0400] {dag.py:3423} INFO - Setting next_dagrun for example_task_group_decorator to 2023-01-08T10:41:06.617763+00:00, run_after=2023-01-09T10:41:06.617763+00:00
[2023-01-09T14:41:06.627+0400] {processor.py:175} INFO - Processing /Users/harut/opt/anaconda3/lib/python3.9/site-packages/airflow/example_dags/example_task_group_decorator.py took 0.421 seconds
[2023-01-09T14:42:21.291+0400] {processor.py:153} INFO - Started process (PID=13312) to work on /Users/harut/opt/anaconda3/lib/python3.9/site-packages/airflow/example_dags/example_task_group_decorator.py
[2023-01-09T14:42:21.292+0400] {processor.py:743} INFO - Processing file /Users/harut/opt/anaconda3/lib/python3.9/site-packages/airflow/example_dags/example_task_group_decorator.py for tasks to queue
[2023-01-09T14:42:21.292+0400] {logging_mixin.py:137} INFO - [2023-01-09T14:42:21.292+0400] {dagbag.py:538} INFO - Filling up the DagBag from /Users/harut/opt/anaconda3/lib/python3.9/site-packages/airflow/example_dags/example_task_group_decorator.py
[2023-01-09T14:42:21.324+0400] {processor.py:753} INFO - DAG(s) dict_keys(['example_task_group_decorator']) retrieved from /Users/harut/opt/anaconda3/lib/python3.9/site-packages/airflow/example_dags/example_task_group_decorator.py
[2023-01-09T14:42:21.692+0400] {logging_mixin.py:137} INFO - [2023-01-09T14:42:21.692+0400] {dag.py:2676} INFO - Sync 1 DAGs
[2023-01-09T14:42:21.701+0400] {logging_mixin.py:137} INFO - [2023-01-09T14:42:21.701+0400] {dag.py:3423} INFO - Setting next_dagrun for example_task_group_decorator to 2023-01-08T10:42:21.701754+00:00, run_after=2023-01-09T10:42:21.701754+00:00
[2023-01-09T14:42:21.711+0400] {processor.py:175} INFO - Processing /Users/harut/opt/anaconda3/lib/python3.9/site-packages/airflow/example_dags/example_task_group_decorator.py took 0.420 seconds
[2023-01-09T14:43:37.570+0400] {processor.py:153} INFO - Started process (PID=13355) to work on /Users/harut/opt/anaconda3/lib/python3.9/site-packages/airflow/example_dags/example_task_group_decorator.py
[2023-01-09T14:43:37.571+0400] {processor.py:743} INFO - Processing file /Users/harut/opt/anaconda3/lib/python3.9/site-packages/airflow/example_dags/example_task_group_decorator.py for tasks to queue
[2023-01-09T14:43:37.571+0400] {logging_mixin.py:137} INFO - [2023-01-09T14:43:37.571+0400] {dagbag.py:538} INFO - Filling up the DagBag from /Users/harut/opt/anaconda3/lib/python3.9/site-packages/airflow/example_dags/example_task_group_decorator.py
[2023-01-09T14:43:37.603+0400] {processor.py:753} INFO - DAG(s) dict_keys(['example_task_group_decorator']) retrieved from /Users/harut/opt/anaconda3/lib/python3.9/site-packages/airflow/example_dags/example_task_group_decorator.py
[2023-01-09T14:43:37.966+0400] {logging_mixin.py:137} INFO - [2023-01-09T14:43:37.966+0400] {dag.py:2676} INFO - Sync 1 DAGs
[2023-01-09T14:43:37.975+0400] {logging_mixin.py:137} INFO - [2023-01-09T14:43:37.975+0400] {dag.py:3423} INFO - Setting next_dagrun for example_task_group_decorator to 2023-01-08T10:43:37.975359+00:00, run_after=2023-01-09T10:43:37.975359+00:00
[2023-01-09T14:43:37.985+0400] {processor.py:175} INFO - Processing /Users/harut/opt/anaconda3/lib/python3.9/site-packages/airflow/example_dags/example_task_group_decorator.py took 0.415 seconds
[2023-01-09T14:44:58.491+0400] {processor.py:153} INFO - Started process (PID=13402) to work on /Users/harut/opt/anaconda3/lib/python3.9/site-packages/airflow/example_dags/example_task_group_decorator.py
[2023-01-09T14:44:58.492+0400] {processor.py:743} INFO - Processing file /Users/harut/opt/anaconda3/lib/python3.9/site-packages/airflow/example_dags/example_task_group_decorator.py for tasks to queue
[2023-01-09T14:44:58.492+0400] {logging_mixin.py:137} INFO - [2023-01-09T14:44:58.492+0400] {dagbag.py:538} INFO - Filling up the DagBag from /Users/harut/opt/anaconda3/lib/python3.9/site-packages/airflow/example_dags/example_task_group_decorator.py
[2023-01-09T14:44:58.527+0400] {processor.py:753} INFO - DAG(s) dict_keys(['example_task_group_decorator']) retrieved from /Users/harut/opt/anaconda3/lib/python3.9/site-packages/airflow/example_dags/example_task_group_decorator.py
[2023-01-09T14:44:58.979+0400] {logging_mixin.py:137} INFO - [2023-01-09T14:44:58.979+0400] {dag.py:2676} INFO - Sync 1 DAGs
[2023-01-09T14:44:58.997+0400] {logging_mixin.py:137} INFO - [2023-01-09T14:44:58.997+0400] {dag.py:3423} INFO - Setting next_dagrun for example_task_group_decorator to 2023-01-08T10:44:58.997520+00:00, run_after=2023-01-09T10:44:58.997520+00:00
[2023-01-09T14:44:59.012+0400] {processor.py:175} INFO - Processing /Users/harut/opt/anaconda3/lib/python3.9/site-packages/airflow/example_dags/example_task_group_decorator.py took 0.522 seconds
[2023-01-09T14:46:15.335+0400] {processor.py:153} INFO - Started process (PID=13445) to work on /Users/harut/opt/anaconda3/lib/python3.9/site-packages/airflow/example_dags/example_task_group_decorator.py
[2023-01-09T14:46:15.336+0400] {processor.py:743} INFO - Processing file /Users/harut/opt/anaconda3/lib/python3.9/site-packages/airflow/example_dags/example_task_group_decorator.py for tasks to queue
[2023-01-09T14:46:15.336+0400] {logging_mixin.py:137} INFO - [2023-01-09T14:46:15.336+0400] {dagbag.py:538} INFO - Filling up the DagBag from /Users/harut/opt/anaconda3/lib/python3.9/site-packages/airflow/example_dags/example_task_group_decorator.py
[2023-01-09T14:46:15.374+0400] {processor.py:753} INFO - DAG(s) dict_keys(['example_task_group_decorator']) retrieved from /Users/harut/opt/anaconda3/lib/python3.9/site-packages/airflow/example_dags/example_task_group_decorator.py
[2023-01-09T14:46:15.806+0400] {logging_mixin.py:137} INFO - [2023-01-09T14:46:15.805+0400] {dag.py:2676} INFO - Sync 1 DAGs
[2023-01-09T14:46:15.817+0400] {logging_mixin.py:137} INFO - [2023-01-09T14:46:15.817+0400] {dag.py:3423} INFO - Setting next_dagrun for example_task_group_decorator to 2023-01-08T10:46:15.817367+00:00, run_after=2023-01-09T10:46:15.817367+00:00
[2023-01-09T14:46:15.828+0400] {processor.py:175} INFO - Processing /Users/harut/opt/anaconda3/lib/python3.9/site-packages/airflow/example_dags/example_task_group_decorator.py took 0.494 seconds
[2023-01-09T14:47:35.673+0400] {processor.py:153} INFO - Started process (PID=13499) to work on /Users/harut/opt/anaconda3/lib/python3.9/site-packages/airflow/example_dags/example_task_group_decorator.py
[2023-01-09T14:47:35.674+0400] {processor.py:743} INFO - Processing file /Users/harut/opt/anaconda3/lib/python3.9/site-packages/airflow/example_dags/example_task_group_decorator.py for tasks to queue
[2023-01-09T14:47:35.674+0400] {logging_mixin.py:137} INFO - [2023-01-09T14:47:35.674+0400] {dagbag.py:538} INFO - Filling up the DagBag from /Users/harut/opt/anaconda3/lib/python3.9/site-packages/airflow/example_dags/example_task_group_decorator.py
[2023-01-09T14:47:35.707+0400] {processor.py:753} INFO - DAG(s) dict_keys(['example_task_group_decorator']) retrieved from /Users/harut/opt/anaconda3/lib/python3.9/site-packages/airflow/example_dags/example_task_group_decorator.py
[2023-01-09T14:47:36.089+0400] {logging_mixin.py:137} INFO - [2023-01-09T14:47:36.088+0400] {dag.py:2676} INFO - Sync 1 DAGs
[2023-01-09T14:47:36.098+0400] {logging_mixin.py:137} INFO - [2023-01-09T14:47:36.098+0400] {dag.py:3423} INFO - Setting next_dagrun for example_task_group_decorator to 2023-01-08T10:47:36.098351+00:00, run_after=2023-01-09T10:47:36.098351+00:00
[2023-01-09T14:47:36.108+0400] {processor.py:175} INFO - Processing /Users/harut/opt/anaconda3/lib/python3.9/site-packages/airflow/example_dags/example_task_group_decorator.py took 0.435 seconds
[2023-01-09T14:48:56.115+0400] {processor.py:153} INFO - Started process (PID=13552) to work on /Users/harut/opt/anaconda3/lib/python3.9/site-packages/airflow/example_dags/example_task_group_decorator.py
[2023-01-09T14:48:56.116+0400] {processor.py:743} INFO - Processing file /Users/harut/opt/anaconda3/lib/python3.9/site-packages/airflow/example_dags/example_task_group_decorator.py for tasks to queue
[2023-01-09T14:48:56.116+0400] {logging_mixin.py:137} INFO - [2023-01-09T14:48:56.116+0400] {dagbag.py:538} INFO - Filling up the DagBag from /Users/harut/opt/anaconda3/lib/python3.9/site-packages/airflow/example_dags/example_task_group_decorator.py
[2023-01-09T14:48:56.152+0400] {processor.py:753} INFO - DAG(s) dict_keys(['example_task_group_decorator']) retrieved from /Users/harut/opt/anaconda3/lib/python3.9/site-packages/airflow/example_dags/example_task_group_decorator.py
[2023-01-09T14:48:56.579+0400] {logging_mixin.py:137} INFO - [2023-01-09T14:48:56.579+0400] {dag.py:2676} INFO - Sync 1 DAGs
[2023-01-09T14:48:56.591+0400] {logging_mixin.py:137} INFO - [2023-01-09T14:48:56.591+0400] {dag.py:3423} INFO - Setting next_dagrun for example_task_group_decorator to 2023-01-08T10:48:56.591393+00:00, run_after=2023-01-09T10:48:56.591393+00:00
[2023-01-09T14:48:56.602+0400] {processor.py:175} INFO - Processing /Users/harut/opt/anaconda3/lib/python3.9/site-packages/airflow/example_dags/example_task_group_decorator.py took 0.488 seconds
[2023-01-09T14:50:20.605+0400] {processor.py:153} INFO - Started process (PID=13600) to work on /Users/harut/opt/anaconda3/lib/python3.9/site-packages/airflow/example_dags/example_task_group_decorator.py
[2023-01-09T14:50:20.606+0400] {processor.py:743} INFO - Processing file /Users/harut/opt/anaconda3/lib/python3.9/site-packages/airflow/example_dags/example_task_group_decorator.py for tasks to queue
[2023-01-09T14:50:20.606+0400] {logging_mixin.py:137} INFO - [2023-01-09T14:50:20.606+0400] {dagbag.py:538} INFO - Filling up the DagBag from /Users/harut/opt/anaconda3/lib/python3.9/site-packages/airflow/example_dags/example_task_group_decorator.py
[2023-01-09T14:50:20.638+0400] {processor.py:753} INFO - DAG(s) dict_keys(['example_task_group_decorator']) retrieved from /Users/harut/opt/anaconda3/lib/python3.9/site-packages/airflow/example_dags/example_task_group_decorator.py
[2023-01-09T14:50:21.001+0400] {logging_mixin.py:137} INFO - [2023-01-09T14:50:21.001+0400] {dag.py:2676} INFO - Sync 1 DAGs
[2023-01-09T14:50:21.010+0400] {logging_mixin.py:137} INFO - [2023-01-09T14:50:21.010+0400] {dag.py:3423} INFO - Setting next_dagrun for example_task_group_decorator to 2023-01-08T10:50:21.010352+00:00, run_after=2023-01-09T10:50:21.010352+00:00
[2023-01-09T14:50:21.021+0400] {processor.py:175} INFO - Processing /Users/harut/opt/anaconda3/lib/python3.9/site-packages/airflow/example_dags/example_task_group_decorator.py took 0.416 seconds
[2023-01-09T14:51:40.727+0400] {processor.py:153} INFO - Started process (PID=13650) to work on /Users/harut/opt/anaconda3/lib/python3.9/site-packages/airflow/example_dags/example_task_group_decorator.py
[2023-01-09T14:51:40.728+0400] {processor.py:743} INFO - Processing file /Users/harut/opt/anaconda3/lib/python3.9/site-packages/airflow/example_dags/example_task_group_decorator.py for tasks to queue
[2023-01-09T14:51:40.728+0400] {logging_mixin.py:137} INFO - [2023-01-09T14:51:40.728+0400] {dagbag.py:538} INFO - Filling up the DagBag from /Users/harut/opt/anaconda3/lib/python3.9/site-packages/airflow/example_dags/example_task_group_decorator.py
[2023-01-09T14:51:40.760+0400] {processor.py:753} INFO - DAG(s) dict_keys(['example_task_group_decorator']) retrieved from /Users/harut/opt/anaconda3/lib/python3.9/site-packages/airflow/example_dags/example_task_group_decorator.py
[2023-01-09T14:51:41.128+0400] {logging_mixin.py:137} INFO - [2023-01-09T14:51:41.128+0400] {dag.py:2676} INFO - Sync 1 DAGs
[2023-01-09T14:51:41.138+0400] {logging_mixin.py:137} INFO - [2023-01-09T14:51:41.138+0400] {dag.py:3423} INFO - Setting next_dagrun for example_task_group_decorator to 2023-01-08T10:51:41.138059+00:00, run_after=2023-01-09T10:51:41.138059+00:00
[2023-01-09T14:51:41.147+0400] {processor.py:175} INFO - Processing /Users/harut/opt/anaconda3/lib/python3.9/site-packages/airflow/example_dags/example_task_group_decorator.py took 0.420 seconds
[2023-01-09T14:53:00.727+0400] {processor.py:153} INFO - Started process (PID=13693) to work on /Users/harut/opt/anaconda3/lib/python3.9/site-packages/airflow/example_dags/example_task_group_decorator.py
[2023-01-09T14:53:00.728+0400] {processor.py:743} INFO - Processing file /Users/harut/opt/anaconda3/lib/python3.9/site-packages/airflow/example_dags/example_task_group_decorator.py for tasks to queue
[2023-01-09T14:53:00.728+0400] {logging_mixin.py:137} INFO - [2023-01-09T14:53:00.728+0400] {dagbag.py:538} INFO - Filling up the DagBag from /Users/harut/opt/anaconda3/lib/python3.9/site-packages/airflow/example_dags/example_task_group_decorator.py
[2023-01-09T14:53:00.760+0400] {processor.py:753} INFO - DAG(s) dict_keys(['example_task_group_decorator']) retrieved from /Users/harut/opt/anaconda3/lib/python3.9/site-packages/airflow/example_dags/example_task_group_decorator.py
[2023-01-09T14:53:01.127+0400] {logging_mixin.py:137} INFO - [2023-01-09T14:53:01.127+0400] {dag.py:2676} INFO - Sync 1 DAGs
[2023-01-09T14:53:01.136+0400] {logging_mixin.py:137} INFO - [2023-01-09T14:53:01.136+0400] {dag.py:3423} INFO - Setting next_dagrun for example_task_group_decorator to 2023-01-08T10:53:01.136666+00:00, run_after=2023-01-09T10:53:01.136666+00:00
[2023-01-09T14:53:01.146+0400] {processor.py:175} INFO - Processing /Users/harut/opt/anaconda3/lib/python3.9/site-packages/airflow/example_dags/example_task_group_decorator.py took 0.419 seconds
[2023-01-09T14:54:21.657+0400] {processor.py:153} INFO - Started process (PID=13741) to work on /Users/harut/opt/anaconda3/lib/python3.9/site-packages/airflow/example_dags/example_task_group_decorator.py
[2023-01-09T14:54:21.657+0400] {processor.py:743} INFO - Processing file /Users/harut/opt/anaconda3/lib/python3.9/site-packages/airflow/example_dags/example_task_group_decorator.py for tasks to queue
[2023-01-09T14:54:21.657+0400] {logging_mixin.py:137} INFO - [2023-01-09T14:54:21.657+0400] {dagbag.py:538} INFO - Filling up the DagBag from /Users/harut/opt/anaconda3/lib/python3.9/site-packages/airflow/example_dags/example_task_group_decorator.py
[2023-01-09T14:54:21.689+0400] {processor.py:753} INFO - DAG(s) dict_keys(['example_task_group_decorator']) retrieved from /Users/harut/opt/anaconda3/lib/python3.9/site-packages/airflow/example_dags/example_task_group_decorator.py
[2023-01-09T14:54:22.065+0400] {logging_mixin.py:137} INFO - [2023-01-09T14:54:22.065+0400] {dag.py:2676} INFO - Sync 1 DAGs
[2023-01-09T14:54:22.076+0400] {logging_mixin.py:137} INFO - [2023-01-09T14:54:22.076+0400] {dag.py:3423} INFO - Setting next_dagrun for example_task_group_decorator to 2023-01-08T10:54:22.076156+00:00, run_after=2023-01-09T10:54:22.076156+00:00
[2023-01-09T14:54:22.086+0400] {processor.py:175} INFO - Processing /Users/harut/opt/anaconda3/lib/python3.9/site-packages/airflow/example_dags/example_task_group_decorator.py took 0.430 seconds
[2023-01-09T14:55:43.806+0400] {processor.py:153} INFO - Started process (PID=13785) to work on /Users/harut/opt/anaconda3/lib/python3.9/site-packages/airflow/example_dags/example_task_group_decorator.py
[2023-01-09T14:55:43.807+0400] {processor.py:743} INFO - Processing file /Users/harut/opt/anaconda3/lib/python3.9/site-packages/airflow/example_dags/example_task_group_decorator.py for tasks to queue
[2023-01-09T14:55:43.807+0400] {logging_mixin.py:137} INFO - [2023-01-09T14:55:43.807+0400] {dagbag.py:538} INFO - Filling up the DagBag from /Users/harut/opt/anaconda3/lib/python3.9/site-packages/airflow/example_dags/example_task_group_decorator.py
[2023-01-09T14:55:43.838+0400] {processor.py:753} INFO - DAG(s) dict_keys(['example_task_group_decorator']) retrieved from /Users/harut/opt/anaconda3/lib/python3.9/site-packages/airflow/example_dags/example_task_group_decorator.py
[2023-01-09T14:55:44.204+0400] {logging_mixin.py:137} INFO - [2023-01-09T14:55:44.204+0400] {dag.py:2676} INFO - Sync 1 DAGs
[2023-01-09T14:55:44.213+0400] {logging_mixin.py:137} INFO - [2023-01-09T14:55:44.213+0400] {dag.py:3423} INFO - Setting next_dagrun for example_task_group_decorator to 2023-01-08T10:55:44.213343+00:00, run_after=2023-01-09T10:55:44.213343+00:00
[2023-01-09T14:55:44.222+0400] {processor.py:175} INFO - Processing /Users/harut/opt/anaconda3/lib/python3.9/site-packages/airflow/example_dags/example_task_group_decorator.py took 0.417 seconds
[2023-01-09T14:57:05.663+0400] {processor.py:153} INFO - Started process (PID=13831) to work on /Users/harut/opt/anaconda3/lib/python3.9/site-packages/airflow/example_dags/example_task_group_decorator.py
[2023-01-09T14:57:05.663+0400] {processor.py:743} INFO - Processing file /Users/harut/opt/anaconda3/lib/python3.9/site-packages/airflow/example_dags/example_task_group_decorator.py for tasks to queue
[2023-01-09T14:57:05.664+0400] {logging_mixin.py:137} INFO - [2023-01-09T14:57:05.664+0400] {dagbag.py:538} INFO - Filling up the DagBag from /Users/harut/opt/anaconda3/lib/python3.9/site-packages/airflow/example_dags/example_task_group_decorator.py
[2023-01-09T14:57:05.695+0400] {processor.py:753} INFO - DAG(s) dict_keys(['example_task_group_decorator']) retrieved from /Users/harut/opt/anaconda3/lib/python3.9/site-packages/airflow/example_dags/example_task_group_decorator.py
[2023-01-09T14:57:06.097+0400] {logging_mixin.py:137} INFO - [2023-01-09T14:57:06.097+0400] {dag.py:2676} INFO - Sync 1 DAGs
[2023-01-09T14:57:06.108+0400] {logging_mixin.py:137} INFO - [2023-01-09T14:57:06.107+0400] {dag.py:3423} INFO - Setting next_dagrun for example_task_group_decorator to 2023-01-08T10:57:06.107770+00:00, run_after=2023-01-09T10:57:06.107770+00:00
[2023-01-09T14:57:06.117+0400] {processor.py:175} INFO - Processing /Users/harut/opt/anaconda3/lib/python3.9/site-packages/airflow/example_dags/example_task_group_decorator.py took 0.455 seconds
[2023-01-09T14:58:27.335+0400] {processor.py:153} INFO - Started process (PID=13873) to work on /Users/harut/opt/anaconda3/lib/python3.9/site-packages/airflow/example_dags/example_task_group_decorator.py
[2023-01-09T14:58:27.336+0400] {processor.py:743} INFO - Processing file /Users/harut/opt/anaconda3/lib/python3.9/site-packages/airflow/example_dags/example_task_group_decorator.py for tasks to queue
[2023-01-09T14:58:27.336+0400] {logging_mixin.py:137} INFO - [2023-01-09T14:58:27.336+0400] {dagbag.py:538} INFO - Filling up the DagBag from /Users/harut/opt/anaconda3/lib/python3.9/site-packages/airflow/example_dags/example_task_group_decorator.py
[2023-01-09T14:58:27.368+0400] {processor.py:753} INFO - DAG(s) dict_keys(['example_task_group_decorator']) retrieved from /Users/harut/opt/anaconda3/lib/python3.9/site-packages/airflow/example_dags/example_task_group_decorator.py
[2023-01-09T14:58:27.737+0400] {logging_mixin.py:137} INFO - [2023-01-09T14:58:27.737+0400] {dag.py:2676} INFO - Sync 1 DAGs
[2023-01-09T14:58:27.747+0400] {logging_mixin.py:137} INFO - [2023-01-09T14:58:27.747+0400] {dag.py:3423} INFO - Setting next_dagrun for example_task_group_decorator to 2023-01-08T10:58:27.747089+00:00, run_after=2023-01-09T10:58:27.747089+00:00
[2023-01-09T14:58:27.757+0400] {processor.py:175} INFO - Processing /Users/harut/opt/anaconda3/lib/python3.9/site-packages/airflow/example_dags/example_task_group_decorator.py took 0.422 seconds
[2023-01-09T14:59:48.067+0400] {processor.py:153} INFO - Started process (PID=13919) to work on /Users/harut/opt/anaconda3/lib/python3.9/site-packages/airflow/example_dags/example_task_group_decorator.py
[2023-01-09T14:59:48.068+0400] {processor.py:743} INFO - Processing file /Users/harut/opt/anaconda3/lib/python3.9/site-packages/airflow/example_dags/example_task_group_decorator.py for tasks to queue
[2023-01-09T14:59:48.068+0400] {logging_mixin.py:137} INFO - [2023-01-09T14:59:48.068+0400] {dagbag.py:538} INFO - Filling up the DagBag from /Users/harut/opt/anaconda3/lib/python3.9/site-packages/airflow/example_dags/example_task_group_decorator.py
[2023-01-09T14:59:48.099+0400] {processor.py:753} INFO - DAG(s) dict_keys(['example_task_group_decorator']) retrieved from /Users/harut/opt/anaconda3/lib/python3.9/site-packages/airflow/example_dags/example_task_group_decorator.py
[2023-01-09T14:59:48.462+0400] {logging_mixin.py:137} INFO - [2023-01-09T14:59:48.462+0400] {dag.py:2676} INFO - Sync 1 DAGs
[2023-01-09T14:59:48.472+0400] {logging_mixin.py:137} INFO - [2023-01-09T14:59:48.472+0400] {dag.py:3423} INFO - Setting next_dagrun for example_task_group_decorator to 2023-01-08T10:59:48.472138+00:00, run_after=2023-01-09T10:59:48.472138+00:00
[2023-01-09T14:59:48.481+0400] {processor.py:175} INFO - Processing /Users/harut/opt/anaconda3/lib/python3.9/site-packages/airflow/example_dags/example_task_group_decorator.py took 0.415 seconds
[2023-01-09T15:01:08.467+0400] {processor.py:153} INFO - Started process (PID=13963) to work on /Users/harut/opt/anaconda3/lib/python3.9/site-packages/airflow/example_dags/example_task_group_decorator.py
[2023-01-09T15:01:08.468+0400] {processor.py:743} INFO - Processing file /Users/harut/opt/anaconda3/lib/python3.9/site-packages/airflow/example_dags/example_task_group_decorator.py for tasks to queue
[2023-01-09T15:01:08.468+0400] {logging_mixin.py:137} INFO - [2023-01-09T15:01:08.468+0400] {dagbag.py:538} INFO - Filling up the DagBag from /Users/harut/opt/anaconda3/lib/python3.9/site-packages/airflow/example_dags/example_task_group_decorator.py
[2023-01-09T15:01:08.499+0400] {processor.py:753} INFO - DAG(s) dict_keys(['example_task_group_decorator']) retrieved from /Users/harut/opt/anaconda3/lib/python3.9/site-packages/airflow/example_dags/example_task_group_decorator.py
[2023-01-09T15:01:08.861+0400] {logging_mixin.py:137} INFO - [2023-01-09T15:01:08.861+0400] {dag.py:2676} INFO - Sync 1 DAGs
[2023-01-09T15:01:08.871+0400] {logging_mixin.py:137} INFO - [2023-01-09T15:01:08.870+0400] {dag.py:3423} INFO - Setting next_dagrun for example_task_group_decorator to 2023-01-08T11:01:08.870889+00:00, run_after=2023-01-09T11:01:08.870889+00:00
[2023-01-09T15:01:08.880+0400] {processor.py:175} INFO - Processing /Users/harut/opt/anaconda3/lib/python3.9/site-packages/airflow/example_dags/example_task_group_decorator.py took 0.414 seconds
[2023-01-09T15:02:31.031+0400] {processor.py:153} INFO - Started process (PID=14009) to work on /Users/harut/opt/anaconda3/lib/python3.9/site-packages/airflow/example_dags/example_task_group_decorator.py
[2023-01-09T15:02:31.032+0400] {processor.py:743} INFO - Processing file /Users/harut/opt/anaconda3/lib/python3.9/site-packages/airflow/example_dags/example_task_group_decorator.py for tasks to queue
[2023-01-09T15:02:31.032+0400] {logging_mixin.py:137} INFO - [2023-01-09T15:02:31.032+0400] {dagbag.py:538} INFO - Filling up the DagBag from /Users/harut/opt/anaconda3/lib/python3.9/site-packages/airflow/example_dags/example_task_group_decorator.py
[2023-01-09T15:02:31.065+0400] {processor.py:753} INFO - DAG(s) dict_keys(['example_task_group_decorator']) retrieved from /Users/harut/opt/anaconda3/lib/python3.9/site-packages/airflow/example_dags/example_task_group_decorator.py
[2023-01-09T15:02:31.455+0400] {logging_mixin.py:137} INFO - [2023-01-09T15:02:31.455+0400] {dag.py:2676} INFO - Sync 1 DAGs
[2023-01-09T15:02:31.466+0400] {logging_mixin.py:137} INFO - [2023-01-09T15:02:31.466+0400] {dag.py:3423} INFO - Setting next_dagrun for example_task_group_decorator to 2023-01-08T11:02:31.466493+00:00, run_after=2023-01-09T11:02:31.466493+00:00
[2023-01-09T15:02:31.478+0400] {processor.py:175} INFO - Processing /Users/harut/opt/anaconda3/lib/python3.9/site-packages/airflow/example_dags/example_task_group_decorator.py took 0.447 seconds
[2023-01-09T15:03:51.558+0400] {processor.py:153} INFO - Started process (PID=14058) to work on /Users/harut/opt/anaconda3/lib/python3.9/site-packages/airflow/example_dags/example_task_group_decorator.py
[2023-01-09T15:03:51.558+0400] {processor.py:743} INFO - Processing file /Users/harut/opt/anaconda3/lib/python3.9/site-packages/airflow/example_dags/example_task_group_decorator.py for tasks to queue
[2023-01-09T15:03:51.559+0400] {logging_mixin.py:137} INFO - [2023-01-09T15:03:51.558+0400] {dagbag.py:538} INFO - Filling up the DagBag from /Users/harut/opt/anaconda3/lib/python3.9/site-packages/airflow/example_dags/example_task_group_decorator.py
[2023-01-09T15:03:51.596+0400] {processor.py:753} INFO - DAG(s) dict_keys(['example_task_group_decorator']) retrieved from /Users/harut/opt/anaconda3/lib/python3.9/site-packages/airflow/example_dags/example_task_group_decorator.py
[2023-01-09T15:03:51.989+0400] {logging_mixin.py:137} INFO - [2023-01-09T15:03:51.989+0400] {dag.py:2676} INFO - Sync 1 DAGs
[2023-01-09T15:03:51.999+0400] {logging_mixin.py:137} INFO - [2023-01-09T15:03:51.999+0400] {dag.py:3423} INFO - Setting next_dagrun for example_task_group_decorator to 2023-01-08T11:03:51.998918+00:00, run_after=2023-01-09T11:03:51.998918+00:00
[2023-01-09T15:03:52.008+0400] {processor.py:175} INFO - Processing /Users/harut/opt/anaconda3/lib/python3.9/site-packages/airflow/example_dags/example_task_group_decorator.py took 0.451 seconds
[2023-01-09T15:05:11.060+0400] {processor.py:153} INFO - Started process (PID=14102) to work on /Users/harut/opt/anaconda3/lib/python3.9/site-packages/airflow/example_dags/example_task_group_decorator.py
[2023-01-09T15:05:11.061+0400] {processor.py:743} INFO - Processing file /Users/harut/opt/anaconda3/lib/python3.9/site-packages/airflow/example_dags/example_task_group_decorator.py for tasks to queue
[2023-01-09T15:05:11.061+0400] {logging_mixin.py:137} INFO - [2023-01-09T15:05:11.061+0400] {dagbag.py:538} INFO - Filling up the DagBag from /Users/harut/opt/anaconda3/lib/python3.9/site-packages/airflow/example_dags/example_task_group_decorator.py
[2023-01-09T15:05:11.092+0400] {processor.py:753} INFO - DAG(s) dict_keys(['example_task_group_decorator']) retrieved from /Users/harut/opt/anaconda3/lib/python3.9/site-packages/airflow/example_dags/example_task_group_decorator.py
[2023-01-09T15:05:11.454+0400] {logging_mixin.py:137} INFO - [2023-01-09T15:05:11.454+0400] {dag.py:2676} INFO - Sync 1 DAGs
[2023-01-09T15:05:11.463+0400] {logging_mixin.py:137} INFO - [2023-01-09T15:05:11.463+0400] {dag.py:3423} INFO - Setting next_dagrun for example_task_group_decorator to 2023-01-08T11:05:11.463343+00:00, run_after=2023-01-09T11:05:11.463343+00:00
[2023-01-09T15:05:11.473+0400] {processor.py:175} INFO - Processing /Users/harut/opt/anaconda3/lib/python3.9/site-packages/airflow/example_dags/example_task_group_decorator.py took 0.413 seconds
[2023-01-09T15:06:31.975+0400] {processor.py:153} INFO - Started process (PID=14147) to work on /Users/harut/opt/anaconda3/lib/python3.9/site-packages/airflow/example_dags/example_task_group_decorator.py
[2023-01-09T15:06:31.976+0400] {processor.py:743} INFO - Processing file /Users/harut/opt/anaconda3/lib/python3.9/site-packages/airflow/example_dags/example_task_group_decorator.py for tasks to queue
[2023-01-09T15:06:31.976+0400] {logging_mixin.py:137} INFO - [2023-01-09T15:06:31.976+0400] {dagbag.py:538} INFO - Filling up the DagBag from /Users/harut/opt/anaconda3/lib/python3.9/site-packages/airflow/example_dags/example_task_group_decorator.py
[2023-01-09T15:06:32.010+0400] {processor.py:753} INFO - DAG(s) dict_keys(['example_task_group_decorator']) retrieved from /Users/harut/opt/anaconda3/lib/python3.9/site-packages/airflow/example_dags/example_task_group_decorator.py
[2023-01-09T15:06:32.377+0400] {logging_mixin.py:137} INFO - [2023-01-09T15:06:32.376+0400] {dag.py:2676} INFO - Sync 1 DAGs
[2023-01-09T15:06:32.386+0400] {logging_mixin.py:137} INFO - [2023-01-09T15:06:32.386+0400] {dag.py:3423} INFO - Setting next_dagrun for example_task_group_decorator to 2023-01-08T11:06:32.386315+00:00, run_after=2023-01-09T11:06:32.386315+00:00
[2023-01-09T15:06:32.395+0400] {processor.py:175} INFO - Processing /Users/harut/opt/anaconda3/lib/python3.9/site-packages/airflow/example_dags/example_task_group_decorator.py took 0.421 seconds
[2023-01-09T15:07:49.157+0400] {processor.py:153} INFO - Started process (PID=14190) to work on /Users/harut/opt/anaconda3/lib/python3.9/site-packages/airflow/example_dags/example_task_group_decorator.py
[2023-01-09T15:07:49.158+0400] {processor.py:743} INFO - Processing file /Users/harut/opt/anaconda3/lib/python3.9/site-packages/airflow/example_dags/example_task_group_decorator.py for tasks to queue
[2023-01-09T15:07:49.158+0400] {logging_mixin.py:137} INFO - [2023-01-09T15:07:49.158+0400] {dagbag.py:538} INFO - Filling up the DagBag from /Users/harut/opt/anaconda3/lib/python3.9/site-packages/airflow/example_dags/example_task_group_decorator.py
[2023-01-09T15:07:49.189+0400] {processor.py:753} INFO - DAG(s) dict_keys(['example_task_group_decorator']) retrieved from /Users/harut/opt/anaconda3/lib/python3.9/site-packages/airflow/example_dags/example_task_group_decorator.py
[2023-01-09T15:07:49.550+0400] {logging_mixin.py:137} INFO - [2023-01-09T15:07:49.550+0400] {dag.py:2676} INFO - Sync 1 DAGs
[2023-01-09T15:07:49.560+0400] {logging_mixin.py:137} INFO - [2023-01-09T15:07:49.560+0400] {dag.py:3423} INFO - Setting next_dagrun for example_task_group_decorator to 2023-01-08T11:07:49.560072+00:00, run_after=2023-01-09T11:07:49.560072+00:00
[2023-01-09T15:07:49.569+0400] {processor.py:175} INFO - Processing /Users/harut/opt/anaconda3/lib/python3.9/site-packages/airflow/example_dags/example_task_group_decorator.py took 0.412 seconds
[2023-01-09T15:09:10.472+0400] {processor.py:153} INFO - Started process (PID=14233) to work on /Users/harut/opt/anaconda3/lib/python3.9/site-packages/airflow/example_dags/example_task_group_decorator.py
[2023-01-09T15:09:10.473+0400] {processor.py:743} INFO - Processing file /Users/harut/opt/anaconda3/lib/python3.9/site-packages/airflow/example_dags/example_task_group_decorator.py for tasks to queue
[2023-01-09T15:09:10.473+0400] {logging_mixin.py:137} INFO - [2023-01-09T15:09:10.473+0400] {dagbag.py:538} INFO - Filling up the DagBag from /Users/harut/opt/anaconda3/lib/python3.9/site-packages/airflow/example_dags/example_task_group_decorator.py
[2023-01-09T15:09:10.505+0400] {processor.py:753} INFO - DAG(s) dict_keys(['example_task_group_decorator']) retrieved from /Users/harut/opt/anaconda3/lib/python3.9/site-packages/airflow/example_dags/example_task_group_decorator.py
[2023-01-09T15:09:10.865+0400] {logging_mixin.py:137} INFO - [2023-01-09T15:09:10.865+0400] {dag.py:2676} INFO - Sync 1 DAGs
[2023-01-09T15:09:10.874+0400] {logging_mixin.py:137} INFO - [2023-01-09T15:09:10.874+0400] {dag.py:3423} INFO - Setting next_dagrun for example_task_group_decorator to 2023-01-08T11:09:10.874215+00:00, run_after=2023-01-09T11:09:10.874215+00:00
[2023-01-09T15:09:10.883+0400] {processor.py:175} INFO - Processing /Users/harut/opt/anaconda3/lib/python3.9/site-packages/airflow/example_dags/example_task_group_decorator.py took 0.411 seconds
[2023-01-09T15:10:30.259+0400] {processor.py:153} INFO - Started process (PID=14281) to work on /Users/harut/opt/anaconda3/lib/python3.9/site-packages/airflow/example_dags/example_task_group_decorator.py
[2023-01-09T15:10:30.259+0400] {processor.py:743} INFO - Processing file /Users/harut/opt/anaconda3/lib/python3.9/site-packages/airflow/example_dags/example_task_group_decorator.py for tasks to queue
[2023-01-09T15:10:30.260+0400] {logging_mixin.py:137} INFO - [2023-01-09T15:10:30.259+0400] {dagbag.py:538} INFO - Filling up the DagBag from /Users/harut/opt/anaconda3/lib/python3.9/site-packages/airflow/example_dags/example_task_group_decorator.py
[2023-01-09T15:10:30.291+0400] {processor.py:753} INFO - DAG(s) dict_keys(['example_task_group_decorator']) retrieved from /Users/harut/opt/anaconda3/lib/python3.9/site-packages/airflow/example_dags/example_task_group_decorator.py
[2023-01-09T15:10:30.671+0400] {logging_mixin.py:137} INFO - [2023-01-09T15:10:30.670+0400] {dag.py:2676} INFO - Sync 1 DAGs
[2023-01-09T15:10:30.680+0400] {logging_mixin.py:137} INFO - [2023-01-09T15:10:30.680+0400] {dag.py:3423} INFO - Setting next_dagrun for example_task_group_decorator to 2023-01-08T11:10:30.680313+00:00, run_after=2023-01-09T11:10:30.680313+00:00
[2023-01-09T15:10:30.689+0400] {processor.py:175} INFO - Processing /Users/harut/opt/anaconda3/lib/python3.9/site-packages/airflow/example_dags/example_task_group_decorator.py took 0.431 seconds
[2023-01-09T15:11:52.342+0400] {processor.py:153} INFO - Started process (PID=14333) to work on /Users/harut/opt/anaconda3/lib/python3.9/site-packages/airflow/example_dags/example_task_group_decorator.py
[2023-01-09T15:11:52.342+0400] {processor.py:743} INFO - Processing file /Users/harut/opt/anaconda3/lib/python3.9/site-packages/airflow/example_dags/example_task_group_decorator.py for tasks to queue
[2023-01-09T15:11:52.343+0400] {logging_mixin.py:137} INFO - [2023-01-09T15:11:52.342+0400] {dagbag.py:538} INFO - Filling up the DagBag from /Users/harut/opt/anaconda3/lib/python3.9/site-packages/airflow/example_dags/example_task_group_decorator.py
[2023-01-09T15:11:52.377+0400] {processor.py:753} INFO - DAG(s) dict_keys(['example_task_group_decorator']) retrieved from /Users/harut/opt/anaconda3/lib/python3.9/site-packages/airflow/example_dags/example_task_group_decorator.py
[2023-01-09T15:11:52.799+0400] {logging_mixin.py:137} INFO - [2023-01-09T15:11:52.799+0400] {dag.py:2676} INFO - Sync 1 DAGs
[2023-01-09T15:11:52.811+0400] {logging_mixin.py:137} INFO - [2023-01-09T15:11:52.811+0400] {dag.py:3423} INFO - Setting next_dagrun for example_task_group_decorator to 2023-01-08T11:11:52.811187+00:00, run_after=2023-01-09T11:11:52.811187+00:00
[2023-01-09T15:11:52.823+0400] {processor.py:175} INFO - Processing /Users/harut/opt/anaconda3/lib/python3.9/site-packages/airflow/example_dags/example_task_group_decorator.py took 0.481 seconds
[2023-01-09T15:13:15.546+0400] {processor.py:153} INFO - Started process (PID=14377) to work on /Users/harut/opt/anaconda3/lib/python3.9/site-packages/airflow/example_dags/example_task_group_decorator.py
[2023-01-09T15:13:15.547+0400] {processor.py:743} INFO - Processing file /Users/harut/opt/anaconda3/lib/python3.9/site-packages/airflow/example_dags/example_task_group_decorator.py for tasks to queue
[2023-01-09T15:13:15.547+0400] {logging_mixin.py:137} INFO - [2023-01-09T15:13:15.547+0400] {dagbag.py:538} INFO - Filling up the DagBag from /Users/harut/opt/anaconda3/lib/python3.9/site-packages/airflow/example_dags/example_task_group_decorator.py
[2023-01-09T15:13:15.581+0400] {processor.py:753} INFO - DAG(s) dict_keys(['example_task_group_decorator']) retrieved from /Users/harut/opt/anaconda3/lib/python3.9/site-packages/airflow/example_dags/example_task_group_decorator.py
[2023-01-09T15:13:15.983+0400] {logging_mixin.py:137} INFO - [2023-01-09T15:13:15.983+0400] {dag.py:2676} INFO - Sync 1 DAGs
[2023-01-09T15:13:15.993+0400] {logging_mixin.py:137} INFO - [2023-01-09T15:13:15.993+0400] {dag.py:3423} INFO - Setting next_dagrun for example_task_group_decorator to 2023-01-08T11:13:15.993501+00:00, run_after=2023-01-09T11:13:15.993501+00:00
[2023-01-09T15:13:16.004+0400] {processor.py:175} INFO - Processing /Users/harut/opt/anaconda3/lib/python3.9/site-packages/airflow/example_dags/example_task_group_decorator.py took 0.459 seconds
[2023-01-09T15:14:38.491+0400] {processor.py:153} INFO - Started process (PID=14439) to work on /Users/harut/opt/anaconda3/lib/python3.9/site-packages/airflow/example_dags/example_task_group_decorator.py
[2023-01-09T15:14:38.492+0400] {processor.py:743} INFO - Processing file /Users/harut/opt/anaconda3/lib/python3.9/site-packages/airflow/example_dags/example_task_group_decorator.py for tasks to queue
[2023-01-09T15:14:38.492+0400] {logging_mixin.py:137} INFO - [2023-01-09T15:14:38.492+0400] {dagbag.py:538} INFO - Filling up the DagBag from /Users/harut/opt/anaconda3/lib/python3.9/site-packages/airflow/example_dags/example_task_group_decorator.py
[2023-01-09T15:14:38.525+0400] {processor.py:753} INFO - DAG(s) dict_keys(['example_task_group_decorator']) retrieved from /Users/harut/opt/anaconda3/lib/python3.9/site-packages/airflow/example_dags/example_task_group_decorator.py
[2023-01-09T15:14:38.903+0400] {logging_mixin.py:137} INFO - [2023-01-09T15:14:38.903+0400] {dag.py:2676} INFO - Sync 1 DAGs
[2023-01-09T15:14:38.913+0400] {logging_mixin.py:137} INFO - [2023-01-09T15:14:38.913+0400] {dag.py:3423} INFO - Setting next_dagrun for example_task_group_decorator to 2023-01-08T11:14:38.913391+00:00, run_after=2023-01-09T11:14:38.913391+00:00
[2023-01-09T15:14:38.923+0400] {processor.py:175} INFO - Processing /Users/harut/opt/anaconda3/lib/python3.9/site-packages/airflow/example_dags/example_task_group_decorator.py took 0.432 seconds
[2023-01-09T15:16:02.300+0400] {processor.py:153} INFO - Started process (PID=14498) to work on /Users/harut/opt/anaconda3/lib/python3.9/site-packages/airflow/example_dags/example_task_group_decorator.py
[2023-01-09T15:16:02.301+0400] {processor.py:743} INFO - Processing file /Users/harut/opt/anaconda3/lib/python3.9/site-packages/airflow/example_dags/example_task_group_decorator.py for tasks to queue
[2023-01-09T15:16:02.301+0400] {logging_mixin.py:137} INFO - [2023-01-09T15:16:02.301+0400] {dagbag.py:538} INFO - Filling up the DagBag from /Users/harut/opt/anaconda3/lib/python3.9/site-packages/airflow/example_dags/example_task_group_decorator.py
[2023-01-09T15:16:02.336+0400] {processor.py:753} INFO - DAG(s) dict_keys(['example_task_group_decorator']) retrieved from /Users/harut/opt/anaconda3/lib/python3.9/site-packages/airflow/example_dags/example_task_group_decorator.py
[2023-01-09T15:16:02.720+0400] {logging_mixin.py:137} INFO - [2023-01-09T15:16:02.720+0400] {dag.py:2676} INFO - Sync 1 DAGs
[2023-01-09T15:16:02.730+0400] {logging_mixin.py:137} INFO - [2023-01-09T15:16:02.730+0400] {dag.py:3423} INFO - Setting next_dagrun for example_task_group_decorator to 2023-01-08T11:16:02.730362+00:00, run_after=2023-01-09T11:16:02.730362+00:00
[2023-01-09T15:16:02.740+0400] {processor.py:175} INFO - Processing /Users/harut/opt/anaconda3/lib/python3.9/site-packages/airflow/example_dags/example_task_group_decorator.py took 0.440 seconds
[2023-01-09T15:17:25.076+0400] {processor.py:153} INFO - Started process (PID=14543) to work on /Users/harut/opt/anaconda3/lib/python3.9/site-packages/airflow/example_dags/example_task_group_decorator.py
[2023-01-09T15:17:25.076+0400] {processor.py:743} INFO - Processing file /Users/harut/opt/anaconda3/lib/python3.9/site-packages/airflow/example_dags/example_task_group_decorator.py for tasks to queue
[2023-01-09T15:17:25.076+0400] {logging_mixin.py:137} INFO - [2023-01-09T15:17:25.076+0400] {dagbag.py:538} INFO - Filling up the DagBag from /Users/harut/opt/anaconda3/lib/python3.9/site-packages/airflow/example_dags/example_task_group_decorator.py
[2023-01-09T15:17:25.109+0400] {processor.py:753} INFO - DAG(s) dict_keys(['example_task_group_decorator']) retrieved from /Users/harut/opt/anaconda3/lib/python3.9/site-packages/airflow/example_dags/example_task_group_decorator.py
[2023-01-09T15:17:25.485+0400] {logging_mixin.py:137} INFO - [2023-01-09T15:17:25.485+0400] {dag.py:2676} INFO - Sync 1 DAGs
[2023-01-09T15:17:25.495+0400] {logging_mixin.py:137} INFO - [2023-01-09T15:17:25.495+0400] {dag.py:3423} INFO - Setting next_dagrun for example_task_group_decorator to 2023-01-08T11:17:25.495310+00:00, run_after=2023-01-09T11:17:25.495310+00:00
[2023-01-09T15:17:25.505+0400] {processor.py:175} INFO - Processing /Users/harut/opt/anaconda3/lib/python3.9/site-packages/airflow/example_dags/example_task_group_decorator.py took 0.429 seconds
[2023-01-09T15:18:48.023+0400] {processor.py:153} INFO - Started process (PID=14588) to work on /Users/harut/opt/anaconda3/lib/python3.9/site-packages/airflow/example_dags/example_task_group_decorator.py
[2023-01-09T15:18:48.024+0400] {processor.py:743} INFO - Processing file /Users/harut/opt/anaconda3/lib/python3.9/site-packages/airflow/example_dags/example_task_group_decorator.py for tasks to queue
[2023-01-09T15:18:48.024+0400] {logging_mixin.py:137} INFO - [2023-01-09T15:18:48.024+0400] {dagbag.py:538} INFO - Filling up the DagBag from /Users/harut/opt/anaconda3/lib/python3.9/site-packages/airflow/example_dags/example_task_group_decorator.py
[2023-01-09T15:18:48.063+0400] {processor.py:753} INFO - DAG(s) dict_keys(['example_task_group_decorator']) retrieved from /Users/harut/opt/anaconda3/lib/python3.9/site-packages/airflow/example_dags/example_task_group_decorator.py
[2023-01-09T15:18:48.496+0400] {logging_mixin.py:137} INFO - [2023-01-09T15:18:48.496+0400] {dag.py:2676} INFO - Sync 1 DAGs
[2023-01-09T15:18:48.506+0400] {logging_mixin.py:137} INFO - [2023-01-09T15:18:48.506+0400] {dag.py:3423} INFO - Setting next_dagrun for example_task_group_decorator to 2023-01-08T11:18:48.506709+00:00, run_after=2023-01-09T11:18:48.506709+00:00
[2023-01-09T15:18:48.518+0400] {processor.py:175} INFO - Processing /Users/harut/opt/anaconda3/lib/python3.9/site-packages/airflow/example_dags/example_task_group_decorator.py took 0.495 seconds
[2023-01-09T15:20:11.791+0400] {processor.py:153} INFO - Started process (PID=14639) to work on /Users/harut/opt/anaconda3/lib/python3.9/site-packages/airflow/example_dags/example_task_group_decorator.py
[2023-01-09T15:20:11.792+0400] {processor.py:743} INFO - Processing file /Users/harut/opt/anaconda3/lib/python3.9/site-packages/airflow/example_dags/example_task_group_decorator.py for tasks to queue
[2023-01-09T15:20:11.792+0400] {logging_mixin.py:137} INFO - [2023-01-09T15:20:11.792+0400] {dagbag.py:538} INFO - Filling up the DagBag from /Users/harut/opt/anaconda3/lib/python3.9/site-packages/airflow/example_dags/example_task_group_decorator.py
[2023-01-09T15:20:11.830+0400] {processor.py:753} INFO - DAG(s) dict_keys(['example_task_group_decorator']) retrieved from /Users/harut/opt/anaconda3/lib/python3.9/site-packages/airflow/example_dags/example_task_group_decorator.py
[2023-01-09T15:20:12.239+0400] {logging_mixin.py:137} INFO - [2023-01-09T15:20:12.239+0400] {dag.py:2676} INFO - Sync 1 DAGs
[2023-01-09T15:20:12.249+0400] {logging_mixin.py:137} INFO - [2023-01-09T15:20:12.249+0400] {dag.py:3423} INFO - Setting next_dagrun for example_task_group_decorator to 2023-01-08T11:20:12.249759+00:00, run_after=2023-01-09T11:20:12.249759+00:00
[2023-01-09T15:20:12.260+0400] {processor.py:175} INFO - Processing /Users/harut/opt/anaconda3/lib/python3.9/site-packages/airflow/example_dags/example_task_group_decorator.py took 0.469 seconds
[2023-01-09T15:21:34.909+0400] {processor.py:153} INFO - Started process (PID=14689) to work on /Users/harut/opt/anaconda3/lib/python3.9/site-packages/airflow/example_dags/example_task_group_decorator.py
[2023-01-09T15:21:34.910+0400] {processor.py:743} INFO - Processing file /Users/harut/opt/anaconda3/lib/python3.9/site-packages/airflow/example_dags/example_task_group_decorator.py for tasks to queue
[2023-01-09T15:21:34.910+0400] {logging_mixin.py:137} INFO - [2023-01-09T15:21:34.910+0400] {dagbag.py:538} INFO - Filling up the DagBag from /Users/harut/opt/anaconda3/lib/python3.9/site-packages/airflow/example_dags/example_task_group_decorator.py
[2023-01-09T15:21:34.946+0400] {processor.py:753} INFO - DAG(s) dict_keys(['example_task_group_decorator']) retrieved from /Users/harut/opt/anaconda3/lib/python3.9/site-packages/airflow/example_dags/example_task_group_decorator.py
[2023-01-09T15:21:35.344+0400] {logging_mixin.py:137} INFO - [2023-01-09T15:21:35.344+0400] {dag.py:2676} INFO - Sync 1 DAGs
[2023-01-09T15:21:35.355+0400] {logging_mixin.py:137} INFO - [2023-01-09T15:21:35.355+0400] {dag.py:3423} INFO - Setting next_dagrun for example_task_group_decorator to 2023-01-08T11:21:35.355169+00:00, run_after=2023-01-09T11:21:35.355169+00:00
[2023-01-09T15:21:35.365+0400] {processor.py:175} INFO - Processing /Users/harut/opt/anaconda3/lib/python3.9/site-packages/airflow/example_dags/example_task_group_decorator.py took 0.456 seconds
[2023-01-09T15:22:58.635+0400] {processor.py:153} INFO - Started process (PID=14743) to work on /Users/harut/opt/anaconda3/lib/python3.9/site-packages/airflow/example_dags/example_task_group_decorator.py
[2023-01-09T15:22:58.636+0400] {processor.py:743} INFO - Processing file /Users/harut/opt/anaconda3/lib/python3.9/site-packages/airflow/example_dags/example_task_group_decorator.py for tasks to queue
[2023-01-09T15:22:58.636+0400] {logging_mixin.py:137} INFO - [2023-01-09T15:22:58.636+0400] {dagbag.py:538} INFO - Filling up the DagBag from /Users/harut/opt/anaconda3/lib/python3.9/site-packages/airflow/example_dags/example_task_group_decorator.py
[2023-01-09T15:22:58.672+0400] {processor.py:753} INFO - DAG(s) dict_keys(['example_task_group_decorator']) retrieved from /Users/harut/opt/anaconda3/lib/python3.9/site-packages/airflow/example_dags/example_task_group_decorator.py
[2023-01-09T15:22:59.079+0400] {logging_mixin.py:137} INFO - [2023-01-09T15:22:59.079+0400] {dag.py:2676} INFO - Sync 1 DAGs
[2023-01-09T15:22:59.090+0400] {logging_mixin.py:137} INFO - [2023-01-09T15:22:59.090+0400] {dag.py:3423} INFO - Setting next_dagrun for example_task_group_decorator to 2023-01-08T11:22:59.090462+00:00, run_after=2023-01-09T11:22:59.090462+00:00
[2023-01-09T15:22:59.101+0400] {processor.py:175} INFO - Processing /Users/harut/opt/anaconda3/lib/python3.9/site-packages/airflow/example_dags/example_task_group_decorator.py took 0.466 seconds
[2023-01-09T15:24:22.454+0400] {processor.py:153} INFO - Started process (PID=14787) to work on /Users/harut/opt/anaconda3/lib/python3.9/site-packages/airflow/example_dags/example_task_group_decorator.py
[2023-01-09T15:24:22.455+0400] {processor.py:743} INFO - Processing file /Users/harut/opt/anaconda3/lib/python3.9/site-packages/airflow/example_dags/example_task_group_decorator.py for tasks to queue
[2023-01-09T15:24:22.455+0400] {logging_mixin.py:137} INFO - [2023-01-09T15:24:22.455+0400] {dagbag.py:538} INFO - Filling up the DagBag from /Users/harut/opt/anaconda3/lib/python3.9/site-packages/airflow/example_dags/example_task_group_decorator.py
[2023-01-09T15:24:22.491+0400] {processor.py:753} INFO - DAG(s) dict_keys(['example_task_group_decorator']) retrieved from /Users/harut/opt/anaconda3/lib/python3.9/site-packages/airflow/example_dags/example_task_group_decorator.py
[2023-01-09T15:24:22.903+0400] {logging_mixin.py:137} INFO - [2023-01-09T15:24:22.902+0400] {dag.py:2676} INFO - Sync 1 DAGs
[2023-01-09T15:24:22.913+0400] {logging_mixin.py:137} INFO - [2023-01-09T15:24:22.913+0400] {dag.py:3423} INFO - Setting next_dagrun for example_task_group_decorator to 2023-01-08T11:24:22.913514+00:00, run_after=2023-01-09T11:24:22.913514+00:00
[2023-01-09T15:24:22.925+0400] {processor.py:175} INFO - Processing /Users/harut/opt/anaconda3/lib/python3.9/site-packages/airflow/example_dags/example_task_group_decorator.py took 0.471 seconds
[2023-01-09T15:25:45.811+0400] {processor.py:153} INFO - Started process (PID=14833) to work on /Users/harut/opt/anaconda3/lib/python3.9/site-packages/airflow/example_dags/example_task_group_decorator.py
[2023-01-09T15:25:45.812+0400] {processor.py:743} INFO - Processing file /Users/harut/opt/anaconda3/lib/python3.9/site-packages/airflow/example_dags/example_task_group_decorator.py for tasks to queue
[2023-01-09T15:25:45.812+0400] {logging_mixin.py:137} INFO - [2023-01-09T15:25:45.812+0400] {dagbag.py:538} INFO - Filling up the DagBag from /Users/harut/opt/anaconda3/lib/python3.9/site-packages/airflow/example_dags/example_task_group_decorator.py
[2023-01-09T15:25:45.844+0400] {processor.py:753} INFO - DAG(s) dict_keys(['example_task_group_decorator']) retrieved from /Users/harut/opt/anaconda3/lib/python3.9/site-packages/airflow/example_dags/example_task_group_decorator.py
[2023-01-09T15:25:46.245+0400] {logging_mixin.py:137} INFO - [2023-01-09T15:25:46.245+0400] {dag.py:2676} INFO - Sync 1 DAGs
[2023-01-09T15:25:46.256+0400] {logging_mixin.py:137} INFO - [2023-01-09T15:25:46.256+0400] {dag.py:3423} INFO - Setting next_dagrun for example_task_group_decorator to 2023-01-08T11:25:46.256092+00:00, run_after=2023-01-09T11:25:46.256092+00:00
[2023-01-09T15:25:46.266+0400] {processor.py:175} INFO - Processing /Users/harut/opt/anaconda3/lib/python3.9/site-packages/airflow/example_dags/example_task_group_decorator.py took 0.455 seconds
[2023-01-09T15:27:09.557+0400] {processor.py:153} INFO - Started process (PID=14876) to work on /Users/harut/opt/anaconda3/lib/python3.9/site-packages/airflow/example_dags/example_task_group_decorator.py
[2023-01-09T15:27:09.557+0400] {processor.py:743} INFO - Processing file /Users/harut/opt/anaconda3/lib/python3.9/site-packages/airflow/example_dags/example_task_group_decorator.py for tasks to queue
[2023-01-09T15:27:09.558+0400] {logging_mixin.py:137} INFO - [2023-01-09T15:27:09.558+0400] {dagbag.py:538} INFO - Filling up the DagBag from /Users/harut/opt/anaconda3/lib/python3.9/site-packages/airflow/example_dags/example_task_group_decorator.py
[2023-01-09T15:27:09.590+0400] {processor.py:753} INFO - DAG(s) dict_keys(['example_task_group_decorator']) retrieved from /Users/harut/opt/anaconda3/lib/python3.9/site-packages/airflow/example_dags/example_task_group_decorator.py
[2023-01-09T15:27:09.973+0400] {logging_mixin.py:137} INFO - [2023-01-09T15:27:09.973+0400] {dag.py:2676} INFO - Sync 1 DAGs
[2023-01-09T15:27:09.983+0400] {logging_mixin.py:137} INFO - [2023-01-09T15:27:09.983+0400] {dag.py:3423} INFO - Setting next_dagrun for example_task_group_decorator to 2023-01-08T11:27:09.983186+00:00, run_after=2023-01-09T11:27:09.983186+00:00
[2023-01-09T15:27:09.994+0400] {processor.py:175} INFO - Processing /Users/harut/opt/anaconda3/lib/python3.9/site-packages/airflow/example_dags/example_task_group_decorator.py took 0.438 seconds
[2023-01-09T15:28:32.788+0400] {processor.py:153} INFO - Started process (PID=14928) to work on /Users/harut/opt/anaconda3/lib/python3.9/site-packages/airflow/example_dags/example_task_group_decorator.py
[2023-01-09T15:28:32.789+0400] {processor.py:743} INFO - Processing file /Users/harut/opt/anaconda3/lib/python3.9/site-packages/airflow/example_dags/example_task_group_decorator.py for tasks to queue
[2023-01-09T15:28:32.789+0400] {logging_mixin.py:137} INFO - [2023-01-09T15:28:32.789+0400] {dagbag.py:538} INFO - Filling up the DagBag from /Users/harut/opt/anaconda3/lib/python3.9/site-packages/airflow/example_dags/example_task_group_decorator.py
[2023-01-09T15:28:32.825+0400] {processor.py:753} INFO - DAG(s) dict_keys(['example_task_group_decorator']) retrieved from /Users/harut/opt/anaconda3/lib/python3.9/site-packages/airflow/example_dags/example_task_group_decorator.py
[2023-01-09T15:28:33.244+0400] {logging_mixin.py:137} INFO - [2023-01-09T15:28:33.243+0400] {dag.py:2676} INFO - Sync 1 DAGs
[2023-01-09T15:28:33.255+0400] {logging_mixin.py:137} INFO - [2023-01-09T15:28:33.255+0400] {dag.py:3423} INFO - Setting next_dagrun for example_task_group_decorator to 2023-01-08T11:28:33.255311+00:00, run_after=2023-01-09T11:28:33.255311+00:00
[2023-01-09T15:28:33.266+0400] {processor.py:175} INFO - Processing /Users/harut/opt/anaconda3/lib/python3.9/site-packages/airflow/example_dags/example_task_group_decorator.py took 0.478 seconds
[2023-01-09T15:29:53.595+0400] {processor.py:153} INFO - Started process (PID=14973) to work on /Users/harut/opt/anaconda3/lib/python3.9/site-packages/airflow/example_dags/example_task_group_decorator.py
[2023-01-09T15:29:53.596+0400] {processor.py:743} INFO - Processing file /Users/harut/opt/anaconda3/lib/python3.9/site-packages/airflow/example_dags/example_task_group_decorator.py for tasks to queue
[2023-01-09T15:29:53.596+0400] {logging_mixin.py:137} INFO - [2023-01-09T15:29:53.596+0400] {dagbag.py:538} INFO - Filling up the DagBag from /Users/harut/opt/anaconda3/lib/python3.9/site-packages/airflow/example_dags/example_task_group_decorator.py
[2023-01-09T15:29:53.628+0400] {processor.py:753} INFO - DAG(s) dict_keys(['example_task_group_decorator']) retrieved from /Users/harut/opt/anaconda3/lib/python3.9/site-packages/airflow/example_dags/example_task_group_decorator.py
[2023-01-09T15:29:54.022+0400] {logging_mixin.py:137} INFO - [2023-01-09T15:29:54.022+0400] {dag.py:2676} INFO - Sync 1 DAGs
[2023-01-09T15:29:54.032+0400] {logging_mixin.py:137} INFO - [2023-01-09T15:29:54.032+0400] {dag.py:3423} INFO - Setting next_dagrun for example_task_group_decorator to 2023-01-08T11:29:54.032500+00:00, run_after=2023-01-09T11:29:54.032500+00:00
[2023-01-09T15:29:54.042+0400] {processor.py:175} INFO - Processing /Users/harut/opt/anaconda3/lib/python3.9/site-packages/airflow/example_dags/example_task_group_decorator.py took 0.447 seconds
[2023-01-09T15:31:15.862+0400] {processor.py:153} INFO - Started process (PID=15021) to work on /Users/harut/opt/anaconda3/lib/python3.9/site-packages/airflow/example_dags/example_task_group_decorator.py
[2023-01-09T15:31:15.862+0400] {processor.py:743} INFO - Processing file /Users/harut/opt/anaconda3/lib/python3.9/site-packages/airflow/example_dags/example_task_group_decorator.py for tasks to queue
[2023-01-09T15:31:15.862+0400] {logging_mixin.py:137} INFO - [2023-01-09T15:31:15.862+0400] {dagbag.py:538} INFO - Filling up the DagBag from /Users/harut/opt/anaconda3/lib/python3.9/site-packages/airflow/example_dags/example_task_group_decorator.py
[2023-01-09T15:31:15.895+0400] {processor.py:753} INFO - DAG(s) dict_keys(['example_task_group_decorator']) retrieved from /Users/harut/opt/anaconda3/lib/python3.9/site-packages/airflow/example_dags/example_task_group_decorator.py
[2023-01-09T15:31:16.279+0400] {logging_mixin.py:137} INFO - [2023-01-09T15:31:16.279+0400] {dag.py:2676} INFO - Sync 1 DAGs
[2023-01-09T15:31:16.289+0400] {logging_mixin.py:137} INFO - [2023-01-09T15:31:16.289+0400] {dag.py:3423} INFO - Setting next_dagrun for example_task_group_decorator to 2023-01-08T11:31:16.289014+00:00, run_after=2023-01-09T11:31:16.289014+00:00
[2023-01-09T15:31:16.298+0400] {processor.py:175} INFO - Processing /Users/harut/opt/anaconda3/lib/python3.9/site-packages/airflow/example_dags/example_task_group_decorator.py took 0.437 seconds
[2023-01-09T15:32:39.334+0400] {processor.py:153} INFO - Started process (PID=15066) to work on /Users/harut/opt/anaconda3/lib/python3.9/site-packages/airflow/example_dags/example_task_group_decorator.py
[2023-01-09T15:32:39.335+0400] {processor.py:743} INFO - Processing file /Users/harut/opt/anaconda3/lib/python3.9/site-packages/airflow/example_dags/example_task_group_decorator.py for tasks to queue
[2023-01-09T15:32:39.335+0400] {logging_mixin.py:137} INFO - [2023-01-09T15:32:39.335+0400] {dagbag.py:538} INFO - Filling up the DagBag from /Users/harut/opt/anaconda3/lib/python3.9/site-packages/airflow/example_dags/example_task_group_decorator.py
[2023-01-09T15:32:39.368+0400] {processor.py:753} INFO - DAG(s) dict_keys(['example_task_group_decorator']) retrieved from /Users/harut/opt/anaconda3/lib/python3.9/site-packages/airflow/example_dags/example_task_group_decorator.py
[2023-01-09T15:32:39.797+0400] {logging_mixin.py:137} INFO - [2023-01-09T15:32:39.797+0400] {dag.py:2676} INFO - Sync 1 DAGs
[2023-01-09T15:32:39.808+0400] {logging_mixin.py:137} INFO - [2023-01-09T15:32:39.808+0400] {dag.py:3423} INFO - Setting next_dagrun for example_task_group_decorator to 2023-01-08T11:32:39.808054+00:00, run_after=2023-01-09T11:32:39.808054+00:00
[2023-01-09T15:32:39.824+0400] {processor.py:175} INFO - Processing /Users/harut/opt/anaconda3/lib/python3.9/site-packages/airflow/example_dags/example_task_group_decorator.py took 0.491 seconds
[2023-01-09T15:34:03.291+0400] {processor.py:153} INFO - Started process (PID=15111) to work on /Users/harut/opt/anaconda3/lib/python3.9/site-packages/airflow/example_dags/example_task_group_decorator.py
[2023-01-09T15:34:03.291+0400] {processor.py:743} INFO - Processing file /Users/harut/opt/anaconda3/lib/python3.9/site-packages/airflow/example_dags/example_task_group_decorator.py for tasks to queue
[2023-01-09T15:34:03.292+0400] {logging_mixin.py:137} INFO - [2023-01-09T15:34:03.292+0400] {dagbag.py:538} INFO - Filling up the DagBag from /Users/harut/opt/anaconda3/lib/python3.9/site-packages/airflow/example_dags/example_task_group_decorator.py
[2023-01-09T15:34:03.327+0400] {processor.py:753} INFO - DAG(s) dict_keys(['example_task_group_decorator']) retrieved from /Users/harut/opt/anaconda3/lib/python3.9/site-packages/airflow/example_dags/example_task_group_decorator.py
[2023-01-09T15:34:03.746+0400] {logging_mixin.py:137} INFO - [2023-01-09T15:34:03.746+0400] {dag.py:2676} INFO - Sync 1 DAGs
[2023-01-09T15:34:03.758+0400] {logging_mixin.py:137} INFO - [2023-01-09T15:34:03.757+0400] {dag.py:3423} INFO - Setting next_dagrun for example_task_group_decorator to 2023-01-08T11:34:03.757846+00:00, run_after=2023-01-09T11:34:03.757846+00:00
[2023-01-09T15:34:03.769+0400] {processor.py:175} INFO - Processing /Users/harut/opt/anaconda3/lib/python3.9/site-packages/airflow/example_dags/example_task_group_decorator.py took 0.479 seconds
[2023-01-09T15:35:27.546+0400] {processor.py:153} INFO - Started process (PID=15162) to work on /Users/harut/opt/anaconda3/lib/python3.9/site-packages/airflow/example_dags/example_task_group_decorator.py
[2023-01-09T15:35:27.546+0400] {processor.py:743} INFO - Processing file /Users/harut/opt/anaconda3/lib/python3.9/site-packages/airflow/example_dags/example_task_group_decorator.py for tasks to queue
[2023-01-09T15:35:27.546+0400] {logging_mixin.py:137} INFO - [2023-01-09T15:35:27.546+0400] {dagbag.py:538} INFO - Filling up the DagBag from /Users/harut/opt/anaconda3/lib/python3.9/site-packages/airflow/example_dags/example_task_group_decorator.py
[2023-01-09T15:35:27.587+0400] {processor.py:753} INFO - DAG(s) dict_keys(['example_task_group_decorator']) retrieved from /Users/harut/opt/anaconda3/lib/python3.9/site-packages/airflow/example_dags/example_task_group_decorator.py
[2023-01-09T15:35:27.996+0400] {logging_mixin.py:137} INFO - [2023-01-09T15:35:27.995+0400] {dag.py:2676} INFO - Sync 1 DAGs
[2023-01-09T15:35:28.006+0400] {logging_mixin.py:137} INFO - [2023-01-09T15:35:28.006+0400] {dag.py:3423} INFO - Setting next_dagrun for example_task_group_decorator to 2023-01-08T11:35:28.006173+00:00, run_after=2023-01-09T11:35:28.006173+00:00
[2023-01-09T15:35:28.017+0400] {processor.py:175} INFO - Processing /Users/harut/opt/anaconda3/lib/python3.9/site-packages/airflow/example_dags/example_task_group_decorator.py took 0.472 seconds
[2023-01-09T15:36:49.831+0400] {processor.py:153} INFO - Started process (PID=15223) to work on /Users/harut/opt/anaconda3/lib/python3.9/site-packages/airflow/example_dags/example_task_group_decorator.py
[2023-01-09T15:36:49.832+0400] {processor.py:743} INFO - Processing file /Users/harut/opt/anaconda3/lib/python3.9/site-packages/airflow/example_dags/example_task_group_decorator.py for tasks to queue
[2023-01-09T15:36:49.833+0400] {logging_mixin.py:137} INFO - [2023-01-09T15:36:49.833+0400] {dagbag.py:538} INFO - Filling up the DagBag from /Users/harut/opt/anaconda3/lib/python3.9/site-packages/airflow/example_dags/example_task_group_decorator.py
[2023-01-09T15:36:49.872+0400] {processor.py:753} INFO - DAG(s) dict_keys(['example_task_group_decorator']) retrieved from /Users/harut/opt/anaconda3/lib/python3.9/site-packages/airflow/example_dags/example_task_group_decorator.py
[2023-01-09T15:36:50.260+0400] {logging_mixin.py:137} INFO - [2023-01-09T15:36:50.260+0400] {dag.py:2676} INFO - Sync 1 DAGs
[2023-01-09T15:36:50.271+0400] {logging_mixin.py:137} INFO - [2023-01-09T15:36:50.271+0400] {dag.py:3423} INFO - Setting next_dagrun for example_task_group_decorator to 2023-01-08T11:36:50.271216+00:00, run_after=2023-01-09T11:36:50.271216+00:00
[2023-01-09T15:36:50.281+0400] {processor.py:175} INFO - Processing /Users/harut/opt/anaconda3/lib/python3.9/site-packages/airflow/example_dags/example_task_group_decorator.py took 0.451 seconds
[2023-01-09T15:38:12.527+0400] {processor.py:153} INFO - Started process (PID=15265) to work on /Users/harut/opt/anaconda3/lib/python3.9/site-packages/airflow/example_dags/example_task_group_decorator.py
[2023-01-09T15:38:12.528+0400] {processor.py:743} INFO - Processing file /Users/harut/opt/anaconda3/lib/python3.9/site-packages/airflow/example_dags/example_task_group_decorator.py for tasks to queue
[2023-01-09T15:38:12.528+0400] {logging_mixin.py:137} INFO - [2023-01-09T15:38:12.528+0400] {dagbag.py:538} INFO - Filling up the DagBag from /Users/harut/opt/anaconda3/lib/python3.9/site-packages/airflow/example_dags/example_task_group_decorator.py
[2023-01-09T15:38:12.561+0400] {processor.py:753} INFO - DAG(s) dict_keys(['example_task_group_decorator']) retrieved from /Users/harut/opt/anaconda3/lib/python3.9/site-packages/airflow/example_dags/example_task_group_decorator.py
[2023-01-09T15:38:12.926+0400] {logging_mixin.py:137} INFO - [2023-01-09T15:38:12.926+0400] {dag.py:2676} INFO - Sync 1 DAGs
[2023-01-09T15:38:12.935+0400] {logging_mixin.py:137} INFO - [2023-01-09T15:38:12.935+0400] {dag.py:3423} INFO - Setting next_dagrun for example_task_group_decorator to 2023-01-08T11:38:12.935763+00:00, run_after=2023-01-09T11:38:12.935763+00:00
[2023-01-09T15:38:12.945+0400] {processor.py:175} INFO - Processing /Users/harut/opt/anaconda3/lib/python3.9/site-packages/airflow/example_dags/example_task_group_decorator.py took 0.418 seconds
[2023-01-09T15:39:34.818+0400] {processor.py:153} INFO - Started process (PID=15309) to work on /Users/harut/opt/anaconda3/lib/python3.9/site-packages/airflow/example_dags/example_task_group_decorator.py
[2023-01-09T15:39:34.819+0400] {processor.py:743} INFO - Processing file /Users/harut/opt/anaconda3/lib/python3.9/site-packages/airflow/example_dags/example_task_group_decorator.py for tasks to queue
[2023-01-09T15:39:34.819+0400] {logging_mixin.py:137} INFO - [2023-01-09T15:39:34.819+0400] {dagbag.py:538} INFO - Filling up the DagBag from /Users/harut/opt/anaconda3/lib/python3.9/site-packages/airflow/example_dags/example_task_group_decorator.py
[2023-01-09T15:39:34.852+0400] {processor.py:753} INFO - DAG(s) dict_keys(['example_task_group_decorator']) retrieved from /Users/harut/opt/anaconda3/lib/python3.9/site-packages/airflow/example_dags/example_task_group_decorator.py
[2023-01-09T15:39:35.239+0400] {logging_mixin.py:137} INFO - [2023-01-09T15:39:35.239+0400] {dag.py:2676} INFO - Sync 1 DAGs
[2023-01-09T15:39:35.249+0400] {logging_mixin.py:137} INFO - [2023-01-09T15:39:35.249+0400] {dag.py:3423} INFO - Setting next_dagrun for example_task_group_decorator to 2023-01-08T11:39:35.249207+00:00, run_after=2023-01-09T11:39:35.249207+00:00
[2023-01-09T15:39:35.259+0400] {processor.py:175} INFO - Processing /Users/harut/opt/anaconda3/lib/python3.9/site-packages/airflow/example_dags/example_task_group_decorator.py took 0.441 seconds
[2023-01-09T15:40:55.086+0400] {processor.py:153} INFO - Started process (PID=15363) to work on /Users/harut/opt/anaconda3/lib/python3.9/site-packages/airflow/example_dags/example_task_group_decorator.py
[2023-01-09T15:40:55.087+0400] {processor.py:743} INFO - Processing file /Users/harut/opt/anaconda3/lib/python3.9/site-packages/airflow/example_dags/example_task_group_decorator.py for tasks to queue
[2023-01-09T15:40:55.087+0400] {logging_mixin.py:137} INFO - [2023-01-09T15:40:55.087+0400] {dagbag.py:538} INFO - Filling up the DagBag from /Users/harut/opt/anaconda3/lib/python3.9/site-packages/airflow/example_dags/example_task_group_decorator.py
[2023-01-09T15:40:55.118+0400] {processor.py:753} INFO - DAG(s) dict_keys(['example_task_group_decorator']) retrieved from /Users/harut/opt/anaconda3/lib/python3.9/site-packages/airflow/example_dags/example_task_group_decorator.py
[2023-01-09T15:40:55.497+0400] {logging_mixin.py:137} INFO - [2023-01-09T15:40:55.496+0400] {dag.py:2676} INFO - Sync 1 DAGs
[2023-01-09T15:40:55.506+0400] {logging_mixin.py:137} INFO - [2023-01-09T15:40:55.506+0400] {dag.py:3423} INFO - Setting next_dagrun for example_task_group_decorator to 2023-01-08T11:40:55.506227+00:00, run_after=2023-01-09T11:40:55.506227+00:00
[2023-01-09T15:40:55.516+0400] {processor.py:175} INFO - Processing /Users/harut/opt/anaconda3/lib/python3.9/site-packages/airflow/example_dags/example_task_group_decorator.py took 0.430 seconds
