[2023-01-09T14:17:37.912+0400] {processor.py:153} INFO - Started process (PID=12433) to work on /Users/harut/opt/anaconda3/lib/python3.9/site-packages/airflow/example_dags/example_branch_operator.py
[2023-01-09T14:17:37.913+0400] {processor.py:743} INFO - Processing file /Users/harut/opt/anaconda3/lib/python3.9/site-packages/airflow/example_dags/example_branch_operator.py for tasks to queue
[2023-01-09T14:17:37.913+0400] {logging_mixin.py:137} INFO - [2023-01-09T14:17:37.913+0400] {dagbag.py:538} INFO - Filling up the DagBag from /Users/harut/opt/anaconda3/lib/python3.9/site-packages/airflow/example_dags/example_branch_operator.py
[2023-01-09T14:17:37.938+0400] {processor.py:753} INFO - DAG(s) dict_keys(['example_branch_operator']) retrieved from /Users/harut/opt/anaconda3/lib/python3.9/site-packages/airflow/example_dags/example_branch_operator.py
[2023-01-09T14:17:38.327+0400] {logging_mixin.py:137} INFO - [2023-01-09T14:17:38.327+0400] {dag.py:2676} INFO - Sync 1 DAGs
[2023-01-09T14:17:38.337+0400] {logging_mixin.py:137} INFO - [2023-01-09T14:17:38.337+0400] {dag.py:3423} INFO - Setting next_dagrun for example_branch_operator to 2023-01-08T00:00:00+00:00, run_after=2023-01-09T00:00:00+00:00
[2023-01-09T14:17:38.347+0400] {processor.py:175} INFO - Processing /Users/harut/opt/anaconda3/lib/python3.9/site-packages/airflow/example_dags/example_branch_operator.py took 0.435 seconds
[2023-01-09T14:20:03.795+0400] {processor.py:153} INFO - Started process (PID=12526) to work on /Users/harut/opt/anaconda3/lib/python3.9/site-packages/airflow/example_dags/example_branch_operator.py
[2023-01-09T14:20:03.796+0400] {processor.py:743} INFO - Processing file /Users/harut/opt/anaconda3/lib/python3.9/site-packages/airflow/example_dags/example_branch_operator.py for tasks to queue
[2023-01-09T14:20:03.796+0400] {logging_mixin.py:137} INFO - [2023-01-09T14:20:03.796+0400] {dagbag.py:538} INFO - Filling up the DagBag from /Users/harut/opt/anaconda3/lib/python3.9/site-packages/airflow/example_dags/example_branch_operator.py
[2023-01-09T14:20:03.822+0400] {processor.py:753} INFO - DAG(s) dict_keys(['example_branch_operator']) retrieved from /Users/harut/opt/anaconda3/lib/python3.9/site-packages/airflow/example_dags/example_branch_operator.py
[2023-01-09T14:20:04.186+0400] {logging_mixin.py:137} INFO - [2023-01-09T14:20:04.186+0400] {dag.py:2676} INFO - Sync 1 DAGs
[2023-01-09T14:20:04.196+0400] {logging_mixin.py:137} INFO - [2023-01-09T14:20:04.196+0400] {dag.py:3423} INFO - Setting next_dagrun for example_branch_operator to 2023-01-08T00:00:00+00:00, run_after=2023-01-09T00:00:00+00:00
[2023-01-09T14:20:04.206+0400] {processor.py:175} INFO - Processing /Users/harut/opt/anaconda3/lib/python3.9/site-packages/airflow/example_dags/example_branch_operator.py took 0.411 seconds
[2023-01-09T14:21:17.980+0400] {processor.py:153} INFO - Started process (PID=12566) to work on /Users/harut/opt/anaconda3/lib/python3.9/site-packages/airflow/example_dags/example_branch_operator.py
[2023-01-09T14:21:17.981+0400] {processor.py:743} INFO - Processing file /Users/harut/opt/anaconda3/lib/python3.9/site-packages/airflow/example_dags/example_branch_operator.py for tasks to queue
[2023-01-09T14:21:17.981+0400] {logging_mixin.py:137} INFO - [2023-01-09T14:21:17.981+0400] {dagbag.py:538} INFO - Filling up the DagBag from /Users/harut/opt/anaconda3/lib/python3.9/site-packages/airflow/example_dags/example_branch_operator.py
[2023-01-09T14:21:18.006+0400] {processor.py:753} INFO - DAG(s) dict_keys(['example_branch_operator']) retrieved from /Users/harut/opt/anaconda3/lib/python3.9/site-packages/airflow/example_dags/example_branch_operator.py
[2023-01-09T14:21:18.381+0400] {logging_mixin.py:137} INFO - [2023-01-09T14:21:18.381+0400] {dag.py:2676} INFO - Sync 1 DAGs
[2023-01-09T14:21:18.390+0400] {logging_mixin.py:137} INFO - [2023-01-09T14:21:18.390+0400] {dag.py:3423} INFO - Setting next_dagrun for example_branch_operator to 2023-01-08T00:00:00+00:00, run_after=2023-01-09T00:00:00+00:00
[2023-01-09T14:21:18.399+0400] {processor.py:175} INFO - Processing /Users/harut/opt/anaconda3/lib/python3.9/site-packages/airflow/example_dags/example_branch_operator.py took 0.420 seconds
[2023-01-09T14:22:32.179+0400] {processor.py:153} INFO - Started process (PID=12618) to work on /Users/harut/opt/anaconda3/lib/python3.9/site-packages/airflow/example_dags/example_branch_operator.py
[2023-01-09T14:22:32.179+0400] {processor.py:743} INFO - Processing file /Users/harut/opt/anaconda3/lib/python3.9/site-packages/airflow/example_dags/example_branch_operator.py for tasks to queue
[2023-01-09T14:22:32.180+0400] {logging_mixin.py:137} INFO - [2023-01-09T14:22:32.179+0400] {dagbag.py:538} INFO - Filling up the DagBag from /Users/harut/opt/anaconda3/lib/python3.9/site-packages/airflow/example_dags/example_branch_operator.py
[2023-01-09T14:22:32.204+0400] {processor.py:753} INFO - DAG(s) dict_keys(['example_branch_operator']) retrieved from /Users/harut/opt/anaconda3/lib/python3.9/site-packages/airflow/example_dags/example_branch_operator.py
[2023-01-09T14:22:32.563+0400] {logging_mixin.py:137} INFO - [2023-01-09T14:22:32.563+0400] {dag.py:2676} INFO - Sync 1 DAGs
[2023-01-09T14:22:32.573+0400] {logging_mixin.py:137} INFO - [2023-01-09T14:22:32.572+0400] {dag.py:3423} INFO - Setting next_dagrun for example_branch_operator to 2023-01-08T00:00:00+00:00, run_after=2023-01-09T00:00:00+00:00
[2023-01-09T14:22:32.583+0400] {processor.py:175} INFO - Processing /Users/harut/opt/anaconda3/lib/python3.9/site-packages/airflow/example_dags/example_branch_operator.py took 0.405 seconds
[2023-01-09T14:23:48.500+0400] {processor.py:153} INFO - Started process (PID=12661) to work on /Users/harut/opt/anaconda3/lib/python3.9/site-packages/airflow/example_dags/example_branch_operator.py
[2023-01-09T14:23:48.501+0400] {processor.py:743} INFO - Processing file /Users/harut/opt/anaconda3/lib/python3.9/site-packages/airflow/example_dags/example_branch_operator.py for tasks to queue
[2023-01-09T14:23:48.501+0400] {logging_mixin.py:137} INFO - [2023-01-09T14:23:48.501+0400] {dagbag.py:538} INFO - Filling up the DagBag from /Users/harut/opt/anaconda3/lib/python3.9/site-packages/airflow/example_dags/example_branch_operator.py
[2023-01-09T14:23:48.528+0400] {processor.py:753} INFO - DAG(s) dict_keys(['example_branch_operator']) retrieved from /Users/harut/opt/anaconda3/lib/python3.9/site-packages/airflow/example_dags/example_branch_operator.py
[2023-01-09T14:23:48.928+0400] {logging_mixin.py:137} INFO - [2023-01-09T14:23:48.928+0400] {dag.py:2676} INFO - Sync 1 DAGs
[2023-01-09T14:23:48.938+0400] {logging_mixin.py:137} INFO - [2023-01-09T14:23:48.938+0400] {dag.py:3423} INFO - Setting next_dagrun for example_branch_operator to 2023-01-08T00:00:00+00:00, run_after=2023-01-09T00:00:00+00:00
[2023-01-09T14:23:48.948+0400] {processor.py:175} INFO - Processing /Users/harut/opt/anaconda3/lib/python3.9/site-packages/airflow/example_dags/example_branch_operator.py took 0.449 seconds
[2023-01-09T14:25:09.077+0400] {processor.py:153} INFO - Started process (PID=12703) to work on /Users/harut/opt/anaconda3/lib/python3.9/site-packages/airflow/example_dags/example_branch_operator.py
[2023-01-09T14:25:09.077+0400] {processor.py:743} INFO - Processing file /Users/harut/opt/anaconda3/lib/python3.9/site-packages/airflow/example_dags/example_branch_operator.py for tasks to queue
[2023-01-09T14:25:09.078+0400] {logging_mixin.py:137} INFO - [2023-01-09T14:25:09.078+0400] {dagbag.py:538} INFO - Filling up the DagBag from /Users/harut/opt/anaconda3/lib/python3.9/site-packages/airflow/example_dags/example_branch_operator.py
[2023-01-09T14:25:09.103+0400] {processor.py:753} INFO - DAG(s) dict_keys(['example_branch_operator']) retrieved from /Users/harut/opt/anaconda3/lib/python3.9/site-packages/airflow/example_dags/example_branch_operator.py
[2023-01-09T14:25:09.476+0400] {logging_mixin.py:137} INFO - [2023-01-09T14:25:09.476+0400] {dag.py:2676} INFO - Sync 1 DAGs
[2023-01-09T14:25:09.486+0400] {logging_mixin.py:137} INFO - [2023-01-09T14:25:09.486+0400] {dag.py:3423} INFO - Setting next_dagrun for example_branch_operator to 2023-01-08T00:00:00+00:00, run_after=2023-01-09T00:00:00+00:00
[2023-01-09T14:25:09.496+0400] {processor.py:175} INFO - Processing /Users/harut/opt/anaconda3/lib/python3.9/site-packages/airflow/example_dags/example_branch_operator.py took 0.420 seconds
[2023-01-09T14:26:26.723+0400] {processor.py:153} INFO - Started process (PID=12747) to work on /Users/harut/opt/anaconda3/lib/python3.9/site-packages/airflow/example_dags/example_branch_operator.py
[2023-01-09T14:26:26.724+0400] {processor.py:743} INFO - Processing file /Users/harut/opt/anaconda3/lib/python3.9/site-packages/airflow/example_dags/example_branch_operator.py for tasks to queue
[2023-01-09T14:26:26.724+0400] {logging_mixin.py:137} INFO - [2023-01-09T14:26:26.724+0400] {dagbag.py:538} INFO - Filling up the DagBag from /Users/harut/opt/anaconda3/lib/python3.9/site-packages/airflow/example_dags/example_branch_operator.py
[2023-01-09T14:26:26.749+0400] {processor.py:753} INFO - DAG(s) dict_keys(['example_branch_operator']) retrieved from /Users/harut/opt/anaconda3/lib/python3.9/site-packages/airflow/example_dags/example_branch_operator.py
[2023-01-09T14:26:27.111+0400] {logging_mixin.py:137} INFO - [2023-01-09T14:26:27.111+0400] {dag.py:2676} INFO - Sync 1 DAGs
[2023-01-09T14:26:27.121+0400] {logging_mixin.py:137} INFO - [2023-01-09T14:26:27.121+0400] {dag.py:3423} INFO - Setting next_dagrun for example_branch_operator to 2023-01-08T00:00:00+00:00, run_after=2023-01-09T00:00:00+00:00
[2023-01-09T14:26:27.131+0400] {processor.py:175} INFO - Processing /Users/harut/opt/anaconda3/lib/python3.9/site-packages/airflow/example_dags/example_branch_operator.py took 0.408 seconds
[2023-01-09T14:27:43.990+0400] {processor.py:153} INFO - Started process (PID=12791) to work on /Users/harut/opt/anaconda3/lib/python3.9/site-packages/airflow/example_dags/example_branch_operator.py
[2023-01-09T14:27:43.991+0400] {processor.py:743} INFO - Processing file /Users/harut/opt/anaconda3/lib/python3.9/site-packages/airflow/example_dags/example_branch_operator.py for tasks to queue
[2023-01-09T14:27:43.991+0400] {logging_mixin.py:137} INFO - [2023-01-09T14:27:43.991+0400] {dagbag.py:538} INFO - Filling up the DagBag from /Users/harut/opt/anaconda3/lib/python3.9/site-packages/airflow/example_dags/example_branch_operator.py
[2023-01-09T14:27:44.016+0400] {processor.py:753} INFO - DAG(s) dict_keys(['example_branch_operator']) retrieved from /Users/harut/opt/anaconda3/lib/python3.9/site-packages/airflow/example_dags/example_branch_operator.py
[2023-01-09T14:27:44.381+0400] {logging_mixin.py:137} INFO - [2023-01-09T14:27:44.381+0400] {dag.py:2676} INFO - Sync 1 DAGs
[2023-01-09T14:27:44.391+0400] {logging_mixin.py:137} INFO - [2023-01-09T14:27:44.390+0400] {dag.py:3423} INFO - Setting next_dagrun for example_branch_operator to 2023-01-08T00:00:00+00:00, run_after=2023-01-09T00:00:00+00:00
[2023-01-09T14:27:44.401+0400] {processor.py:175} INFO - Processing /Users/harut/opt/anaconda3/lib/python3.9/site-packages/airflow/example_dags/example_branch_operator.py took 0.411 seconds
[2023-01-09T14:29:01.288+0400] {processor.py:153} INFO - Started process (PID=12835) to work on /Users/harut/opt/anaconda3/lib/python3.9/site-packages/airflow/example_dags/example_branch_operator.py
[2023-01-09T14:29:01.289+0400] {processor.py:743} INFO - Processing file /Users/harut/opt/anaconda3/lib/python3.9/site-packages/airflow/example_dags/example_branch_operator.py for tasks to queue
[2023-01-09T14:29:01.289+0400] {logging_mixin.py:137} INFO - [2023-01-09T14:29:01.289+0400] {dagbag.py:538} INFO - Filling up the DagBag from /Users/harut/opt/anaconda3/lib/python3.9/site-packages/airflow/example_dags/example_branch_operator.py
[2023-01-09T14:29:01.314+0400] {processor.py:753} INFO - DAG(s) dict_keys(['example_branch_operator']) retrieved from /Users/harut/opt/anaconda3/lib/python3.9/site-packages/airflow/example_dags/example_branch_operator.py
[2023-01-09T14:29:01.686+0400] {logging_mixin.py:137} INFO - [2023-01-09T14:29:01.686+0400] {dag.py:2676} INFO - Sync 1 DAGs
[2023-01-09T14:29:01.696+0400] {logging_mixin.py:137} INFO - [2023-01-09T14:29:01.696+0400] {dag.py:3423} INFO - Setting next_dagrun for example_branch_operator to 2023-01-08T00:00:00+00:00, run_after=2023-01-09T00:00:00+00:00
[2023-01-09T14:29:01.706+0400] {processor.py:175} INFO - Processing /Users/harut/opt/anaconda3/lib/python3.9/site-packages/airflow/example_dags/example_branch_operator.py took 0.419 seconds
[2023-01-09T14:30:16.875+0400] {processor.py:153} INFO - Started process (PID=12877) to work on /Users/harut/opt/anaconda3/lib/python3.9/site-packages/airflow/example_dags/example_branch_operator.py
[2023-01-09T14:30:16.876+0400] {processor.py:743} INFO - Processing file /Users/harut/opt/anaconda3/lib/python3.9/site-packages/airflow/example_dags/example_branch_operator.py for tasks to queue
[2023-01-09T14:30:16.876+0400] {logging_mixin.py:137} INFO - [2023-01-09T14:30:16.876+0400] {dagbag.py:538} INFO - Filling up the DagBag from /Users/harut/opt/anaconda3/lib/python3.9/site-packages/airflow/example_dags/example_branch_operator.py
[2023-01-09T14:30:16.903+0400] {processor.py:753} INFO - DAG(s) dict_keys(['example_branch_operator']) retrieved from /Users/harut/opt/anaconda3/lib/python3.9/site-packages/airflow/example_dags/example_branch_operator.py
[2023-01-09T14:30:17.280+0400] {logging_mixin.py:137} INFO - [2023-01-09T14:30:17.280+0400] {dag.py:2676} INFO - Sync 1 DAGs
[2023-01-09T14:30:17.290+0400] {logging_mixin.py:137} INFO - [2023-01-09T14:30:17.290+0400] {dag.py:3423} INFO - Setting next_dagrun for example_branch_operator to 2023-01-08T00:00:00+00:00, run_after=2023-01-09T00:00:00+00:00
[2023-01-09T14:30:17.300+0400] {processor.py:175} INFO - Processing /Users/harut/opt/anaconda3/lib/python3.9/site-packages/airflow/example_dags/example_branch_operator.py took 0.425 seconds
[2023-01-09T14:31:32.796+0400] {processor.py:153} INFO - Started process (PID=12922) to work on /Users/harut/opt/anaconda3/lib/python3.9/site-packages/airflow/example_dags/example_branch_operator.py
[2023-01-09T14:31:32.796+0400] {processor.py:743} INFO - Processing file /Users/harut/opt/anaconda3/lib/python3.9/site-packages/airflow/example_dags/example_branch_operator.py for tasks to queue
[2023-01-09T14:31:32.796+0400] {logging_mixin.py:137} INFO - [2023-01-09T14:31:32.796+0400] {dagbag.py:538} INFO - Filling up the DagBag from /Users/harut/opt/anaconda3/lib/python3.9/site-packages/airflow/example_dags/example_branch_operator.py
[2023-01-09T14:31:32.821+0400] {processor.py:753} INFO - DAG(s) dict_keys(['example_branch_operator']) retrieved from /Users/harut/opt/anaconda3/lib/python3.9/site-packages/airflow/example_dags/example_branch_operator.py
[2023-01-09T14:31:33.180+0400] {logging_mixin.py:137} INFO - [2023-01-09T14:31:33.180+0400] {dag.py:2676} INFO - Sync 1 DAGs
[2023-01-09T14:31:33.190+0400] {logging_mixin.py:137} INFO - [2023-01-09T14:31:33.190+0400] {dag.py:3423} INFO - Setting next_dagrun for example_branch_operator to 2023-01-08T00:00:00+00:00, run_after=2023-01-09T00:00:00+00:00
[2023-01-09T14:31:33.200+0400] {processor.py:175} INFO - Processing /Users/harut/opt/anaconda3/lib/python3.9/site-packages/airflow/example_dags/example_branch_operator.py took 0.405 seconds
[2023-01-09T14:32:48.946+0400] {processor.py:153} INFO - Started process (PID=12973) to work on /Users/harut/opt/anaconda3/lib/python3.9/site-packages/airflow/example_dags/example_branch_operator.py
[2023-01-09T14:32:48.947+0400] {processor.py:743} INFO - Processing file /Users/harut/opt/anaconda3/lib/python3.9/site-packages/airflow/example_dags/example_branch_operator.py for tasks to queue
[2023-01-09T14:32:48.947+0400] {logging_mixin.py:137} INFO - [2023-01-09T14:32:48.947+0400] {dagbag.py:538} INFO - Filling up the DagBag from /Users/harut/opt/anaconda3/lib/python3.9/site-packages/airflow/example_dags/example_branch_operator.py
[2023-01-09T14:32:48.972+0400] {processor.py:753} INFO - DAG(s) dict_keys(['example_branch_operator']) retrieved from /Users/harut/opt/anaconda3/lib/python3.9/site-packages/airflow/example_dags/example_branch_operator.py
[2023-01-09T14:32:49.340+0400] {logging_mixin.py:137} INFO - [2023-01-09T14:32:49.340+0400] {dag.py:2676} INFO - Sync 1 DAGs
[2023-01-09T14:32:49.350+0400] {logging_mixin.py:137} INFO - [2023-01-09T14:32:49.350+0400] {dag.py:3423} INFO - Setting next_dagrun for example_branch_operator to 2023-01-08T00:00:00+00:00, run_after=2023-01-09T00:00:00+00:00
[2023-01-09T14:32:49.361+0400] {processor.py:175} INFO - Processing /Users/harut/opt/anaconda3/lib/python3.9/site-packages/airflow/example_dags/example_branch_operator.py took 0.415 seconds
[2023-01-09T14:34:06.394+0400] {processor.py:153} INFO - Started process (PID=13023) to work on /Users/harut/opt/anaconda3/lib/python3.9/site-packages/airflow/example_dags/example_branch_operator.py
[2023-01-09T14:34:06.395+0400] {processor.py:743} INFO - Processing file /Users/harut/opt/anaconda3/lib/python3.9/site-packages/airflow/example_dags/example_branch_operator.py for tasks to queue
[2023-01-09T14:34:06.395+0400] {logging_mixin.py:137} INFO - [2023-01-09T14:34:06.395+0400] {dagbag.py:538} INFO - Filling up the DagBag from /Users/harut/opt/anaconda3/lib/python3.9/site-packages/airflow/example_dags/example_branch_operator.py
[2023-01-09T14:34:06.423+0400] {processor.py:753} INFO - DAG(s) dict_keys(['example_branch_operator']) retrieved from /Users/harut/opt/anaconda3/lib/python3.9/site-packages/airflow/example_dags/example_branch_operator.py
[2023-01-09T14:34:06.831+0400] {logging_mixin.py:137} INFO - [2023-01-09T14:34:06.830+0400] {dag.py:2676} INFO - Sync 1 DAGs
[2023-01-09T14:34:06.842+0400] {logging_mixin.py:137} INFO - [2023-01-09T14:34:06.842+0400] {dag.py:3423} INFO - Setting next_dagrun for example_branch_operator to 2023-01-08T00:00:00+00:00, run_after=2023-01-09T00:00:00+00:00
[2023-01-09T14:34:06.854+0400] {processor.py:175} INFO - Processing /Users/harut/opt/anaconda3/lib/python3.9/site-packages/airflow/example_dags/example_branch_operator.py took 0.460 seconds
[2023-01-09T14:35:23.718+0400] {processor.py:153} INFO - Started process (PID=13070) to work on /Users/harut/opt/anaconda3/lib/python3.9/site-packages/airflow/example_dags/example_branch_operator.py
[2023-01-09T14:35:23.718+0400] {processor.py:743} INFO - Processing file /Users/harut/opt/anaconda3/lib/python3.9/site-packages/airflow/example_dags/example_branch_operator.py for tasks to queue
[2023-01-09T14:35:23.718+0400] {logging_mixin.py:137} INFO - [2023-01-09T14:35:23.718+0400] {dagbag.py:538} INFO - Filling up the DagBag from /Users/harut/opt/anaconda3/lib/python3.9/site-packages/airflow/example_dags/example_branch_operator.py
[2023-01-09T14:35:23.743+0400] {processor.py:753} INFO - DAG(s) dict_keys(['example_branch_operator']) retrieved from /Users/harut/opt/anaconda3/lib/python3.9/site-packages/airflow/example_dags/example_branch_operator.py
[2023-01-09T14:35:24.110+0400] {logging_mixin.py:137} INFO - [2023-01-09T14:35:24.110+0400] {dag.py:2676} INFO - Sync 1 DAGs
[2023-01-09T14:35:24.120+0400] {logging_mixin.py:137} INFO - [2023-01-09T14:35:24.120+0400] {dag.py:3423} INFO - Setting next_dagrun for example_branch_operator to 2023-01-08T00:00:00+00:00, run_after=2023-01-09T00:00:00+00:00
[2023-01-09T14:35:24.130+0400] {processor.py:175} INFO - Processing /Users/harut/opt/anaconda3/lib/python3.9/site-packages/airflow/example_dags/example_branch_operator.py took 0.413 seconds
[2023-01-09T14:36:41.640+0400] {processor.py:153} INFO - Started process (PID=13115) to work on /Users/harut/opt/anaconda3/lib/python3.9/site-packages/airflow/example_dags/example_branch_operator.py
[2023-01-09T14:36:41.641+0400] {processor.py:743} INFO - Processing file /Users/harut/opt/anaconda3/lib/python3.9/site-packages/airflow/example_dags/example_branch_operator.py for tasks to queue
[2023-01-09T14:36:41.641+0400] {logging_mixin.py:137} INFO - [2023-01-09T14:36:41.641+0400] {dagbag.py:538} INFO - Filling up the DagBag from /Users/harut/opt/anaconda3/lib/python3.9/site-packages/airflow/example_dags/example_branch_operator.py
[2023-01-09T14:36:41.667+0400] {processor.py:753} INFO - DAG(s) dict_keys(['example_branch_operator']) retrieved from /Users/harut/opt/anaconda3/lib/python3.9/site-packages/airflow/example_dags/example_branch_operator.py
[2023-01-09T14:36:42.063+0400] {logging_mixin.py:137} INFO - [2023-01-09T14:36:42.062+0400] {dag.py:2676} INFO - Sync 1 DAGs
[2023-01-09T14:36:42.073+0400] {logging_mixin.py:137} INFO - [2023-01-09T14:36:42.073+0400] {dag.py:3423} INFO - Setting next_dagrun for example_branch_operator to 2023-01-08T00:00:00+00:00, run_after=2023-01-09T00:00:00+00:00
[2023-01-09T14:36:42.083+0400] {processor.py:175} INFO - Processing /Users/harut/opt/anaconda3/lib/python3.9/site-packages/airflow/example_dags/example_branch_operator.py took 0.443 seconds
[2023-01-09T14:37:57.890+0400] {processor.py:153} INFO - Started process (PID=13160) to work on /Users/harut/opt/anaconda3/lib/python3.9/site-packages/airflow/example_dags/example_branch_operator.py
[2023-01-09T14:37:57.890+0400] {processor.py:743} INFO - Processing file /Users/harut/opt/anaconda3/lib/python3.9/site-packages/airflow/example_dags/example_branch_operator.py for tasks to queue
[2023-01-09T14:37:57.891+0400] {logging_mixin.py:137} INFO - [2023-01-09T14:37:57.891+0400] {dagbag.py:538} INFO - Filling up the DagBag from /Users/harut/opt/anaconda3/lib/python3.9/site-packages/airflow/example_dags/example_branch_operator.py
[2023-01-09T14:37:57.916+0400] {processor.py:753} INFO - DAG(s) dict_keys(['example_branch_operator']) retrieved from /Users/harut/opt/anaconda3/lib/python3.9/site-packages/airflow/example_dags/example_branch_operator.py
[2023-01-09T14:37:58.287+0400] {logging_mixin.py:137} INFO - [2023-01-09T14:37:58.286+0400] {dag.py:2676} INFO - Sync 1 DAGs
[2023-01-09T14:37:58.296+0400] {logging_mixin.py:137} INFO - [2023-01-09T14:37:58.296+0400] {dag.py:3423} INFO - Setting next_dagrun for example_branch_operator to 2023-01-08T00:00:00+00:00, run_after=2023-01-09T00:00:00+00:00
[2023-01-09T14:37:58.306+0400] {processor.py:175} INFO - Processing /Users/harut/opt/anaconda3/lib/python3.9/site-packages/airflow/example_dags/example_branch_operator.py took 0.417 seconds
[2023-01-09T14:39:15.266+0400] {processor.py:153} INFO - Started process (PID=13202) to work on /Users/harut/opt/anaconda3/lib/python3.9/site-packages/airflow/example_dags/example_branch_operator.py
[2023-01-09T14:39:15.266+0400] {processor.py:743} INFO - Processing file /Users/harut/opt/anaconda3/lib/python3.9/site-packages/airflow/example_dags/example_branch_operator.py for tasks to queue
[2023-01-09T14:39:15.266+0400] {logging_mixin.py:137} INFO - [2023-01-09T14:39:15.266+0400] {dagbag.py:538} INFO - Filling up the DagBag from /Users/harut/opt/anaconda3/lib/python3.9/site-packages/airflow/example_dags/example_branch_operator.py
[2023-01-09T14:39:15.292+0400] {processor.py:753} INFO - DAG(s) dict_keys(['example_branch_operator']) retrieved from /Users/harut/opt/anaconda3/lib/python3.9/site-packages/airflow/example_dags/example_branch_operator.py
[2023-01-09T14:39:15.660+0400] {logging_mixin.py:137} INFO - [2023-01-09T14:39:15.660+0400] {dag.py:2676} INFO - Sync 1 DAGs
[2023-01-09T14:39:15.669+0400] {logging_mixin.py:137} INFO - [2023-01-09T14:39:15.669+0400] {dag.py:3423} INFO - Setting next_dagrun for example_branch_operator to 2023-01-08T00:00:00+00:00, run_after=2023-01-09T00:00:00+00:00
[2023-01-09T14:39:15.679+0400] {processor.py:175} INFO - Processing /Users/harut/opt/anaconda3/lib/python3.9/site-packages/airflow/example_dags/example_branch_operator.py took 0.414 seconds
[2023-01-09T14:40:32.470+0400] {processor.py:153} INFO - Started process (PID=13247) to work on /Users/harut/opt/anaconda3/lib/python3.9/site-packages/airflow/example_dags/example_branch_operator.py
[2023-01-09T14:40:32.471+0400] {processor.py:743} INFO - Processing file /Users/harut/opt/anaconda3/lib/python3.9/site-packages/airflow/example_dags/example_branch_operator.py for tasks to queue
[2023-01-09T14:40:32.471+0400] {logging_mixin.py:137} INFO - [2023-01-09T14:40:32.471+0400] {dagbag.py:538} INFO - Filling up the DagBag from /Users/harut/opt/anaconda3/lib/python3.9/site-packages/airflow/example_dags/example_branch_operator.py
[2023-01-09T14:40:32.504+0400] {processor.py:753} INFO - DAG(s) dict_keys(['example_branch_operator']) retrieved from /Users/harut/opt/anaconda3/lib/python3.9/site-packages/airflow/example_dags/example_branch_operator.py
[2023-01-09T14:40:32.932+0400] {logging_mixin.py:137} INFO - [2023-01-09T14:40:32.932+0400] {dag.py:2676} INFO - Sync 1 DAGs
[2023-01-09T14:40:32.943+0400] {logging_mixin.py:137} INFO - [2023-01-09T14:40:32.943+0400] {dag.py:3423} INFO - Setting next_dagrun for example_branch_operator to 2023-01-08T00:00:00+00:00, run_after=2023-01-09T00:00:00+00:00
[2023-01-09T14:40:32.955+0400] {processor.py:175} INFO - Processing /Users/harut/opt/anaconda3/lib/python3.9/site-packages/airflow/example_dags/example_branch_operator.py took 0.486 seconds
[2023-01-09T14:41:48.049+0400] {processor.py:153} INFO - Started process (PID=13293) to work on /Users/harut/opt/anaconda3/lib/python3.9/site-packages/airflow/example_dags/example_branch_operator.py
[2023-01-09T14:41:48.049+0400] {processor.py:743} INFO - Processing file /Users/harut/opt/anaconda3/lib/python3.9/site-packages/airflow/example_dags/example_branch_operator.py for tasks to queue
[2023-01-09T14:41:48.050+0400] {logging_mixin.py:137} INFO - [2023-01-09T14:41:48.050+0400] {dagbag.py:538} INFO - Filling up the DagBag from /Users/harut/opt/anaconda3/lib/python3.9/site-packages/airflow/example_dags/example_branch_operator.py
[2023-01-09T14:41:48.075+0400] {processor.py:753} INFO - DAG(s) dict_keys(['example_branch_operator']) retrieved from /Users/harut/opt/anaconda3/lib/python3.9/site-packages/airflow/example_dags/example_branch_operator.py
[2023-01-09T14:41:48.444+0400] {logging_mixin.py:137} INFO - [2023-01-09T14:41:48.444+0400] {dag.py:2676} INFO - Sync 1 DAGs
[2023-01-09T14:41:48.454+0400] {logging_mixin.py:137} INFO - [2023-01-09T14:41:48.454+0400] {dag.py:3423} INFO - Setting next_dagrun for example_branch_operator to 2023-01-08T00:00:00+00:00, run_after=2023-01-09T00:00:00+00:00
[2023-01-09T14:41:48.464+0400] {processor.py:175} INFO - Processing /Users/harut/opt/anaconda3/lib/python3.9/site-packages/airflow/example_dags/example_branch_operator.py took 0.415 seconds
[2023-01-09T14:43:03.929+0400] {processor.py:153} INFO - Started process (PID=13337) to work on /Users/harut/opt/anaconda3/lib/python3.9/site-packages/airflow/example_dags/example_branch_operator.py
[2023-01-09T14:43:03.929+0400] {processor.py:743} INFO - Processing file /Users/harut/opt/anaconda3/lib/python3.9/site-packages/airflow/example_dags/example_branch_operator.py for tasks to queue
[2023-01-09T14:43:03.930+0400] {logging_mixin.py:137} INFO - [2023-01-09T14:43:03.930+0400] {dagbag.py:538} INFO - Filling up the DagBag from /Users/harut/opt/anaconda3/lib/python3.9/site-packages/airflow/example_dags/example_branch_operator.py
[2023-01-09T14:43:03.958+0400] {processor.py:753} INFO - DAG(s) dict_keys(['example_branch_operator']) retrieved from /Users/harut/opt/anaconda3/lib/python3.9/site-packages/airflow/example_dags/example_branch_operator.py
[2023-01-09T14:43:04.381+0400] {logging_mixin.py:137} INFO - [2023-01-09T14:43:04.381+0400] {dag.py:2676} INFO - Sync 1 DAGs
[2023-01-09T14:43:04.392+0400] {logging_mixin.py:137} INFO - [2023-01-09T14:43:04.392+0400] {dag.py:3423} INFO - Setting next_dagrun for example_branch_operator to 2023-01-08T00:00:00+00:00, run_after=2023-01-09T00:00:00+00:00
[2023-01-09T14:43:04.404+0400] {processor.py:175} INFO - Processing /Users/harut/opt/anaconda3/lib/python3.9/site-packages/airflow/example_dags/example_branch_operator.py took 0.475 seconds
[2023-01-09T14:44:22.872+0400] {processor.py:153} INFO - Started process (PID=13382) to work on /Users/harut/opt/anaconda3/lib/python3.9/site-packages/airflow/example_dags/example_branch_operator.py
[2023-01-09T14:44:22.873+0400] {processor.py:743} INFO - Processing file /Users/harut/opt/anaconda3/lib/python3.9/site-packages/airflow/example_dags/example_branch_operator.py for tasks to queue
[2023-01-09T14:44:22.873+0400] {logging_mixin.py:137} INFO - [2023-01-09T14:44:22.873+0400] {dagbag.py:538} INFO - Filling up the DagBag from /Users/harut/opt/anaconda3/lib/python3.9/site-packages/airflow/example_dags/example_branch_operator.py
[2023-01-09T14:44:22.899+0400] {processor.py:753} INFO - DAG(s) dict_keys(['example_branch_operator']) retrieved from /Users/harut/opt/anaconda3/lib/python3.9/site-packages/airflow/example_dags/example_branch_operator.py
[2023-01-09T14:44:23.273+0400] {logging_mixin.py:137} INFO - [2023-01-09T14:44:23.272+0400] {dag.py:2676} INFO - Sync 1 DAGs
[2023-01-09T14:44:23.282+0400] {logging_mixin.py:137} INFO - [2023-01-09T14:44:23.282+0400] {dag.py:3423} INFO - Setting next_dagrun for example_branch_operator to 2023-01-08T00:00:00+00:00, run_after=2023-01-09T00:00:00+00:00
[2023-01-09T14:44:23.292+0400] {processor.py:175} INFO - Processing /Users/harut/opt/anaconda3/lib/python3.9/site-packages/airflow/example_dags/example_branch_operator.py took 0.420 seconds
[2023-01-09T14:45:40.407+0400] {processor.py:153} INFO - Started process (PID=13426) to work on /Users/harut/opt/anaconda3/lib/python3.9/site-packages/airflow/example_dags/example_branch_operator.py
[2023-01-09T14:45:40.407+0400] {processor.py:743} INFO - Processing file /Users/harut/opt/anaconda3/lib/python3.9/site-packages/airflow/example_dags/example_branch_operator.py for tasks to queue
[2023-01-09T14:45:40.407+0400] {logging_mixin.py:137} INFO - [2023-01-09T14:45:40.407+0400] {dagbag.py:538} INFO - Filling up the DagBag from /Users/harut/opt/anaconda3/lib/python3.9/site-packages/airflow/example_dags/example_branch_operator.py
[2023-01-09T14:45:40.432+0400] {processor.py:753} INFO - DAG(s) dict_keys(['example_branch_operator']) retrieved from /Users/harut/opt/anaconda3/lib/python3.9/site-packages/airflow/example_dags/example_branch_operator.py
[2023-01-09T14:45:40.795+0400] {logging_mixin.py:137} INFO - [2023-01-09T14:45:40.795+0400] {dag.py:2676} INFO - Sync 1 DAGs
[2023-01-09T14:45:40.805+0400] {logging_mixin.py:137} INFO - [2023-01-09T14:45:40.805+0400] {dag.py:3423} INFO - Setting next_dagrun for example_branch_operator to 2023-01-08T00:00:00+00:00, run_after=2023-01-09T00:00:00+00:00
[2023-01-09T14:45:40.816+0400] {processor.py:175} INFO - Processing /Users/harut/opt/anaconda3/lib/python3.9/site-packages/airflow/example_dags/example_branch_operator.py took 0.409 seconds
[2023-01-09T14:47:00.052+0400] {processor.py:153} INFO - Started process (PID=13476) to work on /Users/harut/opt/anaconda3/lib/python3.9/site-packages/airflow/example_dags/example_branch_operator.py
[2023-01-09T14:47:00.052+0400] {processor.py:743} INFO - Processing file /Users/harut/opt/anaconda3/lib/python3.9/site-packages/airflow/example_dags/example_branch_operator.py for tasks to queue
[2023-01-09T14:47:00.053+0400] {logging_mixin.py:137} INFO - [2023-01-09T14:47:00.053+0400] {dagbag.py:538} INFO - Filling up the DagBag from /Users/harut/opt/anaconda3/lib/python3.9/site-packages/airflow/example_dags/example_branch_operator.py
[2023-01-09T14:47:00.081+0400] {processor.py:753} INFO - DAG(s) dict_keys(['example_branch_operator']) retrieved from /Users/harut/opt/anaconda3/lib/python3.9/site-packages/airflow/example_dags/example_branch_operator.py
[2023-01-09T14:47:00.509+0400] {logging_mixin.py:137} INFO - [2023-01-09T14:47:00.509+0400] {dag.py:2676} INFO - Sync 1 DAGs
[2023-01-09T14:47:00.521+0400] {logging_mixin.py:137} INFO - [2023-01-09T14:47:00.521+0400] {dag.py:3423} INFO - Setting next_dagrun for example_branch_operator to 2023-01-08T00:00:00+00:00, run_after=2023-01-09T00:00:00+00:00
[2023-01-09T14:47:00.533+0400] {processor.py:175} INFO - Processing /Users/harut/opt/anaconda3/lib/python3.9/site-packages/airflow/example_dags/example_branch_operator.py took 0.482 seconds
[2023-01-09T14:48:20.307+0400] {processor.py:153} INFO - Started process (PID=13530) to work on /Users/harut/opt/anaconda3/lib/python3.9/site-packages/airflow/example_dags/example_branch_operator.py
[2023-01-09T14:48:20.308+0400] {processor.py:743} INFO - Processing file /Users/harut/opt/anaconda3/lib/python3.9/site-packages/airflow/example_dags/example_branch_operator.py for tasks to queue
[2023-01-09T14:48:20.308+0400] {logging_mixin.py:137} INFO - [2023-01-09T14:48:20.308+0400] {dagbag.py:538} INFO - Filling up the DagBag from /Users/harut/opt/anaconda3/lib/python3.9/site-packages/airflow/example_dags/example_branch_operator.py
[2023-01-09T14:48:20.337+0400] {processor.py:753} INFO - DAG(s) dict_keys(['example_branch_operator']) retrieved from /Users/harut/opt/anaconda3/lib/python3.9/site-packages/airflow/example_dags/example_branch_operator.py
[2023-01-09T14:48:20.735+0400] {logging_mixin.py:137} INFO - [2023-01-09T14:48:20.735+0400] {dag.py:2676} INFO - Sync 1 DAGs
[2023-01-09T14:48:20.746+0400] {logging_mixin.py:137} INFO - [2023-01-09T14:48:20.746+0400] {dag.py:3423} INFO - Setting next_dagrun for example_branch_operator to 2023-01-08T00:00:00+00:00, run_after=2023-01-09T00:00:00+00:00
[2023-01-09T14:48:20.758+0400] {processor.py:175} INFO - Processing /Users/harut/opt/anaconda3/lib/python3.9/site-packages/airflow/example_dags/example_branch_operator.py took 0.451 seconds
[2023-01-09T14:49:42.909+0400] {processor.py:153} INFO - Started process (PID=13581) to work on /Users/harut/opt/anaconda3/lib/python3.9/site-packages/airflow/example_dags/example_branch_operator.py
[2023-01-09T14:49:42.909+0400] {processor.py:743} INFO - Processing file /Users/harut/opt/anaconda3/lib/python3.9/site-packages/airflow/example_dags/example_branch_operator.py for tasks to queue
[2023-01-09T14:49:42.910+0400] {logging_mixin.py:137} INFO - [2023-01-09T14:49:42.910+0400] {dagbag.py:538} INFO - Filling up the DagBag from /Users/harut/opt/anaconda3/lib/python3.9/site-packages/airflow/example_dags/example_branch_operator.py
[2023-01-09T14:49:42.935+0400] {processor.py:753} INFO - DAG(s) dict_keys(['example_branch_operator']) retrieved from /Users/harut/opt/anaconda3/lib/python3.9/site-packages/airflow/example_dags/example_branch_operator.py
[2023-01-09T14:49:43.330+0400] {logging_mixin.py:137} INFO - [2023-01-09T14:49:43.330+0400] {dag.py:2676} INFO - Sync 1 DAGs
[2023-01-09T14:49:43.340+0400] {logging_mixin.py:137} INFO - [2023-01-09T14:49:43.340+0400] {dag.py:3423} INFO - Setting next_dagrun for example_branch_operator to 2023-01-08T00:00:00+00:00, run_after=2023-01-09T00:00:00+00:00
[2023-01-09T14:49:43.351+0400] {processor.py:175} INFO - Processing /Users/harut/opt/anaconda3/lib/python3.9/site-packages/airflow/example_dags/example_branch_operator.py took 0.442 seconds
[2023-01-09T14:51:03.211+0400] {processor.py:153} INFO - Started process (PID=13626) to work on /Users/harut/opt/anaconda3/lib/python3.9/site-packages/airflow/example_dags/example_branch_operator.py
[2023-01-09T14:51:03.212+0400] {processor.py:743} INFO - Processing file /Users/harut/opt/anaconda3/lib/python3.9/site-packages/airflow/example_dags/example_branch_operator.py for tasks to queue
[2023-01-09T14:51:03.212+0400] {logging_mixin.py:137} INFO - [2023-01-09T14:51:03.212+0400] {dagbag.py:538} INFO - Filling up the DagBag from /Users/harut/opt/anaconda3/lib/python3.9/site-packages/airflow/example_dags/example_branch_operator.py
[2023-01-09T14:51:03.237+0400] {processor.py:753} INFO - DAG(s) dict_keys(['example_branch_operator']) retrieved from /Users/harut/opt/anaconda3/lib/python3.9/site-packages/airflow/example_dags/example_branch_operator.py
[2023-01-09T14:51:03.602+0400] {logging_mixin.py:137} INFO - [2023-01-09T14:51:03.602+0400] {dag.py:2676} INFO - Sync 1 DAGs
[2023-01-09T14:51:03.611+0400] {logging_mixin.py:137} INFO - [2023-01-09T14:51:03.611+0400] {dag.py:3423} INFO - Setting next_dagrun for example_branch_operator to 2023-01-08T00:00:00+00:00, run_after=2023-01-09T00:00:00+00:00
[2023-01-09T14:51:03.621+0400] {processor.py:175} INFO - Processing /Users/harut/opt/anaconda3/lib/python3.9/site-packages/airflow/example_dags/example_branch_operator.py took 0.410 seconds
[2023-01-09T14:52:25.106+0400] {processor.py:153} INFO - Started process (PID=13675) to work on /Users/harut/opt/anaconda3/lib/python3.9/site-packages/airflow/example_dags/example_branch_operator.py
[2023-01-09T14:52:25.106+0400] {processor.py:743} INFO - Processing file /Users/harut/opt/anaconda3/lib/python3.9/site-packages/airflow/example_dags/example_branch_operator.py for tasks to queue
[2023-01-09T14:52:25.107+0400] {logging_mixin.py:137} INFO - [2023-01-09T14:52:25.106+0400] {dagbag.py:538} INFO - Filling up the DagBag from /Users/harut/opt/anaconda3/lib/python3.9/site-packages/airflow/example_dags/example_branch_operator.py
[2023-01-09T14:52:25.133+0400] {processor.py:753} INFO - DAG(s) dict_keys(['example_branch_operator']) retrieved from /Users/harut/opt/anaconda3/lib/python3.9/site-packages/airflow/example_dags/example_branch_operator.py
[2023-01-09T14:52:25.508+0400] {logging_mixin.py:137} INFO - [2023-01-09T14:52:25.508+0400] {dag.py:2676} INFO - Sync 1 DAGs
[2023-01-09T14:52:25.518+0400] {logging_mixin.py:137} INFO - [2023-01-09T14:52:25.518+0400] {dag.py:3423} INFO - Setting next_dagrun for example_branch_operator to 2023-01-08T00:00:00+00:00, run_after=2023-01-09T00:00:00+00:00
[2023-01-09T14:52:25.528+0400] {processor.py:175} INFO - Processing /Users/harut/opt/anaconda3/lib/python3.9/site-packages/airflow/example_dags/example_branch_operator.py took 0.422 seconds
[2023-01-09T14:53:43.137+0400] {processor.py:153} INFO - Started process (PID=13720) to work on /Users/harut/opt/anaconda3/lib/python3.9/site-packages/airflow/example_dags/example_branch_operator.py
[2023-01-09T14:53:43.138+0400] {processor.py:743} INFO - Processing file /Users/harut/opt/anaconda3/lib/python3.9/site-packages/airflow/example_dags/example_branch_operator.py for tasks to queue
[2023-01-09T14:53:43.138+0400] {logging_mixin.py:137} INFO - [2023-01-09T14:53:43.138+0400] {dagbag.py:538} INFO - Filling up the DagBag from /Users/harut/opt/anaconda3/lib/python3.9/site-packages/airflow/example_dags/example_branch_operator.py
[2023-01-09T14:53:43.163+0400] {processor.py:753} INFO - DAG(s) dict_keys(['example_branch_operator']) retrieved from /Users/harut/opt/anaconda3/lib/python3.9/site-packages/airflow/example_dags/example_branch_operator.py
[2023-01-09T14:53:43.529+0400] {logging_mixin.py:137} INFO - [2023-01-09T14:53:43.529+0400] {dag.py:2676} INFO - Sync 1 DAGs
[2023-01-09T14:53:43.539+0400] {logging_mixin.py:137} INFO - [2023-01-09T14:53:43.539+0400] {dag.py:3423} INFO - Setting next_dagrun for example_branch_operator to 2023-01-08T00:00:00+00:00, run_after=2023-01-09T00:00:00+00:00
[2023-01-09T14:53:43.549+0400] {processor.py:175} INFO - Processing /Users/harut/opt/anaconda3/lib/python3.9/site-packages/airflow/example_dags/example_branch_operator.py took 0.412 seconds
[2023-01-09T14:55:06.462+0400] {processor.py:153} INFO - Started process (PID=13764) to work on /Users/harut/opt/anaconda3/lib/python3.9/site-packages/airflow/example_dags/example_branch_operator.py
[2023-01-09T14:55:06.463+0400] {processor.py:743} INFO - Processing file /Users/harut/opt/anaconda3/lib/python3.9/site-packages/airflow/example_dags/example_branch_operator.py for tasks to queue
[2023-01-09T14:55:06.463+0400] {logging_mixin.py:137} INFO - [2023-01-09T14:55:06.463+0400] {dagbag.py:538} INFO - Filling up the DagBag from /Users/harut/opt/anaconda3/lib/python3.9/site-packages/airflow/example_dags/example_branch_operator.py
[2023-01-09T14:55:06.490+0400] {processor.py:753} INFO - DAG(s) dict_keys(['example_branch_operator']) retrieved from /Users/harut/opt/anaconda3/lib/python3.9/site-packages/airflow/example_dags/example_branch_operator.py
[2023-01-09T14:55:06.875+0400] {logging_mixin.py:137} INFO - [2023-01-09T14:55:06.875+0400] {dag.py:2676} INFO - Sync 1 DAGs
[2023-01-09T14:55:06.885+0400] {logging_mixin.py:137} INFO - [2023-01-09T14:55:06.885+0400] {dag.py:3423} INFO - Setting next_dagrun for example_branch_operator to 2023-01-08T00:00:00+00:00, run_after=2023-01-09T00:00:00+00:00
[2023-01-09T14:55:06.896+0400] {processor.py:175} INFO - Processing /Users/harut/opt/anaconda3/lib/python3.9/site-packages/airflow/example_dags/example_branch_operator.py took 0.434 seconds
[2023-01-09T14:56:27.541+0400] {processor.py:153} INFO - Started process (PID=13812) to work on /Users/harut/opt/anaconda3/lib/python3.9/site-packages/airflow/example_dags/example_branch_operator.py
[2023-01-09T14:56:27.541+0400] {processor.py:743} INFO - Processing file /Users/harut/opt/anaconda3/lib/python3.9/site-packages/airflow/example_dags/example_branch_operator.py for tasks to queue
[2023-01-09T14:56:27.542+0400] {logging_mixin.py:137} INFO - [2023-01-09T14:56:27.541+0400] {dagbag.py:538} INFO - Filling up the DagBag from /Users/harut/opt/anaconda3/lib/python3.9/site-packages/airflow/example_dags/example_branch_operator.py
[2023-01-09T14:56:27.566+0400] {processor.py:753} INFO - DAG(s) dict_keys(['example_branch_operator']) retrieved from /Users/harut/opt/anaconda3/lib/python3.9/site-packages/airflow/example_dags/example_branch_operator.py
[2023-01-09T14:56:27.943+0400] {logging_mixin.py:137} INFO - [2023-01-09T14:56:27.943+0400] {dag.py:2676} INFO - Sync 1 DAGs
[2023-01-09T14:56:27.953+0400] {logging_mixin.py:137} INFO - [2023-01-09T14:56:27.953+0400] {dag.py:3423} INFO - Setting next_dagrun for example_branch_operator to 2023-01-08T00:00:00+00:00, run_after=2023-01-09T00:00:00+00:00
[2023-01-09T14:56:27.963+0400] {processor.py:175} INFO - Processing /Users/harut/opt/anaconda3/lib/python3.9/site-packages/airflow/example_dags/example_branch_operator.py took 0.423 seconds
[2023-01-09T14:57:50.230+0400] {processor.py:153} INFO - Started process (PID=13854) to work on /Users/harut/opt/anaconda3/lib/python3.9/site-packages/airflow/example_dags/example_branch_operator.py
[2023-01-09T14:57:50.230+0400] {processor.py:743} INFO - Processing file /Users/harut/opt/anaconda3/lib/python3.9/site-packages/airflow/example_dags/example_branch_operator.py for tasks to queue
[2023-01-09T14:57:50.231+0400] {logging_mixin.py:137} INFO - [2023-01-09T14:57:50.230+0400] {dagbag.py:538} INFO - Filling up the DagBag from /Users/harut/opt/anaconda3/lib/python3.9/site-packages/airflow/example_dags/example_branch_operator.py
[2023-01-09T14:57:50.255+0400] {processor.py:753} INFO - DAG(s) dict_keys(['example_branch_operator']) retrieved from /Users/harut/opt/anaconda3/lib/python3.9/site-packages/airflow/example_dags/example_branch_operator.py
[2023-01-09T14:57:50.620+0400] {logging_mixin.py:137} INFO - [2023-01-09T14:57:50.619+0400] {dag.py:2676} INFO - Sync 1 DAGs
[2023-01-09T14:57:50.629+0400] {logging_mixin.py:137} INFO - [2023-01-09T14:57:50.629+0400] {dag.py:3423} INFO - Setting next_dagrun for example_branch_operator to 2023-01-08T00:00:00+00:00, run_after=2023-01-09T00:00:00+00:00
[2023-01-09T14:57:50.639+0400] {processor.py:175} INFO - Processing /Users/harut/opt/anaconda3/lib/python3.9/site-packages/airflow/example_dags/example_branch_operator.py took 0.410 seconds
[2023-01-09T14:59:10.460+0400] {processor.py:153} INFO - Started process (PID=13899) to work on /Users/harut/opt/anaconda3/lib/python3.9/site-packages/airflow/example_dags/example_branch_operator.py
[2023-01-09T14:59:10.460+0400] {processor.py:743} INFO - Processing file /Users/harut/opt/anaconda3/lib/python3.9/site-packages/airflow/example_dags/example_branch_operator.py for tasks to queue
[2023-01-09T14:59:10.461+0400] {logging_mixin.py:137} INFO - [2023-01-09T14:59:10.460+0400] {dagbag.py:538} INFO - Filling up the DagBag from /Users/harut/opt/anaconda3/lib/python3.9/site-packages/airflow/example_dags/example_branch_operator.py
[2023-01-09T14:59:10.486+0400] {processor.py:753} INFO - DAG(s) dict_keys(['example_branch_operator']) retrieved from /Users/harut/opt/anaconda3/lib/python3.9/site-packages/airflow/example_dags/example_branch_operator.py
[2023-01-09T14:59:10.856+0400] {logging_mixin.py:137} INFO - [2023-01-09T14:59:10.856+0400] {dag.py:2676} INFO - Sync 1 DAGs
[2023-01-09T14:59:10.866+0400] {logging_mixin.py:137} INFO - [2023-01-09T14:59:10.865+0400] {dag.py:3423} INFO - Setting next_dagrun for example_branch_operator to 2023-01-08T00:00:00+00:00, run_after=2023-01-09T00:00:00+00:00
[2023-01-09T14:59:10.875+0400] {processor.py:175} INFO - Processing /Users/harut/opt/anaconda3/lib/python3.9/site-packages/airflow/example_dags/example_branch_operator.py took 0.416 seconds
[2023-01-09T15:00:30.888+0400] {processor.py:153} INFO - Started process (PID=13942) to work on /Users/harut/opt/anaconda3/lib/python3.9/site-packages/airflow/example_dags/example_branch_operator.py
[2023-01-09T15:00:30.889+0400] {processor.py:743} INFO - Processing file /Users/harut/opt/anaconda3/lib/python3.9/site-packages/airflow/example_dags/example_branch_operator.py for tasks to queue
[2023-01-09T15:00:30.889+0400] {logging_mixin.py:137} INFO - [2023-01-09T15:00:30.889+0400] {dagbag.py:538} INFO - Filling up the DagBag from /Users/harut/opt/anaconda3/lib/python3.9/site-packages/airflow/example_dags/example_branch_operator.py
[2023-01-09T15:00:30.916+0400] {processor.py:753} INFO - DAG(s) dict_keys(['example_branch_operator']) retrieved from /Users/harut/opt/anaconda3/lib/python3.9/site-packages/airflow/example_dags/example_branch_operator.py
[2023-01-09T15:00:31.293+0400] {logging_mixin.py:137} INFO - [2023-01-09T15:00:31.293+0400] {dag.py:2676} INFO - Sync 1 DAGs
[2023-01-09T15:00:31.303+0400] {logging_mixin.py:137} INFO - [2023-01-09T15:00:31.303+0400] {dag.py:3423} INFO - Setting next_dagrun for example_branch_operator to 2023-01-08T00:00:00+00:00, run_after=2023-01-09T00:00:00+00:00
[2023-01-09T15:00:31.312+0400] {processor.py:175} INFO - Processing /Users/harut/opt/anaconda3/lib/python3.9/site-packages/airflow/example_dags/example_branch_operator.py took 0.424 seconds
[2023-01-09T15:01:52.958+0400] {processor.py:153} INFO - Started process (PID=13989) to work on /Users/harut/opt/anaconda3/lib/python3.9/site-packages/airflow/example_dags/example_branch_operator.py
[2023-01-09T15:01:52.958+0400] {processor.py:743} INFO - Processing file /Users/harut/opt/anaconda3/lib/python3.9/site-packages/airflow/example_dags/example_branch_operator.py for tasks to queue
[2023-01-09T15:01:52.959+0400] {logging_mixin.py:137} INFO - [2023-01-09T15:01:52.958+0400] {dagbag.py:538} INFO - Filling up the DagBag from /Users/harut/opt/anaconda3/lib/python3.9/site-packages/airflow/example_dags/example_branch_operator.py
[2023-01-09T15:01:52.986+0400] {processor.py:753} INFO - DAG(s) dict_keys(['example_branch_operator']) retrieved from /Users/harut/opt/anaconda3/lib/python3.9/site-packages/airflow/example_dags/example_branch_operator.py
[2023-01-09T15:01:53.390+0400] {logging_mixin.py:137} INFO - [2023-01-09T15:01:53.390+0400] {dag.py:2676} INFO - Sync 1 DAGs
[2023-01-09T15:01:53.401+0400] {logging_mixin.py:137} INFO - [2023-01-09T15:01:53.401+0400] {dag.py:3423} INFO - Setting next_dagrun for example_branch_operator to 2023-01-08T00:00:00+00:00, run_after=2023-01-09T00:00:00+00:00
[2023-01-09T15:01:53.412+0400] {processor.py:175} INFO - Processing /Users/harut/opt/anaconda3/lib/python3.9/site-packages/airflow/example_dags/example_branch_operator.py took 0.455 seconds
[2023-01-09T15:03:12.434+0400] {processor.py:153} INFO - Started process (PID=14039) to work on /Users/harut/opt/anaconda3/lib/python3.9/site-packages/airflow/example_dags/example_branch_operator.py
[2023-01-09T15:03:12.435+0400] {processor.py:743} INFO - Processing file /Users/harut/opt/anaconda3/lib/python3.9/site-packages/airflow/example_dags/example_branch_operator.py for tasks to queue
[2023-01-09T15:03:12.435+0400] {logging_mixin.py:137} INFO - [2023-01-09T15:03:12.435+0400] {dagbag.py:538} INFO - Filling up the DagBag from /Users/harut/opt/anaconda3/lib/python3.9/site-packages/airflow/example_dags/example_branch_operator.py
[2023-01-09T15:03:12.462+0400] {processor.py:753} INFO - DAG(s) dict_keys(['example_branch_operator']) retrieved from /Users/harut/opt/anaconda3/lib/python3.9/site-packages/airflow/example_dags/example_branch_operator.py
[2023-01-09T15:03:12.852+0400] {logging_mixin.py:137} INFO - [2023-01-09T15:03:12.851+0400] {dag.py:2676} INFO - Sync 1 DAGs
[2023-01-09T15:03:12.862+0400] {logging_mixin.py:137} INFO - [2023-01-09T15:03:12.862+0400] {dag.py:3423} INFO - Setting next_dagrun for example_branch_operator to 2023-01-08T00:00:00+00:00, run_after=2023-01-09T00:00:00+00:00
[2023-01-09T15:03:12.873+0400] {processor.py:175} INFO - Processing /Users/harut/opt/anaconda3/lib/python3.9/site-packages/airflow/example_dags/example_branch_operator.py took 0.439 seconds
[2023-01-09T15:04:33.441+0400] {processor.py:153} INFO - Started process (PID=14081) to work on /Users/harut/opt/anaconda3/lib/python3.9/site-packages/airflow/example_dags/example_branch_operator.py
[2023-01-09T15:04:33.441+0400] {processor.py:743} INFO - Processing file /Users/harut/opt/anaconda3/lib/python3.9/site-packages/airflow/example_dags/example_branch_operator.py for tasks to queue
[2023-01-09T15:04:33.442+0400] {logging_mixin.py:137} INFO - [2023-01-09T15:04:33.442+0400] {dagbag.py:538} INFO - Filling up the DagBag from /Users/harut/opt/anaconda3/lib/python3.9/site-packages/airflow/example_dags/example_branch_operator.py
[2023-01-09T15:04:33.467+0400] {processor.py:753} INFO - DAG(s) dict_keys(['example_branch_operator']) retrieved from /Users/harut/opt/anaconda3/lib/python3.9/site-packages/airflow/example_dags/example_branch_operator.py
[2023-01-09T15:04:33.835+0400] {logging_mixin.py:137} INFO - [2023-01-09T15:04:33.835+0400] {dag.py:2676} INFO - Sync 1 DAGs
[2023-01-09T15:04:33.845+0400] {logging_mixin.py:137} INFO - [2023-01-09T15:04:33.844+0400] {dag.py:3423} INFO - Setting next_dagrun for example_branch_operator to 2023-01-08T00:00:00+00:00, run_after=2023-01-09T00:00:00+00:00
[2023-01-09T15:04:33.855+0400] {processor.py:175} INFO - Processing /Users/harut/opt/anaconda3/lib/python3.9/site-packages/airflow/example_dags/example_branch_operator.py took 0.414 seconds
[2023-01-09T15:05:54.383+0400] {processor.py:153} INFO - Started process (PID=14128) to work on /Users/harut/opt/anaconda3/lib/python3.9/site-packages/airflow/example_dags/example_branch_operator.py
[2023-01-09T15:05:54.383+0400] {processor.py:743} INFO - Processing file /Users/harut/opt/anaconda3/lib/python3.9/site-packages/airflow/example_dags/example_branch_operator.py for tasks to queue
[2023-01-09T15:05:54.384+0400] {logging_mixin.py:137} INFO - [2023-01-09T15:05:54.383+0400] {dagbag.py:538} INFO - Filling up the DagBag from /Users/harut/opt/anaconda3/lib/python3.9/site-packages/airflow/example_dags/example_branch_operator.py
[2023-01-09T15:05:54.408+0400] {processor.py:753} INFO - DAG(s) dict_keys(['example_branch_operator']) retrieved from /Users/harut/opt/anaconda3/lib/python3.9/site-packages/airflow/example_dags/example_branch_operator.py
[2023-01-09T15:05:54.769+0400] {logging_mixin.py:137} INFO - [2023-01-09T15:05:54.769+0400] {dag.py:2676} INFO - Sync 1 DAGs
[2023-01-09T15:05:54.779+0400] {logging_mixin.py:137} INFO - [2023-01-09T15:05:54.779+0400] {dag.py:3423} INFO - Setting next_dagrun for example_branch_operator to 2023-01-08T00:00:00+00:00, run_after=2023-01-09T00:00:00+00:00
[2023-01-09T15:05:54.789+0400] {processor.py:175} INFO - Processing /Users/harut/opt/anaconda3/lib/python3.9/site-packages/airflow/example_dags/example_branch_operator.py took 0.407 seconds
[2023-01-09T15:07:14.031+0400] {processor.py:153} INFO - Started process (PID=14169) to work on /Users/harut/opt/anaconda3/lib/python3.9/site-packages/airflow/example_dags/example_branch_operator.py
[2023-01-09T15:07:14.032+0400] {processor.py:743} INFO - Processing file /Users/harut/opt/anaconda3/lib/python3.9/site-packages/airflow/example_dags/example_branch_operator.py for tasks to queue
[2023-01-09T15:07:14.032+0400] {logging_mixin.py:137} INFO - [2023-01-09T15:07:14.032+0400] {dagbag.py:538} INFO - Filling up the DagBag from /Users/harut/opt/anaconda3/lib/python3.9/site-packages/airflow/example_dags/example_branch_operator.py
[2023-01-09T15:07:14.056+0400] {processor.py:753} INFO - DAG(s) dict_keys(['example_branch_operator']) retrieved from /Users/harut/opt/anaconda3/lib/python3.9/site-packages/airflow/example_dags/example_branch_operator.py
[2023-01-09T15:07:14.428+0400] {logging_mixin.py:137} INFO - [2023-01-09T15:07:14.428+0400] {dag.py:2676} INFO - Sync 1 DAGs
[2023-01-09T15:07:14.438+0400] {logging_mixin.py:137} INFO - [2023-01-09T15:07:14.438+0400] {dag.py:3423} INFO - Setting next_dagrun for example_branch_operator to 2023-01-08T00:00:00+00:00, run_after=2023-01-09T00:00:00+00:00
[2023-01-09T15:07:14.448+0400] {processor.py:175} INFO - Processing /Users/harut/opt/anaconda3/lib/python3.9/site-packages/airflow/example_dags/example_branch_operator.py took 0.417 seconds
[2023-01-09T15:08:32.937+0400] {processor.py:153} INFO - Started process (PID=14213) to work on /Users/harut/opt/anaconda3/lib/python3.9/site-packages/airflow/example_dags/example_branch_operator.py
[2023-01-09T15:08:32.938+0400] {processor.py:743} INFO - Processing file /Users/harut/opt/anaconda3/lib/python3.9/site-packages/airflow/example_dags/example_branch_operator.py for tasks to queue
[2023-01-09T15:08:32.938+0400] {logging_mixin.py:137} INFO - [2023-01-09T15:08:32.938+0400] {dagbag.py:538} INFO - Filling up the DagBag from /Users/harut/opt/anaconda3/lib/python3.9/site-packages/airflow/example_dags/example_branch_operator.py
[2023-01-09T15:08:32.963+0400] {processor.py:753} INFO - DAG(s) dict_keys(['example_branch_operator']) retrieved from /Users/harut/opt/anaconda3/lib/python3.9/site-packages/airflow/example_dags/example_branch_operator.py
[2023-01-09T15:08:33.325+0400] {logging_mixin.py:137} INFO - [2023-01-09T15:08:33.324+0400] {dag.py:2676} INFO - Sync 1 DAGs
[2023-01-09T15:08:33.334+0400] {logging_mixin.py:137} INFO - [2023-01-09T15:08:33.334+0400] {dag.py:3423} INFO - Setting next_dagrun for example_branch_operator to 2023-01-08T00:00:00+00:00, run_after=2023-01-09T00:00:00+00:00
[2023-01-09T15:08:33.344+0400] {processor.py:175} INFO - Processing /Users/harut/opt/anaconda3/lib/python3.9/site-packages/airflow/example_dags/example_branch_operator.py took 0.407 seconds
[2023-01-09T15:09:53.861+0400] {processor.py:153} INFO - Started process (PID=14259) to work on /Users/harut/opt/anaconda3/lib/python3.9/site-packages/airflow/example_dags/example_branch_operator.py
[2023-01-09T15:09:53.861+0400] {processor.py:743} INFO - Processing file /Users/harut/opt/anaconda3/lib/python3.9/site-packages/airflow/example_dags/example_branch_operator.py for tasks to queue
[2023-01-09T15:09:53.861+0400] {logging_mixin.py:137} INFO - [2023-01-09T15:09:53.861+0400] {dagbag.py:538} INFO - Filling up the DagBag from /Users/harut/opt/anaconda3/lib/python3.9/site-packages/airflow/example_dags/example_branch_operator.py
[2023-01-09T15:09:53.886+0400] {processor.py:753} INFO - DAG(s) dict_keys(['example_branch_operator']) retrieved from /Users/harut/opt/anaconda3/lib/python3.9/site-packages/airflow/example_dags/example_branch_operator.py
[2023-01-09T15:09:54.252+0400] {logging_mixin.py:137} INFO - [2023-01-09T15:09:54.252+0400] {dag.py:2676} INFO - Sync 1 DAGs
[2023-01-09T15:09:54.261+0400] {logging_mixin.py:137} INFO - [2023-01-09T15:09:54.261+0400] {dag.py:3423} INFO - Setting next_dagrun for example_branch_operator to 2023-01-08T00:00:00+00:00, run_after=2023-01-09T00:00:00+00:00
[2023-01-09T15:09:54.272+0400] {processor.py:175} INFO - Processing /Users/harut/opt/anaconda3/lib/python3.9/site-packages/airflow/example_dags/example_branch_operator.py took 0.411 seconds
[2023-01-09T15:11:13.674+0400] {processor.py:153} INFO - Started process (PID=14304) to work on /Users/harut/opt/anaconda3/lib/python3.9/site-packages/airflow/example_dags/example_branch_operator.py
[2023-01-09T15:11:13.675+0400] {processor.py:743} INFO - Processing file /Users/harut/opt/anaconda3/lib/python3.9/site-packages/airflow/example_dags/example_branch_operator.py for tasks to queue
[2023-01-09T15:11:13.675+0400] {logging_mixin.py:137} INFO - [2023-01-09T15:11:13.675+0400] {dagbag.py:538} INFO - Filling up the DagBag from /Users/harut/opt/anaconda3/lib/python3.9/site-packages/airflow/example_dags/example_branch_operator.py
[2023-01-09T15:11:13.699+0400] {processor.py:753} INFO - DAG(s) dict_keys(['example_branch_operator']) retrieved from /Users/harut/opt/anaconda3/lib/python3.9/site-packages/airflow/example_dags/example_branch_operator.py
[2023-01-09T15:11:14.078+0400] {logging_mixin.py:137} INFO - [2023-01-09T15:11:14.077+0400] {dag.py:2676} INFO - Sync 1 DAGs
[2023-01-09T15:11:14.087+0400] {logging_mixin.py:137} INFO - [2023-01-09T15:11:14.087+0400] {dag.py:3423} INFO - Setting next_dagrun for example_branch_operator to 2023-01-08T00:00:00+00:00, run_after=2023-01-09T00:00:00+00:00
[2023-01-09T15:11:14.097+0400] {processor.py:175} INFO - Processing /Users/harut/opt/anaconda3/lib/python3.9/site-packages/airflow/example_dags/example_branch_operator.py took 0.423 seconds
[2023-01-09T15:12:36.445+0400] {processor.py:153} INFO - Started process (PID=14358) to work on /Users/harut/opt/anaconda3/lib/python3.9/site-packages/airflow/example_dags/example_branch_operator.py
[2023-01-09T15:12:36.446+0400] {processor.py:743} INFO - Processing file /Users/harut/opt/anaconda3/lib/python3.9/site-packages/airflow/example_dags/example_branch_operator.py for tasks to queue
[2023-01-09T15:12:36.446+0400] {logging_mixin.py:137} INFO - [2023-01-09T15:12:36.446+0400] {dagbag.py:538} INFO - Filling up the DagBag from /Users/harut/opt/anaconda3/lib/python3.9/site-packages/airflow/example_dags/example_branch_operator.py
[2023-01-09T15:12:36.474+0400] {processor.py:753} INFO - DAG(s) dict_keys(['example_branch_operator']) retrieved from /Users/harut/opt/anaconda3/lib/python3.9/site-packages/airflow/example_dags/example_branch_operator.py
[2023-01-09T15:12:36.881+0400] {logging_mixin.py:137} INFO - [2023-01-09T15:12:36.881+0400] {dag.py:2676} INFO - Sync 1 DAGs
[2023-01-09T15:12:36.891+0400] {logging_mixin.py:137} INFO - [2023-01-09T15:12:36.891+0400] {dag.py:3423} INFO - Setting next_dagrun for example_branch_operator to 2023-01-08T00:00:00+00:00, run_after=2023-01-09T00:00:00+00:00
[2023-01-09T15:12:36.901+0400] {processor.py:175} INFO - Processing /Users/harut/opt/anaconda3/lib/python3.9/site-packages/airflow/example_dags/example_branch_operator.py took 0.457 seconds
[2023-01-09T15:13:59.238+0400] {processor.py:153} INFO - Started process (PID=14411) to work on /Users/harut/opt/anaconda3/lib/python3.9/site-packages/airflow/example_dags/example_branch_operator.py
[2023-01-09T15:13:59.239+0400] {processor.py:743} INFO - Processing file /Users/harut/opt/anaconda3/lib/python3.9/site-packages/airflow/example_dags/example_branch_operator.py for tasks to queue
[2023-01-09T15:13:59.239+0400] {logging_mixin.py:137} INFO - [2023-01-09T15:13:59.239+0400] {dagbag.py:538} INFO - Filling up the DagBag from /Users/harut/opt/anaconda3/lib/python3.9/site-packages/airflow/example_dags/example_branch_operator.py
[2023-01-09T15:13:59.268+0400] {processor.py:753} INFO - DAG(s) dict_keys(['example_branch_operator']) retrieved from /Users/harut/opt/anaconda3/lib/python3.9/site-packages/airflow/example_dags/example_branch_operator.py
[2023-01-09T15:13:59.669+0400] {logging_mixin.py:137} INFO - [2023-01-09T15:13:59.669+0400] {dag.py:2676} INFO - Sync 1 DAGs
[2023-01-09T15:13:59.679+0400] {logging_mixin.py:137} INFO - [2023-01-09T15:13:59.679+0400] {dag.py:3423} INFO - Setting next_dagrun for example_branch_operator to 2023-01-08T00:00:00+00:00, run_after=2023-01-09T00:00:00+00:00
[2023-01-09T15:13:59.690+0400] {processor.py:175} INFO - Processing /Users/harut/opt/anaconda3/lib/python3.9/site-packages/airflow/example_dags/example_branch_operator.py took 0.452 seconds
[2023-01-09T15:15:23.935+0400] {processor.py:153} INFO - Started process (PID=14478) to work on /Users/harut/opt/anaconda3/lib/python3.9/site-packages/airflow/example_dags/example_branch_operator.py
[2023-01-09T15:15:23.936+0400] {processor.py:743} INFO - Processing file /Users/harut/opt/anaconda3/lib/python3.9/site-packages/airflow/example_dags/example_branch_operator.py for tasks to queue
[2023-01-09T15:15:23.936+0400] {logging_mixin.py:137} INFO - [2023-01-09T15:15:23.936+0400] {dagbag.py:538} INFO - Filling up the DagBag from /Users/harut/opt/anaconda3/lib/python3.9/site-packages/airflow/example_dags/example_branch_operator.py
[2023-01-09T15:15:23.964+0400] {processor.py:753} INFO - DAG(s) dict_keys(['example_branch_operator']) retrieved from /Users/harut/opt/anaconda3/lib/python3.9/site-packages/airflow/example_dags/example_branch_operator.py
[2023-01-09T15:15:24.383+0400] {logging_mixin.py:137} INFO - [2023-01-09T15:15:24.383+0400] {dag.py:2676} INFO - Sync 1 DAGs
[2023-01-09T15:15:24.394+0400] {logging_mixin.py:137} INFO - [2023-01-09T15:15:24.394+0400] {dag.py:3423} INFO - Setting next_dagrun for example_branch_operator to 2023-01-08T00:00:00+00:00, run_after=2023-01-09T00:00:00+00:00
[2023-01-09T15:15:24.405+0400] {processor.py:175} INFO - Processing /Users/harut/opt/anaconda3/lib/python3.9/site-packages/airflow/example_dags/example_branch_operator.py took 0.470 seconds
[2023-01-09T15:16:46.433+0400] {processor.py:153} INFO - Started process (PID=14520) to work on /Users/harut/opt/anaconda3/lib/python3.9/site-packages/airflow/example_dags/example_branch_operator.py
[2023-01-09T15:16:46.434+0400] {processor.py:743} INFO - Processing file /Users/harut/opt/anaconda3/lib/python3.9/site-packages/airflow/example_dags/example_branch_operator.py for tasks to queue
[2023-01-09T15:16:46.434+0400] {logging_mixin.py:137} INFO - [2023-01-09T15:16:46.434+0400] {dagbag.py:538} INFO - Filling up the DagBag from /Users/harut/opt/anaconda3/lib/python3.9/site-packages/airflow/example_dags/example_branch_operator.py
[2023-01-09T15:16:46.462+0400] {processor.py:753} INFO - DAG(s) dict_keys(['example_branch_operator']) retrieved from /Users/harut/opt/anaconda3/lib/python3.9/site-packages/airflow/example_dags/example_branch_operator.py
[2023-01-09T15:16:46.876+0400] {logging_mixin.py:137} INFO - [2023-01-09T15:16:46.876+0400] {dag.py:2676} INFO - Sync 1 DAGs
[2023-01-09T15:16:46.889+0400] {logging_mixin.py:137} INFO - [2023-01-09T15:16:46.889+0400] {dag.py:3423} INFO - Setting next_dagrun for example_branch_operator to 2023-01-08T00:00:00+00:00, run_after=2023-01-09T00:00:00+00:00
[2023-01-09T15:16:46.903+0400] {processor.py:175} INFO - Processing /Users/harut/opt/anaconda3/lib/python3.9/site-packages/airflow/example_dags/example_branch_operator.py took 0.470 seconds
[2023-01-09T15:18:09.339+0400] {processor.py:153} INFO - Started process (PID=14568) to work on /Users/harut/opt/anaconda3/lib/python3.9/site-packages/airflow/example_dags/example_branch_operator.py
[2023-01-09T15:18:09.340+0400] {processor.py:743} INFO - Processing file /Users/harut/opt/anaconda3/lib/python3.9/site-packages/airflow/example_dags/example_branch_operator.py for tasks to queue
[2023-01-09T15:18:09.340+0400] {logging_mixin.py:137} INFO - [2023-01-09T15:18:09.340+0400] {dagbag.py:538} INFO - Filling up the DagBag from /Users/harut/opt/anaconda3/lib/python3.9/site-packages/airflow/example_dags/example_branch_operator.py
[2023-01-09T15:18:09.368+0400] {processor.py:753} INFO - DAG(s) dict_keys(['example_branch_operator']) retrieved from /Users/harut/opt/anaconda3/lib/python3.9/site-packages/airflow/example_dags/example_branch_operator.py
[2023-01-09T15:18:09.785+0400] {logging_mixin.py:137} INFO - [2023-01-09T15:18:09.785+0400] {dag.py:2676} INFO - Sync 1 DAGs
[2023-01-09T15:18:09.796+0400] {logging_mixin.py:137} INFO - [2023-01-09T15:18:09.796+0400] {dag.py:3423} INFO - Setting next_dagrun for example_branch_operator to 2023-01-08T00:00:00+00:00, run_after=2023-01-09T00:00:00+00:00
[2023-01-09T15:18:09.808+0400] {processor.py:175} INFO - Processing /Users/harut/opt/anaconda3/lib/python3.9/site-packages/airflow/example_dags/example_branch_operator.py took 0.470 seconds
[2023-01-09T15:19:32.832+0400] {processor.py:153} INFO - Started process (PID=14619) to work on /Users/harut/opt/anaconda3/lib/python3.9/site-packages/airflow/example_dags/example_branch_operator.py
[2023-01-09T15:19:32.832+0400] {processor.py:743} INFO - Processing file /Users/harut/opt/anaconda3/lib/python3.9/site-packages/airflow/example_dags/example_branch_operator.py for tasks to queue
[2023-01-09T15:19:32.832+0400] {logging_mixin.py:137} INFO - [2023-01-09T15:19:32.832+0400] {dagbag.py:538} INFO - Filling up the DagBag from /Users/harut/opt/anaconda3/lib/python3.9/site-packages/airflow/example_dags/example_branch_operator.py
[2023-01-09T15:19:32.858+0400] {processor.py:753} INFO - DAG(s) dict_keys(['example_branch_operator']) retrieved from /Users/harut/opt/anaconda3/lib/python3.9/site-packages/airflow/example_dags/example_branch_operator.py
[2023-01-09T15:19:33.239+0400] {logging_mixin.py:137} INFO - [2023-01-09T15:19:33.238+0400] {dag.py:2676} INFO - Sync 1 DAGs
[2023-01-09T15:19:33.248+0400] {logging_mixin.py:137} INFO - [2023-01-09T15:19:33.248+0400] {dag.py:3423} INFO - Setting next_dagrun for example_branch_operator to 2023-01-08T00:00:00+00:00, run_after=2023-01-09T00:00:00+00:00
[2023-01-09T15:19:33.258+0400] {processor.py:175} INFO - Processing /Users/harut/opt/anaconda3/lib/python3.9/site-packages/airflow/example_dags/example_branch_operator.py took 0.427 seconds
[2023-01-09T15:20:56.468+0400] {processor.py:153} INFO - Started process (PID=14663) to work on /Users/harut/opt/anaconda3/lib/python3.9/site-packages/airflow/example_dags/example_branch_operator.py
[2023-01-09T15:20:56.469+0400] {processor.py:743} INFO - Processing file /Users/harut/opt/anaconda3/lib/python3.9/site-packages/airflow/example_dags/example_branch_operator.py for tasks to queue
[2023-01-09T15:20:56.469+0400] {logging_mixin.py:137} INFO - [2023-01-09T15:20:56.469+0400] {dagbag.py:538} INFO - Filling up the DagBag from /Users/harut/opt/anaconda3/lib/python3.9/site-packages/airflow/example_dags/example_branch_operator.py
[2023-01-09T15:20:56.497+0400] {processor.py:753} INFO - DAG(s) dict_keys(['example_branch_operator']) retrieved from /Users/harut/opt/anaconda3/lib/python3.9/site-packages/airflow/example_dags/example_branch_operator.py
[2023-01-09T15:20:56.884+0400] {logging_mixin.py:137} INFO - [2023-01-09T15:20:56.884+0400] {dag.py:2676} INFO - Sync 1 DAGs
[2023-01-09T15:20:56.893+0400] {logging_mixin.py:137} INFO - [2023-01-09T15:20:56.893+0400] {dag.py:3423} INFO - Setting next_dagrun for example_branch_operator to 2023-01-08T00:00:00+00:00, run_after=2023-01-09T00:00:00+00:00
[2023-01-09T15:20:56.904+0400] {processor.py:175} INFO - Processing /Users/harut/opt/anaconda3/lib/python3.9/site-packages/airflow/example_dags/example_branch_operator.py took 0.436 seconds
[2023-01-09T15:22:21.264+0400] {processor.py:153} INFO - Started process (PID=14723) to work on /Users/harut/opt/anaconda3/lib/python3.9/site-packages/airflow/example_dags/example_branch_operator.py
[2023-01-09T15:22:21.264+0400] {processor.py:743} INFO - Processing file /Users/harut/opt/anaconda3/lib/python3.9/site-packages/airflow/example_dags/example_branch_operator.py for tasks to queue
[2023-01-09T15:22:21.264+0400] {logging_mixin.py:137} INFO - [2023-01-09T15:22:21.264+0400] {dagbag.py:538} INFO - Filling up the DagBag from /Users/harut/opt/anaconda3/lib/python3.9/site-packages/airflow/example_dags/example_branch_operator.py
[2023-01-09T15:22:21.291+0400] {processor.py:753} INFO - DAG(s) dict_keys(['example_branch_operator']) retrieved from /Users/harut/opt/anaconda3/lib/python3.9/site-packages/airflow/example_dags/example_branch_operator.py
[2023-01-09T15:22:21.689+0400] {logging_mixin.py:137} INFO - [2023-01-09T15:22:21.689+0400] {dag.py:2676} INFO - Sync 1 DAGs
[2023-01-09T15:22:21.699+0400] {logging_mixin.py:137} INFO - [2023-01-09T15:22:21.699+0400] {dag.py:3423} INFO - Setting next_dagrun for example_branch_operator to 2023-01-08T00:00:00+00:00, run_after=2023-01-09T00:00:00+00:00
[2023-01-09T15:22:21.710+0400] {processor.py:175} INFO - Processing /Users/harut/opt/anaconda3/lib/python3.9/site-packages/airflow/example_dags/example_branch_operator.py took 0.447 seconds
[2023-01-09T15:23:43.217+0400] {processor.py:153} INFO - Started process (PID=14766) to work on /Users/harut/opt/anaconda3/lib/python3.9/site-packages/airflow/example_dags/example_branch_operator.py
[2023-01-09T15:23:43.218+0400] {processor.py:743} INFO - Processing file /Users/harut/opt/anaconda3/lib/python3.9/site-packages/airflow/example_dags/example_branch_operator.py for tasks to queue
[2023-01-09T15:23:43.218+0400] {logging_mixin.py:137} INFO - [2023-01-09T15:23:43.218+0400] {dagbag.py:538} INFO - Filling up the DagBag from /Users/harut/opt/anaconda3/lib/python3.9/site-packages/airflow/example_dags/example_branch_operator.py
[2023-01-09T15:23:43.246+0400] {processor.py:753} INFO - DAG(s) dict_keys(['example_branch_operator']) retrieved from /Users/harut/opt/anaconda3/lib/python3.9/site-packages/airflow/example_dags/example_branch_operator.py
[2023-01-09T15:23:43.658+0400] {logging_mixin.py:137} INFO - [2023-01-09T15:23:43.658+0400] {dag.py:2676} INFO - Sync 1 DAGs
[2023-01-09T15:23:43.669+0400] {logging_mixin.py:137} INFO - [2023-01-09T15:23:43.669+0400] {dag.py:3423} INFO - Setting next_dagrun for example_branch_operator to 2023-01-08T00:00:00+00:00, run_after=2023-01-09T00:00:00+00:00
[2023-01-09T15:23:43.680+0400] {processor.py:175} INFO - Processing /Users/harut/opt/anaconda3/lib/python3.9/site-packages/airflow/example_dags/example_branch_operator.py took 0.463 seconds
[2023-01-09T15:25:07.482+0400] {processor.py:153} INFO - Started process (PID=14809) to work on /Users/harut/opt/anaconda3/lib/python3.9/site-packages/airflow/example_dags/example_branch_operator.py
[2023-01-09T15:25:07.483+0400] {processor.py:743} INFO - Processing file /Users/harut/opt/anaconda3/lib/python3.9/site-packages/airflow/example_dags/example_branch_operator.py for tasks to queue
[2023-01-09T15:25:07.483+0400] {logging_mixin.py:137} INFO - [2023-01-09T15:25:07.483+0400] {dagbag.py:538} INFO - Filling up the DagBag from /Users/harut/opt/anaconda3/lib/python3.9/site-packages/airflow/example_dags/example_branch_operator.py
[2023-01-09T15:25:07.509+0400] {processor.py:753} INFO - DAG(s) dict_keys(['example_branch_operator']) retrieved from /Users/harut/opt/anaconda3/lib/python3.9/site-packages/airflow/example_dags/example_branch_operator.py
[2023-01-09T15:25:07.893+0400] {logging_mixin.py:137} INFO - [2023-01-09T15:25:07.893+0400] {dag.py:2676} INFO - Sync 1 DAGs
[2023-01-09T15:25:07.903+0400] {logging_mixin.py:137} INFO - [2023-01-09T15:25:07.903+0400] {dag.py:3423} INFO - Setting next_dagrun for example_branch_operator to 2023-01-08T00:00:00+00:00, run_after=2023-01-09T00:00:00+00:00
[2023-01-09T15:25:07.913+0400] {processor.py:175} INFO - Processing /Users/harut/opt/anaconda3/lib/python3.9/site-packages/airflow/example_dags/example_branch_operator.py took 0.431 seconds
[2023-01-09T15:26:31.675+0400] {processor.py:153} INFO - Started process (PID=14856) to work on /Users/harut/opt/anaconda3/lib/python3.9/site-packages/airflow/example_dags/example_branch_operator.py
[2023-01-09T15:26:31.676+0400] {processor.py:743} INFO - Processing file /Users/harut/opt/anaconda3/lib/python3.9/site-packages/airflow/example_dags/example_branch_operator.py for tasks to queue
[2023-01-09T15:26:31.676+0400] {logging_mixin.py:137} INFO - [2023-01-09T15:26:31.676+0400] {dagbag.py:538} INFO - Filling up the DagBag from /Users/harut/opt/anaconda3/lib/python3.9/site-packages/airflow/example_dags/example_branch_operator.py
[2023-01-09T15:26:31.705+0400] {processor.py:753} INFO - DAG(s) dict_keys(['example_branch_operator']) retrieved from /Users/harut/opt/anaconda3/lib/python3.9/site-packages/airflow/example_dags/example_branch_operator.py
[2023-01-09T15:26:32.129+0400] {logging_mixin.py:137} INFO - [2023-01-09T15:26:32.129+0400] {dag.py:2676} INFO - Sync 1 DAGs
[2023-01-09T15:26:32.141+0400] {logging_mixin.py:137} INFO - [2023-01-09T15:26:32.141+0400] {dag.py:3423} INFO - Setting next_dagrun for example_branch_operator to 2023-01-08T00:00:00+00:00, run_after=2023-01-09T00:00:00+00:00
[2023-01-09T15:26:32.153+0400] {processor.py:175} INFO - Processing /Users/harut/opt/anaconda3/lib/python3.9/site-packages/airflow/example_dags/example_branch_operator.py took 0.478 seconds
[2023-01-09T15:27:53.696+0400] {processor.py:153} INFO - Started process (PID=14908) to work on /Users/harut/opt/anaconda3/lib/python3.9/site-packages/airflow/example_dags/example_branch_operator.py
[2023-01-09T15:27:53.697+0400] {processor.py:743} INFO - Processing file /Users/harut/opt/anaconda3/lib/python3.9/site-packages/airflow/example_dags/example_branch_operator.py for tasks to queue
[2023-01-09T15:27:53.697+0400] {logging_mixin.py:137} INFO - [2023-01-09T15:27:53.697+0400] {dagbag.py:538} INFO - Filling up the DagBag from /Users/harut/opt/anaconda3/lib/python3.9/site-packages/airflow/example_dags/example_branch_operator.py
[2023-01-09T15:27:53.726+0400] {processor.py:753} INFO - DAG(s) dict_keys(['example_branch_operator']) retrieved from /Users/harut/opt/anaconda3/lib/python3.9/site-packages/airflow/example_dags/example_branch_operator.py
[2023-01-09T15:27:54.146+0400] {logging_mixin.py:137} INFO - [2023-01-09T15:27:54.146+0400] {dag.py:2676} INFO - Sync 1 DAGs
[2023-01-09T15:27:54.158+0400] {logging_mixin.py:137} INFO - [2023-01-09T15:27:54.158+0400] {dag.py:3423} INFO - Setting next_dagrun for example_branch_operator to 2023-01-08T00:00:00+00:00, run_after=2023-01-09T00:00:00+00:00
[2023-01-09T15:27:54.170+0400] {processor.py:175} INFO - Processing /Users/harut/opt/anaconda3/lib/python3.9/site-packages/airflow/example_dags/example_branch_operator.py took 0.474 seconds
[2023-01-09T15:29:17.390+0400] {processor.py:153} INFO - Started process (PID=14953) to work on /Users/harut/opt/anaconda3/lib/python3.9/site-packages/airflow/example_dags/example_branch_operator.py
[2023-01-09T15:29:17.391+0400] {processor.py:743} INFO - Processing file /Users/harut/opt/anaconda3/lib/python3.9/site-packages/airflow/example_dags/example_branch_operator.py for tasks to queue
[2023-01-09T15:29:17.391+0400] {logging_mixin.py:137} INFO - [2023-01-09T15:29:17.391+0400] {dagbag.py:538} INFO - Filling up the DagBag from /Users/harut/opt/anaconda3/lib/python3.9/site-packages/airflow/example_dags/example_branch_operator.py
[2023-01-09T15:29:17.425+0400] {processor.py:753} INFO - DAG(s) dict_keys(['example_branch_operator']) retrieved from /Users/harut/opt/anaconda3/lib/python3.9/site-packages/airflow/example_dags/example_branch_operator.py
[2023-01-09T15:29:17.813+0400] {logging_mixin.py:137} INFO - [2023-01-09T15:29:17.812+0400] {dag.py:2676} INFO - Sync 1 DAGs
[2023-01-09T15:29:17.822+0400] {logging_mixin.py:137} INFO - [2023-01-09T15:29:17.822+0400] {dag.py:3423} INFO - Setting next_dagrun for example_branch_operator to 2023-01-08T00:00:00+00:00, run_after=2023-01-09T00:00:00+00:00
[2023-01-09T15:29:17.834+0400] {processor.py:175} INFO - Processing /Users/harut/opt/anaconda3/lib/python3.9/site-packages/airflow/example_dags/example_branch_operator.py took 0.444 seconds
[2023-01-09T15:30:38.454+0400] {processor.py:153} INFO - Started process (PID=14998) to work on /Users/harut/opt/anaconda3/lib/python3.9/site-packages/airflow/example_dags/example_branch_operator.py
[2023-01-09T15:30:38.455+0400] {processor.py:743} INFO - Processing file /Users/harut/opt/anaconda3/lib/python3.9/site-packages/airflow/example_dags/example_branch_operator.py for tasks to queue
[2023-01-09T15:30:38.455+0400] {logging_mixin.py:137} INFO - [2023-01-09T15:30:38.455+0400] {dagbag.py:538} INFO - Filling up the DagBag from /Users/harut/opt/anaconda3/lib/python3.9/site-packages/airflow/example_dags/example_branch_operator.py
[2023-01-09T15:30:38.493+0400] {processor.py:753} INFO - DAG(s) dict_keys(['example_branch_operator']) retrieved from /Users/harut/opt/anaconda3/lib/python3.9/site-packages/airflow/example_dags/example_branch_operator.py
[2023-01-09T15:30:38.895+0400] {logging_mixin.py:137} INFO - [2023-01-09T15:30:38.895+0400] {dag.py:2676} INFO - Sync 1 DAGs
[2023-01-09T15:30:38.905+0400] {logging_mixin.py:137} INFO - [2023-01-09T15:30:38.905+0400] {dag.py:3423} INFO - Setting next_dagrun for example_branch_operator to 2023-01-08T00:00:00+00:00, run_after=2023-01-09T00:00:00+00:00
[2023-01-09T15:30:38.916+0400] {processor.py:175} INFO - Processing /Users/harut/opt/anaconda3/lib/python3.9/site-packages/airflow/example_dags/example_branch_operator.py took 0.462 seconds
[2023-01-09T15:32:00.663+0400] {processor.py:153} INFO - Started process (PID=15045) to work on /Users/harut/opt/anaconda3/lib/python3.9/site-packages/airflow/example_dags/example_branch_operator.py
[2023-01-09T15:32:00.663+0400] {processor.py:743} INFO - Processing file /Users/harut/opt/anaconda3/lib/python3.9/site-packages/airflow/example_dags/example_branch_operator.py for tasks to queue
[2023-01-09T15:32:00.664+0400] {logging_mixin.py:137} INFO - [2023-01-09T15:32:00.664+0400] {dagbag.py:538} INFO - Filling up the DagBag from /Users/harut/opt/anaconda3/lib/python3.9/site-packages/airflow/example_dags/example_branch_operator.py
[2023-01-09T15:32:00.691+0400] {processor.py:753} INFO - DAG(s) dict_keys(['example_branch_operator']) retrieved from /Users/harut/opt/anaconda3/lib/python3.9/site-packages/airflow/example_dags/example_branch_operator.py
[2023-01-09T15:32:01.106+0400] {logging_mixin.py:137} INFO - [2023-01-09T15:32:01.106+0400] {dag.py:2676} INFO - Sync 1 DAGs
[2023-01-09T15:32:01.117+0400] {logging_mixin.py:137} INFO - [2023-01-09T15:32:01.117+0400] {dag.py:3423} INFO - Setting next_dagrun for example_branch_operator to 2023-01-08T00:00:00+00:00, run_after=2023-01-09T00:00:00+00:00
[2023-01-09T15:32:01.129+0400] {processor.py:175} INFO - Processing /Users/harut/opt/anaconda3/lib/python3.9/site-packages/airflow/example_dags/example_branch_operator.py took 0.467 seconds
[2023-01-09T15:33:23.840+0400] {processor.py:153} INFO - Started process (PID=15090) to work on /Users/harut/opt/anaconda3/lib/python3.9/site-packages/airflow/example_dags/example_branch_operator.py
[2023-01-09T15:33:23.841+0400] {processor.py:743} INFO - Processing file /Users/harut/opt/anaconda3/lib/python3.9/site-packages/airflow/example_dags/example_branch_operator.py for tasks to queue
[2023-01-09T15:33:23.841+0400] {logging_mixin.py:137} INFO - [2023-01-09T15:33:23.841+0400] {dagbag.py:538} INFO - Filling up the DagBag from /Users/harut/opt/anaconda3/lib/python3.9/site-packages/airflow/example_dags/example_branch_operator.py
[2023-01-09T15:33:23.869+0400] {processor.py:753} INFO - DAG(s) dict_keys(['example_branch_operator']) retrieved from /Users/harut/opt/anaconda3/lib/python3.9/site-packages/airflow/example_dags/example_branch_operator.py
[2023-01-09T15:33:24.276+0400] {logging_mixin.py:137} INFO - [2023-01-09T15:33:24.276+0400] {dag.py:2676} INFO - Sync 1 DAGs
[2023-01-09T15:33:24.287+0400] {logging_mixin.py:137} INFO - [2023-01-09T15:33:24.287+0400] {dag.py:3423} INFO - Setting next_dagrun for example_branch_operator to 2023-01-08T00:00:00+00:00, run_after=2023-01-09T00:00:00+00:00
[2023-01-09T15:33:24.298+0400] {processor.py:175} INFO - Processing /Users/harut/opt/anaconda3/lib/python3.9/site-packages/airflow/example_dags/example_branch_operator.py took 0.458 seconds
[2023-01-09T15:34:48.015+0400] {processor.py:153} INFO - Started process (PID=15137) to work on /Users/harut/opt/anaconda3/lib/python3.9/site-packages/airflow/example_dags/example_branch_operator.py
[2023-01-09T15:34:48.015+0400] {processor.py:743} INFO - Processing file /Users/harut/opt/anaconda3/lib/python3.9/site-packages/airflow/example_dags/example_branch_operator.py for tasks to queue
[2023-01-09T15:34:48.016+0400] {logging_mixin.py:137} INFO - [2023-01-09T15:34:48.016+0400] {dagbag.py:538} INFO - Filling up the DagBag from /Users/harut/opt/anaconda3/lib/python3.9/site-packages/airflow/example_dags/example_branch_operator.py
[2023-01-09T15:34:48.044+0400] {processor.py:753} INFO - DAG(s) dict_keys(['example_branch_operator']) retrieved from /Users/harut/opt/anaconda3/lib/python3.9/site-packages/airflow/example_dags/example_branch_operator.py
[2023-01-09T15:34:48.503+0400] {logging_mixin.py:137} INFO - [2023-01-09T15:34:48.503+0400] {dag.py:2676} INFO - Sync 1 DAGs
[2023-01-09T15:34:48.515+0400] {logging_mixin.py:137} INFO - [2023-01-09T15:34:48.515+0400] {dag.py:3423} INFO - Setting next_dagrun for example_branch_operator to 2023-01-08T00:00:00+00:00, run_after=2023-01-09T00:00:00+00:00
[2023-01-09T15:34:48.530+0400] {processor.py:175} INFO - Processing /Users/harut/opt/anaconda3/lib/python3.9/site-packages/airflow/example_dags/example_branch_operator.py took 0.515 seconds
[2023-01-09T15:36:11.701+0400] {processor.py:153} INFO - Started process (PID=15190) to work on /Users/harut/opt/anaconda3/lib/python3.9/site-packages/airflow/example_dags/example_branch_operator.py
[2023-01-09T15:36:11.701+0400] {processor.py:743} INFO - Processing file /Users/harut/opt/anaconda3/lib/python3.9/site-packages/airflow/example_dags/example_branch_operator.py for tasks to queue
[2023-01-09T15:36:11.702+0400] {logging_mixin.py:137} INFO - [2023-01-09T15:36:11.702+0400] {dagbag.py:538} INFO - Filling up the DagBag from /Users/harut/opt/anaconda3/lib/python3.9/site-packages/airflow/example_dags/example_branch_operator.py
[2023-01-09T15:36:11.730+0400] {processor.py:753} INFO - DAG(s) dict_keys(['example_branch_operator']) retrieved from /Users/harut/opt/anaconda3/lib/python3.9/site-packages/airflow/example_dags/example_branch_operator.py
[2023-01-09T15:36:12.117+0400] {logging_mixin.py:137} INFO - [2023-01-09T15:36:12.116+0400] {dag.py:2676} INFO - Sync 1 DAGs
[2023-01-09T15:36:12.127+0400] {logging_mixin.py:137} INFO - [2023-01-09T15:36:12.127+0400] {dag.py:3423} INFO - Setting next_dagrun for example_branch_operator to 2023-01-08T00:00:00+00:00, run_after=2023-01-09T00:00:00+00:00
[2023-01-09T15:36:12.137+0400] {processor.py:175} INFO - Processing /Users/harut/opt/anaconda3/lib/python3.9/site-packages/airflow/example_dags/example_branch_operator.py took 0.437 seconds
[2023-01-09T15:37:34.891+0400] {processor.py:153} INFO - Started process (PID=15246) to work on /Users/harut/opt/anaconda3/lib/python3.9/site-packages/airflow/example_dags/example_branch_operator.py
[2023-01-09T15:37:34.892+0400] {processor.py:743} INFO - Processing file /Users/harut/opt/anaconda3/lib/python3.9/site-packages/airflow/example_dags/example_branch_operator.py for tasks to queue
[2023-01-09T15:37:34.892+0400] {logging_mixin.py:137} INFO - [2023-01-09T15:37:34.892+0400] {dagbag.py:538} INFO - Filling up the DagBag from /Users/harut/opt/anaconda3/lib/python3.9/site-packages/airflow/example_dags/example_branch_operator.py
[2023-01-09T15:37:34.918+0400] {processor.py:753} INFO - DAG(s) dict_keys(['example_branch_operator']) retrieved from /Users/harut/opt/anaconda3/lib/python3.9/site-packages/airflow/example_dags/example_branch_operator.py
[2023-01-09T15:37:35.332+0400] {logging_mixin.py:137} INFO - [2023-01-09T15:37:35.332+0400] {dag.py:2676} INFO - Sync 1 DAGs
[2023-01-09T15:37:35.342+0400] {logging_mixin.py:137} INFO - [2023-01-09T15:37:35.342+0400] {dag.py:3423} INFO - Setting next_dagrun for example_branch_operator to 2023-01-08T00:00:00+00:00, run_after=2023-01-09T00:00:00+00:00
[2023-01-09T15:37:35.352+0400] {processor.py:175} INFO - Processing /Users/harut/opt/anaconda3/lib/python3.9/site-packages/airflow/example_dags/example_branch_operator.py took 0.461 seconds
[2023-01-09T15:38:56.737+0400] {processor.py:153} INFO - Started process (PID=15288) to work on /Users/harut/opt/anaconda3/lib/python3.9/site-packages/airflow/example_dags/example_branch_operator.py
[2023-01-09T15:38:56.738+0400] {processor.py:743} INFO - Processing file /Users/harut/opt/anaconda3/lib/python3.9/site-packages/airflow/example_dags/example_branch_operator.py for tasks to queue
[2023-01-09T15:38:56.738+0400] {logging_mixin.py:137} INFO - [2023-01-09T15:38:56.738+0400] {dagbag.py:538} INFO - Filling up the DagBag from /Users/harut/opt/anaconda3/lib/python3.9/site-packages/airflow/example_dags/example_branch_operator.py
[2023-01-09T15:38:56.763+0400] {processor.py:753} INFO - DAG(s) dict_keys(['example_branch_operator']) retrieved from /Users/harut/opt/anaconda3/lib/python3.9/site-packages/airflow/example_dags/example_branch_operator.py
[2023-01-09T15:38:57.129+0400] {logging_mixin.py:137} INFO - [2023-01-09T15:38:57.129+0400] {dag.py:2676} INFO - Sync 1 DAGs
[2023-01-09T15:38:57.138+0400] {logging_mixin.py:137} INFO - [2023-01-09T15:38:57.138+0400] {dag.py:3423} INFO - Setting next_dagrun for example_branch_operator to 2023-01-08T00:00:00+00:00, run_after=2023-01-09T00:00:00+00:00
[2023-01-09T15:38:57.148+0400] {processor.py:175} INFO - Processing /Users/harut/opt/anaconda3/lib/python3.9/site-packages/airflow/example_dags/example_branch_operator.py took 0.411 seconds
[2023-01-09T15:40:18.856+0400] {processor.py:153} INFO - Started process (PID=15334) to work on /Users/harut/opt/anaconda3/lib/python3.9/site-packages/airflow/example_dags/example_branch_operator.py
[2023-01-09T15:40:18.857+0400] {processor.py:743} INFO - Processing file /Users/harut/opt/anaconda3/lib/python3.9/site-packages/airflow/example_dags/example_branch_operator.py for tasks to queue
[2023-01-09T15:40:18.857+0400] {logging_mixin.py:137} INFO - [2023-01-09T15:40:18.857+0400] {dagbag.py:538} INFO - Filling up the DagBag from /Users/harut/opt/anaconda3/lib/python3.9/site-packages/airflow/example_dags/example_branch_operator.py
[2023-01-09T15:40:18.885+0400] {processor.py:753} INFO - DAG(s) dict_keys(['example_branch_operator']) retrieved from /Users/harut/opt/anaconda3/lib/python3.9/site-packages/airflow/example_dags/example_branch_operator.py
[2023-01-09T15:40:19.324+0400] {logging_mixin.py:137} INFO - [2023-01-09T15:40:19.323+0400] {dag.py:2676} INFO - Sync 1 DAGs
[2023-01-09T15:40:19.335+0400] {logging_mixin.py:137} INFO - [2023-01-09T15:40:19.334+0400] {dag.py:3423} INFO - Setting next_dagrun for example_branch_operator to 2023-01-08T00:00:00+00:00, run_after=2023-01-09T00:00:00+00:00
[2023-01-09T15:40:19.346+0400] {processor.py:175} INFO - Processing /Users/harut/opt/anaconda3/lib/python3.9/site-packages/airflow/example_dags/example_branch_operator.py took 0.490 seconds
