[2023-01-09T14:16:45.554+0400] {processor.py:153} INFO - Started process (PID=12405) to work on /Users/harut/opt/anaconda3/lib/python3.9/site-packages/airflow/example_dags/example_time_delta_sensor_async.py
[2023-01-09T14:16:45.555+0400] {processor.py:743} INFO - Processing file /Users/harut/opt/anaconda3/lib/python3.9/site-packages/airflow/example_dags/example_time_delta_sensor_async.py for tasks to queue
[2023-01-09T14:16:45.555+0400] {logging_mixin.py:137} INFO - [2023-01-09T14:16:45.555+0400] {dagbag.py:538} INFO - Filling up the DagBag from /Users/harut/opt/anaconda3/lib/python3.9/site-packages/airflow/example_dags/example_time_delta_sensor_async.py
[2023-01-09T14:16:45.571+0400] {processor.py:753} INFO - DAG(s) dict_keys(['example_time_delta_sensor_async']) retrieved from /Users/harut/opt/anaconda3/lib/python3.9/site-packages/airflow/example_dags/example_time_delta_sensor_async.py
[2023-01-09T14:16:45.599+0400] {logging_mixin.py:137} INFO - [2023-01-09T14:16:45.599+0400] {dag.py:2676} INFO - Sync 1 DAGs
[2023-01-09T14:16:45.967+0400] {logging_mixin.py:137} INFO - [2023-01-09T14:16:45.966+0400] {dag.py:3423} INFO - Setting next_dagrun for example_time_delta_sensor_async to None, run_after=None
[2023-01-09T14:16:45.977+0400] {processor.py:175} INFO - Processing /Users/harut/opt/anaconda3/lib/python3.9/site-packages/airflow/example_dags/example_time_delta_sensor_async.py took 0.423 seconds
[2023-01-09T14:18:08.444+0400] {processor.py:153} INFO - Started process (PID=12448) to work on /Users/harut/opt/anaconda3/lib/python3.9/site-packages/airflow/example_dags/example_time_delta_sensor_async.py
[2023-01-09T14:18:08.445+0400] {processor.py:743} INFO - Processing file /Users/harut/opt/anaconda3/lib/python3.9/site-packages/airflow/example_dags/example_time_delta_sensor_async.py for tasks to queue
[2023-01-09T14:18:08.445+0400] {logging_mixin.py:137} INFO - [2023-01-09T14:18:08.445+0400] {dagbag.py:538} INFO - Filling up the DagBag from /Users/harut/opt/anaconda3/lib/python3.9/site-packages/airflow/example_dags/example_time_delta_sensor_async.py
[2023-01-09T14:18:08.461+0400] {processor.py:753} INFO - DAG(s) dict_keys(['example_time_delta_sensor_async']) retrieved from /Users/harut/opt/anaconda3/lib/python3.9/site-packages/airflow/example_dags/example_time_delta_sensor_async.py
[2023-01-09T14:18:08.946+0400] {logging_mixin.py:137} INFO - [2023-01-09T14:18:08.946+0400] {dag.py:2676} INFO - Sync 1 DAGs
[2023-01-09T14:18:08.955+0400] {logging_mixin.py:137} INFO - [2023-01-09T14:18:08.955+0400] {dag.py:3423} INFO - Setting next_dagrun for example_time_delta_sensor_async to None, run_after=None
[2023-01-09T14:18:08.965+0400] {processor.py:175} INFO - Processing /Users/harut/opt/anaconda3/lib/python3.9/site-packages/airflow/example_dags/example_time_delta_sensor_async.py took 0.521 seconds
[2023-01-09T14:19:17.347+0400] {processor.py:153} INFO - Started process (PID=12503) to work on /Users/harut/opt/anaconda3/lib/python3.9/site-packages/airflow/example_dags/example_time_delta_sensor_async.py
[2023-01-09T14:19:17.348+0400] {processor.py:743} INFO - Processing file /Users/harut/opt/anaconda3/lib/python3.9/site-packages/airflow/example_dags/example_time_delta_sensor_async.py for tasks to queue
[2023-01-09T14:19:17.348+0400] {logging_mixin.py:137} INFO - [2023-01-09T14:19:17.348+0400] {dagbag.py:538} INFO - Filling up the DagBag from /Users/harut/opt/anaconda3/lib/python3.9/site-packages/airflow/example_dags/example_time_delta_sensor_async.py
[2023-01-09T14:19:17.364+0400] {processor.py:753} INFO - DAG(s) dict_keys(['example_time_delta_sensor_async']) retrieved from /Users/harut/opt/anaconda3/lib/python3.9/site-packages/airflow/example_dags/example_time_delta_sensor_async.py
[2023-01-09T14:19:17.872+0400] {logging_mixin.py:137} INFO - [2023-01-09T14:19:17.872+0400] {dag.py:2676} INFO - Sync 1 DAGs
[2023-01-09T14:19:17.881+0400] {logging_mixin.py:137} INFO - [2023-01-09T14:19:17.881+0400] {dag.py:3423} INFO - Setting next_dagrun for example_time_delta_sensor_async to None, run_after=None
[2023-01-09T14:19:17.891+0400] {processor.py:175} INFO - Processing /Users/harut/opt/anaconda3/lib/python3.9/site-packages/airflow/example_dags/example_time_delta_sensor_async.py took 0.544 seconds
[2023-01-09T14:20:32.005+0400] {processor.py:153} INFO - Started process (PID=12541) to work on /Users/harut/opt/anaconda3/lib/python3.9/site-packages/airflow/example_dags/example_time_delta_sensor_async.py
[2023-01-09T14:20:32.006+0400] {processor.py:743} INFO - Processing file /Users/harut/opt/anaconda3/lib/python3.9/site-packages/airflow/example_dags/example_time_delta_sensor_async.py for tasks to queue
[2023-01-09T14:20:32.006+0400] {logging_mixin.py:137} INFO - [2023-01-09T14:20:32.006+0400] {dagbag.py:538} INFO - Filling up the DagBag from /Users/harut/opt/anaconda3/lib/python3.9/site-packages/airflow/example_dags/example_time_delta_sensor_async.py
[2023-01-09T14:20:32.023+0400] {processor.py:753} INFO - DAG(s) dict_keys(['example_time_delta_sensor_async']) retrieved from /Users/harut/opt/anaconda3/lib/python3.9/site-packages/airflow/example_dags/example_time_delta_sensor_async.py
[2023-01-09T14:20:32.533+0400] {logging_mixin.py:137} INFO - [2023-01-09T14:20:32.533+0400] {dag.py:2676} INFO - Sync 1 DAGs
[2023-01-09T14:20:32.542+0400] {logging_mixin.py:137} INFO - [2023-01-09T14:20:32.542+0400] {dag.py:3423} INFO - Setting next_dagrun for example_time_delta_sensor_async to None, run_after=None
[2023-01-09T14:20:32.552+0400] {processor.py:175} INFO - Processing /Users/harut/opt/anaconda3/lib/python3.9/site-packages/airflow/example_dags/example_time_delta_sensor_async.py took 0.547 seconds
[2023-01-09T14:21:47.305+0400] {processor.py:153} INFO - Started process (PID=12587) to work on /Users/harut/opt/anaconda3/lib/python3.9/site-packages/airflow/example_dags/example_time_delta_sensor_async.py
[2023-01-09T14:21:47.305+0400] {processor.py:743} INFO - Processing file /Users/harut/opt/anaconda3/lib/python3.9/site-packages/airflow/example_dags/example_time_delta_sensor_async.py for tasks to queue
[2023-01-09T14:21:47.306+0400] {logging_mixin.py:137} INFO - [2023-01-09T14:21:47.305+0400] {dagbag.py:538} INFO - Filling up the DagBag from /Users/harut/opt/anaconda3/lib/python3.9/site-packages/airflow/example_dags/example_time_delta_sensor_async.py
[2023-01-09T14:21:47.321+0400] {processor.py:753} INFO - DAG(s) dict_keys(['example_time_delta_sensor_async']) retrieved from /Users/harut/opt/anaconda3/lib/python3.9/site-packages/airflow/example_dags/example_time_delta_sensor_async.py
[2023-01-09T14:21:47.813+0400] {logging_mixin.py:137} INFO - [2023-01-09T14:21:47.813+0400] {dag.py:2676} INFO - Sync 1 DAGs
[2023-01-09T14:21:47.822+0400] {logging_mixin.py:137} INFO - [2023-01-09T14:21:47.822+0400] {dag.py:3423} INFO - Setting next_dagrun for example_time_delta_sensor_async to None, run_after=None
[2023-01-09T14:21:47.832+0400] {processor.py:175} INFO - Processing /Users/harut/opt/anaconda3/lib/python3.9/site-packages/airflow/example_dags/example_time_delta_sensor_async.py took 0.527 seconds
[2023-01-09T14:23:01.406+0400] {processor.py:153} INFO - Started process (PID=12633) to work on /Users/harut/opt/anaconda3/lib/python3.9/site-packages/airflow/example_dags/example_time_delta_sensor_async.py
[2023-01-09T14:23:01.407+0400] {processor.py:743} INFO - Processing file /Users/harut/opt/anaconda3/lib/python3.9/site-packages/airflow/example_dags/example_time_delta_sensor_async.py for tasks to queue
[2023-01-09T14:23:01.407+0400] {logging_mixin.py:137} INFO - [2023-01-09T14:23:01.407+0400] {dagbag.py:538} INFO - Filling up the DagBag from /Users/harut/opt/anaconda3/lib/python3.9/site-packages/airflow/example_dags/example_time_delta_sensor_async.py
[2023-01-09T14:23:01.423+0400] {processor.py:753} INFO - DAG(s) dict_keys(['example_time_delta_sensor_async']) retrieved from /Users/harut/opt/anaconda3/lib/python3.9/site-packages/airflow/example_dags/example_time_delta_sensor_async.py
[2023-01-09T14:23:01.912+0400] {logging_mixin.py:137} INFO - [2023-01-09T14:23:01.912+0400] {dag.py:2676} INFO - Sync 1 DAGs
[2023-01-09T14:23:01.921+0400] {logging_mixin.py:137} INFO - [2023-01-09T14:23:01.921+0400] {dag.py:3423} INFO - Setting next_dagrun for example_time_delta_sensor_async to None, run_after=None
[2023-01-09T14:23:01.931+0400] {processor.py:175} INFO - Processing /Users/harut/opt/anaconda3/lib/python3.9/site-packages/airflow/example_dags/example_time_delta_sensor_async.py took 0.524 seconds
[2023-01-09T14:24:22.689+0400] {processor.py:153} INFO - Started process (PID=12678) to work on /Users/harut/opt/anaconda3/lib/python3.9/site-packages/airflow/example_dags/example_time_delta_sensor_async.py
[2023-01-09T14:24:22.689+0400] {processor.py:743} INFO - Processing file /Users/harut/opt/anaconda3/lib/python3.9/site-packages/airflow/example_dags/example_time_delta_sensor_async.py for tasks to queue
[2023-01-09T14:24:22.690+0400] {logging_mixin.py:137} INFO - [2023-01-09T14:24:22.690+0400] {dagbag.py:538} INFO - Filling up the DagBag from /Users/harut/opt/anaconda3/lib/python3.9/site-packages/airflow/example_dags/example_time_delta_sensor_async.py
[2023-01-09T14:24:22.709+0400] {processor.py:753} INFO - DAG(s) dict_keys(['example_time_delta_sensor_async']) retrieved from /Users/harut/opt/anaconda3/lib/python3.9/site-packages/airflow/example_dags/example_time_delta_sensor_async.py
[2023-01-09T14:24:23.228+0400] {logging_mixin.py:137} INFO - [2023-01-09T14:24:23.228+0400] {dag.py:2676} INFO - Sync 1 DAGs
[2023-01-09T14:24:23.236+0400] {logging_mixin.py:137} INFO - [2023-01-09T14:24:23.236+0400] {dag.py:3423} INFO - Setting next_dagrun for example_time_delta_sensor_async to None, run_after=None
[2023-01-09T14:24:23.246+0400] {processor.py:175} INFO - Processing /Users/harut/opt/anaconda3/lib/python3.9/site-packages/airflow/example_dags/example_time_delta_sensor_async.py took 0.557 seconds
[2023-01-09T14:25:41.567+0400] {processor.py:153} INFO - Started process (PID=12721) to work on /Users/harut/opt/anaconda3/lib/python3.9/site-packages/airflow/example_dags/example_time_delta_sensor_async.py
[2023-01-09T14:25:41.568+0400] {processor.py:743} INFO - Processing file /Users/harut/opt/anaconda3/lib/python3.9/site-packages/airflow/example_dags/example_time_delta_sensor_async.py for tasks to queue
[2023-01-09T14:25:41.568+0400] {logging_mixin.py:137} INFO - [2023-01-09T14:25:41.568+0400] {dagbag.py:538} INFO - Filling up the DagBag from /Users/harut/opt/anaconda3/lib/python3.9/site-packages/airflow/example_dags/example_time_delta_sensor_async.py
[2023-01-09T14:25:41.584+0400] {processor.py:753} INFO - DAG(s) dict_keys(['example_time_delta_sensor_async']) retrieved from /Users/harut/opt/anaconda3/lib/python3.9/site-packages/airflow/example_dags/example_time_delta_sensor_async.py
[2023-01-09T14:25:42.087+0400] {logging_mixin.py:137} INFO - [2023-01-09T14:25:42.087+0400] {dag.py:2676} INFO - Sync 1 DAGs
[2023-01-09T14:25:42.095+0400] {logging_mixin.py:137} INFO - [2023-01-09T14:25:42.095+0400] {dag.py:3423} INFO - Setting next_dagrun for example_time_delta_sensor_async to None, run_after=None
[2023-01-09T14:25:42.105+0400] {processor.py:175} INFO - Processing /Users/harut/opt/anaconda3/lib/python3.9/site-packages/airflow/example_dags/example_time_delta_sensor_async.py took 0.538 seconds
[2023-01-09T14:26:58.180+0400] {processor.py:153} INFO - Started process (PID=12767) to work on /Users/harut/opt/anaconda3/lib/python3.9/site-packages/airflow/example_dags/example_time_delta_sensor_async.py
[2023-01-09T14:26:58.181+0400] {processor.py:743} INFO - Processing file /Users/harut/opt/anaconda3/lib/python3.9/site-packages/airflow/example_dags/example_time_delta_sensor_async.py for tasks to queue
[2023-01-09T14:26:58.181+0400] {logging_mixin.py:137} INFO - [2023-01-09T14:26:58.181+0400] {dagbag.py:538} INFO - Filling up the DagBag from /Users/harut/opt/anaconda3/lib/python3.9/site-packages/airflow/example_dags/example_time_delta_sensor_async.py
[2023-01-09T14:26:58.197+0400] {processor.py:753} INFO - DAG(s) dict_keys(['example_time_delta_sensor_async']) retrieved from /Users/harut/opt/anaconda3/lib/python3.9/site-packages/airflow/example_dags/example_time_delta_sensor_async.py
[2023-01-09T14:26:58.703+0400] {logging_mixin.py:137} INFO - [2023-01-09T14:26:58.703+0400] {dag.py:2676} INFO - Sync 1 DAGs
[2023-01-09T14:26:58.713+0400] {logging_mixin.py:137} INFO - [2023-01-09T14:26:58.713+0400] {dag.py:3423} INFO - Setting next_dagrun for example_time_delta_sensor_async to None, run_after=None
[2023-01-09T14:26:58.724+0400] {processor.py:175} INFO - Processing /Users/harut/opt/anaconda3/lib/python3.9/site-packages/airflow/example_dags/example_time_delta_sensor_async.py took 0.545 seconds
[2023-01-09T14:28:15.307+0400] {processor.py:153} INFO - Started process (PID=12810) to work on /Users/harut/opt/anaconda3/lib/python3.9/site-packages/airflow/example_dags/example_time_delta_sensor_async.py
[2023-01-09T14:28:15.308+0400] {processor.py:743} INFO - Processing file /Users/harut/opt/anaconda3/lib/python3.9/site-packages/airflow/example_dags/example_time_delta_sensor_async.py for tasks to queue
[2023-01-09T14:28:15.308+0400] {logging_mixin.py:137} INFO - [2023-01-09T14:28:15.308+0400] {dagbag.py:538} INFO - Filling up the DagBag from /Users/harut/opt/anaconda3/lib/python3.9/site-packages/airflow/example_dags/example_time_delta_sensor_async.py
[2023-01-09T14:28:15.324+0400] {processor.py:753} INFO - DAG(s) dict_keys(['example_time_delta_sensor_async']) retrieved from /Users/harut/opt/anaconda3/lib/python3.9/site-packages/airflow/example_dags/example_time_delta_sensor_async.py
[2023-01-09T14:28:15.813+0400] {logging_mixin.py:137} INFO - [2023-01-09T14:28:15.813+0400] {dag.py:2676} INFO - Sync 1 DAGs
[2023-01-09T14:28:15.821+0400] {logging_mixin.py:137} INFO - [2023-01-09T14:28:15.821+0400] {dag.py:3423} INFO - Setting next_dagrun for example_time_delta_sensor_async to None, run_after=None
[2023-01-09T14:28:15.831+0400] {processor.py:175} INFO - Processing /Users/harut/opt/anaconda3/lib/python3.9/site-packages/airflow/example_dags/example_time_delta_sensor_async.py took 0.525 seconds
[2023-01-09T14:29:33.418+0400] {processor.py:153} INFO - Started process (PID=12851) to work on /Users/harut/opt/anaconda3/lib/python3.9/site-packages/airflow/example_dags/example_time_delta_sensor_async.py
[2023-01-09T14:29:33.418+0400] {processor.py:743} INFO - Processing file /Users/harut/opt/anaconda3/lib/python3.9/site-packages/airflow/example_dags/example_time_delta_sensor_async.py for tasks to queue
[2023-01-09T14:29:33.418+0400] {logging_mixin.py:137} INFO - [2023-01-09T14:29:33.418+0400] {dagbag.py:538} INFO - Filling up the DagBag from /Users/harut/opt/anaconda3/lib/python3.9/site-packages/airflow/example_dags/example_time_delta_sensor_async.py
[2023-01-09T14:29:33.435+0400] {processor.py:753} INFO - DAG(s) dict_keys(['example_time_delta_sensor_async']) retrieved from /Users/harut/opt/anaconda3/lib/python3.9/site-packages/airflow/example_dags/example_time_delta_sensor_async.py
[2023-01-09T14:29:33.923+0400] {logging_mixin.py:137} INFO - [2023-01-09T14:29:33.923+0400] {dag.py:2676} INFO - Sync 1 DAGs
[2023-01-09T14:29:33.932+0400] {logging_mixin.py:137} INFO - [2023-01-09T14:29:33.932+0400] {dag.py:3423} INFO - Setting next_dagrun for example_time_delta_sensor_async to None, run_after=None
[2023-01-09T14:29:33.942+0400] {processor.py:175} INFO - Processing /Users/harut/opt/anaconda3/lib/python3.9/site-packages/airflow/example_dags/example_time_delta_sensor_async.py took 0.525 seconds
[2023-01-09T14:30:48.325+0400] {processor.py:153} INFO - Started process (PID=12897) to work on /Users/harut/opt/anaconda3/lib/python3.9/site-packages/airflow/example_dags/example_time_delta_sensor_async.py
[2023-01-09T14:30:48.326+0400] {processor.py:743} INFO - Processing file /Users/harut/opt/anaconda3/lib/python3.9/site-packages/airflow/example_dags/example_time_delta_sensor_async.py for tasks to queue
[2023-01-09T14:30:48.326+0400] {logging_mixin.py:137} INFO - [2023-01-09T14:30:48.326+0400] {dagbag.py:538} INFO - Filling up the DagBag from /Users/harut/opt/anaconda3/lib/python3.9/site-packages/airflow/example_dags/example_time_delta_sensor_async.py
[2023-01-09T14:30:48.342+0400] {processor.py:753} INFO - DAG(s) dict_keys(['example_time_delta_sensor_async']) retrieved from /Users/harut/opt/anaconda3/lib/python3.9/site-packages/airflow/example_dags/example_time_delta_sensor_async.py
[2023-01-09T14:30:48.826+0400] {logging_mixin.py:137} INFO - [2023-01-09T14:30:48.825+0400] {dag.py:2676} INFO - Sync 1 DAGs
[2023-01-09T14:30:48.835+0400] {logging_mixin.py:137} INFO - [2023-01-09T14:30:48.834+0400] {dag.py:3423} INFO - Setting next_dagrun for example_time_delta_sensor_async to None, run_after=None
[2023-01-09T14:30:48.844+0400] {processor.py:175} INFO - Processing /Users/harut/opt/anaconda3/lib/python3.9/site-packages/airflow/example_dags/example_time_delta_sensor_async.py took 0.520 seconds
[2023-01-09T14:32:02.981+0400] {processor.py:153} INFO - Started process (PID=12940) to work on /Users/harut/opt/anaconda3/lib/python3.9/site-packages/airflow/example_dags/example_time_delta_sensor_async.py
[2023-01-09T14:32:02.982+0400] {processor.py:743} INFO - Processing file /Users/harut/opt/anaconda3/lib/python3.9/site-packages/airflow/example_dags/example_time_delta_sensor_async.py for tasks to queue
[2023-01-09T14:32:02.982+0400] {logging_mixin.py:137} INFO - [2023-01-09T14:32:02.982+0400] {dagbag.py:538} INFO - Filling up the DagBag from /Users/harut/opt/anaconda3/lib/python3.9/site-packages/airflow/example_dags/example_time_delta_sensor_async.py
[2023-01-09T14:32:02.998+0400] {processor.py:753} INFO - DAG(s) dict_keys(['example_time_delta_sensor_async']) retrieved from /Users/harut/opt/anaconda3/lib/python3.9/site-packages/airflow/example_dags/example_time_delta_sensor_async.py
[2023-01-09T14:32:03.476+0400] {logging_mixin.py:137} INFO - [2023-01-09T14:32:03.476+0400] {dag.py:2676} INFO - Sync 1 DAGs
[2023-01-09T14:32:03.485+0400] {logging_mixin.py:137} INFO - [2023-01-09T14:32:03.485+0400] {dag.py:3423} INFO - Setting next_dagrun for example_time_delta_sensor_async to None, run_after=None
[2023-01-09T14:32:03.495+0400] {processor.py:175} INFO - Processing /Users/harut/opt/anaconda3/lib/python3.9/site-packages/airflow/example_dags/example_time_delta_sensor_async.py took 0.515 seconds
[2023-01-09T14:33:20.506+0400] {processor.py:153} INFO - Started process (PID=12989) to work on /Users/harut/opt/anaconda3/lib/python3.9/site-packages/airflow/example_dags/example_time_delta_sensor_async.py
[2023-01-09T14:33:20.507+0400] {processor.py:743} INFO - Processing file /Users/harut/opt/anaconda3/lib/python3.9/site-packages/airflow/example_dags/example_time_delta_sensor_async.py for tasks to queue
[2023-01-09T14:33:20.507+0400] {logging_mixin.py:137} INFO - [2023-01-09T14:33:20.507+0400] {dagbag.py:538} INFO - Filling up the DagBag from /Users/harut/opt/anaconda3/lib/python3.9/site-packages/airflow/example_dags/example_time_delta_sensor_async.py
[2023-01-09T14:33:20.523+0400] {processor.py:753} INFO - DAG(s) dict_keys(['example_time_delta_sensor_async']) retrieved from /Users/harut/opt/anaconda3/lib/python3.9/site-packages/airflow/example_dags/example_time_delta_sensor_async.py
[2023-01-09T14:33:21.010+0400] {logging_mixin.py:137} INFO - [2023-01-09T14:33:21.010+0400] {dag.py:2676} INFO - Sync 1 DAGs
[2023-01-09T14:33:21.019+0400] {logging_mixin.py:137} INFO - [2023-01-09T14:33:21.019+0400] {dag.py:3423} INFO - Setting next_dagrun for example_time_delta_sensor_async to None, run_after=None
[2023-01-09T14:33:21.030+0400] {processor.py:175} INFO - Processing /Users/harut/opt/anaconda3/lib/python3.9/site-packages/airflow/example_dags/example_time_delta_sensor_async.py took 0.525 seconds
[2023-01-09T14:34:37.884+0400] {processor.py:153} INFO - Started process (PID=13039) to work on /Users/harut/opt/anaconda3/lib/python3.9/site-packages/airflow/example_dags/example_time_delta_sensor_async.py
[2023-01-09T14:34:37.885+0400] {processor.py:743} INFO - Processing file /Users/harut/opt/anaconda3/lib/python3.9/site-packages/airflow/example_dags/example_time_delta_sensor_async.py for tasks to queue
[2023-01-09T14:34:37.885+0400] {logging_mixin.py:137} INFO - [2023-01-09T14:34:37.885+0400] {dagbag.py:538} INFO - Filling up the DagBag from /Users/harut/opt/anaconda3/lib/python3.9/site-packages/airflow/example_dags/example_time_delta_sensor_async.py
[2023-01-09T14:34:37.901+0400] {processor.py:753} INFO - DAG(s) dict_keys(['example_time_delta_sensor_async']) retrieved from /Users/harut/opt/anaconda3/lib/python3.9/site-packages/airflow/example_dags/example_time_delta_sensor_async.py
[2023-01-09T14:34:38.391+0400] {logging_mixin.py:137} INFO - [2023-01-09T14:34:38.391+0400] {dag.py:2676} INFO - Sync 1 DAGs
[2023-01-09T14:34:38.400+0400] {logging_mixin.py:137} INFO - [2023-01-09T14:34:38.400+0400] {dag.py:3423} INFO - Setting next_dagrun for example_time_delta_sensor_async to None, run_after=None
[2023-01-09T14:34:38.410+0400] {processor.py:175} INFO - Processing /Users/harut/opt/anaconda3/lib/python3.9/site-packages/airflow/example_dags/example_time_delta_sensor_async.py took 0.526 seconds
[2023-01-09T14:35:56.019+0400] {processor.py:153} INFO - Started process (PID=13087) to work on /Users/harut/opt/anaconda3/lib/python3.9/site-packages/airflow/example_dags/example_time_delta_sensor_async.py
[2023-01-09T14:35:56.020+0400] {processor.py:743} INFO - Processing file /Users/harut/opt/anaconda3/lib/python3.9/site-packages/airflow/example_dags/example_time_delta_sensor_async.py for tasks to queue
[2023-01-09T14:35:56.020+0400] {logging_mixin.py:137} INFO - [2023-01-09T14:35:56.020+0400] {dagbag.py:538} INFO - Filling up the DagBag from /Users/harut/opt/anaconda3/lib/python3.9/site-packages/airflow/example_dags/example_time_delta_sensor_async.py
[2023-01-09T14:35:56.036+0400] {processor.py:753} INFO - DAG(s) dict_keys(['example_time_delta_sensor_async']) retrieved from /Users/harut/opt/anaconda3/lib/python3.9/site-packages/airflow/example_dags/example_time_delta_sensor_async.py
[2023-01-09T14:35:56.518+0400] {logging_mixin.py:137} INFO - [2023-01-09T14:35:56.517+0400] {dag.py:2676} INFO - Sync 1 DAGs
[2023-01-09T14:35:56.526+0400] {logging_mixin.py:137} INFO - [2023-01-09T14:35:56.526+0400] {dag.py:3423} INFO - Setting next_dagrun for example_time_delta_sensor_async to None, run_after=None
[2023-01-09T14:35:56.536+0400] {processor.py:175} INFO - Processing /Users/harut/opt/anaconda3/lib/python3.9/site-packages/airflow/example_dags/example_time_delta_sensor_async.py took 0.517 seconds
[2023-01-09T14:37:13.015+0400] {processor.py:153} INFO - Started process (PID=13132) to work on /Users/harut/opt/anaconda3/lib/python3.9/site-packages/airflow/example_dags/example_time_delta_sensor_async.py
[2023-01-09T14:37:13.016+0400] {processor.py:743} INFO - Processing file /Users/harut/opt/anaconda3/lib/python3.9/site-packages/airflow/example_dags/example_time_delta_sensor_async.py for tasks to queue
[2023-01-09T14:37:13.016+0400] {logging_mixin.py:137} INFO - [2023-01-09T14:37:13.016+0400] {dagbag.py:538} INFO - Filling up the DagBag from /Users/harut/opt/anaconda3/lib/python3.9/site-packages/airflow/example_dags/example_time_delta_sensor_async.py
[2023-01-09T14:37:13.032+0400] {processor.py:753} INFO - DAG(s) dict_keys(['example_time_delta_sensor_async']) retrieved from /Users/harut/opt/anaconda3/lib/python3.9/site-packages/airflow/example_dags/example_time_delta_sensor_async.py
[2023-01-09T14:37:13.521+0400] {logging_mixin.py:137} INFO - [2023-01-09T14:37:13.521+0400] {dag.py:2676} INFO - Sync 1 DAGs
[2023-01-09T14:37:13.529+0400] {logging_mixin.py:137} INFO - [2023-01-09T14:37:13.529+0400] {dag.py:3423} INFO - Setting next_dagrun for example_time_delta_sensor_async to None, run_after=None
[2023-01-09T14:37:13.539+0400] {processor.py:175} INFO - Processing /Users/harut/opt/anaconda3/lib/python3.9/site-packages/airflow/example_dags/example_time_delta_sensor_async.py took 0.524 seconds
[2023-01-09T14:38:29.194+0400] {processor.py:153} INFO - Started process (PID=13178) to work on /Users/harut/opt/anaconda3/lib/python3.9/site-packages/airflow/example_dags/example_time_delta_sensor_async.py
[2023-01-09T14:38:29.194+0400] {processor.py:743} INFO - Processing file /Users/harut/opt/anaconda3/lib/python3.9/site-packages/airflow/example_dags/example_time_delta_sensor_async.py for tasks to queue
[2023-01-09T14:38:29.195+0400] {logging_mixin.py:137} INFO - [2023-01-09T14:38:29.195+0400] {dagbag.py:538} INFO - Filling up the DagBag from /Users/harut/opt/anaconda3/lib/python3.9/site-packages/airflow/example_dags/example_time_delta_sensor_async.py
[2023-01-09T14:38:29.210+0400] {processor.py:753} INFO - DAG(s) dict_keys(['example_time_delta_sensor_async']) retrieved from /Users/harut/opt/anaconda3/lib/python3.9/site-packages/airflow/example_dags/example_time_delta_sensor_async.py
[2023-01-09T14:38:29.703+0400] {logging_mixin.py:137} INFO - [2023-01-09T14:38:29.703+0400] {dag.py:2676} INFO - Sync 1 DAGs
[2023-01-09T14:38:29.712+0400] {logging_mixin.py:137} INFO - [2023-01-09T14:38:29.712+0400] {dag.py:3423} INFO - Setting next_dagrun for example_time_delta_sensor_async to None, run_after=None
[2023-01-09T14:38:29.722+0400] {processor.py:175} INFO - Processing /Users/harut/opt/anaconda3/lib/python3.9/site-packages/airflow/example_dags/example_time_delta_sensor_async.py took 0.528 seconds
[2023-01-09T14:39:46.678+0400] {processor.py:153} INFO - Started process (PID=13220) to work on /Users/harut/opt/anaconda3/lib/python3.9/site-packages/airflow/example_dags/example_time_delta_sensor_async.py
[2023-01-09T14:39:46.679+0400] {processor.py:743} INFO - Processing file /Users/harut/opt/anaconda3/lib/python3.9/site-packages/airflow/example_dags/example_time_delta_sensor_async.py for tasks to queue
[2023-01-09T14:39:46.679+0400] {logging_mixin.py:137} INFO - [2023-01-09T14:39:46.679+0400] {dagbag.py:538} INFO - Filling up the DagBag from /Users/harut/opt/anaconda3/lib/python3.9/site-packages/airflow/example_dags/example_time_delta_sensor_async.py
[2023-01-09T14:39:46.695+0400] {processor.py:753} INFO - DAG(s) dict_keys(['example_time_delta_sensor_async']) retrieved from /Users/harut/opt/anaconda3/lib/python3.9/site-packages/airflow/example_dags/example_time_delta_sensor_async.py
[2023-01-09T14:39:47.182+0400] {logging_mixin.py:137} INFO - [2023-01-09T14:39:47.182+0400] {dag.py:2676} INFO - Sync 1 DAGs
[2023-01-09T14:39:47.191+0400] {logging_mixin.py:137} INFO - [2023-01-09T14:39:47.191+0400] {dag.py:3423} INFO - Setting next_dagrun for example_time_delta_sensor_async to None, run_after=None
[2023-01-09T14:39:47.202+0400] {processor.py:175} INFO - Processing /Users/harut/opt/anaconda3/lib/python3.9/site-packages/airflow/example_dags/example_time_delta_sensor_async.py took 0.524 seconds
[2023-01-09T14:41:04.401+0400] {processor.py:153} INFO - Started process (PID=13266) to work on /Users/harut/opt/anaconda3/lib/python3.9/site-packages/airflow/example_dags/example_time_delta_sensor_async.py
[2023-01-09T14:41:04.401+0400] {processor.py:743} INFO - Processing file /Users/harut/opt/anaconda3/lib/python3.9/site-packages/airflow/example_dags/example_time_delta_sensor_async.py for tasks to queue
[2023-01-09T14:41:04.402+0400] {logging_mixin.py:137} INFO - [2023-01-09T14:41:04.402+0400] {dagbag.py:538} INFO - Filling up the DagBag from /Users/harut/opt/anaconda3/lib/python3.9/site-packages/airflow/example_dags/example_time_delta_sensor_async.py
[2023-01-09T14:41:04.418+0400] {processor.py:753} INFO - DAG(s) dict_keys(['example_time_delta_sensor_async']) retrieved from /Users/harut/opt/anaconda3/lib/python3.9/site-packages/airflow/example_dags/example_time_delta_sensor_async.py
[2023-01-09T14:41:04.908+0400] {logging_mixin.py:137} INFO - [2023-01-09T14:41:04.908+0400] {dag.py:2676} INFO - Sync 1 DAGs
[2023-01-09T14:41:04.916+0400] {logging_mixin.py:137} INFO - [2023-01-09T14:41:04.916+0400] {dag.py:3423} INFO - Setting next_dagrun for example_time_delta_sensor_async to None, run_after=None
[2023-01-09T14:41:04.926+0400] {processor.py:175} INFO - Processing /Users/harut/opt/anaconda3/lib/python3.9/site-packages/airflow/example_dags/example_time_delta_sensor_async.py took 0.525 seconds
[2023-01-09T14:42:19.119+0400] {processor.py:153} INFO - Started process (PID=13311) to work on /Users/harut/opt/anaconda3/lib/python3.9/site-packages/airflow/example_dags/example_time_delta_sensor_async.py
[2023-01-09T14:42:19.119+0400] {processor.py:743} INFO - Processing file /Users/harut/opt/anaconda3/lib/python3.9/site-packages/airflow/example_dags/example_time_delta_sensor_async.py for tasks to queue
[2023-01-09T14:42:19.120+0400] {logging_mixin.py:137} INFO - [2023-01-09T14:42:19.120+0400] {dagbag.py:538} INFO - Filling up the DagBag from /Users/harut/opt/anaconda3/lib/python3.9/site-packages/airflow/example_dags/example_time_delta_sensor_async.py
[2023-01-09T14:42:19.136+0400] {processor.py:753} INFO - DAG(s) dict_keys(['example_time_delta_sensor_async']) retrieved from /Users/harut/opt/anaconda3/lib/python3.9/site-packages/airflow/example_dags/example_time_delta_sensor_async.py
[2023-01-09T14:42:19.626+0400] {logging_mixin.py:137} INFO - [2023-01-09T14:42:19.626+0400] {dag.py:2676} INFO - Sync 1 DAGs
[2023-01-09T14:42:19.635+0400] {logging_mixin.py:137} INFO - [2023-01-09T14:42:19.635+0400] {dag.py:3423} INFO - Setting next_dagrun for example_time_delta_sensor_async to None, run_after=None
[2023-01-09T14:42:19.644+0400] {processor.py:175} INFO - Processing /Users/harut/opt/anaconda3/lib/python3.9/site-packages/airflow/example_dags/example_time_delta_sensor_async.py took 0.526 seconds
[2023-01-09T14:43:35.641+0400] {processor.py:153} INFO - Started process (PID=13354) to work on /Users/harut/opt/anaconda3/lib/python3.9/site-packages/airflow/example_dags/example_time_delta_sensor_async.py
[2023-01-09T14:43:35.642+0400] {processor.py:743} INFO - Processing file /Users/harut/opt/anaconda3/lib/python3.9/site-packages/airflow/example_dags/example_time_delta_sensor_async.py for tasks to queue
[2023-01-09T14:43:35.642+0400] {logging_mixin.py:137} INFO - [2023-01-09T14:43:35.642+0400] {dagbag.py:538} INFO - Filling up the DagBag from /Users/harut/opt/anaconda3/lib/python3.9/site-packages/airflow/example_dags/example_time_delta_sensor_async.py
[2023-01-09T14:43:35.658+0400] {processor.py:753} INFO - DAG(s) dict_keys(['example_time_delta_sensor_async']) retrieved from /Users/harut/opt/anaconda3/lib/python3.9/site-packages/airflow/example_dags/example_time_delta_sensor_async.py
[2023-01-09T14:43:36.162+0400] {logging_mixin.py:137} INFO - [2023-01-09T14:43:36.162+0400] {dag.py:2676} INFO - Sync 1 DAGs
[2023-01-09T14:43:36.170+0400] {logging_mixin.py:137} INFO - [2023-01-09T14:43:36.170+0400] {dag.py:3423} INFO - Setting next_dagrun for example_time_delta_sensor_async to None, run_after=None
[2023-01-09T14:43:36.180+0400] {processor.py:175} INFO - Processing /Users/harut/opt/anaconda3/lib/python3.9/site-packages/airflow/example_dags/example_time_delta_sensor_async.py took 0.539 seconds
[2023-01-09T14:44:56.110+0400] {processor.py:153} INFO - Started process (PID=13401) to work on /Users/harut/opt/anaconda3/lib/python3.9/site-packages/airflow/example_dags/example_time_delta_sensor_async.py
[2023-01-09T14:44:56.111+0400] {processor.py:743} INFO - Processing file /Users/harut/opt/anaconda3/lib/python3.9/site-packages/airflow/example_dags/example_time_delta_sensor_async.py for tasks to queue
[2023-01-09T14:44:56.111+0400] {logging_mixin.py:137} INFO - [2023-01-09T14:44:56.111+0400] {dagbag.py:538} INFO - Filling up the DagBag from /Users/harut/opt/anaconda3/lib/python3.9/site-packages/airflow/example_dags/example_time_delta_sensor_async.py
[2023-01-09T14:44:56.128+0400] {processor.py:753} INFO - DAG(s) dict_keys(['example_time_delta_sensor_async']) retrieved from /Users/harut/opt/anaconda3/lib/python3.9/site-packages/airflow/example_dags/example_time_delta_sensor_async.py
[2023-01-09T14:44:56.634+0400] {logging_mixin.py:137} INFO - [2023-01-09T14:44:56.634+0400] {dag.py:2676} INFO - Sync 1 DAGs
[2023-01-09T14:44:56.644+0400] {logging_mixin.py:137} INFO - [2023-01-09T14:44:56.644+0400] {dag.py:3423} INFO - Setting next_dagrun for example_time_delta_sensor_async to None, run_after=None
[2023-01-09T14:44:56.655+0400] {processor.py:175} INFO - Processing /Users/harut/opt/anaconda3/lib/python3.9/site-packages/airflow/example_dags/example_time_delta_sensor_async.py took 0.545 seconds
[2023-01-09T14:46:13.831+0400] {processor.py:153} INFO - Started process (PID=13444) to work on /Users/harut/opt/anaconda3/lib/python3.9/site-packages/airflow/example_dags/example_time_delta_sensor_async.py
[2023-01-09T14:46:13.831+0400] {processor.py:743} INFO - Processing file /Users/harut/opt/anaconda3/lib/python3.9/site-packages/airflow/example_dags/example_time_delta_sensor_async.py for tasks to queue
[2023-01-09T14:46:13.831+0400] {logging_mixin.py:137} INFO - [2023-01-09T14:46:13.831+0400] {dagbag.py:538} INFO - Filling up the DagBag from /Users/harut/opt/anaconda3/lib/python3.9/site-packages/airflow/example_dags/example_time_delta_sensor_async.py
[2023-01-09T14:46:13.847+0400] {processor.py:753} INFO - DAG(s) dict_keys(['example_time_delta_sensor_async']) retrieved from /Users/harut/opt/anaconda3/lib/python3.9/site-packages/airflow/example_dags/example_time_delta_sensor_async.py
[2023-01-09T14:46:14.348+0400] {logging_mixin.py:137} INFO - [2023-01-09T14:46:14.347+0400] {dag.py:2676} INFO - Sync 1 DAGs
[2023-01-09T14:46:14.356+0400] {logging_mixin.py:137} INFO - [2023-01-09T14:46:14.356+0400] {dag.py:3423} INFO - Setting next_dagrun for example_time_delta_sensor_async to None, run_after=None
[2023-01-09T14:46:14.366+0400] {processor.py:175} INFO - Processing /Users/harut/opt/anaconda3/lib/python3.9/site-packages/airflow/example_dags/example_time_delta_sensor_async.py took 0.536 seconds
[2023-01-09T14:47:33.409+0400] {processor.py:153} INFO - Started process (PID=13498) to work on /Users/harut/opt/anaconda3/lib/python3.9/site-packages/airflow/example_dags/example_time_delta_sensor_async.py
[2023-01-09T14:47:33.410+0400] {processor.py:743} INFO - Processing file /Users/harut/opt/anaconda3/lib/python3.9/site-packages/airflow/example_dags/example_time_delta_sensor_async.py for tasks to queue
[2023-01-09T14:47:33.410+0400] {logging_mixin.py:137} INFO - [2023-01-09T14:47:33.410+0400] {dagbag.py:538} INFO - Filling up the DagBag from /Users/harut/opt/anaconda3/lib/python3.9/site-packages/airflow/example_dags/example_time_delta_sensor_async.py
[2023-01-09T14:47:33.428+0400] {processor.py:753} INFO - DAG(s) dict_keys(['example_time_delta_sensor_async']) retrieved from /Users/harut/opt/anaconda3/lib/python3.9/site-packages/airflow/example_dags/example_time_delta_sensor_async.py
[2023-01-09T14:47:33.961+0400] {logging_mixin.py:137} INFO - [2023-01-09T14:47:33.961+0400] {dag.py:2676} INFO - Sync 1 DAGs
[2023-01-09T14:47:33.971+0400] {logging_mixin.py:137} INFO - [2023-01-09T14:47:33.971+0400] {dag.py:3423} INFO - Setting next_dagrun for example_time_delta_sensor_async to None, run_after=None
[2023-01-09T14:47:33.982+0400] {processor.py:175} INFO - Processing /Users/harut/opt/anaconda3/lib/python3.9/site-packages/airflow/example_dags/example_time_delta_sensor_async.py took 0.573 seconds
[2023-01-09T14:48:54.553+0400] {processor.py:153} INFO - Started process (PID=13551) to work on /Users/harut/opt/anaconda3/lib/python3.9/site-packages/airflow/example_dags/example_time_delta_sensor_async.py
[2023-01-09T14:48:54.553+0400] {processor.py:743} INFO - Processing file /Users/harut/opt/anaconda3/lib/python3.9/site-packages/airflow/example_dags/example_time_delta_sensor_async.py for tasks to queue
[2023-01-09T14:48:54.554+0400] {logging_mixin.py:137} INFO - [2023-01-09T14:48:54.554+0400] {dagbag.py:538} INFO - Filling up the DagBag from /Users/harut/opt/anaconda3/lib/python3.9/site-packages/airflow/example_dags/example_time_delta_sensor_async.py
[2023-01-09T14:48:54.571+0400] {processor.py:753} INFO - DAG(s) dict_keys(['example_time_delta_sensor_async']) retrieved from /Users/harut/opt/anaconda3/lib/python3.9/site-packages/airflow/example_dags/example_time_delta_sensor_async.py
[2023-01-09T14:48:55.148+0400] {logging_mixin.py:137} INFO - [2023-01-09T14:48:55.148+0400] {dag.py:2676} INFO - Sync 1 DAGs
[2023-01-09T14:48:55.159+0400] {logging_mixin.py:137} INFO - [2023-01-09T14:48:55.159+0400] {dag.py:3423} INFO - Setting next_dagrun for example_time_delta_sensor_async to None, run_after=None
[2023-01-09T14:48:55.172+0400] {processor.py:175} INFO - Processing /Users/harut/opt/anaconda3/lib/python3.9/site-packages/airflow/example_dags/example_time_delta_sensor_async.py took 0.620 seconds
[2023-01-09T14:50:18.349+0400] {processor.py:153} INFO - Started process (PID=13599) to work on /Users/harut/opt/anaconda3/lib/python3.9/site-packages/airflow/example_dags/example_time_delta_sensor_async.py
[2023-01-09T14:50:18.350+0400] {processor.py:743} INFO - Processing file /Users/harut/opt/anaconda3/lib/python3.9/site-packages/airflow/example_dags/example_time_delta_sensor_async.py for tasks to queue
[2023-01-09T14:50:18.350+0400] {logging_mixin.py:137} INFO - [2023-01-09T14:50:18.350+0400] {dagbag.py:538} INFO - Filling up the DagBag from /Users/harut/opt/anaconda3/lib/python3.9/site-packages/airflow/example_dags/example_time_delta_sensor_async.py
[2023-01-09T14:50:18.366+0400] {processor.py:753} INFO - DAG(s) dict_keys(['example_time_delta_sensor_async']) retrieved from /Users/harut/opt/anaconda3/lib/python3.9/site-packages/airflow/example_dags/example_time_delta_sensor_async.py
[2023-01-09T14:50:18.881+0400] {logging_mixin.py:137} INFO - [2023-01-09T14:50:18.881+0400] {dag.py:2676} INFO - Sync 1 DAGs
[2023-01-09T14:50:18.891+0400] {logging_mixin.py:137} INFO - [2023-01-09T14:50:18.891+0400] {dag.py:3423} INFO - Setting next_dagrun for example_time_delta_sensor_async to None, run_after=None
[2023-01-09T14:50:18.902+0400] {processor.py:175} INFO - Processing /Users/harut/opt/anaconda3/lib/python3.9/site-packages/airflow/example_dags/example_time_delta_sensor_async.py took 0.554 seconds
[2023-01-09T14:51:38.577+0400] {processor.py:153} INFO - Started process (PID=13649) to work on /Users/harut/opt/anaconda3/lib/python3.9/site-packages/airflow/example_dags/example_time_delta_sensor_async.py
[2023-01-09T14:51:38.578+0400] {processor.py:743} INFO - Processing file /Users/harut/opt/anaconda3/lib/python3.9/site-packages/airflow/example_dags/example_time_delta_sensor_async.py for tasks to queue
[2023-01-09T14:51:38.578+0400] {logging_mixin.py:137} INFO - [2023-01-09T14:51:38.578+0400] {dagbag.py:538} INFO - Filling up the DagBag from /Users/harut/opt/anaconda3/lib/python3.9/site-packages/airflow/example_dags/example_time_delta_sensor_async.py
[2023-01-09T14:51:38.594+0400] {processor.py:753} INFO - DAG(s) dict_keys(['example_time_delta_sensor_async']) retrieved from /Users/harut/opt/anaconda3/lib/python3.9/site-packages/airflow/example_dags/example_time_delta_sensor_async.py
[2023-01-09T14:51:39.083+0400] {logging_mixin.py:137} INFO - [2023-01-09T14:51:39.082+0400] {dag.py:2676} INFO - Sync 1 DAGs
[2023-01-09T14:51:39.091+0400] {logging_mixin.py:137} INFO - [2023-01-09T14:51:39.091+0400] {dag.py:3423} INFO - Setting next_dagrun for example_time_delta_sensor_async to None, run_after=None
[2023-01-09T14:51:39.101+0400] {processor.py:175} INFO - Processing /Users/harut/opt/anaconda3/lib/python3.9/site-packages/airflow/example_dags/example_time_delta_sensor_async.py took 0.525 seconds
[2023-01-09T14:52:58.822+0400] {processor.py:153} INFO - Started process (PID=13692) to work on /Users/harut/opt/anaconda3/lib/python3.9/site-packages/airflow/example_dags/example_time_delta_sensor_async.py
[2023-01-09T14:52:58.823+0400] {processor.py:743} INFO - Processing file /Users/harut/opt/anaconda3/lib/python3.9/site-packages/airflow/example_dags/example_time_delta_sensor_async.py for tasks to queue
[2023-01-09T14:52:58.823+0400] {logging_mixin.py:137} INFO - [2023-01-09T14:52:58.823+0400] {dagbag.py:538} INFO - Filling up the DagBag from /Users/harut/opt/anaconda3/lib/python3.9/site-packages/airflow/example_dags/example_time_delta_sensor_async.py
[2023-01-09T14:52:58.839+0400] {processor.py:753} INFO - DAG(s) dict_keys(['example_time_delta_sensor_async']) retrieved from /Users/harut/opt/anaconda3/lib/python3.9/site-packages/airflow/example_dags/example_time_delta_sensor_async.py
[2023-01-09T14:52:59.351+0400] {logging_mixin.py:137} INFO - [2023-01-09T14:52:59.351+0400] {dag.py:2676} INFO - Sync 1 DAGs
[2023-01-09T14:52:59.360+0400] {logging_mixin.py:137} INFO - [2023-01-09T14:52:59.360+0400] {dag.py:3423} INFO - Setting next_dagrun for example_time_delta_sensor_async to None, run_after=None
[2023-01-09T14:52:59.371+0400] {processor.py:175} INFO - Processing /Users/harut/opt/anaconda3/lib/python3.9/site-packages/airflow/example_dags/example_time_delta_sensor_async.py took 0.549 seconds
[2023-01-09T14:54:19.359+0400] {processor.py:153} INFO - Started process (PID=13740) to work on /Users/harut/opt/anaconda3/lib/python3.9/site-packages/airflow/example_dags/example_time_delta_sensor_async.py
[2023-01-09T14:54:19.360+0400] {processor.py:743} INFO - Processing file /Users/harut/opt/anaconda3/lib/python3.9/site-packages/airflow/example_dags/example_time_delta_sensor_async.py for tasks to queue
[2023-01-09T14:54:19.360+0400] {logging_mixin.py:137} INFO - [2023-01-09T14:54:19.360+0400] {dagbag.py:538} INFO - Filling up the DagBag from /Users/harut/opt/anaconda3/lib/python3.9/site-packages/airflow/example_dags/example_time_delta_sensor_async.py
[2023-01-09T14:54:19.377+0400] {processor.py:753} INFO - DAG(s) dict_keys(['example_time_delta_sensor_async']) retrieved from /Users/harut/opt/anaconda3/lib/python3.9/site-packages/airflow/example_dags/example_time_delta_sensor_async.py
[2023-01-09T14:54:19.889+0400] {logging_mixin.py:137} INFO - [2023-01-09T14:54:19.889+0400] {dag.py:2676} INFO - Sync 1 DAGs
[2023-01-09T14:54:19.899+0400] {logging_mixin.py:137} INFO - [2023-01-09T14:54:19.899+0400] {dag.py:3423} INFO - Setting next_dagrun for example_time_delta_sensor_async to None, run_after=None
[2023-01-09T14:54:19.911+0400] {processor.py:175} INFO - Processing /Users/harut/opt/anaconda3/lib/python3.9/site-packages/airflow/example_dags/example_time_delta_sensor_async.py took 0.553 seconds
[2023-01-09T14:55:41.844+0400] {processor.py:153} INFO - Started process (PID=13784) to work on /Users/harut/opt/anaconda3/lib/python3.9/site-packages/airflow/example_dags/example_time_delta_sensor_async.py
[2023-01-09T14:55:41.844+0400] {processor.py:743} INFO - Processing file /Users/harut/opt/anaconda3/lib/python3.9/site-packages/airflow/example_dags/example_time_delta_sensor_async.py for tasks to queue
[2023-01-09T14:55:41.845+0400] {logging_mixin.py:137} INFO - [2023-01-09T14:55:41.845+0400] {dagbag.py:538} INFO - Filling up the DagBag from /Users/harut/opt/anaconda3/lib/python3.9/site-packages/airflow/example_dags/example_time_delta_sensor_async.py
[2023-01-09T14:55:41.860+0400] {processor.py:753} INFO - DAG(s) dict_keys(['example_time_delta_sensor_async']) retrieved from /Users/harut/opt/anaconda3/lib/python3.9/site-packages/airflow/example_dags/example_time_delta_sensor_async.py
[2023-01-09T14:55:42.342+0400] {logging_mixin.py:137} INFO - [2023-01-09T14:55:42.342+0400] {dag.py:2676} INFO - Sync 1 DAGs
[2023-01-09T14:55:42.351+0400] {logging_mixin.py:137} INFO - [2023-01-09T14:55:42.350+0400] {dag.py:3423} INFO - Setting next_dagrun for example_time_delta_sensor_async to None, run_after=None
[2023-01-09T14:55:42.361+0400] {processor.py:175} INFO - Processing /Users/harut/opt/anaconda3/lib/python3.9/site-packages/airflow/example_dags/example_time_delta_sensor_async.py took 0.518 seconds
[2023-01-09T14:57:03.833+0400] {processor.py:153} INFO - Started process (PID=13830) to work on /Users/harut/opt/anaconda3/lib/python3.9/site-packages/airflow/example_dags/example_time_delta_sensor_async.py
[2023-01-09T14:57:03.833+0400] {processor.py:743} INFO - Processing file /Users/harut/opt/anaconda3/lib/python3.9/site-packages/airflow/example_dags/example_time_delta_sensor_async.py for tasks to queue
[2023-01-09T14:57:03.834+0400] {logging_mixin.py:137} INFO - [2023-01-09T14:57:03.833+0400] {dagbag.py:538} INFO - Filling up the DagBag from /Users/harut/opt/anaconda3/lib/python3.9/site-packages/airflow/example_dags/example_time_delta_sensor_async.py
[2023-01-09T14:57:03.850+0400] {processor.py:753} INFO - DAG(s) dict_keys(['example_time_delta_sensor_async']) retrieved from /Users/harut/opt/anaconda3/lib/python3.9/site-packages/airflow/example_dags/example_time_delta_sensor_async.py
[2023-01-09T14:57:04.339+0400] {logging_mixin.py:137} INFO - [2023-01-09T14:57:04.339+0400] {dag.py:2676} INFO - Sync 1 DAGs
[2023-01-09T14:57:04.347+0400] {logging_mixin.py:137} INFO - [2023-01-09T14:57:04.347+0400] {dag.py:3423} INFO - Setting next_dagrun for example_time_delta_sensor_async to None, run_after=None
[2023-01-09T14:57:04.357+0400] {processor.py:175} INFO - Processing /Users/harut/opt/anaconda3/lib/python3.9/site-packages/airflow/example_dags/example_time_delta_sensor_async.py took 0.525 seconds
[2023-01-09T14:58:25.159+0400] {processor.py:153} INFO - Started process (PID=13872) to work on /Users/harut/opt/anaconda3/lib/python3.9/site-packages/airflow/example_dags/example_time_delta_sensor_async.py
[2023-01-09T14:58:25.159+0400] {processor.py:743} INFO - Processing file /Users/harut/opt/anaconda3/lib/python3.9/site-packages/airflow/example_dags/example_time_delta_sensor_async.py for tasks to queue
[2023-01-09T14:58:25.160+0400] {logging_mixin.py:137} INFO - [2023-01-09T14:58:25.160+0400] {dagbag.py:538} INFO - Filling up the DagBag from /Users/harut/opt/anaconda3/lib/python3.9/site-packages/airflow/example_dags/example_time_delta_sensor_async.py
[2023-01-09T14:58:25.176+0400] {processor.py:753} INFO - DAG(s) dict_keys(['example_time_delta_sensor_async']) retrieved from /Users/harut/opt/anaconda3/lib/python3.9/site-packages/airflow/example_dags/example_time_delta_sensor_async.py
[2023-01-09T14:58:25.655+0400] {logging_mixin.py:137} INFO - [2023-01-09T14:58:25.655+0400] {dag.py:2676} INFO - Sync 1 DAGs
[2023-01-09T14:58:25.664+0400] {logging_mixin.py:137} INFO - [2023-01-09T14:58:25.664+0400] {dag.py:3423} INFO - Setting next_dagrun for example_time_delta_sensor_async to None, run_after=None
[2023-01-09T14:58:25.674+0400] {processor.py:175} INFO - Processing /Users/harut/opt/anaconda3/lib/python3.9/site-packages/airflow/example_dags/example_time_delta_sensor_async.py took 0.515 seconds
[2023-01-09T14:59:45.905+0400] {processor.py:153} INFO - Started process (PID=13918) to work on /Users/harut/opt/anaconda3/lib/python3.9/site-packages/airflow/example_dags/example_time_delta_sensor_async.py
[2023-01-09T14:59:45.906+0400] {processor.py:743} INFO - Processing file /Users/harut/opt/anaconda3/lib/python3.9/site-packages/airflow/example_dags/example_time_delta_sensor_async.py for tasks to queue
[2023-01-09T14:59:45.906+0400] {logging_mixin.py:137} INFO - [2023-01-09T14:59:45.906+0400] {dagbag.py:538} INFO - Filling up the DagBag from /Users/harut/opt/anaconda3/lib/python3.9/site-packages/airflow/example_dags/example_time_delta_sensor_async.py
[2023-01-09T14:59:45.922+0400] {processor.py:753} INFO - DAG(s) dict_keys(['example_time_delta_sensor_async']) retrieved from /Users/harut/opt/anaconda3/lib/python3.9/site-packages/airflow/example_dags/example_time_delta_sensor_async.py
[2023-01-09T14:59:46.409+0400] {logging_mixin.py:137} INFO - [2023-01-09T14:59:46.409+0400] {dag.py:2676} INFO - Sync 1 DAGs
[2023-01-09T14:59:46.417+0400] {logging_mixin.py:137} INFO - [2023-01-09T14:59:46.417+0400] {dag.py:3423} INFO - Setting next_dagrun for example_time_delta_sensor_async to None, run_after=None
[2023-01-09T14:59:46.427+0400] {processor.py:175} INFO - Processing /Users/harut/opt/anaconda3/lib/python3.9/site-packages/airflow/example_dags/example_time_delta_sensor_async.py took 0.522 seconds
[2023-01-09T15:01:06.280+0400] {processor.py:153} INFO - Started process (PID=13962) to work on /Users/harut/opt/anaconda3/lib/python3.9/site-packages/airflow/example_dags/example_time_delta_sensor_async.py
[2023-01-09T15:01:06.281+0400] {processor.py:743} INFO - Processing file /Users/harut/opt/anaconda3/lib/python3.9/site-packages/airflow/example_dags/example_time_delta_sensor_async.py for tasks to queue
[2023-01-09T15:01:06.281+0400] {logging_mixin.py:137} INFO - [2023-01-09T15:01:06.281+0400] {dagbag.py:538} INFO - Filling up the DagBag from /Users/harut/opt/anaconda3/lib/python3.9/site-packages/airflow/example_dags/example_time_delta_sensor_async.py
[2023-01-09T15:01:06.297+0400] {processor.py:753} INFO - DAG(s) dict_keys(['example_time_delta_sensor_async']) retrieved from /Users/harut/opt/anaconda3/lib/python3.9/site-packages/airflow/example_dags/example_time_delta_sensor_async.py
[2023-01-09T15:01:06.780+0400] {logging_mixin.py:137} INFO - [2023-01-09T15:01:06.779+0400] {dag.py:2676} INFO - Sync 1 DAGs
[2023-01-09T15:01:06.788+0400] {logging_mixin.py:137} INFO - [2023-01-09T15:01:06.788+0400] {dag.py:3423} INFO - Setting next_dagrun for example_time_delta_sensor_async to None, run_after=None
[2023-01-09T15:01:06.798+0400] {processor.py:175} INFO - Processing /Users/harut/opt/anaconda3/lib/python3.9/site-packages/airflow/example_dags/example_time_delta_sensor_async.py took 0.518 seconds
[2023-01-09T15:02:28.740+0400] {processor.py:153} INFO - Started process (PID=14008) to work on /Users/harut/opt/anaconda3/lib/python3.9/site-packages/airflow/example_dags/example_time_delta_sensor_async.py
[2023-01-09T15:02:28.741+0400] {processor.py:743} INFO - Processing file /Users/harut/opt/anaconda3/lib/python3.9/site-packages/airflow/example_dags/example_time_delta_sensor_async.py for tasks to queue
[2023-01-09T15:02:28.741+0400] {logging_mixin.py:137} INFO - [2023-01-09T15:02:28.741+0400] {dagbag.py:538} INFO - Filling up the DagBag from /Users/harut/opt/anaconda3/lib/python3.9/site-packages/airflow/example_dags/example_time_delta_sensor_async.py
[2023-01-09T15:02:28.759+0400] {processor.py:753} INFO - DAG(s) dict_keys(['example_time_delta_sensor_async']) retrieved from /Users/harut/opt/anaconda3/lib/python3.9/site-packages/airflow/example_dags/example_time_delta_sensor_async.py
[2023-01-09T15:02:29.273+0400] {logging_mixin.py:137} INFO - [2023-01-09T15:02:29.273+0400] {dag.py:2676} INFO - Sync 1 DAGs
[2023-01-09T15:02:29.284+0400] {logging_mixin.py:137} INFO - [2023-01-09T15:02:29.283+0400] {dag.py:3423} INFO - Setting next_dagrun for example_time_delta_sensor_async to None, run_after=None
[2023-01-09T15:02:29.294+0400] {processor.py:175} INFO - Processing /Users/harut/opt/anaconda3/lib/python3.9/site-packages/airflow/example_dags/example_time_delta_sensor_async.py took 0.554 seconds
[2023-01-09T15:03:49.271+0400] {processor.py:153} INFO - Started process (PID=14057) to work on /Users/harut/opt/anaconda3/lib/python3.9/site-packages/airflow/example_dags/example_time_delta_sensor_async.py
[2023-01-09T15:03:49.272+0400] {processor.py:743} INFO - Processing file /Users/harut/opt/anaconda3/lib/python3.9/site-packages/airflow/example_dags/example_time_delta_sensor_async.py for tasks to queue
[2023-01-09T15:03:49.272+0400] {logging_mixin.py:137} INFO - [2023-01-09T15:03:49.272+0400] {dagbag.py:538} INFO - Filling up the DagBag from /Users/harut/opt/anaconda3/lib/python3.9/site-packages/airflow/example_dags/example_time_delta_sensor_async.py
[2023-01-09T15:03:49.290+0400] {processor.py:753} INFO - DAG(s) dict_keys(['example_time_delta_sensor_async']) retrieved from /Users/harut/opt/anaconda3/lib/python3.9/site-packages/airflow/example_dags/example_time_delta_sensor_async.py
[2023-01-09T15:03:49.826+0400] {logging_mixin.py:137} INFO - [2023-01-09T15:03:49.826+0400] {dag.py:2676} INFO - Sync 1 DAGs
[2023-01-09T15:03:49.835+0400] {logging_mixin.py:137} INFO - [2023-01-09T15:03:49.835+0400] {dag.py:3423} INFO - Setting next_dagrun for example_time_delta_sensor_async to None, run_after=None
[2023-01-09T15:03:49.844+0400] {processor.py:175} INFO - Processing /Users/harut/opt/anaconda3/lib/python3.9/site-packages/airflow/example_dags/example_time_delta_sensor_async.py took 0.574 seconds
[2023-01-09T15:05:09.134+0400] {processor.py:153} INFO - Started process (PID=14100) to work on /Users/harut/opt/anaconda3/lib/python3.9/site-packages/airflow/example_dags/example_time_delta_sensor_async.py
[2023-01-09T15:05:09.134+0400] {processor.py:743} INFO - Processing file /Users/harut/opt/anaconda3/lib/python3.9/site-packages/airflow/example_dags/example_time_delta_sensor_async.py for tasks to queue
[2023-01-09T15:05:09.135+0400] {logging_mixin.py:137} INFO - [2023-01-09T15:05:09.135+0400] {dagbag.py:538} INFO - Filling up the DagBag from /Users/harut/opt/anaconda3/lib/python3.9/site-packages/airflow/example_dags/example_time_delta_sensor_async.py
[2023-01-09T15:05:09.150+0400] {processor.py:753} INFO - DAG(s) dict_keys(['example_time_delta_sensor_async']) retrieved from /Users/harut/opt/anaconda3/lib/python3.9/site-packages/airflow/example_dags/example_time_delta_sensor_async.py
[2023-01-09T15:05:09.638+0400] {logging_mixin.py:137} INFO - [2023-01-09T15:05:09.638+0400] {dag.py:2676} INFO - Sync 1 DAGs
[2023-01-09T15:05:09.646+0400] {logging_mixin.py:137} INFO - [2023-01-09T15:05:09.646+0400] {dag.py:3423} INFO - Setting next_dagrun for example_time_delta_sensor_async to None, run_after=None
[2023-01-09T15:05:09.656+0400] {processor.py:175} INFO - Processing /Users/harut/opt/anaconda3/lib/python3.9/site-packages/airflow/example_dags/example_time_delta_sensor_async.py took 0.522 seconds
[2023-01-09T15:06:29.799+0400] {processor.py:153} INFO - Started process (PID=14146) to work on /Users/harut/opt/anaconda3/lib/python3.9/site-packages/airflow/example_dags/example_time_delta_sensor_async.py
[2023-01-09T15:06:29.800+0400] {processor.py:743} INFO - Processing file /Users/harut/opt/anaconda3/lib/python3.9/site-packages/airflow/example_dags/example_time_delta_sensor_async.py for tasks to queue
[2023-01-09T15:06:29.800+0400] {logging_mixin.py:137} INFO - [2023-01-09T15:06:29.800+0400] {dagbag.py:538} INFO - Filling up the DagBag from /Users/harut/opt/anaconda3/lib/python3.9/site-packages/airflow/example_dags/example_time_delta_sensor_async.py
[2023-01-09T15:06:29.816+0400] {processor.py:753} INFO - DAG(s) dict_keys(['example_time_delta_sensor_async']) retrieved from /Users/harut/opt/anaconda3/lib/python3.9/site-packages/airflow/example_dags/example_time_delta_sensor_async.py
[2023-01-09T15:06:30.298+0400] {logging_mixin.py:137} INFO - [2023-01-09T15:06:30.298+0400] {dag.py:2676} INFO - Sync 1 DAGs
[2023-01-09T15:06:30.306+0400] {logging_mixin.py:137} INFO - [2023-01-09T15:06:30.306+0400] {dag.py:3423} INFO - Setting next_dagrun for example_time_delta_sensor_async to None, run_after=None
[2023-01-09T15:06:30.316+0400] {processor.py:175} INFO - Processing /Users/harut/opt/anaconda3/lib/python3.9/site-packages/airflow/example_dags/example_time_delta_sensor_async.py took 0.517 seconds
[2023-01-09T15:07:47.584+0400] {processor.py:153} INFO - Started process (PID=14187) to work on /Users/harut/opt/anaconda3/lib/python3.9/site-packages/airflow/example_dags/example_time_delta_sensor_async.py
[2023-01-09T15:07:47.585+0400] {processor.py:743} INFO - Processing file /Users/harut/opt/anaconda3/lib/python3.9/site-packages/airflow/example_dags/example_time_delta_sensor_async.py for tasks to queue
[2023-01-09T15:07:47.585+0400] {logging_mixin.py:137} INFO - [2023-01-09T15:07:47.585+0400] {dagbag.py:538} INFO - Filling up the DagBag from /Users/harut/opt/anaconda3/lib/python3.9/site-packages/airflow/example_dags/example_time_delta_sensor_async.py
[2023-01-09T15:07:47.601+0400] {processor.py:753} INFO - DAG(s) dict_keys(['example_time_delta_sensor_async']) retrieved from /Users/harut/opt/anaconda3/lib/python3.9/site-packages/airflow/example_dags/example_time_delta_sensor_async.py
[2023-01-09T15:07:48.087+0400] {logging_mixin.py:137} INFO - [2023-01-09T15:07:48.087+0400] {dag.py:2676} INFO - Sync 1 DAGs
[2023-01-09T15:07:48.095+0400] {logging_mixin.py:137} INFO - [2023-01-09T15:07:48.095+0400] {dag.py:3423} INFO - Setting next_dagrun for example_time_delta_sensor_async to None, run_after=None
[2023-01-09T15:07:48.105+0400] {processor.py:175} INFO - Processing /Users/harut/opt/anaconda3/lib/python3.9/site-packages/airflow/example_dags/example_time_delta_sensor_async.py took 0.521 seconds
[2023-01-09T15:09:08.294+0400] {processor.py:153} INFO - Started process (PID=14232) to work on /Users/harut/opt/anaconda3/lib/python3.9/site-packages/airflow/example_dags/example_time_delta_sensor_async.py
[2023-01-09T15:09:08.295+0400] {processor.py:743} INFO - Processing file /Users/harut/opt/anaconda3/lib/python3.9/site-packages/airflow/example_dags/example_time_delta_sensor_async.py for tasks to queue
[2023-01-09T15:09:08.295+0400] {logging_mixin.py:137} INFO - [2023-01-09T15:09:08.295+0400] {dagbag.py:538} INFO - Filling up the DagBag from /Users/harut/opt/anaconda3/lib/python3.9/site-packages/airflow/example_dags/example_time_delta_sensor_async.py
[2023-01-09T15:09:08.311+0400] {processor.py:753} INFO - DAG(s) dict_keys(['example_time_delta_sensor_async']) retrieved from /Users/harut/opt/anaconda3/lib/python3.9/site-packages/airflow/example_dags/example_time_delta_sensor_async.py
[2023-01-09T15:09:08.793+0400] {logging_mixin.py:137} INFO - [2023-01-09T15:09:08.793+0400] {dag.py:2676} INFO - Sync 1 DAGs
[2023-01-09T15:09:08.801+0400] {logging_mixin.py:137} INFO - [2023-01-09T15:09:08.801+0400] {dag.py:3423} INFO - Setting next_dagrun for example_time_delta_sensor_async to None, run_after=None
[2023-01-09T15:09:08.811+0400] {processor.py:175} INFO - Processing /Users/harut/opt/anaconda3/lib/python3.9/site-packages/airflow/example_dags/example_time_delta_sensor_async.py took 0.517 seconds
[2023-01-09T15:10:28.287+0400] {processor.py:153} INFO - Started process (PID=14280) to work on /Users/harut/opt/anaconda3/lib/python3.9/site-packages/airflow/example_dags/example_time_delta_sensor_async.py
[2023-01-09T15:10:28.287+0400] {processor.py:743} INFO - Processing file /Users/harut/opt/anaconda3/lib/python3.9/site-packages/airflow/example_dags/example_time_delta_sensor_async.py for tasks to queue
[2023-01-09T15:10:28.287+0400] {logging_mixin.py:137} INFO - [2023-01-09T15:10:28.287+0400] {dagbag.py:538} INFO - Filling up the DagBag from /Users/harut/opt/anaconda3/lib/python3.9/site-packages/airflow/example_dags/example_time_delta_sensor_async.py
[2023-01-09T15:10:28.305+0400] {processor.py:753} INFO - DAG(s) dict_keys(['example_time_delta_sensor_async']) retrieved from /Users/harut/opt/anaconda3/lib/python3.9/site-packages/airflow/example_dags/example_time_delta_sensor_async.py
[2023-01-09T15:10:28.805+0400] {logging_mixin.py:137} INFO - [2023-01-09T15:10:28.805+0400] {dag.py:2676} INFO - Sync 1 DAGs
[2023-01-09T15:10:28.814+0400] {logging_mixin.py:137} INFO - [2023-01-09T15:10:28.814+0400] {dag.py:3423} INFO - Setting next_dagrun for example_time_delta_sensor_async to None, run_after=None
[2023-01-09T15:10:28.824+0400] {processor.py:175} INFO - Processing /Users/harut/opt/anaconda3/lib/python3.9/site-packages/airflow/example_dags/example_time_delta_sensor_async.py took 0.538 seconds
[2023-01-09T15:11:50.042+0400] {processor.py:153} INFO - Started process (PID=14332) to work on /Users/harut/opt/anaconda3/lib/python3.9/site-packages/airflow/example_dags/example_time_delta_sensor_async.py
[2023-01-09T15:11:50.042+0400] {processor.py:743} INFO - Processing file /Users/harut/opt/anaconda3/lib/python3.9/site-packages/airflow/example_dags/example_time_delta_sensor_async.py for tasks to queue
[2023-01-09T15:11:50.043+0400] {logging_mixin.py:137} INFO - [2023-01-09T15:11:50.043+0400] {dagbag.py:538} INFO - Filling up the DagBag from /Users/harut/opt/anaconda3/lib/python3.9/site-packages/airflow/example_dags/example_time_delta_sensor_async.py
[2023-01-09T15:11:50.061+0400] {processor.py:753} INFO - DAG(s) dict_keys(['example_time_delta_sensor_async']) retrieved from /Users/harut/opt/anaconda3/lib/python3.9/site-packages/airflow/example_dags/example_time_delta_sensor_async.py
[2023-01-09T15:11:50.603+0400] {logging_mixin.py:137} INFO - [2023-01-09T15:11:50.603+0400] {dag.py:2676} INFO - Sync 1 DAGs
[2023-01-09T15:11:50.613+0400] {logging_mixin.py:137} INFO - [2023-01-09T15:11:50.612+0400] {dag.py:3423} INFO - Setting next_dagrun for example_time_delta_sensor_async to None, run_after=None
[2023-01-09T15:11:50.623+0400] {processor.py:175} INFO - Processing /Users/harut/opt/anaconda3/lib/python3.9/site-packages/airflow/example_dags/example_time_delta_sensor_async.py took 0.582 seconds
[2023-01-09T15:13:13.225+0400] {processor.py:153} INFO - Started process (PID=14376) to work on /Users/harut/opt/anaconda3/lib/python3.9/site-packages/airflow/example_dags/example_time_delta_sensor_async.py
[2023-01-09T15:13:13.226+0400] {processor.py:743} INFO - Processing file /Users/harut/opt/anaconda3/lib/python3.9/site-packages/airflow/example_dags/example_time_delta_sensor_async.py for tasks to queue
[2023-01-09T15:13:13.226+0400] {logging_mixin.py:137} INFO - [2023-01-09T15:13:13.226+0400] {dagbag.py:538} INFO - Filling up the DagBag from /Users/harut/opt/anaconda3/lib/python3.9/site-packages/airflow/example_dags/example_time_delta_sensor_async.py
[2023-01-09T15:13:13.244+0400] {processor.py:753} INFO - DAG(s) dict_keys(['example_time_delta_sensor_async']) retrieved from /Users/harut/opt/anaconda3/lib/python3.9/site-packages/airflow/example_dags/example_time_delta_sensor_async.py
[2023-01-09T15:13:13.773+0400] {logging_mixin.py:137} INFO - [2023-01-09T15:13:13.772+0400] {dag.py:2676} INFO - Sync 1 DAGs
[2023-01-09T15:13:13.782+0400] {logging_mixin.py:137} INFO - [2023-01-09T15:13:13.782+0400] {dag.py:3423} INFO - Setting next_dagrun for example_time_delta_sensor_async to None, run_after=None
[2023-01-09T15:13:13.793+0400] {processor.py:175} INFO - Processing /Users/harut/opt/anaconda3/lib/python3.9/site-packages/airflow/example_dags/example_time_delta_sensor_async.py took 0.568 seconds
[2023-01-09T15:14:36.766+0400] {processor.py:153} INFO - Started process (PID=14438) to work on /Users/harut/opt/anaconda3/lib/python3.9/site-packages/airflow/example_dags/example_time_delta_sensor_async.py
[2023-01-09T15:14:36.767+0400] {processor.py:743} INFO - Processing file /Users/harut/opt/anaconda3/lib/python3.9/site-packages/airflow/example_dags/example_time_delta_sensor_async.py for tasks to queue
[2023-01-09T15:14:36.767+0400] {logging_mixin.py:137} INFO - [2023-01-09T15:14:36.767+0400] {dagbag.py:538} INFO - Filling up the DagBag from /Users/harut/opt/anaconda3/lib/python3.9/site-packages/airflow/example_dags/example_time_delta_sensor_async.py
[2023-01-09T15:14:36.785+0400] {processor.py:753} INFO - DAG(s) dict_keys(['example_time_delta_sensor_async']) retrieved from /Users/harut/opt/anaconda3/lib/python3.9/site-packages/airflow/example_dags/example_time_delta_sensor_async.py
[2023-01-09T15:14:37.321+0400] {logging_mixin.py:137} INFO - [2023-01-09T15:14:37.320+0400] {dag.py:2676} INFO - Sync 1 DAGs
[2023-01-09T15:14:37.330+0400] {logging_mixin.py:137} INFO - [2023-01-09T15:14:37.330+0400] {dag.py:3423} INFO - Setting next_dagrun for example_time_delta_sensor_async to None, run_after=None
[2023-01-09T15:14:37.342+0400] {processor.py:175} INFO - Processing /Users/harut/opt/anaconda3/lib/python3.9/site-packages/airflow/example_dags/example_time_delta_sensor_async.py took 0.576 seconds
[2023-01-09T15:16:00.036+0400] {processor.py:153} INFO - Started process (PID=14497) to work on /Users/harut/opt/anaconda3/lib/python3.9/site-packages/airflow/example_dags/example_time_delta_sensor_async.py
[2023-01-09T15:16:00.037+0400] {processor.py:743} INFO - Processing file /Users/harut/opt/anaconda3/lib/python3.9/site-packages/airflow/example_dags/example_time_delta_sensor_async.py for tasks to queue
[2023-01-09T15:16:00.037+0400] {logging_mixin.py:137} INFO - [2023-01-09T15:16:00.037+0400] {dagbag.py:538} INFO - Filling up the DagBag from /Users/harut/opt/anaconda3/lib/python3.9/site-packages/airflow/example_dags/example_time_delta_sensor_async.py
[2023-01-09T15:16:00.053+0400] {processor.py:753} INFO - DAG(s) dict_keys(['example_time_delta_sensor_async']) retrieved from /Users/harut/opt/anaconda3/lib/python3.9/site-packages/airflow/example_dags/example_time_delta_sensor_async.py
[2023-01-09T15:16:00.553+0400] {logging_mixin.py:137} INFO - [2023-01-09T15:16:00.553+0400] {dag.py:2676} INFO - Sync 1 DAGs
[2023-01-09T15:16:00.562+0400] {logging_mixin.py:137} INFO - [2023-01-09T15:16:00.562+0400] {dag.py:3423} INFO - Setting next_dagrun for example_time_delta_sensor_async to None, run_after=None
[2023-01-09T15:16:00.572+0400] {processor.py:175} INFO - Processing /Users/harut/opt/anaconda3/lib/python3.9/site-packages/airflow/example_dags/example_time_delta_sensor_async.py took 0.536 seconds
[2023-01-09T15:17:22.858+0400] {processor.py:153} INFO - Started process (PID=14542) to work on /Users/harut/opt/anaconda3/lib/python3.9/site-packages/airflow/example_dags/example_time_delta_sensor_async.py
[2023-01-09T15:17:22.859+0400] {processor.py:743} INFO - Processing file /Users/harut/opt/anaconda3/lib/python3.9/site-packages/airflow/example_dags/example_time_delta_sensor_async.py for tasks to queue
[2023-01-09T15:17:22.859+0400] {logging_mixin.py:137} INFO - [2023-01-09T15:17:22.859+0400] {dagbag.py:538} INFO - Filling up the DagBag from /Users/harut/opt/anaconda3/lib/python3.9/site-packages/airflow/example_dags/example_time_delta_sensor_async.py
[2023-01-09T15:17:22.875+0400] {processor.py:753} INFO - DAG(s) dict_keys(['example_time_delta_sensor_async']) retrieved from /Users/harut/opt/anaconda3/lib/python3.9/site-packages/airflow/example_dags/example_time_delta_sensor_async.py
[2023-01-09T15:17:23.373+0400] {logging_mixin.py:137} INFO - [2023-01-09T15:17:23.372+0400] {dag.py:2676} INFO - Sync 1 DAGs
[2023-01-09T15:17:23.381+0400] {logging_mixin.py:137} INFO - [2023-01-09T15:17:23.381+0400] {dag.py:3423} INFO - Setting next_dagrun for example_time_delta_sensor_async to None, run_after=None
[2023-01-09T15:17:23.391+0400] {processor.py:175} INFO - Processing /Users/harut/opt/anaconda3/lib/python3.9/site-packages/airflow/example_dags/example_time_delta_sensor_async.py took 0.533 seconds
[2023-01-09T15:18:46.248+0400] {processor.py:153} INFO - Started process (PID=14587) to work on /Users/harut/opt/anaconda3/lib/python3.9/site-packages/airflow/example_dags/example_time_delta_sensor_async.py
[2023-01-09T15:18:46.249+0400] {processor.py:743} INFO - Processing file /Users/harut/opt/anaconda3/lib/python3.9/site-packages/airflow/example_dags/example_time_delta_sensor_async.py for tasks to queue
[2023-01-09T15:18:46.249+0400] {logging_mixin.py:137} INFO - [2023-01-09T15:18:46.249+0400] {dagbag.py:538} INFO - Filling up the DagBag from /Users/harut/opt/anaconda3/lib/python3.9/site-packages/airflow/example_dags/example_time_delta_sensor_async.py
[2023-01-09T15:18:46.267+0400] {processor.py:753} INFO - DAG(s) dict_keys(['example_time_delta_sensor_async']) retrieved from /Users/harut/opt/anaconda3/lib/python3.9/site-packages/airflow/example_dags/example_time_delta_sensor_async.py
[2023-01-09T15:18:46.840+0400] {logging_mixin.py:137} INFO - [2023-01-09T15:18:46.839+0400] {dag.py:2676} INFO - Sync 1 DAGs
[2023-01-09T15:18:46.850+0400] {logging_mixin.py:137} INFO - [2023-01-09T15:18:46.849+0400] {dag.py:3423} INFO - Setting next_dagrun for example_time_delta_sensor_async to None, run_after=None
[2023-01-09T15:18:46.862+0400] {processor.py:175} INFO - Processing /Users/harut/opt/anaconda3/lib/python3.9/site-packages/airflow/example_dags/example_time_delta_sensor_async.py took 0.614 seconds
[2023-01-09T15:20:09.449+0400] {processor.py:153} INFO - Started process (PID=14638) to work on /Users/harut/opt/anaconda3/lib/python3.9/site-packages/airflow/example_dags/example_time_delta_sensor_async.py
[2023-01-09T15:20:09.450+0400] {processor.py:743} INFO - Processing file /Users/harut/opt/anaconda3/lib/python3.9/site-packages/airflow/example_dags/example_time_delta_sensor_async.py for tasks to queue
[2023-01-09T15:20:09.450+0400] {logging_mixin.py:137} INFO - [2023-01-09T15:20:09.450+0400] {dagbag.py:538} INFO - Filling up the DagBag from /Users/harut/opt/anaconda3/lib/python3.9/site-packages/airflow/example_dags/example_time_delta_sensor_async.py
[2023-01-09T15:20:09.467+0400] {processor.py:753} INFO - DAG(s) dict_keys(['example_time_delta_sensor_async']) retrieved from /Users/harut/opt/anaconda3/lib/python3.9/site-packages/airflow/example_dags/example_time_delta_sensor_async.py
[2023-01-09T15:20:10.011+0400] {logging_mixin.py:137} INFO - [2023-01-09T15:20:10.011+0400] {dag.py:2676} INFO - Sync 1 DAGs
[2023-01-09T15:20:10.021+0400] {logging_mixin.py:137} INFO - [2023-01-09T15:20:10.021+0400] {dag.py:3423} INFO - Setting next_dagrun for example_time_delta_sensor_async to None, run_after=None
[2023-01-09T15:20:10.032+0400] {processor.py:175} INFO - Processing /Users/harut/opt/anaconda3/lib/python3.9/site-packages/airflow/example_dags/example_time_delta_sensor_async.py took 0.583 seconds
[2023-01-09T15:21:32.926+0400] {processor.py:153} INFO - Started process (PID=14685) to work on /Users/harut/opt/anaconda3/lib/python3.9/site-packages/airflow/example_dags/example_time_delta_sensor_async.py
[2023-01-09T15:21:32.928+0400] {processor.py:743} INFO - Processing file /Users/harut/opt/anaconda3/lib/python3.9/site-packages/airflow/example_dags/example_time_delta_sensor_async.py for tasks to queue
[2023-01-09T15:21:32.928+0400] {logging_mixin.py:137} INFO - [2023-01-09T15:21:32.928+0400] {dagbag.py:538} INFO - Filling up the DagBag from /Users/harut/opt/anaconda3/lib/python3.9/site-packages/airflow/example_dags/example_time_delta_sensor_async.py
[2023-01-09T15:21:32.947+0400] {processor.py:753} INFO - DAG(s) dict_keys(['example_time_delta_sensor_async']) retrieved from /Users/harut/opt/anaconda3/lib/python3.9/site-packages/airflow/example_dags/example_time_delta_sensor_async.py
[2023-01-09T15:21:33.508+0400] {logging_mixin.py:137} INFO - [2023-01-09T15:21:33.508+0400] {dag.py:2676} INFO - Sync 1 DAGs
[2023-01-09T15:21:33.518+0400] {logging_mixin.py:137} INFO - [2023-01-09T15:21:33.518+0400] {dag.py:3423} INFO - Setting next_dagrun for example_time_delta_sensor_async to None, run_after=None
[2023-01-09T15:21:33.530+0400] {processor.py:175} INFO - Processing /Users/harut/opt/anaconda3/lib/python3.9/site-packages/airflow/example_dags/example_time_delta_sensor_async.py took 0.604 seconds
[2023-01-09T15:22:56.712+0400] {processor.py:153} INFO - Started process (PID=14742) to work on /Users/harut/opt/anaconda3/lib/python3.9/site-packages/airflow/example_dags/example_time_delta_sensor_async.py
[2023-01-09T15:22:56.712+0400] {processor.py:743} INFO - Processing file /Users/harut/opt/anaconda3/lib/python3.9/site-packages/airflow/example_dags/example_time_delta_sensor_async.py for tasks to queue
[2023-01-09T15:22:56.713+0400] {logging_mixin.py:137} INFO - [2023-01-09T15:22:56.713+0400] {dagbag.py:538} INFO - Filling up the DagBag from /Users/harut/opt/anaconda3/lib/python3.9/site-packages/airflow/example_dags/example_time_delta_sensor_async.py
[2023-01-09T15:22:56.731+0400] {processor.py:753} INFO - DAG(s) dict_keys(['example_time_delta_sensor_async']) retrieved from /Users/harut/opt/anaconda3/lib/python3.9/site-packages/airflow/example_dags/example_time_delta_sensor_async.py
[2023-01-09T15:22:57.236+0400] {logging_mixin.py:137} INFO - [2023-01-09T15:22:57.236+0400] {dag.py:2676} INFO - Sync 1 DAGs
[2023-01-09T15:22:57.244+0400] {logging_mixin.py:137} INFO - [2023-01-09T15:22:57.244+0400] {dag.py:3423} INFO - Setting next_dagrun for example_time_delta_sensor_async to None, run_after=None
[2023-01-09T15:22:57.255+0400] {processor.py:175} INFO - Processing /Users/harut/opt/anaconda3/lib/python3.9/site-packages/airflow/example_dags/example_time_delta_sensor_async.py took 0.543 seconds
[2023-01-09T15:24:20.083+0400] {processor.py:153} INFO - Started process (PID=14786) to work on /Users/harut/opt/anaconda3/lib/python3.9/site-packages/airflow/example_dags/example_time_delta_sensor_async.py
[2023-01-09T15:24:20.084+0400] {processor.py:743} INFO - Processing file /Users/harut/opt/anaconda3/lib/python3.9/site-packages/airflow/example_dags/example_time_delta_sensor_async.py for tasks to queue
[2023-01-09T15:24:20.084+0400] {logging_mixin.py:137} INFO - [2023-01-09T15:24:20.084+0400] {dagbag.py:538} INFO - Filling up the DagBag from /Users/harut/opt/anaconda3/lib/python3.9/site-packages/airflow/example_dags/example_time_delta_sensor_async.py
[2023-01-09T15:24:20.102+0400] {processor.py:753} INFO - DAG(s) dict_keys(['example_time_delta_sensor_async']) retrieved from /Users/harut/opt/anaconda3/lib/python3.9/site-packages/airflow/example_dags/example_time_delta_sensor_async.py
[2023-01-09T15:24:20.651+0400] {logging_mixin.py:137} INFO - [2023-01-09T15:24:20.651+0400] {dag.py:2676} INFO - Sync 1 DAGs
[2023-01-09T15:24:20.661+0400] {logging_mixin.py:137} INFO - [2023-01-09T15:24:20.661+0400] {dag.py:3423} INFO - Setting next_dagrun for example_time_delta_sensor_async to None, run_after=None
[2023-01-09T15:24:20.672+0400] {processor.py:175} INFO - Processing /Users/harut/opt/anaconda3/lib/python3.9/site-packages/airflow/example_dags/example_time_delta_sensor_async.py took 0.589 seconds
[2023-01-09T15:25:43.564+0400] {processor.py:153} INFO - Started process (PID=14832) to work on /Users/harut/opt/anaconda3/lib/python3.9/site-packages/airflow/example_dags/example_time_delta_sensor_async.py
[2023-01-09T15:25:43.564+0400] {processor.py:743} INFO - Processing file /Users/harut/opt/anaconda3/lib/python3.9/site-packages/airflow/example_dags/example_time_delta_sensor_async.py for tasks to queue
[2023-01-09T15:25:43.565+0400] {logging_mixin.py:137} INFO - [2023-01-09T15:25:43.565+0400] {dagbag.py:538} INFO - Filling up the DagBag from /Users/harut/opt/anaconda3/lib/python3.9/site-packages/airflow/example_dags/example_time_delta_sensor_async.py
[2023-01-09T15:25:43.581+0400] {processor.py:753} INFO - DAG(s) dict_keys(['example_time_delta_sensor_async']) retrieved from /Users/harut/opt/anaconda3/lib/python3.9/site-packages/airflow/example_dags/example_time_delta_sensor_async.py
[2023-01-09T15:25:44.085+0400] {logging_mixin.py:137} INFO - [2023-01-09T15:25:44.085+0400] {dag.py:2676} INFO - Sync 1 DAGs
[2023-01-09T15:25:44.094+0400] {logging_mixin.py:137} INFO - [2023-01-09T15:25:44.094+0400] {dag.py:3423} INFO - Setting next_dagrun for example_time_delta_sensor_async to None, run_after=None
[2023-01-09T15:25:44.104+0400] {processor.py:175} INFO - Processing /Users/harut/opt/anaconda3/lib/python3.9/site-packages/airflow/example_dags/example_time_delta_sensor_async.py took 0.541 seconds
[2023-01-09T15:27:07.780+0400] {processor.py:153} INFO - Started process (PID=14875) to work on /Users/harut/opt/anaconda3/lib/python3.9/site-packages/airflow/example_dags/example_time_delta_sensor_async.py
[2023-01-09T15:27:07.781+0400] {processor.py:743} INFO - Processing file /Users/harut/opt/anaconda3/lib/python3.9/site-packages/airflow/example_dags/example_time_delta_sensor_async.py for tasks to queue
[2023-01-09T15:27:07.781+0400] {logging_mixin.py:137} INFO - [2023-01-09T15:27:07.781+0400] {dagbag.py:538} INFO - Filling up the DagBag from /Users/harut/opt/anaconda3/lib/python3.9/site-packages/airflow/example_dags/example_time_delta_sensor_async.py
[2023-01-09T15:27:07.799+0400] {processor.py:753} INFO - DAG(s) dict_keys(['example_time_delta_sensor_async']) retrieved from /Users/harut/opt/anaconda3/lib/python3.9/site-packages/airflow/example_dags/example_time_delta_sensor_async.py
[2023-01-09T15:27:08.317+0400] {logging_mixin.py:137} INFO - [2023-01-09T15:27:08.317+0400] {dag.py:2676} INFO - Sync 1 DAGs
[2023-01-09T15:27:08.327+0400] {logging_mixin.py:137} INFO - [2023-01-09T15:27:08.327+0400] {dag.py:3423} INFO - Setting next_dagrun for example_time_delta_sensor_async to None, run_after=None
[2023-01-09T15:27:08.337+0400] {processor.py:175} INFO - Processing /Users/harut/opt/anaconda3/lib/python3.9/site-packages/airflow/example_dags/example_time_delta_sensor_async.py took 0.557 seconds
[2023-01-09T15:28:31.224+0400] {processor.py:153} INFO - Started process (PID=14927) to work on /Users/harut/opt/anaconda3/lib/python3.9/site-packages/airflow/example_dags/example_time_delta_sensor_async.py
[2023-01-09T15:28:31.225+0400] {processor.py:743} INFO - Processing file /Users/harut/opt/anaconda3/lib/python3.9/site-packages/airflow/example_dags/example_time_delta_sensor_async.py for tasks to queue
[2023-01-09T15:28:31.225+0400] {logging_mixin.py:137} INFO - [2023-01-09T15:28:31.225+0400] {dagbag.py:538} INFO - Filling up the DagBag from /Users/harut/opt/anaconda3/lib/python3.9/site-packages/airflow/example_dags/example_time_delta_sensor_async.py
[2023-01-09T15:28:31.243+0400] {processor.py:753} INFO - DAG(s) dict_keys(['example_time_delta_sensor_async']) retrieved from /Users/harut/opt/anaconda3/lib/python3.9/site-packages/airflow/example_dags/example_time_delta_sensor_async.py
[2023-01-09T15:28:31.753+0400] {logging_mixin.py:137} INFO - [2023-01-09T15:28:31.753+0400] {dag.py:2676} INFO - Sync 1 DAGs
[2023-01-09T15:28:31.762+0400] {logging_mixin.py:137} INFO - [2023-01-09T15:28:31.762+0400] {dag.py:3423} INFO - Setting next_dagrun for example_time_delta_sensor_async to None, run_after=None
[2023-01-09T15:28:31.772+0400] {processor.py:175} INFO - Processing /Users/harut/opt/anaconda3/lib/python3.9/site-packages/airflow/example_dags/example_time_delta_sensor_async.py took 0.549 seconds
[2023-01-09T15:29:52.366+0400] {processor.py:153} INFO - Started process (PID=14972) to work on /Users/harut/opt/anaconda3/lib/python3.9/site-packages/airflow/example_dags/example_time_delta_sensor_async.py
[2023-01-09T15:29:52.367+0400] {processor.py:743} INFO - Processing file /Users/harut/opt/anaconda3/lib/python3.9/site-packages/airflow/example_dags/example_time_delta_sensor_async.py for tasks to queue
[2023-01-09T15:29:52.367+0400] {logging_mixin.py:137} INFO - [2023-01-09T15:29:52.367+0400] {dagbag.py:538} INFO - Filling up the DagBag from /Users/harut/opt/anaconda3/lib/python3.9/site-packages/airflow/example_dags/example_time_delta_sensor_async.py
[2023-01-09T15:29:52.384+0400] {processor.py:753} INFO - DAG(s) dict_keys(['example_time_delta_sensor_async']) retrieved from /Users/harut/opt/anaconda3/lib/python3.9/site-packages/airflow/example_dags/example_time_delta_sensor_async.py
[2023-01-09T15:29:52.887+0400] {logging_mixin.py:137} INFO - [2023-01-09T15:29:52.887+0400] {dag.py:2676} INFO - Sync 1 DAGs
[2023-01-09T15:29:52.896+0400] {logging_mixin.py:137} INFO - [2023-01-09T15:29:52.896+0400] {dag.py:3423} INFO - Setting next_dagrun for example_time_delta_sensor_async to None, run_after=None
[2023-01-09T15:29:52.906+0400] {processor.py:175} INFO - Processing /Users/harut/opt/anaconda3/lib/python3.9/site-packages/airflow/example_dags/example_time_delta_sensor_async.py took 0.540 seconds
[2023-01-09T15:31:14.369+0400] {processor.py:153} INFO - Started process (PID=15020) to work on /Users/harut/opt/anaconda3/lib/python3.9/site-packages/airflow/example_dags/example_time_delta_sensor_async.py
[2023-01-09T15:31:14.370+0400] {processor.py:743} INFO - Processing file /Users/harut/opt/anaconda3/lib/python3.9/site-packages/airflow/example_dags/example_time_delta_sensor_async.py for tasks to queue
[2023-01-09T15:31:14.370+0400] {logging_mixin.py:137} INFO - [2023-01-09T15:31:14.370+0400] {dagbag.py:538} INFO - Filling up the DagBag from /Users/harut/opt/anaconda3/lib/python3.9/site-packages/airflow/example_dags/example_time_delta_sensor_async.py
[2023-01-09T15:31:14.388+0400] {processor.py:753} INFO - DAG(s) dict_keys(['example_time_delta_sensor_async']) retrieved from /Users/harut/opt/anaconda3/lib/python3.9/site-packages/airflow/example_dags/example_time_delta_sensor_async.py
[2023-01-09T15:31:14.931+0400] {logging_mixin.py:137} INFO - [2023-01-09T15:31:14.931+0400] {dag.py:2676} INFO - Sync 1 DAGs
[2023-01-09T15:31:14.940+0400] {logging_mixin.py:137} INFO - [2023-01-09T15:31:14.940+0400] {dag.py:3423} INFO - Setting next_dagrun for example_time_delta_sensor_async to None, run_after=None
[2023-01-09T15:31:14.951+0400] {processor.py:175} INFO - Processing /Users/harut/opt/anaconda3/lib/python3.9/site-packages/airflow/example_dags/example_time_delta_sensor_async.py took 0.582 seconds
[2023-01-09T15:32:37.068+0400] {processor.py:153} INFO - Started process (PID=15065) to work on /Users/harut/opt/anaconda3/lib/python3.9/site-packages/airflow/example_dags/example_time_delta_sensor_async.py
[2023-01-09T15:32:37.068+0400] {processor.py:743} INFO - Processing file /Users/harut/opt/anaconda3/lib/python3.9/site-packages/airflow/example_dags/example_time_delta_sensor_async.py for tasks to queue
[2023-01-09T15:32:37.068+0400] {logging_mixin.py:137} INFO - [2023-01-09T15:32:37.068+0400] {dagbag.py:538} INFO - Filling up the DagBag from /Users/harut/opt/anaconda3/lib/python3.9/site-packages/airflow/example_dags/example_time_delta_sensor_async.py
[2023-01-09T15:32:37.085+0400] {processor.py:753} INFO - DAG(s) dict_keys(['example_time_delta_sensor_async']) retrieved from /Users/harut/opt/anaconda3/lib/python3.9/site-packages/airflow/example_dags/example_time_delta_sensor_async.py
[2023-01-09T15:32:37.588+0400] {logging_mixin.py:137} INFO - [2023-01-09T15:32:37.588+0400] {dag.py:2676} INFO - Sync 1 DAGs
[2023-01-09T15:32:37.597+0400] {logging_mixin.py:137} INFO - [2023-01-09T15:32:37.596+0400] {dag.py:3423} INFO - Setting next_dagrun for example_time_delta_sensor_async to None, run_after=None
[2023-01-09T15:32:37.607+0400] {processor.py:175} INFO - Processing /Users/harut/opt/anaconda3/lib/python3.9/site-packages/airflow/example_dags/example_time_delta_sensor_async.py took 0.540 seconds
[2023-01-09T15:34:01.558+0400] {processor.py:153} INFO - Started process (PID=15110) to work on /Users/harut/opt/anaconda3/lib/python3.9/site-packages/airflow/example_dags/example_time_delta_sensor_async.py
[2023-01-09T15:34:01.559+0400] {processor.py:743} INFO - Processing file /Users/harut/opt/anaconda3/lib/python3.9/site-packages/airflow/example_dags/example_time_delta_sensor_async.py for tasks to queue
[2023-01-09T15:34:01.559+0400] {logging_mixin.py:137} INFO - [2023-01-09T15:34:01.559+0400] {dagbag.py:538} INFO - Filling up the DagBag from /Users/harut/opt/anaconda3/lib/python3.9/site-packages/airflow/example_dags/example_time_delta_sensor_async.py
[2023-01-09T15:34:01.578+0400] {processor.py:753} INFO - DAG(s) dict_keys(['example_time_delta_sensor_async']) retrieved from /Users/harut/opt/anaconda3/lib/python3.9/site-packages/airflow/example_dags/example_time_delta_sensor_async.py
[2023-01-09T15:34:02.146+0400] {logging_mixin.py:137} INFO - [2023-01-09T15:34:02.146+0400] {dag.py:2676} INFO - Sync 1 DAGs
[2023-01-09T15:34:02.158+0400] {logging_mixin.py:137} INFO - [2023-01-09T15:34:02.157+0400] {dag.py:3423} INFO - Setting next_dagrun for example_time_delta_sensor_async to None, run_after=None
[2023-01-09T15:34:02.171+0400] {processor.py:175} INFO - Processing /Users/harut/opt/anaconda3/lib/python3.9/site-packages/airflow/example_dags/example_time_delta_sensor_async.py took 0.613 seconds
[2023-01-09T15:35:25.153+0400] {processor.py:153} INFO - Started process (PID=15159) to work on /Users/harut/opt/anaconda3/lib/python3.9/site-packages/airflow/example_dags/example_time_delta_sensor_async.py
[2023-01-09T15:35:25.154+0400] {processor.py:743} INFO - Processing file /Users/harut/opt/anaconda3/lib/python3.9/site-packages/airflow/example_dags/example_time_delta_sensor_async.py for tasks to queue
[2023-01-09T15:35:25.154+0400] {logging_mixin.py:137} INFO - [2023-01-09T15:35:25.154+0400] {dagbag.py:538} INFO - Filling up the DagBag from /Users/harut/opt/anaconda3/lib/python3.9/site-packages/airflow/example_dags/example_time_delta_sensor_async.py
[2023-01-09T15:35:25.173+0400] {processor.py:753} INFO - DAG(s) dict_keys(['example_time_delta_sensor_async']) retrieved from /Users/harut/opt/anaconda3/lib/python3.9/site-packages/airflow/example_dags/example_time_delta_sensor_async.py
[2023-01-09T15:35:25.747+0400] {logging_mixin.py:137} INFO - [2023-01-09T15:35:25.746+0400] {dag.py:2676} INFO - Sync 1 DAGs
[2023-01-09T15:35:25.757+0400] {logging_mixin.py:137} INFO - [2023-01-09T15:35:25.757+0400] {dag.py:3423} INFO - Setting next_dagrun for example_time_delta_sensor_async to None, run_after=None
[2023-01-09T15:35:25.770+0400] {processor.py:175} INFO - Processing /Users/harut/opt/anaconda3/lib/python3.9/site-packages/airflow/example_dags/example_time_delta_sensor_async.py took 0.617 seconds
[2023-01-09T15:36:47.603+0400] {processor.py:153} INFO - Started process (PID=15222) to work on /Users/harut/opt/anaconda3/lib/python3.9/site-packages/airflow/example_dags/example_time_delta_sensor_async.py
[2023-01-09T15:36:47.603+0400] {processor.py:743} INFO - Processing file /Users/harut/opt/anaconda3/lib/python3.9/site-packages/airflow/example_dags/example_time_delta_sensor_async.py for tasks to queue
[2023-01-09T15:36:47.603+0400] {logging_mixin.py:137} INFO - [2023-01-09T15:36:47.603+0400] {dagbag.py:538} INFO - Filling up the DagBag from /Users/harut/opt/anaconda3/lib/python3.9/site-packages/airflow/example_dags/example_time_delta_sensor_async.py
[2023-01-09T15:36:47.621+0400] {processor.py:753} INFO - DAG(s) dict_keys(['example_time_delta_sensor_async']) retrieved from /Users/harut/opt/anaconda3/lib/python3.9/site-packages/airflow/example_dags/example_time_delta_sensor_async.py
[2023-01-09T15:36:48.126+0400] {logging_mixin.py:137} INFO - [2023-01-09T15:36:48.126+0400] {dag.py:2676} INFO - Sync 1 DAGs
[2023-01-09T15:36:48.135+0400] {logging_mixin.py:137} INFO - [2023-01-09T15:36:48.135+0400] {dag.py:3423} INFO - Setting next_dagrun for example_time_delta_sensor_async to None, run_after=None
[2023-01-09T15:36:48.145+0400] {processor.py:175} INFO - Processing /Users/harut/opt/anaconda3/lib/python3.9/site-packages/airflow/example_dags/example_time_delta_sensor_async.py took 0.543 seconds
[2023-01-09T15:38:10.526+0400] {processor.py:153} INFO - Started process (PID=15264) to work on /Users/harut/opt/anaconda3/lib/python3.9/site-packages/airflow/example_dags/example_time_delta_sensor_async.py
[2023-01-09T15:38:10.526+0400] {processor.py:743} INFO - Processing file /Users/harut/opt/anaconda3/lib/python3.9/site-packages/airflow/example_dags/example_time_delta_sensor_async.py for tasks to queue
[2023-01-09T15:38:10.527+0400] {logging_mixin.py:137} INFO - [2023-01-09T15:38:10.526+0400] {dagbag.py:538} INFO - Filling up the DagBag from /Users/harut/opt/anaconda3/lib/python3.9/site-packages/airflow/example_dags/example_time_delta_sensor_async.py
[2023-01-09T15:38:10.543+0400] {processor.py:753} INFO - DAG(s) dict_keys(['example_time_delta_sensor_async']) retrieved from /Users/harut/opt/anaconda3/lib/python3.9/site-packages/airflow/example_dags/example_time_delta_sensor_async.py
[2023-01-09T15:38:11.032+0400] {logging_mixin.py:137} INFO - [2023-01-09T15:38:11.032+0400] {dag.py:2676} INFO - Sync 1 DAGs
[2023-01-09T15:38:11.041+0400] {logging_mixin.py:137} INFO - [2023-01-09T15:38:11.041+0400] {dag.py:3423} INFO - Setting next_dagrun for example_time_delta_sensor_async to None, run_after=None
[2023-01-09T15:38:11.051+0400] {processor.py:175} INFO - Processing /Users/harut/opt/anaconda3/lib/python3.9/site-packages/airflow/example_dags/example_time_delta_sensor_async.py took 0.526 seconds
[2023-01-09T15:39:32.580+0400] {processor.py:153} INFO - Started process (PID=15308) to work on /Users/harut/opt/anaconda3/lib/python3.9/site-packages/airflow/example_dags/example_time_delta_sensor_async.py
[2023-01-09T15:39:32.580+0400] {processor.py:743} INFO - Processing file /Users/harut/opt/anaconda3/lib/python3.9/site-packages/airflow/example_dags/example_time_delta_sensor_async.py for tasks to queue
[2023-01-09T15:39:32.581+0400] {logging_mixin.py:137} INFO - [2023-01-09T15:39:32.581+0400] {dagbag.py:538} INFO - Filling up the DagBag from /Users/harut/opt/anaconda3/lib/python3.9/site-packages/airflow/example_dags/example_time_delta_sensor_async.py
[2023-01-09T15:39:32.598+0400] {processor.py:753} INFO - DAG(s) dict_keys(['example_time_delta_sensor_async']) retrieved from /Users/harut/opt/anaconda3/lib/python3.9/site-packages/airflow/example_dags/example_time_delta_sensor_async.py
[2023-01-09T15:39:33.114+0400] {logging_mixin.py:137} INFO - [2023-01-09T15:39:33.114+0400] {dag.py:2676} INFO - Sync 1 DAGs
[2023-01-09T15:39:33.123+0400] {logging_mixin.py:137} INFO - [2023-01-09T15:39:33.123+0400] {dag.py:3423} INFO - Setting next_dagrun for example_time_delta_sensor_async to None, run_after=None
[2023-01-09T15:39:33.133+0400] {processor.py:175} INFO - Processing /Users/harut/opt/anaconda3/lib/python3.9/site-packages/airflow/example_dags/example_time_delta_sensor_async.py took 0.554 seconds
[2023-01-09T15:40:53.155+0400] {processor.py:153} INFO - Started process (PID=15361) to work on /Users/harut/opt/anaconda3/lib/python3.9/site-packages/airflow/example_dags/example_time_delta_sensor_async.py
[2023-01-09T15:40:53.156+0400] {processor.py:743} INFO - Processing file /Users/harut/opt/anaconda3/lib/python3.9/site-packages/airflow/example_dags/example_time_delta_sensor_async.py for tasks to queue
[2023-01-09T15:40:53.156+0400] {logging_mixin.py:137} INFO - [2023-01-09T15:40:53.156+0400] {dagbag.py:538} INFO - Filling up the DagBag from /Users/harut/opt/anaconda3/lib/python3.9/site-packages/airflow/example_dags/example_time_delta_sensor_async.py
[2023-01-09T15:40:53.172+0400] {processor.py:753} INFO - DAG(s) dict_keys(['example_time_delta_sensor_async']) retrieved from /Users/harut/opt/anaconda3/lib/python3.9/site-packages/airflow/example_dags/example_time_delta_sensor_async.py
[2023-01-09T15:40:53.673+0400] {logging_mixin.py:137} INFO - [2023-01-09T15:40:53.673+0400] {dag.py:2676} INFO - Sync 1 DAGs
[2023-01-09T15:40:53.683+0400] {logging_mixin.py:137} INFO - [2023-01-09T15:40:53.682+0400] {dag.py:3423} INFO - Setting next_dagrun for example_time_delta_sensor_async to None, run_after=None
[2023-01-09T15:40:53.693+0400] {processor.py:175} INFO - Processing /Users/harut/opt/anaconda3/lib/python3.9/site-packages/airflow/example_dags/example_time_delta_sensor_async.py took 0.538 seconds
