[2023-01-09T14:17:24.532+0400] {processor.py:153} INFO - Started process (PID=12426) to work on /Users/harut/opt/anaconda3/lib/python3.9/site-packages/airflow/example_dags/example_kubernetes_executor.py
[2023-01-09T14:17:24.533+0400] {processor.py:743} INFO - Processing file /Users/harut/opt/anaconda3/lib/python3.9/site-packages/airflow/example_dags/example_kubernetes_executor.py for tasks to queue
[2023-01-09T14:17:24.533+0400] {logging_mixin.py:137} INFO - [2023-01-09T14:17:24.533+0400] {dagbag.py:538} INFO - Filling up the DagBag from /Users/harut/opt/anaconda3/lib/python3.9/site-packages/airflow/example_dags/example_kubernetes_executor.py
[2023-01-09T14:17:24.563+0400] {logging_mixin.py:137} INFO - [2023-01-09T14:17:24.563+0400] {example_kubernetes_executor.py:41} WARNING - The example_kubernetes_executor example DAG requires the kubernetes provider. Please install it with: pip install apache-airflow[cncf.kubernetes]
[2023-01-09T14:17:24.563+0400] {processor.py:755} WARNING - No viable dags retrieved from /Users/harut/opt/anaconda3/lib/python3.9/site-packages/airflow/example_dags/example_kubernetes_executor.py
[2023-01-09T14:17:24.937+0400] {processor.py:175} INFO - Processing /Users/harut/opt/anaconda3/lib/python3.9/site-packages/airflow/example_dags/example_kubernetes_executor.py took 0.406 seconds
[2023-01-09T14:19:49.515+0400] {processor.py:153} INFO - Started process (PID=12519) to work on /Users/harut/opt/anaconda3/lib/python3.9/site-packages/airflow/example_dags/example_kubernetes_executor.py
[2023-01-09T14:19:49.516+0400] {processor.py:743} INFO - Processing file /Users/harut/opt/anaconda3/lib/python3.9/site-packages/airflow/example_dags/example_kubernetes_executor.py for tasks to queue
[2023-01-09T14:19:49.516+0400] {logging_mixin.py:137} INFO - [2023-01-09T14:19:49.516+0400] {dagbag.py:538} INFO - Filling up the DagBag from /Users/harut/opt/anaconda3/lib/python3.9/site-packages/airflow/example_dags/example_kubernetes_executor.py
[2023-01-09T14:19:49.543+0400] {logging_mixin.py:137} INFO - [2023-01-09T14:19:49.543+0400] {example_kubernetes_executor.py:41} WARNING - The example_kubernetes_executor example DAG requires the kubernetes provider. Please install it with: pip install apache-airflow[cncf.kubernetes]
[2023-01-09T14:19:49.543+0400] {processor.py:755} WARNING - No viable dags retrieved from /Users/harut/opt/anaconda3/lib/python3.9/site-packages/airflow/example_dags/example_kubernetes_executor.py
[2023-01-09T14:19:49.879+0400] {processor.py:175} INFO - Processing /Users/harut/opt/anaconda3/lib/python3.9/site-packages/airflow/example_dags/example_kubernetes_executor.py took 0.364 seconds
[2023-01-09T14:21:03.868+0400] {processor.py:153} INFO - Started process (PID=12558) to work on /Users/harut/opt/anaconda3/lib/python3.9/site-packages/airflow/example_dags/example_kubernetes_executor.py
[2023-01-09T14:21:03.869+0400] {processor.py:743} INFO - Processing file /Users/harut/opt/anaconda3/lib/python3.9/site-packages/airflow/example_dags/example_kubernetes_executor.py for tasks to queue
[2023-01-09T14:21:03.869+0400] {logging_mixin.py:137} INFO - [2023-01-09T14:21:03.869+0400] {dagbag.py:538} INFO - Filling up the DagBag from /Users/harut/opt/anaconda3/lib/python3.9/site-packages/airflow/example_dags/example_kubernetes_executor.py
[2023-01-09T14:21:03.896+0400] {logging_mixin.py:137} INFO - [2023-01-09T14:21:03.896+0400] {example_kubernetes_executor.py:41} WARNING - The example_kubernetes_executor example DAG requires the kubernetes provider. Please install it with: pip install apache-airflow[cncf.kubernetes]
[2023-01-09T14:21:03.897+0400] {processor.py:755} WARNING - No viable dags retrieved from /Users/harut/opt/anaconda3/lib/python3.9/site-packages/airflow/example_dags/example_kubernetes_executor.py
[2023-01-09T14:21:04.219+0400] {processor.py:175} INFO - Processing /Users/harut/opt/anaconda3/lib/python3.9/site-packages/airflow/example_dags/example_kubernetes_executor.py took 0.351 seconds
[2023-01-09T14:22:17.829+0400] {processor.py:153} INFO - Started process (PID=12611) to work on /Users/harut/opt/anaconda3/lib/python3.9/site-packages/airflow/example_dags/example_kubernetes_executor.py
[2023-01-09T14:22:17.830+0400] {processor.py:743} INFO - Processing file /Users/harut/opt/anaconda3/lib/python3.9/site-packages/airflow/example_dags/example_kubernetes_executor.py for tasks to queue
[2023-01-09T14:22:17.830+0400] {logging_mixin.py:137} INFO - [2023-01-09T14:22:17.830+0400] {dagbag.py:538} INFO - Filling up the DagBag from /Users/harut/opt/anaconda3/lib/python3.9/site-packages/airflow/example_dags/example_kubernetes_executor.py
[2023-01-09T14:22:17.855+0400] {logging_mixin.py:137} INFO - [2023-01-09T14:22:17.855+0400] {example_kubernetes_executor.py:41} WARNING - The example_kubernetes_executor example DAG requires the kubernetes provider. Please install it with: pip install apache-airflow[cncf.kubernetes]
[2023-01-09T14:22:17.855+0400] {processor.py:755} WARNING - No viable dags retrieved from /Users/harut/opt/anaconda3/lib/python3.9/site-packages/airflow/example_dags/example_kubernetes_executor.py
[2023-01-09T14:22:18.174+0400] {processor.py:175} INFO - Processing /Users/harut/opt/anaconda3/lib/python3.9/site-packages/airflow/example_dags/example_kubernetes_executor.py took 0.346 seconds
[2023-01-09T14:23:33.939+0400] {processor.py:153} INFO - Started process (PID=12652) to work on /Users/harut/opt/anaconda3/lib/python3.9/site-packages/airflow/example_dags/example_kubernetes_executor.py
[2023-01-09T14:23:33.940+0400] {processor.py:743} INFO - Processing file /Users/harut/opt/anaconda3/lib/python3.9/site-packages/airflow/example_dags/example_kubernetes_executor.py for tasks to queue
[2023-01-09T14:23:33.940+0400] {logging_mixin.py:137} INFO - [2023-01-09T14:23:33.940+0400] {dagbag.py:538} INFO - Filling up the DagBag from /Users/harut/opt/anaconda3/lib/python3.9/site-packages/airflow/example_dags/example_kubernetes_executor.py
[2023-01-09T14:23:33.968+0400] {logging_mixin.py:137} INFO - [2023-01-09T14:23:33.968+0400] {example_kubernetes_executor.py:41} WARNING - The example_kubernetes_executor example DAG requires the kubernetes provider. Please install it with: pip install apache-airflow[cncf.kubernetes]
[2023-01-09T14:23:33.969+0400] {processor.py:755} WARNING - No viable dags retrieved from /Users/harut/opt/anaconda3/lib/python3.9/site-packages/airflow/example_dags/example_kubernetes_executor.py
[2023-01-09T14:23:34.335+0400] {processor.py:175} INFO - Processing /Users/harut/opt/anaconda3/lib/python3.9/site-packages/airflow/example_dags/example_kubernetes_executor.py took 0.397 seconds
[2023-01-09T14:24:54.831+0400] {processor.py:153} INFO - Started process (PID=12695) to work on /Users/harut/opt/anaconda3/lib/python3.9/site-packages/airflow/example_dags/example_kubernetes_executor.py
[2023-01-09T14:24:54.832+0400] {processor.py:743} INFO - Processing file /Users/harut/opt/anaconda3/lib/python3.9/site-packages/airflow/example_dags/example_kubernetes_executor.py for tasks to queue
[2023-01-09T14:24:54.832+0400] {logging_mixin.py:137} INFO - [2023-01-09T14:24:54.832+0400] {dagbag.py:538} INFO - Filling up the DagBag from /Users/harut/opt/anaconda3/lib/python3.9/site-packages/airflow/example_dags/example_kubernetes_executor.py
[2023-01-09T14:24:54.860+0400] {logging_mixin.py:137} INFO - [2023-01-09T14:24:54.859+0400] {example_kubernetes_executor.py:41} WARNING - The example_kubernetes_executor example DAG requires the kubernetes provider. Please install it with: pip install apache-airflow[cncf.kubernetes]
[2023-01-09T14:24:54.860+0400] {processor.py:755} WARNING - No viable dags retrieved from /Users/harut/opt/anaconda3/lib/python3.9/site-packages/airflow/example_dags/example_kubernetes_executor.py
[2023-01-09T14:24:55.236+0400] {processor.py:175} INFO - Processing /Users/harut/opt/anaconda3/lib/python3.9/site-packages/airflow/example_dags/example_kubernetes_executor.py took 0.405 seconds
[2023-01-09T14:26:13.508+0400] {processor.py:153} INFO - Started process (PID=12739) to work on /Users/harut/opt/anaconda3/lib/python3.9/site-packages/airflow/example_dags/example_kubernetes_executor.py
[2023-01-09T14:26:13.509+0400] {processor.py:743} INFO - Processing file /Users/harut/opt/anaconda3/lib/python3.9/site-packages/airflow/example_dags/example_kubernetes_executor.py for tasks to queue
[2023-01-09T14:26:13.509+0400] {logging_mixin.py:137} INFO - [2023-01-09T14:26:13.509+0400] {dagbag.py:538} INFO - Filling up the DagBag from /Users/harut/opt/anaconda3/lib/python3.9/site-packages/airflow/example_dags/example_kubernetes_executor.py
[2023-01-09T14:26:13.534+0400] {logging_mixin.py:137} INFO - [2023-01-09T14:26:13.534+0400] {example_kubernetes_executor.py:41} WARNING - The example_kubernetes_executor example DAG requires the kubernetes provider. Please install it with: pip install apache-airflow[cncf.kubernetes]
[2023-01-09T14:26:13.534+0400] {processor.py:755} WARNING - No viable dags retrieved from /Users/harut/opt/anaconda3/lib/python3.9/site-packages/airflow/example_dags/example_kubernetes_executor.py
[2023-01-09T14:26:13.855+0400] {processor.py:175} INFO - Processing /Users/harut/opt/anaconda3/lib/python3.9/site-packages/airflow/example_dags/example_kubernetes_executor.py took 0.347 seconds
[2023-01-09T14:27:29.572+0400] {processor.py:153} INFO - Started process (PID=12783) to work on /Users/harut/opt/anaconda3/lib/python3.9/site-packages/airflow/example_dags/example_kubernetes_executor.py
[2023-01-09T14:27:29.573+0400] {processor.py:743} INFO - Processing file /Users/harut/opt/anaconda3/lib/python3.9/site-packages/airflow/example_dags/example_kubernetes_executor.py for tasks to queue
[2023-01-09T14:27:29.573+0400] {logging_mixin.py:137} INFO - [2023-01-09T14:27:29.573+0400] {dagbag.py:538} INFO - Filling up the DagBag from /Users/harut/opt/anaconda3/lib/python3.9/site-packages/airflow/example_dags/example_kubernetes_executor.py
[2023-01-09T14:27:29.598+0400] {logging_mixin.py:137} INFO - [2023-01-09T14:27:29.598+0400] {example_kubernetes_executor.py:41} WARNING - The example_kubernetes_executor example DAG requires the kubernetes provider. Please install it with: pip install apache-airflow[cncf.kubernetes]
[2023-01-09T14:27:29.598+0400] {processor.py:755} WARNING - No viable dags retrieved from /Users/harut/opt/anaconda3/lib/python3.9/site-packages/airflow/example_dags/example_kubernetes_executor.py
[2023-01-09T14:27:29.915+0400] {processor.py:175} INFO - Processing /Users/harut/opt/anaconda3/lib/python3.9/site-packages/airflow/example_dags/example_kubernetes_executor.py took 0.343 seconds
[2023-01-09T14:28:47.044+0400] {processor.py:153} INFO - Started process (PID=12828) to work on /Users/harut/opt/anaconda3/lib/python3.9/site-packages/airflow/example_dags/example_kubernetes_executor.py
[2023-01-09T14:28:47.045+0400] {processor.py:743} INFO - Processing file /Users/harut/opt/anaconda3/lib/python3.9/site-packages/airflow/example_dags/example_kubernetes_executor.py for tasks to queue
[2023-01-09T14:28:47.045+0400] {logging_mixin.py:137} INFO - [2023-01-09T14:28:47.045+0400] {dagbag.py:538} INFO - Filling up the DagBag from /Users/harut/opt/anaconda3/lib/python3.9/site-packages/airflow/example_dags/example_kubernetes_executor.py
[2023-01-09T14:28:47.070+0400] {logging_mixin.py:137} INFO - [2023-01-09T14:28:47.070+0400] {example_kubernetes_executor.py:41} WARNING - The example_kubernetes_executor example DAG requires the kubernetes provider. Please install it with: pip install apache-airflow[cncf.kubernetes]
[2023-01-09T14:28:47.070+0400] {processor.py:755} WARNING - No viable dags retrieved from /Users/harut/opt/anaconda3/lib/python3.9/site-packages/airflow/example_dags/example_kubernetes_executor.py
[2023-01-09T14:28:47.387+0400] {processor.py:175} INFO - Processing /Users/harut/opt/anaconda3/lib/python3.9/site-packages/airflow/example_dags/example_kubernetes_executor.py took 0.344 seconds
[2023-01-09T14:30:03.678+0400] {processor.py:153} INFO - Started process (PID=12869) to work on /Users/harut/opt/anaconda3/lib/python3.9/site-packages/airflow/example_dags/example_kubernetes_executor.py
[2023-01-09T14:30:03.678+0400] {processor.py:743} INFO - Processing file /Users/harut/opt/anaconda3/lib/python3.9/site-packages/airflow/example_dags/example_kubernetes_executor.py for tasks to queue
[2023-01-09T14:30:03.678+0400] {logging_mixin.py:137} INFO - [2023-01-09T14:30:03.678+0400] {dagbag.py:538} INFO - Filling up the DagBag from /Users/harut/opt/anaconda3/lib/python3.9/site-packages/airflow/example_dags/example_kubernetes_executor.py
[2023-01-09T14:30:03.704+0400] {logging_mixin.py:137} INFO - [2023-01-09T14:30:03.703+0400] {example_kubernetes_executor.py:41} WARNING - The example_kubernetes_executor example DAG requires the kubernetes provider. Please install it with: pip install apache-airflow[cncf.kubernetes]
[2023-01-09T14:30:03.704+0400] {processor.py:755} WARNING - No viable dags retrieved from /Users/harut/opt/anaconda3/lib/python3.9/site-packages/airflow/example_dags/example_kubernetes_executor.py
[2023-01-09T14:30:04.020+0400] {processor.py:175} INFO - Processing /Users/harut/opt/anaconda3/lib/python3.9/site-packages/airflow/example_dags/example_kubernetes_executor.py took 0.343 seconds
[2023-01-09T14:31:19.743+0400] {processor.py:153} INFO - Started process (PID=12915) to work on /Users/harut/opt/anaconda3/lib/python3.9/site-packages/airflow/example_dags/example_kubernetes_executor.py
[2023-01-09T14:31:19.743+0400] {processor.py:743} INFO - Processing file /Users/harut/opt/anaconda3/lib/python3.9/site-packages/airflow/example_dags/example_kubernetes_executor.py for tasks to queue
[2023-01-09T14:31:19.744+0400] {logging_mixin.py:137} INFO - [2023-01-09T14:31:19.744+0400] {dagbag.py:538} INFO - Filling up the DagBag from /Users/harut/opt/anaconda3/lib/python3.9/site-packages/airflow/example_dags/example_kubernetes_executor.py
[2023-01-09T14:31:19.769+0400] {logging_mixin.py:137} INFO - [2023-01-09T14:31:19.769+0400] {example_kubernetes_executor.py:41} WARNING - The example_kubernetes_executor example DAG requires the kubernetes provider. Please install it with: pip install apache-airflow[cncf.kubernetes]
[2023-01-09T14:31:19.769+0400] {processor.py:755} WARNING - No viable dags retrieved from /Users/harut/opt/anaconda3/lib/python3.9/site-packages/airflow/example_dags/example_kubernetes_executor.py
[2023-01-09T14:31:20.085+0400] {processor.py:175} INFO - Processing /Users/harut/opt/anaconda3/lib/python3.9/site-packages/airflow/example_dags/example_kubernetes_executor.py took 0.342 seconds
[2023-01-09T14:32:34.692+0400] {processor.py:153} INFO - Started process (PID=12964) to work on /Users/harut/opt/anaconda3/lib/python3.9/site-packages/airflow/example_dags/example_kubernetes_executor.py
[2023-01-09T14:32:34.692+0400] {processor.py:743} INFO - Processing file /Users/harut/opt/anaconda3/lib/python3.9/site-packages/airflow/example_dags/example_kubernetes_executor.py for tasks to queue
[2023-01-09T14:32:34.693+0400] {logging_mixin.py:137} INFO - [2023-01-09T14:32:34.693+0400] {dagbag.py:538} INFO - Filling up the DagBag from /Users/harut/opt/anaconda3/lib/python3.9/site-packages/airflow/example_dags/example_kubernetes_executor.py
[2023-01-09T14:32:34.720+0400] {logging_mixin.py:137} INFO - [2023-01-09T14:32:34.720+0400] {example_kubernetes_executor.py:41} WARNING - The example_kubernetes_executor example DAG requires the kubernetes provider. Please install it with: pip install apache-airflow[cncf.kubernetes]
[2023-01-09T14:32:34.720+0400] {processor.py:755} WARNING - No viable dags retrieved from /Users/harut/opt/anaconda3/lib/python3.9/site-packages/airflow/example_dags/example_kubernetes_executor.py
[2023-01-09T14:32:35.047+0400] {processor.py:175} INFO - Processing /Users/harut/opt/anaconda3/lib/python3.9/site-packages/airflow/example_dags/example_kubernetes_executor.py took 0.355 seconds
[2023-01-09T14:33:52.094+0400] {processor.py:153} INFO - Started process (PID=13006) to work on /Users/harut/opt/anaconda3/lib/python3.9/site-packages/airflow/example_dags/example_kubernetes_executor.py
[2023-01-09T14:33:52.095+0400] {processor.py:743} INFO - Processing file /Users/harut/opt/anaconda3/lib/python3.9/site-packages/airflow/example_dags/example_kubernetes_executor.py for tasks to queue
[2023-01-09T14:33:52.095+0400] {logging_mixin.py:137} INFO - [2023-01-09T14:33:52.095+0400] {dagbag.py:538} INFO - Filling up the DagBag from /Users/harut/opt/anaconda3/lib/python3.9/site-packages/airflow/example_dags/example_kubernetes_executor.py
[2023-01-09T14:33:52.121+0400] {logging_mixin.py:137} INFO - [2023-01-09T14:33:52.121+0400] {example_kubernetes_executor.py:41} WARNING - The example_kubernetes_executor example DAG requires the kubernetes provider. Please install it with: pip install apache-airflow[cncf.kubernetes]
[2023-01-09T14:33:52.121+0400] {processor.py:755} WARNING - No viable dags retrieved from /Users/harut/opt/anaconda3/lib/python3.9/site-packages/airflow/example_dags/example_kubernetes_executor.py
[2023-01-09T14:33:52.442+0400] {processor.py:175} INFO - Processing /Users/harut/opt/anaconda3/lib/python3.9/site-packages/airflow/example_dags/example_kubernetes_executor.py took 0.348 seconds
[2023-01-09T14:35:10.121+0400] {processor.py:153} INFO - Started process (PID=13063) to work on /Users/harut/opt/anaconda3/lib/python3.9/site-packages/airflow/example_dags/example_kubernetes_executor.py
[2023-01-09T14:35:10.121+0400] {processor.py:743} INFO - Processing file /Users/harut/opt/anaconda3/lib/python3.9/site-packages/airflow/example_dags/example_kubernetes_executor.py for tasks to queue
[2023-01-09T14:35:10.122+0400] {logging_mixin.py:137} INFO - [2023-01-09T14:35:10.122+0400] {dagbag.py:538} INFO - Filling up the DagBag from /Users/harut/opt/anaconda3/lib/python3.9/site-packages/airflow/example_dags/example_kubernetes_executor.py
[2023-01-09T14:35:10.147+0400] {logging_mixin.py:137} INFO - [2023-01-09T14:35:10.147+0400] {example_kubernetes_executor.py:41} WARNING - The example_kubernetes_executor example DAG requires the kubernetes provider. Please install it with: pip install apache-airflow[cncf.kubernetes]
[2023-01-09T14:35:10.147+0400] {processor.py:755} WARNING - No viable dags retrieved from /Users/harut/opt/anaconda3/lib/python3.9/site-packages/airflow/example_dags/example_kubernetes_executor.py
[2023-01-09T14:35:10.463+0400] {processor.py:175} INFO - Processing /Users/harut/opt/anaconda3/lib/python3.9/site-packages/airflow/example_dags/example_kubernetes_executor.py took 0.343 seconds
[2023-01-09T14:36:27.419+0400] {processor.py:153} INFO - Started process (PID=13108) to work on /Users/harut/opt/anaconda3/lib/python3.9/site-packages/airflow/example_dags/example_kubernetes_executor.py
[2023-01-09T14:36:27.420+0400] {processor.py:743} INFO - Processing file /Users/harut/opt/anaconda3/lib/python3.9/site-packages/airflow/example_dags/example_kubernetes_executor.py for tasks to queue
[2023-01-09T14:36:27.420+0400] {logging_mixin.py:137} INFO - [2023-01-09T14:36:27.420+0400] {dagbag.py:538} INFO - Filling up the DagBag from /Users/harut/opt/anaconda3/lib/python3.9/site-packages/airflow/example_dags/example_kubernetes_executor.py
[2023-01-09T14:36:27.445+0400] {logging_mixin.py:137} INFO - [2023-01-09T14:36:27.445+0400] {example_kubernetes_executor.py:41} WARNING - The example_kubernetes_executor example DAG requires the kubernetes provider. Please install it with: pip install apache-airflow[cncf.kubernetes]
[2023-01-09T14:36:27.445+0400] {processor.py:755} WARNING - No viable dags retrieved from /Users/harut/opt/anaconda3/lib/python3.9/site-packages/airflow/example_dags/example_kubernetes_executor.py
[2023-01-09T14:36:27.768+0400] {processor.py:175} INFO - Processing /Users/harut/opt/anaconda3/lib/python3.9/site-packages/airflow/example_dags/example_kubernetes_executor.py took 0.349 seconds
[2023-01-09T14:37:44.776+0400] {processor.py:153} INFO - Started process (PID=13150) to work on /Users/harut/opt/anaconda3/lib/python3.9/site-packages/airflow/example_dags/example_kubernetes_executor.py
[2023-01-09T14:37:44.777+0400] {processor.py:743} INFO - Processing file /Users/harut/opt/anaconda3/lib/python3.9/site-packages/airflow/example_dags/example_kubernetes_executor.py for tasks to queue
[2023-01-09T14:37:44.777+0400] {logging_mixin.py:137} INFO - [2023-01-09T14:37:44.777+0400] {dagbag.py:538} INFO - Filling up the DagBag from /Users/harut/opt/anaconda3/lib/python3.9/site-packages/airflow/example_dags/example_kubernetes_executor.py
[2023-01-09T14:37:44.803+0400] {logging_mixin.py:137} INFO - [2023-01-09T14:37:44.803+0400] {example_kubernetes_executor.py:41} WARNING - The example_kubernetes_executor example DAG requires the kubernetes provider. Please install it with: pip install apache-airflow[cncf.kubernetes]
[2023-01-09T14:37:44.803+0400] {processor.py:755} WARNING - No viable dags retrieved from /Users/harut/opt/anaconda3/lib/python3.9/site-packages/airflow/example_dags/example_kubernetes_executor.py
[2023-01-09T14:37:45.127+0400] {processor.py:175} INFO - Processing /Users/harut/opt/anaconda3/lib/python3.9/site-packages/airflow/example_dags/example_kubernetes_executor.py took 0.351 seconds
[2023-01-09T14:39:00.953+0400] {processor.py:153} INFO - Started process (PID=13194) to work on /Users/harut/opt/anaconda3/lib/python3.9/site-packages/airflow/example_dags/example_kubernetes_executor.py
[2023-01-09T14:39:00.954+0400] {processor.py:743} INFO - Processing file /Users/harut/opt/anaconda3/lib/python3.9/site-packages/airflow/example_dags/example_kubernetes_executor.py for tasks to queue
[2023-01-09T14:39:00.954+0400] {logging_mixin.py:137} INFO - [2023-01-09T14:39:00.954+0400] {dagbag.py:538} INFO - Filling up the DagBag from /Users/harut/opt/anaconda3/lib/python3.9/site-packages/airflow/example_dags/example_kubernetes_executor.py
[2023-01-09T14:39:00.978+0400] {logging_mixin.py:137} INFO - [2023-01-09T14:39:00.978+0400] {example_kubernetes_executor.py:41} WARNING - The example_kubernetes_executor example DAG requires the kubernetes provider. Please install it with: pip install apache-airflow[cncf.kubernetes]
[2023-01-09T14:39:00.978+0400] {processor.py:755} WARNING - No viable dags retrieved from /Users/harut/opt/anaconda3/lib/python3.9/site-packages/airflow/example_dags/example_kubernetes_executor.py
[2023-01-09T14:39:01.301+0400] {processor.py:175} INFO - Processing /Users/harut/opt/anaconda3/lib/python3.9/site-packages/airflow/example_dags/example_kubernetes_executor.py took 0.348 seconds
[2023-01-09T14:40:18.102+0400] {processor.py:153} INFO - Started process (PID=13239) to work on /Users/harut/opt/anaconda3/lib/python3.9/site-packages/airflow/example_dags/example_kubernetes_executor.py
[2023-01-09T14:40:18.102+0400] {processor.py:743} INFO - Processing file /Users/harut/opt/anaconda3/lib/python3.9/site-packages/airflow/example_dags/example_kubernetes_executor.py for tasks to queue
[2023-01-09T14:40:18.103+0400] {logging_mixin.py:137} INFO - [2023-01-09T14:40:18.103+0400] {dagbag.py:538} INFO - Filling up the DagBag from /Users/harut/opt/anaconda3/lib/python3.9/site-packages/airflow/example_dags/example_kubernetes_executor.py
[2023-01-09T14:40:18.127+0400] {logging_mixin.py:137} INFO - [2023-01-09T14:40:18.127+0400] {example_kubernetes_executor.py:41} WARNING - The example_kubernetes_executor example DAG requires the kubernetes provider. Please install it with: pip install apache-airflow[cncf.kubernetes]
[2023-01-09T14:40:18.127+0400] {processor.py:755} WARNING - No viable dags retrieved from /Users/harut/opt/anaconda3/lib/python3.9/site-packages/airflow/example_dags/example_kubernetes_executor.py
[2023-01-09T14:40:18.460+0400] {processor.py:175} INFO - Processing /Users/harut/opt/anaconda3/lib/python3.9/site-packages/airflow/example_dags/example_kubernetes_executor.py took 0.358 seconds
[2023-01-09T14:41:33.745+0400] {processor.py:153} INFO - Started process (PID=13284) to work on /Users/harut/opt/anaconda3/lib/python3.9/site-packages/airflow/example_dags/example_kubernetes_executor.py
[2023-01-09T14:41:33.746+0400] {processor.py:743} INFO - Processing file /Users/harut/opt/anaconda3/lib/python3.9/site-packages/airflow/example_dags/example_kubernetes_executor.py for tasks to queue
[2023-01-09T14:41:33.746+0400] {logging_mixin.py:137} INFO - [2023-01-09T14:41:33.746+0400] {dagbag.py:538} INFO - Filling up the DagBag from /Users/harut/opt/anaconda3/lib/python3.9/site-packages/airflow/example_dags/example_kubernetes_executor.py
[2023-01-09T14:41:33.771+0400] {logging_mixin.py:137} INFO - [2023-01-09T14:41:33.771+0400] {example_kubernetes_executor.py:41} WARNING - The example_kubernetes_executor example DAG requires the kubernetes provider. Please install it with: pip install apache-airflow[cncf.kubernetes]
[2023-01-09T14:41:33.771+0400] {processor.py:755} WARNING - No viable dags retrieved from /Users/harut/opt/anaconda3/lib/python3.9/site-packages/airflow/example_dags/example_kubernetes_executor.py
[2023-01-09T14:41:34.106+0400] {processor.py:175} INFO - Processing /Users/harut/opt/anaconda3/lib/python3.9/site-packages/airflow/example_dags/example_kubernetes_executor.py took 0.362 seconds
[2023-01-09T14:42:49.581+0400] {processor.py:153} INFO - Started process (PID=13329) to work on /Users/harut/opt/anaconda3/lib/python3.9/site-packages/airflow/example_dags/example_kubernetes_executor.py
[2023-01-09T14:42:49.582+0400] {processor.py:743} INFO - Processing file /Users/harut/opt/anaconda3/lib/python3.9/site-packages/airflow/example_dags/example_kubernetes_executor.py for tasks to queue
[2023-01-09T14:42:49.582+0400] {logging_mixin.py:137} INFO - [2023-01-09T14:42:49.582+0400] {dagbag.py:538} INFO - Filling up the DagBag from /Users/harut/opt/anaconda3/lib/python3.9/site-packages/airflow/example_dags/example_kubernetes_executor.py
[2023-01-09T14:42:49.608+0400] {logging_mixin.py:137} INFO - [2023-01-09T14:42:49.608+0400] {example_kubernetes_executor.py:41} WARNING - The example_kubernetes_executor example DAG requires the kubernetes provider. Please install it with: pip install apache-airflow[cncf.kubernetes]
[2023-01-09T14:42:49.608+0400] {processor.py:755} WARNING - No viable dags retrieved from /Users/harut/opt/anaconda3/lib/python3.9/site-packages/airflow/example_dags/example_kubernetes_executor.py
[2023-01-09T14:42:49.931+0400] {processor.py:175} INFO - Processing /Users/harut/opt/anaconda3/lib/python3.9/site-packages/airflow/example_dags/example_kubernetes_executor.py took 0.350 seconds
[2023-01-09T14:44:08.279+0400] {processor.py:153} INFO - Started process (PID=13374) to work on /Users/harut/opt/anaconda3/lib/python3.9/site-packages/airflow/example_dags/example_kubernetes_executor.py
[2023-01-09T14:44:08.280+0400] {processor.py:743} INFO - Processing file /Users/harut/opt/anaconda3/lib/python3.9/site-packages/airflow/example_dags/example_kubernetes_executor.py for tasks to queue
[2023-01-09T14:44:08.280+0400] {logging_mixin.py:137} INFO - [2023-01-09T14:44:08.280+0400] {dagbag.py:538} INFO - Filling up the DagBag from /Users/harut/opt/anaconda3/lib/python3.9/site-packages/airflow/example_dags/example_kubernetes_executor.py
[2023-01-09T14:44:08.313+0400] {logging_mixin.py:137} INFO - [2023-01-09T14:44:08.313+0400] {example_kubernetes_executor.py:41} WARNING - The example_kubernetes_executor example DAG requires the kubernetes provider. Please install it with: pip install apache-airflow[cncf.kubernetes]
[2023-01-09T14:44:08.313+0400] {processor.py:755} WARNING - No viable dags retrieved from /Users/harut/opt/anaconda3/lib/python3.9/site-packages/airflow/example_dags/example_kubernetes_executor.py
[2023-01-09T14:44:08.696+0400] {processor.py:175} INFO - Processing /Users/harut/opt/anaconda3/lib/python3.9/site-packages/airflow/example_dags/example_kubernetes_executor.py took 0.419 seconds
[2023-01-09T14:45:26.720+0400] {processor.py:153} INFO - Started process (PID=13419) to work on /Users/harut/opt/anaconda3/lib/python3.9/site-packages/airflow/example_dags/example_kubernetes_executor.py
[2023-01-09T14:45:26.720+0400] {processor.py:743} INFO - Processing file /Users/harut/opt/anaconda3/lib/python3.9/site-packages/airflow/example_dags/example_kubernetes_executor.py for tasks to queue
[2023-01-09T14:45:26.720+0400] {logging_mixin.py:137} INFO - [2023-01-09T14:45:26.720+0400] {dagbag.py:538} INFO - Filling up the DagBag from /Users/harut/opt/anaconda3/lib/python3.9/site-packages/airflow/example_dags/example_kubernetes_executor.py
[2023-01-09T14:45:26.746+0400] {logging_mixin.py:137} INFO - [2023-01-09T14:45:26.746+0400] {example_kubernetes_executor.py:41} WARNING - The example_kubernetes_executor example DAG requires the kubernetes provider. Please install it with: pip install apache-airflow[cncf.kubernetes]
[2023-01-09T14:45:26.746+0400] {processor.py:755} WARNING - No viable dags retrieved from /Users/harut/opt/anaconda3/lib/python3.9/site-packages/airflow/example_dags/example_kubernetes_executor.py
[2023-01-09T14:45:27.075+0400] {processor.py:175} INFO - Processing /Users/harut/opt/anaconda3/lib/python3.9/site-packages/airflow/example_dags/example_kubernetes_executor.py took 0.356 seconds
[2023-01-09T14:46:46.441+0400] {processor.py:153} INFO - Started process (PID=13468) to work on /Users/harut/opt/anaconda3/lib/python3.9/site-packages/airflow/example_dags/example_kubernetes_executor.py
[2023-01-09T14:46:46.442+0400] {processor.py:743} INFO - Processing file /Users/harut/opt/anaconda3/lib/python3.9/site-packages/airflow/example_dags/example_kubernetes_executor.py for tasks to queue
[2023-01-09T14:46:46.442+0400] {logging_mixin.py:137} INFO - [2023-01-09T14:46:46.442+0400] {dagbag.py:538} INFO - Filling up the DagBag from /Users/harut/opt/anaconda3/lib/python3.9/site-packages/airflow/example_dags/example_kubernetes_executor.py
[2023-01-09T14:46:46.471+0400] {logging_mixin.py:137} INFO - [2023-01-09T14:46:46.471+0400] {example_kubernetes_executor.py:41} WARNING - The example_kubernetes_executor example DAG requires the kubernetes provider. Please install it with: pip install apache-airflow[cncf.kubernetes]
[2023-01-09T14:46:46.471+0400] {processor.py:755} WARNING - No viable dags retrieved from /Users/harut/opt/anaconda3/lib/python3.9/site-packages/airflow/example_dags/example_kubernetes_executor.py
[2023-01-09T14:46:46.821+0400] {processor.py:175} INFO - Processing /Users/harut/opt/anaconda3/lib/python3.9/site-packages/airflow/example_dags/example_kubernetes_executor.py took 0.380 seconds
[2023-01-09T14:48:05.857+0400] {processor.py:153} INFO - Started process (PID=13523) to work on /Users/harut/opt/anaconda3/lib/python3.9/site-packages/airflow/example_dags/example_kubernetes_executor.py
[2023-01-09T14:48:05.857+0400] {processor.py:743} INFO - Processing file /Users/harut/opt/anaconda3/lib/python3.9/site-packages/airflow/example_dags/example_kubernetes_executor.py for tasks to queue
[2023-01-09T14:48:05.858+0400] {logging_mixin.py:137} INFO - [2023-01-09T14:48:05.858+0400] {dagbag.py:538} INFO - Filling up the DagBag from /Users/harut/opt/anaconda3/lib/python3.9/site-packages/airflow/example_dags/example_kubernetes_executor.py
[2023-01-09T14:48:05.887+0400] {logging_mixin.py:137} INFO - [2023-01-09T14:48:05.887+0400] {example_kubernetes_executor.py:41} WARNING - The example_kubernetes_executor example DAG requires the kubernetes provider. Please install it with: pip install apache-airflow[cncf.kubernetes]
[2023-01-09T14:48:05.887+0400] {processor.py:755} WARNING - No viable dags retrieved from /Users/harut/opt/anaconda3/lib/python3.9/site-packages/airflow/example_dags/example_kubernetes_executor.py
[2023-01-09T14:48:06.254+0400] {processor.py:175} INFO - Processing /Users/harut/opt/anaconda3/lib/python3.9/site-packages/airflow/example_dags/example_kubernetes_executor.py took 0.397 seconds
[2023-01-09T14:49:28.574+0400] {processor.py:153} INFO - Started process (PID=13568) to work on /Users/harut/opt/anaconda3/lib/python3.9/site-packages/airflow/example_dags/example_kubernetes_executor.py
[2023-01-09T14:49:28.574+0400] {processor.py:743} INFO - Processing file /Users/harut/opt/anaconda3/lib/python3.9/site-packages/airflow/example_dags/example_kubernetes_executor.py for tasks to queue
[2023-01-09T14:49:28.575+0400] {logging_mixin.py:137} INFO - [2023-01-09T14:49:28.574+0400] {dagbag.py:538} INFO - Filling up the DagBag from /Users/harut/opt/anaconda3/lib/python3.9/site-packages/airflow/example_dags/example_kubernetes_executor.py
[2023-01-09T14:49:28.602+0400] {logging_mixin.py:137} INFO - [2023-01-09T14:49:28.602+0400] {example_kubernetes_executor.py:41} WARNING - The example_kubernetes_executor example DAG requires the kubernetes provider. Please install it with: pip install apache-airflow[cncf.kubernetes]
[2023-01-09T14:49:28.602+0400] {processor.py:755} WARNING - No viable dags retrieved from /Users/harut/opt/anaconda3/lib/python3.9/site-packages/airflow/example_dags/example_kubernetes_executor.py
[2023-01-09T14:49:28.938+0400] {processor.py:175} INFO - Processing /Users/harut/opt/anaconda3/lib/python3.9/site-packages/airflow/example_dags/example_kubernetes_executor.py took 0.365 seconds
[2023-01-09T14:50:49.305+0400] {processor.py:153} INFO - Started process (PID=13619) to work on /Users/harut/opt/anaconda3/lib/python3.9/site-packages/airflow/example_dags/example_kubernetes_executor.py
[2023-01-09T14:50:49.306+0400] {processor.py:743} INFO - Processing file /Users/harut/opt/anaconda3/lib/python3.9/site-packages/airflow/example_dags/example_kubernetes_executor.py for tasks to queue
[2023-01-09T14:50:49.306+0400] {logging_mixin.py:137} INFO - [2023-01-09T14:50:49.306+0400] {dagbag.py:538} INFO - Filling up the DagBag from /Users/harut/opt/anaconda3/lib/python3.9/site-packages/airflow/example_dags/example_kubernetes_executor.py
[2023-01-09T14:50:49.332+0400] {logging_mixin.py:137} INFO - [2023-01-09T14:50:49.332+0400] {example_kubernetes_executor.py:41} WARNING - The example_kubernetes_executor example DAG requires the kubernetes provider. Please install it with: pip install apache-airflow[cncf.kubernetes]
[2023-01-09T14:50:49.333+0400] {processor.py:755} WARNING - No viable dags retrieved from /Users/harut/opt/anaconda3/lib/python3.9/site-packages/airflow/example_dags/example_kubernetes_executor.py
[2023-01-09T14:50:49.665+0400] {processor.py:175} INFO - Processing /Users/harut/opt/anaconda3/lib/python3.9/site-packages/airflow/example_dags/example_kubernetes_executor.py took 0.360 seconds
[2023-01-09T14:52:11.078+0400] {processor.py:153} INFO - Started process (PID=13668) to work on /Users/harut/opt/anaconda3/lib/python3.9/site-packages/airflow/example_dags/example_kubernetes_executor.py
[2023-01-09T14:52:11.078+0400] {processor.py:743} INFO - Processing file /Users/harut/opt/anaconda3/lib/python3.9/site-packages/airflow/example_dags/example_kubernetes_executor.py for tasks to queue
[2023-01-09T14:52:11.079+0400] {logging_mixin.py:137} INFO - [2023-01-09T14:52:11.079+0400] {dagbag.py:538} INFO - Filling up the DagBag from /Users/harut/opt/anaconda3/lib/python3.9/site-packages/airflow/example_dags/example_kubernetes_executor.py
[2023-01-09T14:52:11.105+0400] {logging_mixin.py:137} INFO - [2023-01-09T14:52:11.105+0400] {example_kubernetes_executor.py:41} WARNING - The example_kubernetes_executor example DAG requires the kubernetes provider. Please install it with: pip install apache-airflow[cncf.kubernetes]
[2023-01-09T14:52:11.105+0400] {processor.py:755} WARNING - No viable dags retrieved from /Users/harut/opt/anaconda3/lib/python3.9/site-packages/airflow/example_dags/example_kubernetes_executor.py
[2023-01-09T14:52:11.432+0400] {processor.py:175} INFO - Processing /Users/harut/opt/anaconda3/lib/python3.9/site-packages/airflow/example_dags/example_kubernetes_executor.py took 0.355 seconds
[2023-01-09T14:53:28.963+0400] {processor.py:153} INFO - Started process (PID=13708) to work on /Users/harut/opt/anaconda3/lib/python3.9/site-packages/airflow/example_dags/example_kubernetes_executor.py
[2023-01-09T14:53:28.963+0400] {processor.py:743} INFO - Processing file /Users/harut/opt/anaconda3/lib/python3.9/site-packages/airflow/example_dags/example_kubernetes_executor.py for tasks to queue
[2023-01-09T14:53:28.963+0400] {logging_mixin.py:137} INFO - [2023-01-09T14:53:28.963+0400] {dagbag.py:538} INFO - Filling up the DagBag from /Users/harut/opt/anaconda3/lib/python3.9/site-packages/airflow/example_dags/example_kubernetes_executor.py
[2023-01-09T14:53:28.989+0400] {logging_mixin.py:137} INFO - [2023-01-09T14:53:28.989+0400] {example_kubernetes_executor.py:41} WARNING - The example_kubernetes_executor example DAG requires the kubernetes provider. Please install it with: pip install apache-airflow[cncf.kubernetes]
[2023-01-09T14:53:28.989+0400] {processor.py:755} WARNING - No viable dags retrieved from /Users/harut/opt/anaconda3/lib/python3.9/site-packages/airflow/example_dags/example_kubernetes_executor.py
[2023-01-09T14:53:29.335+0400] {processor.py:175} INFO - Processing /Users/harut/opt/anaconda3/lib/python3.9/site-packages/airflow/example_dags/example_kubernetes_executor.py took 0.373 seconds
[2023-01-09T14:54:52.227+0400] {processor.py:153} INFO - Started process (PID=13756) to work on /Users/harut/opt/anaconda3/lib/python3.9/site-packages/airflow/example_dags/example_kubernetes_executor.py
[2023-01-09T14:54:52.227+0400] {processor.py:743} INFO - Processing file /Users/harut/opt/anaconda3/lib/python3.9/site-packages/airflow/example_dags/example_kubernetes_executor.py for tasks to queue
[2023-01-09T14:54:52.228+0400] {logging_mixin.py:137} INFO - [2023-01-09T14:54:52.227+0400] {dagbag.py:538} INFO - Filling up the DagBag from /Users/harut/opt/anaconda3/lib/python3.9/site-packages/airflow/example_dags/example_kubernetes_executor.py
[2023-01-09T14:54:52.252+0400] {logging_mixin.py:137} INFO - [2023-01-09T14:54:52.252+0400] {example_kubernetes_executor.py:41} WARNING - The example_kubernetes_executor example DAG requires the kubernetes provider. Please install it with: pip install apache-airflow[cncf.kubernetes]
[2023-01-09T14:54:52.253+0400] {processor.py:755} WARNING - No viable dags retrieved from /Users/harut/opt/anaconda3/lib/python3.9/site-packages/airflow/example_dags/example_kubernetes_executor.py
[2023-01-09T14:54:52.595+0400] {processor.py:175} INFO - Processing /Users/harut/opt/anaconda3/lib/python3.9/site-packages/airflow/example_dags/example_kubernetes_executor.py took 0.369 seconds
[2023-01-09T14:56:13.085+0400] {processor.py:153} INFO - Started process (PID=13801) to work on /Users/harut/opt/anaconda3/lib/python3.9/site-packages/airflow/example_dags/example_kubernetes_executor.py
[2023-01-09T14:56:13.085+0400] {processor.py:743} INFO - Processing file /Users/harut/opt/anaconda3/lib/python3.9/site-packages/airflow/example_dags/example_kubernetes_executor.py for tasks to queue
[2023-01-09T14:56:13.086+0400] {logging_mixin.py:137} INFO - [2023-01-09T14:56:13.085+0400] {dagbag.py:538} INFO - Filling up the DagBag from /Users/harut/opt/anaconda3/lib/python3.9/site-packages/airflow/example_dags/example_kubernetes_executor.py
[2023-01-09T14:56:13.111+0400] {logging_mixin.py:137} INFO - [2023-01-09T14:56:13.111+0400] {example_kubernetes_executor.py:41} WARNING - The example_kubernetes_executor example DAG requires the kubernetes provider. Please install it with: pip install apache-airflow[cncf.kubernetes]
[2023-01-09T14:56:13.111+0400] {processor.py:755} WARNING - No viable dags retrieved from /Users/harut/opt/anaconda3/lib/python3.9/site-packages/airflow/example_dags/example_kubernetes_executor.py
[2023-01-09T14:56:13.431+0400] {processor.py:175} INFO - Processing /Users/harut/opt/anaconda3/lib/python3.9/site-packages/airflow/example_dags/example_kubernetes_executor.py took 0.347 seconds
[2023-01-09T14:57:36.203+0400] {processor.py:153} INFO - Started process (PID=13847) to work on /Users/harut/opt/anaconda3/lib/python3.9/site-packages/airflow/example_dags/example_kubernetes_executor.py
[2023-01-09T14:57:36.203+0400] {processor.py:743} INFO - Processing file /Users/harut/opt/anaconda3/lib/python3.9/site-packages/airflow/example_dags/example_kubernetes_executor.py for tasks to queue
[2023-01-09T14:57:36.203+0400] {logging_mixin.py:137} INFO - [2023-01-09T14:57:36.203+0400] {dagbag.py:538} INFO - Filling up the DagBag from /Users/harut/opt/anaconda3/lib/python3.9/site-packages/airflow/example_dags/example_kubernetes_executor.py
[2023-01-09T14:57:36.228+0400] {logging_mixin.py:137} INFO - [2023-01-09T14:57:36.228+0400] {example_kubernetes_executor.py:41} WARNING - The example_kubernetes_executor example DAG requires the kubernetes provider. Please install it with: pip install apache-airflow[cncf.kubernetes]
[2023-01-09T14:57:36.228+0400] {processor.py:755} WARNING - No viable dags retrieved from /Users/harut/opt/anaconda3/lib/python3.9/site-packages/airflow/example_dags/example_kubernetes_executor.py
[2023-01-09T14:57:36.546+0400] {processor.py:175} INFO - Processing /Users/harut/opt/anaconda3/lib/python3.9/site-packages/airflow/example_dags/example_kubernetes_executor.py took 0.344 seconds
[2023-01-09T14:58:56.671+0400] {processor.py:153} INFO - Started process (PID=13892) to work on /Users/harut/opt/anaconda3/lib/python3.9/site-packages/airflow/example_dags/example_kubernetes_executor.py
[2023-01-09T14:58:56.671+0400] {processor.py:743} INFO - Processing file /Users/harut/opt/anaconda3/lib/python3.9/site-packages/airflow/example_dags/example_kubernetes_executor.py for tasks to queue
[2023-01-09T14:58:56.672+0400] {logging_mixin.py:137} INFO - [2023-01-09T14:58:56.671+0400] {dagbag.py:538} INFO - Filling up the DagBag from /Users/harut/opt/anaconda3/lib/python3.9/site-packages/airflow/example_dags/example_kubernetes_executor.py
[2023-01-09T14:58:56.697+0400] {logging_mixin.py:137} INFO - [2023-01-09T14:58:56.697+0400] {example_kubernetes_executor.py:41} WARNING - The example_kubernetes_executor example DAG requires the kubernetes provider. Please install it with: pip install apache-airflow[cncf.kubernetes]
[2023-01-09T14:58:56.697+0400] {processor.py:755} WARNING - No viable dags retrieved from /Users/harut/opt/anaconda3/lib/python3.9/site-packages/airflow/example_dags/example_kubernetes_executor.py
[2023-01-09T14:58:57.016+0400] {processor.py:175} INFO - Processing /Users/harut/opt/anaconda3/lib/python3.9/site-packages/airflow/example_dags/example_kubernetes_executor.py took 0.345 seconds
[2023-01-09T15:00:17.586+0400] {processor.py:153} INFO - Started process (PID=13935) to work on /Users/harut/opt/anaconda3/lib/python3.9/site-packages/airflow/example_dags/example_kubernetes_executor.py
[2023-01-09T15:00:17.587+0400] {processor.py:743} INFO - Processing file /Users/harut/opt/anaconda3/lib/python3.9/site-packages/airflow/example_dags/example_kubernetes_executor.py for tasks to queue
[2023-01-09T15:00:17.587+0400] {logging_mixin.py:137} INFO - [2023-01-09T15:00:17.587+0400] {dagbag.py:538} INFO - Filling up the DagBag from /Users/harut/opt/anaconda3/lib/python3.9/site-packages/airflow/example_dags/example_kubernetes_executor.py
[2023-01-09T15:00:17.611+0400] {logging_mixin.py:137} INFO - [2023-01-09T15:00:17.611+0400] {example_kubernetes_executor.py:41} WARNING - The example_kubernetes_executor example DAG requires the kubernetes provider. Please install it with: pip install apache-airflow[cncf.kubernetes]
[2023-01-09T15:00:17.612+0400] {processor.py:755} WARNING - No viable dags retrieved from /Users/harut/opt/anaconda3/lib/python3.9/site-packages/airflow/example_dags/example_kubernetes_executor.py
[2023-01-09T15:00:17.931+0400] {processor.py:175} INFO - Processing /Users/harut/opt/anaconda3/lib/python3.9/site-packages/airflow/example_dags/example_kubernetes_executor.py took 0.345 seconds
[2023-01-09T15:01:38.784+0400] {processor.py:153} INFO - Started process (PID=13981) to work on /Users/harut/opt/anaconda3/lib/python3.9/site-packages/airflow/example_dags/example_kubernetes_executor.py
[2023-01-09T15:01:38.785+0400] {processor.py:743} INFO - Processing file /Users/harut/opt/anaconda3/lib/python3.9/site-packages/airflow/example_dags/example_kubernetes_executor.py for tasks to queue
[2023-01-09T15:01:38.785+0400] {logging_mixin.py:137} INFO - [2023-01-09T15:01:38.785+0400] {dagbag.py:538} INFO - Filling up the DagBag from /Users/harut/opt/anaconda3/lib/python3.9/site-packages/airflow/example_dags/example_kubernetes_executor.py
[2023-01-09T15:01:38.810+0400] {logging_mixin.py:137} INFO - [2023-01-09T15:01:38.810+0400] {example_kubernetes_executor.py:41} WARNING - The example_kubernetes_executor example DAG requires the kubernetes provider. Please install it with: pip install apache-airflow[cncf.kubernetes]
[2023-01-09T15:01:38.811+0400] {processor.py:755} WARNING - No viable dags retrieved from /Users/harut/opt/anaconda3/lib/python3.9/site-packages/airflow/example_dags/example_kubernetes_executor.py
[2023-01-09T15:01:39.147+0400] {processor.py:175} INFO - Processing /Users/harut/opt/anaconda3/lib/python3.9/site-packages/airflow/example_dags/example_kubernetes_executor.py took 0.363 seconds
[2023-01-09T15:02:59.149+0400] {processor.py:153} INFO - Started process (PID=14027) to work on /Users/harut/opt/anaconda3/lib/python3.9/site-packages/airflow/example_dags/example_kubernetes_executor.py
[2023-01-09T15:02:59.150+0400] {processor.py:743} INFO - Processing file /Users/harut/opt/anaconda3/lib/python3.9/site-packages/airflow/example_dags/example_kubernetes_executor.py for tasks to queue
[2023-01-09T15:02:59.150+0400] {logging_mixin.py:137} INFO - [2023-01-09T15:02:59.150+0400] {dagbag.py:538} INFO - Filling up the DagBag from /Users/harut/opt/anaconda3/lib/python3.9/site-packages/airflow/example_dags/example_kubernetes_executor.py
[2023-01-09T15:02:59.175+0400] {logging_mixin.py:137} INFO - [2023-01-09T15:02:59.175+0400] {example_kubernetes_executor.py:41} WARNING - The example_kubernetes_executor example DAG requires the kubernetes provider. Please install it with: pip install apache-airflow[cncf.kubernetes]
[2023-01-09T15:02:59.175+0400] {processor.py:755} WARNING - No viable dags retrieved from /Users/harut/opt/anaconda3/lib/python3.9/site-packages/airflow/example_dags/example_kubernetes_executor.py
[2023-01-09T15:02:59.507+0400] {processor.py:175} INFO - Processing /Users/harut/opt/anaconda3/lib/python3.9/site-packages/airflow/example_dags/example_kubernetes_executor.py took 0.359 seconds
[2023-01-09T15:04:19.687+0400] {processor.py:153} INFO - Started process (PID=14073) to work on /Users/harut/opt/anaconda3/lib/python3.9/site-packages/airflow/example_dags/example_kubernetes_executor.py
[2023-01-09T15:04:19.688+0400] {processor.py:743} INFO - Processing file /Users/harut/opt/anaconda3/lib/python3.9/site-packages/airflow/example_dags/example_kubernetes_executor.py for tasks to queue
[2023-01-09T15:04:19.688+0400] {logging_mixin.py:137} INFO - [2023-01-09T15:04:19.688+0400] {dagbag.py:538} INFO - Filling up the DagBag from /Users/harut/opt/anaconda3/lib/python3.9/site-packages/airflow/example_dags/example_kubernetes_executor.py
[2023-01-09T15:04:19.713+0400] {logging_mixin.py:137} INFO - [2023-01-09T15:04:19.713+0400] {example_kubernetes_executor.py:41} WARNING - The example_kubernetes_executor example DAG requires the kubernetes provider. Please install it with: pip install apache-airflow[cncf.kubernetes]
[2023-01-09T15:04:19.714+0400] {processor.py:755} WARNING - No viable dags retrieved from /Users/harut/opt/anaconda3/lib/python3.9/site-packages/airflow/example_dags/example_kubernetes_executor.py
[2023-01-09T15:04:20.032+0400] {processor.py:175} INFO - Processing /Users/harut/opt/anaconda3/lib/python3.9/site-packages/airflow/example_dags/example_kubernetes_executor.py took 0.345 seconds
[2023-01-09T15:05:40.804+0400] {processor.py:153} INFO - Started process (PID=14120) to work on /Users/harut/opt/anaconda3/lib/python3.9/site-packages/airflow/example_dags/example_kubernetes_executor.py
[2023-01-09T15:05:40.805+0400] {processor.py:743} INFO - Processing file /Users/harut/opt/anaconda3/lib/python3.9/site-packages/airflow/example_dags/example_kubernetes_executor.py for tasks to queue
[2023-01-09T15:05:40.805+0400] {logging_mixin.py:137} INFO - [2023-01-09T15:05:40.805+0400] {dagbag.py:538} INFO - Filling up the DagBag from /Users/harut/opt/anaconda3/lib/python3.9/site-packages/airflow/example_dags/example_kubernetes_executor.py
[2023-01-09T15:05:40.831+0400] {logging_mixin.py:137} INFO - [2023-01-09T15:05:40.831+0400] {example_kubernetes_executor.py:41} WARNING - The example_kubernetes_executor example DAG requires the kubernetes provider. Please install it with: pip install apache-airflow[cncf.kubernetes]
[2023-01-09T15:05:40.831+0400] {processor.py:755} WARNING - No viable dags retrieved from /Users/harut/opt/anaconda3/lib/python3.9/site-packages/airflow/example_dags/example_kubernetes_executor.py
[2023-01-09T15:05:41.161+0400] {processor.py:175} INFO - Processing /Users/harut/opt/anaconda3/lib/python3.9/site-packages/airflow/example_dags/example_kubernetes_executor.py took 0.357 seconds
[2023-01-09T15:07:00.213+0400] {processor.py:153} INFO - Started process (PID=14162) to work on /Users/harut/opt/anaconda3/lib/python3.9/site-packages/airflow/example_dags/example_kubernetes_executor.py
[2023-01-09T15:07:00.213+0400] {processor.py:743} INFO - Processing file /Users/harut/opt/anaconda3/lib/python3.9/site-packages/airflow/example_dags/example_kubernetes_executor.py for tasks to queue
[2023-01-09T15:07:00.213+0400] {logging_mixin.py:137} INFO - [2023-01-09T15:07:00.213+0400] {dagbag.py:538} INFO - Filling up the DagBag from /Users/harut/opt/anaconda3/lib/python3.9/site-packages/airflow/example_dags/example_kubernetes_executor.py
[2023-01-09T15:07:00.239+0400] {logging_mixin.py:137} INFO - [2023-01-09T15:07:00.239+0400] {example_kubernetes_executor.py:41} WARNING - The example_kubernetes_executor example DAG requires the kubernetes provider. Please install it with: pip install apache-airflow[cncf.kubernetes]
[2023-01-09T15:07:00.239+0400] {processor.py:755} WARNING - No viable dags retrieved from /Users/harut/opt/anaconda3/lib/python3.9/site-packages/airflow/example_dags/example_kubernetes_executor.py
[2023-01-09T15:07:00.562+0400] {processor.py:175} INFO - Processing /Users/harut/opt/anaconda3/lib/python3.9/site-packages/airflow/example_dags/example_kubernetes_executor.py took 0.350 seconds
[2023-01-09T15:08:19.354+0400] {processor.py:153} INFO - Started process (PID=14205) to work on /Users/harut/opt/anaconda3/lib/python3.9/site-packages/airflow/example_dags/example_kubernetes_executor.py
[2023-01-09T15:08:19.355+0400] {processor.py:743} INFO - Processing file /Users/harut/opt/anaconda3/lib/python3.9/site-packages/airflow/example_dags/example_kubernetes_executor.py for tasks to queue
[2023-01-09T15:08:19.355+0400] {logging_mixin.py:137} INFO - [2023-01-09T15:08:19.355+0400] {dagbag.py:538} INFO - Filling up the DagBag from /Users/harut/opt/anaconda3/lib/python3.9/site-packages/airflow/example_dags/example_kubernetes_executor.py
[2023-01-09T15:08:19.380+0400] {logging_mixin.py:137} INFO - [2023-01-09T15:08:19.380+0400] {example_kubernetes_executor.py:41} WARNING - The example_kubernetes_executor example DAG requires the kubernetes provider. Please install it with: pip install apache-airflow[cncf.kubernetes]
[2023-01-09T15:08:19.380+0400] {processor.py:755} WARNING - No viable dags retrieved from /Users/harut/opt/anaconda3/lib/python3.9/site-packages/airflow/example_dags/example_kubernetes_executor.py
[2023-01-09T15:08:19.700+0400] {processor.py:175} INFO - Processing /Users/harut/opt/anaconda3/lib/python3.9/site-packages/airflow/example_dags/example_kubernetes_executor.py took 0.346 seconds
[2023-01-09T15:09:39.633+0400] {processor.py:153} INFO - Started process (PID=14251) to work on /Users/harut/opt/anaconda3/lib/python3.9/site-packages/airflow/example_dags/example_kubernetes_executor.py
[2023-01-09T15:09:39.634+0400] {processor.py:743} INFO - Processing file /Users/harut/opt/anaconda3/lib/python3.9/site-packages/airflow/example_dags/example_kubernetes_executor.py for tasks to queue
[2023-01-09T15:09:39.634+0400] {logging_mixin.py:137} INFO - [2023-01-09T15:09:39.634+0400] {dagbag.py:538} INFO - Filling up the DagBag from /Users/harut/opt/anaconda3/lib/python3.9/site-packages/airflow/example_dags/example_kubernetes_executor.py
[2023-01-09T15:09:39.659+0400] {logging_mixin.py:137} INFO - [2023-01-09T15:09:39.658+0400] {example_kubernetes_executor.py:41} WARNING - The example_kubernetes_executor example DAG requires the kubernetes provider. Please install it with: pip install apache-airflow[cncf.kubernetes]
[2023-01-09T15:09:39.659+0400] {processor.py:755} WARNING - No viable dags retrieved from /Users/harut/opt/anaconda3/lib/python3.9/site-packages/airflow/example_dags/example_kubernetes_executor.py
[2023-01-09T15:09:39.972+0400] {processor.py:175} INFO - Processing /Users/harut/opt/anaconda3/lib/python3.9/site-packages/airflow/example_dags/example_kubernetes_executor.py took 0.339 seconds
[2023-01-09T15:11:00.076+0400] {processor.py:153} INFO - Started process (PID=14297) to work on /Users/harut/opt/anaconda3/lib/python3.9/site-packages/airflow/example_dags/example_kubernetes_executor.py
[2023-01-09T15:11:00.077+0400] {processor.py:743} INFO - Processing file /Users/harut/opt/anaconda3/lib/python3.9/site-packages/airflow/example_dags/example_kubernetes_executor.py for tasks to queue
[2023-01-09T15:11:00.077+0400] {logging_mixin.py:137} INFO - [2023-01-09T15:11:00.077+0400] {dagbag.py:538} INFO - Filling up the DagBag from /Users/harut/opt/anaconda3/lib/python3.9/site-packages/airflow/example_dags/example_kubernetes_executor.py
[2023-01-09T15:11:00.103+0400] {logging_mixin.py:137} INFO - [2023-01-09T15:11:00.103+0400] {example_kubernetes_executor.py:41} WARNING - The example_kubernetes_executor example DAG requires the kubernetes provider. Please install it with: pip install apache-airflow[cncf.kubernetes]
[2023-01-09T15:11:00.103+0400] {processor.py:755} WARNING - No viable dags retrieved from /Users/harut/opt/anaconda3/lib/python3.9/site-packages/airflow/example_dags/example_kubernetes_executor.py
[2023-01-09T15:11:00.429+0400] {processor.py:175} INFO - Processing /Users/harut/opt/anaconda3/lib/python3.9/site-packages/airflow/example_dags/example_kubernetes_executor.py took 0.353 seconds
[2023-01-09T15:12:22.025+0400] {processor.py:153} INFO - Started process (PID=14349) to work on /Users/harut/opt/anaconda3/lib/python3.9/site-packages/airflow/example_dags/example_kubernetes_executor.py
[2023-01-09T15:12:22.025+0400] {processor.py:743} INFO - Processing file /Users/harut/opt/anaconda3/lib/python3.9/site-packages/airflow/example_dags/example_kubernetes_executor.py for tasks to queue
[2023-01-09T15:12:22.026+0400] {logging_mixin.py:137} INFO - [2023-01-09T15:12:22.026+0400] {dagbag.py:538} INFO - Filling up the DagBag from /Users/harut/opt/anaconda3/lib/python3.9/site-packages/airflow/example_dags/example_kubernetes_executor.py
[2023-01-09T15:12:22.053+0400] {logging_mixin.py:137} INFO - [2023-01-09T15:12:22.053+0400] {example_kubernetes_executor.py:41} WARNING - The example_kubernetes_executor example DAG requires the kubernetes provider. Please install it with: pip install apache-airflow[cncf.kubernetes]
[2023-01-09T15:12:22.053+0400] {processor.py:755} WARNING - No viable dags retrieved from /Users/harut/opt/anaconda3/lib/python3.9/site-packages/airflow/example_dags/example_kubernetes_executor.py
[2023-01-09T15:12:22.410+0400] {processor.py:175} INFO - Processing /Users/harut/opt/anaconda3/lib/python3.9/site-packages/airflow/example_dags/example_kubernetes_executor.py took 0.386 seconds
[2023-01-09T15:13:45.850+0400] {processor.py:153} INFO - Started process (PID=14398) to work on /Users/harut/opt/anaconda3/lib/python3.9/site-packages/airflow/example_dags/example_kubernetes_executor.py
[2023-01-09T15:13:45.850+0400] {processor.py:743} INFO - Processing file /Users/harut/opt/anaconda3/lib/python3.9/site-packages/airflow/example_dags/example_kubernetes_executor.py for tasks to queue
[2023-01-09T15:13:45.851+0400] {logging_mixin.py:137} INFO - [2023-01-09T15:13:45.851+0400] {dagbag.py:538} INFO - Filling up the DagBag from /Users/harut/opt/anaconda3/lib/python3.9/site-packages/airflow/example_dags/example_kubernetes_executor.py
[2023-01-09T15:13:45.877+0400] {logging_mixin.py:137} INFO - [2023-01-09T15:13:45.877+0400] {example_kubernetes_executor.py:41} WARNING - The example_kubernetes_executor example DAG requires the kubernetes provider. Please install it with: pip install apache-airflow[cncf.kubernetes]
[2023-01-09T15:13:45.877+0400] {processor.py:755} WARNING - No viable dags retrieved from /Users/harut/opt/anaconda3/lib/python3.9/site-packages/airflow/example_dags/example_kubernetes_executor.py
[2023-01-09T15:13:46.212+0400] {processor.py:175} INFO - Processing /Users/harut/opt/anaconda3/lib/python3.9/site-packages/airflow/example_dags/example_kubernetes_executor.py took 0.363 seconds
[2023-01-09T15:15:09.395+0400] {processor.py:153} INFO - Started process (PID=14469) to work on /Users/harut/opt/anaconda3/lib/python3.9/site-packages/airflow/example_dags/example_kubernetes_executor.py
[2023-01-09T15:15:09.396+0400] {processor.py:743} INFO - Processing file /Users/harut/opt/anaconda3/lib/python3.9/site-packages/airflow/example_dags/example_kubernetes_executor.py for tasks to queue
[2023-01-09T15:15:09.396+0400] {logging_mixin.py:137} INFO - [2023-01-09T15:15:09.396+0400] {dagbag.py:538} INFO - Filling up the DagBag from /Users/harut/opt/anaconda3/lib/python3.9/site-packages/airflow/example_dags/example_kubernetes_executor.py
[2023-01-09T15:15:09.423+0400] {logging_mixin.py:137} INFO - [2023-01-09T15:15:09.423+0400] {example_kubernetes_executor.py:41} WARNING - The example_kubernetes_executor example DAG requires the kubernetes provider. Please install it with: pip install apache-airflow[cncf.kubernetes]
[2023-01-09T15:15:09.423+0400] {processor.py:755} WARNING - No viable dags retrieved from /Users/harut/opt/anaconda3/lib/python3.9/site-packages/airflow/example_dags/example_kubernetes_executor.py
[2023-01-09T15:15:09.759+0400] {processor.py:175} INFO - Processing /Users/harut/opt/anaconda3/lib/python3.9/site-packages/airflow/example_dags/example_kubernetes_executor.py took 0.364 seconds
[2023-01-09T15:16:32.375+0400] {processor.py:153} INFO - Started process (PID=14513) to work on /Users/harut/opt/anaconda3/lib/python3.9/site-packages/airflow/example_dags/example_kubernetes_executor.py
[2023-01-09T15:16:32.376+0400] {processor.py:743} INFO - Processing file /Users/harut/opt/anaconda3/lib/python3.9/site-packages/airflow/example_dags/example_kubernetes_executor.py for tasks to queue
[2023-01-09T15:16:32.376+0400] {logging_mixin.py:137} INFO - [2023-01-09T15:16:32.376+0400] {dagbag.py:538} INFO - Filling up the DagBag from /Users/harut/opt/anaconda3/lib/python3.9/site-packages/airflow/example_dags/example_kubernetes_executor.py
[2023-01-09T15:16:32.403+0400] {logging_mixin.py:137} INFO - [2023-01-09T15:16:32.403+0400] {example_kubernetes_executor.py:41} WARNING - The example_kubernetes_executor example DAG requires the kubernetes provider. Please install it with: pip install apache-airflow[cncf.kubernetes]
[2023-01-09T15:16:32.403+0400] {processor.py:755} WARNING - No viable dags retrieved from /Users/harut/opt/anaconda3/lib/python3.9/site-packages/airflow/example_dags/example_kubernetes_executor.py
[2023-01-09T15:16:32.736+0400] {processor.py:175} INFO - Processing /Users/harut/opt/anaconda3/lib/python3.9/site-packages/airflow/example_dags/example_kubernetes_executor.py took 0.361 seconds
[2023-01-09T15:17:54.985+0400] {processor.py:153} INFO - Started process (PID=14560) to work on /Users/harut/opt/anaconda3/lib/python3.9/site-packages/airflow/example_dags/example_kubernetes_executor.py
[2023-01-09T15:17:54.986+0400] {processor.py:743} INFO - Processing file /Users/harut/opt/anaconda3/lib/python3.9/site-packages/airflow/example_dags/example_kubernetes_executor.py for tasks to queue
[2023-01-09T15:17:54.986+0400] {logging_mixin.py:137} INFO - [2023-01-09T15:17:54.986+0400] {dagbag.py:538} INFO - Filling up the DagBag from /Users/harut/opt/anaconda3/lib/python3.9/site-packages/airflow/example_dags/example_kubernetes_executor.py
[2023-01-09T15:17:55.015+0400] {logging_mixin.py:137} INFO - [2023-01-09T15:17:55.015+0400] {example_kubernetes_executor.py:41} WARNING - The example_kubernetes_executor example DAG requires the kubernetes provider. Please install it with: pip install apache-airflow[cncf.kubernetes]
[2023-01-09T15:17:55.015+0400] {processor.py:755} WARNING - No viable dags retrieved from /Users/harut/opt/anaconda3/lib/python3.9/site-packages/airflow/example_dags/example_kubernetes_executor.py
[2023-01-09T15:17:55.376+0400] {processor.py:175} INFO - Processing /Users/harut/opt/anaconda3/lib/python3.9/site-packages/airflow/example_dags/example_kubernetes_executor.py took 0.391 seconds
[2023-01-09T15:19:18.369+0400] {processor.py:153} INFO - Started process (PID=14611) to work on /Users/harut/opt/anaconda3/lib/python3.9/site-packages/airflow/example_dags/example_kubernetes_executor.py
[2023-01-09T15:19:18.370+0400] {processor.py:743} INFO - Processing file /Users/harut/opt/anaconda3/lib/python3.9/site-packages/airflow/example_dags/example_kubernetes_executor.py for tasks to queue
[2023-01-09T15:19:18.370+0400] {logging_mixin.py:137} INFO - [2023-01-09T15:19:18.370+0400] {dagbag.py:538} INFO - Filling up the DagBag from /Users/harut/opt/anaconda3/lib/python3.9/site-packages/airflow/example_dags/example_kubernetes_executor.py
[2023-01-09T15:19:18.397+0400] {logging_mixin.py:137} INFO - [2023-01-09T15:19:18.396+0400] {example_kubernetes_executor.py:41} WARNING - The example_kubernetes_executor example DAG requires the kubernetes provider. Please install it with: pip install apache-airflow[cncf.kubernetes]
[2023-01-09T15:19:18.397+0400] {processor.py:755} WARNING - No viable dags retrieved from /Users/harut/opt/anaconda3/lib/python3.9/site-packages/airflow/example_dags/example_kubernetes_executor.py
[2023-01-09T15:19:18.734+0400] {processor.py:175} INFO - Processing /Users/harut/opt/anaconda3/lib/python3.9/site-packages/airflow/example_dags/example_kubernetes_executor.py took 0.365 seconds
[2023-01-09T15:20:41.723+0400] {processor.py:153} INFO - Started process (PID=14656) to work on /Users/harut/opt/anaconda3/lib/python3.9/site-packages/airflow/example_dags/example_kubernetes_executor.py
[2023-01-09T15:20:41.723+0400] {processor.py:743} INFO - Processing file /Users/harut/opt/anaconda3/lib/python3.9/site-packages/airflow/example_dags/example_kubernetes_executor.py for tasks to queue
[2023-01-09T15:20:41.724+0400] {logging_mixin.py:137} INFO - [2023-01-09T15:20:41.723+0400] {dagbag.py:538} INFO - Filling up the DagBag from /Users/harut/opt/anaconda3/lib/python3.9/site-packages/airflow/example_dags/example_kubernetes_executor.py
[2023-01-09T15:20:41.751+0400] {logging_mixin.py:137} INFO - [2023-01-09T15:20:41.750+0400] {example_kubernetes_executor.py:41} WARNING - The example_kubernetes_executor example DAG requires the kubernetes provider. Please install it with: pip install apache-airflow[cncf.kubernetes]
[2023-01-09T15:20:41.751+0400] {processor.py:755} WARNING - No viable dags retrieved from /Users/harut/opt/anaconda3/lib/python3.9/site-packages/airflow/example_dags/example_kubernetes_executor.py
[2023-01-09T15:20:42.104+0400] {processor.py:175} INFO - Processing /Users/harut/opt/anaconda3/lib/python3.9/site-packages/airflow/example_dags/example_kubernetes_executor.py took 0.382 seconds
[2023-01-09T15:22:06.540+0400] {processor.py:153} INFO - Started process (PID=14714) to work on /Users/harut/opt/anaconda3/lib/python3.9/site-packages/airflow/example_dags/example_kubernetes_executor.py
[2023-01-09T15:22:06.540+0400] {processor.py:743} INFO - Processing file /Users/harut/opt/anaconda3/lib/python3.9/site-packages/airflow/example_dags/example_kubernetes_executor.py for tasks to queue
[2023-01-09T15:22:06.541+0400] {logging_mixin.py:137} INFO - [2023-01-09T15:22:06.541+0400] {dagbag.py:538} INFO - Filling up the DagBag from /Users/harut/opt/anaconda3/lib/python3.9/site-packages/airflow/example_dags/example_kubernetes_executor.py
[2023-01-09T15:22:06.567+0400] {logging_mixin.py:137} INFO - [2023-01-09T15:22:06.567+0400] {example_kubernetes_executor.py:41} WARNING - The example_kubernetes_executor example DAG requires the kubernetes provider. Please install it with: pip install apache-airflow[cncf.kubernetes]
[2023-01-09T15:22:06.567+0400] {processor.py:755} WARNING - No viable dags retrieved from /Users/harut/opt/anaconda3/lib/python3.9/site-packages/airflow/example_dags/example_kubernetes_executor.py
[2023-01-09T15:22:06.916+0400] {processor.py:175} INFO - Processing /Users/harut/opt/anaconda3/lib/python3.9/site-packages/airflow/example_dags/example_kubernetes_executor.py took 0.377 seconds
[2023-01-09T15:23:29.056+0400] {processor.py:153} INFO - Started process (PID=14758) to work on /Users/harut/opt/anaconda3/lib/python3.9/site-packages/airflow/example_dags/example_kubernetes_executor.py
[2023-01-09T15:23:29.057+0400] {processor.py:743} INFO - Processing file /Users/harut/opt/anaconda3/lib/python3.9/site-packages/airflow/example_dags/example_kubernetes_executor.py for tasks to queue
[2023-01-09T15:23:29.057+0400] {logging_mixin.py:137} INFO - [2023-01-09T15:23:29.057+0400] {dagbag.py:538} INFO - Filling up the DagBag from /Users/harut/opt/anaconda3/lib/python3.9/site-packages/airflow/example_dags/example_kubernetes_executor.py
[2023-01-09T15:23:29.086+0400] {logging_mixin.py:137} INFO - [2023-01-09T15:23:29.086+0400] {example_kubernetes_executor.py:41} WARNING - The example_kubernetes_executor example DAG requires the kubernetes provider. Please install it with: pip install apache-airflow[cncf.kubernetes]
[2023-01-09T15:23:29.086+0400] {processor.py:755} WARNING - No viable dags retrieved from /Users/harut/opt/anaconda3/lib/python3.9/site-packages/airflow/example_dags/example_kubernetes_executor.py
[2023-01-09T15:23:29.461+0400] {processor.py:175} INFO - Processing /Users/harut/opt/anaconda3/lib/python3.9/site-packages/airflow/example_dags/example_kubernetes_executor.py took 0.405 seconds
[2023-01-09T15:24:53.314+0400] {processor.py:153} INFO - Started process (PID=14802) to work on /Users/harut/opt/anaconda3/lib/python3.9/site-packages/airflow/example_dags/example_kubernetes_executor.py
[2023-01-09T15:24:53.314+0400] {processor.py:743} INFO - Processing file /Users/harut/opt/anaconda3/lib/python3.9/site-packages/airflow/example_dags/example_kubernetes_executor.py for tasks to queue
[2023-01-09T15:24:53.315+0400] {logging_mixin.py:137} INFO - [2023-01-09T15:24:53.315+0400] {dagbag.py:538} INFO - Filling up the DagBag from /Users/harut/opt/anaconda3/lib/python3.9/site-packages/airflow/example_dags/example_kubernetes_executor.py
[2023-01-09T15:24:53.341+0400] {logging_mixin.py:137} INFO - [2023-01-09T15:24:53.341+0400] {example_kubernetes_executor.py:41} WARNING - The example_kubernetes_executor example DAG requires the kubernetes provider. Please install it with: pip install apache-airflow[cncf.kubernetes]
[2023-01-09T15:24:53.342+0400] {processor.py:755} WARNING - No viable dags retrieved from /Users/harut/opt/anaconda3/lib/python3.9/site-packages/airflow/example_dags/example_kubernetes_executor.py
[2023-01-09T15:24:53.696+0400] {processor.py:175} INFO - Processing /Users/harut/opt/anaconda3/lib/python3.9/site-packages/airflow/example_dags/example_kubernetes_executor.py took 0.383 seconds
[2023-01-09T15:26:16.978+0400] {processor.py:153} INFO - Started process (PID=14848) to work on /Users/harut/opt/anaconda3/lib/python3.9/site-packages/airflow/example_dags/example_kubernetes_executor.py
[2023-01-09T15:26:16.979+0400] {processor.py:743} INFO - Processing file /Users/harut/opt/anaconda3/lib/python3.9/site-packages/airflow/example_dags/example_kubernetes_executor.py for tasks to queue
[2023-01-09T15:26:16.979+0400] {logging_mixin.py:137} INFO - [2023-01-09T15:26:16.979+0400] {dagbag.py:538} INFO - Filling up the DagBag from /Users/harut/opt/anaconda3/lib/python3.9/site-packages/airflow/example_dags/example_kubernetes_executor.py
[2023-01-09T15:26:17.004+0400] {logging_mixin.py:137} INFO - [2023-01-09T15:26:17.004+0400] {example_kubernetes_executor.py:41} WARNING - The example_kubernetes_executor example DAG requires the kubernetes provider. Please install it with: pip install apache-airflow[cncf.kubernetes]
[2023-01-09T15:26:17.004+0400] {processor.py:755} WARNING - No viable dags retrieved from /Users/harut/opt/anaconda3/lib/python3.9/site-packages/airflow/example_dags/example_kubernetes_executor.py
[2023-01-09T15:26:17.330+0400] {processor.py:175} INFO - Processing /Users/harut/opt/anaconda3/lib/python3.9/site-packages/airflow/example_dags/example_kubernetes_executor.py took 0.353 seconds
[2023-01-09T15:27:40.216+0400] {processor.py:153} INFO - Started process (PID=14901) to work on /Users/harut/opt/anaconda3/lib/python3.9/site-packages/airflow/example_dags/example_kubernetes_executor.py
[2023-01-09T15:27:40.217+0400] {processor.py:743} INFO - Processing file /Users/harut/opt/anaconda3/lib/python3.9/site-packages/airflow/example_dags/example_kubernetes_executor.py for tasks to queue
[2023-01-09T15:27:40.217+0400] {logging_mixin.py:137} INFO - [2023-01-09T15:27:40.217+0400] {dagbag.py:538} INFO - Filling up the DagBag from /Users/harut/opt/anaconda3/lib/python3.9/site-packages/airflow/example_dags/example_kubernetes_executor.py
[2023-01-09T15:27:40.244+0400] {logging_mixin.py:137} INFO - [2023-01-09T15:27:40.244+0400] {example_kubernetes_executor.py:41} WARNING - The example_kubernetes_executor example DAG requires the kubernetes provider. Please install it with: pip install apache-airflow[cncf.kubernetes]
[2023-01-09T15:27:40.244+0400] {processor.py:755} WARNING - No viable dags retrieved from /Users/harut/opt/anaconda3/lib/python3.9/site-packages/airflow/example_dags/example_kubernetes_executor.py
[2023-01-09T15:27:40.577+0400] {processor.py:175} INFO - Processing /Users/harut/opt/anaconda3/lib/python3.9/site-packages/airflow/example_dags/example_kubernetes_executor.py took 0.362 seconds
[2023-01-09T15:29:02.744+0400] {processor.py:153} INFO - Started process (PID=14945) to work on /Users/harut/opt/anaconda3/lib/python3.9/site-packages/airflow/example_dags/example_kubernetes_executor.py
[2023-01-09T15:29:02.745+0400] {processor.py:743} INFO - Processing file /Users/harut/opt/anaconda3/lib/python3.9/site-packages/airflow/example_dags/example_kubernetes_executor.py for tasks to queue
[2023-01-09T15:29:02.745+0400] {logging_mixin.py:137} INFO - [2023-01-09T15:29:02.745+0400] {dagbag.py:538} INFO - Filling up the DagBag from /Users/harut/opt/anaconda3/lib/python3.9/site-packages/airflow/example_dags/example_kubernetes_executor.py
[2023-01-09T15:29:02.772+0400] {logging_mixin.py:137} INFO - [2023-01-09T15:29:02.772+0400] {example_kubernetes_executor.py:41} WARNING - The example_kubernetes_executor example DAG requires the kubernetes provider. Please install it with: pip install apache-airflow[cncf.kubernetes]
[2023-01-09T15:29:02.773+0400] {processor.py:755} WARNING - No viable dags retrieved from /Users/harut/opt/anaconda3/lib/python3.9/site-packages/airflow/example_dags/example_kubernetes_executor.py
[2023-01-09T15:29:03.128+0400] {processor.py:175} INFO - Processing /Users/harut/opt/anaconda3/lib/python3.9/site-packages/airflow/example_dags/example_kubernetes_executor.py took 0.384 seconds
[2023-01-09T15:30:23.805+0400] {processor.py:153} INFO - Started process (PID=14991) to work on /Users/harut/opt/anaconda3/lib/python3.9/site-packages/airflow/example_dags/example_kubernetes_executor.py
[2023-01-09T15:30:23.806+0400] {processor.py:743} INFO - Processing file /Users/harut/opt/anaconda3/lib/python3.9/site-packages/airflow/example_dags/example_kubernetes_executor.py for tasks to queue
[2023-01-09T15:30:23.806+0400] {logging_mixin.py:137} INFO - [2023-01-09T15:30:23.806+0400] {dagbag.py:538} INFO - Filling up the DagBag from /Users/harut/opt/anaconda3/lib/python3.9/site-packages/airflow/example_dags/example_kubernetes_executor.py
[2023-01-09T15:30:23.831+0400] {logging_mixin.py:137} INFO - [2023-01-09T15:30:23.831+0400] {example_kubernetes_executor.py:41} WARNING - The example_kubernetes_executor example DAG requires the kubernetes provider. Please install it with: pip install apache-airflow[cncf.kubernetes]
[2023-01-09T15:30:23.831+0400] {processor.py:755} WARNING - No viable dags retrieved from /Users/harut/opt/anaconda3/lib/python3.9/site-packages/airflow/example_dags/example_kubernetes_executor.py
[2023-01-09T15:30:24.154+0400] {processor.py:175} INFO - Processing /Users/harut/opt/anaconda3/lib/python3.9/site-packages/airflow/example_dags/example_kubernetes_executor.py took 0.349 seconds
[2023-01-09T15:31:46.745+0400] {processor.py:153} INFO - Started process (PID=15037) to work on /Users/harut/opt/anaconda3/lib/python3.9/site-packages/airflow/example_dags/example_kubernetes_executor.py
[2023-01-09T15:31:46.745+0400] {processor.py:743} INFO - Processing file /Users/harut/opt/anaconda3/lib/python3.9/site-packages/airflow/example_dags/example_kubernetes_executor.py for tasks to queue
[2023-01-09T15:31:46.746+0400] {logging_mixin.py:137} INFO - [2023-01-09T15:31:46.746+0400] {dagbag.py:538} INFO - Filling up the DagBag from /Users/harut/opt/anaconda3/lib/python3.9/site-packages/airflow/example_dags/example_kubernetes_executor.py
[2023-01-09T15:31:46.771+0400] {logging_mixin.py:137} INFO - [2023-01-09T15:31:46.771+0400] {example_kubernetes_executor.py:41} WARNING - The example_kubernetes_executor example DAG requires the kubernetes provider. Please install it with: pip install apache-airflow[cncf.kubernetes]
[2023-01-09T15:31:46.771+0400] {processor.py:755} WARNING - No viable dags retrieved from /Users/harut/opt/anaconda3/lib/python3.9/site-packages/airflow/example_dags/example_kubernetes_executor.py
[2023-01-09T15:31:47.110+0400] {processor.py:175} INFO - Processing /Users/harut/opt/anaconda3/lib/python3.9/site-packages/airflow/example_dags/example_kubernetes_executor.py took 0.366 seconds
[2023-01-09T15:33:09.753+0400] {processor.py:153} INFO - Started process (PID=15082) to work on /Users/harut/opt/anaconda3/lib/python3.9/site-packages/airflow/example_dags/example_kubernetes_executor.py
[2023-01-09T15:33:09.754+0400] {processor.py:743} INFO - Processing file /Users/harut/opt/anaconda3/lib/python3.9/site-packages/airflow/example_dags/example_kubernetes_executor.py for tasks to queue
[2023-01-09T15:33:09.754+0400] {logging_mixin.py:137} INFO - [2023-01-09T15:33:09.754+0400] {dagbag.py:538} INFO - Filling up the DagBag from /Users/harut/opt/anaconda3/lib/python3.9/site-packages/airflow/example_dags/example_kubernetes_executor.py
[2023-01-09T15:33:09.784+0400] {logging_mixin.py:137} INFO - [2023-01-09T15:33:09.784+0400] {example_kubernetes_executor.py:41} WARNING - The example_kubernetes_executor example DAG requires the kubernetes provider. Please install it with: pip install apache-airflow[cncf.kubernetes]
[2023-01-09T15:33:09.784+0400] {processor.py:755} WARNING - No viable dags retrieved from /Users/harut/opt/anaconda3/lib/python3.9/site-packages/airflow/example_dags/example_kubernetes_executor.py
[2023-01-09T15:33:10.143+0400] {processor.py:175} INFO - Processing /Users/harut/opt/anaconda3/lib/python3.9/site-packages/airflow/example_dags/example_kubernetes_executor.py took 0.391 seconds
[2023-01-09T15:34:34.419+0400] {processor.py:153} INFO - Started process (PID=15128) to work on /Users/harut/opt/anaconda3/lib/python3.9/site-packages/airflow/example_dags/example_kubernetes_executor.py
[2023-01-09T15:34:34.420+0400] {processor.py:743} INFO - Processing file /Users/harut/opt/anaconda3/lib/python3.9/site-packages/airflow/example_dags/example_kubernetes_executor.py for tasks to queue
[2023-01-09T15:34:34.420+0400] {logging_mixin.py:137} INFO - [2023-01-09T15:34:34.420+0400] {dagbag.py:538} INFO - Filling up the DagBag from /Users/harut/opt/anaconda3/lib/python3.9/site-packages/airflow/example_dags/example_kubernetes_executor.py
[2023-01-09T15:34:34.448+0400] {logging_mixin.py:137} INFO - [2023-01-09T15:34:34.448+0400] {example_kubernetes_executor.py:41} WARNING - The example_kubernetes_executor example DAG requires the kubernetes provider. Please install it with: pip install apache-airflow[cncf.kubernetes]
[2023-01-09T15:34:34.448+0400] {processor.py:755} WARNING - No viable dags retrieved from /Users/harut/opt/anaconda3/lib/python3.9/site-packages/airflow/example_dags/example_kubernetes_executor.py
[2023-01-09T15:34:34.830+0400] {processor.py:175} INFO - Processing /Users/harut/opt/anaconda3/lib/python3.9/site-packages/airflow/example_dags/example_kubernetes_executor.py took 0.412 seconds
[2023-01-09T15:35:57.222+0400] {processor.py:153} INFO - Started process (PID=15179) to work on /Users/harut/opt/anaconda3/lib/python3.9/site-packages/airflow/example_dags/example_kubernetes_executor.py
[2023-01-09T15:35:57.223+0400] {processor.py:743} INFO - Processing file /Users/harut/opt/anaconda3/lib/python3.9/site-packages/airflow/example_dags/example_kubernetes_executor.py for tasks to queue
[2023-01-09T15:35:57.223+0400] {logging_mixin.py:137} INFO - [2023-01-09T15:35:57.223+0400] {dagbag.py:538} INFO - Filling up the DagBag from /Users/harut/opt/anaconda3/lib/python3.9/site-packages/airflow/example_dags/example_kubernetes_executor.py
[2023-01-09T15:35:57.249+0400] {logging_mixin.py:137} INFO - [2023-01-09T15:35:57.249+0400] {example_kubernetes_executor.py:41} WARNING - The example_kubernetes_executor example DAG requires the kubernetes provider. Please install it with: pip install apache-airflow[cncf.kubernetes]
[2023-01-09T15:35:57.249+0400] {processor.py:755} WARNING - No viable dags retrieved from /Users/harut/opt/anaconda3/lib/python3.9/site-packages/airflow/example_dags/example_kubernetes_executor.py
[2023-01-09T15:35:57.591+0400] {processor.py:175} INFO - Processing /Users/harut/opt/anaconda3/lib/python3.9/site-packages/airflow/example_dags/example_kubernetes_executor.py took 0.370 seconds
[2023-01-09T15:37:20.151+0400] {processor.py:153} INFO - Started process (PID=15238) to work on /Users/harut/opt/anaconda3/lib/python3.9/site-packages/airflow/example_dags/example_kubernetes_executor.py
[2023-01-09T15:37:20.152+0400] {processor.py:743} INFO - Processing file /Users/harut/opt/anaconda3/lib/python3.9/site-packages/airflow/example_dags/example_kubernetes_executor.py for tasks to queue
[2023-01-09T15:37:20.152+0400] {logging_mixin.py:137} INFO - [2023-01-09T15:37:20.152+0400] {dagbag.py:538} INFO - Filling up the DagBag from /Users/harut/opt/anaconda3/lib/python3.9/site-packages/airflow/example_dags/example_kubernetes_executor.py
[2023-01-09T15:37:20.179+0400] {logging_mixin.py:137} INFO - [2023-01-09T15:37:20.179+0400] {example_kubernetes_executor.py:41} WARNING - The example_kubernetes_executor example DAG requires the kubernetes provider. Please install it with: pip install apache-airflow[cncf.kubernetes]
[2023-01-09T15:37:20.180+0400] {processor.py:755} WARNING - No viable dags retrieved from /Users/harut/opt/anaconda3/lib/python3.9/site-packages/airflow/example_dags/example_kubernetes_executor.py
[2023-01-09T15:37:20.524+0400] {processor.py:175} INFO - Processing /Users/harut/opt/anaconda3/lib/python3.9/site-packages/airflow/example_dags/example_kubernetes_executor.py took 0.373 seconds
[2023-01-09T15:38:42.520+0400] {processor.py:153} INFO - Started process (PID=15280) to work on /Users/harut/opt/anaconda3/lib/python3.9/site-packages/airflow/example_dags/example_kubernetes_executor.py
[2023-01-09T15:38:42.521+0400] {processor.py:743} INFO - Processing file /Users/harut/opt/anaconda3/lib/python3.9/site-packages/airflow/example_dags/example_kubernetes_executor.py for tasks to queue
[2023-01-09T15:38:42.521+0400] {logging_mixin.py:137} INFO - [2023-01-09T15:38:42.521+0400] {dagbag.py:538} INFO - Filling up the DagBag from /Users/harut/opt/anaconda3/lib/python3.9/site-packages/airflow/example_dags/example_kubernetes_executor.py
[2023-01-09T15:38:42.547+0400] {logging_mixin.py:137} INFO - [2023-01-09T15:38:42.547+0400] {example_kubernetes_executor.py:41} WARNING - The example_kubernetes_executor example DAG requires the kubernetes provider. Please install it with: pip install apache-airflow[cncf.kubernetes]
[2023-01-09T15:38:42.547+0400] {processor.py:755} WARNING - No viable dags retrieved from /Users/harut/opt/anaconda3/lib/python3.9/site-packages/airflow/example_dags/example_kubernetes_executor.py
[2023-01-09T15:38:42.872+0400] {processor.py:175} INFO - Processing /Users/harut/opt/anaconda3/lib/python3.9/site-packages/airflow/example_dags/example_kubernetes_executor.py took 0.352 seconds
[2023-01-09T15:40:04.369+0400] {processor.py:153} INFO - Started process (PID=15325) to work on /Users/harut/opt/anaconda3/lib/python3.9/site-packages/airflow/example_dags/example_kubernetes_executor.py
[2023-01-09T15:40:04.370+0400] {processor.py:743} INFO - Processing file /Users/harut/opt/anaconda3/lib/python3.9/site-packages/airflow/example_dags/example_kubernetes_executor.py for tasks to queue
[2023-01-09T15:40:04.370+0400] {logging_mixin.py:137} INFO - [2023-01-09T15:40:04.370+0400] {dagbag.py:538} INFO - Filling up the DagBag from /Users/harut/opt/anaconda3/lib/python3.9/site-packages/airflow/example_dags/example_kubernetes_executor.py
[2023-01-09T15:40:04.398+0400] {logging_mixin.py:137} INFO - [2023-01-09T15:40:04.398+0400] {example_kubernetes_executor.py:41} WARNING - The example_kubernetes_executor example DAG requires the kubernetes provider. Please install it with: pip install apache-airflow[cncf.kubernetes]
[2023-01-09T15:40:04.398+0400] {processor.py:755} WARNING - No viable dags retrieved from /Users/harut/opt/anaconda3/lib/python3.9/site-packages/airflow/example_dags/example_kubernetes_executor.py
[2023-01-09T15:40:04.728+0400] {processor.py:175} INFO - Processing /Users/harut/opt/anaconda3/lib/python3.9/site-packages/airflow/example_dags/example_kubernetes_executor.py took 0.360 seconds
[2023-01-09T15:41:24.771+0400] {processor.py:153} INFO - Started process (PID=15386) to work on /Users/harut/opt/anaconda3/lib/python3.9/site-packages/airflow/example_dags/example_kubernetes_executor.py
[2023-01-09T15:41:24.772+0400] {processor.py:743} INFO - Processing file /Users/harut/opt/anaconda3/lib/python3.9/site-packages/airflow/example_dags/example_kubernetes_executor.py for tasks to queue
[2023-01-09T15:41:24.772+0400] {logging_mixin.py:137} INFO - [2023-01-09T15:41:24.772+0400] {dagbag.py:538} INFO - Filling up the DagBag from /Users/harut/opt/anaconda3/lib/python3.9/site-packages/airflow/example_dags/example_kubernetes_executor.py
[2023-01-09T15:41:24.798+0400] {logging_mixin.py:137} INFO - [2023-01-09T15:41:24.798+0400] {example_kubernetes_executor.py:41} WARNING - The example_kubernetes_executor example DAG requires the kubernetes provider. Please install it with: pip install apache-airflow[cncf.kubernetes]
[2023-01-09T15:41:24.798+0400] {processor.py:755} WARNING - No viable dags retrieved from /Users/harut/opt/anaconda3/lib/python3.9/site-packages/airflow/example_dags/example_kubernetes_executor.py
[2023-01-09T15:41:25.122+0400] {processor.py:175} INFO - Processing /Users/harut/opt/anaconda3/lib/python3.9/site-packages/airflow/example_dags/example_kubernetes_executor.py took 0.351 seconds
