[2023-01-09T14:17:36.531+0400] {processor.py:153} INFO - Started process (PID=12432) to work on /Users/harut/opt/anaconda3/lib/python3.9/site-packages/airflow/example_dags/example_branch_operator_decorator.py
[2023-01-09T14:17:36.531+0400] {processor.py:743} INFO - Processing file /Users/harut/opt/anaconda3/lib/python3.9/site-packages/airflow/example_dags/example_branch_operator_decorator.py for tasks to queue
[2023-01-09T14:17:36.532+0400] {logging_mixin.py:137} INFO - [2023-01-09T14:17:36.532+0400] {dagbag.py:538} INFO - Filling up the DagBag from /Users/harut/opt/anaconda3/lib/python3.9/site-packages/airflow/example_dags/example_branch_operator_decorator.py
[2023-01-09T14:17:36.562+0400] {processor.py:753} INFO - DAG(s) dict_keys(['example_branch_python_operator_decorator']) retrieved from /Users/harut/opt/anaconda3/lib/python3.9/site-packages/airflow/example_dags/example_branch_operator_decorator.py
[2023-01-09T14:17:36.931+0400] {logging_mixin.py:137} INFO - [2023-01-09T14:17:36.930+0400] {dag.py:2676} INFO - Sync 1 DAGs
[2023-01-09T14:17:36.941+0400] {logging_mixin.py:137} INFO - [2023-01-09T14:17:36.941+0400] {dag.py:3423} INFO - Setting next_dagrun for example_branch_python_operator_decorator to 2023-01-08T00:00:00+00:00, run_after=2023-01-09T00:00:00+00:00
[2023-01-09T14:17:36.950+0400] {processor.py:175} INFO - Processing /Users/harut/opt/anaconda3/lib/python3.9/site-packages/airflow/example_dags/example_branch_operator_decorator.py took 0.420 seconds
[2023-01-09T14:20:01.682+0400] {processor.py:153} INFO - Started process (PID=12525) to work on /Users/harut/opt/anaconda3/lib/python3.9/site-packages/airflow/example_dags/example_branch_operator_decorator.py
[2023-01-09T14:20:01.683+0400] {processor.py:743} INFO - Processing file /Users/harut/opt/anaconda3/lib/python3.9/site-packages/airflow/example_dags/example_branch_operator_decorator.py for tasks to queue
[2023-01-09T14:20:01.683+0400] {logging_mixin.py:137} INFO - [2023-01-09T14:20:01.683+0400] {dagbag.py:538} INFO - Filling up the DagBag from /Users/harut/opt/anaconda3/lib/python3.9/site-packages/airflow/example_dags/example_branch_operator_decorator.py
[2023-01-09T14:20:01.714+0400] {processor.py:753} INFO - DAG(s) dict_keys(['example_branch_python_operator_decorator']) retrieved from /Users/harut/opt/anaconda3/lib/python3.9/site-packages/airflow/example_dags/example_branch_operator_decorator.py
[2023-01-09T14:20:02.090+0400] {logging_mixin.py:137} INFO - [2023-01-09T14:20:02.090+0400] {dag.py:2676} INFO - Sync 1 DAGs
[2023-01-09T14:20:02.101+0400] {logging_mixin.py:137} INFO - [2023-01-09T14:20:02.100+0400] {dag.py:3423} INFO - Setting next_dagrun for example_branch_python_operator_decorator to 2023-01-08T00:00:00+00:00, run_after=2023-01-09T00:00:00+00:00
[2023-01-09T14:20:02.110+0400] {processor.py:175} INFO - Processing /Users/harut/opt/anaconda3/lib/python3.9/site-packages/airflow/example_dags/example_branch_operator_decorator.py took 0.429 seconds
[2023-01-09T14:21:15.910+0400] {processor.py:153} INFO - Started process (PID=12564) to work on /Users/harut/opt/anaconda3/lib/python3.9/site-packages/airflow/example_dags/example_branch_operator_decorator.py
[2023-01-09T14:21:15.910+0400] {processor.py:743} INFO - Processing file /Users/harut/opt/anaconda3/lib/python3.9/site-packages/airflow/example_dags/example_branch_operator_decorator.py for tasks to queue
[2023-01-09T14:21:15.911+0400] {logging_mixin.py:137} INFO - [2023-01-09T14:21:15.911+0400] {dagbag.py:538} INFO - Filling up the DagBag from /Users/harut/opt/anaconda3/lib/python3.9/site-packages/airflow/example_dags/example_branch_operator_decorator.py
[2023-01-09T14:21:15.943+0400] {processor.py:753} INFO - DAG(s) dict_keys(['example_branch_python_operator_decorator']) retrieved from /Users/harut/opt/anaconda3/lib/python3.9/site-packages/airflow/example_dags/example_branch_operator_decorator.py
[2023-01-09T14:21:16.310+0400] {logging_mixin.py:137} INFO - [2023-01-09T14:21:16.310+0400] {dag.py:2676} INFO - Sync 1 DAGs
[2023-01-09T14:21:16.321+0400] {logging_mixin.py:137} INFO - [2023-01-09T14:21:16.321+0400] {dag.py:3423} INFO - Setting next_dagrun for example_branch_python_operator_decorator to 2023-01-08T00:00:00+00:00, run_after=2023-01-09T00:00:00+00:00
[2023-01-09T14:21:16.330+0400] {processor.py:175} INFO - Processing /Users/harut/opt/anaconda3/lib/python3.9/site-packages/airflow/example_dags/example_branch_operator_decorator.py took 0.421 seconds
[2023-01-09T14:22:30.126+0400] {processor.py:153} INFO - Started process (PID=12617) to work on /Users/harut/opt/anaconda3/lib/python3.9/site-packages/airflow/example_dags/example_branch_operator_decorator.py
[2023-01-09T14:22:30.126+0400] {processor.py:743} INFO - Processing file /Users/harut/opt/anaconda3/lib/python3.9/site-packages/airflow/example_dags/example_branch_operator_decorator.py for tasks to queue
[2023-01-09T14:22:30.127+0400] {logging_mixin.py:137} INFO - [2023-01-09T14:22:30.127+0400] {dagbag.py:538} INFO - Filling up the DagBag from /Users/harut/opt/anaconda3/lib/python3.9/site-packages/airflow/example_dags/example_branch_operator_decorator.py
[2023-01-09T14:22:30.157+0400] {processor.py:753} INFO - DAG(s) dict_keys(['example_branch_python_operator_decorator']) retrieved from /Users/harut/opt/anaconda3/lib/python3.9/site-packages/airflow/example_dags/example_branch_operator_decorator.py
[2023-01-09T14:22:30.516+0400] {logging_mixin.py:137} INFO - [2023-01-09T14:22:30.516+0400] {dag.py:2676} INFO - Sync 1 DAGs
[2023-01-09T14:22:30.526+0400] {logging_mixin.py:137} INFO - [2023-01-09T14:22:30.526+0400] {dag.py:3423} INFO - Setting next_dagrun for example_branch_python_operator_decorator to 2023-01-08T00:00:00+00:00, run_after=2023-01-09T00:00:00+00:00
[2023-01-09T14:22:30.535+0400] {processor.py:175} INFO - Processing /Users/harut/opt/anaconda3/lib/python3.9/site-packages/airflow/example_dags/example_branch_operator_decorator.py took 0.410 seconds
[2023-01-09T14:23:46.320+0400] {processor.py:153} INFO - Started process (PID=12658) to work on /Users/harut/opt/anaconda3/lib/python3.9/site-packages/airflow/example_dags/example_branch_operator_decorator.py
[2023-01-09T14:23:46.320+0400] {processor.py:743} INFO - Processing file /Users/harut/opt/anaconda3/lib/python3.9/site-packages/airflow/example_dags/example_branch_operator_decorator.py for tasks to queue
[2023-01-09T14:23:46.321+0400] {logging_mixin.py:137} INFO - [2023-01-09T14:23:46.321+0400] {dagbag.py:538} INFO - Filling up the DagBag from /Users/harut/opt/anaconda3/lib/python3.9/site-packages/airflow/example_dags/example_branch_operator_decorator.py
[2023-01-09T14:23:46.351+0400] {processor.py:753} INFO - DAG(s) dict_keys(['example_branch_python_operator_decorator']) retrieved from /Users/harut/opt/anaconda3/lib/python3.9/site-packages/airflow/example_dags/example_branch_operator_decorator.py
[2023-01-09T14:23:46.726+0400] {logging_mixin.py:137} INFO - [2023-01-09T14:23:46.726+0400] {dag.py:2676} INFO - Sync 1 DAGs
[2023-01-09T14:23:46.737+0400] {logging_mixin.py:137} INFO - [2023-01-09T14:23:46.737+0400] {dag.py:3423} INFO - Setting next_dagrun for example_branch_python_operator_decorator to 2023-01-08T00:00:00+00:00, run_after=2023-01-09T00:00:00+00:00
[2023-01-09T14:23:46.746+0400] {processor.py:175} INFO - Processing /Users/harut/opt/anaconda3/lib/python3.9/site-packages/airflow/example_dags/example_branch_operator_decorator.py took 0.427 seconds
[2023-01-09T14:25:06.973+0400] {processor.py:153} INFO - Started process (PID=12702) to work on /Users/harut/opt/anaconda3/lib/python3.9/site-packages/airflow/example_dags/example_branch_operator_decorator.py
[2023-01-09T14:25:06.973+0400] {processor.py:743} INFO - Processing file /Users/harut/opt/anaconda3/lib/python3.9/site-packages/airflow/example_dags/example_branch_operator_decorator.py for tasks to queue
[2023-01-09T14:25:06.974+0400] {logging_mixin.py:137} INFO - [2023-01-09T14:25:06.974+0400] {dagbag.py:538} INFO - Filling up the DagBag from /Users/harut/opt/anaconda3/lib/python3.9/site-packages/airflow/example_dags/example_branch_operator_decorator.py
[2023-01-09T14:25:07.006+0400] {processor.py:753} INFO - DAG(s) dict_keys(['example_branch_python_operator_decorator']) retrieved from /Users/harut/opt/anaconda3/lib/python3.9/site-packages/airflow/example_dags/example_branch_operator_decorator.py
[2023-01-09T14:25:07.384+0400] {logging_mixin.py:137} INFO - [2023-01-09T14:25:07.384+0400] {dag.py:2676} INFO - Sync 1 DAGs
[2023-01-09T14:25:07.394+0400] {logging_mixin.py:137} INFO - [2023-01-09T14:25:07.394+0400] {dag.py:3423} INFO - Setting next_dagrun for example_branch_python_operator_decorator to 2023-01-08T00:00:00+00:00, run_after=2023-01-09T00:00:00+00:00
[2023-01-09T14:25:07.403+0400] {processor.py:175} INFO - Processing /Users/harut/opt/anaconda3/lib/python3.9/site-packages/airflow/example_dags/example_branch_operator_decorator.py took 0.431 seconds
[2023-01-09T14:26:25.680+0400] {processor.py:153} INFO - Started process (PID=12746) to work on /Users/harut/opt/anaconda3/lib/python3.9/site-packages/airflow/example_dags/example_branch_operator_decorator.py
[2023-01-09T14:26:25.680+0400] {processor.py:743} INFO - Processing file /Users/harut/opt/anaconda3/lib/python3.9/site-packages/airflow/example_dags/example_branch_operator_decorator.py for tasks to queue
[2023-01-09T14:26:25.680+0400] {logging_mixin.py:137} INFO - [2023-01-09T14:26:25.680+0400] {dagbag.py:538} INFO - Filling up the DagBag from /Users/harut/opt/anaconda3/lib/python3.9/site-packages/airflow/example_dags/example_branch_operator_decorator.py
[2023-01-09T14:26:25.711+0400] {processor.py:753} INFO - DAG(s) dict_keys(['example_branch_python_operator_decorator']) retrieved from /Users/harut/opt/anaconda3/lib/python3.9/site-packages/airflow/example_dags/example_branch_operator_decorator.py
[2023-01-09T14:26:26.082+0400] {logging_mixin.py:137} INFO - [2023-01-09T14:26:26.081+0400] {dag.py:2676} INFO - Sync 1 DAGs
[2023-01-09T14:26:26.092+0400] {logging_mixin.py:137} INFO - [2023-01-09T14:26:26.092+0400] {dag.py:3423} INFO - Setting next_dagrun for example_branch_python_operator_decorator to 2023-01-08T00:00:00+00:00, run_after=2023-01-09T00:00:00+00:00
[2023-01-09T14:26:26.101+0400] {processor.py:175} INFO - Processing /Users/harut/opt/anaconda3/lib/python3.9/site-packages/airflow/example_dags/example_branch_operator_decorator.py took 0.422 seconds
[2023-01-09T14:27:41.900+0400] {processor.py:153} INFO - Started process (PID=12789) to work on /Users/harut/opt/anaconda3/lib/python3.9/site-packages/airflow/example_dags/example_branch_operator_decorator.py
[2023-01-09T14:27:41.901+0400] {processor.py:743} INFO - Processing file /Users/harut/opt/anaconda3/lib/python3.9/site-packages/airflow/example_dags/example_branch_operator_decorator.py for tasks to queue
[2023-01-09T14:27:41.901+0400] {logging_mixin.py:137} INFO - [2023-01-09T14:27:41.901+0400] {dagbag.py:538} INFO - Filling up the DagBag from /Users/harut/opt/anaconda3/lib/python3.9/site-packages/airflow/example_dags/example_branch_operator_decorator.py
[2023-01-09T14:27:41.933+0400] {processor.py:753} INFO - DAG(s) dict_keys(['example_branch_python_operator_decorator']) retrieved from /Users/harut/opt/anaconda3/lib/python3.9/site-packages/airflow/example_dags/example_branch_operator_decorator.py
[2023-01-09T14:27:42.326+0400] {logging_mixin.py:137} INFO - [2023-01-09T14:27:42.326+0400] {dag.py:2676} INFO - Sync 1 DAGs
[2023-01-09T14:27:42.337+0400] {logging_mixin.py:137} INFO - [2023-01-09T14:27:42.337+0400] {dag.py:3423} INFO - Setting next_dagrun for example_branch_python_operator_decorator to 2023-01-08T00:00:00+00:00, run_after=2023-01-09T00:00:00+00:00
[2023-01-09T14:27:42.347+0400] {processor.py:175} INFO - Processing /Users/harut/opt/anaconda3/lib/python3.9/site-packages/airflow/example_dags/example_branch_operator_decorator.py took 0.447 seconds
[2023-01-09T14:28:59.222+0400] {processor.py:153} INFO - Started process (PID=12834) to work on /Users/harut/opt/anaconda3/lib/python3.9/site-packages/airflow/example_dags/example_branch_operator_decorator.py
[2023-01-09T14:28:59.222+0400] {processor.py:743} INFO - Processing file /Users/harut/opt/anaconda3/lib/python3.9/site-packages/airflow/example_dags/example_branch_operator_decorator.py for tasks to queue
[2023-01-09T14:28:59.223+0400] {logging_mixin.py:137} INFO - [2023-01-09T14:28:59.222+0400] {dagbag.py:538} INFO - Filling up the DagBag from /Users/harut/opt/anaconda3/lib/python3.9/site-packages/airflow/example_dags/example_branch_operator_decorator.py
[2023-01-09T14:28:59.254+0400] {processor.py:753} INFO - DAG(s) dict_keys(['example_branch_python_operator_decorator']) retrieved from /Users/harut/opt/anaconda3/lib/python3.9/site-packages/airflow/example_dags/example_branch_operator_decorator.py
[2023-01-09T14:28:59.616+0400] {logging_mixin.py:137} INFO - [2023-01-09T14:28:59.615+0400] {dag.py:2676} INFO - Sync 1 DAGs
[2023-01-09T14:28:59.626+0400] {logging_mixin.py:137} INFO - [2023-01-09T14:28:59.626+0400] {dag.py:3423} INFO - Setting next_dagrun for example_branch_python_operator_decorator to 2023-01-08T00:00:00+00:00, run_after=2023-01-09T00:00:00+00:00
[2023-01-09T14:28:59.636+0400] {processor.py:175} INFO - Processing /Users/harut/opt/anaconda3/lib/python3.9/site-packages/airflow/example_dags/example_branch_operator_decorator.py took 0.415 seconds
[2023-01-09T14:30:15.578+0400] {processor.py:153} INFO - Started process (PID=12876) to work on /Users/harut/opt/anaconda3/lib/python3.9/site-packages/airflow/example_dags/example_branch_operator_decorator.py
[2023-01-09T14:30:15.579+0400] {processor.py:743} INFO - Processing file /Users/harut/opt/anaconda3/lib/python3.9/site-packages/airflow/example_dags/example_branch_operator_decorator.py for tasks to queue
[2023-01-09T14:30:15.579+0400] {logging_mixin.py:137} INFO - [2023-01-09T14:30:15.579+0400] {dagbag.py:538} INFO - Filling up the DagBag from /Users/harut/opt/anaconda3/lib/python3.9/site-packages/airflow/example_dags/example_branch_operator_decorator.py
[2023-01-09T14:30:15.610+0400] {processor.py:753} INFO - DAG(s) dict_keys(['example_branch_python_operator_decorator']) retrieved from /Users/harut/opt/anaconda3/lib/python3.9/site-packages/airflow/example_dags/example_branch_operator_decorator.py
[2023-01-09T14:30:15.986+0400] {logging_mixin.py:137} INFO - [2023-01-09T14:30:15.986+0400] {dag.py:2676} INFO - Sync 1 DAGs
[2023-01-09T14:30:15.997+0400] {logging_mixin.py:137} INFO - [2023-01-09T14:30:15.997+0400] {dag.py:3423} INFO - Setting next_dagrun for example_branch_python_operator_decorator to 2023-01-08T00:00:00+00:00, run_after=2023-01-09T00:00:00+00:00
[2023-01-09T14:30:16.008+0400] {processor.py:175} INFO - Processing /Users/harut/opt/anaconda3/lib/python3.9/site-packages/airflow/example_dags/example_branch_operator_decorator.py took 0.430 seconds
[2023-01-09T14:31:30.740+0400] {processor.py:153} INFO - Started process (PID=12921) to work on /Users/harut/opt/anaconda3/lib/python3.9/site-packages/airflow/example_dags/example_branch_operator_decorator.py
[2023-01-09T14:31:30.740+0400] {processor.py:743} INFO - Processing file /Users/harut/opt/anaconda3/lib/python3.9/site-packages/airflow/example_dags/example_branch_operator_decorator.py for tasks to queue
[2023-01-09T14:31:30.741+0400] {logging_mixin.py:137} INFO - [2023-01-09T14:31:30.741+0400] {dagbag.py:538} INFO - Filling up the DagBag from /Users/harut/opt/anaconda3/lib/python3.9/site-packages/airflow/example_dags/example_branch_operator_decorator.py
[2023-01-09T14:31:30.773+0400] {processor.py:753} INFO - DAG(s) dict_keys(['example_branch_python_operator_decorator']) retrieved from /Users/harut/opt/anaconda3/lib/python3.9/site-packages/airflow/example_dags/example_branch_operator_decorator.py
[2023-01-09T14:31:31.135+0400] {logging_mixin.py:137} INFO - [2023-01-09T14:31:31.135+0400] {dag.py:2676} INFO - Sync 1 DAGs
[2023-01-09T14:31:31.145+0400] {logging_mixin.py:137} INFO - [2023-01-09T14:31:31.145+0400] {dag.py:3423} INFO - Setting next_dagrun for example_branch_python_operator_decorator to 2023-01-08T00:00:00+00:00, run_after=2023-01-09T00:00:00+00:00
[2023-01-09T14:31:31.154+0400] {processor.py:175} INFO - Processing /Users/harut/opt/anaconda3/lib/python3.9/site-packages/airflow/example_dags/example_branch_operator_decorator.py took 0.415 seconds
[2023-01-09T14:32:47.026+0400] {processor.py:153} INFO - Started process (PID=12972) to work on /Users/harut/opt/anaconda3/lib/python3.9/site-packages/airflow/example_dags/example_branch_operator_decorator.py
[2023-01-09T14:32:47.027+0400] {processor.py:743} INFO - Processing file /Users/harut/opt/anaconda3/lib/python3.9/site-packages/airflow/example_dags/example_branch_operator_decorator.py for tasks to queue
[2023-01-09T14:32:47.027+0400] {logging_mixin.py:137} INFO - [2023-01-09T14:32:47.027+0400] {dagbag.py:538} INFO - Filling up the DagBag from /Users/harut/opt/anaconda3/lib/python3.9/site-packages/airflow/example_dags/example_branch_operator_decorator.py
[2023-01-09T14:32:47.059+0400] {processor.py:753} INFO - DAG(s) dict_keys(['example_branch_python_operator_decorator']) retrieved from /Users/harut/opt/anaconda3/lib/python3.9/site-packages/airflow/example_dags/example_branch_operator_decorator.py
[2023-01-09T14:32:47.429+0400] {logging_mixin.py:137} INFO - [2023-01-09T14:32:47.429+0400] {dag.py:2676} INFO - Sync 1 DAGs
[2023-01-09T14:32:47.439+0400] {logging_mixin.py:137} INFO - [2023-01-09T14:32:47.439+0400] {dag.py:3423} INFO - Setting next_dagrun for example_branch_python_operator_decorator to 2023-01-08T00:00:00+00:00, run_after=2023-01-09T00:00:00+00:00
[2023-01-09T14:32:47.448+0400] {processor.py:175} INFO - Processing /Users/harut/opt/anaconda3/lib/python3.9/site-packages/airflow/example_dags/example_branch_operator_decorator.py took 0.422 seconds
[2023-01-09T14:34:04.609+0400] {processor.py:153} INFO - Started process (PID=13020) to work on /Users/harut/opt/anaconda3/lib/python3.9/site-packages/airflow/example_dags/example_branch_operator_decorator.py
[2023-01-09T14:34:04.609+0400] {processor.py:743} INFO - Processing file /Users/harut/opt/anaconda3/lib/python3.9/site-packages/airflow/example_dags/example_branch_operator_decorator.py for tasks to queue
[2023-01-09T14:34:04.609+0400] {logging_mixin.py:137} INFO - [2023-01-09T14:34:04.609+0400] {dagbag.py:538} INFO - Filling up the DagBag from /Users/harut/opt/anaconda3/lib/python3.9/site-packages/airflow/example_dags/example_branch_operator_decorator.py
[2023-01-09T14:34:04.641+0400] {processor.py:753} INFO - DAG(s) dict_keys(['example_branch_python_operator_decorator']) retrieved from /Users/harut/opt/anaconda3/lib/python3.9/site-packages/airflow/example_dags/example_branch_operator_decorator.py
[2023-01-09T14:34:05.042+0400] {logging_mixin.py:137} INFO - [2023-01-09T14:34:05.041+0400] {dag.py:2676} INFO - Sync 1 DAGs
[2023-01-09T14:34:05.054+0400] {logging_mixin.py:137} INFO - [2023-01-09T14:34:05.053+0400] {dag.py:3423} INFO - Setting next_dagrun for example_branch_python_operator_decorator to 2023-01-08T00:00:00+00:00, run_after=2023-01-09T00:00:00+00:00
[2023-01-09T14:34:05.065+0400] {processor.py:175} INFO - Processing /Users/harut/opt/anaconda3/lib/python3.9/site-packages/airflow/example_dags/example_branch_operator_decorator.py took 0.456 seconds
[2023-01-09T14:35:21.782+0400] {processor.py:153} INFO - Started process (PID=13069) to work on /Users/harut/opt/anaconda3/lib/python3.9/site-packages/airflow/example_dags/example_branch_operator_decorator.py
[2023-01-09T14:35:21.782+0400] {processor.py:743} INFO - Processing file /Users/harut/opt/anaconda3/lib/python3.9/site-packages/airflow/example_dags/example_branch_operator_decorator.py for tasks to queue
[2023-01-09T14:35:21.782+0400] {logging_mixin.py:137} INFO - [2023-01-09T14:35:21.782+0400] {dagbag.py:538} INFO - Filling up the DagBag from /Users/harut/opt/anaconda3/lib/python3.9/site-packages/airflow/example_dags/example_branch_operator_decorator.py
[2023-01-09T14:35:21.813+0400] {processor.py:753} INFO - DAG(s) dict_keys(['example_branch_python_operator_decorator']) retrieved from /Users/harut/opt/anaconda3/lib/python3.9/site-packages/airflow/example_dags/example_branch_operator_decorator.py
[2023-01-09T14:35:22.178+0400] {logging_mixin.py:137} INFO - [2023-01-09T14:35:22.178+0400] {dag.py:2676} INFO - Sync 1 DAGs
[2023-01-09T14:35:22.189+0400] {logging_mixin.py:137} INFO - [2023-01-09T14:35:22.188+0400] {dag.py:3423} INFO - Setting next_dagrun for example_branch_python_operator_decorator to 2023-01-08T00:00:00+00:00, run_after=2023-01-09T00:00:00+00:00
[2023-01-09T14:35:22.198+0400] {processor.py:175} INFO - Processing /Users/harut/opt/anaconda3/lib/python3.9/site-packages/airflow/example_dags/example_branch_operator_decorator.py took 0.417 seconds
[2023-01-09T14:36:39.703+0400] {processor.py:153} INFO - Started process (PID=13114) to work on /Users/harut/opt/anaconda3/lib/python3.9/site-packages/airflow/example_dags/example_branch_operator_decorator.py
[2023-01-09T14:36:39.703+0400] {processor.py:743} INFO - Processing file /Users/harut/opt/anaconda3/lib/python3.9/site-packages/airflow/example_dags/example_branch_operator_decorator.py for tasks to queue
[2023-01-09T14:36:39.704+0400] {logging_mixin.py:137} INFO - [2023-01-09T14:36:39.704+0400] {dagbag.py:538} INFO - Filling up the DagBag from /Users/harut/opt/anaconda3/lib/python3.9/site-packages/airflow/example_dags/example_branch_operator_decorator.py
[2023-01-09T14:36:39.734+0400] {processor.py:753} INFO - DAG(s) dict_keys(['example_branch_python_operator_decorator']) retrieved from /Users/harut/opt/anaconda3/lib/python3.9/site-packages/airflow/example_dags/example_branch_operator_decorator.py
[2023-01-09T14:36:40.111+0400] {logging_mixin.py:137} INFO - [2023-01-09T14:36:40.110+0400] {dag.py:2676} INFO - Sync 1 DAGs
[2023-01-09T14:36:40.122+0400] {logging_mixin.py:137} INFO - [2023-01-09T14:36:40.122+0400] {dag.py:3423} INFO - Setting next_dagrun for example_branch_python_operator_decorator to 2023-01-08T00:00:00+00:00, run_after=2023-01-09T00:00:00+00:00
[2023-01-09T14:36:40.134+0400] {processor.py:175} INFO - Processing /Users/harut/opt/anaconda3/lib/python3.9/site-packages/airflow/example_dags/example_branch_operator_decorator.py took 0.431 seconds
[2023-01-09T14:37:56.719+0400] {processor.py:153} INFO - Started process (PID=13158) to work on /Users/harut/opt/anaconda3/lib/python3.9/site-packages/airflow/example_dags/example_branch_operator_decorator.py
[2023-01-09T14:37:56.719+0400] {processor.py:743} INFO - Processing file /Users/harut/opt/anaconda3/lib/python3.9/site-packages/airflow/example_dags/example_branch_operator_decorator.py for tasks to queue
[2023-01-09T14:37:56.720+0400] {logging_mixin.py:137} INFO - [2023-01-09T14:37:56.720+0400] {dagbag.py:538} INFO - Filling up the DagBag from /Users/harut/opt/anaconda3/lib/python3.9/site-packages/airflow/example_dags/example_branch_operator_decorator.py
[2023-01-09T14:37:56.752+0400] {processor.py:753} INFO - DAG(s) dict_keys(['example_branch_python_operator_decorator']) retrieved from /Users/harut/opt/anaconda3/lib/python3.9/site-packages/airflow/example_dags/example_branch_operator_decorator.py
[2023-01-09T14:37:57.139+0400] {logging_mixin.py:137} INFO - [2023-01-09T14:37:57.138+0400] {dag.py:2676} INFO - Sync 1 DAGs
[2023-01-09T14:37:57.149+0400] {logging_mixin.py:137} INFO - [2023-01-09T14:37:57.149+0400] {dag.py:3423} INFO - Setting next_dagrun for example_branch_python_operator_decorator to 2023-01-08T00:00:00+00:00, run_after=2023-01-09T00:00:00+00:00
[2023-01-09T14:37:57.159+0400] {processor.py:175} INFO - Processing /Users/harut/opt/anaconda3/lib/python3.9/site-packages/airflow/example_dags/example_branch_operator_decorator.py took 0.440 seconds
[2023-01-09T14:39:13.341+0400] {processor.py:153} INFO - Started process (PID=13201) to work on /Users/harut/opt/anaconda3/lib/python3.9/site-packages/airflow/example_dags/example_branch_operator_decorator.py
[2023-01-09T14:39:13.342+0400] {processor.py:743} INFO - Processing file /Users/harut/opt/anaconda3/lib/python3.9/site-packages/airflow/example_dags/example_branch_operator_decorator.py for tasks to queue
[2023-01-09T14:39:13.342+0400] {logging_mixin.py:137} INFO - [2023-01-09T14:39:13.342+0400] {dagbag.py:538} INFO - Filling up the DagBag from /Users/harut/opt/anaconda3/lib/python3.9/site-packages/airflow/example_dags/example_branch_operator_decorator.py
[2023-01-09T14:39:13.373+0400] {processor.py:753} INFO - DAG(s) dict_keys(['example_branch_python_operator_decorator']) retrieved from /Users/harut/opt/anaconda3/lib/python3.9/site-packages/airflow/example_dags/example_branch_operator_decorator.py
[2023-01-09T14:39:13.755+0400] {logging_mixin.py:137} INFO - [2023-01-09T14:39:13.755+0400] {dag.py:2676} INFO - Sync 1 DAGs
[2023-01-09T14:39:13.766+0400] {logging_mixin.py:137} INFO - [2023-01-09T14:39:13.766+0400] {dag.py:3423} INFO - Setting next_dagrun for example_branch_python_operator_decorator to 2023-01-08T00:00:00+00:00, run_after=2023-01-09T00:00:00+00:00
[2023-01-09T14:39:13.777+0400] {processor.py:175} INFO - Processing /Users/harut/opt/anaconda3/lib/python3.9/site-packages/airflow/example_dags/example_branch_operator_decorator.py took 0.436 seconds
[2023-01-09T14:40:30.598+0400] {processor.py:153} INFO - Started process (PID=13246) to work on /Users/harut/opt/anaconda3/lib/python3.9/site-packages/airflow/example_dags/example_branch_operator_decorator.py
[2023-01-09T14:40:30.599+0400] {processor.py:743} INFO - Processing file /Users/harut/opt/anaconda3/lib/python3.9/site-packages/airflow/example_dags/example_branch_operator_decorator.py for tasks to queue
[2023-01-09T14:40:30.599+0400] {logging_mixin.py:137} INFO - [2023-01-09T14:40:30.599+0400] {dagbag.py:538} INFO - Filling up the DagBag from /Users/harut/opt/anaconda3/lib/python3.9/site-packages/airflow/example_dags/example_branch_operator_decorator.py
[2023-01-09T14:40:30.631+0400] {processor.py:753} INFO - DAG(s) dict_keys(['example_branch_python_operator_decorator']) retrieved from /Users/harut/opt/anaconda3/lib/python3.9/site-packages/airflow/example_dags/example_branch_operator_decorator.py
[2023-01-09T14:40:31.031+0400] {logging_mixin.py:137} INFO - [2023-01-09T14:40:31.030+0400] {dag.py:2676} INFO - Sync 1 DAGs
[2023-01-09T14:40:31.043+0400] {logging_mixin.py:137} INFO - [2023-01-09T14:40:31.043+0400] {dag.py:3423} INFO - Setting next_dagrun for example_branch_python_operator_decorator to 2023-01-08T00:00:00+00:00, run_after=2023-01-09T00:00:00+00:00
[2023-01-09T14:40:31.088+0400] {processor.py:175} INFO - Processing /Users/harut/opt/anaconda3/lib/python3.9/site-packages/airflow/example_dags/example_branch_operator_decorator.py took 0.490 seconds
[2023-01-09T14:41:45.948+0400] {processor.py:153} INFO - Started process (PID=13292) to work on /Users/harut/opt/anaconda3/lib/python3.9/site-packages/airflow/example_dags/example_branch_operator_decorator.py
[2023-01-09T14:41:45.948+0400] {processor.py:743} INFO - Processing file /Users/harut/opt/anaconda3/lib/python3.9/site-packages/airflow/example_dags/example_branch_operator_decorator.py for tasks to queue
[2023-01-09T14:41:45.948+0400] {logging_mixin.py:137} INFO - [2023-01-09T14:41:45.948+0400] {dagbag.py:538} INFO - Filling up the DagBag from /Users/harut/opt/anaconda3/lib/python3.9/site-packages/airflow/example_dags/example_branch_operator_decorator.py
[2023-01-09T14:41:45.980+0400] {processor.py:753} INFO - DAG(s) dict_keys(['example_branch_python_operator_decorator']) retrieved from /Users/harut/opt/anaconda3/lib/python3.9/site-packages/airflow/example_dags/example_branch_operator_decorator.py
[2023-01-09T14:41:46.351+0400] {logging_mixin.py:137} INFO - [2023-01-09T14:41:46.350+0400] {dag.py:2676} INFO - Sync 1 DAGs
[2023-01-09T14:41:46.362+0400] {logging_mixin.py:137} INFO - [2023-01-09T14:41:46.362+0400] {dag.py:3423} INFO - Setting next_dagrun for example_branch_python_operator_decorator to 2023-01-08T00:00:00+00:00, run_after=2023-01-09T00:00:00+00:00
[2023-01-09T14:41:46.372+0400] {processor.py:175} INFO - Processing /Users/harut/opt/anaconda3/lib/python3.9/site-packages/airflow/example_dags/example_branch_operator_decorator.py took 0.425 seconds
[2023-01-09T14:43:01.687+0400] {processor.py:153} INFO - Started process (PID=13336) to work on /Users/harut/opt/anaconda3/lib/python3.9/site-packages/airflow/example_dags/example_branch_operator_decorator.py
[2023-01-09T14:43:01.687+0400] {processor.py:743} INFO - Processing file /Users/harut/opt/anaconda3/lib/python3.9/site-packages/airflow/example_dags/example_branch_operator_decorator.py for tasks to queue
[2023-01-09T14:43:01.688+0400] {logging_mixin.py:137} INFO - [2023-01-09T14:43:01.688+0400] {dagbag.py:538} INFO - Filling up the DagBag from /Users/harut/opt/anaconda3/lib/python3.9/site-packages/airflow/example_dags/example_branch_operator_decorator.py
[2023-01-09T14:43:01.721+0400] {processor.py:753} INFO - DAG(s) dict_keys(['example_branch_python_operator_decorator']) retrieved from /Users/harut/opt/anaconda3/lib/python3.9/site-packages/airflow/example_dags/example_branch_operator_decorator.py
[2023-01-09T14:43:02.155+0400] {logging_mixin.py:137} INFO - [2023-01-09T14:43:02.155+0400] {dag.py:2676} INFO - Sync 1 DAGs
[2023-01-09T14:43:02.167+0400] {logging_mixin.py:137} INFO - [2023-01-09T14:43:02.167+0400] {dag.py:3423} INFO - Setting next_dagrun for example_branch_python_operator_decorator to 2023-01-08T00:00:00+00:00, run_after=2023-01-09T00:00:00+00:00
[2023-01-09T14:43:02.178+0400] {processor.py:175} INFO - Processing /Users/harut/opt/anaconda3/lib/python3.9/site-packages/airflow/example_dags/example_branch_operator_decorator.py took 0.492 seconds
[2023-01-09T14:44:20.763+0400] {processor.py:153} INFO - Started process (PID=13381) to work on /Users/harut/opt/anaconda3/lib/python3.9/site-packages/airflow/example_dags/example_branch_operator_decorator.py
[2023-01-09T14:44:20.763+0400] {processor.py:743} INFO - Processing file /Users/harut/opt/anaconda3/lib/python3.9/site-packages/airflow/example_dags/example_branch_operator_decorator.py for tasks to queue
[2023-01-09T14:44:20.763+0400] {logging_mixin.py:137} INFO - [2023-01-09T14:44:20.763+0400] {dagbag.py:538} INFO - Filling up the DagBag from /Users/harut/opt/anaconda3/lib/python3.9/site-packages/airflow/example_dags/example_branch_operator_decorator.py
[2023-01-09T14:44:20.795+0400] {processor.py:753} INFO - DAG(s) dict_keys(['example_branch_python_operator_decorator']) retrieved from /Users/harut/opt/anaconda3/lib/python3.9/site-packages/airflow/example_dags/example_branch_operator_decorator.py
[2023-01-09T14:44:21.183+0400] {logging_mixin.py:137} INFO - [2023-01-09T14:44:21.182+0400] {dag.py:2676} INFO - Sync 1 DAGs
[2023-01-09T14:44:21.193+0400] {logging_mixin.py:137} INFO - [2023-01-09T14:44:21.193+0400] {dag.py:3423} INFO - Setting next_dagrun for example_branch_python_operator_decorator to 2023-01-08T00:00:00+00:00, run_after=2023-01-09T00:00:00+00:00
[2023-01-09T14:44:21.202+0400] {processor.py:175} INFO - Processing /Users/harut/opt/anaconda3/lib/python3.9/site-packages/airflow/example_dags/example_branch_operator_decorator.py took 0.440 seconds
[2023-01-09T14:45:38.356+0400] {processor.py:153} INFO - Started process (PID=13425) to work on /Users/harut/opt/anaconda3/lib/python3.9/site-packages/airflow/example_dags/example_branch_operator_decorator.py
[2023-01-09T14:45:38.356+0400] {processor.py:743} INFO - Processing file /Users/harut/opt/anaconda3/lib/python3.9/site-packages/airflow/example_dags/example_branch_operator_decorator.py for tasks to queue
[2023-01-09T14:45:38.356+0400] {logging_mixin.py:137} INFO - [2023-01-09T14:45:38.356+0400] {dagbag.py:538} INFO - Filling up the DagBag from /Users/harut/opt/anaconda3/lib/python3.9/site-packages/airflow/example_dags/example_branch_operator_decorator.py
[2023-01-09T14:45:38.389+0400] {processor.py:753} INFO - DAG(s) dict_keys(['example_branch_python_operator_decorator']) retrieved from /Users/harut/opt/anaconda3/lib/python3.9/site-packages/airflow/example_dags/example_branch_operator_decorator.py
[2023-01-09T14:45:38.750+0400] {logging_mixin.py:137} INFO - [2023-01-09T14:45:38.750+0400] {dag.py:2676} INFO - Sync 1 DAGs
[2023-01-09T14:45:38.760+0400] {logging_mixin.py:137} INFO - [2023-01-09T14:45:38.760+0400] {dag.py:3423} INFO - Setting next_dagrun for example_branch_python_operator_decorator to 2023-01-08T00:00:00+00:00, run_after=2023-01-09T00:00:00+00:00
[2023-01-09T14:45:38.770+0400] {processor.py:175} INFO - Processing /Users/harut/opt/anaconda3/lib/python3.9/site-packages/airflow/example_dags/example_branch_operator_decorator.py took 0.414 seconds
[2023-01-09T14:46:58.340+0400] {processor.py:153} INFO - Started process (PID=13475) to work on /Users/harut/opt/anaconda3/lib/python3.9/site-packages/airflow/example_dags/example_branch_operator_decorator.py
[2023-01-09T14:46:58.341+0400] {processor.py:743} INFO - Processing file /Users/harut/opt/anaconda3/lib/python3.9/site-packages/airflow/example_dags/example_branch_operator_decorator.py for tasks to queue
[2023-01-09T14:46:58.342+0400] {logging_mixin.py:137} INFO - [2023-01-09T14:46:58.341+0400] {dagbag.py:538} INFO - Filling up the DagBag from /Users/harut/opt/anaconda3/lib/python3.9/site-packages/airflow/example_dags/example_branch_operator_decorator.py
[2023-01-09T14:46:58.377+0400] {processor.py:753} INFO - DAG(s) dict_keys(['example_branch_python_operator_decorator']) retrieved from /Users/harut/opt/anaconda3/lib/python3.9/site-packages/airflow/example_dags/example_branch_operator_decorator.py
[2023-01-09T14:46:58.821+0400] {logging_mixin.py:137} INFO - [2023-01-09T14:46:58.821+0400] {dag.py:2676} INFO - Sync 1 DAGs
[2023-01-09T14:46:58.833+0400] {logging_mixin.py:137} INFO - [2023-01-09T14:46:58.833+0400] {dag.py:3423} INFO - Setting next_dagrun for example_branch_python_operator_decorator to 2023-01-08T00:00:00+00:00, run_after=2023-01-09T00:00:00+00:00
[2023-01-09T14:46:58.845+0400] {processor.py:175} INFO - Processing /Users/harut/opt/anaconda3/lib/python3.9/site-packages/airflow/example_dags/example_branch_operator_decorator.py took 0.505 seconds
[2023-01-09T14:48:18.170+0400] {processor.py:153} INFO - Started process (PID=13529) to work on /Users/harut/opt/anaconda3/lib/python3.9/site-packages/airflow/example_dags/example_branch_operator_decorator.py
[2023-01-09T14:48:18.171+0400] {processor.py:743} INFO - Processing file /Users/harut/opt/anaconda3/lib/python3.9/site-packages/airflow/example_dags/example_branch_operator_decorator.py for tasks to queue
[2023-01-09T14:48:18.171+0400] {logging_mixin.py:137} INFO - [2023-01-09T14:48:18.171+0400] {dagbag.py:538} INFO - Filling up the DagBag from /Users/harut/opt/anaconda3/lib/python3.9/site-packages/airflow/example_dags/example_branch_operator_decorator.py
[2023-01-09T14:48:18.202+0400] {processor.py:753} INFO - DAG(s) dict_keys(['example_branch_python_operator_decorator']) retrieved from /Users/harut/opt/anaconda3/lib/python3.9/site-packages/airflow/example_dags/example_branch_operator_decorator.py
[2023-01-09T14:48:18.572+0400] {logging_mixin.py:137} INFO - [2023-01-09T14:48:18.572+0400] {dag.py:2676} INFO - Sync 1 DAGs
[2023-01-09T14:48:18.583+0400] {logging_mixin.py:137} INFO - [2023-01-09T14:48:18.583+0400] {dag.py:3423} INFO - Setting next_dagrun for example_branch_python_operator_decorator to 2023-01-08T00:00:00+00:00, run_after=2023-01-09T00:00:00+00:00
[2023-01-09T14:48:18.592+0400] {processor.py:175} INFO - Processing /Users/harut/opt/anaconda3/lib/python3.9/site-packages/airflow/example_dags/example_branch_operator_decorator.py took 0.422 seconds
[2023-01-09T14:49:40.995+0400] {processor.py:153} INFO - Started process (PID=13580) to work on /Users/harut/opt/anaconda3/lib/python3.9/site-packages/airflow/example_dags/example_branch_operator_decorator.py
[2023-01-09T14:49:40.995+0400] {processor.py:743} INFO - Processing file /Users/harut/opt/anaconda3/lib/python3.9/site-packages/airflow/example_dags/example_branch_operator_decorator.py for tasks to queue
[2023-01-09T14:49:40.996+0400] {logging_mixin.py:137} INFO - [2023-01-09T14:49:40.996+0400] {dagbag.py:538} INFO - Filling up the DagBag from /Users/harut/opt/anaconda3/lib/python3.9/site-packages/airflow/example_dags/example_branch_operator_decorator.py
[2023-01-09T14:49:41.027+0400] {processor.py:753} INFO - DAG(s) dict_keys(['example_branch_python_operator_decorator']) retrieved from /Users/harut/opt/anaconda3/lib/python3.9/site-packages/airflow/example_dags/example_branch_operator_decorator.py
[2023-01-09T14:49:41.410+0400] {logging_mixin.py:137} INFO - [2023-01-09T14:49:41.410+0400] {dag.py:2676} INFO - Sync 1 DAGs
[2023-01-09T14:49:41.422+0400] {logging_mixin.py:137} INFO - [2023-01-09T14:49:41.422+0400] {dag.py:3423} INFO - Setting next_dagrun for example_branch_python_operator_decorator to 2023-01-08T00:00:00+00:00, run_after=2023-01-09T00:00:00+00:00
[2023-01-09T14:49:41.433+0400] {processor.py:175} INFO - Processing /Users/harut/opt/anaconda3/lib/python3.9/site-packages/airflow/example_dags/example_branch_operator_decorator.py took 0.438 seconds
[2023-01-09T14:51:01.134+0400] {processor.py:153} INFO - Started process (PID=13625) to work on /Users/harut/opt/anaconda3/lib/python3.9/site-packages/airflow/example_dags/example_branch_operator_decorator.py
[2023-01-09T14:51:01.135+0400] {processor.py:743} INFO - Processing file /Users/harut/opt/anaconda3/lib/python3.9/site-packages/airflow/example_dags/example_branch_operator_decorator.py for tasks to queue
[2023-01-09T14:51:01.135+0400] {logging_mixin.py:137} INFO - [2023-01-09T14:51:01.135+0400] {dagbag.py:538} INFO - Filling up the DagBag from /Users/harut/opt/anaconda3/lib/python3.9/site-packages/airflow/example_dags/example_branch_operator_decorator.py
[2023-01-09T14:51:01.166+0400] {processor.py:753} INFO - DAG(s) dict_keys(['example_branch_python_operator_decorator']) retrieved from /Users/harut/opt/anaconda3/lib/python3.9/site-packages/airflow/example_dags/example_branch_operator_decorator.py
[2023-01-09T14:51:01.536+0400] {logging_mixin.py:137} INFO - [2023-01-09T14:51:01.536+0400] {dag.py:2676} INFO - Sync 1 DAGs
[2023-01-09T14:51:01.547+0400] {logging_mixin.py:137} INFO - [2023-01-09T14:51:01.547+0400] {dag.py:3423} INFO - Setting next_dagrun for example_branch_python_operator_decorator to 2023-01-08T00:00:00+00:00, run_after=2023-01-09T00:00:00+00:00
[2023-01-09T14:51:01.556+0400] {processor.py:175} INFO - Processing /Users/harut/opt/anaconda3/lib/python3.9/site-packages/airflow/example_dags/example_branch_operator_decorator.py took 0.422 seconds
[2023-01-09T14:52:23.196+0400] {processor.py:153} INFO - Started process (PID=13674) to work on /Users/harut/opt/anaconda3/lib/python3.9/site-packages/airflow/example_dags/example_branch_operator_decorator.py
[2023-01-09T14:52:23.196+0400] {processor.py:743} INFO - Processing file /Users/harut/opt/anaconda3/lib/python3.9/site-packages/airflow/example_dags/example_branch_operator_decorator.py for tasks to queue
[2023-01-09T14:52:23.196+0400] {logging_mixin.py:137} INFO - [2023-01-09T14:52:23.196+0400] {dagbag.py:538} INFO - Filling up the DagBag from /Users/harut/opt/anaconda3/lib/python3.9/site-packages/airflow/example_dags/example_branch_operator_decorator.py
[2023-01-09T14:52:23.227+0400] {processor.py:753} INFO - DAG(s) dict_keys(['example_branch_python_operator_decorator']) retrieved from /Users/harut/opt/anaconda3/lib/python3.9/site-packages/airflow/example_dags/example_branch_operator_decorator.py
[2023-01-09T14:52:23.591+0400] {logging_mixin.py:137} INFO - [2023-01-09T14:52:23.590+0400] {dag.py:2676} INFO - Sync 1 DAGs
[2023-01-09T14:52:23.602+0400] {logging_mixin.py:137} INFO - [2023-01-09T14:52:23.602+0400] {dag.py:3423} INFO - Setting next_dagrun for example_branch_python_operator_decorator to 2023-01-08T00:00:00+00:00, run_after=2023-01-09T00:00:00+00:00
[2023-01-09T14:52:23.611+0400] {processor.py:175} INFO - Processing /Users/harut/opt/anaconda3/lib/python3.9/site-packages/airflow/example_dags/example_branch_operator_decorator.py took 0.416 seconds
[2023-01-09T14:53:41.280+0400] {processor.py:153} INFO - Started process (PID=13719) to work on /Users/harut/opt/anaconda3/lib/python3.9/site-packages/airflow/example_dags/example_branch_operator_decorator.py
[2023-01-09T14:53:41.281+0400] {processor.py:743} INFO - Processing file /Users/harut/opt/anaconda3/lib/python3.9/site-packages/airflow/example_dags/example_branch_operator_decorator.py for tasks to queue
[2023-01-09T14:53:41.281+0400] {logging_mixin.py:137} INFO - [2023-01-09T14:53:41.281+0400] {dagbag.py:538} INFO - Filling up the DagBag from /Users/harut/opt/anaconda3/lib/python3.9/site-packages/airflow/example_dags/example_branch_operator_decorator.py
[2023-01-09T14:53:41.314+0400] {processor.py:753} INFO - DAG(s) dict_keys(['example_branch_python_operator_decorator']) retrieved from /Users/harut/opt/anaconda3/lib/python3.9/site-packages/airflow/example_dags/example_branch_operator_decorator.py
[2023-01-09T14:53:41.714+0400] {logging_mixin.py:137} INFO - [2023-01-09T14:53:41.714+0400] {dag.py:2676} INFO - Sync 1 DAGs
[2023-01-09T14:53:41.724+0400] {logging_mixin.py:137} INFO - [2023-01-09T14:53:41.724+0400] {dag.py:3423} INFO - Setting next_dagrun for example_branch_python_operator_decorator to 2023-01-08T00:00:00+00:00, run_after=2023-01-09T00:00:00+00:00
[2023-01-09T14:53:41.734+0400] {processor.py:175} INFO - Processing /Users/harut/opt/anaconda3/lib/python3.9/site-packages/airflow/example_dags/example_branch_operator_decorator.py took 0.455 seconds
[2023-01-09T14:55:04.344+0400] {processor.py:153} INFO - Started process (PID=13762) to work on /Users/harut/opt/anaconda3/lib/python3.9/site-packages/airflow/example_dags/example_branch_operator_decorator.py
[2023-01-09T14:55:04.345+0400] {processor.py:743} INFO - Processing file /Users/harut/opt/anaconda3/lib/python3.9/site-packages/airflow/example_dags/example_branch_operator_decorator.py for tasks to queue
[2023-01-09T14:55:04.345+0400] {logging_mixin.py:137} INFO - [2023-01-09T14:55:04.345+0400] {dagbag.py:538} INFO - Filling up the DagBag from /Users/harut/opt/anaconda3/lib/python3.9/site-packages/airflow/example_dags/example_branch_operator_decorator.py
[2023-01-09T14:55:04.376+0400] {processor.py:753} INFO - DAG(s) dict_keys(['example_branch_python_operator_decorator']) retrieved from /Users/harut/opt/anaconda3/lib/python3.9/site-packages/airflow/example_dags/example_branch_operator_decorator.py
[2023-01-09T14:55:04.757+0400] {logging_mixin.py:137} INFO - [2023-01-09T14:55:04.757+0400] {dag.py:2676} INFO - Sync 1 DAGs
[2023-01-09T14:55:04.767+0400] {logging_mixin.py:137} INFO - [2023-01-09T14:55:04.767+0400] {dag.py:3423} INFO - Setting next_dagrun for example_branch_python_operator_decorator to 2023-01-08T00:00:00+00:00, run_after=2023-01-09T00:00:00+00:00
[2023-01-09T14:55:04.778+0400] {processor.py:175} INFO - Processing /Users/harut/opt/anaconda3/lib/python3.9/site-packages/airflow/example_dags/example_branch_operator_decorator.py took 0.434 seconds
[2023-01-09T14:56:25.410+0400] {processor.py:153} INFO - Started process (PID=13811) to work on /Users/harut/opt/anaconda3/lib/python3.9/site-packages/airflow/example_dags/example_branch_operator_decorator.py
[2023-01-09T14:56:25.411+0400] {processor.py:743} INFO - Processing file /Users/harut/opt/anaconda3/lib/python3.9/site-packages/airflow/example_dags/example_branch_operator_decorator.py for tasks to queue
[2023-01-09T14:56:25.411+0400] {logging_mixin.py:137} INFO - [2023-01-09T14:56:25.411+0400] {dagbag.py:538} INFO - Filling up the DagBag from /Users/harut/opt/anaconda3/lib/python3.9/site-packages/airflow/example_dags/example_branch_operator_decorator.py
[2023-01-09T14:56:25.446+0400] {processor.py:753} INFO - DAG(s) dict_keys(['example_branch_python_operator_decorator']) retrieved from /Users/harut/opt/anaconda3/lib/python3.9/site-packages/airflow/example_dags/example_branch_operator_decorator.py
[2023-01-09T14:56:25.847+0400] {logging_mixin.py:137} INFO - [2023-01-09T14:56:25.847+0400] {dag.py:2676} INFO - Sync 1 DAGs
[2023-01-09T14:56:25.859+0400] {logging_mixin.py:137} INFO - [2023-01-09T14:56:25.859+0400] {dag.py:3423} INFO - Setting next_dagrun for example_branch_python_operator_decorator to 2023-01-08T00:00:00+00:00, run_after=2023-01-09T00:00:00+00:00
[2023-01-09T14:56:25.870+0400] {processor.py:175} INFO - Processing /Users/harut/opt/anaconda3/lib/python3.9/site-packages/airflow/example_dags/example_branch_operator_decorator.py took 0.460 seconds
[2023-01-09T14:57:48.243+0400] {processor.py:153} INFO - Started process (PID=13853) to work on /Users/harut/opt/anaconda3/lib/python3.9/site-packages/airflow/example_dags/example_branch_operator_decorator.py
[2023-01-09T14:57:48.244+0400] {processor.py:743} INFO - Processing file /Users/harut/opt/anaconda3/lib/python3.9/site-packages/airflow/example_dags/example_branch_operator_decorator.py for tasks to queue
[2023-01-09T14:57:48.244+0400] {logging_mixin.py:137} INFO - [2023-01-09T14:57:48.244+0400] {dagbag.py:538} INFO - Filling up the DagBag from /Users/harut/opt/anaconda3/lib/python3.9/site-packages/airflow/example_dags/example_branch_operator_decorator.py
[2023-01-09T14:57:48.274+0400] {processor.py:753} INFO - DAG(s) dict_keys(['example_branch_python_operator_decorator']) retrieved from /Users/harut/opt/anaconda3/lib/python3.9/site-packages/airflow/example_dags/example_branch_operator_decorator.py
[2023-01-09T14:57:48.641+0400] {logging_mixin.py:137} INFO - [2023-01-09T14:57:48.641+0400] {dag.py:2676} INFO - Sync 1 DAGs
[2023-01-09T14:57:48.651+0400] {logging_mixin.py:137} INFO - [2023-01-09T14:57:48.651+0400] {dag.py:3423} INFO - Setting next_dagrun for example_branch_python_operator_decorator to 2023-01-08T00:00:00+00:00, run_after=2023-01-09T00:00:00+00:00
[2023-01-09T14:57:48.660+0400] {processor.py:175} INFO - Processing /Users/harut/opt/anaconda3/lib/python3.9/site-packages/airflow/example_dags/example_branch_operator_decorator.py took 0.417 seconds
[2023-01-09T14:59:08.388+0400] {processor.py:153} INFO - Started process (PID=13898) to work on /Users/harut/opt/anaconda3/lib/python3.9/site-packages/airflow/example_dags/example_branch_operator_decorator.py
[2023-01-09T14:59:08.389+0400] {processor.py:743} INFO - Processing file /Users/harut/opt/anaconda3/lib/python3.9/site-packages/airflow/example_dags/example_branch_operator_decorator.py for tasks to queue
[2023-01-09T14:59:08.389+0400] {logging_mixin.py:137} INFO - [2023-01-09T14:59:08.389+0400] {dagbag.py:538} INFO - Filling up the DagBag from /Users/harut/opt/anaconda3/lib/python3.9/site-packages/airflow/example_dags/example_branch_operator_decorator.py
[2023-01-09T14:59:08.420+0400] {processor.py:753} INFO - DAG(s) dict_keys(['example_branch_python_operator_decorator']) retrieved from /Users/harut/opt/anaconda3/lib/python3.9/site-packages/airflow/example_dags/example_branch_operator_decorator.py
[2023-01-09T14:59:08.791+0400] {logging_mixin.py:137} INFO - [2023-01-09T14:59:08.791+0400] {dag.py:2676} INFO - Sync 1 DAGs
[2023-01-09T14:59:08.801+0400] {logging_mixin.py:137} INFO - [2023-01-09T14:59:08.801+0400] {dag.py:3423} INFO - Setting next_dagrun for example_branch_python_operator_decorator to 2023-01-08T00:00:00+00:00, run_after=2023-01-09T00:00:00+00:00
[2023-01-09T14:59:08.811+0400] {processor.py:175} INFO - Processing /Users/harut/opt/anaconda3/lib/python3.9/site-packages/airflow/example_dags/example_branch_operator_decorator.py took 0.423 seconds
[2023-01-09T15:00:28.829+0400] {processor.py:153} INFO - Started process (PID=13941) to work on /Users/harut/opt/anaconda3/lib/python3.9/site-packages/airflow/example_dags/example_branch_operator_decorator.py
[2023-01-09T15:00:28.829+0400] {processor.py:743} INFO - Processing file /Users/harut/opt/anaconda3/lib/python3.9/site-packages/airflow/example_dags/example_branch_operator_decorator.py for tasks to queue
[2023-01-09T15:00:28.830+0400] {logging_mixin.py:137} INFO - [2023-01-09T15:00:28.829+0400] {dagbag.py:538} INFO - Filling up the DagBag from /Users/harut/opt/anaconda3/lib/python3.9/site-packages/airflow/example_dags/example_branch_operator_decorator.py
[2023-01-09T15:00:28.860+0400] {processor.py:753} INFO - DAG(s) dict_keys(['example_branch_python_operator_decorator']) retrieved from /Users/harut/opt/anaconda3/lib/python3.9/site-packages/airflow/example_dags/example_branch_operator_decorator.py
[2023-01-09T15:00:29.217+0400] {logging_mixin.py:137} INFO - [2023-01-09T15:00:29.217+0400] {dag.py:2676} INFO - Sync 1 DAGs
[2023-01-09T15:00:29.227+0400] {logging_mixin.py:137} INFO - [2023-01-09T15:00:29.227+0400] {dag.py:3423} INFO - Setting next_dagrun for example_branch_python_operator_decorator to 2023-01-08T00:00:00+00:00, run_after=2023-01-09T00:00:00+00:00
[2023-01-09T15:00:29.236+0400] {processor.py:175} INFO - Processing /Users/harut/opt/anaconda3/lib/python3.9/site-packages/airflow/example_dags/example_branch_operator_decorator.py took 0.408 seconds
[2023-01-09T15:01:50.771+0400] {processor.py:153} INFO - Started process (PID=13988) to work on /Users/harut/opt/anaconda3/lib/python3.9/site-packages/airflow/example_dags/example_branch_operator_decorator.py
[2023-01-09T15:01:50.772+0400] {processor.py:743} INFO - Processing file /Users/harut/opt/anaconda3/lib/python3.9/site-packages/airflow/example_dags/example_branch_operator_decorator.py for tasks to queue
[2023-01-09T15:01:50.772+0400] {logging_mixin.py:137} INFO - [2023-01-09T15:01:50.772+0400] {dagbag.py:538} INFO - Filling up the DagBag from /Users/harut/opt/anaconda3/lib/python3.9/site-packages/airflow/example_dags/example_branch_operator_decorator.py
[2023-01-09T15:01:50.807+0400] {processor.py:753} INFO - DAG(s) dict_keys(['example_branch_python_operator_decorator']) retrieved from /Users/harut/opt/anaconda3/lib/python3.9/site-packages/airflow/example_dags/example_branch_operator_decorator.py
[2023-01-09T15:01:51.224+0400] {logging_mixin.py:137} INFO - [2023-01-09T15:01:51.224+0400] {dag.py:2676} INFO - Sync 1 DAGs
[2023-01-09T15:01:51.235+0400] {logging_mixin.py:137} INFO - [2023-01-09T15:01:51.235+0400] {dag.py:3423} INFO - Setting next_dagrun for example_branch_python_operator_decorator to 2023-01-08T00:00:00+00:00, run_after=2023-01-09T00:00:00+00:00
[2023-01-09T15:01:51.246+0400] {processor.py:175} INFO - Processing /Users/harut/opt/anaconda3/lib/python3.9/site-packages/airflow/example_dags/example_branch_operator_decorator.py took 0.475 seconds
[2023-01-09T15:03:11.071+0400] {processor.py:153} INFO - Started process (PID=14038) to work on /Users/harut/opt/anaconda3/lib/python3.9/site-packages/airflow/example_dags/example_branch_operator_decorator.py
[2023-01-09T15:03:11.071+0400] {processor.py:743} INFO - Processing file /Users/harut/opt/anaconda3/lib/python3.9/site-packages/airflow/example_dags/example_branch_operator_decorator.py for tasks to queue
[2023-01-09T15:03:11.071+0400] {logging_mixin.py:137} INFO - [2023-01-09T15:03:11.071+0400] {dagbag.py:538} INFO - Filling up the DagBag from /Users/harut/opt/anaconda3/lib/python3.9/site-packages/airflow/example_dags/example_branch_operator_decorator.py
[2023-01-09T15:03:11.104+0400] {processor.py:753} INFO - DAG(s) dict_keys(['example_branch_python_operator_decorator']) retrieved from /Users/harut/opt/anaconda3/lib/python3.9/site-packages/airflow/example_dags/example_branch_operator_decorator.py
[2023-01-09T15:03:11.480+0400] {logging_mixin.py:137} INFO - [2023-01-09T15:03:11.480+0400] {dag.py:2676} INFO - Sync 1 DAGs
[2023-01-09T15:03:11.491+0400] {logging_mixin.py:137} INFO - [2023-01-09T15:03:11.491+0400] {dag.py:3423} INFO - Setting next_dagrun for example_branch_python_operator_decorator to 2023-01-08T00:00:00+00:00, run_after=2023-01-09T00:00:00+00:00
[2023-01-09T15:03:11.500+0400] {processor.py:175} INFO - Processing /Users/harut/opt/anaconda3/lib/python3.9/site-packages/airflow/example_dags/example_branch_operator_decorator.py took 0.430 seconds
[2023-01-09T15:04:31.347+0400] {processor.py:153} INFO - Started process (PID=14080) to work on /Users/harut/opt/anaconda3/lib/python3.9/site-packages/airflow/example_dags/example_branch_operator_decorator.py
[2023-01-09T15:04:31.348+0400] {processor.py:743} INFO - Processing file /Users/harut/opt/anaconda3/lib/python3.9/site-packages/airflow/example_dags/example_branch_operator_decorator.py for tasks to queue
[2023-01-09T15:04:31.348+0400] {logging_mixin.py:137} INFO - [2023-01-09T15:04:31.348+0400] {dagbag.py:538} INFO - Filling up the DagBag from /Users/harut/opt/anaconda3/lib/python3.9/site-packages/airflow/example_dags/example_branch_operator_decorator.py
[2023-01-09T15:04:31.379+0400] {processor.py:753} INFO - DAG(s) dict_keys(['example_branch_python_operator_decorator']) retrieved from /Users/harut/opt/anaconda3/lib/python3.9/site-packages/airflow/example_dags/example_branch_operator_decorator.py
[2023-01-09T15:04:31.745+0400] {logging_mixin.py:137} INFO - [2023-01-09T15:04:31.745+0400] {dag.py:2676} INFO - Sync 1 DAGs
[2023-01-09T15:04:31.755+0400] {logging_mixin.py:137} INFO - [2023-01-09T15:04:31.755+0400] {dag.py:3423} INFO - Setting next_dagrun for example_branch_python_operator_decorator to 2023-01-08T00:00:00+00:00, run_after=2023-01-09T00:00:00+00:00
[2023-01-09T15:04:31.764+0400] {processor.py:175} INFO - Processing /Users/harut/opt/anaconda3/lib/python3.9/site-packages/airflow/example_dags/example_branch_operator_decorator.py took 0.418 seconds
[2023-01-09T15:05:52.284+0400] {processor.py:153} INFO - Started process (PID=14127) to work on /Users/harut/opt/anaconda3/lib/python3.9/site-packages/airflow/example_dags/example_branch_operator_decorator.py
[2023-01-09T15:05:52.285+0400] {processor.py:743} INFO - Processing file /Users/harut/opt/anaconda3/lib/python3.9/site-packages/airflow/example_dags/example_branch_operator_decorator.py for tasks to queue
[2023-01-09T15:05:52.285+0400] {logging_mixin.py:137} INFO - [2023-01-09T15:05:52.285+0400] {dagbag.py:538} INFO - Filling up the DagBag from /Users/harut/opt/anaconda3/lib/python3.9/site-packages/airflow/example_dags/example_branch_operator_decorator.py
[2023-01-09T15:05:52.316+0400] {processor.py:753} INFO - DAG(s) dict_keys(['example_branch_python_operator_decorator']) retrieved from /Users/harut/opt/anaconda3/lib/python3.9/site-packages/airflow/example_dags/example_branch_operator_decorator.py
[2023-01-09T15:05:52.689+0400] {logging_mixin.py:137} INFO - [2023-01-09T15:05:52.689+0400] {dag.py:2676} INFO - Sync 1 DAGs
[2023-01-09T15:05:52.701+0400] {logging_mixin.py:137} INFO - [2023-01-09T15:05:52.701+0400] {dag.py:3423} INFO - Setting next_dagrun for example_branch_python_operator_decorator to 2023-01-08T00:00:00+00:00, run_after=2023-01-09T00:00:00+00:00
[2023-01-09T15:05:52.711+0400] {processor.py:175} INFO - Processing /Users/harut/opt/anaconda3/lib/python3.9/site-packages/airflow/example_dags/example_branch_operator_decorator.py took 0.428 seconds
[2023-01-09T15:07:11.958+0400] {processor.py:153} INFO - Started process (PID=14168) to work on /Users/harut/opt/anaconda3/lib/python3.9/site-packages/airflow/example_dags/example_branch_operator_decorator.py
[2023-01-09T15:07:11.959+0400] {processor.py:743} INFO - Processing file /Users/harut/opt/anaconda3/lib/python3.9/site-packages/airflow/example_dags/example_branch_operator_decorator.py for tasks to queue
[2023-01-09T15:07:11.959+0400] {logging_mixin.py:137} INFO - [2023-01-09T15:07:11.959+0400] {dagbag.py:538} INFO - Filling up the DagBag from /Users/harut/opt/anaconda3/lib/python3.9/site-packages/airflow/example_dags/example_branch_operator_decorator.py
[2023-01-09T15:07:11.989+0400] {processor.py:753} INFO - DAG(s) dict_keys(['example_branch_python_operator_decorator']) retrieved from /Users/harut/opt/anaconda3/lib/python3.9/site-packages/airflow/example_dags/example_branch_operator_decorator.py
[2023-01-09T15:07:12.356+0400] {logging_mixin.py:137} INFO - [2023-01-09T15:07:12.356+0400] {dag.py:2676} INFO - Sync 1 DAGs
[2023-01-09T15:07:12.366+0400] {logging_mixin.py:137} INFO - [2023-01-09T15:07:12.366+0400] {dag.py:3423} INFO - Setting next_dagrun for example_branch_python_operator_decorator to 2023-01-08T00:00:00+00:00, run_after=2023-01-09T00:00:00+00:00
[2023-01-09T15:07:12.376+0400] {processor.py:175} INFO - Processing /Users/harut/opt/anaconda3/lib/python3.9/site-packages/airflow/example_dags/example_branch_operator_decorator.py took 0.418 seconds
[2023-01-09T15:08:30.849+0400] {processor.py:153} INFO - Started process (PID=14212) to work on /Users/harut/opt/anaconda3/lib/python3.9/site-packages/airflow/example_dags/example_branch_operator_decorator.py
[2023-01-09T15:08:30.850+0400] {processor.py:743} INFO - Processing file /Users/harut/opt/anaconda3/lib/python3.9/site-packages/airflow/example_dags/example_branch_operator_decorator.py for tasks to queue
[2023-01-09T15:08:30.850+0400] {logging_mixin.py:137} INFO - [2023-01-09T15:08:30.850+0400] {dagbag.py:538} INFO - Filling up the DagBag from /Users/harut/opt/anaconda3/lib/python3.9/site-packages/airflow/example_dags/example_branch_operator_decorator.py
[2023-01-09T15:08:30.880+0400] {processor.py:753} INFO - DAG(s) dict_keys(['example_branch_python_operator_decorator']) retrieved from /Users/harut/opt/anaconda3/lib/python3.9/site-packages/airflow/example_dags/example_branch_operator_decorator.py
[2023-01-09T15:08:31.250+0400] {logging_mixin.py:137} INFO - [2023-01-09T15:08:31.250+0400] {dag.py:2676} INFO - Sync 1 DAGs
[2023-01-09T15:08:31.260+0400] {logging_mixin.py:137} INFO - [2023-01-09T15:08:31.260+0400] {dag.py:3423} INFO - Setting next_dagrun for example_branch_python_operator_decorator to 2023-01-08T00:00:00+00:00, run_after=2023-01-09T00:00:00+00:00
[2023-01-09T15:08:31.269+0400] {processor.py:175} INFO - Processing /Users/harut/opt/anaconda3/lib/python3.9/site-packages/airflow/example_dags/example_branch_operator_decorator.py took 0.421 seconds
[2023-01-09T15:09:51.934+0400] {processor.py:153} INFO - Started process (PID=14258) to work on /Users/harut/opt/anaconda3/lib/python3.9/site-packages/airflow/example_dags/example_branch_operator_decorator.py
[2023-01-09T15:09:51.934+0400] {processor.py:743} INFO - Processing file /Users/harut/opt/anaconda3/lib/python3.9/site-packages/airflow/example_dags/example_branch_operator_decorator.py for tasks to queue
[2023-01-09T15:09:51.934+0400] {logging_mixin.py:137} INFO - [2023-01-09T15:09:51.934+0400] {dagbag.py:538} INFO - Filling up the DagBag from /Users/harut/opt/anaconda3/lib/python3.9/site-packages/airflow/example_dags/example_branch_operator_decorator.py
[2023-01-09T15:09:51.965+0400] {processor.py:753} INFO - DAG(s) dict_keys(['example_branch_python_operator_decorator']) retrieved from /Users/harut/opt/anaconda3/lib/python3.9/site-packages/airflow/example_dags/example_branch_operator_decorator.py
[2023-01-09T15:09:52.327+0400] {logging_mixin.py:137} INFO - [2023-01-09T15:09:52.326+0400] {dag.py:2676} INFO - Sync 1 DAGs
[2023-01-09T15:09:52.337+0400] {logging_mixin.py:137} INFO - [2023-01-09T15:09:52.337+0400] {dag.py:3423} INFO - Setting next_dagrun for example_branch_python_operator_decorator to 2023-01-08T00:00:00+00:00, run_after=2023-01-09T00:00:00+00:00
[2023-01-09T15:09:52.346+0400] {processor.py:175} INFO - Processing /Users/harut/opt/anaconda3/lib/python3.9/site-packages/airflow/example_dags/example_branch_operator_decorator.py took 0.413 seconds
[2023-01-09T15:11:11.565+0400] {processor.py:153} INFO - Started process (PID=14303) to work on /Users/harut/opt/anaconda3/lib/python3.9/site-packages/airflow/example_dags/example_branch_operator_decorator.py
[2023-01-09T15:11:11.566+0400] {processor.py:743} INFO - Processing file /Users/harut/opt/anaconda3/lib/python3.9/site-packages/airflow/example_dags/example_branch_operator_decorator.py for tasks to queue
[2023-01-09T15:11:11.566+0400] {logging_mixin.py:137} INFO - [2023-01-09T15:11:11.566+0400] {dagbag.py:538} INFO - Filling up the DagBag from /Users/harut/opt/anaconda3/lib/python3.9/site-packages/airflow/example_dags/example_branch_operator_decorator.py
[2023-01-09T15:11:11.597+0400] {processor.py:753} INFO - DAG(s) dict_keys(['example_branch_python_operator_decorator']) retrieved from /Users/harut/opt/anaconda3/lib/python3.9/site-packages/airflow/example_dags/example_branch_operator_decorator.py
[2023-01-09T15:11:11.969+0400] {logging_mixin.py:137} INFO - [2023-01-09T15:11:11.969+0400] {dag.py:2676} INFO - Sync 1 DAGs
[2023-01-09T15:11:11.980+0400] {logging_mixin.py:137} INFO - [2023-01-09T15:11:11.980+0400] {dag.py:3423} INFO - Setting next_dagrun for example_branch_python_operator_decorator to 2023-01-08T00:00:00+00:00, run_after=2023-01-09T00:00:00+00:00
[2023-01-09T15:11:11.995+0400] {processor.py:175} INFO - Processing /Users/harut/opt/anaconda3/lib/python3.9/site-packages/airflow/example_dags/example_branch_operator_decorator.py took 0.430 seconds
[2023-01-09T15:12:34.647+0400] {processor.py:153} INFO - Started process (PID=14357) to work on /Users/harut/opt/anaconda3/lib/python3.9/site-packages/airflow/example_dags/example_branch_operator_decorator.py
[2023-01-09T15:12:34.648+0400] {processor.py:743} INFO - Processing file /Users/harut/opt/anaconda3/lib/python3.9/site-packages/airflow/example_dags/example_branch_operator_decorator.py for tasks to queue
[2023-01-09T15:12:34.648+0400] {logging_mixin.py:137} INFO - [2023-01-09T15:12:34.648+0400] {dagbag.py:538} INFO - Filling up the DagBag from /Users/harut/opt/anaconda3/lib/python3.9/site-packages/airflow/example_dags/example_branch_operator_decorator.py
[2023-01-09T15:12:34.681+0400] {processor.py:753} INFO - DAG(s) dict_keys(['example_branch_python_operator_decorator']) retrieved from /Users/harut/opt/anaconda3/lib/python3.9/site-packages/airflow/example_dags/example_branch_operator_decorator.py
[2023-01-09T15:12:35.082+0400] {logging_mixin.py:137} INFO - [2023-01-09T15:12:35.082+0400] {dag.py:2676} INFO - Sync 1 DAGs
[2023-01-09T15:12:35.093+0400] {logging_mixin.py:137} INFO - [2023-01-09T15:12:35.093+0400] {dag.py:3423} INFO - Setting next_dagrun for example_branch_python_operator_decorator to 2023-01-08T00:00:00+00:00, run_after=2023-01-09T00:00:00+00:00
[2023-01-09T15:12:35.104+0400] {processor.py:175} INFO - Processing /Users/harut/opt/anaconda3/lib/python3.9/site-packages/airflow/example_dags/example_branch_operator_decorator.py took 0.457 seconds
[2023-01-09T15:13:57.899+0400] {processor.py:153} INFO - Started process (PID=14410) to work on /Users/harut/opt/anaconda3/lib/python3.9/site-packages/airflow/example_dags/example_branch_operator_decorator.py
[2023-01-09T15:13:57.899+0400] {processor.py:743} INFO - Processing file /Users/harut/opt/anaconda3/lib/python3.9/site-packages/airflow/example_dags/example_branch_operator_decorator.py for tasks to queue
[2023-01-09T15:13:57.900+0400] {logging_mixin.py:137} INFO - [2023-01-09T15:13:57.900+0400] {dagbag.py:538} INFO - Filling up the DagBag from /Users/harut/opt/anaconda3/lib/python3.9/site-packages/airflow/example_dags/example_branch_operator_decorator.py
[2023-01-09T15:13:57.931+0400] {processor.py:753} INFO - DAG(s) dict_keys(['example_branch_python_operator_decorator']) retrieved from /Users/harut/opt/anaconda3/lib/python3.9/site-packages/airflow/example_dags/example_branch_operator_decorator.py
[2023-01-09T15:13:58.310+0400] {logging_mixin.py:137} INFO - [2023-01-09T15:13:58.310+0400] {dag.py:2676} INFO - Sync 1 DAGs
[2023-01-09T15:13:58.320+0400] {logging_mixin.py:137} INFO - [2023-01-09T15:13:58.320+0400] {dag.py:3423} INFO - Setting next_dagrun for example_branch_python_operator_decorator to 2023-01-08T00:00:00+00:00, run_after=2023-01-09T00:00:00+00:00
[2023-01-09T15:13:58.330+0400] {processor.py:175} INFO - Processing /Users/harut/opt/anaconda3/lib/python3.9/site-packages/airflow/example_dags/example_branch_operator_decorator.py took 0.432 seconds
[2023-01-09T15:15:21.760+0400] {processor.py:153} INFO - Started process (PID=14477) to work on /Users/harut/opt/anaconda3/lib/python3.9/site-packages/airflow/example_dags/example_branch_operator_decorator.py
[2023-01-09T15:15:21.761+0400] {processor.py:743} INFO - Processing file /Users/harut/opt/anaconda3/lib/python3.9/site-packages/airflow/example_dags/example_branch_operator_decorator.py for tasks to queue
[2023-01-09T15:15:21.761+0400] {logging_mixin.py:137} INFO - [2023-01-09T15:15:21.761+0400] {dagbag.py:538} INFO - Filling up the DagBag from /Users/harut/opt/anaconda3/lib/python3.9/site-packages/airflow/example_dags/example_branch_operator_decorator.py
[2023-01-09T15:15:21.792+0400] {processor.py:753} INFO - DAG(s) dict_keys(['example_branch_python_operator_decorator']) retrieved from /Users/harut/opt/anaconda3/lib/python3.9/site-packages/airflow/example_dags/example_branch_operator_decorator.py
[2023-01-09T15:15:22.172+0400] {logging_mixin.py:137} INFO - [2023-01-09T15:15:22.172+0400] {dag.py:2676} INFO - Sync 1 DAGs
[2023-01-09T15:15:22.183+0400] {logging_mixin.py:137} INFO - [2023-01-09T15:15:22.183+0400] {dag.py:3423} INFO - Setting next_dagrun for example_branch_python_operator_decorator to 2023-01-08T00:00:00+00:00, run_after=2023-01-09T00:00:00+00:00
[2023-01-09T15:15:22.193+0400] {processor.py:175} INFO - Processing /Users/harut/opt/anaconda3/lib/python3.9/site-packages/airflow/example_dags/example_branch_operator_decorator.py took 0.433 seconds
[2023-01-09T15:16:44.933+0400] {processor.py:153} INFO - Started process (PID=14519) to work on /Users/harut/opt/anaconda3/lib/python3.9/site-packages/airflow/example_dags/example_branch_operator_decorator.py
[2023-01-09T15:16:44.933+0400] {processor.py:743} INFO - Processing file /Users/harut/opt/anaconda3/lib/python3.9/site-packages/airflow/example_dags/example_branch_operator_decorator.py for tasks to queue
[2023-01-09T15:16:44.934+0400] {logging_mixin.py:137} INFO - [2023-01-09T15:16:44.934+0400] {dagbag.py:538} INFO - Filling up the DagBag from /Users/harut/opt/anaconda3/lib/python3.9/site-packages/airflow/example_dags/example_branch_operator_decorator.py
[2023-01-09T15:16:44.968+0400] {processor.py:753} INFO - DAG(s) dict_keys(['example_branch_python_operator_decorator']) retrieved from /Users/harut/opt/anaconda3/lib/python3.9/site-packages/airflow/example_dags/example_branch_operator_decorator.py
[2023-01-09T15:16:45.387+0400] {logging_mixin.py:137} INFO - [2023-01-09T15:16:45.387+0400] {dag.py:2676} INFO - Sync 1 DAGs
[2023-01-09T15:16:45.400+0400] {logging_mixin.py:137} INFO - [2023-01-09T15:16:45.400+0400] {dag.py:3423} INFO - Setting next_dagrun for example_branch_python_operator_decorator to 2023-01-08T00:00:00+00:00, run_after=2023-01-09T00:00:00+00:00
[2023-01-09T15:16:45.411+0400] {processor.py:175} INFO - Processing /Users/harut/opt/anaconda3/lib/python3.9/site-packages/airflow/example_dags/example_branch_operator_decorator.py took 0.479 seconds
[2023-01-09T15:18:07.099+0400] {processor.py:153} INFO - Started process (PID=14567) to work on /Users/harut/opt/anaconda3/lib/python3.9/site-packages/airflow/example_dags/example_branch_operator_decorator.py
[2023-01-09T15:18:07.100+0400] {processor.py:743} INFO - Processing file /Users/harut/opt/anaconda3/lib/python3.9/site-packages/airflow/example_dags/example_branch_operator_decorator.py for tasks to queue
[2023-01-09T15:18:07.100+0400] {logging_mixin.py:137} INFO - [2023-01-09T15:18:07.100+0400] {dagbag.py:538} INFO - Filling up the DagBag from /Users/harut/opt/anaconda3/lib/python3.9/site-packages/airflow/example_dags/example_branch_operator_decorator.py
[2023-01-09T15:18:07.134+0400] {processor.py:753} INFO - DAG(s) dict_keys(['example_branch_python_operator_decorator']) retrieved from /Users/harut/opt/anaconda3/lib/python3.9/site-packages/airflow/example_dags/example_branch_operator_decorator.py
[2023-01-09T15:18:07.552+0400] {logging_mixin.py:137} INFO - [2023-01-09T15:18:07.552+0400] {dag.py:2676} INFO - Sync 1 DAGs
[2023-01-09T15:18:07.563+0400] {logging_mixin.py:137} INFO - [2023-01-09T15:18:07.563+0400] {dag.py:3423} INFO - Setting next_dagrun for example_branch_python_operator_decorator to 2023-01-08T00:00:00+00:00, run_after=2023-01-09T00:00:00+00:00
[2023-01-09T15:18:07.575+0400] {processor.py:175} INFO - Processing /Users/harut/opt/anaconda3/lib/python3.9/site-packages/airflow/example_dags/example_branch_operator_decorator.py took 0.476 seconds
[2023-01-09T15:19:30.676+0400] {processor.py:153} INFO - Started process (PID=14617) to work on /Users/harut/opt/anaconda3/lib/python3.9/site-packages/airflow/example_dags/example_branch_operator_decorator.py
[2023-01-09T15:19:30.676+0400] {processor.py:743} INFO - Processing file /Users/harut/opt/anaconda3/lib/python3.9/site-packages/airflow/example_dags/example_branch_operator_decorator.py for tasks to queue
[2023-01-09T15:19:30.677+0400] {logging_mixin.py:137} INFO - [2023-01-09T15:19:30.677+0400] {dagbag.py:538} INFO - Filling up the DagBag from /Users/harut/opt/anaconda3/lib/python3.9/site-packages/airflow/example_dags/example_branch_operator_decorator.py
[2023-01-09T15:19:30.710+0400] {processor.py:753} INFO - DAG(s) dict_keys(['example_branch_python_operator_decorator']) retrieved from /Users/harut/opt/anaconda3/lib/python3.9/site-packages/airflow/example_dags/example_branch_operator_decorator.py
[2023-01-09T15:19:31.109+0400] {logging_mixin.py:137} INFO - [2023-01-09T15:19:31.109+0400] {dag.py:2676} INFO - Sync 1 DAGs
[2023-01-09T15:19:31.119+0400] {logging_mixin.py:137} INFO - [2023-01-09T15:19:31.119+0400] {dag.py:3423} INFO - Setting next_dagrun for example_branch_python_operator_decorator to 2023-01-08T00:00:00+00:00, run_after=2023-01-09T00:00:00+00:00
[2023-01-09T15:19:31.129+0400] {processor.py:175} INFO - Processing /Users/harut/opt/anaconda3/lib/python3.9/site-packages/airflow/example_dags/example_branch_operator_decorator.py took 0.453 seconds
[2023-01-09T15:20:54.613+0400] {processor.py:153} INFO - Started process (PID=14662) to work on /Users/harut/opt/anaconda3/lib/python3.9/site-packages/airflow/example_dags/example_branch_operator_decorator.py
[2023-01-09T15:20:54.614+0400] {processor.py:743} INFO - Processing file /Users/harut/opt/anaconda3/lib/python3.9/site-packages/airflow/example_dags/example_branch_operator_decorator.py for tasks to queue
[2023-01-09T15:20:54.614+0400] {logging_mixin.py:137} INFO - [2023-01-09T15:20:54.614+0400] {dagbag.py:538} INFO - Filling up the DagBag from /Users/harut/opt/anaconda3/lib/python3.9/site-packages/airflow/example_dags/example_branch_operator_decorator.py
[2023-01-09T15:20:54.645+0400] {processor.py:753} INFO - DAG(s) dict_keys(['example_branch_python_operator_decorator']) retrieved from /Users/harut/opt/anaconda3/lib/python3.9/site-packages/airflow/example_dags/example_branch_operator_decorator.py
[2023-01-09T15:20:55.030+0400] {logging_mixin.py:137} INFO - [2023-01-09T15:20:55.029+0400] {dag.py:2676} INFO - Sync 1 DAGs
[2023-01-09T15:20:55.040+0400] {logging_mixin.py:137} INFO - [2023-01-09T15:20:55.040+0400] {dag.py:3423} INFO - Setting next_dagrun for example_branch_python_operator_decorator to 2023-01-08T00:00:00+00:00, run_after=2023-01-09T00:00:00+00:00
[2023-01-09T15:20:55.050+0400] {processor.py:175} INFO - Processing /Users/harut/opt/anaconda3/lib/python3.9/site-packages/airflow/example_dags/example_branch_operator_decorator.py took 0.437 seconds
[2023-01-09T15:22:19.078+0400] {processor.py:153} INFO - Started process (PID=14722) to work on /Users/harut/opt/anaconda3/lib/python3.9/site-packages/airflow/example_dags/example_branch_operator_decorator.py
[2023-01-09T15:22:19.079+0400] {processor.py:743} INFO - Processing file /Users/harut/opt/anaconda3/lib/python3.9/site-packages/airflow/example_dags/example_branch_operator_decorator.py for tasks to queue
[2023-01-09T15:22:19.079+0400] {logging_mixin.py:137} INFO - [2023-01-09T15:22:19.079+0400] {dagbag.py:538} INFO - Filling up the DagBag from /Users/harut/opt/anaconda3/lib/python3.9/site-packages/airflow/example_dags/example_branch_operator_decorator.py
[2023-01-09T15:22:19.112+0400] {processor.py:753} INFO - DAG(s) dict_keys(['example_branch_python_operator_decorator']) retrieved from /Users/harut/opt/anaconda3/lib/python3.9/site-packages/airflow/example_dags/example_branch_operator_decorator.py
[2023-01-09T15:22:19.506+0400] {logging_mixin.py:137} INFO - [2023-01-09T15:22:19.506+0400] {dag.py:2676} INFO - Sync 1 DAGs
[2023-01-09T15:22:19.517+0400] {logging_mixin.py:137} INFO - [2023-01-09T15:22:19.517+0400] {dag.py:3423} INFO - Setting next_dagrun for example_branch_python_operator_decorator to 2023-01-08T00:00:00+00:00, run_after=2023-01-09T00:00:00+00:00
[2023-01-09T15:22:19.528+0400] {processor.py:175} INFO - Processing /Users/harut/opt/anaconda3/lib/python3.9/site-packages/airflow/example_dags/example_branch_operator_decorator.py took 0.450 seconds
[2023-01-09T15:23:41.454+0400] {processor.py:153} INFO - Started process (PID=14765) to work on /Users/harut/opt/anaconda3/lib/python3.9/site-packages/airflow/example_dags/example_branch_operator_decorator.py
[2023-01-09T15:23:41.455+0400] {processor.py:743} INFO - Processing file /Users/harut/opt/anaconda3/lib/python3.9/site-packages/airflow/example_dags/example_branch_operator_decorator.py for tasks to queue
[2023-01-09T15:23:41.455+0400] {logging_mixin.py:137} INFO - [2023-01-09T15:23:41.455+0400] {dagbag.py:538} INFO - Filling up the DagBag from /Users/harut/opt/anaconda3/lib/python3.9/site-packages/airflow/example_dags/example_branch_operator_decorator.py
[2023-01-09T15:23:41.488+0400] {processor.py:753} INFO - DAG(s) dict_keys(['example_branch_python_operator_decorator']) retrieved from /Users/harut/opt/anaconda3/lib/python3.9/site-packages/airflow/example_dags/example_branch_operator_decorator.py
[2023-01-09T15:23:41.918+0400] {logging_mixin.py:137} INFO - [2023-01-09T15:23:41.917+0400] {dag.py:2676} INFO - Sync 1 DAGs
[2023-01-09T15:23:41.930+0400] {logging_mixin.py:137} INFO - [2023-01-09T15:23:41.930+0400] {dag.py:3423} INFO - Setting next_dagrun for example_branch_python_operator_decorator to 2023-01-08T00:00:00+00:00, run_after=2023-01-09T00:00:00+00:00
[2023-01-09T15:23:41.941+0400] {processor.py:175} INFO - Processing /Users/harut/opt/anaconda3/lib/python3.9/site-packages/airflow/example_dags/example_branch_operator_decorator.py took 0.487 seconds
[2023-01-09T15:25:05.367+0400] {processor.py:153} INFO - Started process (PID=14808) to work on /Users/harut/opt/anaconda3/lib/python3.9/site-packages/airflow/example_dags/example_branch_operator_decorator.py
[2023-01-09T15:25:05.368+0400] {processor.py:743} INFO - Processing file /Users/harut/opt/anaconda3/lib/python3.9/site-packages/airflow/example_dags/example_branch_operator_decorator.py for tasks to queue
[2023-01-09T15:25:05.368+0400] {logging_mixin.py:137} INFO - [2023-01-09T15:25:05.368+0400] {dagbag.py:538} INFO - Filling up the DagBag from /Users/harut/opt/anaconda3/lib/python3.9/site-packages/airflow/example_dags/example_branch_operator_decorator.py
[2023-01-09T15:25:05.399+0400] {processor.py:753} INFO - DAG(s) dict_keys(['example_branch_python_operator_decorator']) retrieved from /Users/harut/opt/anaconda3/lib/python3.9/site-packages/airflow/example_dags/example_branch_operator_decorator.py
[2023-01-09T15:25:05.774+0400] {logging_mixin.py:137} INFO - [2023-01-09T15:25:05.774+0400] {dag.py:2676} INFO - Sync 1 DAGs
[2023-01-09T15:25:05.784+0400] {logging_mixin.py:137} INFO - [2023-01-09T15:25:05.784+0400] {dag.py:3423} INFO - Setting next_dagrun for example_branch_python_operator_decorator to 2023-01-08T00:00:00+00:00, run_after=2023-01-09T00:00:00+00:00
[2023-01-09T15:25:05.793+0400] {processor.py:175} INFO - Processing /Users/harut/opt/anaconda3/lib/python3.9/site-packages/airflow/example_dags/example_branch_operator_decorator.py took 0.427 seconds
[2023-01-09T15:26:29.454+0400] {processor.py:153} INFO - Started process (PID=14855) to work on /Users/harut/opt/anaconda3/lib/python3.9/site-packages/airflow/example_dags/example_branch_operator_decorator.py
[2023-01-09T15:26:29.455+0400] {processor.py:743} INFO - Processing file /Users/harut/opt/anaconda3/lib/python3.9/site-packages/airflow/example_dags/example_branch_operator_decorator.py for tasks to queue
[2023-01-09T15:26:29.455+0400] {logging_mixin.py:137} INFO - [2023-01-09T15:26:29.455+0400] {dagbag.py:538} INFO - Filling up the DagBag from /Users/harut/opt/anaconda3/lib/python3.9/site-packages/airflow/example_dags/example_branch_operator_decorator.py
[2023-01-09T15:26:29.486+0400] {processor.py:753} INFO - DAG(s) dict_keys(['example_branch_python_operator_decorator']) retrieved from /Users/harut/opt/anaconda3/lib/python3.9/site-packages/airflow/example_dags/example_branch_operator_decorator.py
[2023-01-09T15:26:29.871+0400] {logging_mixin.py:137} INFO - [2023-01-09T15:26:29.871+0400] {dag.py:2676} INFO - Sync 1 DAGs
[2023-01-09T15:26:29.881+0400] {logging_mixin.py:137} INFO - [2023-01-09T15:26:29.881+0400] {dag.py:3423} INFO - Setting next_dagrun for example_branch_python_operator_decorator to 2023-01-08T00:00:00+00:00, run_after=2023-01-09T00:00:00+00:00
[2023-01-09T15:26:29.891+0400] {processor.py:175} INFO - Processing /Users/harut/opt/anaconda3/lib/python3.9/site-packages/airflow/example_dags/example_branch_operator_decorator.py took 0.436 seconds
[2023-01-09T15:27:52.362+0400] {processor.py:153} INFO - Started process (PID=14907) to work on /Users/harut/opt/anaconda3/lib/python3.9/site-packages/airflow/example_dags/example_branch_operator_decorator.py
[2023-01-09T15:27:52.363+0400] {processor.py:743} INFO - Processing file /Users/harut/opt/anaconda3/lib/python3.9/site-packages/airflow/example_dags/example_branch_operator_decorator.py for tasks to queue
[2023-01-09T15:27:52.363+0400] {logging_mixin.py:137} INFO - [2023-01-09T15:27:52.363+0400] {dagbag.py:538} INFO - Filling up the DagBag from /Users/harut/opt/anaconda3/lib/python3.9/site-packages/airflow/example_dags/example_branch_operator_decorator.py
[2023-01-09T15:27:52.398+0400] {processor.py:753} INFO - DAG(s) dict_keys(['example_branch_python_operator_decorator']) retrieved from /Users/harut/opt/anaconda3/lib/python3.9/site-packages/airflow/example_dags/example_branch_operator_decorator.py
[2023-01-09T15:27:52.826+0400] {logging_mixin.py:137} INFO - [2023-01-09T15:27:52.826+0400] {dag.py:2676} INFO - Sync 1 DAGs
[2023-01-09T15:27:52.839+0400] {logging_mixin.py:137} INFO - [2023-01-09T15:27:52.839+0400] {dag.py:3423} INFO - Setting next_dagrun for example_branch_python_operator_decorator to 2023-01-08T00:00:00+00:00, run_after=2023-01-09T00:00:00+00:00
[2023-01-09T15:27:52.850+0400] {processor.py:175} INFO - Processing /Users/harut/opt/anaconda3/lib/python3.9/site-packages/airflow/example_dags/example_branch_operator_decorator.py took 0.488 seconds
[2023-01-09T15:29:15.619+0400] {processor.py:153} INFO - Started process (PID=14952) to work on /Users/harut/opt/anaconda3/lib/python3.9/site-packages/airflow/example_dags/example_branch_operator_decorator.py
[2023-01-09T15:29:15.620+0400] {processor.py:743} INFO - Processing file /Users/harut/opt/anaconda3/lib/python3.9/site-packages/airflow/example_dags/example_branch_operator_decorator.py for tasks to queue
[2023-01-09T15:29:15.620+0400] {logging_mixin.py:137} INFO - [2023-01-09T15:29:15.620+0400] {dagbag.py:538} INFO - Filling up the DagBag from /Users/harut/opt/anaconda3/lib/python3.9/site-packages/airflow/example_dags/example_branch_operator_decorator.py
[2023-01-09T15:29:15.653+0400] {processor.py:753} INFO - DAG(s) dict_keys(['example_branch_python_operator_decorator']) retrieved from /Users/harut/opt/anaconda3/lib/python3.9/site-packages/airflow/example_dags/example_branch_operator_decorator.py
[2023-01-09T15:29:16.062+0400] {logging_mixin.py:137} INFO - [2023-01-09T15:29:16.061+0400] {dag.py:2676} INFO - Sync 1 DAGs
[2023-01-09T15:29:16.073+0400] {logging_mixin.py:137} INFO - [2023-01-09T15:29:16.073+0400] {dag.py:3423} INFO - Setting next_dagrun for example_branch_python_operator_decorator to 2023-01-08T00:00:00+00:00, run_after=2023-01-09T00:00:00+00:00
[2023-01-09T15:29:16.083+0400] {processor.py:175} INFO - Processing /Users/harut/opt/anaconda3/lib/python3.9/site-packages/airflow/example_dags/example_branch_operator_decorator.py took 0.464 seconds
[2023-01-09T15:30:36.183+0400] {processor.py:153} INFO - Started process (PID=14997) to work on /Users/harut/opt/anaconda3/lib/python3.9/site-packages/airflow/example_dags/example_branch_operator_decorator.py
[2023-01-09T15:30:36.184+0400] {processor.py:743} INFO - Processing file /Users/harut/opt/anaconda3/lib/python3.9/site-packages/airflow/example_dags/example_branch_operator_decorator.py for tasks to queue
[2023-01-09T15:30:36.184+0400] {logging_mixin.py:137} INFO - [2023-01-09T15:30:36.184+0400] {dagbag.py:538} INFO - Filling up the DagBag from /Users/harut/opt/anaconda3/lib/python3.9/site-packages/airflow/example_dags/example_branch_operator_decorator.py
[2023-01-09T15:30:36.217+0400] {processor.py:753} INFO - DAG(s) dict_keys(['example_branch_python_operator_decorator']) retrieved from /Users/harut/opt/anaconda3/lib/python3.9/site-packages/airflow/example_dags/example_branch_operator_decorator.py
[2023-01-09T15:30:36.628+0400] {logging_mixin.py:137} INFO - [2023-01-09T15:30:36.628+0400] {dag.py:2676} INFO - Sync 1 DAGs
[2023-01-09T15:30:36.639+0400] {logging_mixin.py:137} INFO - [2023-01-09T15:30:36.639+0400] {dag.py:3423} INFO - Setting next_dagrun for example_branch_python_operator_decorator to 2023-01-08T00:00:00+00:00, run_after=2023-01-09T00:00:00+00:00
[2023-01-09T15:30:36.649+0400] {processor.py:175} INFO - Processing /Users/harut/opt/anaconda3/lib/python3.9/site-packages/airflow/example_dags/example_branch_operator_decorator.py took 0.466 seconds
[2023-01-09T15:31:58.829+0400] {processor.py:153} INFO - Started process (PID=15044) to work on /Users/harut/opt/anaconda3/lib/python3.9/site-packages/airflow/example_dags/example_branch_operator_decorator.py
[2023-01-09T15:31:58.829+0400] {processor.py:743} INFO - Processing file /Users/harut/opt/anaconda3/lib/python3.9/site-packages/airflow/example_dags/example_branch_operator_decorator.py for tasks to queue
[2023-01-09T15:31:58.830+0400] {logging_mixin.py:137} INFO - [2023-01-09T15:31:58.830+0400] {dagbag.py:538} INFO - Filling up the DagBag from /Users/harut/opt/anaconda3/lib/python3.9/site-packages/airflow/example_dags/example_branch_operator_decorator.py
[2023-01-09T15:31:58.861+0400] {processor.py:753} INFO - DAG(s) dict_keys(['example_branch_python_operator_decorator']) retrieved from /Users/harut/opt/anaconda3/lib/python3.9/site-packages/airflow/example_dags/example_branch_operator_decorator.py
[2023-01-09T15:31:59.253+0400] {logging_mixin.py:137} INFO - [2023-01-09T15:31:59.252+0400] {dag.py:2676} INFO - Sync 1 DAGs
[2023-01-09T15:31:59.265+0400] {logging_mixin.py:137} INFO - [2023-01-09T15:31:59.264+0400] {dag.py:3423} INFO - Setting next_dagrun for example_branch_python_operator_decorator to 2023-01-08T00:00:00+00:00, run_after=2023-01-09T00:00:00+00:00
[2023-01-09T15:31:59.276+0400] {processor.py:175} INFO - Processing /Users/harut/opt/anaconda3/lib/python3.9/site-packages/airflow/example_dags/example_branch_operator_decorator.py took 0.447 seconds
[2023-01-09T15:33:21.602+0400] {processor.py:153} INFO - Started process (PID=15089) to work on /Users/harut/opt/anaconda3/lib/python3.9/site-packages/airflow/example_dags/example_branch_operator_decorator.py
[2023-01-09T15:33:21.603+0400] {processor.py:743} INFO - Processing file /Users/harut/opt/anaconda3/lib/python3.9/site-packages/airflow/example_dags/example_branch_operator_decorator.py for tasks to queue
[2023-01-09T15:33:21.603+0400] {logging_mixin.py:137} INFO - [2023-01-09T15:33:21.603+0400] {dagbag.py:538} INFO - Filling up the DagBag from /Users/harut/opt/anaconda3/lib/python3.9/site-packages/airflow/example_dags/example_branch_operator_decorator.py
[2023-01-09T15:33:21.638+0400] {processor.py:753} INFO - DAG(s) dict_keys(['example_branch_python_operator_decorator']) retrieved from /Users/harut/opt/anaconda3/lib/python3.9/site-packages/airflow/example_dags/example_branch_operator_decorator.py
[2023-01-09T15:33:22.043+0400] {logging_mixin.py:137} INFO - [2023-01-09T15:33:22.042+0400] {dag.py:2676} INFO - Sync 1 DAGs
[2023-01-09T15:33:22.054+0400] {logging_mixin.py:137} INFO - [2023-01-09T15:33:22.054+0400] {dag.py:3423} INFO - Setting next_dagrun for example_branch_python_operator_decorator to 2023-01-08T00:00:00+00:00, run_after=2023-01-09T00:00:00+00:00
[2023-01-09T15:33:22.064+0400] {processor.py:175} INFO - Processing /Users/harut/opt/anaconda3/lib/python3.9/site-packages/airflow/example_dags/example_branch_operator_decorator.py took 0.462 seconds
[2023-01-09T15:34:46.565+0400] {processor.py:153} INFO - Started process (PID=15136) to work on /Users/harut/opt/anaconda3/lib/python3.9/site-packages/airflow/example_dags/example_branch_operator_decorator.py
[2023-01-09T15:34:46.565+0400] {processor.py:743} INFO - Processing file /Users/harut/opt/anaconda3/lib/python3.9/site-packages/airflow/example_dags/example_branch_operator_decorator.py for tasks to queue
[2023-01-09T15:34:46.566+0400] {logging_mixin.py:137} INFO - [2023-01-09T15:34:46.565+0400] {dagbag.py:538} INFO - Filling up the DagBag from /Users/harut/opt/anaconda3/lib/python3.9/site-packages/airflow/example_dags/example_branch_operator_decorator.py
[2023-01-09T15:34:46.600+0400] {processor.py:753} INFO - DAG(s) dict_keys(['example_branch_python_operator_decorator']) retrieved from /Users/harut/opt/anaconda3/lib/python3.9/site-packages/airflow/example_dags/example_branch_operator_decorator.py
[2023-01-09T15:34:47.033+0400] {logging_mixin.py:137} INFO - [2023-01-09T15:34:47.033+0400] {dag.py:2676} INFO - Sync 1 DAGs
[2023-01-09T15:34:47.047+0400] {logging_mixin.py:137} INFO - [2023-01-09T15:34:47.047+0400] {dag.py:3423} INFO - Setting next_dagrun for example_branch_python_operator_decorator to 2023-01-08T00:00:00+00:00, run_after=2023-01-09T00:00:00+00:00
[2023-01-09T15:34:47.058+0400] {processor.py:175} INFO - Processing /Users/harut/opt/anaconda3/lib/python3.9/site-packages/airflow/example_dags/example_branch_operator_decorator.py took 0.494 seconds
[2023-01-09T15:36:09.814+0400] {processor.py:153} INFO - Started process (PID=15189) to work on /Users/harut/opt/anaconda3/lib/python3.9/site-packages/airflow/example_dags/example_branch_operator_decorator.py
[2023-01-09T15:36:09.815+0400] {processor.py:743} INFO - Processing file /Users/harut/opt/anaconda3/lib/python3.9/site-packages/airflow/example_dags/example_branch_operator_decorator.py for tasks to queue
[2023-01-09T15:36:09.815+0400] {logging_mixin.py:137} INFO - [2023-01-09T15:36:09.815+0400] {dagbag.py:538} INFO - Filling up the DagBag from /Users/harut/opt/anaconda3/lib/python3.9/site-packages/airflow/example_dags/example_branch_operator_decorator.py
[2023-01-09T15:36:09.851+0400] {processor.py:753} INFO - DAG(s) dict_keys(['example_branch_python_operator_decorator']) retrieved from /Users/harut/opt/anaconda3/lib/python3.9/site-packages/airflow/example_dags/example_branch_operator_decorator.py
[2023-01-09T15:36:10.277+0400] {logging_mixin.py:137} INFO - [2023-01-09T15:36:10.276+0400] {dag.py:2676} INFO - Sync 1 DAGs
[2023-01-09T15:36:10.289+0400] {logging_mixin.py:137} INFO - [2023-01-09T15:36:10.289+0400] {dag.py:3423} INFO - Setting next_dagrun for example_branch_python_operator_decorator to 2023-01-08T00:00:00+00:00, run_after=2023-01-09T00:00:00+00:00
[2023-01-09T15:36:10.301+0400] {processor.py:175} INFO - Processing /Users/harut/opt/anaconda3/lib/python3.9/site-packages/airflow/example_dags/example_branch_operator_decorator.py took 0.487 seconds
[2023-01-09T15:37:32.798+0400] {processor.py:153} INFO - Started process (PID=15245) to work on /Users/harut/opt/anaconda3/lib/python3.9/site-packages/airflow/example_dags/example_branch_operator_decorator.py
[2023-01-09T15:37:32.798+0400] {processor.py:743} INFO - Processing file /Users/harut/opt/anaconda3/lib/python3.9/site-packages/airflow/example_dags/example_branch_operator_decorator.py for tasks to queue
[2023-01-09T15:37:32.799+0400] {logging_mixin.py:137} INFO - [2023-01-09T15:37:32.799+0400] {dagbag.py:538} INFO - Filling up the DagBag from /Users/harut/opt/anaconda3/lib/python3.9/site-packages/airflow/example_dags/example_branch_operator_decorator.py
[2023-01-09T15:37:32.833+0400] {processor.py:753} INFO - DAG(s) dict_keys(['example_branch_python_operator_decorator']) retrieved from /Users/harut/opt/anaconda3/lib/python3.9/site-packages/airflow/example_dags/example_branch_operator_decorator.py
[2023-01-09T15:37:33.219+0400] {logging_mixin.py:137} INFO - [2023-01-09T15:37:33.219+0400] {dag.py:2676} INFO - Sync 1 DAGs
[2023-01-09T15:37:33.229+0400] {logging_mixin.py:137} INFO - [2023-01-09T15:37:33.229+0400] {dag.py:3423} INFO - Setting next_dagrun for example_branch_python_operator_decorator to 2023-01-08T00:00:00+00:00, run_after=2023-01-09T00:00:00+00:00
[2023-01-09T15:37:33.239+0400] {processor.py:175} INFO - Processing /Users/harut/opt/anaconda3/lib/python3.9/site-packages/airflow/example_dags/example_branch_operator_decorator.py took 0.442 seconds
[2023-01-09T15:38:54.674+0400] {processor.py:153} INFO - Started process (PID=15287) to work on /Users/harut/opt/anaconda3/lib/python3.9/site-packages/airflow/example_dags/example_branch_operator_decorator.py
[2023-01-09T15:38:54.675+0400] {processor.py:743} INFO - Processing file /Users/harut/opt/anaconda3/lib/python3.9/site-packages/airflow/example_dags/example_branch_operator_decorator.py for tasks to queue
[2023-01-09T15:38:54.675+0400] {logging_mixin.py:137} INFO - [2023-01-09T15:38:54.675+0400] {dagbag.py:538} INFO - Filling up the DagBag from /Users/harut/opt/anaconda3/lib/python3.9/site-packages/airflow/example_dags/example_branch_operator_decorator.py
[2023-01-09T15:38:54.705+0400] {processor.py:753} INFO - DAG(s) dict_keys(['example_branch_python_operator_decorator']) retrieved from /Users/harut/opt/anaconda3/lib/python3.9/site-packages/airflow/example_dags/example_branch_operator_decorator.py
[2023-01-09T15:38:55.064+0400] {logging_mixin.py:137} INFO - [2023-01-09T15:38:55.064+0400] {dag.py:2676} INFO - Sync 1 DAGs
[2023-01-09T15:38:55.074+0400] {logging_mixin.py:137} INFO - [2023-01-09T15:38:55.074+0400] {dag.py:3423} INFO - Setting next_dagrun for example_branch_python_operator_decorator to 2023-01-08T00:00:00+00:00, run_after=2023-01-09T00:00:00+00:00
[2023-01-09T15:38:55.083+0400] {processor.py:175} INFO - Processing /Users/harut/opt/anaconda3/lib/python3.9/site-packages/airflow/example_dags/example_branch_operator_decorator.py took 0.410 seconds
[2023-01-09T15:40:16.863+0400] {processor.py:153} INFO - Started process (PID=15333) to work on /Users/harut/opt/anaconda3/lib/python3.9/site-packages/airflow/example_dags/example_branch_operator_decorator.py
[2023-01-09T15:40:16.864+0400] {processor.py:743} INFO - Processing file /Users/harut/opt/anaconda3/lib/python3.9/site-packages/airflow/example_dags/example_branch_operator_decorator.py for tasks to queue
[2023-01-09T15:40:16.864+0400] {logging_mixin.py:137} INFO - [2023-01-09T15:40:16.864+0400] {dagbag.py:538} INFO - Filling up the DagBag from /Users/harut/opt/anaconda3/lib/python3.9/site-packages/airflow/example_dags/example_branch_operator_decorator.py
[2023-01-09T15:40:16.895+0400] {processor.py:753} INFO - DAG(s) dict_keys(['example_branch_python_operator_decorator']) retrieved from /Users/harut/opt/anaconda3/lib/python3.9/site-packages/airflow/example_dags/example_branch_operator_decorator.py
[2023-01-09T15:40:17.267+0400] {logging_mixin.py:137} INFO - [2023-01-09T15:40:17.267+0400] {dag.py:2676} INFO - Sync 1 DAGs
[2023-01-09T15:40:17.278+0400] {logging_mixin.py:137} INFO - [2023-01-09T15:40:17.278+0400] {dag.py:3423} INFO - Setting next_dagrun for example_branch_python_operator_decorator to 2023-01-08T00:00:00+00:00, run_after=2023-01-09T00:00:00+00:00
[2023-01-09T15:40:17.288+0400] {processor.py:175} INFO - Processing /Users/harut/opt/anaconda3/lib/python3.9/site-packages/airflow/example_dags/example_branch_operator_decorator.py took 0.425 seconds
