[2023-01-09T14:16:59.948+0400] {processor.py:153} INFO - Started process (PID=12413) to work on /Users/harut/opt/anaconda3/lib/python3.9/site-packages/airflow/example_dags/example_short_circuit_decorator.py
[2023-01-09T14:16:59.949+0400] {processor.py:743} INFO - Processing file /Users/harut/opt/anaconda3/lib/python3.9/site-packages/airflow/example_dags/example_short_circuit_decorator.py for tasks to queue
[2023-01-09T14:16:59.949+0400] {logging_mixin.py:137} INFO - [2023-01-09T14:16:59.949+0400] {dagbag.py:538} INFO - Filling up the DagBag from /Users/harut/opt/anaconda3/lib/python3.9/site-packages/airflow/example_dags/example_short_circuit_decorator.py
[2023-01-09T14:16:59.982+0400] {processor.py:753} INFO - DAG(s) dict_keys(['example_short_circuit_decorator']) retrieved from /Users/harut/opt/anaconda3/lib/python3.9/site-packages/airflow/example_dags/example_short_circuit_decorator.py
[2023-01-09T14:17:00.412+0400] {logging_mixin.py:137} INFO - [2023-01-09T14:17:00.412+0400] {dag.py:2676} INFO - Sync 1 DAGs
[2023-01-09T14:17:00.428+0400] {logging_mixin.py:137} INFO - [2023-01-09T14:17:00.428+0400] {dag.py:3423} INFO - Setting next_dagrun for example_short_circuit_decorator to 2023-01-08T10:17:00.428574+00:00, run_after=2023-01-09T10:17:00.428574+00:00
[2023-01-09T14:17:00.439+0400] {processor.py:175} INFO - Processing /Users/harut/opt/anaconda3/lib/python3.9/site-packages/airflow/example_dags/example_short_circuit_decorator.py took 0.491 seconds
[2023-01-09T14:19:32.055+0400] {processor.py:153} INFO - Started process (PID=12510) to work on /Users/harut/opt/anaconda3/lib/python3.9/site-packages/airflow/example_dags/example_short_circuit_decorator.py
[2023-01-09T14:19:32.056+0400] {processor.py:743} INFO - Processing file /Users/harut/opt/anaconda3/lib/python3.9/site-packages/airflow/example_dags/example_short_circuit_decorator.py for tasks to queue
[2023-01-09T14:19:32.056+0400] {logging_mixin.py:137} INFO - [2023-01-09T14:19:32.056+0400] {dagbag.py:538} INFO - Filling up the DagBag from /Users/harut/opt/anaconda3/lib/python3.9/site-packages/airflow/example_dags/example_short_circuit_decorator.py
[2023-01-09T14:19:32.090+0400] {processor.py:753} INFO - DAG(s) dict_keys(['example_short_circuit_decorator']) retrieved from /Users/harut/opt/anaconda3/lib/python3.9/site-packages/airflow/example_dags/example_short_circuit_decorator.py
[2023-01-09T14:19:32.526+0400] {logging_mixin.py:137} INFO - [2023-01-09T14:19:32.526+0400] {dag.py:2676} INFO - Sync 1 DAGs
[2023-01-09T14:19:32.537+0400] {logging_mixin.py:137} INFO - [2023-01-09T14:19:32.537+0400] {dag.py:3423} INFO - Setting next_dagrun for example_short_circuit_decorator to 2023-01-08T10:19:32.537469+00:00, run_after=2023-01-09T10:19:32.537469+00:00
[2023-01-09T14:19:32.548+0400] {processor.py:175} INFO - Processing /Users/harut/opt/anaconda3/lib/python3.9/site-packages/airflow/example_dags/example_short_circuit_decorator.py took 0.494 seconds
[2023-01-09T14:20:45.277+0400] {processor.py:153} INFO - Started process (PID=12549) to work on /Users/harut/opt/anaconda3/lib/python3.9/site-packages/airflow/example_dags/example_short_circuit_decorator.py
[2023-01-09T14:20:45.277+0400] {processor.py:743} INFO - Processing file /Users/harut/opt/anaconda3/lib/python3.9/site-packages/airflow/example_dags/example_short_circuit_decorator.py for tasks to queue
[2023-01-09T14:20:45.278+0400] {logging_mixin.py:137} INFO - [2023-01-09T14:20:45.278+0400] {dagbag.py:538} INFO - Filling up the DagBag from /Users/harut/opt/anaconda3/lib/python3.9/site-packages/airflow/example_dags/example_short_circuit_decorator.py
[2023-01-09T14:20:45.307+0400] {processor.py:753} INFO - DAG(s) dict_keys(['example_short_circuit_decorator']) retrieved from /Users/harut/opt/anaconda3/lib/python3.9/site-packages/airflow/example_dags/example_short_circuit_decorator.py
[2023-01-09T14:20:45.669+0400] {logging_mixin.py:137} INFO - [2023-01-09T14:20:45.669+0400] {dag.py:2676} INFO - Sync 1 DAGs
[2023-01-09T14:20:45.678+0400] {logging_mixin.py:137} INFO - [2023-01-09T14:20:45.678+0400] {dag.py:3423} INFO - Setting next_dagrun for example_short_circuit_decorator to 2023-01-08T10:20:45.678480+00:00, run_after=2023-01-09T10:20:45.678480+00:00
[2023-01-09T14:20:45.688+0400] {processor.py:175} INFO - Processing /Users/harut/opt/anaconda3/lib/python3.9/site-packages/airflow/example_dags/example_short_circuit_decorator.py took 0.411 seconds
[2023-01-09T14:22:00.585+0400] {processor.py:153} INFO - Started process (PID=12598) to work on /Users/harut/opt/anaconda3/lib/python3.9/site-packages/airflow/example_dags/example_short_circuit_decorator.py
[2023-01-09T14:22:00.586+0400] {processor.py:743} INFO - Processing file /Users/harut/opt/anaconda3/lib/python3.9/site-packages/airflow/example_dags/example_short_circuit_decorator.py for tasks to queue
[2023-01-09T14:22:00.586+0400] {logging_mixin.py:137} INFO - [2023-01-09T14:22:00.586+0400] {dagbag.py:538} INFO - Filling up the DagBag from /Users/harut/opt/anaconda3/lib/python3.9/site-packages/airflow/example_dags/example_short_circuit_decorator.py
[2023-01-09T14:22:00.616+0400] {processor.py:753} INFO - DAG(s) dict_keys(['example_short_circuit_decorator']) retrieved from /Users/harut/opt/anaconda3/lib/python3.9/site-packages/airflow/example_dags/example_short_circuit_decorator.py
[2023-01-09T14:22:00.987+0400] {logging_mixin.py:137} INFO - [2023-01-09T14:22:00.987+0400] {dag.py:2676} INFO - Sync 1 DAGs
[2023-01-09T14:22:00.996+0400] {logging_mixin.py:137} INFO - [2023-01-09T14:22:00.996+0400] {dag.py:3423} INFO - Setting next_dagrun for example_short_circuit_decorator to 2023-01-08T10:22:00.996757+00:00, run_after=2023-01-09T10:22:00.996757+00:00
[2023-01-09T14:22:01.006+0400] {processor.py:175} INFO - Processing /Users/harut/opt/anaconda3/lib/python3.9/site-packages/airflow/example_dags/example_short_circuit_decorator.py took 0.421 seconds
[2023-01-09T14:23:15.826+0400] {processor.py:153} INFO - Started process (PID=12640) to work on /Users/harut/opt/anaconda3/lib/python3.9/site-packages/airflow/example_dags/example_short_circuit_decorator.py
[2023-01-09T14:23:15.827+0400] {processor.py:743} INFO - Processing file /Users/harut/opt/anaconda3/lib/python3.9/site-packages/airflow/example_dags/example_short_circuit_decorator.py for tasks to queue
[2023-01-09T14:23:15.827+0400] {logging_mixin.py:137} INFO - [2023-01-09T14:23:15.827+0400] {dagbag.py:538} INFO - Filling up the DagBag from /Users/harut/opt/anaconda3/lib/python3.9/site-packages/airflow/example_dags/example_short_circuit_decorator.py
[2023-01-09T14:23:15.857+0400] {processor.py:753} INFO - DAG(s) dict_keys(['example_short_circuit_decorator']) retrieved from /Users/harut/opt/anaconda3/lib/python3.9/site-packages/airflow/example_dags/example_short_circuit_decorator.py
[2023-01-09T14:23:16.238+0400] {logging_mixin.py:137} INFO - [2023-01-09T14:23:16.238+0400] {dag.py:2676} INFO - Sync 1 DAGs
[2023-01-09T14:23:16.247+0400] {logging_mixin.py:137} INFO - [2023-01-09T14:23:16.247+0400] {dag.py:3423} INFO - Setting next_dagrun for example_short_circuit_decorator to 2023-01-08T10:23:16.247758+00:00, run_after=2023-01-09T10:23:16.247758+00:00
[2023-01-09T14:23:16.256+0400] {processor.py:175} INFO - Processing /Users/harut/opt/anaconda3/lib/python3.9/site-packages/airflow/example_dags/example_short_circuit_decorator.py took 0.431 seconds
[2023-01-09T14:24:37.112+0400] {processor.py:153} INFO - Started process (PID=12685) to work on /Users/harut/opt/anaconda3/lib/python3.9/site-packages/airflow/example_dags/example_short_circuit_decorator.py
[2023-01-09T14:24:37.113+0400] {processor.py:743} INFO - Processing file /Users/harut/opt/anaconda3/lib/python3.9/site-packages/airflow/example_dags/example_short_circuit_decorator.py for tasks to queue
[2023-01-09T14:24:37.113+0400] {logging_mixin.py:137} INFO - [2023-01-09T14:24:37.113+0400] {dagbag.py:538} INFO - Filling up the DagBag from /Users/harut/opt/anaconda3/lib/python3.9/site-packages/airflow/example_dags/example_short_circuit_decorator.py
[2023-01-09T14:24:37.142+0400] {processor.py:753} INFO - DAG(s) dict_keys(['example_short_circuit_decorator']) retrieved from /Users/harut/opt/anaconda3/lib/python3.9/site-packages/airflow/example_dags/example_short_circuit_decorator.py
[2023-01-09T14:24:37.507+0400] {logging_mixin.py:137} INFO - [2023-01-09T14:24:37.507+0400] {dag.py:2676} INFO - Sync 1 DAGs
[2023-01-09T14:24:37.517+0400] {logging_mixin.py:137} INFO - [2023-01-09T14:24:37.517+0400] {dag.py:3423} INFO - Setting next_dagrun for example_short_circuit_decorator to 2023-01-08T10:24:37.517152+00:00, run_after=2023-01-09T10:24:37.517152+00:00
[2023-01-09T14:24:37.526+0400] {processor.py:175} INFO - Processing /Users/harut/opt/anaconda3/lib/python3.9/site-packages/airflow/example_dags/example_short_circuit_decorator.py took 0.415 seconds
[2023-01-09T14:25:54.840+0400] {processor.py:153} INFO - Started process (PID=12729) to work on /Users/harut/opt/anaconda3/lib/python3.9/site-packages/airflow/example_dags/example_short_circuit_decorator.py
[2023-01-09T14:25:54.840+0400] {processor.py:743} INFO - Processing file /Users/harut/opt/anaconda3/lib/python3.9/site-packages/airflow/example_dags/example_short_circuit_decorator.py for tasks to queue
[2023-01-09T14:25:54.841+0400] {logging_mixin.py:137} INFO - [2023-01-09T14:25:54.841+0400] {dagbag.py:538} INFO - Filling up the DagBag from /Users/harut/opt/anaconda3/lib/python3.9/site-packages/airflow/example_dags/example_short_circuit_decorator.py
[2023-01-09T14:25:54.871+0400] {processor.py:753} INFO - DAG(s) dict_keys(['example_short_circuit_decorator']) retrieved from /Users/harut/opt/anaconda3/lib/python3.9/site-packages/airflow/example_dags/example_short_circuit_decorator.py
[2023-01-09T14:25:55.249+0400] {logging_mixin.py:137} INFO - [2023-01-09T14:25:55.249+0400] {dag.py:2676} INFO - Sync 1 DAGs
[2023-01-09T14:25:55.258+0400] {logging_mixin.py:137} INFO - [2023-01-09T14:25:55.258+0400] {dag.py:3423} INFO - Setting next_dagrun for example_short_circuit_decorator to 2023-01-08T10:25:55.258438+00:00, run_after=2023-01-09T10:25:55.258438+00:00
[2023-01-09T14:25:55.268+0400] {processor.py:175} INFO - Processing /Users/harut/opt/anaconda3/lib/python3.9/site-packages/airflow/example_dags/example_short_circuit_decorator.py took 0.428 seconds
[2023-01-09T14:27:12.342+0400] {processor.py:153} INFO - Started process (PID=12774) to work on /Users/harut/opt/anaconda3/lib/python3.9/site-packages/airflow/example_dags/example_short_circuit_decorator.py
[2023-01-09T14:27:12.342+0400] {processor.py:743} INFO - Processing file /Users/harut/opt/anaconda3/lib/python3.9/site-packages/airflow/example_dags/example_short_circuit_decorator.py for tasks to queue
[2023-01-09T14:27:12.342+0400] {logging_mixin.py:137} INFO - [2023-01-09T14:27:12.342+0400] {dagbag.py:538} INFO - Filling up the DagBag from /Users/harut/opt/anaconda3/lib/python3.9/site-packages/airflow/example_dags/example_short_circuit_decorator.py
[2023-01-09T14:27:12.373+0400] {processor.py:753} INFO - DAG(s) dict_keys(['example_short_circuit_decorator']) retrieved from /Users/harut/opt/anaconda3/lib/python3.9/site-packages/airflow/example_dags/example_short_circuit_decorator.py
[2023-01-09T14:27:12.741+0400] {logging_mixin.py:137} INFO - [2023-01-09T14:27:12.741+0400] {dag.py:2676} INFO - Sync 1 DAGs
[2023-01-09T14:27:12.751+0400] {logging_mixin.py:137} INFO - [2023-01-09T14:27:12.751+0400] {dag.py:3423} INFO - Setting next_dagrun for example_short_circuit_decorator to 2023-01-08T10:27:12.751127+00:00, run_after=2023-01-09T10:27:12.751127+00:00
[2023-01-09T14:27:12.761+0400] {processor.py:175} INFO - Processing /Users/harut/opt/anaconda3/lib/python3.9/site-packages/airflow/example_dags/example_short_circuit_decorator.py took 0.419 seconds
[2023-01-09T14:28:29.630+0400] {processor.py:153} INFO - Started process (PID=12819) to work on /Users/harut/opt/anaconda3/lib/python3.9/site-packages/airflow/example_dags/example_short_circuit_decorator.py
[2023-01-09T14:28:29.630+0400] {processor.py:743} INFO - Processing file /Users/harut/opt/anaconda3/lib/python3.9/site-packages/airflow/example_dags/example_short_circuit_decorator.py for tasks to queue
[2023-01-09T14:28:29.631+0400] {logging_mixin.py:137} INFO - [2023-01-09T14:28:29.631+0400] {dagbag.py:538} INFO - Filling up the DagBag from /Users/harut/opt/anaconda3/lib/python3.9/site-packages/airflow/example_dags/example_short_circuit_decorator.py
[2023-01-09T14:28:29.662+0400] {processor.py:753} INFO - DAG(s) dict_keys(['example_short_circuit_decorator']) retrieved from /Users/harut/opt/anaconda3/lib/python3.9/site-packages/airflow/example_dags/example_short_circuit_decorator.py
[2023-01-09T14:28:30.044+0400] {logging_mixin.py:137} INFO - [2023-01-09T14:28:30.044+0400] {dag.py:2676} INFO - Sync 1 DAGs
[2023-01-09T14:28:30.054+0400] {logging_mixin.py:137} INFO - [2023-01-09T14:28:30.053+0400] {dag.py:3423} INFO - Setting next_dagrun for example_short_circuit_decorator to 2023-01-08T10:28:30.053826+00:00, run_after=2023-01-09T10:28:30.053826+00:00
[2023-01-09T14:28:30.063+0400] {processor.py:175} INFO - Processing /Users/harut/opt/anaconda3/lib/python3.9/site-packages/airflow/example_dags/example_short_circuit_decorator.py took 0.433 seconds
[2023-01-09T14:29:45.814+0400] {processor.py:153} INFO - Started process (PID=12858) to work on /Users/harut/opt/anaconda3/lib/python3.9/site-packages/airflow/example_dags/example_short_circuit_decorator.py
[2023-01-09T14:29:45.815+0400] {processor.py:743} INFO - Processing file /Users/harut/opt/anaconda3/lib/python3.9/site-packages/airflow/example_dags/example_short_circuit_decorator.py for tasks to queue
[2023-01-09T14:29:45.815+0400] {logging_mixin.py:137} INFO - [2023-01-09T14:29:45.815+0400] {dagbag.py:538} INFO - Filling up the DagBag from /Users/harut/opt/anaconda3/lib/python3.9/site-packages/airflow/example_dags/example_short_circuit_decorator.py
[2023-01-09T14:29:45.849+0400] {processor.py:753} INFO - DAG(s) dict_keys(['example_short_circuit_decorator']) retrieved from /Users/harut/opt/anaconda3/lib/python3.9/site-packages/airflow/example_dags/example_short_circuit_decorator.py
[2023-01-09T14:29:46.239+0400] {logging_mixin.py:137} INFO - [2023-01-09T14:29:46.239+0400] {dag.py:2676} INFO - Sync 1 DAGs
[2023-01-09T14:29:46.249+0400] {logging_mixin.py:137} INFO - [2023-01-09T14:29:46.249+0400] {dag.py:3423} INFO - Setting next_dagrun for example_short_circuit_decorator to 2023-01-08T10:29:46.249158+00:00, run_after=2023-01-09T10:29:46.249158+00:00
[2023-01-09T14:29:46.258+0400] {processor.py:175} INFO - Processing /Users/harut/opt/anaconda3/lib/python3.9/site-packages/airflow/example_dags/example_short_circuit_decorator.py took 0.445 seconds
[2023-01-09T14:31:02.653+0400] {processor.py:153} INFO - Started process (PID=12906) to work on /Users/harut/opt/anaconda3/lib/python3.9/site-packages/airflow/example_dags/example_short_circuit_decorator.py
[2023-01-09T14:31:02.653+0400] {processor.py:743} INFO - Processing file /Users/harut/opt/anaconda3/lib/python3.9/site-packages/airflow/example_dags/example_short_circuit_decorator.py for tasks to queue
[2023-01-09T14:31:02.654+0400] {logging_mixin.py:137} INFO - [2023-01-09T14:31:02.654+0400] {dagbag.py:538} INFO - Filling up the DagBag from /Users/harut/opt/anaconda3/lib/python3.9/site-packages/airflow/example_dags/example_short_circuit_decorator.py
[2023-01-09T14:31:02.684+0400] {processor.py:753} INFO - DAG(s) dict_keys(['example_short_circuit_decorator']) retrieved from /Users/harut/opt/anaconda3/lib/python3.9/site-packages/airflow/example_dags/example_short_circuit_decorator.py
[2023-01-09T14:31:03.042+0400] {logging_mixin.py:137} INFO - [2023-01-09T14:31:03.041+0400] {dag.py:2676} INFO - Sync 1 DAGs
[2023-01-09T14:31:03.051+0400] {logging_mixin.py:137} INFO - [2023-01-09T14:31:03.051+0400] {dag.py:3423} INFO - Setting next_dagrun for example_short_circuit_decorator to 2023-01-08T10:31:03.051593+00:00, run_after=2023-01-09T10:31:03.051593+00:00
[2023-01-09T14:31:03.061+0400] {processor.py:175} INFO - Processing /Users/harut/opt/anaconda3/lib/python3.9/site-packages/airflow/example_dags/example_short_circuit_decorator.py took 0.409 seconds
[2023-01-09T14:32:16.202+0400] {processor.py:153} INFO - Started process (PID=12947) to work on /Users/harut/opt/anaconda3/lib/python3.9/site-packages/airflow/example_dags/example_short_circuit_decorator.py
[2023-01-09T14:32:16.202+0400] {processor.py:743} INFO - Processing file /Users/harut/opt/anaconda3/lib/python3.9/site-packages/airflow/example_dags/example_short_circuit_decorator.py for tasks to queue
[2023-01-09T14:32:16.203+0400] {logging_mixin.py:137} INFO - [2023-01-09T14:32:16.203+0400] {dagbag.py:538} INFO - Filling up the DagBag from /Users/harut/opt/anaconda3/lib/python3.9/site-packages/airflow/example_dags/example_short_circuit_decorator.py
[2023-01-09T14:32:16.232+0400] {processor.py:753} INFO - DAG(s) dict_keys(['example_short_circuit_decorator']) retrieved from /Users/harut/opt/anaconda3/lib/python3.9/site-packages/airflow/example_dags/example_short_circuit_decorator.py
[2023-01-09T14:32:16.594+0400] {logging_mixin.py:137} INFO - [2023-01-09T14:32:16.593+0400] {dag.py:2676} INFO - Sync 1 DAGs
[2023-01-09T14:32:16.603+0400] {logging_mixin.py:137} INFO - [2023-01-09T14:32:16.603+0400] {dag.py:3423} INFO - Setting next_dagrun for example_short_circuit_decorator to 2023-01-08T10:32:16.603407+00:00, run_after=2023-01-09T10:32:16.603407+00:00
[2023-01-09T14:32:16.612+0400] {processor.py:175} INFO - Processing /Users/harut/opt/anaconda3/lib/python3.9/site-packages/airflow/example_dags/example_short_circuit_decorator.py took 0.411 seconds
[2023-01-09T14:33:34.746+0400] {processor.py:153} INFO - Started process (PID=12996) to work on /Users/harut/opt/anaconda3/lib/python3.9/site-packages/airflow/example_dags/example_short_circuit_decorator.py
[2023-01-09T14:33:34.746+0400] {processor.py:743} INFO - Processing file /Users/harut/opt/anaconda3/lib/python3.9/site-packages/airflow/example_dags/example_short_circuit_decorator.py for tasks to queue
[2023-01-09T14:33:34.747+0400] {logging_mixin.py:137} INFO - [2023-01-09T14:33:34.747+0400] {dagbag.py:538} INFO - Filling up the DagBag from /Users/harut/opt/anaconda3/lib/python3.9/site-packages/airflow/example_dags/example_short_circuit_decorator.py
[2023-01-09T14:33:34.777+0400] {processor.py:753} INFO - DAG(s) dict_keys(['example_short_circuit_decorator']) retrieved from /Users/harut/opt/anaconda3/lib/python3.9/site-packages/airflow/example_dags/example_short_circuit_decorator.py
[2023-01-09T14:33:35.140+0400] {logging_mixin.py:137} INFO - [2023-01-09T14:33:35.140+0400] {dag.py:2676} INFO - Sync 1 DAGs
[2023-01-09T14:33:35.149+0400] {logging_mixin.py:137} INFO - [2023-01-09T14:33:35.149+0400] {dag.py:3423} INFO - Setting next_dagrun for example_short_circuit_decorator to 2023-01-08T10:33:35.149600+00:00, run_after=2023-01-09T10:33:35.149600+00:00
[2023-01-09T14:33:35.159+0400] {processor.py:175} INFO - Processing /Users/harut/opt/anaconda3/lib/python3.9/site-packages/airflow/example_dags/example_short_circuit_decorator.py took 0.413 seconds
[2023-01-09T14:34:52.327+0400] {processor.py:153} INFO - Started process (PID=13052) to work on /Users/harut/opt/anaconda3/lib/python3.9/site-packages/airflow/example_dags/example_short_circuit_decorator.py
[2023-01-09T14:34:52.327+0400] {processor.py:743} INFO - Processing file /Users/harut/opt/anaconda3/lib/python3.9/site-packages/airflow/example_dags/example_short_circuit_decorator.py for tasks to queue
[2023-01-09T14:34:52.328+0400] {logging_mixin.py:137} INFO - [2023-01-09T14:34:52.327+0400] {dagbag.py:538} INFO - Filling up the DagBag from /Users/harut/opt/anaconda3/lib/python3.9/site-packages/airflow/example_dags/example_short_circuit_decorator.py
[2023-01-09T14:34:52.362+0400] {processor.py:753} INFO - DAG(s) dict_keys(['example_short_circuit_decorator']) retrieved from /Users/harut/opt/anaconda3/lib/python3.9/site-packages/airflow/example_dags/example_short_circuit_decorator.py
[2023-01-09T14:34:52.762+0400] {logging_mixin.py:137} INFO - [2023-01-09T14:34:52.762+0400] {dag.py:2676} INFO - Sync 1 DAGs
[2023-01-09T14:34:52.773+0400] {logging_mixin.py:137} INFO - [2023-01-09T14:34:52.773+0400] {dag.py:3423} INFO - Setting next_dagrun for example_short_circuit_decorator to 2023-01-08T10:34:52.773062+00:00, run_after=2023-01-09T10:34:52.773062+00:00
[2023-01-09T14:34:52.783+0400] {processor.py:175} INFO - Processing /Users/harut/opt/anaconda3/lib/python3.9/site-packages/airflow/example_dags/example_short_circuit_decorator.py took 0.457 seconds
[2023-01-09T14:36:10.163+0400] {processor.py:153} INFO - Started process (PID=13098) to work on /Users/harut/opt/anaconda3/lib/python3.9/site-packages/airflow/example_dags/example_short_circuit_decorator.py
[2023-01-09T14:36:10.164+0400] {processor.py:743} INFO - Processing file /Users/harut/opt/anaconda3/lib/python3.9/site-packages/airflow/example_dags/example_short_circuit_decorator.py for tasks to queue
[2023-01-09T14:36:10.164+0400] {logging_mixin.py:137} INFO - [2023-01-09T14:36:10.164+0400] {dagbag.py:538} INFO - Filling up the DagBag from /Users/harut/opt/anaconda3/lib/python3.9/site-packages/airflow/example_dags/example_short_circuit_decorator.py
[2023-01-09T14:36:10.196+0400] {processor.py:753} INFO - DAG(s) dict_keys(['example_short_circuit_decorator']) retrieved from /Users/harut/opt/anaconda3/lib/python3.9/site-packages/airflow/example_dags/example_short_circuit_decorator.py
[2023-01-09T14:36:10.604+0400] {logging_mixin.py:137} INFO - [2023-01-09T14:36:10.604+0400] {dag.py:2676} INFO - Sync 1 DAGs
[2023-01-09T14:36:10.615+0400] {logging_mixin.py:137} INFO - [2023-01-09T14:36:10.614+0400] {dag.py:3423} INFO - Setting next_dagrun for example_short_circuit_decorator to 2023-01-08T10:36:10.614879+00:00, run_after=2023-01-09T10:36:10.614879+00:00
[2023-01-09T14:36:10.625+0400] {processor.py:175} INFO - Processing /Users/harut/opt/anaconda3/lib/python3.9/site-packages/airflow/example_dags/example_short_circuit_decorator.py took 0.463 seconds
[2023-01-09T14:37:26.319+0400] {processor.py:153} INFO - Started process (PID=13139) to work on /Users/harut/opt/anaconda3/lib/python3.9/site-packages/airflow/example_dags/example_short_circuit_decorator.py
[2023-01-09T14:37:26.320+0400] {processor.py:743} INFO - Processing file /Users/harut/opt/anaconda3/lib/python3.9/site-packages/airflow/example_dags/example_short_circuit_decorator.py for tasks to queue
[2023-01-09T14:37:26.320+0400] {logging_mixin.py:137} INFO - [2023-01-09T14:37:26.320+0400] {dagbag.py:538} INFO - Filling up the DagBag from /Users/harut/opt/anaconda3/lib/python3.9/site-packages/airflow/example_dags/example_short_circuit_decorator.py
[2023-01-09T14:37:26.350+0400] {processor.py:753} INFO - DAG(s) dict_keys(['example_short_circuit_decorator']) retrieved from /Users/harut/opt/anaconda3/lib/python3.9/site-packages/airflow/example_dags/example_short_circuit_decorator.py
[2023-01-09T14:37:26.732+0400] {logging_mixin.py:137} INFO - [2023-01-09T14:37:26.732+0400] {dag.py:2676} INFO - Sync 1 DAGs
[2023-01-09T14:37:26.742+0400] {logging_mixin.py:137} INFO - [2023-01-09T14:37:26.742+0400] {dag.py:3423} INFO - Setting next_dagrun for example_short_circuit_decorator to 2023-01-08T10:37:26.742066+00:00, run_after=2023-01-09T10:37:26.742066+00:00
[2023-01-09T14:37:26.753+0400] {processor.py:175} INFO - Processing /Users/harut/opt/anaconda3/lib/python3.9/site-packages/airflow/example_dags/example_short_circuit_decorator.py took 0.434 seconds
[2023-01-09T14:38:43.641+0400] {processor.py:153} INFO - Started process (PID=13185) to work on /Users/harut/opt/anaconda3/lib/python3.9/site-packages/airflow/example_dags/example_short_circuit_decorator.py
[2023-01-09T14:38:43.642+0400] {processor.py:743} INFO - Processing file /Users/harut/opt/anaconda3/lib/python3.9/site-packages/airflow/example_dags/example_short_circuit_decorator.py for tasks to queue
[2023-01-09T14:38:43.642+0400] {logging_mixin.py:137} INFO - [2023-01-09T14:38:43.642+0400] {dagbag.py:538} INFO - Filling up the DagBag from /Users/harut/opt/anaconda3/lib/python3.9/site-packages/airflow/example_dags/example_short_circuit_decorator.py
[2023-01-09T14:38:43.672+0400] {processor.py:753} INFO - DAG(s) dict_keys(['example_short_circuit_decorator']) retrieved from /Users/harut/opt/anaconda3/lib/python3.9/site-packages/airflow/example_dags/example_short_circuit_decorator.py
[2023-01-09T14:38:44.033+0400] {logging_mixin.py:137} INFO - [2023-01-09T14:38:44.033+0400] {dag.py:2676} INFO - Sync 1 DAGs
[2023-01-09T14:38:44.042+0400] {logging_mixin.py:137} INFO - [2023-01-09T14:38:44.042+0400] {dag.py:3423} INFO - Setting next_dagrun for example_short_circuit_decorator to 2023-01-08T10:38:44.042580+00:00, run_after=2023-01-09T10:38:44.042580+00:00
[2023-01-09T14:38:44.052+0400] {processor.py:175} INFO - Processing /Users/harut/opt/anaconda3/lib/python3.9/site-packages/airflow/example_dags/example_short_circuit_decorator.py took 0.411 seconds
[2023-01-09T14:40:00.814+0400] {processor.py:153} INFO - Started process (PID=13228) to work on /Users/harut/opt/anaconda3/lib/python3.9/site-packages/airflow/example_dags/example_short_circuit_decorator.py
[2023-01-09T14:40:00.815+0400] {processor.py:743} INFO - Processing file /Users/harut/opt/anaconda3/lib/python3.9/site-packages/airflow/example_dags/example_short_circuit_decorator.py for tasks to queue
[2023-01-09T14:40:00.815+0400] {logging_mixin.py:137} INFO - [2023-01-09T14:40:00.815+0400] {dagbag.py:538} INFO - Filling up the DagBag from /Users/harut/opt/anaconda3/lib/python3.9/site-packages/airflow/example_dags/example_short_circuit_decorator.py
[2023-01-09T14:40:00.845+0400] {processor.py:753} INFO - DAG(s) dict_keys(['example_short_circuit_decorator']) retrieved from /Users/harut/opt/anaconda3/lib/python3.9/site-packages/airflow/example_dags/example_short_circuit_decorator.py
[2023-01-09T14:40:01.216+0400] {logging_mixin.py:137} INFO - [2023-01-09T14:40:01.216+0400] {dag.py:2676} INFO - Sync 1 DAGs
[2023-01-09T14:40:01.225+0400] {logging_mixin.py:137} INFO - [2023-01-09T14:40:01.225+0400] {dag.py:3423} INFO - Setting next_dagrun for example_short_circuit_decorator to 2023-01-08T10:40:01.225489+00:00, run_after=2023-01-09T10:40:01.225489+00:00
[2023-01-09T14:40:01.235+0400] {processor.py:175} INFO - Processing /Users/harut/opt/anaconda3/lib/python3.9/site-packages/airflow/example_dags/example_short_circuit_decorator.py took 0.421 seconds
[2023-01-09T14:41:16.917+0400] {processor.py:153} INFO - Started process (PID=13275) to work on /Users/harut/opt/anaconda3/lib/python3.9/site-packages/airflow/example_dags/example_short_circuit_decorator.py
[2023-01-09T14:41:16.917+0400] {processor.py:743} INFO - Processing file /Users/harut/opt/anaconda3/lib/python3.9/site-packages/airflow/example_dags/example_short_circuit_decorator.py for tasks to queue
[2023-01-09T14:41:16.918+0400] {logging_mixin.py:137} INFO - [2023-01-09T14:41:16.918+0400] {dagbag.py:538} INFO - Filling up the DagBag from /Users/harut/opt/anaconda3/lib/python3.9/site-packages/airflow/example_dags/example_short_circuit_decorator.py
[2023-01-09T14:41:16.951+0400] {processor.py:753} INFO - DAG(s) dict_keys(['example_short_circuit_decorator']) retrieved from /Users/harut/opt/anaconda3/lib/python3.9/site-packages/airflow/example_dags/example_short_circuit_decorator.py
[2023-01-09T14:41:17.331+0400] {logging_mixin.py:137} INFO - [2023-01-09T14:41:17.331+0400] {dag.py:2676} INFO - Sync 1 DAGs
[2023-01-09T14:41:17.340+0400] {logging_mixin.py:137} INFO - [2023-01-09T14:41:17.340+0400] {dag.py:3423} INFO - Setting next_dagrun for example_short_circuit_decorator to 2023-01-08T10:41:17.340737+00:00, run_after=2023-01-09T10:41:17.340737+00:00
[2023-01-09T14:41:17.350+0400] {processor.py:175} INFO - Processing /Users/harut/opt/anaconda3/lib/python3.9/site-packages/airflow/example_dags/example_short_circuit_decorator.py took 0.434 seconds
[2023-01-09T14:42:33.392+0400] {processor.py:153} INFO - Started process (PID=13318) to work on /Users/harut/opt/anaconda3/lib/python3.9/site-packages/airflow/example_dags/example_short_circuit_decorator.py
[2023-01-09T14:42:33.392+0400] {processor.py:743} INFO - Processing file /Users/harut/opt/anaconda3/lib/python3.9/site-packages/airflow/example_dags/example_short_circuit_decorator.py for tasks to queue
[2023-01-09T14:42:33.392+0400] {logging_mixin.py:137} INFO - [2023-01-09T14:42:33.392+0400] {dagbag.py:538} INFO - Filling up the DagBag from /Users/harut/opt/anaconda3/lib/python3.9/site-packages/airflow/example_dags/example_short_circuit_decorator.py
[2023-01-09T14:42:33.424+0400] {processor.py:753} INFO - DAG(s) dict_keys(['example_short_circuit_decorator']) retrieved from /Users/harut/opt/anaconda3/lib/python3.9/site-packages/airflow/example_dags/example_short_circuit_decorator.py
[2023-01-09T14:42:33.802+0400] {logging_mixin.py:137} INFO - [2023-01-09T14:42:33.802+0400] {dag.py:2676} INFO - Sync 1 DAGs
[2023-01-09T14:42:33.813+0400] {logging_mixin.py:137} INFO - [2023-01-09T14:42:33.813+0400] {dag.py:3423} INFO - Setting next_dagrun for example_short_circuit_decorator to 2023-01-08T10:42:33.813049+00:00, run_after=2023-01-09T10:42:33.813049+00:00
[2023-01-09T14:42:33.823+0400] {processor.py:175} INFO - Processing /Users/harut/opt/anaconda3/lib/python3.9/site-packages/airflow/example_dags/example_short_circuit_decorator.py took 0.432 seconds
[2023-01-09T14:43:48.913+0400] {processor.py:153} INFO - Started process (PID=13361) to work on /Users/harut/opt/anaconda3/lib/python3.9/site-packages/airflow/example_dags/example_short_circuit_decorator.py
[2023-01-09T14:43:48.914+0400] {processor.py:743} INFO - Processing file /Users/harut/opt/anaconda3/lib/python3.9/site-packages/airflow/example_dags/example_short_circuit_decorator.py for tasks to queue
[2023-01-09T14:43:48.914+0400] {logging_mixin.py:137} INFO - [2023-01-09T14:43:48.914+0400] {dagbag.py:538} INFO - Filling up the DagBag from /Users/harut/opt/anaconda3/lib/python3.9/site-packages/airflow/example_dags/example_short_circuit_decorator.py
[2023-01-09T14:43:48.946+0400] {processor.py:753} INFO - DAG(s) dict_keys(['example_short_circuit_decorator']) retrieved from /Users/harut/opt/anaconda3/lib/python3.9/site-packages/airflow/example_dags/example_short_circuit_decorator.py
[2023-01-09T14:43:49.349+0400] {logging_mixin.py:137} INFO - [2023-01-09T14:43:49.349+0400] {dag.py:2676} INFO - Sync 1 DAGs
[2023-01-09T14:43:49.360+0400] {logging_mixin.py:137} INFO - [2023-01-09T14:43:49.360+0400] {dag.py:3423} INFO - Setting next_dagrun for example_short_circuit_decorator to 2023-01-08T10:43:49.360680+00:00, run_after=2023-01-09T10:43:49.360680+00:00
[2023-01-09T14:43:49.371+0400] {processor.py:175} INFO - Processing /Users/harut/opt/anaconda3/lib/python3.9/site-packages/airflow/example_dags/example_short_circuit_decorator.py took 0.459 seconds
[2023-01-09T14:45:10.328+0400] {processor.py:153} INFO - Started process (PID=13409) to work on /Users/harut/opt/anaconda3/lib/python3.9/site-packages/airflow/example_dags/example_short_circuit_decorator.py
[2023-01-09T14:45:10.328+0400] {processor.py:743} INFO - Processing file /Users/harut/opt/anaconda3/lib/python3.9/site-packages/airflow/example_dags/example_short_circuit_decorator.py for tasks to queue
[2023-01-09T14:45:10.329+0400] {logging_mixin.py:137} INFO - [2023-01-09T14:45:10.329+0400] {dagbag.py:538} INFO - Filling up the DagBag from /Users/harut/opt/anaconda3/lib/python3.9/site-packages/airflow/example_dags/example_short_circuit_decorator.py
[2023-01-09T14:45:10.360+0400] {processor.py:753} INFO - DAG(s) dict_keys(['example_short_circuit_decorator']) retrieved from /Users/harut/opt/anaconda3/lib/python3.9/site-packages/airflow/example_dags/example_short_circuit_decorator.py
[2023-01-09T14:45:10.726+0400] {logging_mixin.py:137} INFO - [2023-01-09T14:45:10.726+0400] {dag.py:2676} INFO - Sync 1 DAGs
[2023-01-09T14:45:10.735+0400] {logging_mixin.py:137} INFO - [2023-01-09T14:45:10.735+0400] {dag.py:3423} INFO - Setting next_dagrun for example_short_circuit_decorator to 2023-01-08T10:45:10.735734+00:00, run_after=2023-01-09T10:45:10.735734+00:00
[2023-01-09T14:45:10.745+0400] {processor.py:175} INFO - Processing /Users/harut/opt/anaconda3/lib/python3.9/site-packages/airflow/example_dags/example_short_circuit_decorator.py took 0.417 seconds
[2023-01-09T14:46:28.248+0400] {processor.py:153} INFO - Started process (PID=13458) to work on /Users/harut/opt/anaconda3/lib/python3.9/site-packages/airflow/example_dags/example_short_circuit_decorator.py
[2023-01-09T14:46:28.249+0400] {processor.py:743} INFO - Processing file /Users/harut/opt/anaconda3/lib/python3.9/site-packages/airflow/example_dags/example_short_circuit_decorator.py for tasks to queue
[2023-01-09T14:46:28.249+0400] {logging_mixin.py:137} INFO - [2023-01-09T14:46:28.249+0400] {dagbag.py:538} INFO - Filling up the DagBag from /Users/harut/opt/anaconda3/lib/python3.9/site-packages/airflow/example_dags/example_short_circuit_decorator.py
[2023-01-09T14:46:28.281+0400] {processor.py:753} INFO - DAG(s) dict_keys(['example_short_circuit_decorator']) retrieved from /Users/harut/opt/anaconda3/lib/python3.9/site-packages/airflow/example_dags/example_short_circuit_decorator.py
[2023-01-09T14:46:28.685+0400] {logging_mixin.py:137} INFO - [2023-01-09T14:46:28.685+0400] {dag.py:2676} INFO - Sync 1 DAGs
[2023-01-09T14:46:28.697+0400] {logging_mixin.py:137} INFO - [2023-01-09T14:46:28.697+0400] {dag.py:3423} INFO - Setting next_dagrun for example_short_circuit_decorator to 2023-01-08T10:46:28.696900+00:00, run_after=2023-01-09T10:46:28.696900+00:00
[2023-01-09T14:46:28.709+0400] {processor.py:175} INFO - Processing /Users/harut/opt/anaconda3/lib/python3.9/site-packages/airflow/example_dags/example_short_circuit_decorator.py took 0.461 seconds
[2023-01-09T14:47:48.008+0400] {processor.py:153} INFO - Started process (PID=13514) to work on /Users/harut/opt/anaconda3/lib/python3.9/site-packages/airflow/example_dags/example_short_circuit_decorator.py
[2023-01-09T14:47:48.008+0400] {processor.py:743} INFO - Processing file /Users/harut/opt/anaconda3/lib/python3.9/site-packages/airflow/example_dags/example_short_circuit_decorator.py for tasks to queue
[2023-01-09T14:47:48.009+0400] {logging_mixin.py:137} INFO - [2023-01-09T14:47:48.009+0400] {dagbag.py:538} INFO - Filling up the DagBag from /Users/harut/opt/anaconda3/lib/python3.9/site-packages/airflow/example_dags/example_short_circuit_decorator.py
[2023-01-09T14:47:48.039+0400] {processor.py:753} INFO - DAG(s) dict_keys(['example_short_circuit_decorator']) retrieved from /Users/harut/opt/anaconda3/lib/python3.9/site-packages/airflow/example_dags/example_short_circuit_decorator.py
[2023-01-09T14:47:48.421+0400] {logging_mixin.py:137} INFO - [2023-01-09T14:47:48.421+0400] {dag.py:2676} INFO - Sync 1 DAGs
[2023-01-09T14:47:48.431+0400] {logging_mixin.py:137} INFO - [2023-01-09T14:47:48.431+0400] {dag.py:3423} INFO - Setting next_dagrun for example_short_circuit_decorator to 2023-01-08T10:47:48.430921+00:00, run_after=2023-01-09T10:47:48.430921+00:00
[2023-01-09T14:47:48.441+0400] {processor.py:175} INFO - Processing /Users/harut/opt/anaconda3/lib/python3.9/site-packages/airflow/example_dags/example_short_circuit_decorator.py took 0.433 seconds
[2023-01-09T14:49:11.090+0400] {processor.py:153} INFO - Started process (PID=13559) to work on /Users/harut/opt/anaconda3/lib/python3.9/site-packages/airflow/example_dags/example_short_circuit_decorator.py
[2023-01-09T14:49:11.091+0400] {processor.py:743} INFO - Processing file /Users/harut/opt/anaconda3/lib/python3.9/site-packages/airflow/example_dags/example_short_circuit_decorator.py for tasks to queue
[2023-01-09T14:49:11.091+0400] {logging_mixin.py:137} INFO - [2023-01-09T14:49:11.091+0400] {dagbag.py:538} INFO - Filling up the DagBag from /Users/harut/opt/anaconda3/lib/python3.9/site-packages/airflow/example_dags/example_short_circuit_decorator.py
[2023-01-09T14:49:11.121+0400] {processor.py:753} INFO - DAG(s) dict_keys(['example_short_circuit_decorator']) retrieved from /Users/harut/opt/anaconda3/lib/python3.9/site-packages/airflow/example_dags/example_short_circuit_decorator.py
[2023-01-09T14:49:11.493+0400] {logging_mixin.py:137} INFO - [2023-01-09T14:49:11.493+0400] {dag.py:2676} INFO - Sync 1 DAGs
[2023-01-09T14:49:11.503+0400] {logging_mixin.py:137} INFO - [2023-01-09T14:49:11.503+0400] {dag.py:3423} INFO - Setting next_dagrun for example_short_circuit_decorator to 2023-01-08T10:49:11.503265+00:00, run_after=2023-01-09T10:49:11.503265+00:00
[2023-01-09T14:49:11.513+0400] {processor.py:175} INFO - Processing /Users/harut/opt/anaconda3/lib/python3.9/site-packages/airflow/example_dags/example_short_circuit_decorator.py took 0.423 seconds
[2023-01-09T14:50:33.073+0400] {processor.py:153} INFO - Started process (PID=13606) to work on /Users/harut/opt/anaconda3/lib/python3.9/site-packages/airflow/example_dags/example_short_circuit_decorator.py
[2023-01-09T14:50:33.073+0400] {processor.py:743} INFO - Processing file /Users/harut/opt/anaconda3/lib/python3.9/site-packages/airflow/example_dags/example_short_circuit_decorator.py for tasks to queue
[2023-01-09T14:50:33.074+0400] {logging_mixin.py:137} INFO - [2023-01-09T14:50:33.074+0400] {dagbag.py:538} INFO - Filling up the DagBag from /Users/harut/opt/anaconda3/lib/python3.9/site-packages/airflow/example_dags/example_short_circuit_decorator.py
[2023-01-09T14:50:33.106+0400] {processor.py:753} INFO - DAG(s) dict_keys(['example_short_circuit_decorator']) retrieved from /Users/harut/opt/anaconda3/lib/python3.9/site-packages/airflow/example_dags/example_short_circuit_decorator.py
[2023-01-09T14:50:33.495+0400] {logging_mixin.py:137} INFO - [2023-01-09T14:50:33.495+0400] {dag.py:2676} INFO - Sync 1 DAGs
[2023-01-09T14:50:33.504+0400] {logging_mixin.py:137} INFO - [2023-01-09T14:50:33.504+0400] {dag.py:3423} INFO - Setting next_dagrun for example_short_circuit_decorator to 2023-01-08T10:50:33.504688+00:00, run_after=2023-01-09T10:50:33.504688+00:00
[2023-01-09T14:50:33.514+0400] {processor.py:175} INFO - Processing /Users/harut/opt/anaconda3/lib/python3.9/site-packages/airflow/example_dags/example_short_circuit_decorator.py took 0.442 seconds
[2023-01-09T14:51:52.807+0400] {processor.py:153} INFO - Started process (PID=13659) to work on /Users/harut/opt/anaconda3/lib/python3.9/site-packages/airflow/example_dags/example_short_circuit_decorator.py
[2023-01-09T14:51:52.808+0400] {processor.py:743} INFO - Processing file /Users/harut/opt/anaconda3/lib/python3.9/site-packages/airflow/example_dags/example_short_circuit_decorator.py for tasks to queue
[2023-01-09T14:51:52.808+0400] {logging_mixin.py:137} INFO - [2023-01-09T14:51:52.808+0400] {dagbag.py:538} INFO - Filling up the DagBag from /Users/harut/opt/anaconda3/lib/python3.9/site-packages/airflow/example_dags/example_short_circuit_decorator.py
[2023-01-09T14:51:52.838+0400] {processor.py:753} INFO - DAG(s) dict_keys(['example_short_circuit_decorator']) retrieved from /Users/harut/opt/anaconda3/lib/python3.9/site-packages/airflow/example_dags/example_short_circuit_decorator.py
[2023-01-09T14:51:53.222+0400] {logging_mixin.py:137} INFO - [2023-01-09T14:51:53.221+0400] {dag.py:2676} INFO - Sync 1 DAGs
[2023-01-09T14:51:53.231+0400] {logging_mixin.py:137} INFO - [2023-01-09T14:51:53.231+0400] {dag.py:3423} INFO - Setting next_dagrun for example_short_circuit_decorator to 2023-01-08T10:51:53.231358+00:00, run_after=2023-01-09T10:51:53.231358+00:00
[2023-01-09T14:51:53.241+0400] {processor.py:175} INFO - Processing /Users/harut/opt/anaconda3/lib/python3.9/site-packages/airflow/example_dags/example_short_circuit_decorator.py took 0.434 seconds
[2023-01-09T14:53:12.864+0400] {processor.py:153} INFO - Started process (PID=13699) to work on /Users/harut/opt/anaconda3/lib/python3.9/site-packages/airflow/example_dags/example_short_circuit_decorator.py
[2023-01-09T14:53:12.865+0400] {processor.py:743} INFO - Processing file /Users/harut/opt/anaconda3/lib/python3.9/site-packages/airflow/example_dags/example_short_circuit_decorator.py for tasks to queue
[2023-01-09T14:53:12.865+0400] {logging_mixin.py:137} INFO - [2023-01-09T14:53:12.865+0400] {dagbag.py:538} INFO - Filling up the DagBag from /Users/harut/opt/anaconda3/lib/python3.9/site-packages/airflow/example_dags/example_short_circuit_decorator.py
[2023-01-09T14:53:12.895+0400] {processor.py:753} INFO - DAG(s) dict_keys(['example_short_circuit_decorator']) retrieved from /Users/harut/opt/anaconda3/lib/python3.9/site-packages/airflow/example_dags/example_short_circuit_decorator.py
[2023-01-09T14:53:13.273+0400] {logging_mixin.py:137} INFO - [2023-01-09T14:53:13.273+0400] {dag.py:2676} INFO - Sync 1 DAGs
[2023-01-09T14:53:13.283+0400] {logging_mixin.py:137} INFO - [2023-01-09T14:53:13.283+0400] {dag.py:3423} INFO - Setting next_dagrun for example_short_circuit_decorator to 2023-01-08T10:53:13.283238+00:00, run_after=2023-01-09T10:53:13.283238+00:00
[2023-01-09T14:53:13.293+0400] {processor.py:175} INFO - Processing /Users/harut/opt/anaconda3/lib/python3.9/site-packages/airflow/example_dags/example_short_circuit_decorator.py took 0.429 seconds
[2023-01-09T14:54:33.762+0400] {processor.py:153} INFO - Started process (PID=13747) to work on /Users/harut/opt/anaconda3/lib/python3.9/site-packages/airflow/example_dags/example_short_circuit_decorator.py
[2023-01-09T14:54:33.763+0400] {processor.py:743} INFO - Processing file /Users/harut/opt/anaconda3/lib/python3.9/site-packages/airflow/example_dags/example_short_circuit_decorator.py for tasks to queue
[2023-01-09T14:54:33.763+0400] {logging_mixin.py:137} INFO - [2023-01-09T14:54:33.763+0400] {dagbag.py:538} INFO - Filling up the DagBag from /Users/harut/opt/anaconda3/lib/python3.9/site-packages/airflow/example_dags/example_short_circuit_decorator.py
[2023-01-09T14:54:33.793+0400] {processor.py:753} INFO - DAG(s) dict_keys(['example_short_circuit_decorator']) retrieved from /Users/harut/opt/anaconda3/lib/python3.9/site-packages/airflow/example_dags/example_short_circuit_decorator.py
[2023-01-09T14:54:34.155+0400] {logging_mixin.py:137} INFO - [2023-01-09T14:54:34.155+0400] {dag.py:2676} INFO - Sync 1 DAGs
[2023-01-09T14:54:34.164+0400] {logging_mixin.py:137} INFO - [2023-01-09T14:54:34.164+0400] {dag.py:3423} INFO - Setting next_dagrun for example_short_circuit_decorator to 2023-01-08T10:54:34.164562+00:00, run_after=2023-01-09T10:54:34.164562+00:00
[2023-01-09T14:54:34.174+0400] {processor.py:175} INFO - Processing /Users/harut/opt/anaconda3/lib/python3.9/site-packages/airflow/example_dags/example_short_circuit_decorator.py took 0.412 seconds
[2023-01-09T14:55:55.919+0400] {processor.py:153} INFO - Started process (PID=13792) to work on /Users/harut/opt/anaconda3/lib/python3.9/site-packages/airflow/example_dags/example_short_circuit_decorator.py
[2023-01-09T14:55:55.920+0400] {processor.py:743} INFO - Processing file /Users/harut/opt/anaconda3/lib/python3.9/site-packages/airflow/example_dags/example_short_circuit_decorator.py for tasks to queue
[2023-01-09T14:55:55.920+0400] {logging_mixin.py:137} INFO - [2023-01-09T14:55:55.920+0400] {dagbag.py:538} INFO - Filling up the DagBag from /Users/harut/opt/anaconda3/lib/python3.9/site-packages/airflow/example_dags/example_short_circuit_decorator.py
[2023-01-09T14:55:55.950+0400] {processor.py:753} INFO - DAG(s) dict_keys(['example_short_circuit_decorator']) retrieved from /Users/harut/opt/anaconda3/lib/python3.9/site-packages/airflow/example_dags/example_short_circuit_decorator.py
[2023-01-09T14:55:56.316+0400] {logging_mixin.py:137} INFO - [2023-01-09T14:55:56.315+0400] {dag.py:2676} INFO - Sync 1 DAGs
[2023-01-09T14:55:56.325+0400] {logging_mixin.py:137} INFO - [2023-01-09T14:55:56.325+0400] {dag.py:3423} INFO - Setting next_dagrun for example_short_circuit_decorator to 2023-01-08T10:55:56.325316+00:00, run_after=2023-01-09T10:55:56.325316+00:00
[2023-01-09T14:55:56.334+0400] {processor.py:175} INFO - Processing /Users/harut/opt/anaconda3/lib/python3.9/site-packages/airflow/example_dags/example_short_circuit_decorator.py took 0.416 seconds
[2023-01-09T14:57:18.028+0400] {processor.py:153} INFO - Started process (PID=13837) to work on /Users/harut/opt/anaconda3/lib/python3.9/site-packages/airflow/example_dags/example_short_circuit_decorator.py
[2023-01-09T14:57:18.029+0400] {processor.py:743} INFO - Processing file /Users/harut/opt/anaconda3/lib/python3.9/site-packages/airflow/example_dags/example_short_circuit_decorator.py for tasks to queue
[2023-01-09T14:57:18.029+0400] {logging_mixin.py:137} INFO - [2023-01-09T14:57:18.029+0400] {dagbag.py:538} INFO - Filling up the DagBag from /Users/harut/opt/anaconda3/lib/python3.9/site-packages/airflow/example_dags/example_short_circuit_decorator.py
[2023-01-09T14:57:18.059+0400] {processor.py:753} INFO - DAG(s) dict_keys(['example_short_circuit_decorator']) retrieved from /Users/harut/opt/anaconda3/lib/python3.9/site-packages/airflow/example_dags/example_short_circuit_decorator.py
[2023-01-09T14:57:18.426+0400] {logging_mixin.py:137} INFO - [2023-01-09T14:57:18.426+0400] {dag.py:2676} INFO - Sync 1 DAGs
[2023-01-09T14:57:18.436+0400] {logging_mixin.py:137} INFO - [2023-01-09T14:57:18.436+0400] {dag.py:3423} INFO - Setting next_dagrun for example_short_circuit_decorator to 2023-01-08T10:57:18.436072+00:00, run_after=2023-01-09T10:57:18.436072+00:00
[2023-01-09T14:57:18.445+0400] {processor.py:175} INFO - Processing /Users/harut/opt/anaconda3/lib/python3.9/site-packages/airflow/example_dags/example_short_circuit_decorator.py took 0.417 seconds
[2023-01-09T14:58:38.925+0400] {processor.py:153} INFO - Started process (PID=13879) to work on /Users/harut/opt/anaconda3/lib/python3.9/site-packages/airflow/example_dags/example_short_circuit_decorator.py
[2023-01-09T14:58:38.926+0400] {processor.py:743} INFO - Processing file /Users/harut/opt/anaconda3/lib/python3.9/site-packages/airflow/example_dags/example_short_circuit_decorator.py for tasks to queue
[2023-01-09T14:58:38.926+0400] {logging_mixin.py:137} INFO - [2023-01-09T14:58:38.926+0400] {dagbag.py:538} INFO - Filling up the DagBag from /Users/harut/opt/anaconda3/lib/python3.9/site-packages/airflow/example_dags/example_short_circuit_decorator.py
[2023-01-09T14:58:38.956+0400] {processor.py:753} INFO - DAG(s) dict_keys(['example_short_circuit_decorator']) retrieved from /Users/harut/opt/anaconda3/lib/python3.9/site-packages/airflow/example_dags/example_short_circuit_decorator.py
[2023-01-09T14:58:39.315+0400] {logging_mixin.py:137} INFO - [2023-01-09T14:58:39.315+0400] {dag.py:2676} INFO - Sync 1 DAGs
[2023-01-09T14:58:39.324+0400] {logging_mixin.py:137} INFO - [2023-01-09T14:58:39.324+0400] {dag.py:3423} INFO - Setting next_dagrun for example_short_circuit_decorator to 2023-01-08T10:58:39.324796+00:00, run_after=2023-01-09T10:58:39.324796+00:00
[2023-01-09T14:58:39.334+0400] {processor.py:175} INFO - Processing /Users/harut/opt/anaconda3/lib/python3.9/site-packages/airflow/example_dags/example_short_circuit_decorator.py took 0.409 seconds
[2023-01-09T14:59:59.880+0400] {processor.py:153} INFO - Started process (PID=13925) to work on /Users/harut/opt/anaconda3/lib/python3.9/site-packages/airflow/example_dags/example_short_circuit_decorator.py
[2023-01-09T14:59:59.881+0400] {processor.py:743} INFO - Processing file /Users/harut/opt/anaconda3/lib/python3.9/site-packages/airflow/example_dags/example_short_circuit_decorator.py for tasks to queue
[2023-01-09T14:59:59.881+0400] {logging_mixin.py:137} INFO - [2023-01-09T14:59:59.881+0400] {dagbag.py:538} INFO - Filling up the DagBag from /Users/harut/opt/anaconda3/lib/python3.9/site-packages/airflow/example_dags/example_short_circuit_decorator.py
[2023-01-09T14:59:59.912+0400] {processor.py:753} INFO - DAG(s) dict_keys(['example_short_circuit_decorator']) retrieved from /Users/harut/opt/anaconda3/lib/python3.9/site-packages/airflow/example_dags/example_short_circuit_decorator.py
[2023-01-09T15:00:00.276+0400] {logging_mixin.py:137} INFO - [2023-01-09T15:00:00.276+0400] {dag.py:2676} INFO - Sync 1 DAGs
[2023-01-09T15:00:00.285+0400] {logging_mixin.py:137} INFO - [2023-01-09T15:00:00.285+0400] {dag.py:3423} INFO - Setting next_dagrun for example_short_circuit_decorator to 2023-01-08T11:00:00.285532+00:00, run_after=2023-01-09T11:00:00.285532+00:00
[2023-01-09T15:00:00.295+0400] {processor.py:175} INFO - Processing /Users/harut/opt/anaconda3/lib/python3.9/site-packages/airflow/example_dags/example_short_circuit_decorator.py took 0.415 seconds
[2023-01-09T15:01:20.503+0400] {processor.py:153} INFO - Started process (PID=13972) to work on /Users/harut/opt/anaconda3/lib/python3.9/site-packages/airflow/example_dags/example_short_circuit_decorator.py
[2023-01-09T15:01:20.504+0400] {processor.py:743} INFO - Processing file /Users/harut/opt/anaconda3/lib/python3.9/site-packages/airflow/example_dags/example_short_circuit_decorator.py for tasks to queue
[2023-01-09T15:01:20.504+0400] {logging_mixin.py:137} INFO - [2023-01-09T15:01:20.504+0400] {dagbag.py:538} INFO - Filling up the DagBag from /Users/harut/opt/anaconda3/lib/python3.9/site-packages/airflow/example_dags/example_short_circuit_decorator.py
[2023-01-09T15:01:20.533+0400] {processor.py:753} INFO - DAG(s) dict_keys(['example_short_circuit_decorator']) retrieved from /Users/harut/opt/anaconda3/lib/python3.9/site-packages/airflow/example_dags/example_short_circuit_decorator.py
[2023-01-09T15:01:20.897+0400] {logging_mixin.py:137} INFO - [2023-01-09T15:01:20.897+0400] {dag.py:2676} INFO - Sync 1 DAGs
[2023-01-09T15:01:20.907+0400] {logging_mixin.py:137} INFO - [2023-01-09T15:01:20.907+0400] {dag.py:3423} INFO - Setting next_dagrun for example_short_circuit_decorator to 2023-01-08T11:01:20.906985+00:00, run_after=2023-01-09T11:01:20.906985+00:00
[2023-01-09T15:01:20.916+0400] {processor.py:175} INFO - Processing /Users/harut/opt/anaconda3/lib/python3.9/site-packages/airflow/example_dags/example_short_circuit_decorator.py took 0.414 seconds
[2023-01-09T15:02:41.237+0400] {processor.py:153} INFO - Started process (PID=14016) to work on /Users/harut/opt/anaconda3/lib/python3.9/site-packages/airflow/example_dags/example_short_circuit_decorator.py
[2023-01-09T15:02:41.237+0400] {processor.py:743} INFO - Processing file /Users/harut/opt/anaconda3/lib/python3.9/site-packages/airflow/example_dags/example_short_circuit_decorator.py for tasks to queue
[2023-01-09T15:02:41.238+0400] {logging_mixin.py:137} INFO - [2023-01-09T15:02:41.238+0400] {dagbag.py:538} INFO - Filling up the DagBag from /Users/harut/opt/anaconda3/lib/python3.9/site-packages/airflow/example_dags/example_short_circuit_decorator.py
[2023-01-09T15:02:41.268+0400] {processor.py:753} INFO - DAG(s) dict_keys(['example_short_circuit_decorator']) retrieved from /Users/harut/opt/anaconda3/lib/python3.9/site-packages/airflow/example_dags/example_short_circuit_decorator.py
[2023-01-09T15:02:41.640+0400] {logging_mixin.py:137} INFO - [2023-01-09T15:02:41.640+0400] {dag.py:2676} INFO - Sync 1 DAGs
[2023-01-09T15:02:41.650+0400] {logging_mixin.py:137} INFO - [2023-01-09T15:02:41.650+0400] {dag.py:3423} INFO - Setting next_dagrun for example_short_circuit_decorator to 2023-01-08T11:02:41.650083+00:00, run_after=2023-01-09T11:02:41.650083+00:00
[2023-01-09T15:02:41.659+0400] {processor.py:175} INFO - Processing /Users/harut/opt/anaconda3/lib/python3.9/site-packages/airflow/example_dags/example_short_circuit_decorator.py took 0.423 seconds
[2023-01-09T15:04:03.473+0400] {processor.py:153} INFO - Started process (PID=14064) to work on /Users/harut/opt/anaconda3/lib/python3.9/site-packages/airflow/example_dags/example_short_circuit_decorator.py
[2023-01-09T15:04:03.474+0400] {processor.py:743} INFO - Processing file /Users/harut/opt/anaconda3/lib/python3.9/site-packages/airflow/example_dags/example_short_circuit_decorator.py for tasks to queue
[2023-01-09T15:04:03.474+0400] {logging_mixin.py:137} INFO - [2023-01-09T15:04:03.474+0400] {dagbag.py:538} INFO - Filling up the DagBag from /Users/harut/opt/anaconda3/lib/python3.9/site-packages/airflow/example_dags/example_short_circuit_decorator.py
[2023-01-09T15:04:03.503+0400] {processor.py:753} INFO - DAG(s) dict_keys(['example_short_circuit_decorator']) retrieved from /Users/harut/opt/anaconda3/lib/python3.9/site-packages/airflow/example_dags/example_short_circuit_decorator.py
[2023-01-09T15:04:03.865+0400] {logging_mixin.py:137} INFO - [2023-01-09T15:04:03.865+0400] {dag.py:2676} INFO - Sync 1 DAGs
[2023-01-09T15:04:03.875+0400] {logging_mixin.py:137} INFO - [2023-01-09T15:04:03.875+0400] {dag.py:3423} INFO - Setting next_dagrun for example_short_circuit_decorator to 2023-01-08T11:04:03.875008+00:00, run_after=2023-01-09T11:04:03.875008+00:00
[2023-01-09T15:04:03.884+0400] {processor.py:175} INFO - Processing /Users/harut/opt/anaconda3/lib/python3.9/site-packages/airflow/example_dags/example_short_circuit_decorator.py took 0.411 seconds
[2023-01-09T15:05:22.404+0400] {processor.py:153} INFO - Started process (PID=14111) to work on /Users/harut/opt/anaconda3/lib/python3.9/site-packages/airflow/example_dags/example_short_circuit_decorator.py
[2023-01-09T15:05:22.405+0400] {processor.py:743} INFO - Processing file /Users/harut/opt/anaconda3/lib/python3.9/site-packages/airflow/example_dags/example_short_circuit_decorator.py for tasks to queue
[2023-01-09T15:05:22.405+0400] {logging_mixin.py:137} INFO - [2023-01-09T15:05:22.405+0400] {dagbag.py:538} INFO - Filling up the DagBag from /Users/harut/opt/anaconda3/lib/python3.9/site-packages/airflow/example_dags/example_short_circuit_decorator.py
[2023-01-09T15:05:22.435+0400] {processor.py:753} INFO - DAG(s) dict_keys(['example_short_circuit_decorator']) retrieved from /Users/harut/opt/anaconda3/lib/python3.9/site-packages/airflow/example_dags/example_short_circuit_decorator.py
[2023-01-09T15:05:22.805+0400] {logging_mixin.py:137} INFO - [2023-01-09T15:05:22.805+0400] {dag.py:2676} INFO - Sync 1 DAGs
[2023-01-09T15:05:22.815+0400] {logging_mixin.py:137} INFO - [2023-01-09T15:05:22.814+0400] {dag.py:3423} INFO - Setting next_dagrun for example_short_circuit_decorator to 2023-01-08T11:05:22.814850+00:00, run_after=2023-01-09T11:05:22.814850+00:00
[2023-01-09T15:05:22.824+0400] {processor.py:175} INFO - Processing /Users/harut/opt/anaconda3/lib/python3.9/site-packages/airflow/example_dags/example_short_circuit_decorator.py took 0.421 seconds
[2023-01-09T15:06:43.947+0400] {processor.py:153} INFO - Started process (PID=14153) to work on /Users/harut/opt/anaconda3/lib/python3.9/site-packages/airflow/example_dags/example_short_circuit_decorator.py
[2023-01-09T15:06:43.948+0400] {processor.py:743} INFO - Processing file /Users/harut/opt/anaconda3/lib/python3.9/site-packages/airflow/example_dags/example_short_circuit_decorator.py for tasks to queue
[2023-01-09T15:06:43.948+0400] {logging_mixin.py:137} INFO - [2023-01-09T15:06:43.948+0400] {dagbag.py:538} INFO - Filling up the DagBag from /Users/harut/opt/anaconda3/lib/python3.9/site-packages/airflow/example_dags/example_short_circuit_decorator.py
[2023-01-09T15:06:43.978+0400] {processor.py:753} INFO - DAG(s) dict_keys(['example_short_circuit_decorator']) retrieved from /Users/harut/opt/anaconda3/lib/python3.9/site-packages/airflow/example_dags/example_short_circuit_decorator.py
[2023-01-09T15:06:44.340+0400] {logging_mixin.py:137} INFO - [2023-01-09T15:06:44.340+0400] {dag.py:2676} INFO - Sync 1 DAGs
[2023-01-09T15:06:44.349+0400] {logging_mixin.py:137} INFO - [2023-01-09T15:06:44.349+0400] {dag.py:3423} INFO - Setting next_dagrun for example_short_circuit_decorator to 2023-01-08T11:06:44.349555+00:00, run_after=2023-01-09T11:06:44.349555+00:00
[2023-01-09T15:06:44.359+0400] {processor.py:175} INFO - Processing /Users/harut/opt/anaconda3/lib/python3.9/site-packages/airflow/example_dags/example_short_circuit_decorator.py took 0.412 seconds
[2023-01-09T15:08:01.286+0400] {processor.py:153} INFO - Started process (PID=14196) to work on /Users/harut/opt/anaconda3/lib/python3.9/site-packages/airflow/example_dags/example_short_circuit_decorator.py
[2023-01-09T15:08:01.287+0400] {processor.py:743} INFO - Processing file /Users/harut/opt/anaconda3/lib/python3.9/site-packages/airflow/example_dags/example_short_circuit_decorator.py for tasks to queue
[2023-01-09T15:08:01.287+0400] {logging_mixin.py:137} INFO - [2023-01-09T15:08:01.287+0400] {dagbag.py:538} INFO - Filling up the DagBag from /Users/harut/opt/anaconda3/lib/python3.9/site-packages/airflow/example_dags/example_short_circuit_decorator.py
[2023-01-09T15:08:01.317+0400] {processor.py:753} INFO - DAG(s) dict_keys(['example_short_circuit_decorator']) retrieved from /Users/harut/opt/anaconda3/lib/python3.9/site-packages/airflow/example_dags/example_short_circuit_decorator.py
[2023-01-09T15:08:01.676+0400] {logging_mixin.py:137} INFO - [2023-01-09T15:08:01.676+0400] {dag.py:2676} INFO - Sync 1 DAGs
[2023-01-09T15:08:01.685+0400] {logging_mixin.py:137} INFO - [2023-01-09T15:08:01.685+0400] {dag.py:3423} INFO - Setting next_dagrun for example_short_circuit_decorator to 2023-01-08T11:08:01.685515+00:00, run_after=2023-01-09T11:08:01.685515+00:00
[2023-01-09T15:08:01.694+0400] {processor.py:175} INFO - Processing /Users/harut/opt/anaconda3/lib/python3.9/site-packages/airflow/example_dags/example_short_circuit_decorator.py took 0.408 seconds
[2023-01-09T15:09:22.432+0400] {processor.py:153} INFO - Started process (PID=14241) to work on /Users/harut/opt/anaconda3/lib/python3.9/site-packages/airflow/example_dags/example_short_circuit_decorator.py
[2023-01-09T15:09:22.433+0400] {processor.py:743} INFO - Processing file /Users/harut/opt/anaconda3/lib/python3.9/site-packages/airflow/example_dags/example_short_circuit_decorator.py for tasks to queue
[2023-01-09T15:09:22.433+0400] {logging_mixin.py:137} INFO - [2023-01-09T15:09:22.433+0400] {dagbag.py:538} INFO - Filling up the DagBag from /Users/harut/opt/anaconda3/lib/python3.9/site-packages/airflow/example_dags/example_short_circuit_decorator.py
[2023-01-09T15:09:22.463+0400] {processor.py:753} INFO - DAG(s) dict_keys(['example_short_circuit_decorator']) retrieved from /Users/harut/opt/anaconda3/lib/python3.9/site-packages/airflow/example_dags/example_short_circuit_decorator.py
[2023-01-09T15:09:22.822+0400] {logging_mixin.py:137} INFO - [2023-01-09T15:09:22.822+0400] {dag.py:2676} INFO - Sync 1 DAGs
[2023-01-09T15:09:22.831+0400] {logging_mixin.py:137} INFO - [2023-01-09T15:09:22.831+0400] {dag.py:3423} INFO - Setting next_dagrun for example_short_circuit_decorator to 2023-01-08T11:09:22.831447+00:00, run_after=2023-01-09T11:09:22.831447+00:00
[2023-01-09T15:09:22.841+0400] {processor.py:175} INFO - Processing /Users/harut/opt/anaconda3/lib/python3.9/site-packages/airflow/example_dags/example_short_circuit_decorator.py took 0.409 seconds
[2023-01-09T15:10:41.710+0400] {processor.py:153} INFO - Started process (PID=14287) to work on /Users/harut/opt/anaconda3/lib/python3.9/site-packages/airflow/example_dags/example_short_circuit_decorator.py
[2023-01-09T15:10:41.710+0400] {processor.py:743} INFO - Processing file /Users/harut/opt/anaconda3/lib/python3.9/site-packages/airflow/example_dags/example_short_circuit_decorator.py for tasks to queue
[2023-01-09T15:10:41.711+0400] {logging_mixin.py:137} INFO - [2023-01-09T15:10:41.711+0400] {dagbag.py:538} INFO - Filling up the DagBag from /Users/harut/opt/anaconda3/lib/python3.9/site-packages/airflow/example_dags/example_short_circuit_decorator.py
[2023-01-09T15:10:41.743+0400] {processor.py:753} INFO - DAG(s) dict_keys(['example_short_circuit_decorator']) retrieved from /Users/harut/opt/anaconda3/lib/python3.9/site-packages/airflow/example_dags/example_short_circuit_decorator.py
[2023-01-09T15:10:42.144+0400] {logging_mixin.py:137} INFO - [2023-01-09T15:10:42.144+0400] {dag.py:2676} INFO - Sync 1 DAGs
[2023-01-09T15:10:42.155+0400] {logging_mixin.py:137} INFO - [2023-01-09T15:10:42.155+0400] {dag.py:3423} INFO - Setting next_dagrun for example_short_circuit_decorator to 2023-01-08T11:10:42.154905+00:00, run_after=2023-01-09T11:10:42.154905+00:00
[2023-01-09T15:10:42.166+0400] {processor.py:175} INFO - Processing /Users/harut/opt/anaconda3/lib/python3.9/site-packages/airflow/example_dags/example_short_circuit_decorator.py took 0.456 seconds
[2023-01-09T15:12:04.609+0400] {processor.py:153} INFO - Started process (PID=14340) to work on /Users/harut/opt/anaconda3/lib/python3.9/site-packages/airflow/example_dags/example_short_circuit_decorator.py
[2023-01-09T15:12:04.610+0400] {processor.py:743} INFO - Processing file /Users/harut/opt/anaconda3/lib/python3.9/site-packages/airflow/example_dags/example_short_circuit_decorator.py for tasks to queue
[2023-01-09T15:12:04.610+0400] {logging_mixin.py:137} INFO - [2023-01-09T15:12:04.610+0400] {dagbag.py:538} INFO - Filling up the DagBag from /Users/harut/opt/anaconda3/lib/python3.9/site-packages/airflow/example_dags/example_short_circuit_decorator.py
[2023-01-09T15:12:04.642+0400] {processor.py:753} INFO - DAG(s) dict_keys(['example_short_circuit_decorator']) retrieved from /Users/harut/opt/anaconda3/lib/python3.9/site-packages/airflow/example_dags/example_short_circuit_decorator.py
[2023-01-09T15:12:05.042+0400] {logging_mixin.py:137} INFO - [2023-01-09T15:12:05.042+0400] {dag.py:2676} INFO - Sync 1 DAGs
[2023-01-09T15:12:05.053+0400] {logging_mixin.py:137} INFO - [2023-01-09T15:12:05.053+0400] {dag.py:3423} INFO - Setting next_dagrun for example_short_circuit_decorator to 2023-01-08T11:12:05.053119+00:00, run_after=2023-01-09T11:12:05.053119+00:00
[2023-01-09T15:12:05.064+0400] {processor.py:175} INFO - Processing /Users/harut/opt/anaconda3/lib/python3.9/site-packages/airflow/example_dags/example_short_circuit_decorator.py took 0.455 seconds
[2023-01-09T15:13:26.712+0400] {processor.py:153} INFO - Started process (PID=14383) to work on /Users/harut/opt/anaconda3/lib/python3.9/site-packages/airflow/example_dags/example_short_circuit_decorator.py
[2023-01-09T15:13:26.713+0400] {processor.py:743} INFO - Processing file /Users/harut/opt/anaconda3/lib/python3.9/site-packages/airflow/example_dags/example_short_circuit_decorator.py for tasks to queue
[2023-01-09T15:13:26.714+0400] {logging_mixin.py:137} INFO - [2023-01-09T15:13:26.713+0400] {dagbag.py:538} INFO - Filling up the DagBag from /Users/harut/opt/anaconda3/lib/python3.9/site-packages/airflow/example_dags/example_short_circuit_decorator.py
[2023-01-09T15:13:26.747+0400] {processor.py:753} INFO - DAG(s) dict_keys(['example_short_circuit_decorator']) retrieved from /Users/harut/opt/anaconda3/lib/python3.9/site-packages/airflow/example_dags/example_short_circuit_decorator.py
[2023-01-09T15:13:27.149+0400] {logging_mixin.py:137} INFO - [2023-01-09T15:13:27.148+0400] {dag.py:2676} INFO - Sync 1 DAGs
[2023-01-09T15:13:27.160+0400] {logging_mixin.py:137} INFO - [2023-01-09T15:13:27.160+0400] {dag.py:3423} INFO - Setting next_dagrun for example_short_circuit_decorator to 2023-01-08T11:13:27.160555+00:00, run_after=2023-01-09T11:13:27.160555+00:00
[2023-01-09T15:13:27.171+0400] {processor.py:175} INFO - Processing /Users/harut/opt/anaconda3/lib/python3.9/site-packages/airflow/example_dags/example_short_circuit_decorator.py took 0.459 seconds
[2023-01-09T15:14:50.877+0400] {processor.py:153} INFO - Started process (PID=14445) to work on /Users/harut/opt/anaconda3/lib/python3.9/site-packages/airflow/example_dags/example_short_circuit_decorator.py
[2023-01-09T15:14:50.877+0400] {processor.py:743} INFO - Processing file /Users/harut/opt/anaconda3/lib/python3.9/site-packages/airflow/example_dags/example_short_circuit_decorator.py for tasks to queue
[2023-01-09T15:14:50.878+0400] {logging_mixin.py:137} INFO - [2023-01-09T15:14:50.878+0400] {dagbag.py:538} INFO - Filling up the DagBag from /Users/harut/opt/anaconda3/lib/python3.9/site-packages/airflow/example_dags/example_short_circuit_decorator.py
[2023-01-09T15:14:50.912+0400] {processor.py:753} INFO - DAG(s) dict_keys(['example_short_circuit_decorator']) retrieved from /Users/harut/opt/anaconda3/lib/python3.9/site-packages/airflow/example_dags/example_short_circuit_decorator.py
[2023-01-09T15:14:51.337+0400] {logging_mixin.py:137} INFO - [2023-01-09T15:14:51.336+0400] {dag.py:2676} INFO - Sync 1 DAGs
[2023-01-09T15:14:51.347+0400] {logging_mixin.py:137} INFO - [2023-01-09T15:14:51.347+0400] {dag.py:3423} INFO - Setting next_dagrun for example_short_circuit_decorator to 2023-01-08T11:14:51.347653+00:00, run_after=2023-01-09T11:14:51.347653+00:00
[2023-01-09T15:14:51.358+0400] {processor.py:175} INFO - Processing /Users/harut/opt/anaconda3/lib/python3.9/site-packages/airflow/example_dags/example_short_circuit_decorator.py took 0.482 seconds
[2023-01-09T15:16:14.043+0400] {processor.py:153} INFO - Started process (PID=14504) to work on /Users/harut/opt/anaconda3/lib/python3.9/site-packages/airflow/example_dags/example_short_circuit_decorator.py
[2023-01-09T15:16:14.044+0400] {processor.py:743} INFO - Processing file /Users/harut/opt/anaconda3/lib/python3.9/site-packages/airflow/example_dags/example_short_circuit_decorator.py for tasks to queue
[2023-01-09T15:16:14.044+0400] {logging_mixin.py:137} INFO - [2023-01-09T15:16:14.044+0400] {dagbag.py:538} INFO - Filling up the DagBag from /Users/harut/opt/anaconda3/lib/python3.9/site-packages/airflow/example_dags/example_short_circuit_decorator.py
[2023-01-09T15:16:14.076+0400] {processor.py:753} INFO - DAG(s) dict_keys(['example_short_circuit_decorator']) retrieved from /Users/harut/opt/anaconda3/lib/python3.9/site-packages/airflow/example_dags/example_short_circuit_decorator.py
[2023-01-09T15:16:14.494+0400] {logging_mixin.py:137} INFO - [2023-01-09T15:16:14.494+0400] {dag.py:2676} INFO - Sync 1 DAGs
[2023-01-09T15:16:14.505+0400] {logging_mixin.py:137} INFO - [2023-01-09T15:16:14.505+0400] {dag.py:3423} INFO - Setting next_dagrun for example_short_circuit_decorator to 2023-01-08T11:16:14.505489+00:00, run_after=2023-01-09T11:16:14.505489+00:00
[2023-01-09T15:16:14.516+0400] {processor.py:175} INFO - Processing /Users/harut/opt/anaconda3/lib/python3.9/site-packages/airflow/example_dags/example_short_circuit_decorator.py took 0.474 seconds
[2023-01-09T15:17:36.866+0400] {processor.py:153} INFO - Started process (PID=14550) to work on /Users/harut/opt/anaconda3/lib/python3.9/site-packages/airflow/example_dags/example_short_circuit_decorator.py
[2023-01-09T15:17:36.867+0400] {processor.py:743} INFO - Processing file /Users/harut/opt/anaconda3/lib/python3.9/site-packages/airflow/example_dags/example_short_circuit_decorator.py for tasks to queue
[2023-01-09T15:17:36.867+0400] {logging_mixin.py:137} INFO - [2023-01-09T15:17:36.867+0400] {dagbag.py:538} INFO - Filling up the DagBag from /Users/harut/opt/anaconda3/lib/python3.9/site-packages/airflow/example_dags/example_short_circuit_decorator.py
[2023-01-09T15:17:36.897+0400] {processor.py:753} INFO - DAG(s) dict_keys(['example_short_circuit_decorator']) retrieved from /Users/harut/opt/anaconda3/lib/python3.9/site-packages/airflow/example_dags/example_short_circuit_decorator.py
[2023-01-09T15:17:37.270+0400] {logging_mixin.py:137} INFO - [2023-01-09T15:17:37.270+0400] {dag.py:2676} INFO - Sync 1 DAGs
[2023-01-09T15:17:37.280+0400] {logging_mixin.py:137} INFO - [2023-01-09T15:17:37.280+0400] {dag.py:3423} INFO - Setting next_dagrun for example_short_circuit_decorator to 2023-01-08T11:17:37.280012+00:00, run_after=2023-01-09T11:17:37.280012+00:00
[2023-01-09T15:17:37.289+0400] {processor.py:175} INFO - Processing /Users/harut/opt/anaconda3/lib/python3.9/site-packages/airflow/example_dags/example_short_circuit_decorator.py took 0.423 seconds
[2023-01-09T15:19:00.340+0400] {processor.py:153} INFO - Started process (PID=14595) to work on /Users/harut/opt/anaconda3/lib/python3.9/site-packages/airflow/example_dags/example_short_circuit_decorator.py
[2023-01-09T15:19:00.341+0400] {processor.py:743} INFO - Processing file /Users/harut/opt/anaconda3/lib/python3.9/site-packages/airflow/example_dags/example_short_circuit_decorator.py for tasks to queue
[2023-01-09T15:19:00.341+0400] {logging_mixin.py:137} INFO - [2023-01-09T15:19:00.341+0400] {dagbag.py:538} INFO - Filling up the DagBag from /Users/harut/opt/anaconda3/lib/python3.9/site-packages/airflow/example_dags/example_short_circuit_decorator.py
[2023-01-09T15:19:00.376+0400] {processor.py:753} INFO - DAG(s) dict_keys(['example_short_circuit_decorator']) retrieved from /Users/harut/opt/anaconda3/lib/python3.9/site-packages/airflow/example_dags/example_short_circuit_decorator.py
[2023-01-09T15:19:00.777+0400] {logging_mixin.py:137} INFO - [2023-01-09T15:19:00.777+0400] {dag.py:2676} INFO - Sync 1 DAGs
[2023-01-09T15:19:00.787+0400] {logging_mixin.py:137} INFO - [2023-01-09T15:19:00.787+0400] {dag.py:3423} INFO - Setting next_dagrun for example_short_circuit_decorator to 2023-01-08T11:19:00.787562+00:00, run_after=2023-01-09T11:19:00.787562+00:00
[2023-01-09T15:19:00.798+0400] {processor.py:175} INFO - Processing /Users/harut/opt/anaconda3/lib/python3.9/site-packages/airflow/example_dags/example_short_circuit_decorator.py took 0.458 seconds
[2023-01-09T15:20:23.954+0400] {processor.py:153} INFO - Started process (PID=14647) to work on /Users/harut/opt/anaconda3/lib/python3.9/site-packages/airflow/example_dags/example_short_circuit_decorator.py
[2023-01-09T15:20:23.955+0400] {processor.py:743} INFO - Processing file /Users/harut/opt/anaconda3/lib/python3.9/site-packages/airflow/example_dags/example_short_circuit_decorator.py for tasks to queue
[2023-01-09T15:20:23.955+0400] {logging_mixin.py:137} INFO - [2023-01-09T15:20:23.955+0400] {dagbag.py:538} INFO - Filling up the DagBag from /Users/harut/opt/anaconda3/lib/python3.9/site-packages/airflow/example_dags/example_short_circuit_decorator.py
[2023-01-09T15:20:23.987+0400] {processor.py:753} INFO - DAG(s) dict_keys(['example_short_circuit_decorator']) retrieved from /Users/harut/opt/anaconda3/lib/python3.9/site-packages/airflow/example_dags/example_short_circuit_decorator.py
[2023-01-09T15:20:24.374+0400] {logging_mixin.py:137} INFO - [2023-01-09T15:20:24.374+0400] {dag.py:2676} INFO - Sync 1 DAGs
[2023-01-09T15:20:24.384+0400] {logging_mixin.py:137} INFO - [2023-01-09T15:20:24.384+0400] {dag.py:3423} INFO - Setting next_dagrun for example_short_circuit_decorator to 2023-01-08T11:20:24.383910+00:00, run_after=2023-01-09T11:20:24.383910+00:00
[2023-01-09T15:20:24.393+0400] {processor.py:175} INFO - Processing /Users/harut/opt/anaconda3/lib/python3.9/site-packages/airflow/example_dags/example_short_circuit_decorator.py took 0.440 seconds
[2023-01-09T15:21:47.941+0400] {processor.py:153} INFO - Started process (PID=14705) to work on /Users/harut/opt/anaconda3/lib/python3.9/site-packages/airflow/example_dags/example_short_circuit_decorator.py
[2023-01-09T15:21:47.942+0400] {processor.py:743} INFO - Processing file /Users/harut/opt/anaconda3/lib/python3.9/site-packages/airflow/example_dags/example_short_circuit_decorator.py for tasks to queue
[2023-01-09T15:21:47.942+0400] {logging_mixin.py:137} INFO - [2023-01-09T15:21:47.942+0400] {dagbag.py:538} INFO - Filling up the DagBag from /Users/harut/opt/anaconda3/lib/python3.9/site-packages/airflow/example_dags/example_short_circuit_decorator.py
[2023-01-09T15:21:47.976+0400] {processor.py:753} INFO - DAG(s) dict_keys(['example_short_circuit_decorator']) retrieved from /Users/harut/opt/anaconda3/lib/python3.9/site-packages/airflow/example_dags/example_short_circuit_decorator.py
[2023-01-09T15:21:48.402+0400] {logging_mixin.py:137} INFO - [2023-01-09T15:21:48.402+0400] {dag.py:2676} INFO - Sync 1 DAGs
[2023-01-09T15:21:48.414+0400] {logging_mixin.py:137} INFO - [2023-01-09T15:21:48.414+0400] {dag.py:3423} INFO - Setting next_dagrun for example_short_circuit_decorator to 2023-01-08T11:21:48.414291+00:00, run_after=2023-01-09T11:21:48.414291+00:00
[2023-01-09T15:21:48.426+0400] {processor.py:175} INFO - Processing /Users/harut/opt/anaconda3/lib/python3.9/site-packages/airflow/example_dags/example_short_circuit_decorator.py took 0.486 seconds
[2023-01-09T15:23:10.729+0400] {processor.py:153} INFO - Started process (PID=14749) to work on /Users/harut/opt/anaconda3/lib/python3.9/site-packages/airflow/example_dags/example_short_circuit_decorator.py
[2023-01-09T15:23:10.730+0400] {processor.py:743} INFO - Processing file /Users/harut/opt/anaconda3/lib/python3.9/site-packages/airflow/example_dags/example_short_circuit_decorator.py for tasks to queue
[2023-01-09T15:23:10.731+0400] {logging_mixin.py:137} INFO - [2023-01-09T15:23:10.730+0400] {dagbag.py:538} INFO - Filling up the DagBag from /Users/harut/opt/anaconda3/lib/python3.9/site-packages/airflow/example_dags/example_short_circuit_decorator.py
[2023-01-09T15:23:10.766+0400] {processor.py:753} INFO - DAG(s) dict_keys(['example_short_circuit_decorator']) retrieved from /Users/harut/opt/anaconda3/lib/python3.9/site-packages/airflow/example_dags/example_short_circuit_decorator.py
[2023-01-09T15:23:11.192+0400] {logging_mixin.py:137} INFO - [2023-01-09T15:23:11.192+0400] {dag.py:2676} INFO - Sync 1 DAGs
[2023-01-09T15:23:11.204+0400] {logging_mixin.py:137} INFO - [2023-01-09T15:23:11.204+0400] {dag.py:3423} INFO - Setting next_dagrun for example_short_circuit_decorator to 2023-01-08T11:23:11.204323+00:00, run_after=2023-01-09T11:23:11.204323+00:00
[2023-01-09T15:23:11.215+0400] {processor.py:175} INFO - Processing /Users/harut/opt/anaconda3/lib/python3.9/site-packages/airflow/example_dags/example_short_circuit_decorator.py took 0.486 seconds
[2023-01-09T15:24:34.148+0400] {processor.py:153} INFO - Started process (PID=14793) to work on /Users/harut/opt/anaconda3/lib/python3.9/site-packages/airflow/example_dags/example_short_circuit_decorator.py
[2023-01-09T15:24:34.149+0400] {processor.py:743} INFO - Processing file /Users/harut/opt/anaconda3/lib/python3.9/site-packages/airflow/example_dags/example_short_circuit_decorator.py for tasks to queue
[2023-01-09T15:24:34.149+0400] {logging_mixin.py:137} INFO - [2023-01-09T15:24:34.149+0400] {dagbag.py:538} INFO - Filling up the DagBag from /Users/harut/opt/anaconda3/lib/python3.9/site-packages/airflow/example_dags/example_short_circuit_decorator.py
[2023-01-09T15:24:34.183+0400] {processor.py:753} INFO - DAG(s) dict_keys(['example_short_circuit_decorator']) retrieved from /Users/harut/opt/anaconda3/lib/python3.9/site-packages/airflow/example_dags/example_short_circuit_decorator.py
[2023-01-09T15:24:34.591+0400] {logging_mixin.py:137} INFO - [2023-01-09T15:24:34.591+0400] {dag.py:2676} INFO - Sync 1 DAGs
[2023-01-09T15:24:34.601+0400] {logging_mixin.py:137} INFO - [2023-01-09T15:24:34.601+0400] {dag.py:3423} INFO - Setting next_dagrun for example_short_circuit_decorator to 2023-01-08T11:24:34.601443+00:00, run_after=2023-01-09T11:24:34.601443+00:00
[2023-01-09T15:24:34.611+0400] {processor.py:175} INFO - Processing /Users/harut/opt/anaconda3/lib/python3.9/site-packages/airflow/example_dags/example_short_circuit_decorator.py took 0.463 seconds
[2023-01-09T15:25:58.215+0400] {processor.py:153} INFO - Started process (PID=14839) to work on /Users/harut/opt/anaconda3/lib/python3.9/site-packages/airflow/example_dags/example_short_circuit_decorator.py
[2023-01-09T15:25:58.215+0400] {processor.py:743} INFO - Processing file /Users/harut/opt/anaconda3/lib/python3.9/site-packages/airflow/example_dags/example_short_circuit_decorator.py for tasks to queue
[2023-01-09T15:25:58.216+0400] {logging_mixin.py:137} INFO - [2023-01-09T15:25:58.215+0400] {dagbag.py:538} INFO - Filling up the DagBag from /Users/harut/opt/anaconda3/lib/python3.9/site-packages/airflow/example_dags/example_short_circuit_decorator.py
[2023-01-09T15:25:58.247+0400] {processor.py:753} INFO - DAG(s) dict_keys(['example_short_circuit_decorator']) retrieved from /Users/harut/opt/anaconda3/lib/python3.9/site-packages/airflow/example_dags/example_short_circuit_decorator.py
[2023-01-09T15:25:58.624+0400] {logging_mixin.py:137} INFO - [2023-01-09T15:25:58.624+0400] {dag.py:2676} INFO - Sync 1 DAGs
[2023-01-09T15:25:58.634+0400] {logging_mixin.py:137} INFO - [2023-01-09T15:25:58.634+0400] {dag.py:3423} INFO - Setting next_dagrun for example_short_circuit_decorator to 2023-01-08T11:25:58.634101+00:00, run_after=2023-01-09T11:25:58.634101+00:00
[2023-01-09T15:25:58.643+0400] {processor.py:175} INFO - Processing /Users/harut/opt/anaconda3/lib/python3.9/site-packages/airflow/example_dags/example_short_circuit_decorator.py took 0.429 seconds
[2023-01-09T15:27:21.959+0400] {processor.py:153} INFO - Started process (PID=14883) to work on /Users/harut/opt/anaconda3/lib/python3.9/site-packages/airflow/example_dags/example_short_circuit_decorator.py
[2023-01-09T15:27:21.959+0400] {processor.py:743} INFO - Processing file /Users/harut/opt/anaconda3/lib/python3.9/site-packages/airflow/example_dags/example_short_circuit_decorator.py for tasks to queue
[2023-01-09T15:27:21.960+0400] {logging_mixin.py:137} INFO - [2023-01-09T15:27:21.960+0400] {dagbag.py:538} INFO - Filling up the DagBag from /Users/harut/opt/anaconda3/lib/python3.9/site-packages/airflow/example_dags/example_short_circuit_decorator.py
[2023-01-09T15:27:21.992+0400] {processor.py:753} INFO - DAG(s) dict_keys(['example_short_circuit_decorator']) retrieved from /Users/harut/opt/anaconda3/lib/python3.9/site-packages/airflow/example_dags/example_short_circuit_decorator.py
[2023-01-09T15:27:22.399+0400] {logging_mixin.py:137} INFO - [2023-01-09T15:27:22.399+0400] {dag.py:2676} INFO - Sync 1 DAGs
[2023-01-09T15:27:22.411+0400] {logging_mixin.py:137} INFO - [2023-01-09T15:27:22.410+0400] {dag.py:3423} INFO - Setting next_dagrun for example_short_circuit_decorator to 2023-01-08T11:27:22.410871+00:00, run_after=2023-01-09T11:27:22.410871+00:00
[2023-01-09T15:27:22.421+0400] {processor.py:175} INFO - Processing /Users/harut/opt/anaconda3/lib/python3.9/site-packages/airflow/example_dags/example_short_circuit_decorator.py took 0.463 seconds
[2023-01-09T15:28:45.787+0400] {processor.py:153} INFO - Started process (PID=14935) to work on /Users/harut/opt/anaconda3/lib/python3.9/site-packages/airflow/example_dags/example_short_circuit_decorator.py
[2023-01-09T15:28:45.788+0400] {processor.py:743} INFO - Processing file /Users/harut/opt/anaconda3/lib/python3.9/site-packages/airflow/example_dags/example_short_circuit_decorator.py for tasks to queue
[2023-01-09T15:28:45.788+0400] {logging_mixin.py:137} INFO - [2023-01-09T15:28:45.788+0400] {dagbag.py:538} INFO - Filling up the DagBag from /Users/harut/opt/anaconda3/lib/python3.9/site-packages/airflow/example_dags/example_short_circuit_decorator.py
[2023-01-09T15:28:45.823+0400] {processor.py:753} INFO - DAG(s) dict_keys(['example_short_circuit_decorator']) retrieved from /Users/harut/opt/anaconda3/lib/python3.9/site-packages/airflow/example_dags/example_short_circuit_decorator.py
[2023-01-09T15:28:46.248+0400] {logging_mixin.py:137} INFO - [2023-01-09T15:28:46.248+0400] {dag.py:2676} INFO - Sync 1 DAGs
[2023-01-09T15:28:46.260+0400] {logging_mixin.py:137} INFO - [2023-01-09T15:28:46.260+0400] {dag.py:3423} INFO - Setting next_dagrun for example_short_circuit_decorator to 2023-01-08T11:28:46.260128+00:00, run_after=2023-01-09T11:28:46.260128+00:00
[2023-01-09T15:28:46.272+0400] {processor.py:175} INFO - Processing /Users/harut/opt/anaconda3/lib/python3.9/site-packages/airflow/example_dags/example_short_circuit_decorator.py took 0.485 seconds
[2023-01-09T15:30:05.515+0400] {processor.py:153} INFO - Started process (PID=14981) to work on /Users/harut/opt/anaconda3/lib/python3.9/site-packages/airflow/example_dags/example_short_circuit_decorator.py
[2023-01-09T15:30:05.515+0400] {processor.py:743} INFO - Processing file /Users/harut/opt/anaconda3/lib/python3.9/site-packages/airflow/example_dags/example_short_circuit_decorator.py for tasks to queue
[2023-01-09T15:30:05.515+0400] {logging_mixin.py:137} INFO - [2023-01-09T15:30:05.515+0400] {dagbag.py:538} INFO - Filling up the DagBag from /Users/harut/opt/anaconda3/lib/python3.9/site-packages/airflow/example_dags/example_short_circuit_decorator.py
[2023-01-09T15:30:05.547+0400] {processor.py:753} INFO - DAG(s) dict_keys(['example_short_circuit_decorator']) retrieved from /Users/harut/opt/anaconda3/lib/python3.9/site-packages/airflow/example_dags/example_short_circuit_decorator.py
[2023-01-09T15:30:05.929+0400] {logging_mixin.py:137} INFO - [2023-01-09T15:30:05.929+0400] {dag.py:2676} INFO - Sync 1 DAGs
[2023-01-09T15:30:05.938+0400] {logging_mixin.py:137} INFO - [2023-01-09T15:30:05.938+0400] {dag.py:3423} INFO - Setting next_dagrun for example_short_circuit_decorator to 2023-01-08T11:30:05.938712+00:00, run_after=2023-01-09T11:30:05.938712+00:00
[2023-01-09T15:30:05.948+0400] {processor.py:175} INFO - Processing /Users/harut/opt/anaconda3/lib/python3.9/site-packages/airflow/example_dags/example_short_circuit_decorator.py took 0.434 seconds
[2023-01-09T15:31:28.313+0400] {processor.py:153} INFO - Started process (PID=15027) to work on /Users/harut/opt/anaconda3/lib/python3.9/site-packages/airflow/example_dags/example_short_circuit_decorator.py
[2023-01-09T15:31:28.314+0400] {processor.py:743} INFO - Processing file /Users/harut/opt/anaconda3/lib/python3.9/site-packages/airflow/example_dags/example_short_circuit_decorator.py for tasks to queue
[2023-01-09T15:31:28.314+0400] {logging_mixin.py:137} INFO - [2023-01-09T15:31:28.314+0400] {dagbag.py:538} INFO - Filling up the DagBag from /Users/harut/opt/anaconda3/lib/python3.9/site-packages/airflow/example_dags/example_short_circuit_decorator.py
[2023-01-09T15:31:28.345+0400] {processor.py:753} INFO - DAG(s) dict_keys(['example_short_circuit_decorator']) retrieved from /Users/harut/opt/anaconda3/lib/python3.9/site-packages/airflow/example_dags/example_short_circuit_decorator.py
[2023-01-09T15:31:28.733+0400] {logging_mixin.py:137} INFO - [2023-01-09T15:31:28.733+0400] {dag.py:2676} INFO - Sync 1 DAGs
[2023-01-09T15:31:28.743+0400] {logging_mixin.py:137} INFO - [2023-01-09T15:31:28.742+0400] {dag.py:3423} INFO - Setting next_dagrun for example_short_circuit_decorator to 2023-01-08T11:31:28.742870+00:00, run_after=2023-01-09T11:31:28.742870+00:00
[2023-01-09T15:31:28.753+0400] {processor.py:175} INFO - Processing /Users/harut/opt/anaconda3/lib/python3.9/site-packages/airflow/example_dags/example_short_circuit_decorator.py took 0.440 seconds
[2023-01-09T15:32:51.445+0400] {processor.py:153} INFO - Started process (PID=15073) to work on /Users/harut/opt/anaconda3/lib/python3.9/site-packages/airflow/example_dags/example_short_circuit_decorator.py
[2023-01-09T15:32:51.446+0400] {processor.py:743} INFO - Processing file /Users/harut/opt/anaconda3/lib/python3.9/site-packages/airflow/example_dags/example_short_circuit_decorator.py for tasks to queue
[2023-01-09T15:32:51.446+0400] {logging_mixin.py:137} INFO - [2023-01-09T15:32:51.446+0400] {dagbag.py:538} INFO - Filling up the DagBag from /Users/harut/opt/anaconda3/lib/python3.9/site-packages/airflow/example_dags/example_short_circuit_decorator.py
[2023-01-09T15:32:51.481+0400] {processor.py:753} INFO - DAG(s) dict_keys(['example_short_circuit_decorator']) retrieved from /Users/harut/opt/anaconda3/lib/python3.9/site-packages/airflow/example_dags/example_short_circuit_decorator.py
[2023-01-09T15:32:51.917+0400] {logging_mixin.py:137} INFO - [2023-01-09T15:32:51.917+0400] {dag.py:2676} INFO - Sync 1 DAGs
[2023-01-09T15:32:51.928+0400] {logging_mixin.py:137} INFO - [2023-01-09T15:32:51.928+0400] {dag.py:3423} INFO - Setting next_dagrun for example_short_circuit_decorator to 2023-01-08T11:32:51.928057+00:00, run_after=2023-01-09T11:32:51.928057+00:00
[2023-01-09T15:32:51.940+0400] {processor.py:175} INFO - Processing /Users/harut/opt/anaconda3/lib/python3.9/site-packages/airflow/example_dags/example_short_circuit_decorator.py took 0.495 seconds
[2023-01-09T15:34:15.838+0400] {processor.py:153} INFO - Started process (PID=15118) to work on /Users/harut/opt/anaconda3/lib/python3.9/site-packages/airflow/example_dags/example_short_circuit_decorator.py
[2023-01-09T15:34:15.838+0400] {processor.py:743} INFO - Processing file /Users/harut/opt/anaconda3/lib/python3.9/site-packages/airflow/example_dags/example_short_circuit_decorator.py for tasks to queue
[2023-01-09T15:34:15.839+0400] {logging_mixin.py:137} INFO - [2023-01-09T15:34:15.839+0400] {dagbag.py:538} INFO - Filling up the DagBag from /Users/harut/opt/anaconda3/lib/python3.9/site-packages/airflow/example_dags/example_short_circuit_decorator.py
[2023-01-09T15:34:15.873+0400] {processor.py:753} INFO - DAG(s) dict_keys(['example_short_circuit_decorator']) retrieved from /Users/harut/opt/anaconda3/lib/python3.9/site-packages/airflow/example_dags/example_short_circuit_decorator.py
[2023-01-09T15:34:16.289+0400] {logging_mixin.py:137} INFO - [2023-01-09T15:34:16.289+0400] {dag.py:2676} INFO - Sync 1 DAGs
[2023-01-09T15:34:16.299+0400] {logging_mixin.py:137} INFO - [2023-01-09T15:34:16.299+0400] {dag.py:3423} INFO - Setting next_dagrun for example_short_circuit_decorator to 2023-01-08T11:34:16.299766+00:00, run_after=2023-01-09T11:34:16.299766+00:00
[2023-01-09T15:34:16.311+0400] {processor.py:175} INFO - Processing /Users/harut/opt/anaconda3/lib/python3.9/site-packages/airflow/example_dags/example_short_circuit_decorator.py took 0.473 seconds
[2023-01-09T15:35:39.632+0400] {processor.py:153} INFO - Started process (PID=15169) to work on /Users/harut/opt/anaconda3/lib/python3.9/site-packages/airflow/example_dags/example_short_circuit_decorator.py
[2023-01-09T15:35:39.632+0400] {processor.py:743} INFO - Processing file /Users/harut/opt/anaconda3/lib/python3.9/site-packages/airflow/example_dags/example_short_circuit_decorator.py for tasks to queue
[2023-01-09T15:35:39.633+0400] {logging_mixin.py:137} INFO - [2023-01-09T15:35:39.633+0400] {dagbag.py:538} INFO - Filling up the DagBag from /Users/harut/opt/anaconda3/lib/python3.9/site-packages/airflow/example_dags/example_short_circuit_decorator.py
[2023-01-09T15:35:39.664+0400] {processor.py:753} INFO - DAG(s) dict_keys(['example_short_circuit_decorator']) retrieved from /Users/harut/opt/anaconda3/lib/python3.9/site-packages/airflow/example_dags/example_short_circuit_decorator.py
[2023-01-09T15:35:40.064+0400] {logging_mixin.py:137} INFO - [2023-01-09T15:35:40.064+0400] {dag.py:2676} INFO - Sync 1 DAGs
[2023-01-09T15:35:40.076+0400] {logging_mixin.py:137} INFO - [2023-01-09T15:35:40.076+0400] {dag.py:3423} INFO - Setting next_dagrun for example_short_circuit_decorator to 2023-01-08T11:35:40.076480+00:00, run_after=2023-01-09T11:35:40.076480+00:00
[2023-01-09T15:35:40.088+0400] {processor.py:175} INFO - Processing /Users/harut/opt/anaconda3/lib/python3.9/site-packages/airflow/example_dags/example_short_circuit_decorator.py took 0.456 seconds
[2023-01-09T15:37:02.228+0400] {processor.py:153} INFO - Started process (PID=15229) to work on /Users/harut/opt/anaconda3/lib/python3.9/site-packages/airflow/example_dags/example_short_circuit_decorator.py
[2023-01-09T15:37:02.229+0400] {processor.py:743} INFO - Processing file /Users/harut/opt/anaconda3/lib/python3.9/site-packages/airflow/example_dags/example_short_circuit_decorator.py for tasks to queue
[2023-01-09T15:37:02.229+0400] {logging_mixin.py:137} INFO - [2023-01-09T15:37:02.229+0400] {dagbag.py:538} INFO - Filling up the DagBag from /Users/harut/opt/anaconda3/lib/python3.9/site-packages/airflow/example_dags/example_short_circuit_decorator.py
[2023-01-09T15:37:02.262+0400] {processor.py:753} INFO - DAG(s) dict_keys(['example_short_circuit_decorator']) retrieved from /Users/harut/opt/anaconda3/lib/python3.9/site-packages/airflow/example_dags/example_short_circuit_decorator.py
[2023-01-09T15:37:02.663+0400] {logging_mixin.py:137} INFO - [2023-01-09T15:37:02.663+0400] {dag.py:2676} INFO - Sync 1 DAGs
[2023-01-09T15:37:02.673+0400] {logging_mixin.py:137} INFO - [2023-01-09T15:37:02.673+0400] {dag.py:3423} INFO - Setting next_dagrun for example_short_circuit_decorator to 2023-01-08T11:37:02.673169+00:00, run_after=2023-01-09T11:37:02.673169+00:00
[2023-01-09T15:37:02.683+0400] {processor.py:175} INFO - Processing /Users/harut/opt/anaconda3/lib/python3.9/site-packages/airflow/example_dags/example_short_circuit_decorator.py took 0.455 seconds
[2023-01-09T15:38:24.518+0400] {processor.py:153} INFO - Started process (PID=15271) to work on /Users/harut/opt/anaconda3/lib/python3.9/site-packages/airflow/example_dags/example_short_circuit_decorator.py
[2023-01-09T15:38:24.518+0400] {processor.py:743} INFO - Processing file /Users/harut/opt/anaconda3/lib/python3.9/site-packages/airflow/example_dags/example_short_circuit_decorator.py for tasks to queue
[2023-01-09T15:38:24.519+0400] {logging_mixin.py:137} INFO - [2023-01-09T15:38:24.519+0400] {dagbag.py:538} INFO - Filling up the DagBag from /Users/harut/opt/anaconda3/lib/python3.9/site-packages/airflow/example_dags/example_short_circuit_decorator.py
[2023-01-09T15:38:24.550+0400] {processor.py:753} INFO - DAG(s) dict_keys(['example_short_circuit_decorator']) retrieved from /Users/harut/opt/anaconda3/lib/python3.9/site-packages/airflow/example_dags/example_short_circuit_decorator.py
[2023-01-09T15:38:24.914+0400] {logging_mixin.py:137} INFO - [2023-01-09T15:38:24.914+0400] {dag.py:2676} INFO - Sync 1 DAGs
[2023-01-09T15:38:24.924+0400] {logging_mixin.py:137} INFO - [2023-01-09T15:38:24.924+0400] {dag.py:3423} INFO - Setting next_dagrun for example_short_circuit_decorator to 2023-01-08T11:38:24.924133+00:00, run_after=2023-01-09T11:38:24.924133+00:00
[2023-01-09T15:38:24.933+0400] {processor.py:175} INFO - Processing /Users/harut/opt/anaconda3/lib/python3.9/site-packages/airflow/example_dags/example_short_circuit_decorator.py took 0.416 seconds
[2023-01-09T15:39:46.762+0400] {processor.py:153} INFO - Started process (PID=15315) to work on /Users/harut/opt/anaconda3/lib/python3.9/site-packages/airflow/example_dags/example_short_circuit_decorator.py
[2023-01-09T15:39:46.762+0400] {processor.py:743} INFO - Processing file /Users/harut/opt/anaconda3/lib/python3.9/site-packages/airflow/example_dags/example_short_circuit_decorator.py for tasks to queue
[2023-01-09T15:39:46.763+0400] {logging_mixin.py:137} INFO - [2023-01-09T15:39:46.763+0400] {dagbag.py:538} INFO - Filling up the DagBag from /Users/harut/opt/anaconda3/lib/python3.9/site-packages/airflow/example_dags/example_short_circuit_decorator.py
[2023-01-09T15:39:46.793+0400] {processor.py:753} INFO - DAG(s) dict_keys(['example_short_circuit_decorator']) retrieved from /Users/harut/opt/anaconda3/lib/python3.9/site-packages/airflow/example_dags/example_short_circuit_decorator.py
[2023-01-09T15:39:47.163+0400] {logging_mixin.py:137} INFO - [2023-01-09T15:39:47.163+0400] {dag.py:2676} INFO - Sync 1 DAGs
[2023-01-09T15:39:47.172+0400] {logging_mixin.py:137} INFO - [2023-01-09T15:39:47.172+0400] {dag.py:3423} INFO - Setting next_dagrun for example_short_circuit_decorator to 2023-01-08T11:39:47.172719+00:00, run_after=2023-01-09T11:39:47.172719+00:00
[2023-01-09T15:39:47.182+0400] {processor.py:175} INFO - Processing /Users/harut/opt/anaconda3/lib/python3.9/site-packages/airflow/example_dags/example_short_circuit_decorator.py took 0.421 seconds
[2023-01-09T15:41:06.593+0400] {processor.py:153} INFO - Started process (PID=15372) to work on /Users/harut/opt/anaconda3/lib/python3.9/site-packages/airflow/example_dags/example_short_circuit_decorator.py
[2023-01-09T15:41:06.594+0400] {processor.py:743} INFO - Processing file /Users/harut/opt/anaconda3/lib/python3.9/site-packages/airflow/example_dags/example_short_circuit_decorator.py for tasks to queue
[2023-01-09T15:41:06.594+0400] {logging_mixin.py:137} INFO - [2023-01-09T15:41:06.594+0400] {dagbag.py:538} INFO - Filling up the DagBag from /Users/harut/opt/anaconda3/lib/python3.9/site-packages/airflow/example_dags/example_short_circuit_decorator.py
[2023-01-09T15:41:06.625+0400] {processor.py:753} INFO - DAG(s) dict_keys(['example_short_circuit_decorator']) retrieved from /Users/harut/opt/anaconda3/lib/python3.9/site-packages/airflow/example_dags/example_short_circuit_decorator.py
[2023-01-09T15:41:07.006+0400] {logging_mixin.py:137} INFO - [2023-01-09T15:41:07.006+0400] {dag.py:2676} INFO - Sync 1 DAGs
[2023-01-09T15:41:07.017+0400] {logging_mixin.py:137} INFO - [2023-01-09T15:41:07.017+0400] {dag.py:3423} INFO - Setting next_dagrun for example_short_circuit_decorator to 2023-01-08T11:41:07.017669+00:00, run_after=2023-01-09T11:41:07.017669+00:00
[2023-01-09T15:41:07.028+0400] {processor.py:175} INFO - Processing /Users/harut/opt/anaconda3/lib/python3.9/site-packages/airflow/example_dags/example_short_circuit_decorator.py took 0.435 seconds
