[2023-01-09T14:16:40.003+0400] {processor.py:153} INFO - Started process (PID=12402) to work on /Users/harut/opt/anaconda3/lib/python3.9/site-packages/airflow/example_dags/example_xcom.py
[2023-01-09T14:16:40.003+0400] {processor.py:743} INFO - Processing file /Users/harut/opt/anaconda3/lib/python3.9/site-packages/airflow/example_dags/example_xcom.py for tasks to queue
[2023-01-09T14:16:40.004+0400] {logging_mixin.py:137} INFO - [2023-01-09T14:16:40.004+0400] {dagbag.py:538} INFO - Filling up the DagBag from /Users/harut/opt/anaconda3/lib/python3.9/site-packages/airflow/example_dags/example_xcom.py
[2023-01-09T14:16:40.036+0400] {processor.py:753} INFO - DAG(s) dict_keys(['example_xcom']) retrieved from /Users/harut/opt/anaconda3/lib/python3.9/site-packages/airflow/example_dags/example_xcom.py
[2023-01-09T14:16:40.082+0400] {logging_mixin.py:137} INFO - [2023-01-09T14:16:40.082+0400] {dag.py:2676} INFO - Sync 1 DAGs
[2023-01-09T14:16:40.416+0400] {logging_mixin.py:137} INFO - [2023-01-09T14:16:40.416+0400] {dag.py:3423} INFO - Setting next_dagrun for example_xcom to 2021-01-01T00:00:00+00:00, run_after=2021-01-01T00:00:00+00:00
[2023-01-09T14:16:40.427+0400] {processor.py:175} INFO - Processing /Users/harut/opt/anaconda3/lib/python3.9/site-packages/airflow/example_dags/example_xcom.py took 0.424 seconds
[2023-01-09T14:18:02.390+0400] {processor.py:153} INFO - Started process (PID=12445) to work on /Users/harut/opt/anaconda3/lib/python3.9/site-packages/airflow/example_dags/example_xcom.py
[2023-01-09T14:18:02.390+0400] {processor.py:743} INFO - Processing file /Users/harut/opt/anaconda3/lib/python3.9/site-packages/airflow/example_dags/example_xcom.py for tasks to queue
[2023-01-09T14:18:02.391+0400] {logging_mixin.py:137} INFO - [2023-01-09T14:18:02.391+0400] {dagbag.py:538} INFO - Filling up the DagBag from /Users/harut/opt/anaconda3/lib/python3.9/site-packages/airflow/example_dags/example_xcom.py
[2023-01-09T14:18:02.420+0400] {processor.py:753} INFO - DAG(s) dict_keys(['example_xcom']) retrieved from /Users/harut/opt/anaconda3/lib/python3.9/site-packages/airflow/example_dags/example_xcom.py
[2023-01-09T14:18:02.800+0400] {logging_mixin.py:137} INFO - [2023-01-09T14:18:02.800+0400] {dag.py:2676} INFO - Sync 1 DAGs
[2023-01-09T14:18:02.811+0400] {logging_mixin.py:137} INFO - [2023-01-09T14:18:02.811+0400] {dag.py:3423} INFO - Setting next_dagrun for example_xcom to 2021-01-01T00:00:00+00:00, run_after=2021-01-01T00:00:00+00:00
[2023-01-09T14:18:02.821+0400] {processor.py:175} INFO - Processing /Users/harut/opt/anaconda3/lib/python3.9/site-packages/airflow/example_dags/example_xcom.py took 0.432 seconds
[2023-01-09T14:19:11.662+0400] {processor.py:153} INFO - Started process (PID=12500) to work on /Users/harut/opt/anaconda3/lib/python3.9/site-packages/airflow/example_dags/example_xcom.py
[2023-01-09T14:19:11.663+0400] {processor.py:743} INFO - Processing file /Users/harut/opt/anaconda3/lib/python3.9/site-packages/airflow/example_dags/example_xcom.py for tasks to queue
[2023-01-09T14:19:11.663+0400] {logging_mixin.py:137} INFO - [2023-01-09T14:19:11.663+0400] {dagbag.py:538} INFO - Filling up the DagBag from /Users/harut/opt/anaconda3/lib/python3.9/site-packages/airflow/example_dags/example_xcom.py
[2023-01-09T14:19:11.698+0400] {processor.py:753} INFO - DAG(s) dict_keys(['example_xcom']) retrieved from /Users/harut/opt/anaconda3/lib/python3.9/site-packages/airflow/example_dags/example_xcom.py
[2023-01-09T14:19:12.112+0400] {logging_mixin.py:137} INFO - [2023-01-09T14:19:12.112+0400] {dag.py:2676} INFO - Sync 1 DAGs
[2023-01-09T14:19:12.130+0400] {logging_mixin.py:137} INFO - [2023-01-09T14:19:12.130+0400] {dag.py:3423} INFO - Setting next_dagrun for example_xcom to 2021-01-01T00:00:00+00:00, run_after=2021-01-01T00:00:00+00:00
[2023-01-09T14:19:12.154+0400] {processor.py:175} INFO - Processing /Users/harut/opt/anaconda3/lib/python3.9/site-packages/airflow/example_dags/example_xcom.py took 0.492 seconds
[2023-01-09T14:20:25.666+0400] {processor.py:153} INFO - Started process (PID=12538) to work on /Users/harut/opt/anaconda3/lib/python3.9/site-packages/airflow/example_dags/example_xcom.py
[2023-01-09T14:20:25.667+0400] {processor.py:743} INFO - Processing file /Users/harut/opt/anaconda3/lib/python3.9/site-packages/airflow/example_dags/example_xcom.py for tasks to queue
[2023-01-09T14:20:25.667+0400] {logging_mixin.py:137} INFO - [2023-01-09T14:20:25.667+0400] {dagbag.py:538} INFO - Filling up the DagBag from /Users/harut/opt/anaconda3/lib/python3.9/site-packages/airflow/example_dags/example_xcom.py
[2023-01-09T14:20:25.698+0400] {processor.py:753} INFO - DAG(s) dict_keys(['example_xcom']) retrieved from /Users/harut/opt/anaconda3/lib/python3.9/site-packages/airflow/example_dags/example_xcom.py
[2023-01-09T14:20:26.089+0400] {logging_mixin.py:137} INFO - [2023-01-09T14:20:26.089+0400] {dag.py:2676} INFO - Sync 1 DAGs
[2023-01-09T14:20:26.100+0400] {logging_mixin.py:137} INFO - [2023-01-09T14:20:26.099+0400] {dag.py:3423} INFO - Setting next_dagrun for example_xcom to 2021-01-01T00:00:00+00:00, run_after=2021-01-01T00:00:00+00:00
[2023-01-09T14:20:26.109+0400] {processor.py:175} INFO - Processing /Users/harut/opt/anaconda3/lib/python3.9/site-packages/airflow/example_dags/example_xcom.py took 0.443 seconds
[2023-01-09T14:21:41.213+0400] {processor.py:153} INFO - Started process (PID=12583) to work on /Users/harut/opt/anaconda3/lib/python3.9/site-packages/airflow/example_dags/example_xcom.py
[2023-01-09T14:21:41.213+0400] {processor.py:743} INFO - Processing file /Users/harut/opt/anaconda3/lib/python3.9/site-packages/airflow/example_dags/example_xcom.py for tasks to queue
[2023-01-09T14:21:41.214+0400] {logging_mixin.py:137} INFO - [2023-01-09T14:21:41.213+0400] {dagbag.py:538} INFO - Filling up the DagBag from /Users/harut/opt/anaconda3/lib/python3.9/site-packages/airflow/example_dags/example_xcom.py
[2023-01-09T14:21:41.246+0400] {processor.py:753} INFO - DAG(s) dict_keys(['example_xcom']) retrieved from /Users/harut/opt/anaconda3/lib/python3.9/site-packages/airflow/example_dags/example_xcom.py
[2023-01-09T14:21:41.618+0400] {logging_mixin.py:137} INFO - [2023-01-09T14:21:41.618+0400] {dag.py:2676} INFO - Sync 1 DAGs
[2023-01-09T14:21:41.627+0400] {logging_mixin.py:137} INFO - [2023-01-09T14:21:41.627+0400] {dag.py:3423} INFO - Setting next_dagrun for example_xcom to 2021-01-01T00:00:00+00:00, run_after=2021-01-01T00:00:00+00:00
[2023-01-09T14:21:41.636+0400] {processor.py:175} INFO - Processing /Users/harut/opt/anaconda3/lib/python3.9/site-packages/airflow/example_dags/example_xcom.py took 0.424 seconds
[2023-01-09T14:22:55.937+0400] {processor.py:153} INFO - Started process (PID=12630) to work on /Users/harut/opt/anaconda3/lib/python3.9/site-packages/airflow/example_dags/example_xcom.py
[2023-01-09T14:22:55.938+0400] {processor.py:743} INFO - Processing file /Users/harut/opt/anaconda3/lib/python3.9/site-packages/airflow/example_dags/example_xcom.py for tasks to queue
[2023-01-09T14:22:55.938+0400] {logging_mixin.py:137} INFO - [2023-01-09T14:22:55.938+0400] {dagbag.py:538} INFO - Filling up the DagBag from /Users/harut/opt/anaconda3/lib/python3.9/site-packages/airflow/example_dags/example_xcom.py
[2023-01-09T14:22:55.968+0400] {processor.py:753} INFO - DAG(s) dict_keys(['example_xcom']) retrieved from /Users/harut/opt/anaconda3/lib/python3.9/site-packages/airflow/example_dags/example_xcom.py
[2023-01-09T14:22:56.335+0400] {logging_mixin.py:137} INFO - [2023-01-09T14:22:56.334+0400] {dag.py:2676} INFO - Sync 1 DAGs
[2023-01-09T14:22:56.344+0400] {logging_mixin.py:137} INFO - [2023-01-09T14:22:56.344+0400] {dag.py:3423} INFO - Setting next_dagrun for example_xcom to 2021-01-01T00:00:00+00:00, run_after=2021-01-01T00:00:00+00:00
[2023-01-09T14:22:56.353+0400] {processor.py:175} INFO - Processing /Users/harut/opt/anaconda3/lib/python3.9/site-packages/airflow/example_dags/example_xcom.py took 0.417 seconds
[2023-01-09T14:24:16.603+0400] {processor.py:153} INFO - Started process (PID=12675) to work on /Users/harut/opt/anaconda3/lib/python3.9/site-packages/airflow/example_dags/example_xcom.py
[2023-01-09T14:24:16.604+0400] {processor.py:743} INFO - Processing file /Users/harut/opt/anaconda3/lib/python3.9/site-packages/airflow/example_dags/example_xcom.py for tasks to queue
[2023-01-09T14:24:16.604+0400] {logging_mixin.py:137} INFO - [2023-01-09T14:24:16.604+0400] {dagbag.py:538} INFO - Filling up the DagBag from /Users/harut/opt/anaconda3/lib/python3.9/site-packages/airflow/example_dags/example_xcom.py
[2023-01-09T14:24:16.634+0400] {processor.py:753} INFO - DAG(s) dict_keys(['example_xcom']) retrieved from /Users/harut/opt/anaconda3/lib/python3.9/site-packages/airflow/example_dags/example_xcom.py
[2023-01-09T14:24:16.999+0400] {logging_mixin.py:137} INFO - [2023-01-09T14:24:16.999+0400] {dag.py:2676} INFO - Sync 1 DAGs
[2023-01-09T14:24:17.008+0400] {logging_mixin.py:137} INFO - [2023-01-09T14:24:17.008+0400] {dag.py:3423} INFO - Setting next_dagrun for example_xcom to 2021-01-01T00:00:00+00:00, run_after=2021-01-01T00:00:00+00:00
[2023-01-09T14:24:17.017+0400] {processor.py:175} INFO - Processing /Users/harut/opt/anaconda3/lib/python3.9/site-packages/airflow/example_dags/example_xcom.py took 0.414 seconds
[2023-01-09T14:25:35.439+0400] {processor.py:153} INFO - Started process (PID=12718) to work on /Users/harut/opt/anaconda3/lib/python3.9/site-packages/airflow/example_dags/example_xcom.py
[2023-01-09T14:25:35.439+0400] {processor.py:743} INFO - Processing file /Users/harut/opt/anaconda3/lib/python3.9/site-packages/airflow/example_dags/example_xcom.py for tasks to queue
[2023-01-09T14:25:35.440+0400] {logging_mixin.py:137} INFO - [2023-01-09T14:25:35.440+0400] {dagbag.py:538} INFO - Filling up the DagBag from /Users/harut/opt/anaconda3/lib/python3.9/site-packages/airflow/example_dags/example_xcom.py
[2023-01-09T14:25:35.473+0400] {processor.py:753} INFO - DAG(s) dict_keys(['example_xcom']) retrieved from /Users/harut/opt/anaconda3/lib/python3.9/site-packages/airflow/example_dags/example_xcom.py
[2023-01-09T14:25:35.850+0400] {logging_mixin.py:137} INFO - [2023-01-09T14:25:35.850+0400] {dag.py:2676} INFO - Sync 1 DAGs
[2023-01-09T14:25:35.859+0400] {logging_mixin.py:137} INFO - [2023-01-09T14:25:35.859+0400] {dag.py:3423} INFO - Setting next_dagrun for example_xcom to 2021-01-01T00:00:00+00:00, run_after=2021-01-01T00:00:00+00:00
[2023-01-09T14:25:35.869+0400] {processor.py:175} INFO - Processing /Users/harut/opt/anaconda3/lib/python3.9/site-packages/airflow/example_dags/example_xcom.py took 0.431 seconds
[2023-01-09T14:26:52.135+0400] {processor.py:153} INFO - Started process (PID=12764) to work on /Users/harut/opt/anaconda3/lib/python3.9/site-packages/airflow/example_dags/example_xcom.py
[2023-01-09T14:26:52.135+0400] {processor.py:743} INFO - Processing file /Users/harut/opt/anaconda3/lib/python3.9/site-packages/airflow/example_dags/example_xcom.py for tasks to queue
[2023-01-09T14:26:52.136+0400] {logging_mixin.py:137} INFO - [2023-01-09T14:26:52.136+0400] {dagbag.py:538} INFO - Filling up the DagBag from /Users/harut/opt/anaconda3/lib/python3.9/site-packages/airflow/example_dags/example_xcom.py
[2023-01-09T14:26:52.166+0400] {processor.py:753} INFO - DAG(s) dict_keys(['example_xcom']) retrieved from /Users/harut/opt/anaconda3/lib/python3.9/site-packages/airflow/example_dags/example_xcom.py
[2023-01-09T14:26:52.527+0400] {logging_mixin.py:137} INFO - [2023-01-09T14:26:52.527+0400] {dag.py:2676} INFO - Sync 1 DAGs
[2023-01-09T14:26:52.536+0400] {logging_mixin.py:137} INFO - [2023-01-09T14:26:52.536+0400] {dag.py:3423} INFO - Setting next_dagrun for example_xcom to 2021-01-01T00:00:00+00:00, run_after=2021-01-01T00:00:00+00:00
[2023-01-09T14:26:52.546+0400] {processor.py:175} INFO - Processing /Users/harut/opt/anaconda3/lib/python3.9/site-packages/airflow/example_dags/example_xcom.py took 0.411 seconds
[2023-01-09T14:28:09.252+0400] {processor.py:153} INFO - Started process (PID=12807) to work on /Users/harut/opt/anaconda3/lib/python3.9/site-packages/airflow/example_dags/example_xcom.py
[2023-01-09T14:28:09.253+0400] {processor.py:743} INFO - Processing file /Users/harut/opt/anaconda3/lib/python3.9/site-packages/airflow/example_dags/example_xcom.py for tasks to queue
[2023-01-09T14:28:09.253+0400] {logging_mixin.py:137} INFO - [2023-01-09T14:28:09.253+0400] {dagbag.py:538} INFO - Filling up the DagBag from /Users/harut/opt/anaconda3/lib/python3.9/site-packages/airflow/example_dags/example_xcom.py
[2023-01-09T14:28:09.283+0400] {processor.py:753} INFO - DAG(s) dict_keys(['example_xcom']) retrieved from /Users/harut/opt/anaconda3/lib/python3.9/site-packages/airflow/example_dags/example_xcom.py
[2023-01-09T14:28:09.645+0400] {logging_mixin.py:137} INFO - [2023-01-09T14:28:09.645+0400] {dag.py:2676} INFO - Sync 1 DAGs
[2023-01-09T14:28:09.654+0400] {logging_mixin.py:137} INFO - [2023-01-09T14:28:09.654+0400] {dag.py:3423} INFO - Setting next_dagrun for example_xcom to 2021-01-01T00:00:00+00:00, run_after=2021-01-01T00:00:00+00:00
[2023-01-09T14:28:09.664+0400] {processor.py:175} INFO - Processing /Users/harut/opt/anaconda3/lib/python3.9/site-packages/airflow/example_dags/example_xcom.py took 0.412 seconds
[2023-01-09T14:29:27.344+0400] {processor.py:153} INFO - Started process (PID=12848) to work on /Users/harut/opt/anaconda3/lib/python3.9/site-packages/airflow/example_dags/example_xcom.py
[2023-01-09T14:29:27.345+0400] {processor.py:743} INFO - Processing file /Users/harut/opt/anaconda3/lib/python3.9/site-packages/airflow/example_dags/example_xcom.py for tasks to queue
[2023-01-09T14:29:27.345+0400] {logging_mixin.py:137} INFO - [2023-01-09T14:29:27.345+0400] {dagbag.py:538} INFO - Filling up the DagBag from /Users/harut/opt/anaconda3/lib/python3.9/site-packages/airflow/example_dags/example_xcom.py
[2023-01-09T14:29:27.375+0400] {processor.py:753} INFO - DAG(s) dict_keys(['example_xcom']) retrieved from /Users/harut/opt/anaconda3/lib/python3.9/site-packages/airflow/example_dags/example_xcom.py
[2023-01-09T14:29:27.732+0400] {logging_mixin.py:137} INFO - [2023-01-09T14:29:27.732+0400] {dag.py:2676} INFO - Sync 1 DAGs
[2023-01-09T14:29:27.741+0400] {logging_mixin.py:137} INFO - [2023-01-09T14:29:27.741+0400] {dag.py:3423} INFO - Setting next_dagrun for example_xcom to 2021-01-01T00:00:00+00:00, run_after=2021-01-01T00:00:00+00:00
[2023-01-09T14:29:27.750+0400] {processor.py:175} INFO - Processing /Users/harut/opt/anaconda3/lib/python3.9/site-packages/airflow/example_dags/example_xcom.py took 0.406 seconds
[2023-01-09T14:30:43.323+0400] {processor.py:153} INFO - Started process (PID=12893) to work on /Users/harut/opt/anaconda3/lib/python3.9/site-packages/airflow/example_dags/example_xcom.py
[2023-01-09T14:30:43.324+0400] {processor.py:743} INFO - Processing file /Users/harut/opt/anaconda3/lib/python3.9/site-packages/airflow/example_dags/example_xcom.py for tasks to queue
[2023-01-09T14:30:43.324+0400] {logging_mixin.py:137} INFO - [2023-01-09T14:30:43.324+0400] {dagbag.py:538} INFO - Filling up the DagBag from /Users/harut/opt/anaconda3/lib/python3.9/site-packages/airflow/example_dags/example_xcom.py
[2023-01-09T14:30:43.356+0400] {processor.py:753} INFO - DAG(s) dict_keys(['example_xcom']) retrieved from /Users/harut/opt/anaconda3/lib/python3.9/site-packages/airflow/example_dags/example_xcom.py
[2023-01-09T14:30:43.721+0400] {logging_mixin.py:137} INFO - [2023-01-09T14:30:43.721+0400] {dag.py:2676} INFO - Sync 1 DAGs
[2023-01-09T14:30:43.730+0400] {logging_mixin.py:137} INFO - [2023-01-09T14:30:43.730+0400] {dag.py:3423} INFO - Setting next_dagrun for example_xcom to 2021-01-01T00:00:00+00:00, run_after=2021-01-01T00:00:00+00:00
[2023-01-09T14:30:43.740+0400] {processor.py:175} INFO - Processing /Users/harut/opt/anaconda3/lib/python3.9/site-packages/airflow/example_dags/example_xcom.py took 0.418 seconds
[2023-01-09T14:31:57.648+0400] {processor.py:153} INFO - Started process (PID=12937) to work on /Users/harut/opt/anaconda3/lib/python3.9/site-packages/airflow/example_dags/example_xcom.py
[2023-01-09T14:31:57.649+0400] {processor.py:743} INFO - Processing file /Users/harut/opt/anaconda3/lib/python3.9/site-packages/airflow/example_dags/example_xcom.py for tasks to queue
[2023-01-09T14:31:57.649+0400] {logging_mixin.py:137} INFO - [2023-01-09T14:31:57.649+0400] {dagbag.py:538} INFO - Filling up the DagBag from /Users/harut/opt/anaconda3/lib/python3.9/site-packages/airflow/example_dags/example_xcom.py
[2023-01-09T14:31:57.679+0400] {processor.py:753} INFO - DAG(s) dict_keys(['example_xcom']) retrieved from /Users/harut/opt/anaconda3/lib/python3.9/site-packages/airflow/example_dags/example_xcom.py
[2023-01-09T14:31:58.036+0400] {logging_mixin.py:137} INFO - [2023-01-09T14:31:58.036+0400] {dag.py:2676} INFO - Sync 1 DAGs
[2023-01-09T14:31:58.046+0400] {logging_mixin.py:137} INFO - [2023-01-09T14:31:58.045+0400] {dag.py:3423} INFO - Setting next_dagrun for example_xcom to 2021-01-01T00:00:00+00:00, run_after=2021-01-01T00:00:00+00:00
[2023-01-09T14:31:58.055+0400] {processor.py:175} INFO - Processing /Users/harut/opt/anaconda3/lib/python3.9/site-packages/airflow/example_dags/example_xcom.py took 0.407 seconds
[2023-01-09T14:33:14.459+0400] {processor.py:153} INFO - Started process (PID=12986) to work on /Users/harut/opt/anaconda3/lib/python3.9/site-packages/airflow/example_dags/example_xcom.py
[2023-01-09T14:33:14.459+0400] {processor.py:743} INFO - Processing file /Users/harut/opt/anaconda3/lib/python3.9/site-packages/airflow/example_dags/example_xcom.py for tasks to queue
[2023-01-09T14:33:14.460+0400] {logging_mixin.py:137} INFO - [2023-01-09T14:33:14.460+0400] {dagbag.py:538} INFO - Filling up the DagBag from /Users/harut/opt/anaconda3/lib/python3.9/site-packages/airflow/example_dags/example_xcom.py
[2023-01-09T14:33:14.490+0400] {processor.py:753} INFO - DAG(s) dict_keys(['example_xcom']) retrieved from /Users/harut/opt/anaconda3/lib/python3.9/site-packages/airflow/example_dags/example_xcom.py
[2023-01-09T14:33:14.854+0400] {logging_mixin.py:137} INFO - [2023-01-09T14:33:14.854+0400] {dag.py:2676} INFO - Sync 1 DAGs
[2023-01-09T14:33:14.864+0400] {logging_mixin.py:137} INFO - [2023-01-09T14:33:14.864+0400] {dag.py:3423} INFO - Setting next_dagrun for example_xcom to 2021-01-01T00:00:00+00:00, run_after=2021-01-01T00:00:00+00:00
[2023-01-09T14:33:14.873+0400] {processor.py:175} INFO - Processing /Users/harut/opt/anaconda3/lib/python3.9/site-packages/airflow/example_dags/example_xcom.py took 0.415 seconds
[2023-01-09T14:34:31.738+0400] {processor.py:153} INFO - Started process (PID=13036) to work on /Users/harut/opt/anaconda3/lib/python3.9/site-packages/airflow/example_dags/example_xcom.py
[2023-01-09T14:34:31.739+0400] {processor.py:743} INFO - Processing file /Users/harut/opt/anaconda3/lib/python3.9/site-packages/airflow/example_dags/example_xcom.py for tasks to queue
[2023-01-09T14:34:31.739+0400] {logging_mixin.py:137} INFO - [2023-01-09T14:34:31.739+0400] {dagbag.py:538} INFO - Filling up the DagBag from /Users/harut/opt/anaconda3/lib/python3.9/site-packages/airflow/example_dags/example_xcom.py
[2023-01-09T14:34:31.769+0400] {processor.py:753} INFO - DAG(s) dict_keys(['example_xcom']) retrieved from /Users/harut/opt/anaconda3/lib/python3.9/site-packages/airflow/example_dags/example_xcom.py
[2023-01-09T14:34:32.162+0400] {logging_mixin.py:137} INFO - [2023-01-09T14:34:32.162+0400] {dag.py:2676} INFO - Sync 1 DAGs
[2023-01-09T14:34:32.173+0400] {logging_mixin.py:137} INFO - [2023-01-09T14:34:32.173+0400] {dag.py:3423} INFO - Setting next_dagrun for example_xcom to 2021-01-01T00:00:00+00:00, run_after=2021-01-01T00:00:00+00:00
[2023-01-09T14:34:32.184+0400] {processor.py:175} INFO - Processing /Users/harut/opt/anaconda3/lib/python3.9/site-packages/airflow/example_dags/example_xcom.py took 0.446 seconds
[2023-01-09T14:35:49.818+0400] {processor.py:153} INFO - Started process (PID=13083) to work on /Users/harut/opt/anaconda3/lib/python3.9/site-packages/airflow/example_dags/example_xcom.py
[2023-01-09T14:35:49.818+0400] {processor.py:743} INFO - Processing file /Users/harut/opt/anaconda3/lib/python3.9/site-packages/airflow/example_dags/example_xcom.py for tasks to queue
[2023-01-09T14:35:49.819+0400] {logging_mixin.py:137} INFO - [2023-01-09T14:35:49.819+0400] {dagbag.py:538} INFO - Filling up the DagBag from /Users/harut/opt/anaconda3/lib/python3.9/site-packages/airflow/example_dags/example_xcom.py
[2023-01-09T14:35:49.850+0400] {processor.py:753} INFO - DAG(s) dict_keys(['example_xcom']) retrieved from /Users/harut/opt/anaconda3/lib/python3.9/site-packages/airflow/example_dags/example_xcom.py
[2023-01-09T14:35:50.236+0400] {logging_mixin.py:137} INFO - [2023-01-09T14:35:50.236+0400] {dag.py:2676} INFO - Sync 1 DAGs
[2023-01-09T14:35:50.246+0400] {logging_mixin.py:137} INFO - [2023-01-09T14:35:50.246+0400] {dag.py:3423} INFO - Setting next_dagrun for example_xcom to 2021-01-01T00:00:00+00:00, run_after=2021-01-01T00:00:00+00:00
[2023-01-09T14:35:50.255+0400] {processor.py:175} INFO - Processing /Users/harut/opt/anaconda3/lib/python3.9/site-packages/airflow/example_dags/example_xcom.py took 0.438 seconds
[2023-01-09T14:37:06.932+0400] {processor.py:153} INFO - Started process (PID=13129) to work on /Users/harut/opt/anaconda3/lib/python3.9/site-packages/airflow/example_dags/example_xcom.py
[2023-01-09T14:37:06.933+0400] {processor.py:743} INFO - Processing file /Users/harut/opt/anaconda3/lib/python3.9/site-packages/airflow/example_dags/example_xcom.py for tasks to queue
[2023-01-09T14:37:06.933+0400] {logging_mixin.py:137} INFO - [2023-01-09T14:37:06.933+0400] {dagbag.py:538} INFO - Filling up the DagBag from /Users/harut/opt/anaconda3/lib/python3.9/site-packages/airflow/example_dags/example_xcom.py
[2023-01-09T14:37:06.962+0400] {processor.py:753} INFO - DAG(s) dict_keys(['example_xcom']) retrieved from /Users/harut/opt/anaconda3/lib/python3.9/site-packages/airflow/example_dags/example_xcom.py
[2023-01-09T14:37:07.334+0400] {logging_mixin.py:137} INFO - [2023-01-09T14:37:07.334+0400] {dag.py:2676} INFO - Sync 1 DAGs
[2023-01-09T14:37:07.343+0400] {logging_mixin.py:137} INFO - [2023-01-09T14:37:07.343+0400] {dag.py:3423} INFO - Setting next_dagrun for example_xcom to 2021-01-01T00:00:00+00:00, run_after=2021-01-01T00:00:00+00:00
[2023-01-09T14:37:07.352+0400] {processor.py:175} INFO - Processing /Users/harut/opt/anaconda3/lib/python3.9/site-packages/airflow/example_dags/example_xcom.py took 0.421 seconds
[2023-01-09T14:38:24.138+0400] {processor.py:153} INFO - Started process (PID=13175) to work on /Users/harut/opt/anaconda3/lib/python3.9/site-packages/airflow/example_dags/example_xcom.py
[2023-01-09T14:38:24.138+0400] {processor.py:743} INFO - Processing file /Users/harut/opt/anaconda3/lib/python3.9/site-packages/airflow/example_dags/example_xcom.py for tasks to queue
[2023-01-09T14:38:24.139+0400] {logging_mixin.py:137} INFO - [2023-01-09T14:38:24.139+0400] {dagbag.py:538} INFO - Filling up the DagBag from /Users/harut/opt/anaconda3/lib/python3.9/site-packages/airflow/example_dags/example_xcom.py
[2023-01-09T14:38:24.168+0400] {processor.py:753} INFO - DAG(s) dict_keys(['example_xcom']) retrieved from /Users/harut/opt/anaconda3/lib/python3.9/site-packages/airflow/example_dags/example_xcom.py
[2023-01-09T14:38:24.538+0400] {logging_mixin.py:137} INFO - [2023-01-09T14:38:24.538+0400] {dag.py:2676} INFO - Sync 1 DAGs
[2023-01-09T14:38:24.548+0400] {logging_mixin.py:137} INFO - [2023-01-09T14:38:24.548+0400] {dag.py:3423} INFO - Setting next_dagrun for example_xcom to 2021-01-01T00:00:00+00:00, run_after=2021-01-01T00:00:00+00:00
[2023-01-09T14:38:24.557+0400] {processor.py:175} INFO - Processing /Users/harut/opt/anaconda3/lib/python3.9/site-packages/airflow/example_dags/example_xcom.py took 0.419 seconds
[2023-01-09T14:39:40.575+0400] {processor.py:153} INFO - Started process (PID=13217) to work on /Users/harut/opt/anaconda3/lib/python3.9/site-packages/airflow/example_dags/example_xcom.py
[2023-01-09T14:39:40.576+0400] {processor.py:743} INFO - Processing file /Users/harut/opt/anaconda3/lib/python3.9/site-packages/airflow/example_dags/example_xcom.py for tasks to queue
[2023-01-09T14:39:40.576+0400] {logging_mixin.py:137} INFO - [2023-01-09T14:39:40.576+0400] {dagbag.py:538} INFO - Filling up the DagBag from /Users/harut/opt/anaconda3/lib/python3.9/site-packages/airflow/example_dags/example_xcom.py
[2023-01-09T14:39:40.606+0400] {processor.py:753} INFO - DAG(s) dict_keys(['example_xcom']) retrieved from /Users/harut/opt/anaconda3/lib/python3.9/site-packages/airflow/example_dags/example_xcom.py
[2023-01-09T14:39:40.974+0400] {logging_mixin.py:137} INFO - [2023-01-09T14:39:40.974+0400] {dag.py:2676} INFO - Sync 1 DAGs
[2023-01-09T14:39:40.983+0400] {logging_mixin.py:137} INFO - [2023-01-09T14:39:40.983+0400] {dag.py:3423} INFO - Setting next_dagrun for example_xcom to 2021-01-01T00:00:00+00:00, run_after=2021-01-01T00:00:00+00:00
[2023-01-09T14:39:40.993+0400] {processor.py:175} INFO - Processing /Users/harut/opt/anaconda3/lib/python3.9/site-packages/airflow/example_dags/example_xcom.py took 0.418 seconds
[2023-01-09T14:40:58.362+0400] {processor.py:153} INFO - Started process (PID=13263) to work on /Users/harut/opt/anaconda3/lib/python3.9/site-packages/airflow/example_dags/example_xcom.py
[2023-01-09T14:40:58.362+0400] {processor.py:743} INFO - Processing file /Users/harut/opt/anaconda3/lib/python3.9/site-packages/airflow/example_dags/example_xcom.py for tasks to queue
[2023-01-09T14:40:58.363+0400] {logging_mixin.py:137} INFO - [2023-01-09T14:40:58.363+0400] {dagbag.py:538} INFO - Filling up the DagBag from /Users/harut/opt/anaconda3/lib/python3.9/site-packages/airflow/example_dags/example_xcom.py
[2023-01-09T14:40:58.395+0400] {processor.py:753} INFO - DAG(s) dict_keys(['example_xcom']) retrieved from /Users/harut/opt/anaconda3/lib/python3.9/site-packages/airflow/example_dags/example_xcom.py
[2023-01-09T14:40:58.768+0400] {logging_mixin.py:137} INFO - [2023-01-09T14:40:58.768+0400] {dag.py:2676} INFO - Sync 1 DAGs
[2023-01-09T14:40:58.778+0400] {logging_mixin.py:137} INFO - [2023-01-09T14:40:58.778+0400] {dag.py:3423} INFO - Setting next_dagrun for example_xcom to 2021-01-01T00:00:00+00:00, run_after=2021-01-01T00:00:00+00:00
[2023-01-09T14:40:58.788+0400] {processor.py:175} INFO - Processing /Users/harut/opt/anaconda3/lib/python3.9/site-packages/airflow/example_dags/example_xcom.py took 0.426 seconds
[2023-01-09T14:42:13.066+0400] {processor.py:153} INFO - Started process (PID=13308) to work on /Users/harut/opt/anaconda3/lib/python3.9/site-packages/airflow/example_dags/example_xcom.py
[2023-01-09T14:42:13.067+0400] {processor.py:743} INFO - Processing file /Users/harut/opt/anaconda3/lib/python3.9/site-packages/airflow/example_dags/example_xcom.py for tasks to queue
[2023-01-09T14:42:13.067+0400] {logging_mixin.py:137} INFO - [2023-01-09T14:42:13.067+0400] {dagbag.py:538} INFO - Filling up the DagBag from /Users/harut/opt/anaconda3/lib/python3.9/site-packages/airflow/example_dags/example_xcom.py
[2023-01-09T14:42:13.096+0400] {processor.py:753} INFO - DAG(s) dict_keys(['example_xcom']) retrieved from /Users/harut/opt/anaconda3/lib/python3.9/site-packages/airflow/example_dags/example_xcom.py
[2023-01-09T14:42:13.468+0400] {logging_mixin.py:137} INFO - [2023-01-09T14:42:13.468+0400] {dag.py:2676} INFO - Sync 1 DAGs
[2023-01-09T14:42:13.478+0400] {logging_mixin.py:137} INFO - [2023-01-09T14:42:13.478+0400] {dag.py:3423} INFO - Setting next_dagrun for example_xcom to 2021-01-01T00:00:00+00:00, run_after=2021-01-01T00:00:00+00:00
[2023-01-09T14:42:13.488+0400] {processor.py:175} INFO - Processing /Users/harut/opt/anaconda3/lib/python3.9/site-packages/airflow/example_dags/example_xcom.py took 0.423 seconds
[2023-01-09T14:43:29.512+0400] {processor.py:153} INFO - Started process (PID=13351) to work on /Users/harut/opt/anaconda3/lib/python3.9/site-packages/airflow/example_dags/example_xcom.py
[2023-01-09T14:43:29.513+0400] {processor.py:743} INFO - Processing file /Users/harut/opt/anaconda3/lib/python3.9/site-packages/airflow/example_dags/example_xcom.py for tasks to queue
[2023-01-09T14:43:29.513+0400] {logging_mixin.py:137} INFO - [2023-01-09T14:43:29.513+0400] {dagbag.py:538} INFO - Filling up the DagBag from /Users/harut/opt/anaconda3/lib/python3.9/site-packages/airflow/example_dags/example_xcom.py
[2023-01-09T14:43:29.543+0400] {processor.py:753} INFO - DAG(s) dict_keys(['example_xcom']) retrieved from /Users/harut/opt/anaconda3/lib/python3.9/site-packages/airflow/example_dags/example_xcom.py
[2023-01-09T14:43:29.907+0400] {logging_mixin.py:137} INFO - [2023-01-09T14:43:29.907+0400] {dag.py:2676} INFO - Sync 1 DAGs
[2023-01-09T14:43:29.916+0400] {logging_mixin.py:137} INFO - [2023-01-09T14:43:29.916+0400] {dag.py:3423} INFO - Setting next_dagrun for example_xcom to 2021-01-01T00:00:00+00:00, run_after=2021-01-01T00:00:00+00:00
[2023-01-09T14:43:29.926+0400] {processor.py:175} INFO - Processing /Users/harut/opt/anaconda3/lib/python3.9/site-packages/airflow/example_dags/example_xcom.py took 0.414 seconds
[2023-01-09T14:44:50.055+0400] {processor.py:153} INFO - Started process (PID=13397) to work on /Users/harut/opt/anaconda3/lib/python3.9/site-packages/airflow/example_dags/example_xcom.py
[2023-01-09T14:44:50.055+0400] {processor.py:743} INFO - Processing file /Users/harut/opt/anaconda3/lib/python3.9/site-packages/airflow/example_dags/example_xcom.py for tasks to queue
[2023-01-09T14:44:50.055+0400] {logging_mixin.py:137} INFO - [2023-01-09T14:44:50.055+0400] {dagbag.py:538} INFO - Filling up the DagBag from /Users/harut/opt/anaconda3/lib/python3.9/site-packages/airflow/example_dags/example_xcom.py
[2023-01-09T14:44:50.086+0400] {processor.py:753} INFO - DAG(s) dict_keys(['example_xcom']) retrieved from /Users/harut/opt/anaconda3/lib/python3.9/site-packages/airflow/example_dags/example_xcom.py
[2023-01-09T14:44:50.461+0400] {logging_mixin.py:137} INFO - [2023-01-09T14:44:50.460+0400] {dag.py:2676} INFO - Sync 1 DAGs
[2023-01-09T14:44:50.470+0400] {logging_mixin.py:137} INFO - [2023-01-09T14:44:50.470+0400] {dag.py:3423} INFO - Setting next_dagrun for example_xcom to 2021-01-01T00:00:00+00:00, run_after=2021-01-01T00:00:00+00:00
[2023-01-09T14:44:50.480+0400] {processor.py:175} INFO - Processing /Users/harut/opt/anaconda3/lib/python3.9/site-packages/airflow/example_dags/example_xcom.py took 0.426 seconds
[2023-01-09T14:46:07.937+0400] {processor.py:153} INFO - Started process (PID=13441) to work on /Users/harut/opt/anaconda3/lib/python3.9/site-packages/airflow/example_dags/example_xcom.py
[2023-01-09T14:46:07.938+0400] {processor.py:743} INFO - Processing file /Users/harut/opt/anaconda3/lib/python3.9/site-packages/airflow/example_dags/example_xcom.py for tasks to queue
[2023-01-09T14:46:07.938+0400] {logging_mixin.py:137} INFO - [2023-01-09T14:46:07.938+0400] {dagbag.py:538} INFO - Filling up the DagBag from /Users/harut/opt/anaconda3/lib/python3.9/site-packages/airflow/example_dags/example_xcom.py
[2023-01-09T14:46:07.973+0400] {processor.py:753} INFO - DAG(s) dict_keys(['example_xcom']) retrieved from /Users/harut/opt/anaconda3/lib/python3.9/site-packages/airflow/example_dags/example_xcom.py
[2023-01-09T14:46:08.380+0400] {logging_mixin.py:137} INFO - [2023-01-09T14:46:08.380+0400] {dag.py:2676} INFO - Sync 1 DAGs
[2023-01-09T14:46:08.391+0400] {logging_mixin.py:137} INFO - [2023-01-09T14:46:08.391+0400] {dag.py:3423} INFO - Setting next_dagrun for example_xcom to 2021-01-01T00:00:00+00:00, run_after=2021-01-01T00:00:00+00:00
[2023-01-09T14:46:08.402+0400] {processor.py:175} INFO - Processing /Users/harut/opt/anaconda3/lib/python3.9/site-packages/airflow/example_dags/example_xcom.py took 0.465 seconds
[2023-01-09T14:47:27.738+0400] {processor.py:153} INFO - Started process (PID=13495) to work on /Users/harut/opt/anaconda3/lib/python3.9/site-packages/airflow/example_dags/example_xcom.py
[2023-01-09T14:47:27.739+0400] {processor.py:743} INFO - Processing file /Users/harut/opt/anaconda3/lib/python3.9/site-packages/airflow/example_dags/example_xcom.py for tasks to queue
[2023-01-09T14:47:27.739+0400] {logging_mixin.py:137} INFO - [2023-01-09T14:47:27.739+0400] {dagbag.py:538} INFO - Filling up the DagBag from /Users/harut/opt/anaconda3/lib/python3.9/site-packages/airflow/example_dags/example_xcom.py
[2023-01-09T14:47:27.771+0400] {processor.py:753} INFO - DAG(s) dict_keys(['example_xcom']) retrieved from /Users/harut/opt/anaconda3/lib/python3.9/site-packages/airflow/example_dags/example_xcom.py
[2023-01-09T14:47:28.148+0400] {logging_mixin.py:137} INFO - [2023-01-09T14:47:28.148+0400] {dag.py:2676} INFO - Sync 1 DAGs
[2023-01-09T14:47:28.157+0400] {logging_mixin.py:137} INFO - [2023-01-09T14:47:28.157+0400] {dag.py:3423} INFO - Setting next_dagrun for example_xcom to 2021-01-01T00:00:00+00:00, run_after=2021-01-01T00:00:00+00:00
[2023-01-09T14:47:28.168+0400] {processor.py:175} INFO - Processing /Users/harut/opt/anaconda3/lib/python3.9/site-packages/airflow/example_dags/example_xcom.py took 0.430 seconds
[2023-01-09T14:48:48.608+0400] {processor.py:153} INFO - Started process (PID=13548) to work on /Users/harut/opt/anaconda3/lib/python3.9/site-packages/airflow/example_dags/example_xcom.py
[2023-01-09T14:48:48.608+0400] {processor.py:743} INFO - Processing file /Users/harut/opt/anaconda3/lib/python3.9/site-packages/airflow/example_dags/example_xcom.py for tasks to queue
[2023-01-09T14:48:48.609+0400] {logging_mixin.py:137} INFO - [2023-01-09T14:48:48.609+0400] {dagbag.py:538} INFO - Filling up the DagBag from /Users/harut/opt/anaconda3/lib/python3.9/site-packages/airflow/example_dags/example_xcom.py
[2023-01-09T14:48:48.642+0400] {processor.py:753} INFO - DAG(s) dict_keys(['example_xcom']) retrieved from /Users/harut/opt/anaconda3/lib/python3.9/site-packages/airflow/example_dags/example_xcom.py
[2023-01-09T14:48:49.046+0400] {logging_mixin.py:137} INFO - [2023-01-09T14:48:49.046+0400] {dag.py:2676} INFO - Sync 1 DAGs
[2023-01-09T14:48:49.056+0400] {logging_mixin.py:137} INFO - [2023-01-09T14:48:49.056+0400] {dag.py:3423} INFO - Setting next_dagrun for example_xcom to 2021-01-01T00:00:00+00:00, run_after=2021-01-01T00:00:00+00:00
[2023-01-09T14:48:49.065+0400] {processor.py:175} INFO - Processing /Users/harut/opt/anaconda3/lib/python3.9/site-packages/airflow/example_dags/example_xcom.py took 0.458 seconds
[2023-01-09T14:50:12.207+0400] {processor.py:153} INFO - Started process (PID=13596) to work on /Users/harut/opt/anaconda3/lib/python3.9/site-packages/airflow/example_dags/example_xcom.py
[2023-01-09T14:50:12.207+0400] {processor.py:743} INFO - Processing file /Users/harut/opt/anaconda3/lib/python3.9/site-packages/airflow/example_dags/example_xcom.py for tasks to queue
[2023-01-09T14:50:12.208+0400] {logging_mixin.py:137} INFO - [2023-01-09T14:50:12.207+0400] {dagbag.py:538} INFO - Filling up the DagBag from /Users/harut/opt/anaconda3/lib/python3.9/site-packages/airflow/example_dags/example_xcom.py
[2023-01-09T14:50:12.237+0400] {processor.py:753} INFO - DAG(s) dict_keys(['example_xcom']) retrieved from /Users/harut/opt/anaconda3/lib/python3.9/site-packages/airflow/example_dags/example_xcom.py
[2023-01-09T14:50:12.613+0400] {logging_mixin.py:137} INFO - [2023-01-09T14:50:12.613+0400] {dag.py:2676} INFO - Sync 1 DAGs
[2023-01-09T14:50:12.625+0400] {logging_mixin.py:137} INFO - [2023-01-09T14:50:12.624+0400] {dag.py:3423} INFO - Setting next_dagrun for example_xcom to 2021-01-01T00:00:00+00:00, run_after=2021-01-01T00:00:00+00:00
[2023-01-09T14:50:12.635+0400] {processor.py:175} INFO - Processing /Users/harut/opt/anaconda3/lib/python3.9/site-packages/airflow/example_dags/example_xcom.py took 0.428 seconds
[2023-01-09T14:51:32.510+0400] {processor.py:153} INFO - Started process (PID=13646) to work on /Users/harut/opt/anaconda3/lib/python3.9/site-packages/airflow/example_dags/example_xcom.py
[2023-01-09T14:51:32.511+0400] {processor.py:743} INFO - Processing file /Users/harut/opt/anaconda3/lib/python3.9/site-packages/airflow/example_dags/example_xcom.py for tasks to queue
[2023-01-09T14:51:32.511+0400] {logging_mixin.py:137} INFO - [2023-01-09T14:51:32.511+0400] {dagbag.py:538} INFO - Filling up the DagBag from /Users/harut/opt/anaconda3/lib/python3.9/site-packages/airflow/example_dags/example_xcom.py
[2023-01-09T14:51:32.541+0400] {processor.py:753} INFO - DAG(s) dict_keys(['example_xcom']) retrieved from /Users/harut/opt/anaconda3/lib/python3.9/site-packages/airflow/example_dags/example_xcom.py
[2023-01-09T14:51:32.915+0400] {logging_mixin.py:137} INFO - [2023-01-09T14:51:32.915+0400] {dag.py:2676} INFO - Sync 1 DAGs
[2023-01-09T14:51:32.925+0400] {logging_mixin.py:137} INFO - [2023-01-09T14:51:32.925+0400] {dag.py:3423} INFO - Setting next_dagrun for example_xcom to 2021-01-01T00:00:00+00:00, run_after=2021-01-01T00:00:00+00:00
[2023-01-09T14:51:32.934+0400] {processor.py:175} INFO - Processing /Users/harut/opt/anaconda3/lib/python3.9/site-packages/airflow/example_dags/example_xcom.py took 0.424 seconds
[2023-01-09T14:52:52.774+0400] {processor.py:153} INFO - Started process (PID=13689) to work on /Users/harut/opt/anaconda3/lib/python3.9/site-packages/airflow/example_dags/example_xcom.py
[2023-01-09T14:52:52.775+0400] {processor.py:743} INFO - Processing file /Users/harut/opt/anaconda3/lib/python3.9/site-packages/airflow/example_dags/example_xcom.py for tasks to queue
[2023-01-09T14:52:52.775+0400] {logging_mixin.py:137} INFO - [2023-01-09T14:52:52.775+0400] {dagbag.py:538} INFO - Filling up the DagBag from /Users/harut/opt/anaconda3/lib/python3.9/site-packages/airflow/example_dags/example_xcom.py
[2023-01-09T14:52:52.805+0400] {processor.py:753} INFO - DAG(s) dict_keys(['example_xcom']) retrieved from /Users/harut/opt/anaconda3/lib/python3.9/site-packages/airflow/example_dags/example_xcom.py
[2023-01-09T14:52:53.166+0400] {logging_mixin.py:137} INFO - [2023-01-09T14:52:53.166+0400] {dag.py:2676} INFO - Sync 1 DAGs
[2023-01-09T14:52:53.176+0400] {logging_mixin.py:137} INFO - [2023-01-09T14:52:53.176+0400] {dag.py:3423} INFO - Setting next_dagrun for example_xcom to 2021-01-01T00:00:00+00:00, run_after=2021-01-01T00:00:00+00:00
[2023-01-09T14:52:53.185+0400] {processor.py:175} INFO - Processing /Users/harut/opt/anaconda3/lib/python3.9/site-packages/airflow/example_dags/example_xcom.py took 0.411 seconds
[2023-01-09T14:54:13.222+0400] {processor.py:153} INFO - Started process (PID=13737) to work on /Users/harut/opt/anaconda3/lib/python3.9/site-packages/airflow/example_dags/example_xcom.py
[2023-01-09T14:54:13.222+0400] {processor.py:743} INFO - Processing file /Users/harut/opt/anaconda3/lib/python3.9/site-packages/airflow/example_dags/example_xcom.py for tasks to queue
[2023-01-09T14:54:13.222+0400] {logging_mixin.py:137} INFO - [2023-01-09T14:54:13.222+0400] {dagbag.py:538} INFO - Filling up the DagBag from /Users/harut/opt/anaconda3/lib/python3.9/site-packages/airflow/example_dags/example_xcom.py
[2023-01-09T14:54:13.255+0400] {processor.py:753} INFO - DAG(s) dict_keys(['example_xcom']) retrieved from /Users/harut/opt/anaconda3/lib/python3.9/site-packages/airflow/example_dags/example_xcom.py
[2023-01-09T14:54:13.638+0400] {logging_mixin.py:137} INFO - [2023-01-09T14:54:13.638+0400] {dag.py:2676} INFO - Sync 1 DAGs
[2023-01-09T14:54:13.647+0400] {logging_mixin.py:137} INFO - [2023-01-09T14:54:13.647+0400] {dag.py:3423} INFO - Setting next_dagrun for example_xcom to 2021-01-01T00:00:00+00:00, run_after=2021-01-01T00:00:00+00:00
[2023-01-09T14:54:13.657+0400] {processor.py:175} INFO - Processing /Users/harut/opt/anaconda3/lib/python3.9/site-packages/airflow/example_dags/example_xcom.py took 0.435 seconds
[2023-01-09T14:55:35.822+0400] {processor.py:153} INFO - Started process (PID=13781) to work on /Users/harut/opt/anaconda3/lib/python3.9/site-packages/airflow/example_dags/example_xcom.py
[2023-01-09T14:55:35.823+0400] {processor.py:743} INFO - Processing file /Users/harut/opt/anaconda3/lib/python3.9/site-packages/airflow/example_dags/example_xcom.py for tasks to queue
[2023-01-09T14:55:35.823+0400] {logging_mixin.py:137} INFO - [2023-01-09T14:55:35.823+0400] {dagbag.py:538} INFO - Filling up the DagBag from /Users/harut/opt/anaconda3/lib/python3.9/site-packages/airflow/example_dags/example_xcom.py
[2023-01-09T14:55:35.853+0400] {processor.py:753} INFO - DAG(s) dict_keys(['example_xcom']) retrieved from /Users/harut/opt/anaconda3/lib/python3.9/site-packages/airflow/example_dags/example_xcom.py
[2023-01-09T14:55:36.215+0400] {logging_mixin.py:137} INFO - [2023-01-09T14:55:36.215+0400] {dag.py:2676} INFO - Sync 1 DAGs
[2023-01-09T14:55:36.224+0400] {logging_mixin.py:137} INFO - [2023-01-09T14:55:36.224+0400] {dag.py:3423} INFO - Setting next_dagrun for example_xcom to 2021-01-01T00:00:00+00:00, run_after=2021-01-01T00:00:00+00:00
[2023-01-09T14:55:36.233+0400] {processor.py:175} INFO - Processing /Users/harut/opt/anaconda3/lib/python3.9/site-packages/airflow/example_dags/example_xcom.py took 0.412 seconds
[2023-01-09T14:56:57.750+0400] {processor.py:153} INFO - Started process (PID=13827) to work on /Users/harut/opt/anaconda3/lib/python3.9/site-packages/airflow/example_dags/example_xcom.py
[2023-01-09T14:56:57.751+0400] {processor.py:743} INFO - Processing file /Users/harut/opt/anaconda3/lib/python3.9/site-packages/airflow/example_dags/example_xcom.py for tasks to queue
[2023-01-09T14:56:57.751+0400] {logging_mixin.py:137} INFO - [2023-01-09T14:56:57.751+0400] {dagbag.py:538} INFO - Filling up the DagBag from /Users/harut/opt/anaconda3/lib/python3.9/site-packages/airflow/example_dags/example_xcom.py
[2023-01-09T14:56:57.783+0400] {processor.py:753} INFO - DAG(s) dict_keys(['example_xcom']) retrieved from /Users/harut/opt/anaconda3/lib/python3.9/site-packages/airflow/example_dags/example_xcom.py
[2023-01-09T14:56:58.143+0400] {logging_mixin.py:137} INFO - [2023-01-09T14:56:58.143+0400] {dag.py:2676} INFO - Sync 1 DAGs
[2023-01-09T14:56:58.152+0400] {logging_mixin.py:137} INFO - [2023-01-09T14:56:58.152+0400] {dag.py:3423} INFO - Setting next_dagrun for example_xcom to 2021-01-01T00:00:00+00:00, run_after=2021-01-01T00:00:00+00:00
[2023-01-09T14:56:58.161+0400] {processor.py:175} INFO - Processing /Users/harut/opt/anaconda3/lib/python3.9/site-packages/airflow/example_dags/example_xcom.py took 0.412 seconds
[2023-01-09T14:58:19.088+0400] {processor.py:153} INFO - Started process (PID=13869) to work on /Users/harut/opt/anaconda3/lib/python3.9/site-packages/airflow/example_dags/example_xcom.py
[2023-01-09T14:58:19.088+0400] {processor.py:743} INFO - Processing file /Users/harut/opt/anaconda3/lib/python3.9/site-packages/airflow/example_dags/example_xcom.py for tasks to queue
[2023-01-09T14:58:19.089+0400] {logging_mixin.py:137} INFO - [2023-01-09T14:58:19.089+0400] {dagbag.py:538} INFO - Filling up the DagBag from /Users/harut/opt/anaconda3/lib/python3.9/site-packages/airflow/example_dags/example_xcom.py
[2023-01-09T14:58:19.118+0400] {processor.py:753} INFO - DAG(s) dict_keys(['example_xcom']) retrieved from /Users/harut/opt/anaconda3/lib/python3.9/site-packages/airflow/example_dags/example_xcom.py
[2023-01-09T14:58:19.483+0400] {logging_mixin.py:137} INFO - [2023-01-09T14:58:19.482+0400] {dag.py:2676} INFO - Sync 1 DAGs
[2023-01-09T14:58:19.492+0400] {logging_mixin.py:137} INFO - [2023-01-09T14:58:19.492+0400] {dag.py:3423} INFO - Setting next_dagrun for example_xcom to 2021-01-01T00:00:00+00:00, run_after=2021-01-01T00:00:00+00:00
[2023-01-09T14:58:19.501+0400] {processor.py:175} INFO - Processing /Users/harut/opt/anaconda3/lib/python3.9/site-packages/airflow/example_dags/example_xcom.py took 0.414 seconds
[2023-01-09T14:59:40.071+0400] {processor.py:153} INFO - Started process (PID=13915) to work on /Users/harut/opt/anaconda3/lib/python3.9/site-packages/airflow/example_dags/example_xcom.py
[2023-01-09T14:59:40.071+0400] {processor.py:743} INFO - Processing file /Users/harut/opt/anaconda3/lib/python3.9/site-packages/airflow/example_dags/example_xcom.py for tasks to queue
[2023-01-09T14:59:40.072+0400] {logging_mixin.py:137} INFO - [2023-01-09T14:59:40.071+0400] {dagbag.py:538} INFO - Filling up the DagBag from /Users/harut/opt/anaconda3/lib/python3.9/site-packages/airflow/example_dags/example_xcom.py
[2023-01-09T14:59:40.102+0400] {processor.py:753} INFO - DAG(s) dict_keys(['example_xcom']) retrieved from /Users/harut/opt/anaconda3/lib/python3.9/site-packages/airflow/example_dags/example_xcom.py
[2023-01-09T14:59:40.479+0400] {logging_mixin.py:137} INFO - [2023-01-09T14:59:40.478+0400] {dag.py:2676} INFO - Sync 1 DAGs
[2023-01-09T14:59:40.489+0400] {logging_mixin.py:137} INFO - [2023-01-09T14:59:40.489+0400] {dag.py:3423} INFO - Setting next_dagrun for example_xcom to 2021-01-01T00:00:00+00:00, run_after=2021-01-01T00:00:00+00:00
[2023-01-09T14:59:40.500+0400] {processor.py:175} INFO - Processing /Users/harut/opt/anaconda3/lib/python3.9/site-packages/airflow/example_dags/example_xcom.py took 0.429 seconds
[2023-01-09T15:01:00.257+0400] {processor.py:153} INFO - Started process (PID=13958) to work on /Users/harut/opt/anaconda3/lib/python3.9/site-packages/airflow/example_dags/example_xcom.py
[2023-01-09T15:01:00.258+0400] {processor.py:743} INFO - Processing file /Users/harut/opt/anaconda3/lib/python3.9/site-packages/airflow/example_dags/example_xcom.py for tasks to queue
[2023-01-09T15:01:00.258+0400] {logging_mixin.py:137} INFO - [2023-01-09T15:01:00.258+0400] {dagbag.py:538} INFO - Filling up the DagBag from /Users/harut/opt/anaconda3/lib/python3.9/site-packages/airflow/example_dags/example_xcom.py
[2023-01-09T15:01:00.288+0400] {processor.py:753} INFO - DAG(s) dict_keys(['example_xcom']) retrieved from /Users/harut/opt/anaconda3/lib/python3.9/site-packages/airflow/example_dags/example_xcom.py
[2023-01-09T15:01:00.666+0400] {logging_mixin.py:137} INFO - [2023-01-09T15:01:00.666+0400] {dag.py:2676} INFO - Sync 1 DAGs
[2023-01-09T15:01:00.676+0400] {logging_mixin.py:137} INFO - [2023-01-09T15:01:00.676+0400] {dag.py:3423} INFO - Setting next_dagrun for example_xcom to 2021-01-01T00:00:00+00:00, run_after=2021-01-01T00:00:00+00:00
[2023-01-09T15:01:00.685+0400] {processor.py:175} INFO - Processing /Users/harut/opt/anaconda3/lib/python3.9/site-packages/airflow/example_dags/example_xcom.py took 0.428 seconds
[2023-01-09T15:02:22.566+0400] {processor.py:153} INFO - Started process (PID=14005) to work on /Users/harut/opt/anaconda3/lib/python3.9/site-packages/airflow/example_dags/example_xcom.py
[2023-01-09T15:02:22.567+0400] {processor.py:743} INFO - Processing file /Users/harut/opt/anaconda3/lib/python3.9/site-packages/airflow/example_dags/example_xcom.py for tasks to queue
[2023-01-09T15:02:22.567+0400] {logging_mixin.py:137} INFO - [2023-01-09T15:02:22.567+0400] {dagbag.py:538} INFO - Filling up the DagBag from /Users/harut/opt/anaconda3/lib/python3.9/site-packages/airflow/example_dags/example_xcom.py
[2023-01-09T15:02:22.597+0400] {processor.py:753} INFO - DAG(s) dict_keys(['example_xcom']) retrieved from /Users/harut/opt/anaconda3/lib/python3.9/site-packages/airflow/example_dags/example_xcom.py
[2023-01-09T15:02:22.975+0400] {logging_mixin.py:137} INFO - [2023-01-09T15:02:22.975+0400] {dag.py:2676} INFO - Sync 1 DAGs
[2023-01-09T15:02:22.985+0400] {logging_mixin.py:137} INFO - [2023-01-09T15:02:22.985+0400] {dag.py:3423} INFO - Setting next_dagrun for example_xcom to 2021-01-01T00:00:00+00:00, run_after=2021-01-01T00:00:00+00:00
[2023-01-09T15:02:22.994+0400] {processor.py:175} INFO - Processing /Users/harut/opt/anaconda3/lib/python3.9/site-packages/airflow/example_dags/example_xcom.py took 0.428 seconds
[2023-01-09T15:03:43.515+0400] {processor.py:153} INFO - Started process (PID=14054) to work on /Users/harut/opt/anaconda3/lib/python3.9/site-packages/airflow/example_dags/example_xcom.py
[2023-01-09T15:03:43.516+0400] {processor.py:743} INFO - Processing file /Users/harut/opt/anaconda3/lib/python3.9/site-packages/airflow/example_dags/example_xcom.py for tasks to queue
[2023-01-09T15:03:43.516+0400] {logging_mixin.py:137} INFO - [2023-01-09T15:03:43.516+0400] {dagbag.py:538} INFO - Filling up the DagBag from /Users/harut/opt/anaconda3/lib/python3.9/site-packages/airflow/example_dags/example_xcom.py
[2023-01-09T15:03:43.546+0400] {processor.py:753} INFO - DAG(s) dict_keys(['example_xcom']) retrieved from /Users/harut/opt/anaconda3/lib/python3.9/site-packages/airflow/example_dags/example_xcom.py
[2023-01-09T15:03:43.926+0400] {logging_mixin.py:137} INFO - [2023-01-09T15:03:43.925+0400] {dag.py:2676} INFO - Sync 1 DAGs
[2023-01-09T15:03:43.935+0400] {logging_mixin.py:137} INFO - [2023-01-09T15:03:43.935+0400] {dag.py:3423} INFO - Setting next_dagrun for example_xcom to 2021-01-01T00:00:00+00:00, run_after=2021-01-01T00:00:00+00:00
[2023-01-09T15:03:43.944+0400] {processor.py:175} INFO - Processing /Users/harut/opt/anaconda3/lib/python3.9/site-packages/airflow/example_dags/example_xcom.py took 0.430 seconds
[2023-01-09T15:05:02.932+0400] {processor.py:153} INFO - Started process (PID=14097) to work on /Users/harut/opt/anaconda3/lib/python3.9/site-packages/airflow/example_dags/example_xcom.py
[2023-01-09T15:05:02.933+0400] {processor.py:743} INFO - Processing file /Users/harut/opt/anaconda3/lib/python3.9/site-packages/airflow/example_dags/example_xcom.py for tasks to queue
[2023-01-09T15:05:02.933+0400] {logging_mixin.py:137} INFO - [2023-01-09T15:05:02.933+0400] {dagbag.py:538} INFO - Filling up the DagBag from /Users/harut/opt/anaconda3/lib/python3.9/site-packages/airflow/example_dags/example_xcom.py
[2023-01-09T15:05:02.963+0400] {processor.py:753} INFO - DAG(s) dict_keys(['example_xcom']) retrieved from /Users/harut/opt/anaconda3/lib/python3.9/site-packages/airflow/example_dags/example_xcom.py
[2023-01-09T15:05:03.323+0400] {logging_mixin.py:137} INFO - [2023-01-09T15:05:03.323+0400] {dag.py:2676} INFO - Sync 1 DAGs
[2023-01-09T15:05:03.332+0400] {logging_mixin.py:137} INFO - [2023-01-09T15:05:03.332+0400] {dag.py:3423} INFO - Setting next_dagrun for example_xcom to 2021-01-01T00:00:00+00:00, run_after=2021-01-01T00:00:00+00:00
[2023-01-09T15:05:03.342+0400] {processor.py:175} INFO - Processing /Users/harut/opt/anaconda3/lib/python3.9/site-packages/airflow/example_dags/example_xcom.py took 0.410 seconds
[2023-01-09T15:06:23.724+0400] {processor.py:153} INFO - Started process (PID=14143) to work on /Users/harut/opt/anaconda3/lib/python3.9/site-packages/airflow/example_dags/example_xcom.py
[2023-01-09T15:06:23.724+0400] {processor.py:743} INFO - Processing file /Users/harut/opt/anaconda3/lib/python3.9/site-packages/airflow/example_dags/example_xcom.py for tasks to queue
[2023-01-09T15:06:23.725+0400] {logging_mixin.py:137} INFO - [2023-01-09T15:06:23.725+0400] {dagbag.py:538} INFO - Filling up the DagBag from /Users/harut/opt/anaconda3/lib/python3.9/site-packages/airflow/example_dags/example_xcom.py
[2023-01-09T15:06:23.755+0400] {processor.py:753} INFO - DAG(s) dict_keys(['example_xcom']) retrieved from /Users/harut/opt/anaconda3/lib/python3.9/site-packages/airflow/example_dags/example_xcom.py
[2023-01-09T15:06:24.118+0400] {logging_mixin.py:137} INFO - [2023-01-09T15:06:24.118+0400] {dag.py:2676} INFO - Sync 1 DAGs
[2023-01-09T15:06:24.127+0400] {logging_mixin.py:137} INFO - [2023-01-09T15:06:24.127+0400] {dag.py:3423} INFO - Setting next_dagrun for example_xcom to 2021-01-01T00:00:00+00:00, run_after=2021-01-01T00:00:00+00:00
[2023-01-09T15:06:24.136+0400] {processor.py:175} INFO - Processing /Users/harut/opt/anaconda3/lib/python3.9/site-packages/airflow/example_dags/example_xcom.py took 0.413 seconds
[2023-01-09T15:07:41.374+0400] {processor.py:153} INFO - Started process (PID=14184) to work on /Users/harut/opt/anaconda3/lib/python3.9/site-packages/airflow/example_dags/example_xcom.py
[2023-01-09T15:07:41.374+0400] {processor.py:743} INFO - Processing file /Users/harut/opt/anaconda3/lib/python3.9/site-packages/airflow/example_dags/example_xcom.py for tasks to queue
[2023-01-09T15:07:41.374+0400] {logging_mixin.py:137} INFO - [2023-01-09T15:07:41.374+0400] {dagbag.py:538} INFO - Filling up the DagBag from /Users/harut/opt/anaconda3/lib/python3.9/site-packages/airflow/example_dags/example_xcom.py
[2023-01-09T15:07:41.404+0400] {processor.py:753} INFO - DAG(s) dict_keys(['example_xcom']) retrieved from /Users/harut/opt/anaconda3/lib/python3.9/site-packages/airflow/example_dags/example_xcom.py
[2023-01-09T15:07:41.773+0400] {logging_mixin.py:137} INFO - [2023-01-09T15:07:41.773+0400] {dag.py:2676} INFO - Sync 1 DAGs
[2023-01-09T15:07:41.783+0400] {logging_mixin.py:137} INFO - [2023-01-09T15:07:41.783+0400] {dag.py:3423} INFO - Setting next_dagrun for example_xcom to 2021-01-01T00:00:00+00:00, run_after=2021-01-01T00:00:00+00:00
[2023-01-09T15:07:41.792+0400] {processor.py:175} INFO - Processing /Users/harut/opt/anaconda3/lib/python3.9/site-packages/airflow/example_dags/example_xcom.py took 0.419 seconds
[2023-01-09T15:09:02.220+0400] {processor.py:153} INFO - Started process (PID=14229) to work on /Users/harut/opt/anaconda3/lib/python3.9/site-packages/airflow/example_dags/example_xcom.py
[2023-01-09T15:09:02.221+0400] {processor.py:743} INFO - Processing file /Users/harut/opt/anaconda3/lib/python3.9/site-packages/airflow/example_dags/example_xcom.py for tasks to queue
[2023-01-09T15:09:02.221+0400] {logging_mixin.py:137} INFO - [2023-01-09T15:09:02.221+0400] {dagbag.py:538} INFO - Filling up the DagBag from /Users/harut/opt/anaconda3/lib/python3.9/site-packages/airflow/example_dags/example_xcom.py
[2023-01-09T15:09:02.251+0400] {processor.py:753} INFO - DAG(s) dict_keys(['example_xcom']) retrieved from /Users/harut/opt/anaconda3/lib/python3.9/site-packages/airflow/example_dags/example_xcom.py
[2023-01-09T15:09:02.614+0400] {logging_mixin.py:137} INFO - [2023-01-09T15:09:02.614+0400] {dag.py:2676} INFO - Sync 1 DAGs
[2023-01-09T15:09:02.624+0400] {logging_mixin.py:137} INFO - [2023-01-09T15:09:02.624+0400] {dag.py:3423} INFO - Setting next_dagrun for example_xcom to 2021-01-01T00:00:00+00:00, run_after=2021-01-01T00:00:00+00:00
[2023-01-09T15:09:02.633+0400] {processor.py:175} INFO - Processing /Users/harut/opt/anaconda3/lib/python3.9/site-packages/airflow/example_dags/example_xcom.py took 0.413 seconds
[2023-01-09T15:10:22.069+0400] {processor.py:153} INFO - Started process (PID=14277) to work on /Users/harut/opt/anaconda3/lib/python3.9/site-packages/airflow/example_dags/example_xcom.py
[2023-01-09T15:10:22.070+0400] {processor.py:743} INFO - Processing file /Users/harut/opt/anaconda3/lib/python3.9/site-packages/airflow/example_dags/example_xcom.py for tasks to queue
[2023-01-09T15:10:22.070+0400] {logging_mixin.py:137} INFO - [2023-01-09T15:10:22.070+0400] {dagbag.py:538} INFO - Filling up the DagBag from /Users/harut/opt/anaconda3/lib/python3.9/site-packages/airflow/example_dags/example_xcom.py
[2023-01-09T15:10:22.100+0400] {processor.py:753} INFO - DAG(s) dict_keys(['example_xcom']) retrieved from /Users/harut/opt/anaconda3/lib/python3.9/site-packages/airflow/example_dags/example_xcom.py
[2023-01-09T15:10:22.475+0400] {logging_mixin.py:137} INFO - [2023-01-09T15:10:22.475+0400] {dag.py:2676} INFO - Sync 1 DAGs
[2023-01-09T15:10:22.484+0400] {logging_mixin.py:137} INFO - [2023-01-09T15:10:22.484+0400] {dag.py:3423} INFO - Setting next_dagrun for example_xcom to 2021-01-01T00:00:00+00:00, run_after=2021-01-01T00:00:00+00:00
[2023-01-09T15:10:22.494+0400] {processor.py:175} INFO - Processing /Users/harut/opt/anaconda3/lib/python3.9/site-packages/airflow/example_dags/example_xcom.py took 0.425 seconds
[2023-01-09T15:11:43.824+0400] {processor.py:153} INFO - Started process (PID=14327) to work on /Users/harut/opt/anaconda3/lib/python3.9/site-packages/airflow/example_dags/example_xcom.py
[2023-01-09T15:11:43.825+0400] {processor.py:743} INFO - Processing file /Users/harut/opt/anaconda3/lib/python3.9/site-packages/airflow/example_dags/example_xcom.py for tasks to queue
[2023-01-09T15:11:43.825+0400] {logging_mixin.py:137} INFO - [2023-01-09T15:11:43.825+0400] {dagbag.py:538} INFO - Filling up the DagBag from /Users/harut/opt/anaconda3/lib/python3.9/site-packages/airflow/example_dags/example_xcom.py
[2023-01-09T15:11:43.858+0400] {processor.py:753} INFO - DAG(s) dict_keys(['example_xcom']) retrieved from /Users/harut/opt/anaconda3/lib/python3.9/site-packages/airflow/example_dags/example_xcom.py
[2023-01-09T15:11:44.276+0400] {logging_mixin.py:137} INFO - [2023-01-09T15:11:44.276+0400] {dag.py:2676} INFO - Sync 1 DAGs
[2023-01-09T15:11:44.286+0400] {logging_mixin.py:137} INFO - [2023-01-09T15:11:44.286+0400] {dag.py:3423} INFO - Setting next_dagrun for example_xcom to 2021-01-01T00:00:00+00:00, run_after=2021-01-01T00:00:00+00:00
[2023-01-09T15:11:44.297+0400] {processor.py:175} INFO - Processing /Users/harut/opt/anaconda3/lib/python3.9/site-packages/airflow/example_dags/example_xcom.py took 0.473 seconds
[2023-01-09T15:13:07.057+0400] {processor.py:153} INFO - Started process (PID=14373) to work on /Users/harut/opt/anaconda3/lib/python3.9/site-packages/airflow/example_dags/example_xcom.py
[2023-01-09T15:13:07.058+0400] {processor.py:743} INFO - Processing file /Users/harut/opt/anaconda3/lib/python3.9/site-packages/airflow/example_dags/example_xcom.py for tasks to queue
[2023-01-09T15:13:07.058+0400] {logging_mixin.py:137} INFO - [2023-01-09T15:13:07.058+0400] {dagbag.py:538} INFO - Filling up the DagBag from /Users/harut/opt/anaconda3/lib/python3.9/site-packages/airflow/example_dags/example_xcom.py
[2023-01-09T15:13:07.090+0400] {processor.py:753} INFO - DAG(s) dict_keys(['example_xcom']) retrieved from /Users/harut/opt/anaconda3/lib/python3.9/site-packages/airflow/example_dags/example_xcom.py
[2023-01-09T15:13:07.479+0400] {logging_mixin.py:137} INFO - [2023-01-09T15:13:07.479+0400] {dag.py:2676} INFO - Sync 1 DAGs
[2023-01-09T15:13:07.488+0400] {logging_mixin.py:137} INFO - [2023-01-09T15:13:07.488+0400] {dag.py:3423} INFO - Setting next_dagrun for example_xcom to 2021-01-01T00:00:00+00:00, run_after=2021-01-01T00:00:00+00:00
[2023-01-09T15:13:07.498+0400] {processor.py:175} INFO - Processing /Users/harut/opt/anaconda3/lib/python3.9/site-packages/airflow/example_dags/example_xcom.py took 0.441 seconds
[2023-01-09T15:14:30.571+0400] {processor.py:153} INFO - Started process (PID=14435) to work on /Users/harut/opt/anaconda3/lib/python3.9/site-packages/airflow/example_dags/example_xcom.py
[2023-01-09T15:14:30.571+0400] {processor.py:743} INFO - Processing file /Users/harut/opt/anaconda3/lib/python3.9/site-packages/airflow/example_dags/example_xcom.py for tasks to queue
[2023-01-09T15:14:30.572+0400] {logging_mixin.py:137} INFO - [2023-01-09T15:14:30.571+0400] {dagbag.py:538} INFO - Filling up the DagBag from /Users/harut/opt/anaconda3/lib/python3.9/site-packages/airflow/example_dags/example_xcom.py
[2023-01-09T15:14:30.606+0400] {processor.py:753} INFO - DAG(s) dict_keys(['example_xcom']) retrieved from /Users/harut/opt/anaconda3/lib/python3.9/site-packages/airflow/example_dags/example_xcom.py
[2023-01-09T15:14:31.014+0400] {logging_mixin.py:137} INFO - [2023-01-09T15:14:31.014+0400] {dag.py:2676} INFO - Sync 1 DAGs
[2023-01-09T15:14:31.024+0400] {logging_mixin.py:137} INFO - [2023-01-09T15:14:31.024+0400] {dag.py:3423} INFO - Setting next_dagrun for example_xcom to 2021-01-01T00:00:00+00:00, run_after=2021-01-01T00:00:00+00:00
[2023-01-09T15:14:31.034+0400] {processor.py:175} INFO - Processing /Users/harut/opt/anaconda3/lib/python3.9/site-packages/airflow/example_dags/example_xcom.py took 0.464 seconds
[2023-01-09T15:15:53.791+0400] {processor.py:153} INFO - Started process (PID=14493) to work on /Users/harut/opt/anaconda3/lib/python3.9/site-packages/airflow/example_dags/example_xcom.py
[2023-01-09T15:15:53.791+0400] {processor.py:743} INFO - Processing file /Users/harut/opt/anaconda3/lib/python3.9/site-packages/airflow/example_dags/example_xcom.py for tasks to queue
[2023-01-09T15:15:53.791+0400] {logging_mixin.py:137} INFO - [2023-01-09T15:15:53.791+0400] {dagbag.py:538} INFO - Filling up the DagBag from /Users/harut/opt/anaconda3/lib/python3.9/site-packages/airflow/example_dags/example_xcom.py
[2023-01-09T15:15:53.825+0400] {processor.py:753} INFO - DAG(s) dict_keys(['example_xcom']) retrieved from /Users/harut/opt/anaconda3/lib/python3.9/site-packages/airflow/example_dags/example_xcom.py
[2023-01-09T15:15:54.240+0400] {logging_mixin.py:137} INFO - [2023-01-09T15:15:54.240+0400] {dag.py:2676} INFO - Sync 1 DAGs
[2023-01-09T15:15:54.251+0400] {logging_mixin.py:137} INFO - [2023-01-09T15:15:54.251+0400] {dag.py:3423} INFO - Setting next_dagrun for example_xcom to 2021-01-01T00:00:00+00:00, run_after=2021-01-01T00:00:00+00:00
[2023-01-09T15:15:54.262+0400] {processor.py:175} INFO - Processing /Users/harut/opt/anaconda3/lib/python3.9/site-packages/airflow/example_dags/example_xcom.py took 0.472 seconds
[2023-01-09T15:17:16.714+0400] {processor.py:153} INFO - Started process (PID=14537) to work on /Users/harut/opt/anaconda3/lib/python3.9/site-packages/airflow/example_dags/example_xcom.py
[2023-01-09T15:17:16.714+0400] {processor.py:743} INFO - Processing file /Users/harut/opt/anaconda3/lib/python3.9/site-packages/airflow/example_dags/example_xcom.py for tasks to queue
[2023-01-09T15:17:16.715+0400] {logging_mixin.py:137} INFO - [2023-01-09T15:17:16.715+0400] {dagbag.py:538} INFO - Filling up the DagBag from /Users/harut/opt/anaconda3/lib/python3.9/site-packages/airflow/example_dags/example_xcom.py
[2023-01-09T15:17:16.750+0400] {processor.py:753} INFO - DAG(s) dict_keys(['example_xcom']) retrieved from /Users/harut/opt/anaconda3/lib/python3.9/site-packages/airflow/example_dags/example_xcom.py
[2023-01-09T15:17:17.154+0400] {logging_mixin.py:137} INFO - [2023-01-09T15:17:17.153+0400] {dag.py:2676} INFO - Sync 1 DAGs
[2023-01-09T15:17:17.164+0400] {logging_mixin.py:137} INFO - [2023-01-09T15:17:17.164+0400] {dag.py:3423} INFO - Setting next_dagrun for example_xcom to 2021-01-01T00:00:00+00:00, run_after=2021-01-01T00:00:00+00:00
[2023-01-09T15:17:17.174+0400] {processor.py:175} INFO - Processing /Users/harut/opt/anaconda3/lib/python3.9/site-packages/airflow/example_dags/example_xcom.py took 0.461 seconds
[2023-01-09T15:18:40.113+0400] {processor.py:153} INFO - Started process (PID=14584) to work on /Users/harut/opt/anaconda3/lib/python3.9/site-packages/airflow/example_dags/example_xcom.py
[2023-01-09T15:18:40.114+0400] {processor.py:743} INFO - Processing file /Users/harut/opt/anaconda3/lib/python3.9/site-packages/airflow/example_dags/example_xcom.py for tasks to queue
[2023-01-09T15:18:40.114+0400] {logging_mixin.py:137} INFO - [2023-01-09T15:18:40.114+0400] {dagbag.py:538} INFO - Filling up the DagBag from /Users/harut/opt/anaconda3/lib/python3.9/site-packages/airflow/example_dags/example_xcom.py
[2023-01-09T15:18:40.145+0400] {processor.py:753} INFO - DAG(s) dict_keys(['example_xcom']) retrieved from /Users/harut/opt/anaconda3/lib/python3.9/site-packages/airflow/example_dags/example_xcom.py
[2023-01-09T15:18:40.534+0400] {logging_mixin.py:137} INFO - [2023-01-09T15:18:40.533+0400] {dag.py:2676} INFO - Sync 1 DAGs
[2023-01-09T15:18:40.543+0400] {logging_mixin.py:137} INFO - [2023-01-09T15:18:40.543+0400] {dag.py:3423} INFO - Setting next_dagrun for example_xcom to 2021-01-01T00:00:00+00:00, run_after=2021-01-01T00:00:00+00:00
[2023-01-09T15:18:40.553+0400] {processor.py:175} INFO - Processing /Users/harut/opt/anaconda3/lib/python3.9/site-packages/airflow/example_dags/example_xcom.py took 0.440 seconds
[2023-01-09T15:20:03.209+0400] {processor.py:153} INFO - Started process (PID=14635) to work on /Users/harut/opt/anaconda3/lib/python3.9/site-packages/airflow/example_dags/example_xcom.py
[2023-01-09T15:20:03.210+0400] {processor.py:743} INFO - Processing file /Users/harut/opt/anaconda3/lib/python3.9/site-packages/airflow/example_dags/example_xcom.py for tasks to queue
[2023-01-09T15:20:03.210+0400] {logging_mixin.py:137} INFO - [2023-01-09T15:20:03.210+0400] {dagbag.py:538} INFO - Filling up the DagBag from /Users/harut/opt/anaconda3/lib/python3.9/site-packages/airflow/example_dags/example_xcom.py
[2023-01-09T15:20:03.241+0400] {processor.py:753} INFO - DAG(s) dict_keys(['example_xcom']) retrieved from /Users/harut/opt/anaconda3/lib/python3.9/site-packages/airflow/example_dags/example_xcom.py
[2023-01-09T15:20:03.629+0400] {logging_mixin.py:137} INFO - [2023-01-09T15:20:03.629+0400] {dag.py:2676} INFO - Sync 1 DAGs
[2023-01-09T15:20:03.639+0400] {logging_mixin.py:137} INFO - [2023-01-09T15:20:03.639+0400] {dag.py:3423} INFO - Setting next_dagrun for example_xcom to 2021-01-01T00:00:00+00:00, run_after=2021-01-01T00:00:00+00:00
[2023-01-09T15:20:03.648+0400] {processor.py:175} INFO - Processing /Users/harut/opt/anaconda3/lib/python3.9/site-packages/airflow/example_dags/example_xcom.py took 0.440 seconds
[2023-01-09T15:21:26.691+0400] {processor.py:153} INFO - Started process (PID=14678) to work on /Users/harut/opt/anaconda3/lib/python3.9/site-packages/airflow/example_dags/example_xcom.py
[2023-01-09T15:21:26.691+0400] {processor.py:743} INFO - Processing file /Users/harut/opt/anaconda3/lib/python3.9/site-packages/airflow/example_dags/example_xcom.py for tasks to queue
[2023-01-09T15:21:26.692+0400] {logging_mixin.py:137} INFO - [2023-01-09T15:21:26.692+0400] {dagbag.py:538} INFO - Filling up the DagBag from /Users/harut/opt/anaconda3/lib/python3.9/site-packages/airflow/example_dags/example_xcom.py
[2023-01-09T15:21:26.723+0400] {processor.py:753} INFO - DAG(s) dict_keys(['example_xcom']) retrieved from /Users/harut/opt/anaconda3/lib/python3.9/site-packages/airflow/example_dags/example_xcom.py
[2023-01-09T15:21:27.126+0400] {logging_mixin.py:137} INFO - [2023-01-09T15:21:27.126+0400] {dag.py:2676} INFO - Sync 1 DAGs
[2023-01-09T15:21:27.136+0400] {logging_mixin.py:137} INFO - [2023-01-09T15:21:27.136+0400] {dag.py:3423} INFO - Setting next_dagrun for example_xcom to 2021-01-01T00:00:00+00:00, run_after=2021-01-01T00:00:00+00:00
[2023-01-09T15:21:27.146+0400] {processor.py:175} INFO - Processing /Users/harut/opt/anaconda3/lib/python3.9/site-packages/airflow/example_dags/example_xcom.py took 0.456 seconds
[2023-01-09T15:22:50.190+0400] {processor.py:153} INFO - Started process (PID=14738) to work on /Users/harut/opt/anaconda3/lib/python3.9/site-packages/airflow/example_dags/example_xcom.py
[2023-01-09T15:22:50.191+0400] {processor.py:743} INFO - Processing file /Users/harut/opt/anaconda3/lib/python3.9/site-packages/airflow/example_dags/example_xcom.py for tasks to queue
[2023-01-09T15:22:50.191+0400] {logging_mixin.py:137} INFO - [2023-01-09T15:22:50.191+0400] {dagbag.py:538} INFO - Filling up the DagBag from /Users/harut/opt/anaconda3/lib/python3.9/site-packages/airflow/example_dags/example_xcom.py
[2023-01-09T15:22:50.223+0400] {processor.py:753} INFO - DAG(s) dict_keys(['example_xcom']) retrieved from /Users/harut/opt/anaconda3/lib/python3.9/site-packages/airflow/example_dags/example_xcom.py
[2023-01-09T15:22:50.620+0400] {logging_mixin.py:137} INFO - [2023-01-09T15:22:50.620+0400] {dag.py:2676} INFO - Sync 1 DAGs
[2023-01-09T15:22:50.631+0400] {logging_mixin.py:137} INFO - [2023-01-09T15:22:50.631+0400] {dag.py:3423} INFO - Setting next_dagrun for example_xcom to 2021-01-01T00:00:00+00:00, run_after=2021-01-01T00:00:00+00:00
[2023-01-09T15:22:50.641+0400] {processor.py:175} INFO - Processing /Users/harut/opt/anaconda3/lib/python3.9/site-packages/airflow/example_dags/example_xcom.py took 0.451 seconds
[2023-01-09T15:24:13.972+0400] {processor.py:153} INFO - Started process (PID=14783) to work on /Users/harut/opt/anaconda3/lib/python3.9/site-packages/airflow/example_dags/example_xcom.py
[2023-01-09T15:24:13.973+0400] {processor.py:743} INFO - Processing file /Users/harut/opt/anaconda3/lib/python3.9/site-packages/airflow/example_dags/example_xcom.py for tasks to queue
[2023-01-09T15:24:13.973+0400] {logging_mixin.py:137} INFO - [2023-01-09T15:24:13.973+0400] {dagbag.py:538} INFO - Filling up the DagBag from /Users/harut/opt/anaconda3/lib/python3.9/site-packages/airflow/example_dags/example_xcom.py
[2023-01-09T15:24:14.005+0400] {processor.py:753} INFO - DAG(s) dict_keys(['example_xcom']) retrieved from /Users/harut/opt/anaconda3/lib/python3.9/site-packages/airflow/example_dags/example_xcom.py
[2023-01-09T15:24:14.399+0400] {logging_mixin.py:137} INFO - [2023-01-09T15:24:14.399+0400] {dag.py:2676} INFO - Sync 1 DAGs
[2023-01-09T15:24:14.410+0400] {logging_mixin.py:137} INFO - [2023-01-09T15:24:14.409+0400] {dag.py:3423} INFO - Setting next_dagrun for example_xcom to 2021-01-01T00:00:00+00:00, run_after=2021-01-01T00:00:00+00:00
[2023-01-09T15:24:14.419+0400] {processor.py:175} INFO - Processing /Users/harut/opt/anaconda3/lib/python3.9/site-packages/airflow/example_dags/example_xcom.py took 0.447 seconds
[2023-01-09T15:25:37.420+0400] {processor.py:153} INFO - Started process (PID=14829) to work on /Users/harut/opt/anaconda3/lib/python3.9/site-packages/airflow/example_dags/example_xcom.py
[2023-01-09T15:25:37.421+0400] {processor.py:743} INFO - Processing file /Users/harut/opt/anaconda3/lib/python3.9/site-packages/airflow/example_dags/example_xcom.py for tasks to queue
[2023-01-09T15:25:37.421+0400] {logging_mixin.py:137} INFO - [2023-01-09T15:25:37.421+0400] {dagbag.py:538} INFO - Filling up the DagBag from /Users/harut/opt/anaconda3/lib/python3.9/site-packages/airflow/example_dags/example_xcom.py
[2023-01-09T15:25:37.451+0400] {processor.py:753} INFO - DAG(s) dict_keys(['example_xcom']) retrieved from /Users/harut/opt/anaconda3/lib/python3.9/site-packages/airflow/example_dags/example_xcom.py
[2023-01-09T15:25:37.831+0400] {logging_mixin.py:137} INFO - [2023-01-09T15:25:37.831+0400] {dag.py:2676} INFO - Sync 1 DAGs
[2023-01-09T15:25:37.841+0400] {logging_mixin.py:137} INFO - [2023-01-09T15:25:37.841+0400] {dag.py:3423} INFO - Setting next_dagrun for example_xcom to 2021-01-01T00:00:00+00:00, run_after=2021-01-01T00:00:00+00:00
[2023-01-09T15:25:37.851+0400] {processor.py:175} INFO - Processing /Users/harut/opt/anaconda3/lib/python3.9/site-packages/airflow/example_dags/example_xcom.py took 0.431 seconds
[2023-01-09T15:27:01.540+0400] {processor.py:153} INFO - Started process (PID=14871) to work on /Users/harut/opt/anaconda3/lib/python3.9/site-packages/airflow/example_dags/example_xcom.py
[2023-01-09T15:27:01.540+0400] {processor.py:743} INFO - Processing file /Users/harut/opt/anaconda3/lib/python3.9/site-packages/airflow/example_dags/example_xcom.py for tasks to queue
[2023-01-09T15:27:01.541+0400] {logging_mixin.py:137} INFO - [2023-01-09T15:27:01.541+0400] {dagbag.py:538} INFO - Filling up the DagBag from /Users/harut/opt/anaconda3/lib/python3.9/site-packages/airflow/example_dags/example_xcom.py
[2023-01-09T15:27:01.573+0400] {processor.py:753} INFO - DAG(s) dict_keys(['example_xcom']) retrieved from /Users/harut/opt/anaconda3/lib/python3.9/site-packages/airflow/example_dags/example_xcom.py
[2023-01-09T15:27:01.988+0400] {logging_mixin.py:137} INFO - [2023-01-09T15:27:01.987+0400] {dag.py:2676} INFO - Sync 1 DAGs
[2023-01-09T15:27:01.999+0400] {logging_mixin.py:137} INFO - [2023-01-09T15:27:01.999+0400] {dag.py:3423} INFO - Setting next_dagrun for example_xcom to 2021-01-01T00:00:00+00:00, run_after=2021-01-01T00:00:00+00:00
[2023-01-09T15:27:02.010+0400] {processor.py:175} INFO - Processing /Users/harut/opt/anaconda3/lib/python3.9/site-packages/airflow/example_dags/example_xcom.py took 0.470 seconds
[2023-01-09T15:28:25.023+0400] {processor.py:153} INFO - Started process (PID=14924) to work on /Users/harut/opt/anaconda3/lib/python3.9/site-packages/airflow/example_dags/example_xcom.py
[2023-01-09T15:28:25.023+0400] {processor.py:743} INFO - Processing file /Users/harut/opt/anaconda3/lib/python3.9/site-packages/airflow/example_dags/example_xcom.py for tasks to queue
[2023-01-09T15:28:25.024+0400] {logging_mixin.py:137} INFO - [2023-01-09T15:28:25.024+0400] {dagbag.py:538} INFO - Filling up the DagBag from /Users/harut/opt/anaconda3/lib/python3.9/site-packages/airflow/example_dags/example_xcom.py
[2023-01-09T15:28:25.057+0400] {processor.py:753} INFO - DAG(s) dict_keys(['example_xcom']) retrieved from /Users/harut/opt/anaconda3/lib/python3.9/site-packages/airflow/example_dags/example_xcom.py
[2023-01-09T15:28:25.483+0400] {logging_mixin.py:137} INFO - [2023-01-09T15:28:25.482+0400] {dag.py:2676} INFO - Sync 1 DAGs
[2023-01-09T15:28:25.494+0400] {logging_mixin.py:137} INFO - [2023-01-09T15:28:25.494+0400] {dag.py:3423} INFO - Setting next_dagrun for example_xcom to 2021-01-01T00:00:00+00:00, run_after=2021-01-01T00:00:00+00:00
[2023-01-09T15:28:25.505+0400] {processor.py:175} INFO - Processing /Users/harut/opt/anaconda3/lib/python3.9/site-packages/airflow/example_dags/example_xcom.py took 0.482 seconds
[2023-01-09T15:29:47.388+0400] {processor.py:153} INFO - Started process (PID=14969) to work on /Users/harut/opt/anaconda3/lib/python3.9/site-packages/airflow/example_dags/example_xcom.py
[2023-01-09T15:29:47.389+0400] {processor.py:743} INFO - Processing file /Users/harut/opt/anaconda3/lib/python3.9/site-packages/airflow/example_dags/example_xcom.py for tasks to queue
[2023-01-09T15:29:47.389+0400] {logging_mixin.py:137} INFO - [2023-01-09T15:29:47.389+0400] {dagbag.py:538} INFO - Filling up the DagBag from /Users/harut/opt/anaconda3/lib/python3.9/site-packages/airflow/example_dags/example_xcom.py
[2023-01-09T15:29:47.424+0400] {processor.py:753} INFO - DAG(s) dict_keys(['example_xcom']) retrieved from /Users/harut/opt/anaconda3/lib/python3.9/site-packages/airflow/example_dags/example_xcom.py
[2023-01-09T15:29:47.879+0400] {logging_mixin.py:137} INFO - [2023-01-09T15:29:47.879+0400] {dag.py:2676} INFO - Sync 1 DAGs
[2023-01-09T15:29:47.891+0400] {logging_mixin.py:137} INFO - [2023-01-09T15:29:47.891+0400] {dag.py:3423} INFO - Setting next_dagrun for example_xcom to 2021-01-01T00:00:00+00:00, run_after=2021-01-01T00:00:00+00:00
[2023-01-09T15:29:47.903+0400] {processor.py:175} INFO - Processing /Users/harut/opt/anaconda3/lib/python3.9/site-packages/airflow/example_dags/example_xcom.py took 0.515 seconds
[2023-01-09T15:31:08.659+0400] {processor.py:153} INFO - Started process (PID=15016) to work on /Users/harut/opt/anaconda3/lib/python3.9/site-packages/airflow/example_dags/example_xcom.py
[2023-01-09T15:31:08.660+0400] {processor.py:743} INFO - Processing file /Users/harut/opt/anaconda3/lib/python3.9/site-packages/airflow/example_dags/example_xcom.py for tasks to queue
[2023-01-09T15:31:08.660+0400] {logging_mixin.py:137} INFO - [2023-01-09T15:31:08.660+0400] {dagbag.py:538} INFO - Filling up the DagBag from /Users/harut/opt/anaconda3/lib/python3.9/site-packages/airflow/example_dags/example_xcom.py
[2023-01-09T15:31:08.692+0400] {processor.py:753} INFO - DAG(s) dict_keys(['example_xcom']) retrieved from /Users/harut/opt/anaconda3/lib/python3.9/site-packages/airflow/example_dags/example_xcom.py
[2023-01-09T15:31:09.107+0400] {logging_mixin.py:137} INFO - [2023-01-09T15:31:09.107+0400] {dag.py:2676} INFO - Sync 1 DAGs
[2023-01-09T15:31:09.117+0400] {logging_mixin.py:137} INFO - [2023-01-09T15:31:09.117+0400] {dag.py:3423} INFO - Setting next_dagrun for example_xcom to 2021-01-01T00:00:00+00:00, run_after=2021-01-01T00:00:00+00:00
[2023-01-09T15:31:09.129+0400] {processor.py:175} INFO - Processing /Users/harut/opt/anaconda3/lib/python3.9/site-packages/airflow/example_dags/example_xcom.py took 0.470 seconds
[2023-01-09T15:32:30.875+0400] {processor.py:153} INFO - Started process (PID=15061) to work on /Users/harut/opt/anaconda3/lib/python3.9/site-packages/airflow/example_dags/example_xcom.py
[2023-01-09T15:32:30.876+0400] {processor.py:743} INFO - Processing file /Users/harut/opt/anaconda3/lib/python3.9/site-packages/airflow/example_dags/example_xcom.py for tasks to queue
[2023-01-09T15:32:30.876+0400] {logging_mixin.py:137} INFO - [2023-01-09T15:32:30.876+0400] {dagbag.py:538} INFO - Filling up the DagBag from /Users/harut/opt/anaconda3/lib/python3.9/site-packages/airflow/example_dags/example_xcom.py
[2023-01-09T15:32:30.909+0400] {processor.py:753} INFO - DAG(s) dict_keys(['example_xcom']) retrieved from /Users/harut/opt/anaconda3/lib/python3.9/site-packages/airflow/example_dags/example_xcom.py
[2023-01-09T15:32:31.323+0400] {logging_mixin.py:137} INFO - [2023-01-09T15:32:31.323+0400] {dag.py:2676} INFO - Sync 1 DAGs
[2023-01-09T15:32:31.334+0400] {logging_mixin.py:137} INFO - [2023-01-09T15:32:31.334+0400] {dag.py:3423} INFO - Setting next_dagrun for example_xcom to 2021-01-01T00:00:00+00:00, run_after=2021-01-01T00:00:00+00:00
[2023-01-09T15:32:31.344+0400] {processor.py:175} INFO - Processing /Users/harut/opt/anaconda3/lib/python3.9/site-packages/airflow/example_dags/example_xcom.py took 0.470 seconds
[2023-01-09T15:33:54.950+0400] {processor.py:153} INFO - Started process (PID=15107) to work on /Users/harut/opt/anaconda3/lib/python3.9/site-packages/airflow/example_dags/example_xcom.py
[2023-01-09T15:33:54.951+0400] {processor.py:743} INFO - Processing file /Users/harut/opt/anaconda3/lib/python3.9/site-packages/airflow/example_dags/example_xcom.py for tasks to queue
[2023-01-09T15:33:54.951+0400] {logging_mixin.py:137} INFO - [2023-01-09T15:33:54.951+0400] {dagbag.py:538} INFO - Filling up the DagBag from /Users/harut/opt/anaconda3/lib/python3.9/site-packages/airflow/example_dags/example_xcom.py
[2023-01-09T15:33:54.985+0400] {processor.py:753} INFO - DAG(s) dict_keys(['example_xcom']) retrieved from /Users/harut/opt/anaconda3/lib/python3.9/site-packages/airflow/example_dags/example_xcom.py
[2023-01-09T15:33:55.411+0400] {logging_mixin.py:137} INFO - [2023-01-09T15:33:55.411+0400] {dag.py:2676} INFO - Sync 1 DAGs
[2023-01-09T15:33:55.422+0400] {logging_mixin.py:137} INFO - [2023-01-09T15:33:55.422+0400] {dag.py:3423} INFO - Setting next_dagrun for example_xcom to 2021-01-01T00:00:00+00:00, run_after=2021-01-01T00:00:00+00:00
[2023-01-09T15:33:55.434+0400] {processor.py:175} INFO - Processing /Users/harut/opt/anaconda3/lib/python3.9/site-packages/airflow/example_dags/example_xcom.py took 0.484 seconds
[2023-01-09T15:35:18.989+0400] {processor.py:153} INFO - Started process (PID=15156) to work on /Users/harut/opt/anaconda3/lib/python3.9/site-packages/airflow/example_dags/example_xcom.py
[2023-01-09T15:35:18.989+0400] {processor.py:743} INFO - Processing file /Users/harut/opt/anaconda3/lib/python3.9/site-packages/airflow/example_dags/example_xcom.py for tasks to queue
[2023-01-09T15:35:18.989+0400] {logging_mixin.py:137} INFO - [2023-01-09T15:35:18.989+0400] {dagbag.py:538} INFO - Filling up the DagBag from /Users/harut/opt/anaconda3/lib/python3.9/site-packages/airflow/example_dags/example_xcom.py
[2023-01-09T15:35:19.021+0400] {processor.py:753} INFO - DAG(s) dict_keys(['example_xcom']) retrieved from /Users/harut/opt/anaconda3/lib/python3.9/site-packages/airflow/example_dags/example_xcom.py
[2023-01-09T15:35:19.422+0400] {logging_mixin.py:137} INFO - [2023-01-09T15:35:19.422+0400] {dag.py:2676} INFO - Sync 1 DAGs
[2023-01-09T15:35:19.433+0400] {logging_mixin.py:137} INFO - [2023-01-09T15:35:19.433+0400] {dag.py:3423} INFO - Setting next_dagrun for example_xcom to 2021-01-01T00:00:00+00:00, run_after=2021-01-01T00:00:00+00:00
[2023-01-09T15:35:19.445+0400] {processor.py:175} INFO - Processing /Users/harut/opt/anaconda3/lib/python3.9/site-packages/airflow/example_dags/example_xcom.py took 0.457 seconds
[2023-01-09T15:36:41.360+0400] {processor.py:153} INFO - Started process (PID=15219) to work on /Users/harut/opt/anaconda3/lib/python3.9/site-packages/airflow/example_dags/example_xcom.py
[2023-01-09T15:36:41.360+0400] {processor.py:743} INFO - Processing file /Users/harut/opt/anaconda3/lib/python3.9/site-packages/airflow/example_dags/example_xcom.py for tasks to queue
[2023-01-09T15:36:41.361+0400] {logging_mixin.py:137} INFO - [2023-01-09T15:36:41.361+0400] {dagbag.py:538} INFO - Filling up the DagBag from /Users/harut/opt/anaconda3/lib/python3.9/site-packages/airflow/example_dags/example_xcom.py
[2023-01-09T15:36:41.393+0400] {processor.py:753} INFO - DAG(s) dict_keys(['example_xcom']) retrieved from /Users/harut/opt/anaconda3/lib/python3.9/site-packages/airflow/example_dags/example_xcom.py
[2023-01-09T15:36:41.782+0400] {logging_mixin.py:137} INFO - [2023-01-09T15:36:41.781+0400] {dag.py:2676} INFO - Sync 1 DAGs
[2023-01-09T15:36:41.791+0400] {logging_mixin.py:137} INFO - [2023-01-09T15:36:41.791+0400] {dag.py:3423} INFO - Setting next_dagrun for example_xcom to 2021-01-01T00:00:00+00:00, run_after=2021-01-01T00:00:00+00:00
[2023-01-09T15:36:41.801+0400] {processor.py:175} INFO - Processing /Users/harut/opt/anaconda3/lib/python3.9/site-packages/airflow/example_dags/example_xcom.py took 0.441 seconds
[2023-01-09T15:38:04.523+0400] {processor.py:153} INFO - Started process (PID=15261) to work on /Users/harut/opt/anaconda3/lib/python3.9/site-packages/airflow/example_dags/example_xcom.py
[2023-01-09T15:38:04.524+0400] {processor.py:743} INFO - Processing file /Users/harut/opt/anaconda3/lib/python3.9/site-packages/airflow/example_dags/example_xcom.py for tasks to queue
[2023-01-09T15:38:04.524+0400] {logging_mixin.py:137} INFO - [2023-01-09T15:38:04.524+0400] {dagbag.py:538} INFO - Filling up the DagBag from /Users/harut/opt/anaconda3/lib/python3.9/site-packages/airflow/example_dags/example_xcom.py
[2023-01-09T15:38:04.554+0400] {processor.py:753} INFO - DAG(s) dict_keys(['example_xcom']) retrieved from /Users/harut/opt/anaconda3/lib/python3.9/site-packages/airflow/example_dags/example_xcom.py
[2023-01-09T15:38:04.924+0400] {logging_mixin.py:137} INFO - [2023-01-09T15:38:04.924+0400] {dag.py:2676} INFO - Sync 1 DAGs
[2023-01-09T15:38:04.933+0400] {logging_mixin.py:137} INFO - [2023-01-09T15:38:04.933+0400] {dag.py:3423} INFO - Setting next_dagrun for example_xcom to 2021-01-01T00:00:00+00:00, run_after=2021-01-01T00:00:00+00:00
[2023-01-09T15:38:04.943+0400] {processor.py:175} INFO - Processing /Users/harut/opt/anaconda3/lib/python3.9/site-packages/airflow/example_dags/example_xcom.py took 0.420 seconds
[2023-01-09T15:39:26.466+0400] {processor.py:153} INFO - Started process (PID=15305) to work on /Users/harut/opt/anaconda3/lib/python3.9/site-packages/airflow/example_dags/example_xcom.py
[2023-01-09T15:39:26.466+0400] {processor.py:743} INFO - Processing file /Users/harut/opt/anaconda3/lib/python3.9/site-packages/airflow/example_dags/example_xcom.py for tasks to queue
[2023-01-09T15:39:26.467+0400] {logging_mixin.py:137} INFO - [2023-01-09T15:39:26.466+0400] {dagbag.py:538} INFO - Filling up the DagBag from /Users/harut/opt/anaconda3/lib/python3.9/site-packages/airflow/example_dags/example_xcom.py
[2023-01-09T15:39:26.497+0400] {processor.py:753} INFO - DAG(s) dict_keys(['example_xcom']) retrieved from /Users/harut/opt/anaconda3/lib/python3.9/site-packages/airflow/example_dags/example_xcom.py
[2023-01-09T15:39:26.877+0400] {logging_mixin.py:137} INFO - [2023-01-09T15:39:26.876+0400] {dag.py:2676} INFO - Sync 1 DAGs
[2023-01-09T15:39:26.886+0400] {logging_mixin.py:137} INFO - [2023-01-09T15:39:26.886+0400] {dag.py:3423} INFO - Setting next_dagrun for example_xcom to 2021-01-01T00:00:00+00:00, run_after=2021-01-01T00:00:00+00:00
[2023-01-09T15:39:26.895+0400] {processor.py:175} INFO - Processing /Users/harut/opt/anaconda3/lib/python3.9/site-packages/airflow/example_dags/example_xcom.py took 0.430 seconds
[2023-01-09T15:40:47.346+0400] {processor.py:153} INFO - Started process (PID=15357) to work on /Users/harut/opt/anaconda3/lib/python3.9/site-packages/airflow/example_dags/example_xcom.py
[2023-01-09T15:40:47.347+0400] {processor.py:743} INFO - Processing file /Users/harut/opt/anaconda3/lib/python3.9/site-packages/airflow/example_dags/example_xcom.py for tasks to queue
[2023-01-09T15:40:47.347+0400] {logging_mixin.py:137} INFO - [2023-01-09T15:40:47.347+0400] {dagbag.py:538} INFO - Filling up the DagBag from /Users/harut/opt/anaconda3/lib/python3.9/site-packages/airflow/example_dags/example_xcom.py
[2023-01-09T15:40:47.378+0400] {processor.py:753} INFO - DAG(s) dict_keys(['example_xcom']) retrieved from /Users/harut/opt/anaconda3/lib/python3.9/site-packages/airflow/example_dags/example_xcom.py
[2023-01-09T15:40:47.751+0400] {logging_mixin.py:137} INFO - [2023-01-09T15:40:47.751+0400] {dag.py:2676} INFO - Sync 1 DAGs
[2023-01-09T15:40:47.760+0400] {logging_mixin.py:137} INFO - [2023-01-09T15:40:47.760+0400] {dag.py:3423} INFO - Setting next_dagrun for example_xcom to 2021-01-01T00:00:00+00:00, run_after=2021-01-01T00:00:00+00:00
[2023-01-09T15:40:47.770+0400] {processor.py:175} INFO - Processing /Users/harut/opt/anaconda3/lib/python3.9/site-packages/airflow/example_dags/example_xcom.py took 0.424 seconds
