[2023-01-09T14:16:44.187+0400] {processor.py:153} INFO - Started process (PID=12404) to work on /Users/harut/opt/anaconda3/lib/python3.9/site-packages/airflow/example_dags/example_trigger_controller_dag.py
[2023-01-09T14:16:44.188+0400] {processor.py:743} INFO - Processing file /Users/harut/opt/anaconda3/lib/python3.9/site-packages/airflow/example_dags/example_trigger_controller_dag.py for tasks to queue
[2023-01-09T14:16:44.188+0400] {logging_mixin.py:137} INFO - [2023-01-09T14:16:44.188+0400] {dagbag.py:538} INFO - Filling up the DagBag from /Users/harut/opt/anaconda3/lib/python3.9/site-packages/airflow/example_dags/example_trigger_controller_dag.py
[2023-01-09T14:16:44.204+0400] {processor.py:753} INFO - DAG(s) dict_keys(['example_trigger_controller_dag']) retrieved from /Users/harut/opt/anaconda3/lib/python3.9/site-packages/airflow/example_dags/example_trigger_controller_dag.py
[2023-01-09T14:16:44.230+0400] {logging_mixin.py:137} INFO - [2023-01-09T14:16:44.230+0400] {dag.py:2676} INFO - Sync 1 DAGs
[2023-01-09T14:16:44.586+0400] {logging_mixin.py:137} INFO - [2023-01-09T14:16:44.586+0400] {dag.py:3423} INFO - Setting next_dagrun for example_trigger_controller_dag to 2021-01-01T00:00:00+00:00, run_after=2021-01-01T00:00:00+00:00
[2023-01-09T14:16:44.595+0400] {processor.py:175} INFO - Processing /Users/harut/opt/anaconda3/lib/python3.9/site-packages/airflow/example_dags/example_trigger_controller_dag.py took 0.408 seconds
[2023-01-09T14:18:06.372+0400] {processor.py:153} INFO - Started process (PID=12447) to work on /Users/harut/opt/anaconda3/lib/python3.9/site-packages/airflow/example_dags/example_trigger_controller_dag.py
[2023-01-09T14:18:06.373+0400] {processor.py:743} INFO - Processing file /Users/harut/opt/anaconda3/lib/python3.9/site-packages/airflow/example_dags/example_trigger_controller_dag.py for tasks to queue
[2023-01-09T14:18:06.373+0400] {logging_mixin.py:137} INFO - [2023-01-09T14:18:06.373+0400] {dagbag.py:538} INFO - Filling up the DagBag from /Users/harut/opt/anaconda3/lib/python3.9/site-packages/airflow/example_dags/example_trigger_controller_dag.py
[2023-01-09T14:18:06.389+0400] {processor.py:753} INFO - DAG(s) dict_keys(['example_trigger_controller_dag']) retrieved from /Users/harut/opt/anaconda3/lib/python3.9/site-packages/airflow/example_dags/example_trigger_controller_dag.py
[2023-01-09T14:18:06.764+0400] {logging_mixin.py:137} INFO - [2023-01-09T14:18:06.764+0400] {dag.py:2676} INFO - Sync 1 DAGs
[2023-01-09T14:18:06.774+0400] {logging_mixin.py:137} INFO - [2023-01-09T14:18:06.774+0400] {dag.py:3423} INFO - Setting next_dagrun for example_trigger_controller_dag to 2021-01-01T00:00:00+00:00, run_after=2021-01-01T00:00:00+00:00
[2023-01-09T14:18:06.784+0400] {processor.py:175} INFO - Processing /Users/harut/opt/anaconda3/lib/python3.9/site-packages/airflow/example_dags/example_trigger_controller_dag.py took 0.413 seconds
[2023-01-09T14:19:15.988+0400] {processor.py:153} INFO - Started process (PID=12502) to work on /Users/harut/opt/anaconda3/lib/python3.9/site-packages/airflow/example_dags/example_trigger_controller_dag.py
[2023-01-09T14:19:15.989+0400] {processor.py:743} INFO - Processing file /Users/harut/opt/anaconda3/lib/python3.9/site-packages/airflow/example_dags/example_trigger_controller_dag.py for tasks to queue
[2023-01-09T14:19:15.989+0400] {logging_mixin.py:137} INFO - [2023-01-09T14:19:15.989+0400] {dagbag.py:538} INFO - Filling up the DagBag from /Users/harut/opt/anaconda3/lib/python3.9/site-packages/airflow/example_dags/example_trigger_controller_dag.py
[2023-01-09T14:19:16.004+0400] {processor.py:753} INFO - DAG(s) dict_keys(['example_trigger_controller_dag']) retrieved from /Users/harut/opt/anaconda3/lib/python3.9/site-packages/airflow/example_dags/example_trigger_controller_dag.py
[2023-01-09T14:19:16.380+0400] {logging_mixin.py:137} INFO - [2023-01-09T14:19:16.380+0400] {dag.py:2676} INFO - Sync 1 DAGs
[2023-01-09T14:19:16.389+0400] {logging_mixin.py:137} INFO - [2023-01-09T14:19:16.389+0400] {dag.py:3423} INFO - Setting next_dagrun for example_trigger_controller_dag to 2021-01-01T00:00:00+00:00, run_after=2021-01-01T00:00:00+00:00
[2023-01-09T14:19:16.399+0400] {processor.py:175} INFO - Processing /Users/harut/opt/anaconda3/lib/python3.9/site-packages/airflow/example_dags/example_trigger_controller_dag.py took 0.411 seconds
[2023-01-09T14:20:29.895+0400] {processor.py:153} INFO - Started process (PID=12540) to work on /Users/harut/opt/anaconda3/lib/python3.9/site-packages/airflow/example_dags/example_trigger_controller_dag.py
[2023-01-09T14:20:29.895+0400] {processor.py:743} INFO - Processing file /Users/harut/opt/anaconda3/lib/python3.9/site-packages/airflow/example_dags/example_trigger_controller_dag.py for tasks to queue
[2023-01-09T14:20:29.896+0400] {logging_mixin.py:137} INFO - [2023-01-09T14:20:29.896+0400] {dagbag.py:538} INFO - Filling up the DagBag from /Users/harut/opt/anaconda3/lib/python3.9/site-packages/airflow/example_dags/example_trigger_controller_dag.py
[2023-01-09T14:20:29.912+0400] {processor.py:753} INFO - DAG(s) dict_keys(['example_trigger_controller_dag']) retrieved from /Users/harut/opt/anaconda3/lib/python3.9/site-packages/airflow/example_dags/example_trigger_controller_dag.py
[2023-01-09T14:20:30.292+0400] {logging_mixin.py:137} INFO - [2023-01-09T14:20:30.292+0400] {dag.py:2676} INFO - Sync 1 DAGs
[2023-01-09T14:20:30.300+0400] {logging_mixin.py:137} INFO - [2023-01-09T14:20:30.300+0400] {dag.py:3423} INFO - Setting next_dagrun for example_trigger_controller_dag to 2021-01-01T00:00:00+00:00, run_after=2021-01-01T00:00:00+00:00
[2023-01-09T14:20:30.310+0400] {processor.py:175} INFO - Processing /Users/harut/opt/anaconda3/lib/python3.9/site-packages/airflow/example_dags/example_trigger_controller_dag.py took 0.415 seconds
[2023-01-09T14:21:45.359+0400] {processor.py:153} INFO - Started process (PID=12585) to work on /Users/harut/opt/anaconda3/lib/python3.9/site-packages/airflow/example_dags/example_trigger_controller_dag.py
[2023-01-09T14:21:45.359+0400] {processor.py:743} INFO - Processing file /Users/harut/opt/anaconda3/lib/python3.9/site-packages/airflow/example_dags/example_trigger_controller_dag.py for tasks to queue
[2023-01-09T14:21:45.360+0400] {logging_mixin.py:137} INFO - [2023-01-09T14:21:45.360+0400] {dagbag.py:538} INFO - Filling up the DagBag from /Users/harut/opt/anaconda3/lib/python3.9/site-packages/airflow/example_dags/example_trigger_controller_dag.py
[2023-01-09T14:21:45.376+0400] {processor.py:753} INFO - DAG(s) dict_keys(['example_trigger_controller_dag']) retrieved from /Users/harut/opt/anaconda3/lib/python3.9/site-packages/airflow/example_dags/example_trigger_controller_dag.py
[2023-01-09T14:21:45.755+0400] {logging_mixin.py:137} INFO - [2023-01-09T14:21:45.755+0400] {dag.py:2676} INFO - Sync 1 DAGs
[2023-01-09T14:21:45.764+0400] {logging_mixin.py:137} INFO - [2023-01-09T14:21:45.764+0400] {dag.py:3423} INFO - Setting next_dagrun for example_trigger_controller_dag to 2021-01-01T00:00:00+00:00, run_after=2021-01-01T00:00:00+00:00
[2023-01-09T14:21:45.773+0400] {processor.py:175} INFO - Processing /Users/harut/opt/anaconda3/lib/python3.9/site-packages/airflow/example_dags/example_trigger_controller_dag.py took 0.414 seconds
[2023-01-09T14:22:59.339+0400] {processor.py:153} INFO - Started process (PID=12632) to work on /Users/harut/opt/anaconda3/lib/python3.9/site-packages/airflow/example_dags/example_trigger_controller_dag.py
[2023-01-09T14:22:59.339+0400] {processor.py:743} INFO - Processing file /Users/harut/opt/anaconda3/lib/python3.9/site-packages/airflow/example_dags/example_trigger_controller_dag.py for tasks to queue
[2023-01-09T14:22:59.339+0400] {logging_mixin.py:137} INFO - [2023-01-09T14:22:59.339+0400] {dagbag.py:538} INFO - Filling up the DagBag from /Users/harut/opt/anaconda3/lib/python3.9/site-packages/airflow/example_dags/example_trigger_controller_dag.py
[2023-01-09T14:22:59.355+0400] {processor.py:753} INFO - DAG(s) dict_keys(['example_trigger_controller_dag']) retrieved from /Users/harut/opt/anaconda3/lib/python3.9/site-packages/airflow/example_dags/example_trigger_controller_dag.py
[2023-01-09T14:22:59.724+0400] {logging_mixin.py:137} INFO - [2023-01-09T14:22:59.724+0400] {dag.py:2676} INFO - Sync 1 DAGs
[2023-01-09T14:22:59.733+0400] {logging_mixin.py:137} INFO - [2023-01-09T14:22:59.733+0400] {dag.py:3423} INFO - Setting next_dagrun for example_trigger_controller_dag to 2021-01-01T00:00:00+00:00, run_after=2021-01-01T00:00:00+00:00
[2023-01-09T14:22:59.743+0400] {processor.py:175} INFO - Processing /Users/harut/opt/anaconda3/lib/python3.9/site-packages/airflow/example_dags/example_trigger_controller_dag.py took 0.405 seconds
[2023-01-09T14:24:20.723+0400] {processor.py:153} INFO - Started process (PID=12677) to work on /Users/harut/opt/anaconda3/lib/python3.9/site-packages/airflow/example_dags/example_trigger_controller_dag.py
[2023-01-09T14:24:20.723+0400] {processor.py:743} INFO - Processing file /Users/harut/opt/anaconda3/lib/python3.9/site-packages/airflow/example_dags/example_trigger_controller_dag.py for tasks to queue
[2023-01-09T14:24:20.723+0400] {logging_mixin.py:137} INFO - [2023-01-09T14:24:20.723+0400] {dagbag.py:538} INFO - Filling up the DagBag from /Users/harut/opt/anaconda3/lib/python3.9/site-packages/airflow/example_dags/example_trigger_controller_dag.py
[2023-01-09T14:24:20.739+0400] {processor.py:753} INFO - DAG(s) dict_keys(['example_trigger_controller_dag']) retrieved from /Users/harut/opt/anaconda3/lib/python3.9/site-packages/airflow/example_dags/example_trigger_controller_dag.py
[2023-01-09T14:24:21.113+0400] {logging_mixin.py:137} INFO - [2023-01-09T14:24:21.113+0400] {dag.py:2676} INFO - Sync 1 DAGs
[2023-01-09T14:24:21.122+0400] {logging_mixin.py:137} INFO - [2023-01-09T14:24:21.122+0400] {dag.py:3423} INFO - Setting next_dagrun for example_trigger_controller_dag to 2021-01-01T00:00:00+00:00, run_after=2021-01-01T00:00:00+00:00
[2023-01-09T14:24:21.131+0400] {processor.py:175} INFO - Processing /Users/harut/opt/anaconda3/lib/python3.9/site-packages/airflow/example_dags/example_trigger_controller_dag.py took 0.409 seconds
[2023-01-09T14:25:39.681+0400] {processor.py:153} INFO - Started process (PID=12720) to work on /Users/harut/opt/anaconda3/lib/python3.9/site-packages/airflow/example_dags/example_trigger_controller_dag.py
[2023-01-09T14:25:39.682+0400] {processor.py:743} INFO - Processing file /Users/harut/opt/anaconda3/lib/python3.9/site-packages/airflow/example_dags/example_trigger_controller_dag.py for tasks to queue
[2023-01-09T14:25:39.682+0400] {logging_mixin.py:137} INFO - [2023-01-09T14:25:39.682+0400] {dagbag.py:538} INFO - Filling up the DagBag from /Users/harut/opt/anaconda3/lib/python3.9/site-packages/airflow/example_dags/example_trigger_controller_dag.py
[2023-01-09T14:25:39.699+0400] {processor.py:753} INFO - DAG(s) dict_keys(['example_trigger_controller_dag']) retrieved from /Users/harut/opt/anaconda3/lib/python3.9/site-packages/airflow/example_dags/example_trigger_controller_dag.py
[2023-01-09T14:25:40.114+0400] {logging_mixin.py:137} INFO - [2023-01-09T14:25:40.113+0400] {dag.py:2676} INFO - Sync 1 DAGs
[2023-01-09T14:25:40.124+0400] {logging_mixin.py:137} INFO - [2023-01-09T14:25:40.124+0400] {dag.py:3423} INFO - Setting next_dagrun for example_trigger_controller_dag to 2021-01-01T00:00:00+00:00, run_after=2021-01-01T00:00:00+00:00
[2023-01-09T14:25:40.134+0400] {processor.py:175} INFO - Processing /Users/harut/opt/anaconda3/lib/python3.9/site-packages/airflow/example_dags/example_trigger_controller_dag.py took 0.453 seconds
[2023-01-09T14:26:56.266+0400] {processor.py:153} INFO - Started process (PID=12766) to work on /Users/harut/opt/anaconda3/lib/python3.9/site-packages/airflow/example_dags/example_trigger_controller_dag.py
[2023-01-09T14:26:56.266+0400] {processor.py:743} INFO - Processing file /Users/harut/opt/anaconda3/lib/python3.9/site-packages/airflow/example_dags/example_trigger_controller_dag.py for tasks to queue
[2023-01-09T14:26:56.266+0400] {logging_mixin.py:137} INFO - [2023-01-09T14:26:56.266+0400] {dagbag.py:538} INFO - Filling up the DagBag from /Users/harut/opt/anaconda3/lib/python3.9/site-packages/airflow/example_dags/example_trigger_controller_dag.py
[2023-01-09T14:26:56.282+0400] {processor.py:753} INFO - DAG(s) dict_keys(['example_trigger_controller_dag']) retrieved from /Users/harut/opt/anaconda3/lib/python3.9/site-packages/airflow/example_dags/example_trigger_controller_dag.py
[2023-01-09T14:26:56.660+0400] {logging_mixin.py:137} INFO - [2023-01-09T14:26:56.659+0400] {dag.py:2676} INFO - Sync 1 DAGs
[2023-01-09T14:26:56.668+0400] {logging_mixin.py:137} INFO - [2023-01-09T14:26:56.668+0400] {dag.py:3423} INFO - Setting next_dagrun for example_trigger_controller_dag to 2021-01-01T00:00:00+00:00, run_after=2021-01-01T00:00:00+00:00
[2023-01-09T14:26:56.678+0400] {processor.py:175} INFO - Processing /Users/harut/opt/anaconda3/lib/python3.9/site-packages/airflow/example_dags/example_trigger_controller_dag.py took 0.412 seconds
[2023-01-09T14:28:13.386+0400] {processor.py:153} INFO - Started process (PID=12809) to work on /Users/harut/opt/anaconda3/lib/python3.9/site-packages/airflow/example_dags/example_trigger_controller_dag.py
[2023-01-09T14:28:13.386+0400] {processor.py:743} INFO - Processing file /Users/harut/opt/anaconda3/lib/python3.9/site-packages/airflow/example_dags/example_trigger_controller_dag.py for tasks to queue
[2023-01-09T14:28:13.386+0400] {logging_mixin.py:137} INFO - [2023-01-09T14:28:13.386+0400] {dagbag.py:538} INFO - Filling up the DagBag from /Users/harut/opt/anaconda3/lib/python3.9/site-packages/airflow/example_dags/example_trigger_controller_dag.py
[2023-01-09T14:28:13.403+0400] {processor.py:753} INFO - DAG(s) dict_keys(['example_trigger_controller_dag']) retrieved from /Users/harut/opt/anaconda3/lib/python3.9/site-packages/airflow/example_dags/example_trigger_controller_dag.py
[2023-01-09T14:28:13.771+0400] {logging_mixin.py:137} INFO - [2023-01-09T14:28:13.771+0400] {dag.py:2676} INFO - Sync 1 DAGs
[2023-01-09T14:28:13.780+0400] {logging_mixin.py:137} INFO - [2023-01-09T14:28:13.780+0400] {dag.py:3423} INFO - Setting next_dagrun for example_trigger_controller_dag to 2021-01-01T00:00:00+00:00, run_after=2021-01-01T00:00:00+00:00
[2023-01-09T14:28:13.789+0400] {processor.py:175} INFO - Processing /Users/harut/opt/anaconda3/lib/python3.9/site-packages/airflow/example_dags/example_trigger_controller_dag.py took 0.404 seconds
[2023-01-09T14:29:31.471+0400] {processor.py:153} INFO - Started process (PID=12850) to work on /Users/harut/opt/anaconda3/lib/python3.9/site-packages/airflow/example_dags/example_trigger_controller_dag.py
[2023-01-09T14:29:31.471+0400] {processor.py:743} INFO - Processing file /Users/harut/opt/anaconda3/lib/python3.9/site-packages/airflow/example_dags/example_trigger_controller_dag.py for tasks to queue
[2023-01-09T14:29:31.472+0400] {logging_mixin.py:137} INFO - [2023-01-09T14:29:31.472+0400] {dagbag.py:538} INFO - Filling up the DagBag from /Users/harut/opt/anaconda3/lib/python3.9/site-packages/airflow/example_dags/example_trigger_controller_dag.py
[2023-01-09T14:29:31.487+0400] {processor.py:753} INFO - DAG(s) dict_keys(['example_trigger_controller_dag']) retrieved from /Users/harut/opt/anaconda3/lib/python3.9/site-packages/airflow/example_dags/example_trigger_controller_dag.py
[2023-01-09T14:29:31.856+0400] {logging_mixin.py:137} INFO - [2023-01-09T14:29:31.856+0400] {dag.py:2676} INFO - Sync 1 DAGs
[2023-01-09T14:29:31.865+0400] {logging_mixin.py:137} INFO - [2023-01-09T14:29:31.864+0400] {dag.py:3423} INFO - Setting next_dagrun for example_trigger_controller_dag to 2021-01-01T00:00:00+00:00, run_after=2021-01-01T00:00:00+00:00
[2023-01-09T14:29:31.874+0400] {processor.py:175} INFO - Processing /Users/harut/opt/anaconda3/lib/python3.9/site-packages/airflow/example_dags/example_trigger_controller_dag.py took 0.403 seconds
[2023-01-09T14:30:47.122+0400] {processor.py:153} INFO - Started process (PID=12896) to work on /Users/harut/opt/anaconda3/lib/python3.9/site-packages/airflow/example_dags/example_trigger_controller_dag.py
[2023-01-09T14:30:47.122+0400] {processor.py:743} INFO - Processing file /Users/harut/opt/anaconda3/lib/python3.9/site-packages/airflow/example_dags/example_trigger_controller_dag.py for tasks to queue
[2023-01-09T14:30:47.123+0400] {logging_mixin.py:137} INFO - [2023-01-09T14:30:47.123+0400] {dagbag.py:538} INFO - Filling up the DagBag from /Users/harut/opt/anaconda3/lib/python3.9/site-packages/airflow/example_dags/example_trigger_controller_dag.py
[2023-01-09T14:30:47.138+0400] {processor.py:753} INFO - DAG(s) dict_keys(['example_trigger_controller_dag']) retrieved from /Users/harut/opt/anaconda3/lib/python3.9/site-packages/airflow/example_dags/example_trigger_controller_dag.py
[2023-01-09T14:30:47.502+0400] {logging_mixin.py:137} INFO - [2023-01-09T14:30:47.502+0400] {dag.py:2676} INFO - Sync 1 DAGs
[2023-01-09T14:30:47.511+0400] {logging_mixin.py:137} INFO - [2023-01-09T14:30:47.510+0400] {dag.py:3423} INFO - Setting next_dagrun for example_trigger_controller_dag to 2021-01-01T00:00:00+00:00, run_after=2021-01-01T00:00:00+00:00
[2023-01-09T14:30:47.520+0400] {processor.py:175} INFO - Processing /Users/harut/opt/anaconda3/lib/python3.9/site-packages/airflow/example_dags/example_trigger_controller_dag.py took 0.398 seconds
[2023-01-09T14:32:01.763+0400] {processor.py:153} INFO - Started process (PID=12939) to work on /Users/harut/opt/anaconda3/lib/python3.9/site-packages/airflow/example_dags/example_trigger_controller_dag.py
[2023-01-09T14:32:01.763+0400] {processor.py:743} INFO - Processing file /Users/harut/opt/anaconda3/lib/python3.9/site-packages/airflow/example_dags/example_trigger_controller_dag.py for tasks to queue
[2023-01-09T14:32:01.764+0400] {logging_mixin.py:137} INFO - [2023-01-09T14:32:01.764+0400] {dagbag.py:538} INFO - Filling up the DagBag from /Users/harut/opt/anaconda3/lib/python3.9/site-packages/airflow/example_dags/example_trigger_controller_dag.py
[2023-01-09T14:32:01.779+0400] {processor.py:753} INFO - DAG(s) dict_keys(['example_trigger_controller_dag']) retrieved from /Users/harut/opt/anaconda3/lib/python3.9/site-packages/airflow/example_dags/example_trigger_controller_dag.py
[2023-01-09T14:32:02.145+0400] {logging_mixin.py:137} INFO - [2023-01-09T14:32:02.145+0400] {dag.py:2676} INFO - Sync 1 DAGs
[2023-01-09T14:32:02.153+0400] {logging_mixin.py:137} INFO - [2023-01-09T14:32:02.153+0400] {dag.py:3423} INFO - Setting next_dagrun for example_trigger_controller_dag to 2021-01-01T00:00:00+00:00, run_after=2021-01-01T00:00:00+00:00
[2023-01-09T14:32:02.163+0400] {processor.py:175} INFO - Processing /Users/harut/opt/anaconda3/lib/python3.9/site-packages/airflow/example_dags/example_trigger_controller_dag.py took 0.401 seconds
[2023-01-09T14:33:18.448+0400] {processor.py:153} INFO - Started process (PID=12988) to work on /Users/harut/opt/anaconda3/lib/python3.9/site-packages/airflow/example_dags/example_trigger_controller_dag.py
[2023-01-09T14:33:18.449+0400] {processor.py:743} INFO - Processing file /Users/harut/opt/anaconda3/lib/python3.9/site-packages/airflow/example_dags/example_trigger_controller_dag.py for tasks to queue
[2023-01-09T14:33:18.449+0400] {logging_mixin.py:137} INFO - [2023-01-09T14:33:18.449+0400] {dagbag.py:538} INFO - Filling up the DagBag from /Users/harut/opt/anaconda3/lib/python3.9/site-packages/airflow/example_dags/example_trigger_controller_dag.py
[2023-01-09T14:33:18.465+0400] {processor.py:753} INFO - DAG(s) dict_keys(['example_trigger_controller_dag']) retrieved from /Users/harut/opt/anaconda3/lib/python3.9/site-packages/airflow/example_dags/example_trigger_controller_dag.py
[2023-01-09T14:33:18.850+0400] {logging_mixin.py:137} INFO - [2023-01-09T14:33:18.850+0400] {dag.py:2676} INFO - Sync 1 DAGs
[2023-01-09T14:33:18.859+0400] {logging_mixin.py:137} INFO - [2023-01-09T14:33:18.859+0400] {dag.py:3423} INFO - Setting next_dagrun for example_trigger_controller_dag to 2021-01-01T00:00:00+00:00, run_after=2021-01-01T00:00:00+00:00
[2023-01-09T14:33:18.868+0400] {processor.py:175} INFO - Processing /Users/harut/opt/anaconda3/lib/python3.9/site-packages/airflow/example_dags/example_trigger_controller_dag.py took 0.420 seconds
[2023-01-09T14:34:35.780+0400] {processor.py:153} INFO - Started process (PID=13038) to work on /Users/harut/opt/anaconda3/lib/python3.9/site-packages/airflow/example_dags/example_trigger_controller_dag.py
[2023-01-09T14:34:35.780+0400] {processor.py:743} INFO - Processing file /Users/harut/opt/anaconda3/lib/python3.9/site-packages/airflow/example_dags/example_trigger_controller_dag.py for tasks to queue
[2023-01-09T14:34:35.781+0400] {logging_mixin.py:137} INFO - [2023-01-09T14:34:35.781+0400] {dagbag.py:538} INFO - Filling up the DagBag from /Users/harut/opt/anaconda3/lib/python3.9/site-packages/airflow/example_dags/example_trigger_controller_dag.py
[2023-01-09T14:34:35.798+0400] {processor.py:753} INFO - DAG(s) dict_keys(['example_trigger_controller_dag']) retrieved from /Users/harut/opt/anaconda3/lib/python3.9/site-packages/airflow/example_dags/example_trigger_controller_dag.py
[2023-01-09T14:34:36.171+0400] {logging_mixin.py:137} INFO - [2023-01-09T14:34:36.171+0400] {dag.py:2676} INFO - Sync 1 DAGs
[2023-01-09T14:34:36.180+0400] {logging_mixin.py:137} INFO - [2023-01-09T14:34:36.180+0400] {dag.py:3423} INFO - Setting next_dagrun for example_trigger_controller_dag to 2021-01-01T00:00:00+00:00, run_after=2021-01-01T00:00:00+00:00
[2023-01-09T14:34:36.189+0400] {processor.py:175} INFO - Processing /Users/harut/opt/anaconda3/lib/python3.9/site-packages/airflow/example_dags/example_trigger_controller_dag.py took 0.410 seconds
[2023-01-09T14:35:53.968+0400] {processor.py:153} INFO - Started process (PID=13086) to work on /Users/harut/opt/anaconda3/lib/python3.9/site-packages/airflow/example_dags/example_trigger_controller_dag.py
[2023-01-09T14:35:53.969+0400] {processor.py:743} INFO - Processing file /Users/harut/opt/anaconda3/lib/python3.9/site-packages/airflow/example_dags/example_trigger_controller_dag.py for tasks to queue
[2023-01-09T14:35:53.969+0400] {logging_mixin.py:137} INFO - [2023-01-09T14:35:53.969+0400] {dagbag.py:538} INFO - Filling up the DagBag from /Users/harut/opt/anaconda3/lib/python3.9/site-packages/airflow/example_dags/example_trigger_controller_dag.py
[2023-01-09T14:35:53.984+0400] {processor.py:753} INFO - DAG(s) dict_keys(['example_trigger_controller_dag']) retrieved from /Users/harut/opt/anaconda3/lib/python3.9/site-packages/airflow/example_dags/example_trigger_controller_dag.py
[2023-01-09T14:35:54.348+0400] {logging_mixin.py:137} INFO - [2023-01-09T14:35:54.347+0400] {dag.py:2676} INFO - Sync 1 DAGs
[2023-01-09T14:35:54.356+0400] {logging_mixin.py:137} INFO - [2023-01-09T14:35:54.356+0400] {dag.py:3423} INFO - Setting next_dagrun for example_trigger_controller_dag to 2021-01-01T00:00:00+00:00, run_after=2021-01-01T00:00:00+00:00
[2023-01-09T14:35:54.365+0400] {processor.py:175} INFO - Processing /Users/harut/opt/anaconda3/lib/python3.9/site-packages/airflow/example_dags/example_trigger_controller_dag.py took 0.397 seconds
[2023-01-09T14:37:10.937+0400] {processor.py:153} INFO - Started process (PID=13131) to work on /Users/harut/opt/anaconda3/lib/python3.9/site-packages/airflow/example_dags/example_trigger_controller_dag.py
[2023-01-09T14:37:10.937+0400] {processor.py:743} INFO - Processing file /Users/harut/opt/anaconda3/lib/python3.9/site-packages/airflow/example_dags/example_trigger_controller_dag.py for tasks to queue
[2023-01-09T14:37:10.938+0400] {logging_mixin.py:137} INFO - [2023-01-09T14:37:10.937+0400] {dagbag.py:538} INFO - Filling up the DagBag from /Users/harut/opt/anaconda3/lib/python3.9/site-packages/airflow/example_dags/example_trigger_controller_dag.py
[2023-01-09T14:37:10.953+0400] {processor.py:753} INFO - DAG(s) dict_keys(['example_trigger_controller_dag']) retrieved from /Users/harut/opt/anaconda3/lib/python3.9/site-packages/airflow/example_dags/example_trigger_controller_dag.py
[2023-01-09T14:37:11.349+0400] {logging_mixin.py:137} INFO - [2023-01-09T14:37:11.349+0400] {dag.py:2676} INFO - Sync 1 DAGs
[2023-01-09T14:37:11.358+0400] {logging_mixin.py:137} INFO - [2023-01-09T14:37:11.358+0400] {dag.py:3423} INFO - Setting next_dagrun for example_trigger_controller_dag to 2021-01-01T00:00:00+00:00, run_after=2021-01-01T00:00:00+00:00
[2023-01-09T14:37:11.368+0400] {processor.py:175} INFO - Processing /Users/harut/opt/anaconda3/lib/python3.9/site-packages/airflow/example_dags/example_trigger_controller_dag.py took 0.431 seconds
[2023-01-09T14:38:27.917+0400] {processor.py:153} INFO - Started process (PID=13177) to work on /Users/harut/opt/anaconda3/lib/python3.9/site-packages/airflow/example_dags/example_trigger_controller_dag.py
[2023-01-09T14:38:27.918+0400] {processor.py:743} INFO - Processing file /Users/harut/opt/anaconda3/lib/python3.9/site-packages/airflow/example_dags/example_trigger_controller_dag.py for tasks to queue
[2023-01-09T14:38:27.918+0400] {logging_mixin.py:137} INFO - [2023-01-09T14:38:27.918+0400] {dagbag.py:538} INFO - Filling up the DagBag from /Users/harut/opt/anaconda3/lib/python3.9/site-packages/airflow/example_dags/example_trigger_controller_dag.py
[2023-01-09T14:38:27.934+0400] {processor.py:753} INFO - DAG(s) dict_keys(['example_trigger_controller_dag']) retrieved from /Users/harut/opt/anaconda3/lib/python3.9/site-packages/airflow/example_dags/example_trigger_controller_dag.py
[2023-01-09T14:38:28.304+0400] {logging_mixin.py:137} INFO - [2023-01-09T14:38:28.304+0400] {dag.py:2676} INFO - Sync 1 DAGs
[2023-01-09T14:38:28.313+0400] {logging_mixin.py:137} INFO - [2023-01-09T14:38:28.313+0400] {dag.py:3423} INFO - Setting next_dagrun for example_trigger_controller_dag to 2021-01-01T00:00:00+00:00, run_after=2021-01-01T00:00:00+00:00
[2023-01-09T14:38:28.322+0400] {processor.py:175} INFO - Processing /Users/harut/opt/anaconda3/lib/python3.9/site-packages/airflow/example_dags/example_trigger_controller_dag.py took 0.405 seconds
[2023-01-09T14:39:44.601+0400] {processor.py:153} INFO - Started process (PID=13219) to work on /Users/harut/opt/anaconda3/lib/python3.9/site-packages/airflow/example_dags/example_trigger_controller_dag.py
[2023-01-09T14:39:44.602+0400] {processor.py:743} INFO - Processing file /Users/harut/opt/anaconda3/lib/python3.9/site-packages/airflow/example_dags/example_trigger_controller_dag.py for tasks to queue
[2023-01-09T14:39:44.602+0400] {logging_mixin.py:137} INFO - [2023-01-09T14:39:44.602+0400] {dagbag.py:538} INFO - Filling up the DagBag from /Users/harut/opt/anaconda3/lib/python3.9/site-packages/airflow/example_dags/example_trigger_controller_dag.py
[2023-01-09T14:39:44.618+0400] {processor.py:753} INFO - DAG(s) dict_keys(['example_trigger_controller_dag']) retrieved from /Users/harut/opt/anaconda3/lib/python3.9/site-packages/airflow/example_dags/example_trigger_controller_dag.py
[2023-01-09T14:39:45.000+0400] {logging_mixin.py:137} INFO - [2023-01-09T14:39:45.000+0400] {dag.py:2676} INFO - Sync 1 DAGs
[2023-01-09T14:39:45.009+0400] {logging_mixin.py:137} INFO - [2023-01-09T14:39:45.009+0400] {dag.py:3423} INFO - Setting next_dagrun for example_trigger_controller_dag to 2021-01-01T00:00:00+00:00, run_after=2021-01-01T00:00:00+00:00
[2023-01-09T14:39:45.018+0400] {processor.py:175} INFO - Processing /Users/harut/opt/anaconda3/lib/python3.9/site-packages/airflow/example_dags/example_trigger_controller_dag.py took 0.417 seconds
[2023-01-09T14:41:02.320+0400] {processor.py:153} INFO - Started process (PID=13265) to work on /Users/harut/opt/anaconda3/lib/python3.9/site-packages/airflow/example_dags/example_trigger_controller_dag.py
[2023-01-09T14:41:02.321+0400] {processor.py:743} INFO - Processing file /Users/harut/opt/anaconda3/lib/python3.9/site-packages/airflow/example_dags/example_trigger_controller_dag.py for tasks to queue
[2023-01-09T14:41:02.321+0400] {logging_mixin.py:137} INFO - [2023-01-09T14:41:02.321+0400] {dagbag.py:538} INFO - Filling up the DagBag from /Users/harut/opt/anaconda3/lib/python3.9/site-packages/airflow/example_dags/example_trigger_controller_dag.py
[2023-01-09T14:41:02.336+0400] {processor.py:753} INFO - DAG(s) dict_keys(['example_trigger_controller_dag']) retrieved from /Users/harut/opt/anaconda3/lib/python3.9/site-packages/airflow/example_dags/example_trigger_controller_dag.py
[2023-01-09T14:41:02.723+0400] {logging_mixin.py:137} INFO - [2023-01-09T14:41:02.722+0400] {dag.py:2676} INFO - Sync 1 DAGs
[2023-01-09T14:41:02.731+0400] {logging_mixin.py:137} INFO - [2023-01-09T14:41:02.731+0400] {dag.py:3423} INFO - Setting next_dagrun for example_trigger_controller_dag to 2021-01-01T00:00:00+00:00, run_after=2021-01-01T00:00:00+00:00
[2023-01-09T14:41:02.740+0400] {processor.py:175} INFO - Processing /Users/harut/opt/anaconda3/lib/python3.9/site-packages/airflow/example_dags/example_trigger_controller_dag.py took 0.421 seconds
[2023-01-09T14:42:17.197+0400] {processor.py:153} INFO - Started process (PID=13310) to work on /Users/harut/opt/anaconda3/lib/python3.9/site-packages/airflow/example_dags/example_trigger_controller_dag.py
[2023-01-09T14:42:17.198+0400] {processor.py:743} INFO - Processing file /Users/harut/opt/anaconda3/lib/python3.9/site-packages/airflow/example_dags/example_trigger_controller_dag.py for tasks to queue
[2023-01-09T14:42:17.198+0400] {logging_mixin.py:137} INFO - [2023-01-09T14:42:17.198+0400] {dagbag.py:538} INFO - Filling up the DagBag from /Users/harut/opt/anaconda3/lib/python3.9/site-packages/airflow/example_dags/example_trigger_controller_dag.py
[2023-01-09T14:42:17.214+0400] {processor.py:753} INFO - DAG(s) dict_keys(['example_trigger_controller_dag']) retrieved from /Users/harut/opt/anaconda3/lib/python3.9/site-packages/airflow/example_dags/example_trigger_controller_dag.py
[2023-01-09T14:42:17.584+0400] {logging_mixin.py:137} INFO - [2023-01-09T14:42:17.584+0400] {dag.py:2676} INFO - Sync 1 DAGs
[2023-01-09T14:42:17.592+0400] {logging_mixin.py:137} INFO - [2023-01-09T14:42:17.592+0400] {dag.py:3423} INFO - Setting next_dagrun for example_trigger_controller_dag to 2021-01-01T00:00:00+00:00, run_after=2021-01-01T00:00:00+00:00
[2023-01-09T14:42:17.602+0400] {processor.py:175} INFO - Processing /Users/harut/opt/anaconda3/lib/python3.9/site-packages/airflow/example_dags/example_trigger_controller_dag.py took 0.405 seconds
[2023-01-09T14:43:33.564+0400] {processor.py:153} INFO - Started process (PID=13353) to work on /Users/harut/opt/anaconda3/lib/python3.9/site-packages/airflow/example_dags/example_trigger_controller_dag.py
[2023-01-09T14:43:33.564+0400] {processor.py:743} INFO - Processing file /Users/harut/opt/anaconda3/lib/python3.9/site-packages/airflow/example_dags/example_trigger_controller_dag.py for tasks to queue
[2023-01-09T14:43:33.564+0400] {logging_mixin.py:137} INFO - [2023-01-09T14:43:33.564+0400] {dagbag.py:538} INFO - Filling up the DagBag from /Users/harut/opt/anaconda3/lib/python3.9/site-packages/airflow/example_dags/example_trigger_controller_dag.py
[2023-01-09T14:43:33.580+0400] {processor.py:753} INFO - DAG(s) dict_keys(['example_trigger_controller_dag']) retrieved from /Users/harut/opt/anaconda3/lib/python3.9/site-packages/airflow/example_dags/example_trigger_controller_dag.py
[2023-01-09T14:43:33.954+0400] {logging_mixin.py:137} INFO - [2023-01-09T14:43:33.954+0400] {dag.py:2676} INFO - Sync 1 DAGs
[2023-01-09T14:43:33.963+0400] {logging_mixin.py:137} INFO - [2023-01-09T14:43:33.963+0400] {dag.py:3423} INFO - Setting next_dagrun for example_trigger_controller_dag to 2021-01-01T00:00:00+00:00, run_after=2021-01-01T00:00:00+00:00
[2023-01-09T14:43:33.973+0400] {processor.py:175} INFO - Processing /Users/harut/opt/anaconda3/lib/python3.9/site-packages/airflow/example_dags/example_trigger_controller_dag.py took 0.409 seconds
[2023-01-09T14:44:54.049+0400] {processor.py:153} INFO - Started process (PID=13400) to work on /Users/harut/opt/anaconda3/lib/python3.9/site-packages/airflow/example_dags/example_trigger_controller_dag.py
[2023-01-09T14:44:54.050+0400] {processor.py:743} INFO - Processing file /Users/harut/opt/anaconda3/lib/python3.9/site-packages/airflow/example_dags/example_trigger_controller_dag.py for tasks to queue
[2023-01-09T14:44:54.050+0400] {logging_mixin.py:137} INFO - [2023-01-09T14:44:54.050+0400] {dagbag.py:538} INFO - Filling up the DagBag from /Users/harut/opt/anaconda3/lib/python3.9/site-packages/airflow/example_dags/example_trigger_controller_dag.py
[2023-01-09T14:44:54.065+0400] {processor.py:753} INFO - DAG(s) dict_keys(['example_trigger_controller_dag']) retrieved from /Users/harut/opt/anaconda3/lib/python3.9/site-packages/airflow/example_dags/example_trigger_controller_dag.py
[2023-01-09T14:44:54.439+0400] {logging_mixin.py:137} INFO - [2023-01-09T14:44:54.439+0400] {dag.py:2676} INFO - Sync 1 DAGs
[2023-01-09T14:44:54.449+0400] {logging_mixin.py:137} INFO - [2023-01-09T14:44:54.449+0400] {dag.py:3423} INFO - Setting next_dagrun for example_trigger_controller_dag to 2021-01-01T00:00:00+00:00, run_after=2021-01-01T00:00:00+00:00
[2023-01-09T14:44:54.458+0400] {processor.py:175} INFO - Processing /Users/harut/opt/anaconda3/lib/python3.9/site-packages/airflow/example_dags/example_trigger_controller_dag.py took 0.410 seconds
[2023-01-09T14:46:11.630+0400] {processor.py:153} INFO - Started process (PID=13443) to work on /Users/harut/opt/anaconda3/lib/python3.9/site-packages/airflow/example_dags/example_trigger_controller_dag.py
[2023-01-09T14:46:11.631+0400] {processor.py:743} INFO - Processing file /Users/harut/opt/anaconda3/lib/python3.9/site-packages/airflow/example_dags/example_trigger_controller_dag.py for tasks to queue
[2023-01-09T14:46:11.631+0400] {logging_mixin.py:137} INFO - [2023-01-09T14:46:11.631+0400] {dagbag.py:538} INFO - Filling up the DagBag from /Users/harut/opt/anaconda3/lib/python3.9/site-packages/airflow/example_dags/example_trigger_controller_dag.py
[2023-01-09T14:46:11.650+0400] {processor.py:753} INFO - DAG(s) dict_keys(['example_trigger_controller_dag']) retrieved from /Users/harut/opt/anaconda3/lib/python3.9/site-packages/airflow/example_dags/example_trigger_controller_dag.py
[2023-01-09T14:46:12.083+0400] {logging_mixin.py:137} INFO - [2023-01-09T14:46:12.083+0400] {dag.py:2676} INFO - Sync 1 DAGs
[2023-01-09T14:46:12.094+0400] {logging_mixin.py:137} INFO - [2023-01-09T14:46:12.094+0400] {dag.py:3423} INFO - Setting next_dagrun for example_trigger_controller_dag to 2021-01-01T00:00:00+00:00, run_after=2021-01-01T00:00:00+00:00
[2023-01-09T14:46:12.104+0400] {processor.py:175} INFO - Processing /Users/harut/opt/anaconda3/lib/python3.9/site-packages/airflow/example_dags/example_trigger_controller_dag.py took 0.475 seconds
[2023-01-09T14:47:31.269+0400] {processor.py:153} INFO - Started process (PID=13497) to work on /Users/harut/opt/anaconda3/lib/python3.9/site-packages/airflow/example_dags/example_trigger_controller_dag.py
[2023-01-09T14:47:31.269+0400] {processor.py:743} INFO - Processing file /Users/harut/opt/anaconda3/lib/python3.9/site-packages/airflow/example_dags/example_trigger_controller_dag.py for tasks to queue
[2023-01-09T14:47:31.270+0400] {logging_mixin.py:137} INFO - [2023-01-09T14:47:31.269+0400] {dagbag.py:538} INFO - Filling up the DagBag from /Users/harut/opt/anaconda3/lib/python3.9/site-packages/airflow/example_dags/example_trigger_controller_dag.py
[2023-01-09T14:47:31.285+0400] {processor.py:753} INFO - DAG(s) dict_keys(['example_trigger_controller_dag']) retrieved from /Users/harut/opt/anaconda3/lib/python3.9/site-packages/airflow/example_dags/example_trigger_controller_dag.py
[2023-01-09T14:47:31.664+0400] {logging_mixin.py:137} INFO - [2023-01-09T14:47:31.664+0400] {dag.py:2676} INFO - Sync 1 DAGs
[2023-01-09T14:47:31.674+0400] {logging_mixin.py:137} INFO - [2023-01-09T14:47:31.674+0400] {dag.py:3423} INFO - Setting next_dagrun for example_trigger_controller_dag to 2021-01-01T00:00:00+00:00, run_after=2021-01-01T00:00:00+00:00
[2023-01-09T14:47:31.684+0400] {processor.py:175} INFO - Processing /Users/harut/opt/anaconda3/lib/python3.9/site-packages/airflow/example_dags/example_trigger_controller_dag.py took 0.416 seconds
[2023-01-09T14:48:53.123+0400] {processor.py:153} INFO - Started process (PID=13550) to work on /Users/harut/opt/anaconda3/lib/python3.9/site-packages/airflow/example_dags/example_trigger_controller_dag.py
[2023-01-09T14:48:53.124+0400] {processor.py:743} INFO - Processing file /Users/harut/opt/anaconda3/lib/python3.9/site-packages/airflow/example_dags/example_trigger_controller_dag.py for tasks to queue
[2023-01-09T14:48:53.124+0400] {logging_mixin.py:137} INFO - [2023-01-09T14:48:53.124+0400] {dagbag.py:538} INFO - Filling up the DagBag from /Users/harut/opt/anaconda3/lib/python3.9/site-packages/airflow/example_dags/example_trigger_controller_dag.py
[2023-01-09T14:48:53.141+0400] {processor.py:753} INFO - DAG(s) dict_keys(['example_trigger_controller_dag']) retrieved from /Users/harut/opt/anaconda3/lib/python3.9/site-packages/airflow/example_dags/example_trigger_controller_dag.py
[2023-01-09T14:48:53.570+0400] {logging_mixin.py:137} INFO - [2023-01-09T14:48:53.570+0400] {dag.py:2676} INFO - Sync 1 DAGs
[2023-01-09T14:48:53.581+0400] {logging_mixin.py:137} INFO - [2023-01-09T14:48:53.581+0400] {dag.py:3423} INFO - Setting next_dagrun for example_trigger_controller_dag to 2021-01-01T00:00:00+00:00, run_after=2021-01-01T00:00:00+00:00
[2023-01-09T14:48:53.593+0400] {processor.py:175} INFO - Processing /Users/harut/opt/anaconda3/lib/python3.9/site-packages/airflow/example_dags/example_trigger_controller_dag.py took 0.471 seconds
[2023-01-09T14:50:16.396+0400] {processor.py:153} INFO - Started process (PID=13598) to work on /Users/harut/opt/anaconda3/lib/python3.9/site-packages/airflow/example_dags/example_trigger_controller_dag.py
[2023-01-09T14:50:16.397+0400] {processor.py:743} INFO - Processing file /Users/harut/opt/anaconda3/lib/python3.9/site-packages/airflow/example_dags/example_trigger_controller_dag.py for tasks to queue
[2023-01-09T14:50:16.397+0400] {logging_mixin.py:137} INFO - [2023-01-09T14:50:16.397+0400] {dagbag.py:538} INFO - Filling up the DagBag from /Users/harut/opt/anaconda3/lib/python3.9/site-packages/airflow/example_dags/example_trigger_controller_dag.py
[2023-01-09T14:50:16.414+0400] {processor.py:753} INFO - DAG(s) dict_keys(['example_trigger_controller_dag']) retrieved from /Users/harut/opt/anaconda3/lib/python3.9/site-packages/airflow/example_dags/example_trigger_controller_dag.py
[2023-01-09T14:50:16.825+0400] {logging_mixin.py:137} INFO - [2023-01-09T14:50:16.825+0400] {dag.py:2676} INFO - Sync 1 DAGs
[2023-01-09T14:50:16.834+0400] {logging_mixin.py:137} INFO - [2023-01-09T14:50:16.834+0400] {dag.py:3423} INFO - Setting next_dagrun for example_trigger_controller_dag to 2021-01-01T00:00:00+00:00, run_after=2021-01-01T00:00:00+00:00
[2023-01-09T14:50:16.845+0400] {processor.py:175} INFO - Processing /Users/harut/opt/anaconda3/lib/python3.9/site-packages/airflow/example_dags/example_trigger_controller_dag.py took 0.449 seconds
[2023-01-09T14:51:36.517+0400] {processor.py:153} INFO - Started process (PID=13648) to work on /Users/harut/opt/anaconda3/lib/python3.9/site-packages/airflow/example_dags/example_trigger_controller_dag.py
[2023-01-09T14:51:36.517+0400] {processor.py:743} INFO - Processing file /Users/harut/opt/anaconda3/lib/python3.9/site-packages/airflow/example_dags/example_trigger_controller_dag.py for tasks to queue
[2023-01-09T14:51:36.517+0400] {logging_mixin.py:137} INFO - [2023-01-09T14:51:36.517+0400] {dagbag.py:538} INFO - Filling up the DagBag from /Users/harut/opt/anaconda3/lib/python3.9/site-packages/airflow/example_dags/example_trigger_controller_dag.py
[2023-01-09T14:51:36.534+0400] {processor.py:753} INFO - DAG(s) dict_keys(['example_trigger_controller_dag']) retrieved from /Users/harut/opt/anaconda3/lib/python3.9/site-packages/airflow/example_dags/example_trigger_controller_dag.py
[2023-01-09T14:51:36.912+0400] {logging_mixin.py:137} INFO - [2023-01-09T14:51:36.911+0400] {dag.py:2676} INFO - Sync 1 DAGs
[2023-01-09T14:51:36.921+0400] {logging_mixin.py:137} INFO - [2023-01-09T14:51:36.921+0400] {dag.py:3423} INFO - Setting next_dagrun for example_trigger_controller_dag to 2021-01-01T00:00:00+00:00, run_after=2021-01-01T00:00:00+00:00
[2023-01-09T14:51:36.930+0400] {processor.py:175} INFO - Processing /Users/harut/opt/anaconda3/lib/python3.9/site-packages/airflow/example_dags/example_trigger_controller_dag.py took 0.414 seconds
[2023-01-09T14:52:56.702+0400] {processor.py:153} INFO - Started process (PID=13691) to work on /Users/harut/opt/anaconda3/lib/python3.9/site-packages/airflow/example_dags/example_trigger_controller_dag.py
[2023-01-09T14:52:56.702+0400] {processor.py:743} INFO - Processing file /Users/harut/opt/anaconda3/lib/python3.9/site-packages/airflow/example_dags/example_trigger_controller_dag.py for tasks to queue
[2023-01-09T14:52:56.703+0400] {logging_mixin.py:137} INFO - [2023-01-09T14:52:56.703+0400] {dagbag.py:538} INFO - Filling up the DagBag from /Users/harut/opt/anaconda3/lib/python3.9/site-packages/airflow/example_dags/example_trigger_controller_dag.py
[2023-01-09T14:52:56.718+0400] {processor.py:753} INFO - DAG(s) dict_keys(['example_trigger_controller_dag']) retrieved from /Users/harut/opt/anaconda3/lib/python3.9/site-packages/airflow/example_dags/example_trigger_controller_dag.py
[2023-01-09T14:52:57.091+0400] {logging_mixin.py:137} INFO - [2023-01-09T14:52:57.091+0400] {dag.py:2676} INFO - Sync 1 DAGs
[2023-01-09T14:52:57.100+0400] {logging_mixin.py:137} INFO - [2023-01-09T14:52:57.100+0400] {dag.py:3423} INFO - Setting next_dagrun for example_trigger_controller_dag to 2021-01-01T00:00:00+00:00, run_after=2021-01-01T00:00:00+00:00
[2023-01-09T14:52:57.109+0400] {processor.py:175} INFO - Processing /Users/harut/opt/anaconda3/lib/python3.9/site-packages/airflow/example_dags/example_trigger_controller_dag.py took 0.408 seconds
[2023-01-09T14:54:17.450+0400] {processor.py:153} INFO - Started process (PID=13739) to work on /Users/harut/opt/anaconda3/lib/python3.9/site-packages/airflow/example_dags/example_trigger_controller_dag.py
[2023-01-09T14:54:17.451+0400] {processor.py:743} INFO - Processing file /Users/harut/opt/anaconda3/lib/python3.9/site-packages/airflow/example_dags/example_trigger_controller_dag.py for tasks to queue
[2023-01-09T14:54:17.451+0400] {logging_mixin.py:137} INFO - [2023-01-09T14:54:17.451+0400] {dagbag.py:538} INFO - Filling up the DagBag from /Users/harut/opt/anaconda3/lib/python3.9/site-packages/airflow/example_dags/example_trigger_controller_dag.py
[2023-01-09T14:54:17.467+0400] {processor.py:753} INFO - DAG(s) dict_keys(['example_trigger_controller_dag']) retrieved from /Users/harut/opt/anaconda3/lib/python3.9/site-packages/airflow/example_dags/example_trigger_controller_dag.py
[2023-01-09T14:54:17.853+0400] {logging_mixin.py:137} INFO - [2023-01-09T14:54:17.853+0400] {dag.py:2676} INFO - Sync 1 DAGs
[2023-01-09T14:54:17.863+0400] {logging_mixin.py:137} INFO - [2023-01-09T14:54:17.863+0400] {dag.py:3423} INFO - Setting next_dagrun for example_trigger_controller_dag to 2021-01-01T00:00:00+00:00, run_after=2021-01-01T00:00:00+00:00
[2023-01-09T14:54:17.873+0400] {processor.py:175} INFO - Processing /Users/harut/opt/anaconda3/lib/python3.9/site-packages/airflow/example_dags/example_trigger_controller_dag.py took 0.423 seconds
[2023-01-09T14:55:39.801+0400] {processor.py:153} INFO - Started process (PID=13783) to work on /Users/harut/opt/anaconda3/lib/python3.9/site-packages/airflow/example_dags/example_trigger_controller_dag.py
[2023-01-09T14:55:39.802+0400] {processor.py:743} INFO - Processing file /Users/harut/opt/anaconda3/lib/python3.9/site-packages/airflow/example_dags/example_trigger_controller_dag.py for tasks to queue
[2023-01-09T14:55:39.802+0400] {logging_mixin.py:137} INFO - [2023-01-09T14:55:39.802+0400] {dagbag.py:538} INFO - Filling up the DagBag from /Users/harut/opt/anaconda3/lib/python3.9/site-packages/airflow/example_dags/example_trigger_controller_dag.py
[2023-01-09T14:55:39.818+0400] {processor.py:753} INFO - DAG(s) dict_keys(['example_trigger_controller_dag']) retrieved from /Users/harut/opt/anaconda3/lib/python3.9/site-packages/airflow/example_dags/example_trigger_controller_dag.py
[2023-01-09T14:55:40.194+0400] {logging_mixin.py:137} INFO - [2023-01-09T14:55:40.194+0400] {dag.py:2676} INFO - Sync 1 DAGs
[2023-01-09T14:55:40.203+0400] {logging_mixin.py:137} INFO - [2023-01-09T14:55:40.203+0400] {dag.py:3423} INFO - Setting next_dagrun for example_trigger_controller_dag to 2021-01-01T00:00:00+00:00, run_after=2021-01-01T00:00:00+00:00
[2023-01-09T14:55:40.213+0400] {processor.py:175} INFO - Processing /Users/harut/opt/anaconda3/lib/python3.9/site-packages/airflow/example_dags/example_trigger_controller_dag.py took 0.412 seconds
[2023-01-09T14:57:01.747+0400] {processor.py:153} INFO - Started process (PID=13829) to work on /Users/harut/opt/anaconda3/lib/python3.9/site-packages/airflow/example_dags/example_trigger_controller_dag.py
[2023-01-09T14:57:01.748+0400] {processor.py:743} INFO - Processing file /Users/harut/opt/anaconda3/lib/python3.9/site-packages/airflow/example_dags/example_trigger_controller_dag.py for tasks to queue
[2023-01-09T14:57:01.748+0400] {logging_mixin.py:137} INFO - [2023-01-09T14:57:01.748+0400] {dagbag.py:538} INFO - Filling up the DagBag from /Users/harut/opt/anaconda3/lib/python3.9/site-packages/airflow/example_dags/example_trigger_controller_dag.py
[2023-01-09T14:57:01.765+0400] {processor.py:753} INFO - DAG(s) dict_keys(['example_trigger_controller_dag']) retrieved from /Users/harut/opt/anaconda3/lib/python3.9/site-packages/airflow/example_dags/example_trigger_controller_dag.py
[2023-01-09T14:57:02.153+0400] {logging_mixin.py:137} INFO - [2023-01-09T14:57:02.153+0400] {dag.py:2676} INFO - Sync 1 DAGs
[2023-01-09T14:57:02.162+0400] {logging_mixin.py:137} INFO - [2023-01-09T14:57:02.162+0400] {dag.py:3423} INFO - Setting next_dagrun for example_trigger_controller_dag to 2021-01-01T00:00:00+00:00, run_after=2021-01-01T00:00:00+00:00
[2023-01-09T14:57:02.172+0400] {processor.py:175} INFO - Processing /Users/harut/opt/anaconda3/lib/python3.9/site-packages/airflow/example_dags/example_trigger_controller_dag.py took 0.425 seconds
[2023-01-09T14:58:23.232+0400] {processor.py:153} INFO - Started process (PID=13871) to work on /Users/harut/opt/anaconda3/lib/python3.9/site-packages/airflow/example_dags/example_trigger_controller_dag.py
[2023-01-09T14:58:23.233+0400] {processor.py:743} INFO - Processing file /Users/harut/opt/anaconda3/lib/python3.9/site-packages/airflow/example_dags/example_trigger_controller_dag.py for tasks to queue
[2023-01-09T14:58:23.233+0400] {logging_mixin.py:137} INFO - [2023-01-09T14:58:23.233+0400] {dagbag.py:538} INFO - Filling up the DagBag from /Users/harut/opt/anaconda3/lib/python3.9/site-packages/airflow/example_dags/example_trigger_controller_dag.py
[2023-01-09T14:58:23.249+0400] {processor.py:753} INFO - DAG(s) dict_keys(['example_trigger_controller_dag']) retrieved from /Users/harut/opt/anaconda3/lib/python3.9/site-packages/airflow/example_dags/example_trigger_controller_dag.py
[2023-01-09T14:58:23.620+0400] {logging_mixin.py:137} INFO - [2023-01-09T14:58:23.619+0400] {dag.py:2676} INFO - Sync 1 DAGs
[2023-01-09T14:58:23.628+0400] {logging_mixin.py:137} INFO - [2023-01-09T14:58:23.628+0400] {dag.py:3423} INFO - Setting next_dagrun for example_trigger_controller_dag to 2021-01-01T00:00:00+00:00, run_after=2021-01-01T00:00:00+00:00
[2023-01-09T14:58:23.637+0400] {processor.py:175} INFO - Processing /Users/harut/opt/anaconda3/lib/python3.9/site-packages/airflow/example_dags/example_trigger_controller_dag.py took 0.405 seconds
[2023-01-09T14:59:43.835+0400] {processor.py:153} INFO - Started process (PID=13917) to work on /Users/harut/opt/anaconda3/lib/python3.9/site-packages/airflow/example_dags/example_trigger_controller_dag.py
[2023-01-09T14:59:43.836+0400] {processor.py:743} INFO - Processing file /Users/harut/opt/anaconda3/lib/python3.9/site-packages/airflow/example_dags/example_trigger_controller_dag.py for tasks to queue
[2023-01-09T14:59:43.836+0400] {logging_mixin.py:137} INFO - [2023-01-09T14:59:43.836+0400] {dagbag.py:538} INFO - Filling up the DagBag from /Users/harut/opt/anaconda3/lib/python3.9/site-packages/airflow/example_dags/example_trigger_controller_dag.py
[2023-01-09T14:59:43.852+0400] {processor.py:753} INFO - DAG(s) dict_keys(['example_trigger_controller_dag']) retrieved from /Users/harut/opt/anaconda3/lib/python3.9/site-packages/airflow/example_dags/example_trigger_controller_dag.py
[2023-01-09T14:59:44.220+0400] {logging_mixin.py:137} INFO - [2023-01-09T14:59:44.220+0400] {dag.py:2676} INFO - Sync 1 DAGs
[2023-01-09T14:59:44.228+0400] {logging_mixin.py:137} INFO - [2023-01-09T14:59:44.228+0400] {dag.py:3423} INFO - Setting next_dagrun for example_trigger_controller_dag to 2021-01-01T00:00:00+00:00, run_after=2021-01-01T00:00:00+00:00
[2023-01-09T14:59:44.238+0400] {processor.py:175} INFO - Processing /Users/harut/opt/anaconda3/lib/python3.9/site-packages/airflow/example_dags/example_trigger_controller_dag.py took 0.403 seconds
[2023-01-09T15:01:04.230+0400] {processor.py:153} INFO - Started process (PID=13961) to work on /Users/harut/opt/anaconda3/lib/python3.9/site-packages/airflow/example_dags/example_trigger_controller_dag.py
[2023-01-09T15:01:04.231+0400] {processor.py:743} INFO - Processing file /Users/harut/opt/anaconda3/lib/python3.9/site-packages/airflow/example_dags/example_trigger_controller_dag.py for tasks to queue
[2023-01-09T15:01:04.231+0400] {logging_mixin.py:137} INFO - [2023-01-09T15:01:04.231+0400] {dagbag.py:538} INFO - Filling up the DagBag from /Users/harut/opt/anaconda3/lib/python3.9/site-packages/airflow/example_dags/example_trigger_controller_dag.py
[2023-01-09T15:01:04.246+0400] {processor.py:753} INFO - DAG(s) dict_keys(['example_trigger_controller_dag']) retrieved from /Users/harut/opt/anaconda3/lib/python3.9/site-packages/airflow/example_dags/example_trigger_controller_dag.py
[2023-01-09T15:01:04.612+0400] {logging_mixin.py:137} INFO - [2023-01-09T15:01:04.612+0400] {dag.py:2676} INFO - Sync 1 DAGs
[2023-01-09T15:01:04.621+0400] {logging_mixin.py:137} INFO - [2023-01-09T15:01:04.621+0400] {dag.py:3423} INFO - Setting next_dagrun for example_trigger_controller_dag to 2021-01-01T00:00:00+00:00, run_after=2021-01-01T00:00:00+00:00
[2023-01-09T15:01:04.630+0400] {processor.py:175} INFO - Processing /Users/harut/opt/anaconda3/lib/python3.9/site-packages/airflow/example_dags/example_trigger_controller_dag.py took 0.400 seconds
[2023-01-09T15:02:26.870+0400] {processor.py:153} INFO - Started process (PID=14007) to work on /Users/harut/opt/anaconda3/lib/python3.9/site-packages/airflow/example_dags/example_trigger_controller_dag.py
[2023-01-09T15:02:26.871+0400] {processor.py:743} INFO - Processing file /Users/harut/opt/anaconda3/lib/python3.9/site-packages/airflow/example_dags/example_trigger_controller_dag.py for tasks to queue
[2023-01-09T15:02:26.871+0400] {logging_mixin.py:137} INFO - [2023-01-09T15:02:26.871+0400] {dagbag.py:538} INFO - Filling up the DagBag from /Users/harut/opt/anaconda3/lib/python3.9/site-packages/airflow/example_dags/example_trigger_controller_dag.py
[2023-01-09T15:02:26.888+0400] {processor.py:753} INFO - DAG(s) dict_keys(['example_trigger_controller_dag']) retrieved from /Users/harut/opt/anaconda3/lib/python3.9/site-packages/airflow/example_dags/example_trigger_controller_dag.py
[2023-01-09T15:02:27.303+0400] {logging_mixin.py:137} INFO - [2023-01-09T15:02:27.303+0400] {dag.py:2676} INFO - Sync 1 DAGs
[2023-01-09T15:02:27.313+0400] {logging_mixin.py:137} INFO - [2023-01-09T15:02:27.313+0400] {dag.py:3423} INFO - Setting next_dagrun for example_trigger_controller_dag to 2021-01-01T00:00:00+00:00, run_after=2021-01-01T00:00:00+00:00
[2023-01-09T15:02:27.323+0400] {processor.py:175} INFO - Processing /Users/harut/opt/anaconda3/lib/python3.9/site-packages/airflow/example_dags/example_trigger_controller_dag.py took 0.454 seconds
[2023-01-09T15:03:47.046+0400] {processor.py:153} INFO - Started process (PID=14056) to work on /Users/harut/opt/anaconda3/lib/python3.9/site-packages/airflow/example_dags/example_trigger_controller_dag.py
[2023-01-09T15:03:47.047+0400] {processor.py:743} INFO - Processing file /Users/harut/opt/anaconda3/lib/python3.9/site-packages/airflow/example_dags/example_trigger_controller_dag.py for tasks to queue
[2023-01-09T15:03:47.047+0400] {logging_mixin.py:137} INFO - [2023-01-09T15:03:47.047+0400] {dagbag.py:538} INFO - Filling up the DagBag from /Users/harut/opt/anaconda3/lib/python3.9/site-packages/airflow/example_dags/example_trigger_controller_dag.py
[2023-01-09T15:03:47.065+0400] {processor.py:753} INFO - DAG(s) dict_keys(['example_trigger_controller_dag']) retrieved from /Users/harut/opt/anaconda3/lib/python3.9/site-packages/airflow/example_dags/example_trigger_controller_dag.py
[2023-01-09T15:03:47.487+0400] {logging_mixin.py:137} INFO - [2023-01-09T15:03:47.487+0400] {dag.py:2676} INFO - Sync 1 DAGs
[2023-01-09T15:03:47.497+0400] {logging_mixin.py:137} INFO - [2023-01-09T15:03:47.497+0400] {dag.py:3423} INFO - Setting next_dagrun for example_trigger_controller_dag to 2021-01-01T00:00:00+00:00, run_after=2021-01-01T00:00:00+00:00
[2023-01-09T15:03:47.508+0400] {processor.py:175} INFO - Processing /Users/harut/opt/anaconda3/lib/python3.9/site-packages/airflow/example_dags/example_trigger_controller_dag.py took 0.462 seconds
[2023-01-09T15:05:07.064+0400] {processor.py:153} INFO - Started process (PID=14099) to work on /Users/harut/opt/anaconda3/lib/python3.9/site-packages/airflow/example_dags/example_trigger_controller_dag.py
[2023-01-09T15:05:07.065+0400] {processor.py:743} INFO - Processing file /Users/harut/opt/anaconda3/lib/python3.9/site-packages/airflow/example_dags/example_trigger_controller_dag.py for tasks to queue
[2023-01-09T15:05:07.065+0400] {logging_mixin.py:137} INFO - [2023-01-09T15:05:07.065+0400] {dagbag.py:538} INFO - Filling up the DagBag from /Users/harut/opt/anaconda3/lib/python3.9/site-packages/airflow/example_dags/example_trigger_controller_dag.py
[2023-01-09T15:05:07.080+0400] {processor.py:753} INFO - DAG(s) dict_keys(['example_trigger_controller_dag']) retrieved from /Users/harut/opt/anaconda3/lib/python3.9/site-packages/airflow/example_dags/example_trigger_controller_dag.py
[2023-01-09T15:05:07.464+0400] {logging_mixin.py:137} INFO - [2023-01-09T15:05:07.464+0400] {dag.py:2676} INFO - Sync 1 DAGs
[2023-01-09T15:05:07.473+0400] {logging_mixin.py:137} INFO - [2023-01-09T15:05:07.473+0400] {dag.py:3423} INFO - Setting next_dagrun for example_trigger_controller_dag to 2021-01-01T00:00:00+00:00, run_after=2021-01-01T00:00:00+00:00
[2023-01-09T15:05:07.482+0400] {processor.py:175} INFO - Processing /Users/harut/opt/anaconda3/lib/python3.9/site-packages/airflow/example_dags/example_trigger_controller_dag.py took 0.419 seconds
[2023-01-09T15:06:27.736+0400] {processor.py:153} INFO - Started process (PID=14145) to work on /Users/harut/opt/anaconda3/lib/python3.9/site-packages/airflow/example_dags/example_trigger_controller_dag.py
[2023-01-09T15:06:27.736+0400] {processor.py:743} INFO - Processing file /Users/harut/opt/anaconda3/lib/python3.9/site-packages/airflow/example_dags/example_trigger_controller_dag.py for tasks to queue
[2023-01-09T15:06:27.737+0400] {logging_mixin.py:137} INFO - [2023-01-09T15:06:27.737+0400] {dagbag.py:538} INFO - Filling up the DagBag from /Users/harut/opt/anaconda3/lib/python3.9/site-packages/airflow/example_dags/example_trigger_controller_dag.py
[2023-01-09T15:06:27.752+0400] {processor.py:753} INFO - DAG(s) dict_keys(['example_trigger_controller_dag']) retrieved from /Users/harut/opt/anaconda3/lib/python3.9/site-packages/airflow/example_dags/example_trigger_controller_dag.py
[2023-01-09T15:06:28.124+0400] {logging_mixin.py:137} INFO - [2023-01-09T15:06:28.123+0400] {dag.py:2676} INFO - Sync 1 DAGs
[2023-01-09T15:06:28.132+0400] {logging_mixin.py:137} INFO - [2023-01-09T15:06:28.132+0400] {dag.py:3423} INFO - Setting next_dagrun for example_trigger_controller_dag to 2021-01-01T00:00:00+00:00, run_after=2021-01-01T00:00:00+00:00
[2023-01-09T15:06:28.141+0400] {processor.py:175} INFO - Processing /Users/harut/opt/anaconda3/lib/python3.9/site-packages/airflow/example_dags/example_trigger_controller_dag.py took 0.405 seconds
[2023-01-09T15:07:45.514+0400] {processor.py:153} INFO - Started process (PID=14186) to work on /Users/harut/opt/anaconda3/lib/python3.9/site-packages/airflow/example_dags/example_trigger_controller_dag.py
[2023-01-09T15:07:45.515+0400] {processor.py:743} INFO - Processing file /Users/harut/opt/anaconda3/lib/python3.9/site-packages/airflow/example_dags/example_trigger_controller_dag.py for tasks to queue
[2023-01-09T15:07:45.515+0400] {logging_mixin.py:137} INFO - [2023-01-09T15:07:45.515+0400] {dagbag.py:538} INFO - Filling up the DagBag from /Users/harut/opt/anaconda3/lib/python3.9/site-packages/airflow/example_dags/example_trigger_controller_dag.py
[2023-01-09T15:07:45.531+0400] {processor.py:753} INFO - DAG(s) dict_keys(['example_trigger_controller_dag']) retrieved from /Users/harut/opt/anaconda3/lib/python3.9/site-packages/airflow/example_dags/example_trigger_controller_dag.py
[2023-01-09T15:07:45.903+0400] {logging_mixin.py:137} INFO - [2023-01-09T15:07:45.903+0400] {dag.py:2676} INFO - Sync 1 DAGs
[2023-01-09T15:07:45.912+0400] {logging_mixin.py:137} INFO - [2023-01-09T15:07:45.912+0400] {dag.py:3423} INFO - Setting next_dagrun for example_trigger_controller_dag to 2021-01-01T00:00:00+00:00, run_after=2021-01-01T00:00:00+00:00
[2023-01-09T15:07:45.922+0400] {processor.py:175} INFO - Processing /Users/harut/opt/anaconda3/lib/python3.9/site-packages/airflow/example_dags/example_trigger_controller_dag.py took 0.408 seconds
[2023-01-09T15:09:06.228+0400] {processor.py:153} INFO - Started process (PID=14231) to work on /Users/harut/opt/anaconda3/lib/python3.9/site-packages/airflow/example_dags/example_trigger_controller_dag.py
[2023-01-09T15:09:06.229+0400] {processor.py:743} INFO - Processing file /Users/harut/opt/anaconda3/lib/python3.9/site-packages/airflow/example_dags/example_trigger_controller_dag.py for tasks to queue
[2023-01-09T15:09:06.229+0400] {logging_mixin.py:137} INFO - [2023-01-09T15:09:06.229+0400] {dagbag.py:538} INFO - Filling up the DagBag from /Users/harut/opt/anaconda3/lib/python3.9/site-packages/airflow/example_dags/example_trigger_controller_dag.py
[2023-01-09T15:09:06.245+0400] {processor.py:753} INFO - DAG(s) dict_keys(['example_trigger_controller_dag']) retrieved from /Users/harut/opt/anaconda3/lib/python3.9/site-packages/airflow/example_dags/example_trigger_controller_dag.py
[2023-01-09T15:09:06.613+0400] {logging_mixin.py:137} INFO - [2023-01-09T15:09:06.613+0400] {dag.py:2676} INFO - Sync 1 DAGs
[2023-01-09T15:09:06.621+0400] {logging_mixin.py:137} INFO - [2023-01-09T15:09:06.621+0400] {dag.py:3423} INFO - Setting next_dagrun for example_trigger_controller_dag to 2021-01-01T00:00:00+00:00, run_after=2021-01-01T00:00:00+00:00
[2023-01-09T15:09:06.631+0400] {processor.py:175} INFO - Processing /Users/harut/opt/anaconda3/lib/python3.9/site-packages/airflow/example_dags/example_trigger_controller_dag.py took 0.403 seconds
[2023-01-09T15:10:26.231+0400] {processor.py:153} INFO - Started process (PID=14279) to work on /Users/harut/opt/anaconda3/lib/python3.9/site-packages/airflow/example_dags/example_trigger_controller_dag.py
[2023-01-09T15:10:26.231+0400] {processor.py:743} INFO - Processing file /Users/harut/opt/anaconda3/lib/python3.9/site-packages/airflow/example_dags/example_trigger_controller_dag.py for tasks to queue
[2023-01-09T15:10:26.232+0400] {logging_mixin.py:137} INFO - [2023-01-09T15:10:26.232+0400] {dagbag.py:538} INFO - Filling up the DagBag from /Users/harut/opt/anaconda3/lib/python3.9/site-packages/airflow/example_dags/example_trigger_controller_dag.py
[2023-01-09T15:10:26.247+0400] {processor.py:753} INFO - DAG(s) dict_keys(['example_trigger_controller_dag']) retrieved from /Users/harut/opt/anaconda3/lib/python3.9/site-packages/airflow/example_dags/example_trigger_controller_dag.py
[2023-01-09T15:10:26.618+0400] {logging_mixin.py:137} INFO - [2023-01-09T15:10:26.618+0400] {dag.py:2676} INFO - Sync 1 DAGs
[2023-01-09T15:10:26.627+0400] {logging_mixin.py:137} INFO - [2023-01-09T15:10:26.627+0400] {dag.py:3423} INFO - Setting next_dagrun for example_trigger_controller_dag to 2021-01-01T00:00:00+00:00, run_after=2021-01-01T00:00:00+00:00
[2023-01-09T15:10:26.638+0400] {processor.py:175} INFO - Processing /Users/harut/opt/anaconda3/lib/python3.9/site-packages/airflow/example_dags/example_trigger_controller_dag.py took 0.407 seconds
[2023-01-09T15:11:47.801+0400] {processor.py:153} INFO - Started process (PID=14331) to work on /Users/harut/opt/anaconda3/lib/python3.9/site-packages/airflow/example_dags/example_trigger_controller_dag.py
[2023-01-09T15:11:47.801+0400] {processor.py:743} INFO - Processing file /Users/harut/opt/anaconda3/lib/python3.9/site-packages/airflow/example_dags/example_trigger_controller_dag.py for tasks to queue
[2023-01-09T15:11:47.802+0400] {logging_mixin.py:137} INFO - [2023-01-09T15:11:47.802+0400] {dagbag.py:538} INFO - Filling up the DagBag from /Users/harut/opt/anaconda3/lib/python3.9/site-packages/airflow/example_dags/example_trigger_controller_dag.py
[2023-01-09T15:11:47.820+0400] {processor.py:753} INFO - DAG(s) dict_keys(['example_trigger_controller_dag']) retrieved from /Users/harut/opt/anaconda3/lib/python3.9/site-packages/airflow/example_dags/example_trigger_controller_dag.py
[2023-01-09T15:11:48.243+0400] {logging_mixin.py:137} INFO - [2023-01-09T15:11:48.242+0400] {dag.py:2676} INFO - Sync 1 DAGs
[2023-01-09T15:11:48.252+0400] {logging_mixin.py:137} INFO - [2023-01-09T15:11:48.252+0400] {dag.py:3423} INFO - Setting next_dagrun for example_trigger_controller_dag to 2021-01-01T00:00:00+00:00, run_after=2021-01-01T00:00:00+00:00
[2023-01-09T15:11:48.263+0400] {processor.py:175} INFO - Processing /Users/harut/opt/anaconda3/lib/python3.9/site-packages/airflow/example_dags/example_trigger_controller_dag.py took 0.463 seconds
[2023-01-09T15:13:11.336+0400] {processor.py:153} INFO - Started process (PID=14375) to work on /Users/harut/opt/anaconda3/lib/python3.9/site-packages/airflow/example_dags/example_trigger_controller_dag.py
[2023-01-09T15:13:11.337+0400] {processor.py:743} INFO - Processing file /Users/harut/opt/anaconda3/lib/python3.9/site-packages/airflow/example_dags/example_trigger_controller_dag.py for tasks to queue
[2023-01-09T15:13:11.337+0400] {logging_mixin.py:137} INFO - [2023-01-09T15:13:11.337+0400] {dagbag.py:538} INFO - Filling up the DagBag from /Users/harut/opt/anaconda3/lib/python3.9/site-packages/airflow/example_dags/example_trigger_controller_dag.py
[2023-01-09T15:13:11.353+0400] {processor.py:753} INFO - DAG(s) dict_keys(['example_trigger_controller_dag']) retrieved from /Users/harut/opt/anaconda3/lib/python3.9/site-packages/airflow/example_dags/example_trigger_controller_dag.py
[2023-01-09T15:13:11.742+0400] {logging_mixin.py:137} INFO - [2023-01-09T15:13:11.742+0400] {dag.py:2676} INFO - Sync 1 DAGs
[2023-01-09T15:13:11.751+0400] {logging_mixin.py:137} INFO - [2023-01-09T15:13:11.751+0400] {dag.py:3423} INFO - Setting next_dagrun for example_trigger_controller_dag to 2021-01-01T00:00:00+00:00, run_after=2021-01-01T00:00:00+00:00
[2023-01-09T15:13:11.760+0400] {processor.py:175} INFO - Processing /Users/harut/opt/anaconda3/lib/python3.9/site-packages/airflow/example_dags/example_trigger_controller_dag.py took 0.425 seconds
[2023-01-09T15:14:34.543+0400] {processor.py:153} INFO - Started process (PID=14437) to work on /Users/harut/opt/anaconda3/lib/python3.9/site-packages/airflow/example_dags/example_trigger_controller_dag.py
[2023-01-09T15:14:34.544+0400] {processor.py:743} INFO - Processing file /Users/harut/opt/anaconda3/lib/python3.9/site-packages/airflow/example_dags/example_trigger_controller_dag.py for tasks to queue
[2023-01-09T15:14:34.544+0400] {logging_mixin.py:137} INFO - [2023-01-09T15:14:34.544+0400] {dagbag.py:538} INFO - Filling up the DagBag from /Users/harut/opt/anaconda3/lib/python3.9/site-packages/airflow/example_dags/example_trigger_controller_dag.py
[2023-01-09T15:14:34.562+0400] {processor.py:753} INFO - DAG(s) dict_keys(['example_trigger_controller_dag']) retrieved from /Users/harut/opt/anaconda3/lib/python3.9/site-packages/airflow/example_dags/example_trigger_controller_dag.py
[2023-01-09T15:14:34.983+0400] {logging_mixin.py:137} INFO - [2023-01-09T15:14:34.982+0400] {dag.py:2676} INFO - Sync 1 DAGs
[2023-01-09T15:14:34.992+0400] {logging_mixin.py:137} INFO - [2023-01-09T15:14:34.992+0400] {dag.py:3423} INFO - Setting next_dagrun for example_trigger_controller_dag to 2021-01-01T00:00:00+00:00, run_after=2021-01-01T00:00:00+00:00
[2023-01-09T15:14:35.003+0400] {processor.py:175} INFO - Processing /Users/harut/opt/anaconda3/lib/python3.9/site-packages/airflow/example_dags/example_trigger_controller_dag.py took 0.460 seconds
[2023-01-09T15:15:57.819+0400] {processor.py:153} INFO - Started process (PID=14496) to work on /Users/harut/opt/anaconda3/lib/python3.9/site-packages/airflow/example_dags/example_trigger_controller_dag.py
[2023-01-09T15:15:57.820+0400] {processor.py:743} INFO - Processing file /Users/harut/opt/anaconda3/lib/python3.9/site-packages/airflow/example_dags/example_trigger_controller_dag.py for tasks to queue
[2023-01-09T15:15:57.820+0400] {logging_mixin.py:137} INFO - [2023-01-09T15:15:57.820+0400] {dagbag.py:538} INFO - Filling up the DagBag from /Users/harut/opt/anaconda3/lib/python3.9/site-packages/airflow/example_dags/example_trigger_controller_dag.py
[2023-01-09T15:15:57.838+0400] {processor.py:753} INFO - DAG(s) dict_keys(['example_trigger_controller_dag']) retrieved from /Users/harut/opt/anaconda3/lib/python3.9/site-packages/airflow/example_dags/example_trigger_controller_dag.py
[2023-01-09T15:15:58.259+0400] {logging_mixin.py:137} INFO - [2023-01-09T15:15:58.259+0400] {dag.py:2676} INFO - Sync 1 DAGs
[2023-01-09T15:15:58.270+0400] {logging_mixin.py:137} INFO - [2023-01-09T15:15:58.270+0400] {dag.py:3423} INFO - Setting next_dagrun for example_trigger_controller_dag to 2021-01-01T00:00:00+00:00, run_after=2021-01-01T00:00:00+00:00
[2023-01-09T15:15:58.283+0400] {processor.py:175} INFO - Processing /Users/harut/opt/anaconda3/lib/python3.9/site-packages/airflow/example_dags/example_trigger_controller_dag.py took 0.464 seconds
[2023-01-09T15:17:20.759+0400] {processor.py:153} INFO - Started process (PID=14541) to work on /Users/harut/opt/anaconda3/lib/python3.9/site-packages/airflow/example_dags/example_trigger_controller_dag.py
[2023-01-09T15:17:20.760+0400] {processor.py:743} INFO - Processing file /Users/harut/opt/anaconda3/lib/python3.9/site-packages/airflow/example_dags/example_trigger_controller_dag.py for tasks to queue
[2023-01-09T15:17:20.760+0400] {logging_mixin.py:137} INFO - [2023-01-09T15:17:20.760+0400] {dagbag.py:538} INFO - Filling up the DagBag from /Users/harut/opt/anaconda3/lib/python3.9/site-packages/airflow/example_dags/example_trigger_controller_dag.py
[2023-01-09T15:17:20.776+0400] {processor.py:753} INFO - DAG(s) dict_keys(['example_trigger_controller_dag']) retrieved from /Users/harut/opt/anaconda3/lib/python3.9/site-packages/airflow/example_dags/example_trigger_controller_dag.py
[2023-01-09T15:17:21.153+0400] {logging_mixin.py:137} INFO - [2023-01-09T15:17:21.153+0400] {dag.py:2676} INFO - Sync 1 DAGs
[2023-01-09T15:17:21.162+0400] {logging_mixin.py:137} INFO - [2023-01-09T15:17:21.162+0400] {dag.py:3423} INFO - Setting next_dagrun for example_trigger_controller_dag to 2021-01-01T00:00:00+00:00, run_after=2021-01-01T00:00:00+00:00
[2023-01-09T15:17:21.172+0400] {processor.py:175} INFO - Processing /Users/harut/opt/anaconda3/lib/python3.9/site-packages/airflow/example_dags/example_trigger_controller_dag.py took 0.413 seconds
[2023-01-09T15:18:44.026+0400] {processor.py:153} INFO - Started process (PID=14586) to work on /Users/harut/opt/anaconda3/lib/python3.9/site-packages/airflow/example_dags/example_trigger_controller_dag.py
[2023-01-09T15:18:44.027+0400] {processor.py:743} INFO - Processing file /Users/harut/opt/anaconda3/lib/python3.9/site-packages/airflow/example_dags/example_trigger_controller_dag.py for tasks to queue
[2023-01-09T15:18:44.027+0400] {logging_mixin.py:137} INFO - [2023-01-09T15:18:44.027+0400] {dagbag.py:538} INFO - Filling up the DagBag from /Users/harut/opt/anaconda3/lib/python3.9/site-packages/airflow/example_dags/example_trigger_controller_dag.py
[2023-01-09T15:18:44.045+0400] {processor.py:753} INFO - DAG(s) dict_keys(['example_trigger_controller_dag']) retrieved from /Users/harut/opt/anaconda3/lib/python3.9/site-packages/airflow/example_dags/example_trigger_controller_dag.py
[2023-01-09T15:18:44.458+0400] {logging_mixin.py:137} INFO - [2023-01-09T15:18:44.458+0400] {dag.py:2676} INFO - Sync 1 DAGs
[2023-01-09T15:18:44.467+0400] {logging_mixin.py:137} INFO - [2023-01-09T15:18:44.467+0400] {dag.py:3423} INFO - Setting next_dagrun for example_trigger_controller_dag to 2021-01-01T00:00:00+00:00, run_after=2021-01-01T00:00:00+00:00
[2023-01-09T15:18:44.478+0400] {processor.py:175} INFO - Processing /Users/harut/opt/anaconda3/lib/python3.9/site-packages/airflow/example_dags/example_trigger_controller_dag.py took 0.452 seconds
[2023-01-09T15:20:07.229+0400] {processor.py:153} INFO - Started process (PID=14637) to work on /Users/harut/opt/anaconda3/lib/python3.9/site-packages/airflow/example_dags/example_trigger_controller_dag.py
[2023-01-09T15:20:07.230+0400] {processor.py:743} INFO - Processing file /Users/harut/opt/anaconda3/lib/python3.9/site-packages/airflow/example_dags/example_trigger_controller_dag.py for tasks to queue
[2023-01-09T15:20:07.230+0400] {logging_mixin.py:137} INFO - [2023-01-09T15:20:07.230+0400] {dagbag.py:538} INFO - Filling up the DagBag from /Users/harut/opt/anaconda3/lib/python3.9/site-packages/airflow/example_dags/example_trigger_controller_dag.py
[2023-01-09T15:20:07.247+0400] {processor.py:753} INFO - DAG(s) dict_keys(['example_trigger_controller_dag']) retrieved from /Users/harut/opt/anaconda3/lib/python3.9/site-packages/airflow/example_dags/example_trigger_controller_dag.py
[2023-01-09T15:20:07.664+0400] {logging_mixin.py:137} INFO - [2023-01-09T15:20:07.664+0400] {dag.py:2676} INFO - Sync 1 DAGs
[2023-01-09T15:20:07.673+0400] {logging_mixin.py:137} INFO - [2023-01-09T15:20:07.673+0400] {dag.py:3423} INFO - Setting next_dagrun for example_trigger_controller_dag to 2021-01-01T00:00:00+00:00, run_after=2021-01-01T00:00:00+00:00
[2023-01-09T15:20:07.684+0400] {processor.py:175} INFO - Processing /Users/harut/opt/anaconda3/lib/python3.9/site-packages/airflow/example_dags/example_trigger_controller_dag.py took 0.454 seconds
[2023-01-09T15:21:31.193+0400] {processor.py:153} INFO - Started process (PID=14684) to work on /Users/harut/opt/anaconda3/lib/python3.9/site-packages/airflow/example_dags/example_trigger_controller_dag.py
[2023-01-09T15:21:31.194+0400] {processor.py:743} INFO - Processing file /Users/harut/opt/anaconda3/lib/python3.9/site-packages/airflow/example_dags/example_trigger_controller_dag.py for tasks to queue
[2023-01-09T15:21:31.194+0400] {logging_mixin.py:137} INFO - [2023-01-09T15:21:31.194+0400] {dagbag.py:538} INFO - Filling up the DagBag from /Users/harut/opt/anaconda3/lib/python3.9/site-packages/airflow/example_dags/example_trigger_controller_dag.py
[2023-01-09T15:21:31.211+0400] {processor.py:753} INFO - DAG(s) dict_keys(['example_trigger_controller_dag']) retrieved from /Users/harut/opt/anaconda3/lib/python3.9/site-packages/airflow/example_dags/example_trigger_controller_dag.py
[2023-01-09T15:21:31.667+0400] {logging_mixin.py:137} INFO - [2023-01-09T15:21:31.667+0400] {dag.py:2676} INFO - Sync 1 DAGs
[2023-01-09T15:21:31.678+0400] {logging_mixin.py:137} INFO - [2023-01-09T15:21:31.678+0400] {dag.py:3423} INFO - Setting next_dagrun for example_trigger_controller_dag to 2021-01-01T00:00:00+00:00, run_after=2021-01-01T00:00:00+00:00
[2023-01-09T15:21:31.692+0400] {processor.py:175} INFO - Processing /Users/harut/opt/anaconda3/lib/python3.9/site-packages/airflow/example_dags/example_trigger_controller_dag.py took 0.499 seconds
[2023-01-09T15:22:54.592+0400] {processor.py:153} INFO - Started process (PID=14741) to work on /Users/harut/opt/anaconda3/lib/python3.9/site-packages/airflow/example_dags/example_trigger_controller_dag.py
[2023-01-09T15:22:54.592+0400] {processor.py:743} INFO - Processing file /Users/harut/opt/anaconda3/lib/python3.9/site-packages/airflow/example_dags/example_trigger_controller_dag.py for tasks to queue
[2023-01-09T15:22:54.592+0400] {logging_mixin.py:137} INFO - [2023-01-09T15:22:54.592+0400] {dagbag.py:538} INFO - Filling up the DagBag from /Users/harut/opt/anaconda3/lib/python3.9/site-packages/airflow/example_dags/example_trigger_controller_dag.py
[2023-01-09T15:22:54.608+0400] {processor.py:753} INFO - DAG(s) dict_keys(['example_trigger_controller_dag']) retrieved from /Users/harut/opt/anaconda3/lib/python3.9/site-packages/airflow/example_dags/example_trigger_controller_dag.py
[2023-01-09T15:22:54.990+0400] {logging_mixin.py:137} INFO - [2023-01-09T15:22:54.990+0400] {dag.py:2676} INFO - Sync 1 DAGs
[2023-01-09T15:22:54.999+0400] {logging_mixin.py:137} INFO - [2023-01-09T15:22:54.999+0400] {dag.py:3423} INFO - Setting next_dagrun for example_trigger_controller_dag to 2021-01-01T00:00:00+00:00, run_after=2021-01-01T00:00:00+00:00
[2023-01-09T15:22:55.008+0400] {processor.py:175} INFO - Processing /Users/harut/opt/anaconda3/lib/python3.9/site-packages/airflow/example_dags/example_trigger_controller_dag.py took 0.417 seconds
[2023-01-09T15:24:17.853+0400] {processor.py:153} INFO - Started process (PID=14785) to work on /Users/harut/opt/anaconda3/lib/python3.9/site-packages/airflow/example_dags/example_trigger_controller_dag.py
[2023-01-09T15:24:17.854+0400] {processor.py:743} INFO - Processing file /Users/harut/opt/anaconda3/lib/python3.9/site-packages/airflow/example_dags/example_trigger_controller_dag.py for tasks to queue
[2023-01-09T15:24:17.854+0400] {logging_mixin.py:137} INFO - [2023-01-09T15:24:17.854+0400] {dagbag.py:538} INFO - Filling up the DagBag from /Users/harut/opt/anaconda3/lib/python3.9/site-packages/airflow/example_dags/example_trigger_controller_dag.py
[2023-01-09T15:24:17.870+0400] {processor.py:753} INFO - DAG(s) dict_keys(['example_trigger_controller_dag']) retrieved from /Users/harut/opt/anaconda3/lib/python3.9/site-packages/airflow/example_dags/example_trigger_controller_dag.py
[2023-01-09T15:24:18.275+0400] {logging_mixin.py:137} INFO - [2023-01-09T15:24:18.275+0400] {dag.py:2676} INFO - Sync 1 DAGs
[2023-01-09T15:24:18.284+0400] {logging_mixin.py:137} INFO - [2023-01-09T15:24:18.284+0400] {dag.py:3423} INFO - Setting next_dagrun for example_trigger_controller_dag to 2021-01-01T00:00:00+00:00, run_after=2021-01-01T00:00:00+00:00
[2023-01-09T15:24:18.293+0400] {processor.py:175} INFO - Processing /Users/harut/opt/anaconda3/lib/python3.9/site-packages/airflow/example_dags/example_trigger_controller_dag.py took 0.440 seconds
[2023-01-09T15:25:41.721+0400] {processor.py:153} INFO - Started process (PID=14831) to work on /Users/harut/opt/anaconda3/lib/python3.9/site-packages/airflow/example_dags/example_trigger_controller_dag.py
[2023-01-09T15:25:41.721+0400] {processor.py:743} INFO - Processing file /Users/harut/opt/anaconda3/lib/python3.9/site-packages/airflow/example_dags/example_trigger_controller_dag.py for tasks to queue
[2023-01-09T15:25:41.722+0400] {logging_mixin.py:137} INFO - [2023-01-09T15:25:41.722+0400] {dagbag.py:538} INFO - Filling up the DagBag from /Users/harut/opt/anaconda3/lib/python3.9/site-packages/airflow/example_dags/example_trigger_controller_dag.py
[2023-01-09T15:25:41.739+0400] {processor.py:753} INFO - DAG(s) dict_keys(['example_trigger_controller_dag']) retrieved from /Users/harut/opt/anaconda3/lib/python3.9/site-packages/airflow/example_dags/example_trigger_controller_dag.py
[2023-01-09T15:25:42.152+0400] {logging_mixin.py:137} INFO - [2023-01-09T15:25:42.152+0400] {dag.py:2676} INFO - Sync 1 DAGs
[2023-01-09T15:25:42.162+0400] {logging_mixin.py:137} INFO - [2023-01-09T15:25:42.162+0400] {dag.py:3423} INFO - Setting next_dagrun for example_trigger_controller_dag to 2021-01-01T00:00:00+00:00, run_after=2021-01-01T00:00:00+00:00
[2023-01-09T15:25:42.172+0400] {processor.py:175} INFO - Processing /Users/harut/opt/anaconda3/lib/python3.9/site-packages/airflow/example_dags/example_trigger_controller_dag.py took 0.452 seconds
[2023-01-09T15:27:05.597+0400] {processor.py:153} INFO - Started process (PID=14873) to work on /Users/harut/opt/anaconda3/lib/python3.9/site-packages/airflow/example_dags/example_trigger_controller_dag.py
[2023-01-09T15:27:05.598+0400] {processor.py:743} INFO - Processing file /Users/harut/opt/anaconda3/lib/python3.9/site-packages/airflow/example_dags/example_trigger_controller_dag.py for tasks to queue
[2023-01-09T15:27:05.598+0400] {logging_mixin.py:137} INFO - [2023-01-09T15:27:05.598+0400] {dagbag.py:538} INFO - Filling up the DagBag from /Users/harut/opt/anaconda3/lib/python3.9/site-packages/airflow/example_dags/example_trigger_controller_dag.py
[2023-01-09T15:27:05.615+0400] {processor.py:753} INFO - DAG(s) dict_keys(['example_trigger_controller_dag']) retrieved from /Users/harut/opt/anaconda3/lib/python3.9/site-packages/airflow/example_dags/example_trigger_controller_dag.py
[2023-01-09T15:27:06.039+0400] {logging_mixin.py:137} INFO - [2023-01-09T15:27:06.039+0400] {dag.py:2676} INFO - Sync 1 DAGs
[2023-01-09T15:27:06.048+0400] {logging_mixin.py:137} INFO - [2023-01-09T15:27:06.048+0400] {dag.py:3423} INFO - Setting next_dagrun for example_trigger_controller_dag to 2021-01-01T00:00:00+00:00, run_after=2021-01-01T00:00:00+00:00
[2023-01-09T15:27:06.058+0400] {processor.py:175} INFO - Processing /Users/harut/opt/anaconda3/lib/python3.9/site-packages/airflow/example_dags/example_trigger_controller_dag.py took 0.461 seconds
[2023-01-09T15:28:29.005+0400] {processor.py:153} INFO - Started process (PID=14926) to work on /Users/harut/opt/anaconda3/lib/python3.9/site-packages/airflow/example_dags/example_trigger_controller_dag.py
[2023-01-09T15:28:29.005+0400] {processor.py:743} INFO - Processing file /Users/harut/opt/anaconda3/lib/python3.9/site-packages/airflow/example_dags/example_trigger_controller_dag.py for tasks to queue
[2023-01-09T15:28:29.006+0400] {logging_mixin.py:137} INFO - [2023-01-09T15:28:29.006+0400] {dagbag.py:538} INFO - Filling up the DagBag from /Users/harut/opt/anaconda3/lib/python3.9/site-packages/airflow/example_dags/example_trigger_controller_dag.py
[2023-01-09T15:28:29.023+0400] {processor.py:753} INFO - DAG(s) dict_keys(['example_trigger_controller_dag']) retrieved from /Users/harut/opt/anaconda3/lib/python3.9/site-packages/airflow/example_dags/example_trigger_controller_dag.py
[2023-01-09T15:28:29.439+0400] {logging_mixin.py:137} INFO - [2023-01-09T15:28:29.439+0400] {dag.py:2676} INFO - Sync 1 DAGs
[2023-01-09T15:28:29.449+0400] {logging_mixin.py:137} INFO - [2023-01-09T15:28:29.448+0400] {dag.py:3423} INFO - Setting next_dagrun for example_trigger_controller_dag to 2021-01-01T00:00:00+00:00, run_after=2021-01-01T00:00:00+00:00
[2023-01-09T15:28:29.459+0400] {processor.py:175} INFO - Processing /Users/harut/opt/anaconda3/lib/python3.9/site-packages/airflow/example_dags/example_trigger_controller_dag.py took 0.455 seconds
[2023-01-09T15:29:50.201+0400] {processor.py:153} INFO - Started process (PID=14971) to work on /Users/harut/opt/anaconda3/lib/python3.9/site-packages/airflow/example_dags/example_trigger_controller_dag.py
[2023-01-09T15:29:50.202+0400] {processor.py:743} INFO - Processing file /Users/harut/opt/anaconda3/lib/python3.9/site-packages/airflow/example_dags/example_trigger_controller_dag.py for tasks to queue
[2023-01-09T15:29:50.202+0400] {logging_mixin.py:137} INFO - [2023-01-09T15:29:50.202+0400] {dagbag.py:538} INFO - Filling up the DagBag from /Users/harut/opt/anaconda3/lib/python3.9/site-packages/airflow/example_dags/example_trigger_controller_dag.py
[2023-01-09T15:29:50.218+0400] {processor.py:753} INFO - DAG(s) dict_keys(['example_trigger_controller_dag']) retrieved from /Users/harut/opt/anaconda3/lib/python3.9/site-packages/airflow/example_dags/example_trigger_controller_dag.py
[2023-01-09T15:29:50.616+0400] {logging_mixin.py:137} INFO - [2023-01-09T15:29:50.616+0400] {dag.py:2676} INFO - Sync 1 DAGs
[2023-01-09T15:29:50.627+0400] {logging_mixin.py:137} INFO - [2023-01-09T15:29:50.627+0400] {dag.py:3423} INFO - Setting next_dagrun for example_trigger_controller_dag to 2021-01-01T00:00:00+00:00, run_after=2021-01-01T00:00:00+00:00
[2023-01-09T15:29:50.638+0400] {processor.py:175} INFO - Processing /Users/harut/opt/anaconda3/lib/python3.9/site-packages/airflow/example_dags/example_trigger_controller_dag.py took 0.437 seconds
[2023-01-09T15:31:12.142+0400] {processor.py:153} INFO - Started process (PID=15019) to work on /Users/harut/opt/anaconda3/lib/python3.9/site-packages/airflow/example_dags/example_trigger_controller_dag.py
[2023-01-09T15:31:12.143+0400] {processor.py:743} INFO - Processing file /Users/harut/opt/anaconda3/lib/python3.9/site-packages/airflow/example_dags/example_trigger_controller_dag.py for tasks to queue
[2023-01-09T15:31:12.143+0400] {logging_mixin.py:137} INFO - [2023-01-09T15:31:12.143+0400] {dagbag.py:538} INFO - Filling up the DagBag from /Users/harut/opt/anaconda3/lib/python3.9/site-packages/airflow/example_dags/example_trigger_controller_dag.py
[2023-01-09T15:31:12.160+0400] {processor.py:753} INFO - DAG(s) dict_keys(['example_trigger_controller_dag']) retrieved from /Users/harut/opt/anaconda3/lib/python3.9/site-packages/airflow/example_dags/example_trigger_controller_dag.py
[2023-01-09T15:31:12.570+0400] {logging_mixin.py:137} INFO - [2023-01-09T15:31:12.569+0400] {dag.py:2676} INFO - Sync 1 DAGs
[2023-01-09T15:31:12.579+0400] {logging_mixin.py:137} INFO - [2023-01-09T15:31:12.579+0400] {dag.py:3423} INFO - Setting next_dagrun for example_trigger_controller_dag to 2021-01-01T00:00:00+00:00, run_after=2021-01-01T00:00:00+00:00
[2023-01-09T15:31:12.589+0400] {processor.py:175} INFO - Processing /Users/harut/opt/anaconda3/lib/python3.9/site-packages/airflow/example_dags/example_trigger_controller_dag.py took 0.447 seconds
[2023-01-09T15:32:35.251+0400] {processor.py:153} INFO - Started process (PID=15064) to work on /Users/harut/opt/anaconda3/lib/python3.9/site-packages/airflow/example_dags/example_trigger_controller_dag.py
[2023-01-09T15:32:35.252+0400] {processor.py:743} INFO - Processing file /Users/harut/opt/anaconda3/lib/python3.9/site-packages/airflow/example_dags/example_trigger_controller_dag.py for tasks to queue
[2023-01-09T15:32:35.252+0400] {logging_mixin.py:137} INFO - [2023-01-09T15:32:35.252+0400] {dagbag.py:538} INFO - Filling up the DagBag from /Users/harut/opt/anaconda3/lib/python3.9/site-packages/airflow/example_dags/example_trigger_controller_dag.py
[2023-01-09T15:32:35.269+0400] {processor.py:753} INFO - DAG(s) dict_keys(['example_trigger_controller_dag']) retrieved from /Users/harut/opt/anaconda3/lib/python3.9/site-packages/airflow/example_dags/example_trigger_controller_dag.py
[2023-01-09T15:32:35.698+0400] {logging_mixin.py:137} INFO - [2023-01-09T15:32:35.698+0400] {dag.py:2676} INFO - Sync 1 DAGs
[2023-01-09T15:32:35.709+0400] {logging_mixin.py:137} INFO - [2023-01-09T15:32:35.709+0400] {dag.py:3423} INFO - Setting next_dagrun for example_trigger_controller_dag to 2021-01-01T00:00:00+00:00, run_after=2021-01-01T00:00:00+00:00
[2023-01-09T15:32:35.721+0400] {processor.py:175} INFO - Processing /Users/harut/opt/anaconda3/lib/python3.9/site-packages/airflow/example_dags/example_trigger_controller_dag.py took 0.471 seconds
[2023-01-09T15:33:59.308+0400] {processor.py:153} INFO - Started process (PID=15109) to work on /Users/harut/opt/anaconda3/lib/python3.9/site-packages/airflow/example_dags/example_trigger_controller_dag.py
[2023-01-09T15:33:59.309+0400] {processor.py:743} INFO - Processing file /Users/harut/opt/anaconda3/lib/python3.9/site-packages/airflow/example_dags/example_trigger_controller_dag.py for tasks to queue
[2023-01-09T15:33:59.309+0400] {logging_mixin.py:137} INFO - [2023-01-09T15:33:59.309+0400] {dagbag.py:538} INFO - Filling up the DagBag from /Users/harut/opt/anaconda3/lib/python3.9/site-packages/airflow/example_dags/example_trigger_controller_dag.py
[2023-01-09T15:33:59.327+0400] {processor.py:753} INFO - DAG(s) dict_keys(['example_trigger_controller_dag']) retrieved from /Users/harut/opt/anaconda3/lib/python3.9/site-packages/airflow/example_dags/example_trigger_controller_dag.py
[2023-01-09T15:33:59.778+0400] {logging_mixin.py:137} INFO - [2023-01-09T15:33:59.777+0400] {dag.py:2676} INFO - Sync 1 DAGs
[2023-01-09T15:33:59.788+0400] {logging_mixin.py:137} INFO - [2023-01-09T15:33:59.788+0400] {dag.py:3423} INFO - Setting next_dagrun for example_trigger_controller_dag to 2021-01-01T00:00:00+00:00, run_after=2021-01-01T00:00:00+00:00
[2023-01-09T15:33:59.800+0400] {processor.py:175} INFO - Processing /Users/harut/opt/anaconda3/lib/python3.9/site-packages/airflow/example_dags/example_trigger_controller_dag.py took 0.492 seconds
[2023-01-09T15:35:22.992+0400] {processor.py:153} INFO - Started process (PID=15158) to work on /Users/harut/opt/anaconda3/lib/python3.9/site-packages/airflow/example_dags/example_trigger_controller_dag.py
[2023-01-09T15:35:22.992+0400] {processor.py:743} INFO - Processing file /Users/harut/opt/anaconda3/lib/python3.9/site-packages/airflow/example_dags/example_trigger_controller_dag.py for tasks to queue
[2023-01-09T15:35:22.992+0400] {logging_mixin.py:137} INFO - [2023-01-09T15:35:22.992+0400] {dagbag.py:538} INFO - Filling up the DagBag from /Users/harut/opt/anaconda3/lib/python3.9/site-packages/airflow/example_dags/example_trigger_controller_dag.py
[2023-01-09T15:35:23.008+0400] {processor.py:753} INFO - DAG(s) dict_keys(['example_trigger_controller_dag']) retrieved from /Users/harut/opt/anaconda3/lib/python3.9/site-packages/airflow/example_dags/example_trigger_controller_dag.py
[2023-01-09T15:35:23.390+0400] {logging_mixin.py:137} INFO - [2023-01-09T15:35:23.390+0400] {dag.py:2676} INFO - Sync 1 DAGs
[2023-01-09T15:35:23.399+0400] {logging_mixin.py:137} INFO - [2023-01-09T15:35:23.399+0400] {dag.py:3423} INFO - Setting next_dagrun for example_trigger_controller_dag to 2021-01-01T00:00:00+00:00, run_after=2021-01-01T00:00:00+00:00
[2023-01-09T15:35:23.409+0400] {processor.py:175} INFO - Processing /Users/harut/opt/anaconda3/lib/python3.9/site-packages/airflow/example_dags/example_trigger_controller_dag.py took 0.418 seconds
[2023-01-09T15:36:45.814+0400] {processor.py:153} INFO - Started process (PID=15221) to work on /Users/harut/opt/anaconda3/lib/python3.9/site-packages/airflow/example_dags/example_trigger_controller_dag.py
[2023-01-09T15:36:45.815+0400] {processor.py:743} INFO - Processing file /Users/harut/opt/anaconda3/lib/python3.9/site-packages/airflow/example_dags/example_trigger_controller_dag.py for tasks to queue
[2023-01-09T15:36:45.815+0400] {logging_mixin.py:137} INFO - [2023-01-09T15:36:45.815+0400] {dagbag.py:538} INFO - Filling up the DagBag from /Users/harut/opt/anaconda3/lib/python3.9/site-packages/airflow/example_dags/example_trigger_controller_dag.py
[2023-01-09T15:36:45.831+0400] {processor.py:753} INFO - DAG(s) dict_keys(['example_trigger_controller_dag']) retrieved from /Users/harut/opt/anaconda3/lib/python3.9/site-packages/airflow/example_dags/example_trigger_controller_dag.py
[2023-01-09T15:36:46.257+0400] {logging_mixin.py:137} INFO - [2023-01-09T15:36:46.257+0400] {dag.py:2676} INFO - Sync 1 DAGs
[2023-01-09T15:36:46.268+0400] {logging_mixin.py:137} INFO - [2023-01-09T15:36:46.268+0400] {dag.py:3423} INFO - Setting next_dagrun for example_trigger_controller_dag to 2021-01-01T00:00:00+00:00, run_after=2021-01-01T00:00:00+00:00
[2023-01-09T15:36:46.280+0400] {processor.py:175} INFO - Processing /Users/harut/opt/anaconda3/lib/python3.9/site-packages/airflow/example_dags/example_trigger_controller_dag.py took 0.467 seconds
[2023-01-09T15:38:08.438+0400] {processor.py:153} INFO - Started process (PID=15263) to work on /Users/harut/opt/anaconda3/lib/python3.9/site-packages/airflow/example_dags/example_trigger_controller_dag.py
[2023-01-09T15:38:08.438+0400] {processor.py:743} INFO - Processing file /Users/harut/opt/anaconda3/lib/python3.9/site-packages/airflow/example_dags/example_trigger_controller_dag.py for tasks to queue
[2023-01-09T15:38:08.439+0400] {logging_mixin.py:137} INFO - [2023-01-09T15:38:08.439+0400] {dagbag.py:538} INFO - Filling up the DagBag from /Users/harut/opt/anaconda3/lib/python3.9/site-packages/airflow/example_dags/example_trigger_controller_dag.py
[2023-01-09T15:38:08.455+0400] {processor.py:753} INFO - DAG(s) dict_keys(['example_trigger_controller_dag']) retrieved from /Users/harut/opt/anaconda3/lib/python3.9/site-packages/airflow/example_dags/example_trigger_controller_dag.py
[2023-01-09T15:38:08.834+0400] {logging_mixin.py:137} INFO - [2023-01-09T15:38:08.834+0400] {dag.py:2676} INFO - Sync 1 DAGs
[2023-01-09T15:38:08.843+0400] {logging_mixin.py:137} INFO - [2023-01-09T15:38:08.843+0400] {dag.py:3423} INFO - Setting next_dagrun for example_trigger_controller_dag to 2021-01-01T00:00:00+00:00, run_after=2021-01-01T00:00:00+00:00
[2023-01-09T15:38:08.852+0400] {processor.py:175} INFO - Processing /Users/harut/opt/anaconda3/lib/python3.9/site-packages/airflow/example_dags/example_trigger_controller_dag.py took 0.415 seconds
[2023-01-09T15:39:30.475+0400] {processor.py:153} INFO - Started process (PID=15307) to work on /Users/harut/opt/anaconda3/lib/python3.9/site-packages/airflow/example_dags/example_trigger_controller_dag.py
[2023-01-09T15:39:30.476+0400] {processor.py:743} INFO - Processing file /Users/harut/opt/anaconda3/lib/python3.9/site-packages/airflow/example_dags/example_trigger_controller_dag.py for tasks to queue
[2023-01-09T15:39:30.476+0400] {logging_mixin.py:137} INFO - [2023-01-09T15:39:30.476+0400] {dagbag.py:538} INFO - Filling up the DagBag from /Users/harut/opt/anaconda3/lib/python3.9/site-packages/airflow/example_dags/example_trigger_controller_dag.py
[2023-01-09T15:39:30.492+0400] {processor.py:753} INFO - DAG(s) dict_keys(['example_trigger_controller_dag']) retrieved from /Users/harut/opt/anaconda3/lib/python3.9/site-packages/airflow/example_dags/example_trigger_controller_dag.py
[2023-01-09T15:39:30.887+0400] {logging_mixin.py:137} INFO - [2023-01-09T15:39:30.887+0400] {dag.py:2676} INFO - Sync 1 DAGs
[2023-01-09T15:39:30.896+0400] {logging_mixin.py:137} INFO - [2023-01-09T15:39:30.896+0400] {dag.py:3423} INFO - Setting next_dagrun for example_trigger_controller_dag to 2021-01-01T00:00:00+00:00, run_after=2021-01-01T00:00:00+00:00
[2023-01-09T15:39:30.906+0400] {processor.py:175} INFO - Processing /Users/harut/opt/anaconda3/lib/python3.9/site-packages/airflow/example_dags/example_trigger_controller_dag.py took 0.431 seconds
[2023-01-09T15:40:51.093+0400] {processor.py:153} INFO - Started process (PID=15360) to work on /Users/harut/opt/anaconda3/lib/python3.9/site-packages/airflow/example_dags/example_trigger_controller_dag.py
[2023-01-09T15:40:51.093+0400] {processor.py:743} INFO - Processing file /Users/harut/opt/anaconda3/lib/python3.9/site-packages/airflow/example_dags/example_trigger_controller_dag.py for tasks to queue
[2023-01-09T15:40:51.094+0400] {logging_mixin.py:137} INFO - [2023-01-09T15:40:51.094+0400] {dagbag.py:538} INFO - Filling up the DagBag from /Users/harut/opt/anaconda3/lib/python3.9/site-packages/airflow/example_dags/example_trigger_controller_dag.py
[2023-01-09T15:40:51.110+0400] {processor.py:753} INFO - DAG(s) dict_keys(['example_trigger_controller_dag']) retrieved from /Users/harut/opt/anaconda3/lib/python3.9/site-packages/airflow/example_dags/example_trigger_controller_dag.py
[2023-01-09T15:40:51.487+0400] {logging_mixin.py:137} INFO - [2023-01-09T15:40:51.486+0400] {dag.py:2676} INFO - Sync 1 DAGs
[2023-01-09T15:40:51.496+0400] {logging_mixin.py:137} INFO - [2023-01-09T15:40:51.496+0400] {dag.py:3423} INFO - Setting next_dagrun for example_trigger_controller_dag to 2021-01-01T00:00:00+00:00, run_after=2021-01-01T00:00:00+00:00
[2023-01-09T15:40:51.506+0400] {processor.py:175} INFO - Processing /Users/harut/opt/anaconda3/lib/python3.9/site-packages/airflow/example_dags/example_trigger_controller_dag.py took 0.413 seconds
