[2023-01-09T14:17:20.489+0400] {processor.py:153} INFO - Started process (PID=12423) to work on /Users/harut/opt/anaconda3/lib/python3.9/site-packages/airflow/example_dags/example_latest_only_with_trigger.py
[2023-01-09T14:17:20.490+0400] {processor.py:743} INFO - Processing file /Users/harut/opt/anaconda3/lib/python3.9/site-packages/airflow/example_dags/example_latest_only_with_trigger.py for tasks to queue
[2023-01-09T14:17:20.490+0400] {logging_mixin.py:137} INFO - [2023-01-09T14:17:20.490+0400] {dagbag.py:538} INFO - Filling up the DagBag from /Users/harut/opt/anaconda3/lib/python3.9/site-packages/airflow/example_dags/example_latest_only_with_trigger.py
[2023-01-09T14:17:20.507+0400] {processor.py:753} INFO - DAG(s) dict_keys(['latest_only_with_trigger']) retrieved from /Users/harut/opt/anaconda3/lib/python3.9/site-packages/airflow/example_dags/example_latest_only_with_trigger.py
[2023-01-09T14:17:20.885+0400] {logging_mixin.py:137} INFO - [2023-01-09T14:17:20.885+0400] {dag.py:2676} INFO - Sync 1 DAGs
[2023-01-09T14:17:20.894+0400] {logging_mixin.py:137} INFO - [2023-01-09T14:17:20.894+0400] {dag.py:3423} INFO - Setting next_dagrun for latest_only_with_trigger to 2023-01-09T06:17:20.893928+00:00, run_after=2023-01-09T10:17:20.893928+00:00
[2023-01-09T14:17:20.903+0400] {processor.py:175} INFO - Processing /Users/harut/opt/anaconda3/lib/python3.9/site-packages/airflow/example_dags/example_latest_only_with_trigger.py took 0.414 seconds
[2023-01-09T14:19:45.412+0400] {processor.py:153} INFO - Started process (PID=12517) to work on /Users/harut/opt/anaconda3/lib/python3.9/site-packages/airflow/example_dags/example_latest_only_with_trigger.py
[2023-01-09T14:19:45.413+0400] {processor.py:743} INFO - Processing file /Users/harut/opt/anaconda3/lib/python3.9/site-packages/airflow/example_dags/example_latest_only_with_trigger.py for tasks to queue
[2023-01-09T14:19:45.413+0400] {logging_mixin.py:137} INFO - [2023-01-09T14:19:45.413+0400] {dagbag.py:538} INFO - Filling up the DagBag from /Users/harut/opt/anaconda3/lib/python3.9/site-packages/airflow/example_dags/example_latest_only_with_trigger.py
[2023-01-09T14:19:45.429+0400] {processor.py:753} INFO - DAG(s) dict_keys(['latest_only_with_trigger']) retrieved from /Users/harut/opt/anaconda3/lib/python3.9/site-packages/airflow/example_dags/example_latest_only_with_trigger.py
[2023-01-09T14:19:45.811+0400] {logging_mixin.py:137} INFO - [2023-01-09T14:19:45.811+0400] {dag.py:2676} INFO - Sync 1 DAGs
[2023-01-09T14:19:45.820+0400] {logging_mixin.py:137} INFO - [2023-01-09T14:19:45.820+0400] {dag.py:3423} INFO - Setting next_dagrun for latest_only_with_trigger to 2023-01-09T06:19:45.820406+00:00, run_after=2023-01-09T10:19:45.820406+00:00
[2023-01-09T14:19:45.830+0400] {processor.py:175} INFO - Processing /Users/harut/opt/anaconda3/lib/python3.9/site-packages/airflow/example_dags/example_latest_only_with_trigger.py took 0.418 seconds
[2023-01-09T14:20:59.678+0400] {processor.py:153} INFO - Started process (PID=12556) to work on /Users/harut/opt/anaconda3/lib/python3.9/site-packages/airflow/example_dags/example_latest_only_with_trigger.py
[2023-01-09T14:20:59.678+0400] {processor.py:743} INFO - Processing file /Users/harut/opt/anaconda3/lib/python3.9/site-packages/airflow/example_dags/example_latest_only_with_trigger.py for tasks to queue
[2023-01-09T14:20:59.679+0400] {logging_mixin.py:137} INFO - [2023-01-09T14:20:59.679+0400] {dagbag.py:538} INFO - Filling up the DagBag from /Users/harut/opt/anaconda3/lib/python3.9/site-packages/airflow/example_dags/example_latest_only_with_trigger.py
[2023-01-09T14:20:59.695+0400] {processor.py:753} INFO - DAG(s) dict_keys(['latest_only_with_trigger']) retrieved from /Users/harut/opt/anaconda3/lib/python3.9/site-packages/airflow/example_dags/example_latest_only_with_trigger.py
[2023-01-09T14:21:00.081+0400] {logging_mixin.py:137} INFO - [2023-01-09T14:21:00.081+0400] {dag.py:2676} INFO - Sync 1 DAGs
[2023-01-09T14:21:00.090+0400] {logging_mixin.py:137} INFO - [2023-01-09T14:21:00.090+0400] {dag.py:3423} INFO - Setting next_dagrun for latest_only_with_trigger to 2023-01-09T06:21:00.090654+00:00, run_after=2023-01-09T10:21:00.090654+00:00
[2023-01-09T14:21:00.100+0400] {processor.py:175} INFO - Processing /Users/harut/opt/anaconda3/lib/python3.9/site-packages/airflow/example_dags/example_latest_only_with_trigger.py took 0.423 seconds
[2023-01-09T14:22:14.781+0400] {processor.py:153} INFO - Started process (PID=12609) to work on /Users/harut/opt/anaconda3/lib/python3.9/site-packages/airflow/example_dags/example_latest_only_with_trigger.py
[2023-01-09T14:22:14.781+0400] {processor.py:743} INFO - Processing file /Users/harut/opt/anaconda3/lib/python3.9/site-packages/airflow/example_dags/example_latest_only_with_trigger.py for tasks to queue
[2023-01-09T14:22:14.781+0400] {logging_mixin.py:137} INFO - [2023-01-09T14:22:14.781+0400] {dagbag.py:538} INFO - Filling up the DagBag from /Users/harut/opt/anaconda3/lib/python3.9/site-packages/airflow/example_dags/example_latest_only_with_trigger.py
[2023-01-09T14:22:14.797+0400] {processor.py:753} INFO - DAG(s) dict_keys(['latest_only_with_trigger']) retrieved from /Users/harut/opt/anaconda3/lib/python3.9/site-packages/airflow/example_dags/example_latest_only_with_trigger.py
[2023-01-09T14:22:15.161+0400] {logging_mixin.py:137} INFO - [2023-01-09T14:22:15.161+0400] {dag.py:2676} INFO - Sync 1 DAGs
[2023-01-09T14:22:15.170+0400] {logging_mixin.py:137} INFO - [2023-01-09T14:22:15.169+0400] {dag.py:3423} INFO - Setting next_dagrun for latest_only_with_trigger to 2023-01-09T06:22:15.169846+00:00, run_after=2023-01-09T10:22:15.169846+00:00
[2023-01-09T14:22:15.179+0400] {processor.py:175} INFO - Processing /Users/harut/opt/anaconda3/lib/python3.9/site-packages/airflow/example_dags/example_latest_only_with_trigger.py took 0.399 seconds
[2023-01-09T14:23:29.905+0400] {processor.py:153} INFO - Started process (PID=12649) to work on /Users/harut/opt/anaconda3/lib/python3.9/site-packages/airflow/example_dags/example_latest_only_with_trigger.py
[2023-01-09T14:23:29.906+0400] {processor.py:743} INFO - Processing file /Users/harut/opt/anaconda3/lib/python3.9/site-packages/airflow/example_dags/example_latest_only_with_trigger.py for tasks to queue
[2023-01-09T14:23:29.906+0400] {logging_mixin.py:137} INFO - [2023-01-09T14:23:29.906+0400] {dagbag.py:538} INFO - Filling up the DagBag from /Users/harut/opt/anaconda3/lib/python3.9/site-packages/airflow/example_dags/example_latest_only_with_trigger.py
[2023-01-09T14:23:29.922+0400] {processor.py:753} INFO - DAG(s) dict_keys(['latest_only_with_trigger']) retrieved from /Users/harut/opt/anaconda3/lib/python3.9/site-packages/airflow/example_dags/example_latest_only_with_trigger.py
[2023-01-09T14:23:30.295+0400] {logging_mixin.py:137} INFO - [2023-01-09T14:23:30.295+0400] {dag.py:2676} INFO - Sync 1 DAGs
[2023-01-09T14:23:30.305+0400] {logging_mixin.py:137} INFO - [2023-01-09T14:23:30.305+0400] {dag.py:3423} INFO - Setting next_dagrun for latest_only_with_trigger to 2023-01-09T06:23:30.305612+00:00, run_after=2023-01-09T10:23:30.305612+00:00
[2023-01-09T14:23:30.315+0400] {processor.py:175} INFO - Processing /Users/harut/opt/anaconda3/lib/python3.9/site-packages/airflow/example_dags/example_latest_only_with_trigger.py took 0.410 seconds
[2023-01-09T14:24:50.772+0400] {processor.py:153} INFO - Started process (PID=12693) to work on /Users/harut/opt/anaconda3/lib/python3.9/site-packages/airflow/example_dags/example_latest_only_with_trigger.py
[2023-01-09T14:24:50.772+0400] {processor.py:743} INFO - Processing file /Users/harut/opt/anaconda3/lib/python3.9/site-packages/airflow/example_dags/example_latest_only_with_trigger.py for tasks to queue
[2023-01-09T14:24:50.773+0400] {logging_mixin.py:137} INFO - [2023-01-09T14:24:50.773+0400] {dagbag.py:538} INFO - Filling up the DagBag from /Users/harut/opt/anaconda3/lib/python3.9/site-packages/airflow/example_dags/example_latest_only_with_trigger.py
[2023-01-09T14:24:50.794+0400] {processor.py:753} INFO - DAG(s) dict_keys(['latest_only_with_trigger']) retrieved from /Users/harut/opt/anaconda3/lib/python3.9/site-packages/airflow/example_dags/example_latest_only_with_trigger.py
[2023-01-09T14:24:51.223+0400] {logging_mixin.py:137} INFO - [2023-01-09T14:24:51.223+0400] {dag.py:2676} INFO - Sync 1 DAGs
[2023-01-09T14:24:51.234+0400] {logging_mixin.py:137} INFO - [2023-01-09T14:24:51.234+0400] {dag.py:3423} INFO - Setting next_dagrun for latest_only_with_trigger to 2023-01-09T06:24:51.234482+00:00, run_after=2023-01-09T10:24:51.234482+00:00
[2023-01-09T14:24:51.245+0400] {processor.py:175} INFO - Processing /Users/harut/opt/anaconda3/lib/python3.9/site-packages/airflow/example_dags/example_latest_only_with_trigger.py took 0.473 seconds
[2023-01-09T14:26:09.416+0400] {processor.py:153} INFO - Started process (PID=12737) to work on /Users/harut/opt/anaconda3/lib/python3.9/site-packages/airflow/example_dags/example_latest_only_with_trigger.py
[2023-01-09T14:26:09.417+0400] {processor.py:743} INFO - Processing file /Users/harut/opt/anaconda3/lib/python3.9/site-packages/airflow/example_dags/example_latest_only_with_trigger.py for tasks to queue
[2023-01-09T14:26:09.417+0400] {logging_mixin.py:137} INFO - [2023-01-09T14:26:09.417+0400] {dagbag.py:538} INFO - Filling up the DagBag from /Users/harut/opt/anaconda3/lib/python3.9/site-packages/airflow/example_dags/example_latest_only_with_trigger.py
[2023-01-09T14:26:09.434+0400] {processor.py:753} INFO - DAG(s) dict_keys(['latest_only_with_trigger']) retrieved from /Users/harut/opt/anaconda3/lib/python3.9/site-packages/airflow/example_dags/example_latest_only_with_trigger.py
[2023-01-09T14:26:09.810+0400] {logging_mixin.py:137} INFO - [2023-01-09T14:26:09.810+0400] {dag.py:2676} INFO - Sync 1 DAGs
[2023-01-09T14:26:09.820+0400] {logging_mixin.py:137} INFO - [2023-01-09T14:26:09.819+0400] {dag.py:3423} INFO - Setting next_dagrun for latest_only_with_trigger to 2023-01-09T06:26:09.819850+00:00, run_after=2023-01-09T10:26:09.819850+00:00
[2023-01-09T14:26:09.830+0400] {processor.py:175} INFO - Processing /Users/harut/opt/anaconda3/lib/python3.9/site-packages/airflow/example_dags/example_latest_only_with_trigger.py took 0.414 seconds
[2023-01-09T14:27:26.397+0400] {processor.py:153} INFO - Started process (PID=12781) to work on /Users/harut/opt/anaconda3/lib/python3.9/site-packages/airflow/example_dags/example_latest_only_with_trigger.py
[2023-01-09T14:27:26.397+0400] {processor.py:743} INFO - Processing file /Users/harut/opt/anaconda3/lib/python3.9/site-packages/airflow/example_dags/example_latest_only_with_trigger.py for tasks to queue
[2023-01-09T14:27:26.398+0400] {logging_mixin.py:137} INFO - [2023-01-09T14:27:26.398+0400] {dagbag.py:538} INFO - Filling up the DagBag from /Users/harut/opt/anaconda3/lib/python3.9/site-packages/airflow/example_dags/example_latest_only_with_trigger.py
[2023-01-09T14:27:26.415+0400] {processor.py:753} INFO - DAG(s) dict_keys(['latest_only_with_trigger']) retrieved from /Users/harut/opt/anaconda3/lib/python3.9/site-packages/airflow/example_dags/example_latest_only_with_trigger.py
[2023-01-09T14:27:26.788+0400] {logging_mixin.py:137} INFO - [2023-01-09T14:27:26.788+0400] {dag.py:2676} INFO - Sync 1 DAGs
[2023-01-09T14:27:26.797+0400] {logging_mixin.py:137} INFO - [2023-01-09T14:27:26.797+0400] {dag.py:3423} INFO - Setting next_dagrun for latest_only_with_trigger to 2023-01-09T06:27:26.797128+00:00, run_after=2023-01-09T10:27:26.797128+00:00
[2023-01-09T14:27:26.806+0400] {processor.py:175} INFO - Processing /Users/harut/opt/anaconda3/lib/python3.9/site-packages/airflow/example_dags/example_latest_only_with_trigger.py took 0.410 seconds
[2023-01-09T14:28:42.939+0400] {processor.py:153} INFO - Started process (PID=12826) to work on /Users/harut/opt/anaconda3/lib/python3.9/site-packages/airflow/example_dags/example_latest_only_with_trigger.py
[2023-01-09T14:28:42.940+0400] {processor.py:743} INFO - Processing file /Users/harut/opt/anaconda3/lib/python3.9/site-packages/airflow/example_dags/example_latest_only_with_trigger.py for tasks to queue
[2023-01-09T14:28:42.940+0400] {logging_mixin.py:137} INFO - [2023-01-09T14:28:42.940+0400] {dagbag.py:538} INFO - Filling up the DagBag from /Users/harut/opt/anaconda3/lib/python3.9/site-packages/airflow/example_dags/example_latest_only_with_trigger.py
[2023-01-09T14:28:42.956+0400] {processor.py:753} INFO - DAG(s) dict_keys(['latest_only_with_trigger']) retrieved from /Users/harut/opt/anaconda3/lib/python3.9/site-packages/airflow/example_dags/example_latest_only_with_trigger.py
[2023-01-09T14:28:43.326+0400] {logging_mixin.py:137} INFO - [2023-01-09T14:28:43.326+0400] {dag.py:2676} INFO - Sync 1 DAGs
[2023-01-09T14:28:43.335+0400] {logging_mixin.py:137} INFO - [2023-01-09T14:28:43.335+0400] {dag.py:3423} INFO - Setting next_dagrun for latest_only_with_trigger to 2023-01-09T06:28:43.334981+00:00, run_after=2023-01-09T10:28:43.334981+00:00
[2023-01-09T14:28:43.344+0400] {processor.py:175} INFO - Processing /Users/harut/opt/anaconda3/lib/python3.9/site-packages/airflow/example_dags/example_latest_only_with_trigger.py took 0.405 seconds
[2023-01-09T14:29:59.522+0400] {processor.py:153} INFO - Started process (PID=12867) to work on /Users/harut/opt/anaconda3/lib/python3.9/site-packages/airflow/example_dags/example_latest_only_with_trigger.py
[2023-01-09T14:29:59.523+0400] {processor.py:743} INFO - Processing file /Users/harut/opt/anaconda3/lib/python3.9/site-packages/airflow/example_dags/example_latest_only_with_trigger.py for tasks to queue
[2023-01-09T14:29:59.523+0400] {logging_mixin.py:137} INFO - [2023-01-09T14:29:59.523+0400] {dagbag.py:538} INFO - Filling up the DagBag from /Users/harut/opt/anaconda3/lib/python3.9/site-packages/airflow/example_dags/example_latest_only_with_trigger.py
[2023-01-09T14:29:59.540+0400] {processor.py:753} INFO - DAG(s) dict_keys(['latest_only_with_trigger']) retrieved from /Users/harut/opt/anaconda3/lib/python3.9/site-packages/airflow/example_dags/example_latest_only_with_trigger.py
[2023-01-09T14:29:59.909+0400] {logging_mixin.py:137} INFO - [2023-01-09T14:29:59.909+0400] {dag.py:2676} INFO - Sync 1 DAGs
[2023-01-09T14:29:59.918+0400] {logging_mixin.py:137} INFO - [2023-01-09T14:29:59.918+0400] {dag.py:3423} INFO - Setting next_dagrun for latest_only_with_trigger to 2023-01-09T06:29:59.918333+00:00, run_after=2023-01-09T10:29:59.918333+00:00
[2023-01-09T14:29:59.927+0400] {processor.py:175} INFO - Processing /Users/harut/opt/anaconda3/lib/python3.9/site-packages/airflow/example_dags/example_latest_only_with_trigger.py took 0.405 seconds
[2023-01-09T14:31:16.765+0400] {processor.py:153} INFO - Started process (PID=12913) to work on /Users/harut/opt/anaconda3/lib/python3.9/site-packages/airflow/example_dags/example_latest_only_with_trigger.py
[2023-01-09T14:31:16.766+0400] {processor.py:743} INFO - Processing file /Users/harut/opt/anaconda3/lib/python3.9/site-packages/airflow/example_dags/example_latest_only_with_trigger.py for tasks to queue
[2023-01-09T14:31:16.766+0400] {logging_mixin.py:137} INFO - [2023-01-09T14:31:16.766+0400] {dagbag.py:538} INFO - Filling up the DagBag from /Users/harut/opt/anaconda3/lib/python3.9/site-packages/airflow/example_dags/example_latest_only_with_trigger.py
[2023-01-09T14:31:16.783+0400] {processor.py:753} INFO - DAG(s) dict_keys(['latest_only_with_trigger']) retrieved from /Users/harut/opt/anaconda3/lib/python3.9/site-packages/airflow/example_dags/example_latest_only_with_trigger.py
[2023-01-09T14:31:17.148+0400] {logging_mixin.py:137} INFO - [2023-01-09T14:31:17.147+0400] {dag.py:2676} INFO - Sync 1 DAGs
[2023-01-09T14:31:17.156+0400] {logging_mixin.py:137} INFO - [2023-01-09T14:31:17.156+0400] {dag.py:3423} INFO - Setting next_dagrun for latest_only_with_trigger to 2023-01-09T06:31:17.156696+00:00, run_after=2023-01-09T10:31:17.156696+00:00
[2023-01-09T14:31:17.166+0400] {processor.py:175} INFO - Processing /Users/harut/opt/anaconda3/lib/python3.9/site-packages/airflow/example_dags/example_latest_only_with_trigger.py took 0.401 seconds
[2023-01-09T14:32:30.551+0400] {processor.py:153} INFO - Started process (PID=12961) to work on /Users/harut/opt/anaconda3/lib/python3.9/site-packages/airflow/example_dags/example_latest_only_with_trigger.py
[2023-01-09T14:32:30.551+0400] {processor.py:743} INFO - Processing file /Users/harut/opt/anaconda3/lib/python3.9/site-packages/airflow/example_dags/example_latest_only_with_trigger.py for tasks to queue
[2023-01-09T14:32:30.552+0400] {logging_mixin.py:137} INFO - [2023-01-09T14:32:30.552+0400] {dagbag.py:538} INFO - Filling up the DagBag from /Users/harut/opt/anaconda3/lib/python3.9/site-packages/airflow/example_dags/example_latest_only_with_trigger.py
[2023-01-09T14:32:30.568+0400] {processor.py:753} INFO - DAG(s) dict_keys(['latest_only_with_trigger']) retrieved from /Users/harut/opt/anaconda3/lib/python3.9/site-packages/airflow/example_dags/example_latest_only_with_trigger.py
[2023-01-09T14:32:30.945+0400] {logging_mixin.py:137} INFO - [2023-01-09T14:32:30.945+0400] {dag.py:2676} INFO - Sync 1 DAGs
[2023-01-09T14:32:30.954+0400] {logging_mixin.py:137} INFO - [2023-01-09T14:32:30.954+0400] {dag.py:3423} INFO - Setting next_dagrun for latest_only_with_trigger to 2023-01-09T06:32:30.954360+00:00, run_after=2023-01-09T10:32:30.954360+00:00
[2023-01-09T14:32:30.963+0400] {processor.py:175} INFO - Processing /Users/harut/opt/anaconda3/lib/python3.9/site-packages/airflow/example_dags/example_latest_only_with_trigger.py took 0.413 seconds
[2023-01-09T14:33:47.939+0400] {processor.py:153} INFO - Started process (PID=13004) to work on /Users/harut/opt/anaconda3/lib/python3.9/site-packages/airflow/example_dags/example_latest_only_with_trigger.py
[2023-01-09T14:33:47.939+0400] {processor.py:743} INFO - Processing file /Users/harut/opt/anaconda3/lib/python3.9/site-packages/airflow/example_dags/example_latest_only_with_trigger.py for tasks to queue
[2023-01-09T14:33:47.940+0400] {logging_mixin.py:137} INFO - [2023-01-09T14:33:47.940+0400] {dagbag.py:538} INFO - Filling up the DagBag from /Users/harut/opt/anaconda3/lib/python3.9/site-packages/airflow/example_dags/example_latest_only_with_trigger.py
[2023-01-09T14:33:47.956+0400] {processor.py:753} INFO - DAG(s) dict_keys(['latest_only_with_trigger']) retrieved from /Users/harut/opt/anaconda3/lib/python3.9/site-packages/airflow/example_dags/example_latest_only_with_trigger.py
[2023-01-09T14:33:48.326+0400] {logging_mixin.py:137} INFO - [2023-01-09T14:33:48.326+0400] {dag.py:2676} INFO - Sync 1 DAGs
[2023-01-09T14:33:48.335+0400] {logging_mixin.py:137} INFO - [2023-01-09T14:33:48.335+0400] {dag.py:3423} INFO - Setting next_dagrun for latest_only_with_trigger to 2023-01-09T06:33:48.335140+00:00, run_after=2023-01-09T10:33:48.335140+00:00
[2023-01-09T14:33:48.344+0400] {processor.py:175} INFO - Processing /Users/harut/opt/anaconda3/lib/python3.9/site-packages/airflow/example_dags/example_latest_only_with_trigger.py took 0.406 seconds
[2023-01-09T14:35:06.002+0400] {processor.py:153} INFO - Started process (PID=13061) to work on /Users/harut/opt/anaconda3/lib/python3.9/site-packages/airflow/example_dags/example_latest_only_with_trigger.py
[2023-01-09T14:35:06.002+0400] {processor.py:743} INFO - Processing file /Users/harut/opt/anaconda3/lib/python3.9/site-packages/airflow/example_dags/example_latest_only_with_trigger.py for tasks to queue
[2023-01-09T14:35:06.002+0400] {logging_mixin.py:137} INFO - [2023-01-09T14:35:06.002+0400] {dagbag.py:538} INFO - Filling up the DagBag from /Users/harut/opt/anaconda3/lib/python3.9/site-packages/airflow/example_dags/example_latest_only_with_trigger.py
[2023-01-09T14:35:06.019+0400] {processor.py:753} INFO - DAG(s) dict_keys(['latest_only_with_trigger']) retrieved from /Users/harut/opt/anaconda3/lib/python3.9/site-packages/airflow/example_dags/example_latest_only_with_trigger.py
[2023-01-09T14:35:06.384+0400] {logging_mixin.py:137} INFO - [2023-01-09T14:35:06.384+0400] {dag.py:2676} INFO - Sync 1 DAGs
[2023-01-09T14:35:06.393+0400] {logging_mixin.py:137} INFO - [2023-01-09T14:35:06.393+0400] {dag.py:3423} INFO - Setting next_dagrun for latest_only_with_trigger to 2023-01-09T06:35:06.393587+00:00, run_after=2023-01-09T10:35:06.393587+00:00
[2023-01-09T14:35:06.403+0400] {processor.py:175} INFO - Processing /Users/harut/opt/anaconda3/lib/python3.9/site-packages/airflow/example_dags/example_latest_only_with_trigger.py took 0.401 seconds
[2023-01-09T14:36:23.215+0400] {processor.py:153} INFO - Started process (PID=13106) to work on /Users/harut/opt/anaconda3/lib/python3.9/site-packages/airflow/example_dags/example_latest_only_with_trigger.py
[2023-01-09T14:36:23.216+0400] {processor.py:743} INFO - Processing file /Users/harut/opt/anaconda3/lib/python3.9/site-packages/airflow/example_dags/example_latest_only_with_trigger.py for tasks to queue
[2023-01-09T14:36:23.216+0400] {logging_mixin.py:137} INFO - [2023-01-09T14:36:23.216+0400] {dagbag.py:538} INFO - Filling up the DagBag from /Users/harut/opt/anaconda3/lib/python3.9/site-packages/airflow/example_dags/example_latest_only_with_trigger.py
[2023-01-09T14:36:23.233+0400] {processor.py:753} INFO - DAG(s) dict_keys(['latest_only_with_trigger']) retrieved from /Users/harut/opt/anaconda3/lib/python3.9/site-packages/airflow/example_dags/example_latest_only_with_trigger.py
[2023-01-09T14:36:23.604+0400] {logging_mixin.py:137} INFO - [2023-01-09T14:36:23.604+0400] {dag.py:2676} INFO - Sync 1 DAGs
[2023-01-09T14:36:23.613+0400] {logging_mixin.py:137} INFO - [2023-01-09T14:36:23.613+0400] {dag.py:3423} INFO - Setting next_dagrun for latest_only_with_trigger to 2023-01-09T06:36:23.613303+00:00, run_after=2023-01-09T10:36:23.613303+00:00
[2023-01-09T14:36:23.623+0400] {processor.py:175} INFO - Processing /Users/harut/opt/anaconda3/lib/python3.9/site-packages/airflow/example_dags/example_latest_only_with_trigger.py took 0.409 seconds
[2023-01-09T14:37:40.669+0400] {processor.py:153} INFO - Started process (PID=13147) to work on /Users/harut/opt/anaconda3/lib/python3.9/site-packages/airflow/example_dags/example_latest_only_with_trigger.py
[2023-01-09T14:37:40.669+0400] {processor.py:743} INFO - Processing file /Users/harut/opt/anaconda3/lib/python3.9/site-packages/airflow/example_dags/example_latest_only_with_trigger.py for tasks to queue
[2023-01-09T14:37:40.670+0400] {logging_mixin.py:137} INFO - [2023-01-09T14:37:40.669+0400] {dagbag.py:538} INFO - Filling up the DagBag from /Users/harut/opt/anaconda3/lib/python3.9/site-packages/airflow/example_dags/example_latest_only_with_trigger.py
[2023-01-09T14:37:40.686+0400] {processor.py:753} INFO - DAG(s) dict_keys(['latest_only_with_trigger']) retrieved from /Users/harut/opt/anaconda3/lib/python3.9/site-packages/airflow/example_dags/example_latest_only_with_trigger.py
[2023-01-09T14:37:41.051+0400] {logging_mixin.py:137} INFO - [2023-01-09T14:37:41.051+0400] {dag.py:2676} INFO - Sync 1 DAGs
[2023-01-09T14:37:41.060+0400] {logging_mixin.py:137} INFO - [2023-01-09T14:37:41.060+0400] {dag.py:3423} INFO - Setting next_dagrun for latest_only_with_trigger to 2023-01-09T06:37:41.059910+00:00, run_after=2023-01-09T10:37:41.059910+00:00
[2023-01-09T14:37:41.069+0400] {processor.py:175} INFO - Processing /Users/harut/opt/anaconda3/lib/python3.9/site-packages/airflow/example_dags/example_latest_only_with_trigger.py took 0.401 seconds
[2023-01-09T14:38:57.152+0400] {processor.py:153} INFO - Started process (PID=13192) to work on /Users/harut/opt/anaconda3/lib/python3.9/site-packages/airflow/example_dags/example_latest_only_with_trigger.py
[2023-01-09T14:38:57.152+0400] {processor.py:743} INFO - Processing file /Users/harut/opt/anaconda3/lib/python3.9/site-packages/airflow/example_dags/example_latest_only_with_trigger.py for tasks to queue
[2023-01-09T14:38:57.152+0400] {logging_mixin.py:137} INFO - [2023-01-09T14:38:57.152+0400] {dagbag.py:538} INFO - Filling up the DagBag from /Users/harut/opt/anaconda3/lib/python3.9/site-packages/airflow/example_dags/example_latest_only_with_trigger.py
[2023-01-09T14:38:57.168+0400] {processor.py:753} INFO - DAG(s) dict_keys(['latest_only_with_trigger']) retrieved from /Users/harut/opt/anaconda3/lib/python3.9/site-packages/airflow/example_dags/example_latest_only_with_trigger.py
[2023-01-09T14:38:57.556+0400] {logging_mixin.py:137} INFO - [2023-01-09T14:38:57.555+0400] {dag.py:2676} INFO - Sync 1 DAGs
[2023-01-09T14:38:57.565+0400] {logging_mixin.py:137} INFO - [2023-01-09T14:38:57.565+0400] {dag.py:3423} INFO - Setting next_dagrun for latest_only_with_trigger to 2023-01-09T06:38:57.565417+00:00, run_after=2023-01-09T10:38:57.565417+00:00
[2023-01-09T14:38:57.576+0400] {processor.py:175} INFO - Processing /Users/harut/opt/anaconda3/lib/python3.9/site-packages/airflow/example_dags/example_latest_only_with_trigger.py took 0.424 seconds
[2023-01-09T14:40:13.949+0400] {processor.py:153} INFO - Started process (PID=13236) to work on /Users/harut/opt/anaconda3/lib/python3.9/site-packages/airflow/example_dags/example_latest_only_with_trigger.py
[2023-01-09T14:40:13.950+0400] {processor.py:743} INFO - Processing file /Users/harut/opt/anaconda3/lib/python3.9/site-packages/airflow/example_dags/example_latest_only_with_trigger.py for tasks to queue
[2023-01-09T14:40:13.950+0400] {logging_mixin.py:137} INFO - [2023-01-09T14:40:13.950+0400] {dagbag.py:538} INFO - Filling up the DagBag from /Users/harut/opt/anaconda3/lib/python3.9/site-packages/airflow/example_dags/example_latest_only_with_trigger.py
[2023-01-09T14:40:13.967+0400] {processor.py:753} INFO - DAG(s) dict_keys(['latest_only_with_trigger']) retrieved from /Users/harut/opt/anaconda3/lib/python3.9/site-packages/airflow/example_dags/example_latest_only_with_trigger.py
[2023-01-09T14:40:14.348+0400] {logging_mixin.py:137} INFO - [2023-01-09T14:40:14.348+0400] {dag.py:2676} INFO - Sync 1 DAGs
[2023-01-09T14:40:14.358+0400] {logging_mixin.py:137} INFO - [2023-01-09T14:40:14.357+0400] {dag.py:3423} INFO - Setting next_dagrun for latest_only_with_trigger to 2023-01-09T06:40:14.357870+00:00, run_after=2023-01-09T10:40:14.357870+00:00
[2023-01-09T14:40:14.367+0400] {processor.py:175} INFO - Processing /Users/harut/opt/anaconda3/lib/python3.9/site-packages/airflow/example_dags/example_latest_only_with_trigger.py took 0.418 seconds
[2023-01-09T14:41:29.589+0400] {processor.py:153} INFO - Started process (PID=13282) to work on /Users/harut/opt/anaconda3/lib/python3.9/site-packages/airflow/example_dags/example_latest_only_with_trigger.py
[2023-01-09T14:41:29.590+0400] {processor.py:743} INFO - Processing file /Users/harut/opt/anaconda3/lib/python3.9/site-packages/airflow/example_dags/example_latest_only_with_trigger.py for tasks to queue
[2023-01-09T14:41:29.590+0400] {logging_mixin.py:137} INFO - [2023-01-09T14:41:29.590+0400] {dagbag.py:538} INFO - Filling up the DagBag from /Users/harut/opt/anaconda3/lib/python3.9/site-packages/airflow/example_dags/example_latest_only_with_trigger.py
[2023-01-09T14:41:29.607+0400] {processor.py:753} INFO - DAG(s) dict_keys(['latest_only_with_trigger']) retrieved from /Users/harut/opt/anaconda3/lib/python3.9/site-packages/airflow/example_dags/example_latest_only_with_trigger.py
[2023-01-09T14:41:29.978+0400] {logging_mixin.py:137} INFO - [2023-01-09T14:41:29.978+0400] {dag.py:2676} INFO - Sync 1 DAGs
[2023-01-09T14:41:29.987+0400] {logging_mixin.py:137} INFO - [2023-01-09T14:41:29.987+0400] {dag.py:3423} INFO - Setting next_dagrun for latest_only_with_trigger to 2023-01-09T06:41:29.987667+00:00, run_after=2023-01-09T10:41:29.987667+00:00
[2023-01-09T14:41:29.997+0400] {processor.py:175} INFO - Processing /Users/harut/opt/anaconda3/lib/python3.9/site-packages/airflow/example_dags/example_latest_only_with_trigger.py took 0.408 seconds
[2023-01-09T14:42:45.571+0400] {processor.py:153} INFO - Started process (PID=13327) to work on /Users/harut/opt/anaconda3/lib/python3.9/site-packages/airflow/example_dags/example_latest_only_with_trigger.py
[2023-01-09T14:42:45.571+0400] {processor.py:743} INFO - Processing file /Users/harut/opt/anaconda3/lib/python3.9/site-packages/airflow/example_dags/example_latest_only_with_trigger.py for tasks to queue
[2023-01-09T14:42:45.571+0400] {logging_mixin.py:137} INFO - [2023-01-09T14:42:45.571+0400] {dagbag.py:538} INFO - Filling up the DagBag from /Users/harut/opt/anaconda3/lib/python3.9/site-packages/airflow/example_dags/example_latest_only_with_trigger.py
[2023-01-09T14:42:45.587+0400] {processor.py:753} INFO - DAG(s) dict_keys(['latest_only_with_trigger']) retrieved from /Users/harut/opt/anaconda3/lib/python3.9/site-packages/airflow/example_dags/example_latest_only_with_trigger.py
[2023-01-09T14:42:45.957+0400] {logging_mixin.py:137} INFO - [2023-01-09T14:42:45.957+0400] {dag.py:2676} INFO - Sync 1 DAGs
[2023-01-09T14:42:45.966+0400] {logging_mixin.py:137} INFO - [2023-01-09T14:42:45.966+0400] {dag.py:3423} INFO - Setting next_dagrun for latest_only_with_trigger to 2023-01-09T06:42:45.966599+00:00, run_after=2023-01-09T10:42:45.966599+00:00
[2023-01-09T14:42:45.976+0400] {processor.py:175} INFO - Processing /Users/harut/opt/anaconda3/lib/python3.9/site-packages/airflow/example_dags/example_latest_only_with_trigger.py took 0.406 seconds
[2023-01-09T14:44:05.234+0400] {processor.py:153} INFO - Started process (PID=13371) to work on /Users/harut/opt/anaconda3/lib/python3.9/site-packages/airflow/example_dags/example_latest_only_with_trigger.py
[2023-01-09T14:44:05.235+0400] {processor.py:743} INFO - Processing file /Users/harut/opt/anaconda3/lib/python3.9/site-packages/airflow/example_dags/example_latest_only_with_trigger.py for tasks to queue
[2023-01-09T14:44:05.235+0400] {logging_mixin.py:137} INFO - [2023-01-09T14:44:05.235+0400] {dagbag.py:538} INFO - Filling up the DagBag from /Users/harut/opt/anaconda3/lib/python3.9/site-packages/airflow/example_dags/example_latest_only_with_trigger.py
[2023-01-09T14:44:05.252+0400] {processor.py:753} INFO - DAG(s) dict_keys(['latest_only_with_trigger']) retrieved from /Users/harut/opt/anaconda3/lib/python3.9/site-packages/airflow/example_dags/example_latest_only_with_trigger.py
[2023-01-09T14:44:05.650+0400] {logging_mixin.py:137} INFO - [2023-01-09T14:44:05.650+0400] {dag.py:2676} INFO - Sync 1 DAGs
[2023-01-09T14:44:05.659+0400] {logging_mixin.py:137} INFO - [2023-01-09T14:44:05.659+0400] {dag.py:3423} INFO - Setting next_dagrun for latest_only_with_trigger to 2023-01-09T06:44:05.659760+00:00, run_after=2023-01-09T10:44:05.659760+00:00
[2023-01-09T14:44:05.670+0400] {processor.py:175} INFO - Processing /Users/harut/opt/anaconda3/lib/python3.9/site-packages/airflow/example_dags/example_latest_only_with_trigger.py took 0.436 seconds
[2023-01-09T14:45:23.378+0400] {processor.py:153} INFO - Started process (PID=13417) to work on /Users/harut/opt/anaconda3/lib/python3.9/site-packages/airflow/example_dags/example_latest_only_with_trigger.py
[2023-01-09T14:45:23.379+0400] {processor.py:743} INFO - Processing file /Users/harut/opt/anaconda3/lib/python3.9/site-packages/airflow/example_dags/example_latest_only_with_trigger.py for tasks to queue
[2023-01-09T14:45:23.379+0400] {logging_mixin.py:137} INFO - [2023-01-09T14:45:23.379+0400] {dagbag.py:538} INFO - Filling up the DagBag from /Users/harut/opt/anaconda3/lib/python3.9/site-packages/airflow/example_dags/example_latest_only_with_trigger.py
[2023-01-09T14:45:23.396+0400] {processor.py:753} INFO - DAG(s) dict_keys(['latest_only_with_trigger']) retrieved from /Users/harut/opt/anaconda3/lib/python3.9/site-packages/airflow/example_dags/example_latest_only_with_trigger.py
[2023-01-09T14:45:23.766+0400] {logging_mixin.py:137} INFO - [2023-01-09T14:45:23.765+0400] {dag.py:2676} INFO - Sync 1 DAGs
[2023-01-09T14:45:23.774+0400] {logging_mixin.py:137} INFO - [2023-01-09T14:45:23.774+0400] {dag.py:3423} INFO - Setting next_dagrun for latest_only_with_trigger to 2023-01-09T06:45:23.774807+00:00, run_after=2023-01-09T10:45:23.774807+00:00
[2023-01-09T14:45:23.784+0400] {processor.py:175} INFO - Processing /Users/harut/opt/anaconda3/lib/python3.9/site-packages/airflow/example_dags/example_latest_only_with_trigger.py took 0.406 seconds
[2023-01-09T14:46:42.051+0400] {processor.py:153} INFO - Started process (PID=13466) to work on /Users/harut/opt/anaconda3/lib/python3.9/site-packages/airflow/example_dags/example_latest_only_with_trigger.py
[2023-01-09T14:46:42.052+0400] {processor.py:743} INFO - Processing file /Users/harut/opt/anaconda3/lib/python3.9/site-packages/airflow/example_dags/example_latest_only_with_trigger.py for tasks to queue
[2023-01-09T14:46:42.052+0400] {logging_mixin.py:137} INFO - [2023-01-09T14:46:42.052+0400] {dagbag.py:538} INFO - Filling up the DagBag from /Users/harut/opt/anaconda3/lib/python3.9/site-packages/airflow/example_dags/example_latest_only_with_trigger.py
[2023-01-09T14:46:42.069+0400] {processor.py:753} INFO - DAG(s) dict_keys(['latest_only_with_trigger']) retrieved from /Users/harut/opt/anaconda3/lib/python3.9/site-packages/airflow/example_dags/example_latest_only_with_trigger.py
[2023-01-09T14:46:42.467+0400] {logging_mixin.py:137} INFO - [2023-01-09T14:46:42.467+0400] {dag.py:2676} INFO - Sync 1 DAGs
[2023-01-09T14:46:42.478+0400] {logging_mixin.py:137} INFO - [2023-01-09T14:46:42.478+0400] {dag.py:3423} INFO - Setting next_dagrun for latest_only_with_trigger to 2023-01-09T06:46:42.478196+00:00, run_after=2023-01-09T10:46:42.478196+00:00
[2023-01-09T14:46:42.489+0400] {processor.py:175} INFO - Processing /Users/harut/opt/anaconda3/lib/python3.9/site-packages/airflow/example_dags/example_latest_only_with_trigger.py took 0.438 seconds
[2023-01-09T14:48:02.226+0400] {processor.py:153} INFO - Started process (PID=13521) to work on /Users/harut/opt/anaconda3/lib/python3.9/site-packages/airflow/example_dags/example_latest_only_with_trigger.py
[2023-01-09T14:48:02.226+0400] {processor.py:743} INFO - Processing file /Users/harut/opt/anaconda3/lib/python3.9/site-packages/airflow/example_dags/example_latest_only_with_trigger.py for tasks to queue
[2023-01-09T14:48:02.226+0400] {logging_mixin.py:137} INFO - [2023-01-09T14:48:02.226+0400] {dagbag.py:538} INFO - Filling up the DagBag from /Users/harut/opt/anaconda3/lib/python3.9/site-packages/airflow/example_dags/example_latest_only_with_trigger.py
[2023-01-09T14:48:02.243+0400] {processor.py:753} INFO - DAG(s) dict_keys(['latest_only_with_trigger']) retrieved from /Users/harut/opt/anaconda3/lib/python3.9/site-packages/airflow/example_dags/example_latest_only_with_trigger.py
[2023-01-09T14:48:02.620+0400] {logging_mixin.py:137} INFO - [2023-01-09T14:48:02.620+0400] {dag.py:2676} INFO - Sync 1 DAGs
[2023-01-09T14:48:02.630+0400] {logging_mixin.py:137} INFO - [2023-01-09T14:48:02.629+0400] {dag.py:3423} INFO - Setting next_dagrun for latest_only_with_trigger to 2023-01-09T06:48:02.629855+00:00, run_after=2023-01-09T10:48:02.629855+00:00
[2023-01-09T14:48:02.640+0400] {processor.py:175} INFO - Processing /Users/harut/opt/anaconda3/lib/python3.9/site-packages/airflow/example_dags/example_latest_only_with_trigger.py took 0.415 seconds
[2023-01-09T14:49:25.099+0400] {processor.py:153} INFO - Started process (PID=13566) to work on /Users/harut/opt/anaconda3/lib/python3.9/site-packages/airflow/example_dags/example_latest_only_with_trigger.py
[2023-01-09T14:49:25.100+0400] {processor.py:743} INFO - Processing file /Users/harut/opt/anaconda3/lib/python3.9/site-packages/airflow/example_dags/example_latest_only_with_trigger.py for tasks to queue
[2023-01-09T14:49:25.100+0400] {logging_mixin.py:137} INFO - [2023-01-09T14:49:25.100+0400] {dagbag.py:538} INFO - Filling up the DagBag from /Users/harut/opt/anaconda3/lib/python3.9/site-packages/airflow/example_dags/example_latest_only_with_trigger.py
[2023-01-09T14:49:25.117+0400] {processor.py:753} INFO - DAG(s) dict_keys(['latest_only_with_trigger']) retrieved from /Users/harut/opt/anaconda3/lib/python3.9/site-packages/airflow/example_dags/example_latest_only_with_trigger.py
[2023-01-09T14:49:25.505+0400] {logging_mixin.py:137} INFO - [2023-01-09T14:49:25.505+0400] {dag.py:2676} INFO - Sync 1 DAGs
[2023-01-09T14:49:25.514+0400] {logging_mixin.py:137} INFO - [2023-01-09T14:49:25.514+0400] {dag.py:3423} INFO - Setting next_dagrun for latest_only_with_trigger to 2023-01-09T06:49:25.514485+00:00, run_after=2023-01-09T10:49:25.514485+00:00
[2023-01-09T14:49:25.524+0400] {processor.py:175} INFO - Processing /Users/harut/opt/anaconda3/lib/python3.9/site-packages/airflow/example_dags/example_latest_only_with_trigger.py took 0.424 seconds
[2023-01-09T14:50:45.309+0400] {processor.py:153} INFO - Started process (PID=13617) to work on /Users/harut/opt/anaconda3/lib/python3.9/site-packages/airflow/example_dags/example_latest_only_with_trigger.py
[2023-01-09T14:50:45.309+0400] {processor.py:743} INFO - Processing file /Users/harut/opt/anaconda3/lib/python3.9/site-packages/airflow/example_dags/example_latest_only_with_trigger.py for tasks to queue
[2023-01-09T14:50:45.310+0400] {logging_mixin.py:137} INFO - [2023-01-09T14:50:45.310+0400] {dagbag.py:538} INFO - Filling up the DagBag from /Users/harut/opt/anaconda3/lib/python3.9/site-packages/airflow/example_dags/example_latest_only_with_trigger.py
[2023-01-09T14:50:45.326+0400] {processor.py:753} INFO - DAG(s) dict_keys(['latest_only_with_trigger']) retrieved from /Users/harut/opt/anaconda3/lib/python3.9/site-packages/airflow/example_dags/example_latest_only_with_trigger.py
[2023-01-09T14:50:45.700+0400] {logging_mixin.py:137} INFO - [2023-01-09T14:50:45.700+0400] {dag.py:2676} INFO - Sync 1 DAGs
[2023-01-09T14:50:45.709+0400] {logging_mixin.py:137} INFO - [2023-01-09T14:50:45.708+0400] {dag.py:3423} INFO - Setting next_dagrun for latest_only_with_trigger to 2023-01-09T06:50:45.708901+00:00, run_after=2023-01-09T10:50:45.708901+00:00
[2023-01-09T14:50:45.718+0400] {processor.py:175} INFO - Processing /Users/harut/opt/anaconda3/lib/python3.9/site-packages/airflow/example_dags/example_latest_only_with_trigger.py took 0.409 seconds
[2023-01-09T14:52:06.926+0400] {processor.py:153} INFO - Started process (PID=13666) to work on /Users/harut/opt/anaconda3/lib/python3.9/site-packages/airflow/example_dags/example_latest_only_with_trigger.py
[2023-01-09T14:52:06.926+0400] {processor.py:743} INFO - Processing file /Users/harut/opt/anaconda3/lib/python3.9/site-packages/airflow/example_dags/example_latest_only_with_trigger.py for tasks to queue
[2023-01-09T14:52:06.926+0400] {logging_mixin.py:137} INFO - [2023-01-09T14:52:06.926+0400] {dagbag.py:538} INFO - Filling up the DagBag from /Users/harut/opt/anaconda3/lib/python3.9/site-packages/airflow/example_dags/example_latest_only_with_trigger.py
[2023-01-09T14:52:06.943+0400] {processor.py:753} INFO - DAG(s) dict_keys(['latest_only_with_trigger']) retrieved from /Users/harut/opt/anaconda3/lib/python3.9/site-packages/airflow/example_dags/example_latest_only_with_trigger.py
[2023-01-09T14:52:07.313+0400] {logging_mixin.py:137} INFO - [2023-01-09T14:52:07.313+0400] {dag.py:2676} INFO - Sync 1 DAGs
[2023-01-09T14:52:07.322+0400] {logging_mixin.py:137} INFO - [2023-01-09T14:52:07.322+0400] {dag.py:3423} INFO - Setting next_dagrun for latest_only_with_trigger to 2023-01-09T06:52:07.322738+00:00, run_after=2023-01-09T10:52:07.322738+00:00
[2023-01-09T14:52:07.332+0400] {processor.py:175} INFO - Processing /Users/harut/opt/anaconda3/lib/python3.9/site-packages/airflow/example_dags/example_latest_only_with_trigger.py took 0.407 seconds
[2023-01-09T14:53:25.074+0400] {processor.py:153} INFO - Started process (PID=13706) to work on /Users/harut/opt/anaconda3/lib/python3.9/site-packages/airflow/example_dags/example_latest_only_with_trigger.py
[2023-01-09T14:53:25.074+0400] {processor.py:743} INFO - Processing file /Users/harut/opt/anaconda3/lib/python3.9/site-packages/airflow/example_dags/example_latest_only_with_trigger.py for tasks to queue
[2023-01-09T14:53:25.075+0400] {logging_mixin.py:137} INFO - [2023-01-09T14:53:25.075+0400] {dagbag.py:538} INFO - Filling up the DagBag from /Users/harut/opt/anaconda3/lib/python3.9/site-packages/airflow/example_dags/example_latest_only_with_trigger.py
[2023-01-09T14:53:25.091+0400] {processor.py:753} INFO - DAG(s) dict_keys(['latest_only_with_trigger']) retrieved from /Users/harut/opt/anaconda3/lib/python3.9/site-packages/airflow/example_dags/example_latest_only_with_trigger.py
[2023-01-09T14:53:25.472+0400] {logging_mixin.py:137} INFO - [2023-01-09T14:53:25.472+0400] {dag.py:2676} INFO - Sync 1 DAGs
[2023-01-09T14:53:25.481+0400] {logging_mixin.py:137} INFO - [2023-01-09T14:53:25.481+0400] {dag.py:3423} INFO - Setting next_dagrun for latest_only_with_trigger to 2023-01-09T06:53:25.481351+00:00, run_after=2023-01-09T10:53:25.481351+00:00
[2023-01-09T14:53:25.490+0400] {processor.py:175} INFO - Processing /Users/harut/opt/anaconda3/lib/python3.9/site-packages/airflow/example_dags/example_latest_only_with_trigger.py took 0.417 seconds
[2023-01-09T14:54:48.081+0400] {processor.py:153} INFO - Started process (PID=13754) to work on /Users/harut/opt/anaconda3/lib/python3.9/site-packages/airflow/example_dags/example_latest_only_with_trigger.py
[2023-01-09T14:54:48.081+0400] {processor.py:743} INFO - Processing file /Users/harut/opt/anaconda3/lib/python3.9/site-packages/airflow/example_dags/example_latest_only_with_trigger.py for tasks to queue
[2023-01-09T14:54:48.082+0400] {logging_mixin.py:137} INFO - [2023-01-09T14:54:48.082+0400] {dagbag.py:538} INFO - Filling up the DagBag from /Users/harut/opt/anaconda3/lib/python3.9/site-packages/airflow/example_dags/example_latest_only_with_trigger.py
[2023-01-09T14:54:48.100+0400] {processor.py:753} INFO - DAG(s) dict_keys(['latest_only_with_trigger']) retrieved from /Users/harut/opt/anaconda3/lib/python3.9/site-packages/airflow/example_dags/example_latest_only_with_trigger.py
[2023-01-09T14:54:48.574+0400] {logging_mixin.py:137} INFO - [2023-01-09T14:54:48.574+0400] {dag.py:2676} INFO - Sync 1 DAGs
[2023-01-09T14:54:48.585+0400] {logging_mixin.py:137} INFO - [2023-01-09T14:54:48.585+0400] {dag.py:3423} INFO - Setting next_dagrun for latest_only_with_trigger to 2023-01-09T06:54:48.585061+00:00, run_after=2023-01-09T10:54:48.585061+00:00
[2023-01-09T14:54:48.596+0400] {processor.py:175} INFO - Processing /Users/harut/opt/anaconda3/lib/python3.9/site-packages/airflow/example_dags/example_latest_only_with_trigger.py took 0.515 seconds
[2023-01-09T14:56:09.089+0400] {processor.py:153} INFO - Started process (PID=13799) to work on /Users/harut/opt/anaconda3/lib/python3.9/site-packages/airflow/example_dags/example_latest_only_with_trigger.py
[2023-01-09T14:56:09.089+0400] {processor.py:743} INFO - Processing file /Users/harut/opt/anaconda3/lib/python3.9/site-packages/airflow/example_dags/example_latest_only_with_trigger.py for tasks to queue
[2023-01-09T14:56:09.089+0400] {logging_mixin.py:137} INFO - [2023-01-09T14:56:09.089+0400] {dagbag.py:538} INFO - Filling up the DagBag from /Users/harut/opt/anaconda3/lib/python3.9/site-packages/airflow/example_dags/example_latest_only_with_trigger.py
[2023-01-09T14:56:09.106+0400] {processor.py:753} INFO - DAG(s) dict_keys(['latest_only_with_trigger']) retrieved from /Users/harut/opt/anaconda3/lib/python3.9/site-packages/airflow/example_dags/example_latest_only_with_trigger.py
[2023-01-09T14:56:09.480+0400] {logging_mixin.py:137} INFO - [2023-01-09T14:56:09.480+0400] {dag.py:2676} INFO - Sync 1 DAGs
[2023-01-09T14:56:09.489+0400] {logging_mixin.py:137} INFO - [2023-01-09T14:56:09.489+0400] {dag.py:3423} INFO - Setting next_dagrun for latest_only_with_trigger to 2023-01-09T06:56:09.488968+00:00, run_after=2023-01-09T10:56:09.488968+00:00
[2023-01-09T14:56:09.498+0400] {processor.py:175} INFO - Processing /Users/harut/opt/anaconda3/lib/python3.9/site-packages/airflow/example_dags/example_latest_only_with_trigger.py took 0.409 seconds
[2023-01-09T14:57:32.103+0400] {processor.py:153} INFO - Started process (PID=13845) to work on /Users/harut/opt/anaconda3/lib/python3.9/site-packages/airflow/example_dags/example_latest_only_with_trigger.py
[2023-01-09T14:57:32.104+0400] {processor.py:743} INFO - Processing file /Users/harut/opt/anaconda3/lib/python3.9/site-packages/airflow/example_dags/example_latest_only_with_trigger.py for tasks to queue
[2023-01-09T14:57:32.104+0400] {logging_mixin.py:137} INFO - [2023-01-09T14:57:32.104+0400] {dagbag.py:538} INFO - Filling up the DagBag from /Users/harut/opt/anaconda3/lib/python3.9/site-packages/airflow/example_dags/example_latest_only_with_trigger.py
[2023-01-09T14:57:32.120+0400] {processor.py:753} INFO - DAG(s) dict_keys(['latest_only_with_trigger']) retrieved from /Users/harut/opt/anaconda3/lib/python3.9/site-packages/airflow/example_dags/example_latest_only_with_trigger.py
[2023-01-09T14:57:32.489+0400] {logging_mixin.py:137} INFO - [2023-01-09T14:57:32.489+0400] {dag.py:2676} INFO - Sync 1 DAGs
[2023-01-09T14:57:32.497+0400] {logging_mixin.py:137} INFO - [2023-01-09T14:57:32.497+0400] {dag.py:3423} INFO - Setting next_dagrun for latest_only_with_trigger to 2023-01-09T06:57:32.497816+00:00, run_after=2023-01-09T10:57:32.497816+00:00
[2023-01-09T14:57:32.507+0400] {processor.py:175} INFO - Processing /Users/harut/opt/anaconda3/lib/python3.9/site-packages/airflow/example_dags/example_latest_only_with_trigger.py took 0.404 seconds
[2023-01-09T14:58:53.207+0400] {processor.py:153} INFO - Started process (PID=13890) to work on /Users/harut/opt/anaconda3/lib/python3.9/site-packages/airflow/example_dags/example_latest_only_with_trigger.py
[2023-01-09T14:58:53.208+0400] {processor.py:743} INFO - Processing file /Users/harut/opt/anaconda3/lib/python3.9/site-packages/airflow/example_dags/example_latest_only_with_trigger.py for tasks to queue
[2023-01-09T14:58:53.208+0400] {logging_mixin.py:137} INFO - [2023-01-09T14:58:53.208+0400] {dagbag.py:538} INFO - Filling up the DagBag from /Users/harut/opt/anaconda3/lib/python3.9/site-packages/airflow/example_dags/example_latest_only_with_trigger.py
[2023-01-09T14:58:53.224+0400] {processor.py:753} INFO - DAG(s) dict_keys(['latest_only_with_trigger']) retrieved from /Users/harut/opt/anaconda3/lib/python3.9/site-packages/airflow/example_dags/example_latest_only_with_trigger.py
[2023-01-09T14:58:53.598+0400] {logging_mixin.py:137} INFO - [2023-01-09T14:58:53.597+0400] {dag.py:2676} INFO - Sync 1 DAGs
[2023-01-09T14:58:53.606+0400] {logging_mixin.py:137} INFO - [2023-01-09T14:58:53.606+0400] {dag.py:3423} INFO - Setting next_dagrun for latest_only_with_trigger to 2023-01-09T06:58:53.606231+00:00, run_after=2023-01-09T10:58:53.606231+00:00
[2023-01-09T14:58:53.615+0400] {processor.py:175} INFO - Processing /Users/harut/opt/anaconda3/lib/python3.9/site-packages/airflow/example_dags/example_latest_only_with_trigger.py took 0.408 seconds
[2023-01-09T15:00:13.594+0400] {processor.py:153} INFO - Started process (PID=13932) to work on /Users/harut/opt/anaconda3/lib/python3.9/site-packages/airflow/example_dags/example_latest_only_with_trigger.py
[2023-01-09T15:00:13.595+0400] {processor.py:743} INFO - Processing file /Users/harut/opt/anaconda3/lib/python3.9/site-packages/airflow/example_dags/example_latest_only_with_trigger.py for tasks to queue
[2023-01-09T15:00:13.595+0400] {logging_mixin.py:137} INFO - [2023-01-09T15:00:13.595+0400] {dagbag.py:538} INFO - Filling up the DagBag from /Users/harut/opt/anaconda3/lib/python3.9/site-packages/airflow/example_dags/example_latest_only_with_trigger.py
[2023-01-09T15:00:13.611+0400] {processor.py:753} INFO - DAG(s) dict_keys(['latest_only_with_trigger']) retrieved from /Users/harut/opt/anaconda3/lib/python3.9/site-packages/airflow/example_dags/example_latest_only_with_trigger.py
[2023-01-09T15:00:14.013+0400] {logging_mixin.py:137} INFO - [2023-01-09T15:00:14.013+0400] {dag.py:2676} INFO - Sync 1 DAGs
[2023-01-09T15:00:14.023+0400] {logging_mixin.py:137} INFO - [2023-01-09T15:00:14.023+0400] {dag.py:3423} INFO - Setting next_dagrun for latest_only_with_trigger to 2023-01-09T07:00:14.023499+00:00, run_after=2023-01-09T11:00:14.023499+00:00
[2023-01-09T15:00:14.035+0400] {processor.py:175} INFO - Processing /Users/harut/opt/anaconda3/lib/python3.9/site-packages/airflow/example_dags/example_latest_only_with_trigger.py took 0.441 seconds
[2023-01-09T15:01:34.541+0400] {processor.py:153} INFO - Started process (PID=13979) to work on /Users/harut/opt/anaconda3/lib/python3.9/site-packages/airflow/example_dags/example_latest_only_with_trigger.py
[2023-01-09T15:01:34.541+0400] {processor.py:743} INFO - Processing file /Users/harut/opt/anaconda3/lib/python3.9/site-packages/airflow/example_dags/example_latest_only_with_trigger.py for tasks to queue
[2023-01-09T15:01:34.541+0400] {logging_mixin.py:137} INFO - [2023-01-09T15:01:34.541+0400] {dagbag.py:538} INFO - Filling up the DagBag from /Users/harut/opt/anaconda3/lib/python3.9/site-packages/airflow/example_dags/example_latest_only_with_trigger.py
[2023-01-09T15:01:34.559+0400] {processor.py:753} INFO - DAG(s) dict_keys(['latest_only_with_trigger']) retrieved from /Users/harut/opt/anaconda3/lib/python3.9/site-packages/airflow/example_dags/example_latest_only_with_trigger.py
[2023-01-09T15:01:34.972+0400] {logging_mixin.py:137} INFO - [2023-01-09T15:01:34.972+0400] {dag.py:2676} INFO - Sync 1 DAGs
[2023-01-09T15:01:34.981+0400] {logging_mixin.py:137} INFO - [2023-01-09T15:01:34.981+0400] {dag.py:3423} INFO - Setting next_dagrun for latest_only_with_trigger to 2023-01-09T07:01:34.981753+00:00, run_after=2023-01-09T11:01:34.981753+00:00
[2023-01-09T15:01:34.991+0400] {processor.py:175} INFO - Processing /Users/harut/opt/anaconda3/lib/python3.9/site-packages/airflow/example_dags/example_latest_only_with_trigger.py took 0.451 seconds
[2023-01-09T15:02:54.885+0400] {processor.py:153} INFO - Started process (PID=14024) to work on /Users/harut/opt/anaconda3/lib/python3.9/site-packages/airflow/example_dags/example_latest_only_with_trigger.py
[2023-01-09T15:02:54.886+0400] {processor.py:743} INFO - Processing file /Users/harut/opt/anaconda3/lib/python3.9/site-packages/airflow/example_dags/example_latest_only_with_trigger.py for tasks to queue
[2023-01-09T15:02:54.886+0400] {logging_mixin.py:137} INFO - [2023-01-09T15:02:54.886+0400] {dagbag.py:538} INFO - Filling up the DagBag from /Users/harut/opt/anaconda3/lib/python3.9/site-packages/airflow/example_dags/example_latest_only_with_trigger.py
[2023-01-09T15:02:54.904+0400] {processor.py:753} INFO - DAG(s) dict_keys(['latest_only_with_trigger']) retrieved from /Users/harut/opt/anaconda3/lib/python3.9/site-packages/airflow/example_dags/example_latest_only_with_trigger.py
[2023-01-09T15:02:55.309+0400] {logging_mixin.py:137} INFO - [2023-01-09T15:02:55.309+0400] {dag.py:2676} INFO - Sync 1 DAGs
[2023-01-09T15:02:55.319+0400] {logging_mixin.py:137} INFO - [2023-01-09T15:02:55.319+0400] {dag.py:3423} INFO - Setting next_dagrun for latest_only_with_trigger to 2023-01-09T07:02:55.319584+00:00, run_after=2023-01-09T11:02:55.319584+00:00
[2023-01-09T15:02:55.330+0400] {processor.py:175} INFO - Processing /Users/harut/opt/anaconda3/lib/python3.9/site-packages/airflow/example_dags/example_latest_only_with_trigger.py took 0.445 seconds
[2023-01-09T15:04:16.580+0400] {processor.py:153} INFO - Started process (PID=14071) to work on /Users/harut/opt/anaconda3/lib/python3.9/site-packages/airflow/example_dags/example_latest_only_with_trigger.py
[2023-01-09T15:04:16.581+0400] {processor.py:743} INFO - Processing file /Users/harut/opt/anaconda3/lib/python3.9/site-packages/airflow/example_dags/example_latest_only_with_trigger.py for tasks to queue
[2023-01-09T15:04:16.581+0400] {logging_mixin.py:137} INFO - [2023-01-09T15:04:16.581+0400] {dagbag.py:538} INFO - Filling up the DagBag from /Users/harut/opt/anaconda3/lib/python3.9/site-packages/airflow/example_dags/example_latest_only_with_trigger.py
[2023-01-09T15:04:16.597+0400] {processor.py:753} INFO - DAG(s) dict_keys(['latest_only_with_trigger']) retrieved from /Users/harut/opt/anaconda3/lib/python3.9/site-packages/airflow/example_dags/example_latest_only_with_trigger.py
[2023-01-09T15:04:16.970+0400] {logging_mixin.py:137} INFO - [2023-01-09T15:04:16.970+0400] {dag.py:2676} INFO - Sync 1 DAGs
[2023-01-09T15:04:16.979+0400] {logging_mixin.py:137} INFO - [2023-01-09T15:04:16.979+0400] {dag.py:3423} INFO - Setting next_dagrun for latest_only_with_trigger to 2023-01-09T07:04:16.979317+00:00, run_after=2023-01-09T11:04:16.979317+00:00
[2023-01-09T15:04:16.989+0400] {processor.py:175} INFO - Processing /Users/harut/opt/anaconda3/lib/python3.9/site-packages/airflow/example_dags/example_latest_only_with_trigger.py took 0.409 seconds
[2023-01-09T15:05:36.826+0400] {processor.py:153} INFO - Started process (PID=14118) to work on /Users/harut/opt/anaconda3/lib/python3.9/site-packages/airflow/example_dags/example_latest_only_with_trigger.py
[2023-01-09T15:05:36.827+0400] {processor.py:743} INFO - Processing file /Users/harut/opt/anaconda3/lib/python3.9/site-packages/airflow/example_dags/example_latest_only_with_trigger.py for tasks to queue
[2023-01-09T15:05:36.827+0400] {logging_mixin.py:137} INFO - [2023-01-09T15:05:36.827+0400] {dagbag.py:538} INFO - Filling up the DagBag from /Users/harut/opt/anaconda3/lib/python3.9/site-packages/airflow/example_dags/example_latest_only_with_trigger.py
[2023-01-09T15:05:36.844+0400] {processor.py:753} INFO - DAG(s) dict_keys(['latest_only_with_trigger']) retrieved from /Users/harut/opt/anaconda3/lib/python3.9/site-packages/airflow/example_dags/example_latest_only_with_trigger.py
[2023-01-09T15:05:37.221+0400] {logging_mixin.py:137} INFO - [2023-01-09T15:05:37.221+0400] {dag.py:2676} INFO - Sync 1 DAGs
[2023-01-09T15:05:37.230+0400] {logging_mixin.py:137} INFO - [2023-01-09T15:05:37.230+0400] {dag.py:3423} INFO - Setting next_dagrun for latest_only_with_trigger to 2023-01-09T07:05:37.230229+00:00, run_after=2023-01-09T11:05:37.230229+00:00
[2023-01-09T15:05:37.239+0400] {processor.py:175} INFO - Processing /Users/harut/opt/anaconda3/lib/python3.9/site-packages/airflow/example_dags/example_latest_only_with_trigger.py took 0.413 seconds
[2023-01-09T15:06:57.017+0400] {processor.py:153} INFO - Started process (PID=14160) to work on /Users/harut/opt/anaconda3/lib/python3.9/site-packages/airflow/example_dags/example_latest_only_with_trigger.py
[2023-01-09T15:06:57.017+0400] {processor.py:743} INFO - Processing file /Users/harut/opt/anaconda3/lib/python3.9/site-packages/airflow/example_dags/example_latest_only_with_trigger.py for tasks to queue
[2023-01-09T15:06:57.018+0400] {logging_mixin.py:137} INFO - [2023-01-09T15:06:57.018+0400] {dagbag.py:538} INFO - Filling up the DagBag from /Users/harut/opt/anaconda3/lib/python3.9/site-packages/airflow/example_dags/example_latest_only_with_trigger.py
[2023-01-09T15:06:57.036+0400] {processor.py:753} INFO - DAG(s) dict_keys(['latest_only_with_trigger']) retrieved from /Users/harut/opt/anaconda3/lib/python3.9/site-packages/airflow/example_dags/example_latest_only_with_trigger.py
[2023-01-09T15:06:57.411+0400] {logging_mixin.py:137} INFO - [2023-01-09T15:06:57.411+0400] {dag.py:2676} INFO - Sync 1 DAGs
[2023-01-09T15:06:57.420+0400] {logging_mixin.py:137} INFO - [2023-01-09T15:06:57.420+0400] {dag.py:3423} INFO - Setting next_dagrun for latest_only_with_trigger to 2023-01-09T07:06:57.420502+00:00, run_after=2023-01-09T11:06:57.420502+00:00
[2023-01-09T15:06:57.429+0400] {processor.py:175} INFO - Processing /Users/harut/opt/anaconda3/lib/python3.9/site-packages/airflow/example_dags/example_latest_only_with_trigger.py took 0.413 seconds
[2023-01-09T15:08:15.345+0400] {processor.py:153} INFO - Started process (PID=14203) to work on /Users/harut/opt/anaconda3/lib/python3.9/site-packages/airflow/example_dags/example_latest_only_with_trigger.py
[2023-01-09T15:08:15.345+0400] {processor.py:743} INFO - Processing file /Users/harut/opt/anaconda3/lib/python3.9/site-packages/airflow/example_dags/example_latest_only_with_trigger.py for tasks to queue
[2023-01-09T15:08:15.345+0400] {logging_mixin.py:137} INFO - [2023-01-09T15:08:15.345+0400] {dagbag.py:538} INFO - Filling up the DagBag from /Users/harut/opt/anaconda3/lib/python3.9/site-packages/airflow/example_dags/example_latest_only_with_trigger.py
[2023-01-09T15:08:15.362+0400] {processor.py:753} INFO - DAG(s) dict_keys(['latest_only_with_trigger']) retrieved from /Users/harut/opt/anaconda3/lib/python3.9/site-packages/airflow/example_dags/example_latest_only_with_trigger.py
[2023-01-09T15:08:15.729+0400] {logging_mixin.py:137} INFO - [2023-01-09T15:08:15.729+0400] {dag.py:2676} INFO - Sync 1 DAGs
[2023-01-09T15:08:15.738+0400] {logging_mixin.py:137} INFO - [2023-01-09T15:08:15.738+0400] {dag.py:3423} INFO - Setting next_dagrun for latest_only_with_trigger to 2023-01-09T07:08:15.737924+00:00, run_after=2023-01-09T11:08:15.737924+00:00
[2023-01-09T15:08:15.747+0400] {processor.py:175} INFO - Processing /Users/harut/opt/anaconda3/lib/python3.9/site-packages/airflow/example_dags/example_latest_only_with_trigger.py took 0.403 seconds
[2023-01-09T15:09:35.490+0400] {processor.py:153} INFO - Started process (PID=14249) to work on /Users/harut/opt/anaconda3/lib/python3.9/site-packages/airflow/example_dags/example_latest_only_with_trigger.py
[2023-01-09T15:09:35.491+0400] {processor.py:743} INFO - Processing file /Users/harut/opt/anaconda3/lib/python3.9/site-packages/airflow/example_dags/example_latest_only_with_trigger.py for tasks to queue
[2023-01-09T15:09:35.491+0400] {logging_mixin.py:137} INFO - [2023-01-09T15:09:35.491+0400] {dagbag.py:538} INFO - Filling up the DagBag from /Users/harut/opt/anaconda3/lib/python3.9/site-packages/airflow/example_dags/example_latest_only_with_trigger.py
[2023-01-09T15:09:35.507+0400] {processor.py:753} INFO - DAG(s) dict_keys(['latest_only_with_trigger']) retrieved from /Users/harut/opt/anaconda3/lib/python3.9/site-packages/airflow/example_dags/example_latest_only_with_trigger.py
[2023-01-09T15:09:35.899+0400] {logging_mixin.py:137} INFO - [2023-01-09T15:09:35.899+0400] {dag.py:2676} INFO - Sync 1 DAGs
[2023-01-09T15:09:35.909+0400] {logging_mixin.py:137} INFO - [2023-01-09T15:09:35.909+0400] {dag.py:3423} INFO - Setting next_dagrun for latest_only_with_trigger to 2023-01-09T07:09:35.909310+00:00, run_after=2023-01-09T11:09:35.909310+00:00
[2023-01-09T15:09:35.919+0400] {processor.py:175} INFO - Processing /Users/harut/opt/anaconda3/lib/python3.9/site-packages/airflow/example_dags/example_latest_only_with_trigger.py took 0.430 seconds
[2023-01-09T15:10:56.103+0400] {processor.py:153} INFO - Started process (PID=14295) to work on /Users/harut/opt/anaconda3/lib/python3.9/site-packages/airflow/example_dags/example_latest_only_with_trigger.py
[2023-01-09T15:10:56.104+0400] {processor.py:743} INFO - Processing file /Users/harut/opt/anaconda3/lib/python3.9/site-packages/airflow/example_dags/example_latest_only_with_trigger.py for tasks to queue
[2023-01-09T15:10:56.104+0400] {logging_mixin.py:137} INFO - [2023-01-09T15:10:56.104+0400] {dagbag.py:538} INFO - Filling up the DagBag from /Users/harut/opt/anaconda3/lib/python3.9/site-packages/airflow/example_dags/example_latest_only_with_trigger.py
[2023-01-09T15:10:56.122+0400] {processor.py:753} INFO - DAG(s) dict_keys(['latest_only_with_trigger']) retrieved from /Users/harut/opt/anaconda3/lib/python3.9/site-packages/airflow/example_dags/example_latest_only_with_trigger.py
[2023-01-09T15:10:56.533+0400] {logging_mixin.py:137} INFO - [2023-01-09T15:10:56.532+0400] {dag.py:2676} INFO - Sync 1 DAGs
[2023-01-09T15:10:56.543+0400] {logging_mixin.py:137} INFO - [2023-01-09T15:10:56.542+0400] {dag.py:3423} INFO - Setting next_dagrun for latest_only_with_trigger to 2023-01-09T07:10:56.542875+00:00, run_after=2023-01-09T11:10:56.542875+00:00
[2023-01-09T15:10:56.553+0400] {processor.py:175} INFO - Processing /Users/harut/opt/anaconda3/lib/python3.9/site-packages/airflow/example_dags/example_latest_only_with_trigger.py took 0.450 seconds
[2023-01-09T15:12:17.828+0400] {processor.py:153} INFO - Started process (PID=14347) to work on /Users/harut/opt/anaconda3/lib/python3.9/site-packages/airflow/example_dags/example_latest_only_with_trigger.py
[2023-01-09T15:12:17.829+0400] {processor.py:743} INFO - Processing file /Users/harut/opt/anaconda3/lib/python3.9/site-packages/airflow/example_dags/example_latest_only_with_trigger.py for tasks to queue
[2023-01-09T15:12:17.829+0400] {logging_mixin.py:137} INFO - [2023-01-09T15:12:17.829+0400] {dagbag.py:538} INFO - Filling up the DagBag from /Users/harut/opt/anaconda3/lib/python3.9/site-packages/airflow/example_dags/example_latest_only_with_trigger.py
[2023-01-09T15:12:17.845+0400] {processor.py:753} INFO - DAG(s) dict_keys(['latest_only_with_trigger']) retrieved from /Users/harut/opt/anaconda3/lib/python3.9/site-packages/airflow/example_dags/example_latest_only_with_trigger.py
[2023-01-09T15:12:18.237+0400] {logging_mixin.py:137} INFO - [2023-01-09T15:12:18.237+0400] {dag.py:2676} INFO - Sync 1 DAGs
[2023-01-09T15:12:18.246+0400] {logging_mixin.py:137} INFO - [2023-01-09T15:12:18.246+0400] {dag.py:3423} INFO - Setting next_dagrun for latest_only_with_trigger to 2023-01-09T07:12:18.246282+00:00, run_after=2023-01-09T11:12:18.246282+00:00
[2023-01-09T15:12:18.255+0400] {processor.py:175} INFO - Processing /Users/harut/opt/anaconda3/lib/python3.9/site-packages/airflow/example_dags/example_latest_only_with_trigger.py took 0.427 seconds
[2023-01-09T15:13:41.789+0400] {processor.py:153} INFO - Started process (PID=14391) to work on /Users/harut/opt/anaconda3/lib/python3.9/site-packages/airflow/example_dags/example_latest_only_with_trigger.py
[2023-01-09T15:13:41.789+0400] {processor.py:743} INFO - Processing file /Users/harut/opt/anaconda3/lib/python3.9/site-packages/airflow/example_dags/example_latest_only_with_trigger.py for tasks to queue
[2023-01-09T15:13:41.790+0400] {logging_mixin.py:137} INFO - [2023-01-09T15:13:41.790+0400] {dagbag.py:538} INFO - Filling up the DagBag from /Users/harut/opt/anaconda3/lib/python3.9/site-packages/airflow/example_dags/example_latest_only_with_trigger.py
[2023-01-09T15:13:41.807+0400] {processor.py:753} INFO - DAG(s) dict_keys(['latest_only_with_trigger']) retrieved from /Users/harut/opt/anaconda3/lib/python3.9/site-packages/airflow/example_dags/example_latest_only_with_trigger.py
[2023-01-09T15:13:42.227+0400] {logging_mixin.py:137} INFO - [2023-01-09T15:13:42.227+0400] {dag.py:2676} INFO - Sync 1 DAGs
[2023-01-09T15:13:42.239+0400] {logging_mixin.py:137} INFO - [2023-01-09T15:13:42.239+0400] {dag.py:3423} INFO - Setting next_dagrun for latest_only_with_trigger to 2023-01-09T07:13:42.239022+00:00, run_after=2023-01-09T11:13:42.239022+00:00
[2023-01-09T15:13:42.251+0400] {processor.py:175} INFO - Processing /Users/harut/opt/anaconda3/lib/python3.9/site-packages/airflow/example_dags/example_latest_only_with_trigger.py took 0.462 seconds
[2023-01-09T15:15:05.522+0400] {processor.py:153} INFO - Started process (PID=14466) to work on /Users/harut/opt/anaconda3/lib/python3.9/site-packages/airflow/example_dags/example_latest_only_with_trigger.py
[2023-01-09T15:15:05.523+0400] {processor.py:743} INFO - Processing file /Users/harut/opt/anaconda3/lib/python3.9/site-packages/airflow/example_dags/example_latest_only_with_trigger.py for tasks to queue
[2023-01-09T15:15:05.523+0400] {logging_mixin.py:137} INFO - [2023-01-09T15:15:05.523+0400] {dagbag.py:538} INFO - Filling up the DagBag from /Users/harut/opt/anaconda3/lib/python3.9/site-packages/airflow/example_dags/example_latest_only_with_trigger.py
[2023-01-09T15:15:05.541+0400] {processor.py:753} INFO - DAG(s) dict_keys(['latest_only_with_trigger']) retrieved from /Users/harut/opt/anaconda3/lib/python3.9/site-packages/airflow/example_dags/example_latest_only_with_trigger.py
[2023-01-09T15:15:05.969+0400] {logging_mixin.py:137} INFO - [2023-01-09T15:15:05.969+0400] {dag.py:2676} INFO - Sync 1 DAGs
[2023-01-09T15:15:05.979+0400] {logging_mixin.py:137} INFO - [2023-01-09T15:15:05.979+0400] {dag.py:3423} INFO - Setting next_dagrun for latest_only_with_trigger to 2023-01-09T07:15:05.979605+00:00, run_after=2023-01-09T11:15:05.979605+00:00
[2023-01-09T15:15:05.991+0400] {processor.py:175} INFO - Processing /Users/harut/opt/anaconda3/lib/python3.9/site-packages/airflow/example_dags/example_latest_only_with_trigger.py took 0.469 seconds
[2023-01-09T15:16:28.814+0400] {processor.py:153} INFO - Started process (PID=14511) to work on /Users/harut/opt/anaconda3/lib/python3.9/site-packages/airflow/example_dags/example_latest_only_with_trigger.py
[2023-01-09T15:16:28.814+0400] {processor.py:743} INFO - Processing file /Users/harut/opt/anaconda3/lib/python3.9/site-packages/airflow/example_dags/example_latest_only_with_trigger.py for tasks to queue
[2023-01-09T15:16:28.815+0400] {logging_mixin.py:137} INFO - [2023-01-09T15:16:28.815+0400] {dagbag.py:538} INFO - Filling up the DagBag from /Users/harut/opt/anaconda3/lib/python3.9/site-packages/airflow/example_dags/example_latest_only_with_trigger.py
[2023-01-09T15:16:28.833+0400] {processor.py:753} INFO - DAG(s) dict_keys(['latest_only_with_trigger']) retrieved from /Users/harut/opt/anaconda3/lib/python3.9/site-packages/airflow/example_dags/example_latest_only_with_trigger.py
[2023-01-09T15:16:29.246+0400] {logging_mixin.py:137} INFO - [2023-01-09T15:16:29.246+0400] {dag.py:2676} INFO - Sync 1 DAGs
[2023-01-09T15:16:29.255+0400] {logging_mixin.py:137} INFO - [2023-01-09T15:16:29.255+0400] {dag.py:3423} INFO - Setting next_dagrun for latest_only_with_trigger to 2023-01-09T07:16:29.255122+00:00, run_after=2023-01-09T11:16:29.255122+00:00
[2023-01-09T15:16:29.265+0400] {processor.py:175} INFO - Processing /Users/harut/opt/anaconda3/lib/python3.9/site-packages/airflow/example_dags/example_latest_only_with_trigger.py took 0.452 seconds
[2023-01-09T15:17:50.898+0400] {processor.py:153} INFO - Started process (PID=14557) to work on /Users/harut/opt/anaconda3/lib/python3.9/site-packages/airflow/example_dags/example_latest_only_with_trigger.py
[2023-01-09T15:17:50.898+0400] {processor.py:743} INFO - Processing file /Users/harut/opt/anaconda3/lib/python3.9/site-packages/airflow/example_dags/example_latest_only_with_trigger.py for tasks to queue
[2023-01-09T15:17:50.899+0400] {logging_mixin.py:137} INFO - [2023-01-09T15:17:50.898+0400] {dagbag.py:538} INFO - Filling up the DagBag from /Users/harut/opt/anaconda3/lib/python3.9/site-packages/airflow/example_dags/example_latest_only_with_trigger.py
[2023-01-09T15:17:50.915+0400] {processor.py:753} INFO - DAG(s) dict_keys(['latest_only_with_trigger']) retrieved from /Users/harut/opt/anaconda3/lib/python3.9/site-packages/airflow/example_dags/example_latest_only_with_trigger.py
[2023-01-09T15:17:51.303+0400] {logging_mixin.py:137} INFO - [2023-01-09T15:17:51.303+0400] {dag.py:2676} INFO - Sync 1 DAGs
[2023-01-09T15:17:51.312+0400] {logging_mixin.py:137} INFO - [2023-01-09T15:17:51.312+0400] {dag.py:3423} INFO - Setting next_dagrun for latest_only_with_trigger to 2023-01-09T07:17:51.312631+00:00, run_after=2023-01-09T11:17:51.312631+00:00
[2023-01-09T15:17:51.324+0400] {processor.py:175} INFO - Processing /Users/harut/opt/anaconda3/lib/python3.9/site-packages/airflow/example_dags/example_latest_only_with_trigger.py took 0.427 seconds
[2023-01-09T15:19:14.662+0400] {processor.py:153} INFO - Started process (PID=14609) to work on /Users/harut/opt/anaconda3/lib/python3.9/site-packages/airflow/example_dags/example_latest_only_with_trigger.py
[2023-01-09T15:19:14.663+0400] {processor.py:743} INFO - Processing file /Users/harut/opt/anaconda3/lib/python3.9/site-packages/airflow/example_dags/example_latest_only_with_trigger.py for tasks to queue
[2023-01-09T15:19:14.663+0400] {logging_mixin.py:137} INFO - [2023-01-09T15:19:14.663+0400] {dagbag.py:538} INFO - Filling up the DagBag from /Users/harut/opt/anaconda3/lib/python3.9/site-packages/airflow/example_dags/example_latest_only_with_trigger.py
[2023-01-09T15:19:14.680+0400] {processor.py:753} INFO - DAG(s) dict_keys(['latest_only_with_trigger']) retrieved from /Users/harut/opt/anaconda3/lib/python3.9/site-packages/airflow/example_dags/example_latest_only_with_trigger.py
[2023-01-09T15:19:15.089+0400] {logging_mixin.py:137} INFO - [2023-01-09T15:19:15.089+0400] {dag.py:2676} INFO - Sync 1 DAGs
[2023-01-09T15:19:15.098+0400] {logging_mixin.py:137} INFO - [2023-01-09T15:19:15.098+0400] {dag.py:3423} INFO - Setting next_dagrun for latest_only_with_trigger to 2023-01-09T07:19:15.098325+00:00, run_after=2023-01-09T11:19:15.098325+00:00
[2023-01-09T15:19:15.107+0400] {processor.py:175} INFO - Processing /Users/harut/opt/anaconda3/lib/python3.9/site-packages/airflow/example_dags/example_latest_only_with_trigger.py took 0.446 seconds
[2023-01-09T15:20:38.091+0400] {processor.py:153} INFO - Started process (PID=14654) to work on /Users/harut/opt/anaconda3/lib/python3.9/site-packages/airflow/example_dags/example_latest_only_with_trigger.py
[2023-01-09T15:20:38.092+0400] {processor.py:743} INFO - Processing file /Users/harut/opt/anaconda3/lib/python3.9/site-packages/airflow/example_dags/example_latest_only_with_trigger.py for tasks to queue
[2023-01-09T15:20:38.092+0400] {logging_mixin.py:137} INFO - [2023-01-09T15:20:38.092+0400] {dagbag.py:538} INFO - Filling up the DagBag from /Users/harut/opt/anaconda3/lib/python3.9/site-packages/airflow/example_dags/example_latest_only_with_trigger.py
[2023-01-09T15:20:38.109+0400] {processor.py:753} INFO - DAG(s) dict_keys(['latest_only_with_trigger']) retrieved from /Users/harut/opt/anaconda3/lib/python3.9/site-packages/airflow/example_dags/example_latest_only_with_trigger.py
[2023-01-09T15:20:38.532+0400] {logging_mixin.py:137} INFO - [2023-01-09T15:20:38.531+0400] {dag.py:2676} INFO - Sync 1 DAGs
[2023-01-09T15:20:38.542+0400] {logging_mixin.py:137} INFO - [2023-01-09T15:20:38.542+0400] {dag.py:3423} INFO - Setting next_dagrun for latest_only_with_trigger to 2023-01-09T07:20:38.541991+00:00, run_after=2023-01-09T11:20:38.541991+00:00
[2023-01-09T15:20:38.553+0400] {processor.py:175} INFO - Processing /Users/harut/opt/anaconda3/lib/python3.9/site-packages/airflow/example_dags/example_latest_only_with_trigger.py took 0.462 seconds
[2023-01-09T15:22:02.626+0400] {processor.py:153} INFO - Started process (PID=14712) to work on /Users/harut/opt/anaconda3/lib/python3.9/site-packages/airflow/example_dags/example_latest_only_with_trigger.py
[2023-01-09T15:22:02.627+0400] {processor.py:743} INFO - Processing file /Users/harut/opt/anaconda3/lib/python3.9/site-packages/airflow/example_dags/example_latest_only_with_trigger.py for tasks to queue
[2023-01-09T15:22:02.627+0400] {logging_mixin.py:137} INFO - [2023-01-09T15:22:02.627+0400] {dagbag.py:538} INFO - Filling up the DagBag from /Users/harut/opt/anaconda3/lib/python3.9/site-packages/airflow/example_dags/example_latest_only_with_trigger.py
[2023-01-09T15:22:02.644+0400] {processor.py:753} INFO - DAG(s) dict_keys(['latest_only_with_trigger']) retrieved from /Users/harut/opt/anaconda3/lib/python3.9/site-packages/airflow/example_dags/example_latest_only_with_trigger.py
[2023-01-09T15:22:03.049+0400] {logging_mixin.py:137} INFO - [2023-01-09T15:22:03.049+0400] {dag.py:2676} INFO - Sync 1 DAGs
[2023-01-09T15:22:03.059+0400] {logging_mixin.py:137} INFO - [2023-01-09T15:22:03.059+0400] {dag.py:3423} INFO - Setting next_dagrun for latest_only_with_trigger to 2023-01-09T07:22:03.059550+00:00, run_after=2023-01-09T11:22:03.059550+00:00
[2023-01-09T15:22:03.070+0400] {processor.py:175} INFO - Processing /Users/harut/opt/anaconda3/lib/python3.9/site-packages/airflow/example_dags/example_latest_only_with_trigger.py took 0.444 seconds
[2023-01-09T15:23:25.006+0400] {processor.py:153} INFO - Started process (PID=14756) to work on /Users/harut/opt/anaconda3/lib/python3.9/site-packages/airflow/example_dags/example_latest_only_with_trigger.py
[2023-01-09T15:23:25.007+0400] {processor.py:743} INFO - Processing file /Users/harut/opt/anaconda3/lib/python3.9/site-packages/airflow/example_dags/example_latest_only_with_trigger.py for tasks to queue
[2023-01-09T15:23:25.007+0400] {logging_mixin.py:137} INFO - [2023-01-09T15:23:25.007+0400] {dagbag.py:538} INFO - Filling up the DagBag from /Users/harut/opt/anaconda3/lib/python3.9/site-packages/airflow/example_dags/example_latest_only_with_trigger.py
[2023-01-09T15:23:25.026+0400] {processor.py:753} INFO - DAG(s) dict_keys(['latest_only_with_trigger']) retrieved from /Users/harut/opt/anaconda3/lib/python3.9/site-packages/airflow/example_dags/example_latest_only_with_trigger.py
[2023-01-09T15:23:25.452+0400] {logging_mixin.py:137} INFO - [2023-01-09T15:23:25.451+0400] {dag.py:2676} INFO - Sync 1 DAGs
[2023-01-09T15:23:25.462+0400] {logging_mixin.py:137} INFO - [2023-01-09T15:23:25.462+0400] {dag.py:3423} INFO - Setting next_dagrun for latest_only_with_trigger to 2023-01-09T07:23:25.462576+00:00, run_after=2023-01-09T11:23:25.462576+00:00
[2023-01-09T15:23:25.473+0400] {processor.py:175} INFO - Processing /Users/harut/opt/anaconda3/lib/python3.9/site-packages/airflow/example_dags/example_latest_only_with_trigger.py took 0.468 seconds
[2023-01-09T15:24:48.885+0400] {processor.py:153} INFO - Started process (PID=14800) to work on /Users/harut/opt/anaconda3/lib/python3.9/site-packages/airflow/example_dags/example_latest_only_with_trigger.py
[2023-01-09T15:24:48.886+0400] {processor.py:743} INFO - Processing file /Users/harut/opt/anaconda3/lib/python3.9/site-packages/airflow/example_dags/example_latest_only_with_trigger.py for tasks to queue
[2023-01-09T15:24:48.886+0400] {logging_mixin.py:137} INFO - [2023-01-09T15:24:48.886+0400] {dagbag.py:538} INFO - Filling up the DagBag from /Users/harut/opt/anaconda3/lib/python3.9/site-packages/airflow/example_dags/example_latest_only_with_trigger.py
[2023-01-09T15:24:48.905+0400] {processor.py:753} INFO - DAG(s) dict_keys(['latest_only_with_trigger']) retrieved from /Users/harut/opt/anaconda3/lib/python3.9/site-packages/airflow/example_dags/example_latest_only_with_trigger.py
[2023-01-09T15:24:49.309+0400] {logging_mixin.py:137} INFO - [2023-01-09T15:24:49.309+0400] {dag.py:2676} INFO - Sync 1 DAGs
[2023-01-09T15:24:49.318+0400] {logging_mixin.py:137} INFO - [2023-01-09T15:24:49.318+0400] {dag.py:3423} INFO - Setting next_dagrun for latest_only_with_trigger to 2023-01-09T07:24:49.318220+00:00, run_after=2023-01-09T11:24:49.318220+00:00
[2023-01-09T15:24:49.327+0400] {processor.py:175} INFO - Processing /Users/harut/opt/anaconda3/lib/python3.9/site-packages/airflow/example_dags/example_latest_only_with_trigger.py took 0.443 seconds
[2023-01-09T15:26:12.941+0400] {processor.py:153} INFO - Started process (PID=14846) to work on /Users/harut/opt/anaconda3/lib/python3.9/site-packages/airflow/example_dags/example_latest_only_with_trigger.py
[2023-01-09T15:26:12.941+0400] {processor.py:743} INFO - Processing file /Users/harut/opt/anaconda3/lib/python3.9/site-packages/airflow/example_dags/example_latest_only_with_trigger.py for tasks to queue
[2023-01-09T15:26:12.942+0400] {logging_mixin.py:137} INFO - [2023-01-09T15:26:12.941+0400] {dagbag.py:538} INFO - Filling up the DagBag from /Users/harut/opt/anaconda3/lib/python3.9/site-packages/airflow/example_dags/example_latest_only_with_trigger.py
[2023-01-09T15:26:12.959+0400] {processor.py:753} INFO - DAG(s) dict_keys(['latest_only_with_trigger']) retrieved from /Users/harut/opt/anaconda3/lib/python3.9/site-packages/airflow/example_dags/example_latest_only_with_trigger.py
[2023-01-09T15:26:13.382+0400] {logging_mixin.py:137} INFO - [2023-01-09T15:26:13.382+0400] {dag.py:2676} INFO - Sync 1 DAGs
[2023-01-09T15:26:13.393+0400] {logging_mixin.py:137} INFO - [2023-01-09T15:26:13.393+0400] {dag.py:3423} INFO - Setting next_dagrun for latest_only_with_trigger to 2023-01-09T07:26:13.393128+00:00, run_after=2023-01-09T11:26:13.393128+00:00
[2023-01-09T15:26:13.404+0400] {processor.py:175} INFO - Processing /Users/harut/opt/anaconda3/lib/python3.9/site-packages/airflow/example_dags/example_latest_only_with_trigger.py took 0.463 seconds
[2023-01-09T15:27:36.241+0400] {processor.py:153} INFO - Started process (PID=14898) to work on /Users/harut/opt/anaconda3/lib/python3.9/site-packages/airflow/example_dags/example_latest_only_with_trigger.py
[2023-01-09T15:27:36.241+0400] {processor.py:743} INFO - Processing file /Users/harut/opt/anaconda3/lib/python3.9/site-packages/airflow/example_dags/example_latest_only_with_trigger.py for tasks to queue
[2023-01-09T15:27:36.242+0400] {logging_mixin.py:137} INFO - [2023-01-09T15:27:36.242+0400] {dagbag.py:538} INFO - Filling up the DagBag from /Users/harut/opt/anaconda3/lib/python3.9/site-packages/airflow/example_dags/example_latest_only_with_trigger.py
[2023-01-09T15:27:36.259+0400] {processor.py:753} INFO - DAG(s) dict_keys(['latest_only_with_trigger']) retrieved from /Users/harut/opt/anaconda3/lib/python3.9/site-packages/airflow/example_dags/example_latest_only_with_trigger.py
[2023-01-09T15:27:36.664+0400] {logging_mixin.py:137} INFO - [2023-01-09T15:27:36.664+0400] {dag.py:2676} INFO - Sync 1 DAGs
[2023-01-09T15:27:36.673+0400] {logging_mixin.py:137} INFO - [2023-01-09T15:27:36.673+0400] {dag.py:3423} INFO - Setting next_dagrun for latest_only_with_trigger to 2023-01-09T07:27:36.673165+00:00, run_after=2023-01-09T11:27:36.673165+00:00
[2023-01-09T15:27:36.682+0400] {processor.py:175} INFO - Processing /Users/harut/opt/anaconda3/lib/python3.9/site-packages/airflow/example_dags/example_latest_only_with_trigger.py took 0.442 seconds
[2023-01-09T15:28:59.094+0400] {processor.py:153} INFO - Started process (PID=14943) to work on /Users/harut/opt/anaconda3/lib/python3.9/site-packages/airflow/example_dags/example_latest_only_with_trigger.py
[2023-01-09T15:28:59.095+0400] {processor.py:743} INFO - Processing file /Users/harut/opt/anaconda3/lib/python3.9/site-packages/airflow/example_dags/example_latest_only_with_trigger.py for tasks to queue
[2023-01-09T15:28:59.095+0400] {logging_mixin.py:137} INFO - [2023-01-09T15:28:59.095+0400] {dagbag.py:538} INFO - Filling up the DagBag from /Users/harut/opt/anaconda3/lib/python3.9/site-packages/airflow/example_dags/example_latest_only_with_trigger.py
[2023-01-09T15:28:59.111+0400] {processor.py:753} INFO - DAG(s) dict_keys(['latest_only_with_trigger']) retrieved from /Users/harut/opt/anaconda3/lib/python3.9/site-packages/airflow/example_dags/example_latest_only_with_trigger.py
[2023-01-09T15:28:59.494+0400] {logging_mixin.py:137} INFO - [2023-01-09T15:28:59.494+0400] {dag.py:2676} INFO - Sync 1 DAGs
[2023-01-09T15:28:59.503+0400] {logging_mixin.py:137} INFO - [2023-01-09T15:28:59.503+0400] {dag.py:3423} INFO - Setting next_dagrun for latest_only_with_trigger to 2023-01-09T07:28:59.503810+00:00, run_after=2023-01-09T11:28:59.503810+00:00
[2023-01-09T15:28:59.513+0400] {processor.py:175} INFO - Processing /Users/harut/opt/anaconda3/lib/python3.9/site-packages/airflow/example_dags/example_latest_only_with_trigger.py took 0.420 seconds
[2023-01-09T15:30:19.798+0400] {processor.py:153} INFO - Started process (PID=14989) to work on /Users/harut/opt/anaconda3/lib/python3.9/site-packages/airflow/example_dags/example_latest_only_with_trigger.py
[2023-01-09T15:30:19.799+0400] {processor.py:743} INFO - Processing file /Users/harut/opt/anaconda3/lib/python3.9/site-packages/airflow/example_dags/example_latest_only_with_trigger.py for tasks to queue
[2023-01-09T15:30:19.799+0400] {logging_mixin.py:137} INFO - [2023-01-09T15:30:19.799+0400] {dagbag.py:538} INFO - Filling up the DagBag from /Users/harut/opt/anaconda3/lib/python3.9/site-packages/airflow/example_dags/example_latest_only_with_trigger.py
[2023-01-09T15:30:19.816+0400] {processor.py:753} INFO - DAG(s) dict_keys(['latest_only_with_trigger']) retrieved from /Users/harut/opt/anaconda3/lib/python3.9/site-packages/airflow/example_dags/example_latest_only_with_trigger.py
[2023-01-09T15:30:20.193+0400] {logging_mixin.py:137} INFO - [2023-01-09T15:30:20.193+0400] {dag.py:2676} INFO - Sync 1 DAGs
[2023-01-09T15:30:20.202+0400] {logging_mixin.py:137} INFO - [2023-01-09T15:30:20.202+0400] {dag.py:3423} INFO - Setting next_dagrun for latest_only_with_trigger to 2023-01-09T07:30:20.202697+00:00, run_after=2023-01-09T11:30:20.202697+00:00
[2023-01-09T15:30:20.212+0400] {processor.py:175} INFO - Processing /Users/harut/opt/anaconda3/lib/python3.9/site-packages/airflow/example_dags/example_latest_only_with_trigger.py took 0.414 seconds
[2023-01-09T15:31:43.056+0400] {processor.py:153} INFO - Started process (PID=15035) to work on /Users/harut/opt/anaconda3/lib/python3.9/site-packages/airflow/example_dags/example_latest_only_with_trigger.py
[2023-01-09T15:31:43.057+0400] {processor.py:743} INFO - Processing file /Users/harut/opt/anaconda3/lib/python3.9/site-packages/airflow/example_dags/example_latest_only_with_trigger.py for tasks to queue
[2023-01-09T15:31:43.057+0400] {logging_mixin.py:137} INFO - [2023-01-09T15:31:43.057+0400] {dagbag.py:538} INFO - Filling up the DagBag from /Users/harut/opt/anaconda3/lib/python3.9/site-packages/airflow/example_dags/example_latest_only_with_trigger.py
[2023-01-09T15:31:43.079+0400] {processor.py:753} INFO - DAG(s) dict_keys(['latest_only_with_trigger']) retrieved from /Users/harut/opt/anaconda3/lib/python3.9/site-packages/airflow/example_dags/example_latest_only_with_trigger.py
[2023-01-09T15:31:43.523+0400] {logging_mixin.py:137} INFO - [2023-01-09T15:31:43.523+0400] {dag.py:2676} INFO - Sync 1 DAGs
[2023-01-09T15:31:43.533+0400] {logging_mixin.py:137} INFO - [2023-01-09T15:31:43.533+0400] {dag.py:3423} INFO - Setting next_dagrun for latest_only_with_trigger to 2023-01-09T07:31:43.533413+00:00, run_after=2023-01-09T11:31:43.533413+00:00
[2023-01-09T15:31:43.546+0400] {processor.py:175} INFO - Processing /Users/harut/opt/anaconda3/lib/python3.9/site-packages/airflow/example_dags/example_latest_only_with_trigger.py took 0.490 seconds
[2023-01-09T15:33:05.412+0400] {processor.py:153} INFO - Started process (PID=15080) to work on /Users/harut/opt/anaconda3/lib/python3.9/site-packages/airflow/example_dags/example_latest_only_with_trigger.py
[2023-01-09T15:33:05.412+0400] {processor.py:743} INFO - Processing file /Users/harut/opt/anaconda3/lib/python3.9/site-packages/airflow/example_dags/example_latest_only_with_trigger.py for tasks to queue
[2023-01-09T15:33:05.413+0400] {logging_mixin.py:137} INFO - [2023-01-09T15:33:05.413+0400] {dagbag.py:538} INFO - Filling up the DagBag from /Users/harut/opt/anaconda3/lib/python3.9/site-packages/airflow/example_dags/example_latest_only_with_trigger.py
[2023-01-09T15:33:05.430+0400] {processor.py:753} INFO - DAG(s) dict_keys(['latest_only_with_trigger']) retrieved from /Users/harut/opt/anaconda3/lib/python3.9/site-packages/airflow/example_dags/example_latest_only_with_trigger.py
[2023-01-09T15:33:05.841+0400] {logging_mixin.py:137} INFO - [2023-01-09T15:33:05.841+0400] {dag.py:2676} INFO - Sync 1 DAGs
[2023-01-09T15:33:05.851+0400] {logging_mixin.py:137} INFO - [2023-01-09T15:33:05.851+0400] {dag.py:3423} INFO - Setting next_dagrun for latest_only_with_trigger to 2023-01-09T07:33:05.851504+00:00, run_after=2023-01-09T11:33:05.851504+00:00
[2023-01-09T15:33:05.862+0400] {processor.py:175} INFO - Processing /Users/harut/opt/anaconda3/lib/python3.9/site-packages/airflow/example_dags/example_latest_only_with_trigger.py took 0.451 seconds
[2023-01-09T15:34:30.417+0400] {processor.py:153} INFO - Started process (PID=15126) to work on /Users/harut/opt/anaconda3/lib/python3.9/site-packages/airflow/example_dags/example_latest_only_with_trigger.py
[2023-01-09T15:34:30.417+0400] {processor.py:743} INFO - Processing file /Users/harut/opt/anaconda3/lib/python3.9/site-packages/airflow/example_dags/example_latest_only_with_trigger.py for tasks to queue
[2023-01-09T15:34:30.418+0400] {logging_mixin.py:137} INFO - [2023-01-09T15:34:30.418+0400] {dagbag.py:538} INFO - Filling up the DagBag from /Users/harut/opt/anaconda3/lib/python3.9/site-packages/airflow/example_dags/example_latest_only_with_trigger.py
[2023-01-09T15:34:30.437+0400] {processor.py:753} INFO - DAG(s) dict_keys(['latest_only_with_trigger']) retrieved from /Users/harut/opt/anaconda3/lib/python3.9/site-packages/airflow/example_dags/example_latest_only_with_trigger.py
[2023-01-09T15:34:30.880+0400] {logging_mixin.py:137} INFO - [2023-01-09T15:34:30.880+0400] {dag.py:2676} INFO - Sync 1 DAGs
[2023-01-09T15:34:30.892+0400] {logging_mixin.py:137} INFO - [2023-01-09T15:34:30.892+0400] {dag.py:3423} INFO - Setting next_dagrun for latest_only_with_trigger to 2023-01-09T07:34:30.891998+00:00, run_after=2023-01-09T11:34:30.891998+00:00
[2023-01-09T15:34:30.903+0400] {processor.py:175} INFO - Processing /Users/harut/opt/anaconda3/lib/python3.9/site-packages/airflow/example_dags/example_latest_only_with_trigger.py took 0.487 seconds
[2023-01-09T15:35:53.921+0400] {processor.py:153} INFO - Started process (PID=15177) to work on /Users/harut/opt/anaconda3/lib/python3.9/site-packages/airflow/example_dags/example_latest_only_with_trigger.py
[2023-01-09T15:35:53.922+0400] {processor.py:743} INFO - Processing file /Users/harut/opt/anaconda3/lib/python3.9/site-packages/airflow/example_dags/example_latest_only_with_trigger.py for tasks to queue
[2023-01-09T15:35:53.922+0400] {logging_mixin.py:137} INFO - [2023-01-09T15:35:53.922+0400] {dagbag.py:538} INFO - Filling up the DagBag from /Users/harut/opt/anaconda3/lib/python3.9/site-packages/airflow/example_dags/example_latest_only_with_trigger.py
[2023-01-09T15:35:53.939+0400] {processor.py:753} INFO - DAG(s) dict_keys(['latest_only_with_trigger']) retrieved from /Users/harut/opt/anaconda3/lib/python3.9/site-packages/airflow/example_dags/example_latest_only_with_trigger.py
[2023-01-09T15:35:54.330+0400] {logging_mixin.py:137} INFO - [2023-01-09T15:35:54.330+0400] {dag.py:2676} INFO - Sync 1 DAGs
[2023-01-09T15:35:54.340+0400] {logging_mixin.py:137} INFO - [2023-01-09T15:35:54.340+0400] {dag.py:3423} INFO - Setting next_dagrun for latest_only_with_trigger to 2023-01-09T07:35:54.340442+00:00, run_after=2023-01-09T11:35:54.340442+00:00
[2023-01-09T15:35:54.350+0400] {processor.py:175} INFO - Processing /Users/harut/opt/anaconda3/lib/python3.9/site-packages/airflow/example_dags/example_latest_only_with_trigger.py took 0.430 seconds
[2023-01-09T15:37:16.457+0400] {processor.py:153} INFO - Started process (PID=15236) to work on /Users/harut/opt/anaconda3/lib/python3.9/site-packages/airflow/example_dags/example_latest_only_with_trigger.py
[2023-01-09T15:37:16.457+0400] {processor.py:743} INFO - Processing file /Users/harut/opt/anaconda3/lib/python3.9/site-packages/airflow/example_dags/example_latest_only_with_trigger.py for tasks to queue
[2023-01-09T15:37:16.457+0400] {logging_mixin.py:137} INFO - [2023-01-09T15:37:16.457+0400] {dagbag.py:538} INFO - Filling up the DagBag from /Users/harut/opt/anaconda3/lib/python3.9/site-packages/airflow/example_dags/example_latest_only_with_trigger.py
[2023-01-09T15:37:16.474+0400] {processor.py:753} INFO - DAG(s) dict_keys(['latest_only_with_trigger']) retrieved from /Users/harut/opt/anaconda3/lib/python3.9/site-packages/airflow/example_dags/example_latest_only_with_trigger.py
[2023-01-09T15:37:16.851+0400] {logging_mixin.py:137} INFO - [2023-01-09T15:37:16.851+0400] {dag.py:2676} INFO - Sync 1 DAGs
[2023-01-09T15:37:16.860+0400] {logging_mixin.py:137} INFO - [2023-01-09T15:37:16.860+0400] {dag.py:3423} INFO - Setting next_dagrun for latest_only_with_trigger to 2023-01-09T07:37:16.860140+00:00, run_after=2023-01-09T11:37:16.860140+00:00
[2023-01-09T15:37:16.869+0400] {processor.py:175} INFO - Processing /Users/harut/opt/anaconda3/lib/python3.9/site-packages/airflow/example_dags/example_latest_only_with_trigger.py took 0.413 seconds
[2023-01-09T15:38:38.492+0400] {processor.py:153} INFO - Started process (PID=15278) to work on /Users/harut/opt/anaconda3/lib/python3.9/site-packages/airflow/example_dags/example_latest_only_with_trigger.py
[2023-01-09T15:38:38.493+0400] {processor.py:743} INFO - Processing file /Users/harut/opt/anaconda3/lib/python3.9/site-packages/airflow/example_dags/example_latest_only_with_trigger.py for tasks to queue
[2023-01-09T15:38:38.493+0400] {logging_mixin.py:137} INFO - [2023-01-09T15:38:38.493+0400] {dagbag.py:538} INFO - Filling up the DagBag from /Users/harut/opt/anaconda3/lib/python3.9/site-packages/airflow/example_dags/example_latest_only_with_trigger.py
[2023-01-09T15:38:38.511+0400] {processor.py:753} INFO - DAG(s) dict_keys(['latest_only_with_trigger']) retrieved from /Users/harut/opt/anaconda3/lib/python3.9/site-packages/airflow/example_dags/example_latest_only_with_trigger.py
[2023-01-09T15:38:38.892+0400] {logging_mixin.py:137} INFO - [2023-01-09T15:38:38.892+0400] {dag.py:2676} INFO - Sync 1 DAGs
[2023-01-09T15:38:38.902+0400] {logging_mixin.py:137} INFO - [2023-01-09T15:38:38.902+0400] {dag.py:3423} INFO - Setting next_dagrun for latest_only_with_trigger to 2023-01-09T07:38:38.902217+00:00, run_after=2023-01-09T11:38:38.902217+00:00
[2023-01-09T15:38:38.912+0400] {processor.py:175} INFO - Processing /Users/harut/opt/anaconda3/lib/python3.9/site-packages/airflow/example_dags/example_latest_only_with_trigger.py took 0.420 seconds
[2023-01-09T15:40:00.822+0400] {processor.py:153} INFO - Started process (PID=15323) to work on /Users/harut/opt/anaconda3/lib/python3.9/site-packages/airflow/example_dags/example_latest_only_with_trigger.py
[2023-01-09T15:40:00.823+0400] {processor.py:743} INFO - Processing file /Users/harut/opt/anaconda3/lib/python3.9/site-packages/airflow/example_dags/example_latest_only_with_trigger.py for tasks to queue
[2023-01-09T15:40:00.823+0400] {logging_mixin.py:137} INFO - [2023-01-09T15:40:00.823+0400] {dagbag.py:538} INFO - Filling up the DagBag from /Users/harut/opt/anaconda3/lib/python3.9/site-packages/airflow/example_dags/example_latest_only_with_trigger.py
[2023-01-09T15:40:00.841+0400] {processor.py:753} INFO - DAG(s) dict_keys(['latest_only_with_trigger']) retrieved from /Users/harut/opt/anaconda3/lib/python3.9/site-packages/airflow/example_dags/example_latest_only_with_trigger.py
[2023-01-09T15:40:01.242+0400] {logging_mixin.py:137} INFO - [2023-01-09T15:40:01.242+0400] {dag.py:2676} INFO - Sync 1 DAGs
[2023-01-09T15:40:01.252+0400] {logging_mixin.py:137} INFO - [2023-01-09T15:40:01.252+0400] {dag.py:3423} INFO - Setting next_dagrun for latest_only_with_trigger to 2023-01-09T07:40:01.251959+00:00, run_after=2023-01-09T11:40:01.251959+00:00
[2023-01-09T15:40:01.262+0400] {processor.py:175} INFO - Processing /Users/harut/opt/anaconda3/lib/python3.9/site-packages/airflow/example_dags/example_latest_only_with_trigger.py took 0.440 seconds
[2023-01-09T15:41:20.699+0400] {processor.py:153} INFO - Started process (PID=15382) to work on /Users/harut/opt/anaconda3/lib/python3.9/site-packages/airflow/example_dags/example_latest_only_with_trigger.py
[2023-01-09T15:41:20.700+0400] {processor.py:743} INFO - Processing file /Users/harut/opt/anaconda3/lib/python3.9/site-packages/airflow/example_dags/example_latest_only_with_trigger.py for tasks to queue
[2023-01-09T15:41:20.700+0400] {logging_mixin.py:137} INFO - [2023-01-09T15:41:20.700+0400] {dagbag.py:538} INFO - Filling up the DagBag from /Users/harut/opt/anaconda3/lib/python3.9/site-packages/airflow/example_dags/example_latest_only_with_trigger.py
[2023-01-09T15:41:20.716+0400] {processor.py:753} INFO - DAG(s) dict_keys(['latest_only_with_trigger']) retrieved from /Users/harut/opt/anaconda3/lib/python3.9/site-packages/airflow/example_dags/example_latest_only_with_trigger.py
[2023-01-09T15:41:21.093+0400] {logging_mixin.py:137} INFO - [2023-01-09T15:41:21.092+0400] {dag.py:2676} INFO - Sync 1 DAGs
[2023-01-09T15:41:21.101+0400] {logging_mixin.py:137} INFO - [2023-01-09T15:41:21.101+0400] {dag.py:3423} INFO - Setting next_dagrun for latest_only_with_trigger to 2023-01-09T07:41:21.101812+00:00, run_after=2023-01-09T11:41:21.101812+00:00
[2023-01-09T15:41:21.111+0400] {processor.py:175} INFO - Processing /Users/harut/opt/anaconda3/lib/python3.9/site-packages/airflow/example_dags/example_latest_only_with_trigger.py took 0.412 seconds
