[2023-01-09T14:17:34.606+0400] {processor.py:153} INFO - Started process (PID=12431) to work on /Users/harut/opt/anaconda3/lib/python3.9/site-packages/airflow/example_dags/example_branch_python_dop_operator_3.py
[2023-01-09T14:17:34.606+0400] {processor.py:743} INFO - Processing file /Users/harut/opt/anaconda3/lib/python3.9/site-packages/airflow/example_dags/example_branch_python_dop_operator_3.py for tasks to queue
[2023-01-09T14:17:34.607+0400] {logging_mixin.py:137} INFO - [2023-01-09T14:17:34.607+0400] {dagbag.py:538} INFO - Filling up the DagBag from /Users/harut/opt/anaconda3/lib/python3.9/site-packages/airflow/example_dags/example_branch_python_dop_operator_3.py
[2023-01-09T14:17:34.637+0400] {processor.py:753} INFO - DAG(s) dict_keys(['example_branch_dop_operator_v3']) retrieved from /Users/harut/opt/anaconda3/lib/python3.9/site-packages/airflow/example_dags/example_branch_python_dop_operator_3.py
[2023-01-09T14:17:35.000+0400] {logging_mixin.py:137} INFO - [2023-01-09T14:17:35.000+0400] {dag.py:2676} INFO - Sync 1 DAGs
[2023-01-09T14:17:35.012+0400] {logging_mixin.py:137} INFO - [2023-01-09T14:17:35.012+0400] {dag.py:3423} INFO - Setting next_dagrun for example_branch_dop_operator_v3 to 2023-01-09T10:16:00+00:00, run_after=2023-01-09T10:17:00+00:00
[2023-01-09T14:17:35.022+0400] {processor.py:175} INFO - Processing /Users/harut/opt/anaconda3/lib/python3.9/site-packages/airflow/example_dags/example_branch_python_dop_operator_3.py took 0.416 seconds
[2023-01-09T14:19:59.593+0400] {processor.py:153} INFO - Started process (PID=12524) to work on /Users/harut/opt/anaconda3/lib/python3.9/site-packages/airflow/example_dags/example_branch_python_dop_operator_3.py
[2023-01-09T14:19:59.593+0400] {processor.py:743} INFO - Processing file /Users/harut/opt/anaconda3/lib/python3.9/site-packages/airflow/example_dags/example_branch_python_dop_operator_3.py for tasks to queue
[2023-01-09T14:19:59.594+0400] {logging_mixin.py:137} INFO - [2023-01-09T14:19:59.594+0400] {dagbag.py:538} INFO - Filling up the DagBag from /Users/harut/opt/anaconda3/lib/python3.9/site-packages/airflow/example_dags/example_branch_python_dop_operator_3.py
[2023-01-09T14:19:59.623+0400] {processor.py:753} INFO - DAG(s) dict_keys(['example_branch_dop_operator_v3']) retrieved from /Users/harut/opt/anaconda3/lib/python3.9/site-packages/airflow/example_dags/example_branch_python_dop_operator_3.py
[2023-01-09T14:19:59.987+0400] {logging_mixin.py:137} INFO - [2023-01-09T14:19:59.987+0400] {dag.py:2676} INFO - Sync 1 DAGs
[2023-01-09T14:19:59.999+0400] {logging_mixin.py:137} INFO - [2023-01-09T14:19:59.999+0400] {dag.py:3423} INFO - Setting next_dagrun for example_branch_dop_operator_v3 to 2023-01-09T10:18:00+00:00, run_after=2023-01-09T10:19:00+00:00
[2023-01-09T14:20:00.009+0400] {processor.py:175} INFO - Processing /Users/harut/opt/anaconda3/lib/python3.9/site-packages/airflow/example_dags/example_branch_python_dop_operator_3.py took 0.417 seconds
[2023-01-09T14:21:13.834+0400] {processor.py:153} INFO - Started process (PID=12563) to work on /Users/harut/opt/anaconda3/lib/python3.9/site-packages/airflow/example_dags/example_branch_python_dop_operator_3.py
[2023-01-09T14:21:13.835+0400] {processor.py:743} INFO - Processing file /Users/harut/opt/anaconda3/lib/python3.9/site-packages/airflow/example_dags/example_branch_python_dop_operator_3.py for tasks to queue
[2023-01-09T14:21:13.835+0400] {logging_mixin.py:137} INFO - [2023-01-09T14:21:13.835+0400] {dagbag.py:538} INFO - Filling up the DagBag from /Users/harut/opt/anaconda3/lib/python3.9/site-packages/airflow/example_dags/example_branch_python_dop_operator_3.py
[2023-01-09T14:21:13.865+0400] {processor.py:753} INFO - DAG(s) dict_keys(['example_branch_dop_operator_v3']) retrieved from /Users/harut/opt/anaconda3/lib/python3.9/site-packages/airflow/example_dags/example_branch_python_dop_operator_3.py
[2023-01-09T14:21:14.226+0400] {logging_mixin.py:137} INFO - [2023-01-09T14:21:14.226+0400] {dag.py:2676} INFO - Sync 1 DAGs
[2023-01-09T14:21:14.238+0400] {logging_mixin.py:137} INFO - [2023-01-09T14:21:14.238+0400] {dag.py:3423} INFO - Setting next_dagrun for example_branch_dop_operator_v3 to 2023-01-09T10:20:00+00:00, run_after=2023-01-09T10:21:00+00:00
[2023-01-09T14:21:14.248+0400] {processor.py:175} INFO - Processing /Users/harut/opt/anaconda3/lib/python3.9/site-packages/airflow/example_dags/example_branch_python_dop_operator_3.py took 0.414 seconds
[2023-01-09T14:22:28.068+0400] {processor.py:153} INFO - Started process (PID=12616) to work on /Users/harut/opt/anaconda3/lib/python3.9/site-packages/airflow/example_dags/example_branch_python_dop_operator_3.py
[2023-01-09T14:22:28.068+0400] {processor.py:743} INFO - Processing file /Users/harut/opt/anaconda3/lib/python3.9/site-packages/airflow/example_dags/example_branch_python_dop_operator_3.py for tasks to queue
[2023-01-09T14:22:28.068+0400] {logging_mixin.py:137} INFO - [2023-01-09T14:22:28.068+0400] {dagbag.py:538} INFO - Filling up the DagBag from /Users/harut/opt/anaconda3/lib/python3.9/site-packages/airflow/example_dags/example_branch_python_dop_operator_3.py
[2023-01-09T14:22:28.098+0400] {processor.py:753} INFO - DAG(s) dict_keys(['example_branch_dop_operator_v3']) retrieved from /Users/harut/opt/anaconda3/lib/python3.9/site-packages/airflow/example_dags/example_branch_python_dop_operator_3.py
[2023-01-09T14:22:28.457+0400] {logging_mixin.py:137} INFO - [2023-01-09T14:22:28.457+0400] {dag.py:2676} INFO - Sync 1 DAGs
[2023-01-09T14:22:28.469+0400] {logging_mixin.py:137} INFO - [2023-01-09T14:22:28.469+0400] {dag.py:3423} INFO - Setting next_dagrun for example_branch_dop_operator_v3 to 2023-01-09T10:21:00+00:00, run_after=2023-01-09T10:22:00+00:00
[2023-01-09T14:22:28.478+0400] {processor.py:175} INFO - Processing /Users/harut/opt/anaconda3/lib/python3.9/site-packages/airflow/example_dags/example_branch_python_dop_operator_3.py took 0.411 seconds
[2023-01-09T14:23:44.598+0400] {processor.py:153} INFO - Started process (PID=12657) to work on /Users/harut/opt/anaconda3/lib/python3.9/site-packages/airflow/example_dags/example_branch_python_dop_operator_3.py
[2023-01-09T14:23:44.599+0400] {processor.py:743} INFO - Processing file /Users/harut/opt/anaconda3/lib/python3.9/site-packages/airflow/example_dags/example_branch_python_dop_operator_3.py for tasks to queue
[2023-01-09T14:23:44.599+0400] {logging_mixin.py:137} INFO - [2023-01-09T14:23:44.599+0400] {dagbag.py:538} INFO - Filling up the DagBag from /Users/harut/opt/anaconda3/lib/python3.9/site-packages/airflow/example_dags/example_branch_python_dop_operator_3.py
[2023-01-09T14:23:44.630+0400] {processor.py:753} INFO - DAG(s) dict_keys(['example_branch_dop_operator_v3']) retrieved from /Users/harut/opt/anaconda3/lib/python3.9/site-packages/airflow/example_dags/example_branch_python_dop_operator_3.py
[2023-01-09T14:23:45.000+0400] {logging_mixin.py:137} INFO - [2023-01-09T14:23:44.999+0400] {dag.py:2676} INFO - Sync 1 DAGs
[2023-01-09T14:23:45.012+0400] {logging_mixin.py:137} INFO - [2023-01-09T14:23:45.012+0400] {dag.py:3423} INFO - Setting next_dagrun for example_branch_dop_operator_v3 to 2023-01-09T10:22:00+00:00, run_after=2023-01-09T10:23:00+00:00
[2023-01-09T14:23:45.022+0400] {processor.py:175} INFO - Processing /Users/harut/opt/anaconda3/lib/python3.9/site-packages/airflow/example_dags/example_branch_python_dop_operator_3.py took 0.424 seconds
[2023-01-09T14:25:04.894+0400] {processor.py:153} INFO - Started process (PID=12701) to work on /Users/harut/opt/anaconda3/lib/python3.9/site-packages/airflow/example_dags/example_branch_python_dop_operator_3.py
[2023-01-09T14:25:04.894+0400] {processor.py:743} INFO - Processing file /Users/harut/opt/anaconda3/lib/python3.9/site-packages/airflow/example_dags/example_branch_python_dop_operator_3.py for tasks to queue
[2023-01-09T14:25:04.895+0400] {logging_mixin.py:137} INFO - [2023-01-09T14:25:04.895+0400] {dagbag.py:538} INFO - Filling up the DagBag from /Users/harut/opt/anaconda3/lib/python3.9/site-packages/airflow/example_dags/example_branch_python_dop_operator_3.py
[2023-01-09T14:25:04.924+0400] {processor.py:753} INFO - DAG(s) dict_keys(['example_branch_dop_operator_v3']) retrieved from /Users/harut/opt/anaconda3/lib/python3.9/site-packages/airflow/example_dags/example_branch_python_dop_operator_3.py
[2023-01-09T14:25:05.294+0400] {logging_mixin.py:137} INFO - [2023-01-09T14:25:05.294+0400] {dag.py:2676} INFO - Sync 1 DAGs
[2023-01-09T14:25:05.306+0400] {logging_mixin.py:137} INFO - [2023-01-09T14:25:05.306+0400] {dag.py:3423} INFO - Setting next_dagrun for example_branch_dop_operator_v3 to 2023-01-09T10:24:00+00:00, run_after=2023-01-09T10:25:00+00:00
[2023-01-09T14:25:05.316+0400] {processor.py:175} INFO - Processing /Users/harut/opt/anaconda3/lib/python3.9/site-packages/airflow/example_dags/example_branch_python_dop_operator_3.py took 0.423 seconds
[2023-01-09T14:26:23.607+0400] {processor.py:153} INFO - Started process (PID=12745) to work on /Users/harut/opt/anaconda3/lib/python3.9/site-packages/airflow/example_dags/example_branch_python_dop_operator_3.py
[2023-01-09T14:26:23.607+0400] {processor.py:743} INFO - Processing file /Users/harut/opt/anaconda3/lib/python3.9/site-packages/airflow/example_dags/example_branch_python_dop_operator_3.py for tasks to queue
[2023-01-09T14:26:23.607+0400] {logging_mixin.py:137} INFO - [2023-01-09T14:26:23.607+0400] {dagbag.py:538} INFO - Filling up the DagBag from /Users/harut/opt/anaconda3/lib/python3.9/site-packages/airflow/example_dags/example_branch_python_dop_operator_3.py
[2023-01-09T14:26:23.637+0400] {processor.py:753} INFO - DAG(s) dict_keys(['example_branch_dop_operator_v3']) retrieved from /Users/harut/opt/anaconda3/lib/python3.9/site-packages/airflow/example_dags/example_branch_python_dop_operator_3.py
[2023-01-09T14:26:24.003+0400] {logging_mixin.py:137} INFO - [2023-01-09T14:26:24.003+0400] {dag.py:2676} INFO - Sync 1 DAGs
[2023-01-09T14:26:24.015+0400] {logging_mixin.py:137} INFO - [2023-01-09T14:26:24.015+0400] {dag.py:3423} INFO - Setting next_dagrun for example_branch_dop_operator_v3 to 2023-01-09T10:25:00+00:00, run_after=2023-01-09T10:26:00+00:00
[2023-01-09T14:26:24.025+0400] {processor.py:175} INFO - Processing /Users/harut/opt/anaconda3/lib/python3.9/site-packages/airflow/example_dags/example_branch_python_dop_operator_3.py took 0.419 seconds
[2023-01-09T14:27:39.797+0400] {processor.py:153} INFO - Started process (PID=12788) to work on /Users/harut/opt/anaconda3/lib/python3.9/site-packages/airflow/example_dags/example_branch_python_dop_operator_3.py
[2023-01-09T14:27:39.797+0400] {processor.py:743} INFO - Processing file /Users/harut/opt/anaconda3/lib/python3.9/site-packages/airflow/example_dags/example_branch_python_dop_operator_3.py for tasks to queue
[2023-01-09T14:27:39.798+0400] {logging_mixin.py:137} INFO - [2023-01-09T14:27:39.798+0400] {dagbag.py:538} INFO - Filling up the DagBag from /Users/harut/opt/anaconda3/lib/python3.9/site-packages/airflow/example_dags/example_branch_python_dop_operator_3.py
[2023-01-09T14:27:39.828+0400] {processor.py:753} INFO - DAG(s) dict_keys(['example_branch_dop_operator_v3']) retrieved from /Users/harut/opt/anaconda3/lib/python3.9/site-packages/airflow/example_dags/example_branch_python_dop_operator_3.py
[2023-01-09T14:27:40.196+0400] {logging_mixin.py:137} INFO - [2023-01-09T14:27:40.196+0400] {dag.py:2676} INFO - Sync 1 DAGs
[2023-01-09T14:27:40.209+0400] {logging_mixin.py:137} INFO - [2023-01-09T14:27:40.209+0400] {dag.py:3423} INFO - Setting next_dagrun for example_branch_dop_operator_v3 to 2023-01-09T10:26:00+00:00, run_after=2023-01-09T10:27:00+00:00
[2023-01-09T14:27:40.219+0400] {processor.py:175} INFO - Processing /Users/harut/opt/anaconda3/lib/python3.9/site-packages/airflow/example_dags/example_branch_python_dop_operator_3.py took 0.422 seconds
[2023-01-09T14:28:57.146+0400] {processor.py:153} INFO - Started process (PID=12833) to work on /Users/harut/opt/anaconda3/lib/python3.9/site-packages/airflow/example_dags/example_branch_python_dop_operator_3.py
[2023-01-09T14:28:57.147+0400] {processor.py:743} INFO - Processing file /Users/harut/opt/anaconda3/lib/python3.9/site-packages/airflow/example_dags/example_branch_python_dop_operator_3.py for tasks to queue
[2023-01-09T14:28:57.147+0400] {logging_mixin.py:137} INFO - [2023-01-09T14:28:57.147+0400] {dagbag.py:538} INFO - Filling up the DagBag from /Users/harut/opt/anaconda3/lib/python3.9/site-packages/airflow/example_dags/example_branch_python_dop_operator_3.py
[2023-01-09T14:28:57.177+0400] {processor.py:753} INFO - DAG(s) dict_keys(['example_branch_dop_operator_v3']) retrieved from /Users/harut/opt/anaconda3/lib/python3.9/site-packages/airflow/example_dags/example_branch_python_dop_operator_3.py
[2023-01-09T14:28:57.535+0400] {logging_mixin.py:137} INFO - [2023-01-09T14:28:57.535+0400] {dag.py:2676} INFO - Sync 1 DAGs
[2023-01-09T14:28:57.547+0400] {logging_mixin.py:137} INFO - [2023-01-09T14:28:57.547+0400] {dag.py:3423} INFO - Setting next_dagrun for example_branch_dop_operator_v3 to 2023-01-09T10:27:00+00:00, run_after=2023-01-09T10:28:00+00:00
[2023-01-09T14:28:57.557+0400] {processor.py:175} INFO - Processing /Users/harut/opt/anaconda3/lib/python3.9/site-packages/airflow/example_dags/example_branch_python_dop_operator_3.py took 0.411 seconds
[2023-01-09T14:30:13.916+0400] {processor.py:153} INFO - Started process (PID=12875) to work on /Users/harut/opt/anaconda3/lib/python3.9/site-packages/airflow/example_dags/example_branch_python_dop_operator_3.py
[2023-01-09T14:30:13.917+0400] {processor.py:743} INFO - Processing file /Users/harut/opt/anaconda3/lib/python3.9/site-packages/airflow/example_dags/example_branch_python_dop_operator_3.py for tasks to queue
[2023-01-09T14:30:13.917+0400] {logging_mixin.py:137} INFO - [2023-01-09T14:30:13.917+0400] {dagbag.py:538} INFO - Filling up the DagBag from /Users/harut/opt/anaconda3/lib/python3.9/site-packages/airflow/example_dags/example_branch_python_dop_operator_3.py
[2023-01-09T14:30:13.947+0400] {processor.py:753} INFO - DAG(s) dict_keys(['example_branch_dop_operator_v3']) retrieved from /Users/harut/opt/anaconda3/lib/python3.9/site-packages/airflow/example_dags/example_branch_python_dop_operator_3.py
[2023-01-09T14:30:14.312+0400] {logging_mixin.py:137} INFO - [2023-01-09T14:30:14.312+0400] {dag.py:2676} INFO - Sync 1 DAGs
[2023-01-09T14:30:14.324+0400] {logging_mixin.py:137} INFO - [2023-01-09T14:30:14.324+0400] {dag.py:3423} INFO - Setting next_dagrun for example_branch_dop_operator_v3 to 2023-01-09T10:29:00+00:00, run_after=2023-01-09T10:30:00+00:00
[2023-01-09T14:30:14.333+0400] {processor.py:175} INFO - Processing /Users/harut/opt/anaconda3/lib/python3.9/site-packages/airflow/example_dags/example_branch_python_dop_operator_3.py took 0.417 seconds
[2023-01-09T14:31:28.964+0400] {processor.py:153} INFO - Started process (PID=12920) to work on /Users/harut/opt/anaconda3/lib/python3.9/site-packages/airflow/example_dags/example_branch_python_dop_operator_3.py
[2023-01-09T14:31:28.965+0400] {processor.py:743} INFO - Processing file /Users/harut/opt/anaconda3/lib/python3.9/site-packages/airflow/example_dags/example_branch_python_dop_operator_3.py for tasks to queue
[2023-01-09T14:31:28.965+0400] {logging_mixin.py:137} INFO - [2023-01-09T14:31:28.965+0400] {dagbag.py:538} INFO - Filling up the DagBag from /Users/harut/opt/anaconda3/lib/python3.9/site-packages/airflow/example_dags/example_branch_python_dop_operator_3.py
[2023-01-09T14:31:28.995+0400] {processor.py:753} INFO - DAG(s) dict_keys(['example_branch_dop_operator_v3']) retrieved from /Users/harut/opt/anaconda3/lib/python3.9/site-packages/airflow/example_dags/example_branch_python_dop_operator_3.py
[2023-01-09T14:31:29.354+0400] {logging_mixin.py:137} INFO - [2023-01-09T14:31:29.354+0400] {dag.py:2676} INFO - Sync 1 DAGs
[2023-01-09T14:31:29.366+0400] {logging_mixin.py:137} INFO - [2023-01-09T14:31:29.366+0400] {dag.py:3423} INFO - Setting next_dagrun for example_branch_dop_operator_v3 to 2023-01-09T10:30:00+00:00, run_after=2023-01-09T10:31:00+00:00
[2023-01-09T14:31:29.376+0400] {processor.py:175} INFO - Processing /Users/harut/opt/anaconda3/lib/python3.9/site-packages/airflow/example_dags/example_branch_python_dop_operator_3.py took 0.412 seconds
[2023-01-09T14:32:44.909+0400] {processor.py:153} INFO - Started process (PID=12971) to work on /Users/harut/opt/anaconda3/lib/python3.9/site-packages/airflow/example_dags/example_branch_python_dop_operator_3.py
[2023-01-09T14:32:44.909+0400] {processor.py:743} INFO - Processing file /Users/harut/opt/anaconda3/lib/python3.9/site-packages/airflow/example_dags/example_branch_python_dop_operator_3.py for tasks to queue
[2023-01-09T14:32:44.910+0400] {logging_mixin.py:137} INFO - [2023-01-09T14:32:44.910+0400] {dagbag.py:538} INFO - Filling up the DagBag from /Users/harut/opt/anaconda3/lib/python3.9/site-packages/airflow/example_dags/example_branch_python_dop_operator_3.py
[2023-01-09T14:32:44.940+0400] {processor.py:753} INFO - DAG(s) dict_keys(['example_branch_dop_operator_v3']) retrieved from /Users/harut/opt/anaconda3/lib/python3.9/site-packages/airflow/example_dags/example_branch_python_dop_operator_3.py
[2023-01-09T14:32:45.301+0400] {logging_mixin.py:137} INFO - [2023-01-09T14:32:45.300+0400] {dag.py:2676} INFO - Sync 1 DAGs
[2023-01-09T14:32:45.313+0400] {logging_mixin.py:137} INFO - [2023-01-09T14:32:45.313+0400] {dag.py:3423} INFO - Setting next_dagrun for example_branch_dop_operator_v3 to 2023-01-09T10:31:00+00:00, run_after=2023-01-09T10:32:00+00:00
[2023-01-09T14:32:45.322+0400] {processor.py:175} INFO - Processing /Users/harut/opt/anaconda3/lib/python3.9/site-packages/airflow/example_dags/example_branch_python_dop_operator_3.py took 0.414 seconds
[2023-01-09T14:34:02.426+0400] {processor.py:153} INFO - Started process (PID=13019) to work on /Users/harut/opt/anaconda3/lib/python3.9/site-packages/airflow/example_dags/example_branch_python_dop_operator_3.py
[2023-01-09T14:34:02.427+0400] {processor.py:743} INFO - Processing file /Users/harut/opt/anaconda3/lib/python3.9/site-packages/airflow/example_dags/example_branch_python_dop_operator_3.py for tasks to queue
[2023-01-09T14:34:02.427+0400] {logging_mixin.py:137} INFO - [2023-01-09T14:34:02.427+0400] {dagbag.py:538} INFO - Filling up the DagBag from /Users/harut/opt/anaconda3/lib/python3.9/site-packages/airflow/example_dags/example_branch_python_dop_operator_3.py
[2023-01-09T14:34:02.460+0400] {processor.py:753} INFO - DAG(s) dict_keys(['example_branch_dop_operator_v3']) retrieved from /Users/harut/opt/anaconda3/lib/python3.9/site-packages/airflow/example_dags/example_branch_python_dop_operator_3.py
[2023-01-09T14:34:02.867+0400] {logging_mixin.py:137} INFO - [2023-01-09T14:34:02.866+0400] {dag.py:2676} INFO - Sync 1 DAGs
[2023-01-09T14:34:02.879+0400] {logging_mixin.py:137} INFO - [2023-01-09T14:34:02.879+0400] {dag.py:3423} INFO - Setting next_dagrun for example_branch_dop_operator_v3 to 2023-01-09T10:33:00+00:00, run_after=2023-01-09T10:34:00+00:00
[2023-01-09T14:34:02.889+0400] {processor.py:175} INFO - Processing /Users/harut/opt/anaconda3/lib/python3.9/site-packages/airflow/example_dags/example_branch_python_dop_operator_3.py took 0.464 seconds
[2023-01-09T14:35:19.725+0400] {processor.py:153} INFO - Started process (PID=13068) to work on /Users/harut/opt/anaconda3/lib/python3.9/site-packages/airflow/example_dags/example_branch_python_dop_operator_3.py
[2023-01-09T14:35:19.726+0400] {processor.py:743} INFO - Processing file /Users/harut/opt/anaconda3/lib/python3.9/site-packages/airflow/example_dags/example_branch_python_dop_operator_3.py for tasks to queue
[2023-01-09T14:35:19.726+0400] {logging_mixin.py:137} INFO - [2023-01-09T14:35:19.726+0400] {dagbag.py:538} INFO - Filling up the DagBag from /Users/harut/opt/anaconda3/lib/python3.9/site-packages/airflow/example_dags/example_branch_python_dop_operator_3.py
[2023-01-09T14:35:19.756+0400] {processor.py:753} INFO - DAG(s) dict_keys(['example_branch_dop_operator_v3']) retrieved from /Users/harut/opt/anaconda3/lib/python3.9/site-packages/airflow/example_dags/example_branch_python_dop_operator_3.py
[2023-01-09T14:35:20.116+0400] {logging_mixin.py:137} INFO - [2023-01-09T14:35:20.116+0400] {dag.py:2676} INFO - Sync 1 DAGs
[2023-01-09T14:35:20.128+0400] {logging_mixin.py:137} INFO - [2023-01-09T14:35:20.128+0400] {dag.py:3423} INFO - Setting next_dagrun for example_branch_dop_operator_v3 to 2023-01-09T10:34:00+00:00, run_after=2023-01-09T10:35:00+00:00
[2023-01-09T14:35:20.137+0400] {processor.py:175} INFO - Processing /Users/harut/opt/anaconda3/lib/python3.9/site-packages/airflow/example_dags/example_branch_python_dop_operator_3.py took 0.412 seconds
[2023-01-09T14:36:37.620+0400] {processor.py:153} INFO - Started process (PID=13113) to work on /Users/harut/opt/anaconda3/lib/python3.9/site-packages/airflow/example_dags/example_branch_python_dop_operator_3.py
[2023-01-09T14:36:37.621+0400] {processor.py:743} INFO - Processing file /Users/harut/opt/anaconda3/lib/python3.9/site-packages/airflow/example_dags/example_branch_python_dop_operator_3.py for tasks to queue
[2023-01-09T14:36:37.621+0400] {logging_mixin.py:137} INFO - [2023-01-09T14:36:37.621+0400] {dagbag.py:538} INFO - Filling up the DagBag from /Users/harut/opt/anaconda3/lib/python3.9/site-packages/airflow/example_dags/example_branch_python_dop_operator_3.py
[2023-01-09T14:36:37.651+0400] {processor.py:753} INFO - DAG(s) dict_keys(['example_branch_dop_operator_v3']) retrieved from /Users/harut/opt/anaconda3/lib/python3.9/site-packages/airflow/example_dags/example_branch_python_dop_operator_3.py
[2023-01-09T14:36:38.016+0400] {logging_mixin.py:137} INFO - [2023-01-09T14:36:38.016+0400] {dag.py:2676} INFO - Sync 1 DAGs
[2023-01-09T14:36:38.029+0400] {logging_mixin.py:137} INFO - [2023-01-09T14:36:38.029+0400] {dag.py:3423} INFO - Setting next_dagrun for example_branch_dop_operator_v3 to 2023-01-09T10:35:00+00:00, run_after=2023-01-09T10:36:00+00:00
[2023-01-09T14:36:38.039+0400] {processor.py:175} INFO - Processing /Users/harut/opt/anaconda3/lib/python3.9/site-packages/airflow/example_dags/example_branch_python_dop_operator_3.py took 0.419 seconds
[2023-01-09T14:37:54.926+0400] {processor.py:153} INFO - Started process (PID=13157) to work on /Users/harut/opt/anaconda3/lib/python3.9/site-packages/airflow/example_dags/example_branch_python_dop_operator_3.py
[2023-01-09T14:37:54.927+0400] {processor.py:743} INFO - Processing file /Users/harut/opt/anaconda3/lib/python3.9/site-packages/airflow/example_dags/example_branch_python_dop_operator_3.py for tasks to queue
[2023-01-09T14:37:54.927+0400] {logging_mixin.py:137} INFO - [2023-01-09T14:37:54.927+0400] {dagbag.py:538} INFO - Filling up the DagBag from /Users/harut/opt/anaconda3/lib/python3.9/site-packages/airflow/example_dags/example_branch_python_dop_operator_3.py
[2023-01-09T14:37:54.961+0400] {processor.py:753} INFO - DAG(s) dict_keys(['example_branch_dop_operator_v3']) retrieved from /Users/harut/opt/anaconda3/lib/python3.9/site-packages/airflow/example_dags/example_branch_python_dop_operator_3.py
[2023-01-09T14:37:55.345+0400] {logging_mixin.py:137} INFO - [2023-01-09T14:37:55.344+0400] {dag.py:2676} INFO - Sync 1 DAGs
[2023-01-09T14:37:55.356+0400] {logging_mixin.py:137} INFO - [2023-01-09T14:37:55.356+0400] {dag.py:3423} INFO - Setting next_dagrun for example_branch_dop_operator_v3 to 2023-01-09T10:36:00+00:00, run_after=2023-01-09T10:37:00+00:00
[2023-01-09T14:37:55.366+0400] {processor.py:175} INFO - Processing /Users/harut/opt/anaconda3/lib/python3.9/site-packages/airflow/example_dags/example_branch_python_dop_operator_3.py took 0.440 seconds
[2023-01-09T14:39:11.233+0400] {processor.py:153} INFO - Started process (PID=13199) to work on /Users/harut/opt/anaconda3/lib/python3.9/site-packages/airflow/example_dags/example_branch_python_dop_operator_3.py
[2023-01-09T14:39:11.234+0400] {processor.py:743} INFO - Processing file /Users/harut/opt/anaconda3/lib/python3.9/site-packages/airflow/example_dags/example_branch_python_dop_operator_3.py for tasks to queue
[2023-01-09T14:39:11.234+0400] {logging_mixin.py:137} INFO - [2023-01-09T14:39:11.234+0400] {dagbag.py:538} INFO - Filling up the DagBag from /Users/harut/opt/anaconda3/lib/python3.9/site-packages/airflow/example_dags/example_branch_python_dop_operator_3.py
[2023-01-09T14:39:11.264+0400] {processor.py:753} INFO - DAG(s) dict_keys(['example_branch_dop_operator_v3']) retrieved from /Users/harut/opt/anaconda3/lib/python3.9/site-packages/airflow/example_dags/example_branch_python_dop_operator_3.py
[2023-01-09T14:39:11.643+0400] {logging_mixin.py:137} INFO - [2023-01-09T14:39:11.643+0400] {dag.py:2676} INFO - Sync 1 DAGs
[2023-01-09T14:39:11.655+0400] {logging_mixin.py:137} INFO - [2023-01-09T14:39:11.655+0400] {dag.py:3423} INFO - Setting next_dagrun for example_branch_dop_operator_v3 to 2023-01-09T10:38:00+00:00, run_after=2023-01-09T10:39:00+00:00
[2023-01-09T14:39:11.665+0400] {processor.py:175} INFO - Processing /Users/harut/opt/anaconda3/lib/python3.9/site-packages/airflow/example_dags/example_branch_python_dop_operator_3.py took 0.433 seconds
[2023-01-09T14:40:28.445+0400] {processor.py:153} INFO - Started process (PID=13245) to work on /Users/harut/opt/anaconda3/lib/python3.9/site-packages/airflow/example_dags/example_branch_python_dop_operator_3.py
[2023-01-09T14:40:28.446+0400] {processor.py:743} INFO - Processing file /Users/harut/opt/anaconda3/lib/python3.9/site-packages/airflow/example_dags/example_branch_python_dop_operator_3.py for tasks to queue
[2023-01-09T14:40:28.446+0400] {logging_mixin.py:137} INFO - [2023-01-09T14:40:28.446+0400] {dagbag.py:538} INFO - Filling up the DagBag from /Users/harut/opt/anaconda3/lib/python3.9/site-packages/airflow/example_dags/example_branch_python_dop_operator_3.py
[2023-01-09T14:40:28.477+0400] {processor.py:753} INFO - DAG(s) dict_keys(['example_branch_dop_operator_v3']) retrieved from /Users/harut/opt/anaconda3/lib/python3.9/site-packages/airflow/example_dags/example_branch_python_dop_operator_3.py
[2023-01-09T14:40:28.870+0400] {logging_mixin.py:137} INFO - [2023-01-09T14:40:28.870+0400] {dag.py:2676} INFO - Sync 1 DAGs
[2023-01-09T14:40:28.882+0400] {logging_mixin.py:137} INFO - [2023-01-09T14:40:28.882+0400] {dag.py:3423} INFO - Setting next_dagrun for example_branch_dop_operator_v3 to 2023-01-09T10:39:00+00:00, run_after=2023-01-09T10:40:00+00:00
[2023-01-09T14:40:28.892+0400] {processor.py:175} INFO - Processing /Users/harut/opt/anaconda3/lib/python3.9/site-packages/airflow/example_dags/example_branch_python_dop_operator_3.py took 0.447 seconds
[2023-01-09T14:41:43.866+0400] {processor.py:153} INFO - Started process (PID=13291) to work on /Users/harut/opt/anaconda3/lib/python3.9/site-packages/airflow/example_dags/example_branch_python_dop_operator_3.py
[2023-01-09T14:41:43.867+0400] {processor.py:743} INFO - Processing file /Users/harut/opt/anaconda3/lib/python3.9/site-packages/airflow/example_dags/example_branch_python_dop_operator_3.py for tasks to queue
[2023-01-09T14:41:43.867+0400] {logging_mixin.py:137} INFO - [2023-01-09T14:41:43.867+0400] {dagbag.py:538} INFO - Filling up the DagBag from /Users/harut/opt/anaconda3/lib/python3.9/site-packages/airflow/example_dags/example_branch_python_dop_operator_3.py
[2023-01-09T14:41:43.905+0400] {processor.py:753} INFO - DAG(s) dict_keys(['example_branch_dop_operator_v3']) retrieved from /Users/harut/opt/anaconda3/lib/python3.9/site-packages/airflow/example_dags/example_branch_python_dop_operator_3.py
[2023-01-09T14:41:44.278+0400] {logging_mixin.py:137} INFO - [2023-01-09T14:41:44.278+0400] {dag.py:2676} INFO - Sync 1 DAGs
[2023-01-09T14:41:44.290+0400] {logging_mixin.py:137} INFO - [2023-01-09T14:41:44.290+0400] {dag.py:3423} INFO - Setting next_dagrun for example_branch_dop_operator_v3 to 2023-01-09T10:40:00+00:00, run_after=2023-01-09T10:41:00+00:00
[2023-01-09T14:41:44.299+0400] {processor.py:175} INFO - Processing /Users/harut/opt/anaconda3/lib/python3.9/site-packages/airflow/example_dags/example_branch_python_dop_operator_3.py took 0.434 seconds
[2023-01-09T14:42:59.585+0400] {processor.py:153} INFO - Started process (PID=13335) to work on /Users/harut/opt/anaconda3/lib/python3.9/site-packages/airflow/example_dags/example_branch_python_dop_operator_3.py
[2023-01-09T14:42:59.586+0400] {processor.py:743} INFO - Processing file /Users/harut/opt/anaconda3/lib/python3.9/site-packages/airflow/example_dags/example_branch_python_dop_operator_3.py for tasks to queue
[2023-01-09T14:42:59.586+0400] {logging_mixin.py:137} INFO - [2023-01-09T14:42:59.586+0400] {dagbag.py:538} INFO - Filling up the DagBag from /Users/harut/opt/anaconda3/lib/python3.9/site-packages/airflow/example_dags/example_branch_python_dop_operator_3.py
[2023-01-09T14:42:59.620+0400] {processor.py:753} INFO - DAG(s) dict_keys(['example_branch_dop_operator_v3']) retrieved from /Users/harut/opt/anaconda3/lib/python3.9/site-packages/airflow/example_dags/example_branch_python_dop_operator_3.py
[2023-01-09T14:43:00.050+0400] {logging_mixin.py:137} INFO - [2023-01-09T14:43:00.049+0400] {dag.py:2676} INFO - Sync 1 DAGs
[2023-01-09T14:43:00.063+0400] {logging_mixin.py:137} INFO - [2023-01-09T14:43:00.063+0400] {dag.py:3423} INFO - Setting next_dagrun for example_branch_dop_operator_v3 to 2023-01-09T10:42:00+00:00, run_after=2023-01-09T10:43:00+00:00
[2023-01-09T14:43:00.075+0400] {processor.py:175} INFO - Processing /Users/harut/opt/anaconda3/lib/python3.9/site-packages/airflow/example_dags/example_branch_python_dop_operator_3.py took 0.490 seconds
[2023-01-09T14:44:18.650+0400] {processor.py:153} INFO - Started process (PID=13380) to work on /Users/harut/opt/anaconda3/lib/python3.9/site-packages/airflow/example_dags/example_branch_python_dop_operator_3.py
[2023-01-09T14:44:18.651+0400] {processor.py:743} INFO - Processing file /Users/harut/opt/anaconda3/lib/python3.9/site-packages/airflow/example_dags/example_branch_python_dop_operator_3.py for tasks to queue
[2023-01-09T14:44:18.651+0400] {logging_mixin.py:137} INFO - [2023-01-09T14:44:18.651+0400] {dagbag.py:538} INFO - Filling up the DagBag from /Users/harut/opt/anaconda3/lib/python3.9/site-packages/airflow/example_dags/example_branch_python_dop_operator_3.py
[2023-01-09T14:44:18.685+0400] {processor.py:753} INFO - DAG(s) dict_keys(['example_branch_dop_operator_v3']) retrieved from /Users/harut/opt/anaconda3/lib/python3.9/site-packages/airflow/example_dags/example_branch_python_dop_operator_3.py
[2023-01-09T14:44:19.071+0400] {logging_mixin.py:137} INFO - [2023-01-09T14:44:19.071+0400] {dag.py:2676} INFO - Sync 1 DAGs
[2023-01-09T14:44:19.083+0400] {logging_mixin.py:137} INFO - [2023-01-09T14:44:19.083+0400] {dag.py:3423} INFO - Setting next_dagrun for example_branch_dop_operator_v3 to 2023-01-09T10:43:00+00:00, run_after=2023-01-09T10:44:00+00:00
[2023-01-09T14:44:19.093+0400] {processor.py:175} INFO - Processing /Users/harut/opt/anaconda3/lib/python3.9/site-packages/airflow/example_dags/example_branch_python_dop_operator_3.py took 0.443 seconds
[2023-01-09T14:45:36.301+0400] {processor.py:153} INFO - Started process (PID=13424) to work on /Users/harut/opt/anaconda3/lib/python3.9/site-packages/airflow/example_dags/example_branch_python_dop_operator_3.py
[2023-01-09T14:45:36.301+0400] {processor.py:743} INFO - Processing file /Users/harut/opt/anaconda3/lib/python3.9/site-packages/airflow/example_dags/example_branch_python_dop_operator_3.py for tasks to queue
[2023-01-09T14:45:36.301+0400] {logging_mixin.py:137} INFO - [2023-01-09T14:45:36.301+0400] {dagbag.py:538} INFO - Filling up the DagBag from /Users/harut/opt/anaconda3/lib/python3.9/site-packages/airflow/example_dags/example_branch_python_dop_operator_3.py
[2023-01-09T14:45:36.331+0400] {processor.py:753} INFO - DAG(s) dict_keys(['example_branch_dop_operator_v3']) retrieved from /Users/harut/opt/anaconda3/lib/python3.9/site-packages/airflow/example_dags/example_branch_python_dop_operator_3.py
[2023-01-09T14:45:36.708+0400] {logging_mixin.py:137} INFO - [2023-01-09T14:45:36.708+0400] {dag.py:2676} INFO - Sync 1 DAGs
[2023-01-09T14:45:36.720+0400] {logging_mixin.py:137} INFO - [2023-01-09T14:45:36.720+0400] {dag.py:3423} INFO - Setting next_dagrun for example_branch_dop_operator_v3 to 2023-01-09T10:44:00+00:00, run_after=2023-01-09T10:45:00+00:00
[2023-01-09T14:45:36.729+0400] {processor.py:175} INFO - Processing /Users/harut/opt/anaconda3/lib/python3.9/site-packages/airflow/example_dags/example_branch_python_dop_operator_3.py took 0.429 seconds
[2023-01-09T14:46:56.067+0400] {processor.py:153} INFO - Started process (PID=13474) to work on /Users/harut/opt/anaconda3/lib/python3.9/site-packages/airflow/example_dags/example_branch_python_dop_operator_3.py
[2023-01-09T14:46:56.068+0400] {processor.py:743} INFO - Processing file /Users/harut/opt/anaconda3/lib/python3.9/site-packages/airflow/example_dags/example_branch_python_dop_operator_3.py for tasks to queue
[2023-01-09T14:46:56.068+0400] {logging_mixin.py:137} INFO - [2023-01-09T14:46:56.068+0400] {dagbag.py:538} INFO - Filling up the DagBag from /Users/harut/opt/anaconda3/lib/python3.9/site-packages/airflow/example_dags/example_branch_python_dop_operator_3.py
[2023-01-09T14:46:56.102+0400] {processor.py:753} INFO - DAG(s) dict_keys(['example_branch_dop_operator_v3']) retrieved from /Users/harut/opt/anaconda3/lib/python3.9/site-packages/airflow/example_dags/example_branch_python_dop_operator_3.py
[2023-01-09T14:46:56.543+0400] {logging_mixin.py:137} INFO - [2023-01-09T14:46:56.543+0400] {dag.py:2676} INFO - Sync 1 DAGs
[2023-01-09T14:46:56.561+0400] {logging_mixin.py:137} INFO - [2023-01-09T14:46:56.561+0400] {dag.py:3423} INFO - Setting next_dagrun for example_branch_dop_operator_v3 to 2023-01-09T10:45:00+00:00, run_after=2023-01-09T10:46:00+00:00
[2023-01-09T14:46:56.575+0400] {processor.py:175} INFO - Processing /Users/harut/opt/anaconda3/lib/python3.9/site-packages/airflow/example_dags/example_branch_python_dop_operator_3.py took 0.508 seconds
[2023-01-09T14:48:16.229+0400] {processor.py:153} INFO - Started process (PID=13528) to work on /Users/harut/opt/anaconda3/lib/python3.9/site-packages/airflow/example_dags/example_branch_python_dop_operator_3.py
[2023-01-09T14:48:16.229+0400] {processor.py:743} INFO - Processing file /Users/harut/opt/anaconda3/lib/python3.9/site-packages/airflow/example_dags/example_branch_python_dop_operator_3.py for tasks to queue
[2023-01-09T14:48:16.230+0400] {logging_mixin.py:137} INFO - [2023-01-09T14:48:16.230+0400] {dagbag.py:538} INFO - Filling up the DagBag from /Users/harut/opt/anaconda3/lib/python3.9/site-packages/airflow/example_dags/example_branch_python_dop_operator_3.py
[2023-01-09T14:48:16.266+0400] {processor.py:753} INFO - DAG(s) dict_keys(['example_branch_dop_operator_v3']) retrieved from /Users/harut/opt/anaconda3/lib/python3.9/site-packages/airflow/example_dags/example_branch_python_dop_operator_3.py
[2023-01-09T14:48:16.662+0400] {logging_mixin.py:137} INFO - [2023-01-09T14:48:16.662+0400] {dag.py:2676} INFO - Sync 1 DAGs
[2023-01-09T14:48:16.676+0400] {logging_mixin.py:137} INFO - [2023-01-09T14:48:16.676+0400] {dag.py:3423} INFO - Setting next_dagrun for example_branch_dop_operator_v3 to 2023-01-09T10:47:00+00:00, run_after=2023-01-09T10:48:00+00:00
[2023-01-09T14:48:16.688+0400] {processor.py:175} INFO - Processing /Users/harut/opt/anaconda3/lib/python3.9/site-packages/airflow/example_dags/example_branch_python_dop_operator_3.py took 0.460 seconds
[2023-01-09T14:49:38.881+0400] {processor.py:153} INFO - Started process (PID=13573) to work on /Users/harut/opt/anaconda3/lib/python3.9/site-packages/airflow/example_dags/example_branch_python_dop_operator_3.py
[2023-01-09T14:49:38.882+0400] {processor.py:743} INFO - Processing file /Users/harut/opt/anaconda3/lib/python3.9/site-packages/airflow/example_dags/example_branch_python_dop_operator_3.py for tasks to queue
[2023-01-09T14:49:38.882+0400] {logging_mixin.py:137} INFO - [2023-01-09T14:49:38.882+0400] {dagbag.py:538} INFO - Filling up the DagBag from /Users/harut/opt/anaconda3/lib/python3.9/site-packages/airflow/example_dags/example_branch_python_dop_operator_3.py
[2023-01-09T14:49:38.917+0400] {processor.py:753} INFO - DAG(s) dict_keys(['example_branch_dop_operator_v3']) retrieved from /Users/harut/opt/anaconda3/lib/python3.9/site-packages/airflow/example_dags/example_branch_python_dop_operator_3.py
[2023-01-09T14:49:39.288+0400] {logging_mixin.py:137} INFO - [2023-01-09T14:49:39.288+0400] {dag.py:2676} INFO - Sync 1 DAGs
[2023-01-09T14:49:39.300+0400] {logging_mixin.py:137} INFO - [2023-01-09T14:49:39.300+0400] {dag.py:3423} INFO - Setting next_dagrun for example_branch_dop_operator_v3 to 2023-01-09T10:48:00+00:00, run_after=2023-01-09T10:49:00+00:00
[2023-01-09T14:49:39.309+0400] {processor.py:175} INFO - Processing /Users/harut/opt/anaconda3/lib/python3.9/site-packages/airflow/example_dags/example_branch_python_dop_operator_3.py took 0.429 seconds
[2023-01-09T14:50:59.053+0400] {processor.py:153} INFO - Started process (PID=13624) to work on /Users/harut/opt/anaconda3/lib/python3.9/site-packages/airflow/example_dags/example_branch_python_dop_operator_3.py
[2023-01-09T14:50:59.054+0400] {processor.py:743} INFO - Processing file /Users/harut/opt/anaconda3/lib/python3.9/site-packages/airflow/example_dags/example_branch_python_dop_operator_3.py for tasks to queue
[2023-01-09T14:50:59.054+0400] {logging_mixin.py:137} INFO - [2023-01-09T14:50:59.054+0400] {dagbag.py:538} INFO - Filling up the DagBag from /Users/harut/opt/anaconda3/lib/python3.9/site-packages/airflow/example_dags/example_branch_python_dop_operator_3.py
[2023-01-09T14:50:59.085+0400] {processor.py:753} INFO - DAG(s) dict_keys(['example_branch_dop_operator_v3']) retrieved from /Users/harut/opt/anaconda3/lib/python3.9/site-packages/airflow/example_dags/example_branch_python_dop_operator_3.py
[2023-01-09T14:50:59.456+0400] {logging_mixin.py:137} INFO - [2023-01-09T14:50:59.456+0400] {dag.py:2676} INFO - Sync 1 DAGs
[2023-01-09T14:50:59.468+0400] {logging_mixin.py:137} INFO - [2023-01-09T14:50:59.468+0400] {dag.py:3423} INFO - Setting next_dagrun for example_branch_dop_operator_v3 to 2023-01-09T10:49:00+00:00, run_after=2023-01-09T10:50:00+00:00
[2023-01-09T14:50:59.478+0400] {processor.py:175} INFO - Processing /Users/harut/opt/anaconda3/lib/python3.9/site-packages/airflow/example_dags/example_branch_python_dop_operator_3.py took 0.425 seconds
[2023-01-09T14:52:21.103+0400] {processor.py:153} INFO - Started process (PID=13673) to work on /Users/harut/opt/anaconda3/lib/python3.9/site-packages/airflow/example_dags/example_branch_python_dop_operator_3.py
[2023-01-09T14:52:21.104+0400] {processor.py:743} INFO - Processing file /Users/harut/opt/anaconda3/lib/python3.9/site-packages/airflow/example_dags/example_branch_python_dop_operator_3.py for tasks to queue
[2023-01-09T14:52:21.104+0400] {logging_mixin.py:137} INFO - [2023-01-09T14:52:21.104+0400] {dagbag.py:538} INFO - Filling up the DagBag from /Users/harut/opt/anaconda3/lib/python3.9/site-packages/airflow/example_dags/example_branch_python_dop_operator_3.py
[2023-01-09T14:52:21.134+0400] {processor.py:753} INFO - DAG(s) dict_keys(['example_branch_dop_operator_v3']) retrieved from /Users/harut/opt/anaconda3/lib/python3.9/site-packages/airflow/example_dags/example_branch_python_dop_operator_3.py
[2023-01-09T14:52:21.502+0400] {logging_mixin.py:137} INFO - [2023-01-09T14:52:21.501+0400] {dag.py:2676} INFO - Sync 1 DAGs
[2023-01-09T14:52:21.514+0400] {logging_mixin.py:137} INFO - [2023-01-09T14:52:21.514+0400] {dag.py:3423} INFO - Setting next_dagrun for example_branch_dop_operator_v3 to 2023-01-09T10:51:00+00:00, run_after=2023-01-09T10:52:00+00:00
[2023-01-09T14:52:21.524+0400] {processor.py:175} INFO - Processing /Users/harut/opt/anaconda3/lib/python3.9/site-packages/airflow/example_dags/example_branch_python_dop_operator_3.py took 0.422 seconds
[2023-01-09T14:53:39.164+0400] {processor.py:153} INFO - Started process (PID=13718) to work on /Users/harut/opt/anaconda3/lib/python3.9/site-packages/airflow/example_dags/example_branch_python_dop_operator_3.py
[2023-01-09T14:53:39.165+0400] {processor.py:743} INFO - Processing file /Users/harut/opt/anaconda3/lib/python3.9/site-packages/airflow/example_dags/example_branch_python_dop_operator_3.py for tasks to queue
[2023-01-09T14:53:39.165+0400] {logging_mixin.py:137} INFO - [2023-01-09T14:53:39.165+0400] {dagbag.py:538} INFO - Filling up the DagBag from /Users/harut/opt/anaconda3/lib/python3.9/site-packages/airflow/example_dags/example_branch_python_dop_operator_3.py
[2023-01-09T14:53:39.198+0400] {processor.py:753} INFO - DAG(s) dict_keys(['example_branch_dop_operator_v3']) retrieved from /Users/harut/opt/anaconda3/lib/python3.9/site-packages/airflow/example_dags/example_branch_python_dop_operator_3.py
[2023-01-09T14:53:39.591+0400] {logging_mixin.py:137} INFO - [2023-01-09T14:53:39.591+0400] {dag.py:2676} INFO - Sync 1 DAGs
[2023-01-09T14:53:39.604+0400] {logging_mixin.py:137} INFO - [2023-01-09T14:53:39.604+0400] {dag.py:3423} INFO - Setting next_dagrun for example_branch_dop_operator_v3 to 2023-01-09T10:52:00+00:00, run_after=2023-01-09T10:53:00+00:00
[2023-01-09T14:53:39.614+0400] {processor.py:175} INFO - Processing /Users/harut/opt/anaconda3/lib/python3.9/site-packages/airflow/example_dags/example_branch_python_dop_operator_3.py took 0.450 seconds
[2023-01-09T14:55:02.198+0400] {processor.py:153} INFO - Started process (PID=13761) to work on /Users/harut/opt/anaconda3/lib/python3.9/site-packages/airflow/example_dags/example_branch_python_dop_operator_3.py
[2023-01-09T14:55:02.199+0400] {processor.py:743} INFO - Processing file /Users/harut/opt/anaconda3/lib/python3.9/site-packages/airflow/example_dags/example_branch_python_dop_operator_3.py for tasks to queue
[2023-01-09T14:55:02.199+0400] {logging_mixin.py:137} INFO - [2023-01-09T14:55:02.199+0400] {dagbag.py:538} INFO - Filling up the DagBag from /Users/harut/opt/anaconda3/lib/python3.9/site-packages/airflow/example_dags/example_branch_python_dop_operator_3.py
[2023-01-09T14:55:02.230+0400] {processor.py:753} INFO - DAG(s) dict_keys(['example_branch_dop_operator_v3']) retrieved from /Users/harut/opt/anaconda3/lib/python3.9/site-packages/airflow/example_dags/example_branch_python_dop_operator_3.py
[2023-01-09T14:55:02.611+0400] {logging_mixin.py:137} INFO - [2023-01-09T14:55:02.611+0400] {dag.py:2676} INFO - Sync 1 DAGs
[2023-01-09T14:55:02.624+0400] {logging_mixin.py:137} INFO - [2023-01-09T14:55:02.624+0400] {dag.py:3423} INFO - Setting next_dagrun for example_branch_dop_operator_v3 to 2023-01-09T10:54:00+00:00, run_after=2023-01-09T10:55:00+00:00
[2023-01-09T14:55:02.634+0400] {processor.py:175} INFO - Processing /Users/harut/opt/anaconda3/lib/python3.9/site-packages/airflow/example_dags/example_branch_python_dop_operator_3.py took 0.436 seconds
[2023-01-09T14:56:23.585+0400] {processor.py:153} INFO - Started process (PID=13810) to work on /Users/harut/opt/anaconda3/lib/python3.9/site-packages/airflow/example_dags/example_branch_python_dop_operator_3.py
[2023-01-09T14:56:23.586+0400] {processor.py:743} INFO - Processing file /Users/harut/opt/anaconda3/lib/python3.9/site-packages/airflow/example_dags/example_branch_python_dop_operator_3.py for tasks to queue
[2023-01-09T14:56:23.586+0400] {logging_mixin.py:137} INFO - [2023-01-09T14:56:23.586+0400] {dagbag.py:538} INFO - Filling up the DagBag from /Users/harut/opt/anaconda3/lib/python3.9/site-packages/airflow/example_dags/example_branch_python_dop_operator_3.py
[2023-01-09T14:56:23.616+0400] {processor.py:753} INFO - DAG(s) dict_keys(['example_branch_dop_operator_v3']) retrieved from /Users/harut/opt/anaconda3/lib/python3.9/site-packages/airflow/example_dags/example_branch_python_dop_operator_3.py
[2023-01-09T14:56:23.995+0400] {logging_mixin.py:137} INFO - [2023-01-09T14:56:23.995+0400] {dag.py:2676} INFO - Sync 1 DAGs
[2023-01-09T14:56:24.007+0400] {logging_mixin.py:137} INFO - [2023-01-09T14:56:24.007+0400] {dag.py:3423} INFO - Setting next_dagrun for example_branch_dop_operator_v3 to 2023-01-09T10:55:00+00:00, run_after=2023-01-09T10:56:00+00:00
[2023-01-09T14:56:24.018+0400] {processor.py:175} INFO - Processing /Users/harut/opt/anaconda3/lib/python3.9/site-packages/airflow/example_dags/example_branch_python_dop_operator_3.py took 0.433 seconds
[2023-01-09T14:57:46.190+0400] {processor.py:153} INFO - Started process (PID=13852) to work on /Users/harut/opt/anaconda3/lib/python3.9/site-packages/airflow/example_dags/example_branch_python_dop_operator_3.py
[2023-01-09T14:57:46.191+0400] {processor.py:743} INFO - Processing file /Users/harut/opt/anaconda3/lib/python3.9/site-packages/airflow/example_dags/example_branch_python_dop_operator_3.py for tasks to queue
[2023-01-09T14:57:46.191+0400] {logging_mixin.py:137} INFO - [2023-01-09T14:57:46.191+0400] {dagbag.py:538} INFO - Filling up the DagBag from /Users/harut/opt/anaconda3/lib/python3.9/site-packages/airflow/example_dags/example_branch_python_dop_operator_3.py
[2023-01-09T14:57:46.222+0400] {processor.py:753} INFO - DAG(s) dict_keys(['example_branch_dop_operator_v3']) retrieved from /Users/harut/opt/anaconda3/lib/python3.9/site-packages/airflow/example_dags/example_branch_python_dop_operator_3.py
[2023-01-09T14:57:46.585+0400] {logging_mixin.py:137} INFO - [2023-01-09T14:57:46.585+0400] {dag.py:2676} INFO - Sync 1 DAGs
[2023-01-09T14:57:46.597+0400] {logging_mixin.py:137} INFO - [2023-01-09T14:57:46.597+0400] {dag.py:3423} INFO - Setting next_dagrun for example_branch_dop_operator_v3 to 2023-01-09T10:56:00+00:00, run_after=2023-01-09T10:57:00+00:00
[2023-01-09T14:57:46.607+0400] {processor.py:175} INFO - Processing /Users/harut/opt/anaconda3/lib/python3.9/site-packages/airflow/example_dags/example_branch_python_dop_operator_3.py took 0.417 seconds
[2023-01-09T14:59:06.305+0400] {processor.py:153} INFO - Started process (PID=13897) to work on /Users/harut/opt/anaconda3/lib/python3.9/site-packages/airflow/example_dags/example_branch_python_dop_operator_3.py
[2023-01-09T14:59:06.306+0400] {processor.py:743} INFO - Processing file /Users/harut/opt/anaconda3/lib/python3.9/site-packages/airflow/example_dags/example_branch_python_dop_operator_3.py for tasks to queue
[2023-01-09T14:59:06.306+0400] {logging_mixin.py:137} INFO - [2023-01-09T14:59:06.306+0400] {dagbag.py:538} INFO - Filling up the DagBag from /Users/harut/opt/anaconda3/lib/python3.9/site-packages/airflow/example_dags/example_branch_python_dop_operator_3.py
[2023-01-09T14:59:06.336+0400] {processor.py:753} INFO - DAG(s) dict_keys(['example_branch_dop_operator_v3']) retrieved from /Users/harut/opt/anaconda3/lib/python3.9/site-packages/airflow/example_dags/example_branch_python_dop_operator_3.py
[2023-01-09T14:59:06.700+0400] {logging_mixin.py:137} INFO - [2023-01-09T14:59:06.700+0400] {dag.py:2676} INFO - Sync 1 DAGs
[2023-01-09T14:59:06.712+0400] {logging_mixin.py:137} INFO - [2023-01-09T14:59:06.712+0400] {dag.py:3423} INFO - Setting next_dagrun for example_branch_dop_operator_v3 to 2023-01-09T10:58:00+00:00, run_after=2023-01-09T10:59:00+00:00
[2023-01-09T14:59:06.721+0400] {processor.py:175} INFO - Processing /Users/harut/opt/anaconda3/lib/python3.9/site-packages/airflow/example_dags/example_branch_python_dop_operator_3.py took 0.416 seconds
[2023-01-09T15:00:26.754+0400] {processor.py:153} INFO - Started process (PID=13940) to work on /Users/harut/opt/anaconda3/lib/python3.9/site-packages/airflow/example_dags/example_branch_python_dop_operator_3.py
[2023-01-09T15:00:26.755+0400] {processor.py:743} INFO - Processing file /Users/harut/opt/anaconda3/lib/python3.9/site-packages/airflow/example_dags/example_branch_python_dop_operator_3.py for tasks to queue
[2023-01-09T15:00:26.755+0400] {logging_mixin.py:137} INFO - [2023-01-09T15:00:26.755+0400] {dagbag.py:538} INFO - Filling up the DagBag from /Users/harut/opt/anaconda3/lib/python3.9/site-packages/airflow/example_dags/example_branch_python_dop_operator_3.py
[2023-01-09T15:00:26.785+0400] {processor.py:753} INFO - DAG(s) dict_keys(['example_branch_dop_operator_v3']) retrieved from /Users/harut/opt/anaconda3/lib/python3.9/site-packages/airflow/example_dags/example_branch_python_dop_operator_3.py
[2023-01-09T15:00:27.152+0400] {logging_mixin.py:137} INFO - [2023-01-09T15:00:27.152+0400] {dag.py:2676} INFO - Sync 1 DAGs
[2023-01-09T15:00:27.164+0400] {logging_mixin.py:137} INFO - [2023-01-09T15:00:27.164+0400] {dag.py:3423} INFO - Setting next_dagrun for example_branch_dop_operator_v3 to 2023-01-09T10:59:00+00:00, run_after=2023-01-09T11:00:00+00:00
[2023-01-09T15:00:27.173+0400] {processor.py:175} INFO - Processing /Users/harut/opt/anaconda3/lib/python3.9/site-packages/airflow/example_dags/example_branch_python_dop_operator_3.py took 0.420 seconds
[2023-01-09T15:01:49.301+0400] {processor.py:153} INFO - Started process (PID=13987) to work on /Users/harut/opt/anaconda3/lib/python3.9/site-packages/airflow/example_dags/example_branch_python_dop_operator_3.py
[2023-01-09T15:01:49.302+0400] {processor.py:743} INFO - Processing file /Users/harut/opt/anaconda3/lib/python3.9/site-packages/airflow/example_dags/example_branch_python_dop_operator_3.py for tasks to queue
[2023-01-09T15:01:49.302+0400] {logging_mixin.py:137} INFO - [2023-01-09T15:01:49.302+0400] {dagbag.py:538} INFO - Filling up the DagBag from /Users/harut/opt/anaconda3/lib/python3.9/site-packages/airflow/example_dags/example_branch_python_dop_operator_3.py
[2023-01-09T15:01:49.336+0400] {processor.py:753} INFO - DAG(s) dict_keys(['example_branch_dop_operator_v3']) retrieved from /Users/harut/opt/anaconda3/lib/python3.9/site-packages/airflow/example_dags/example_branch_python_dop_operator_3.py
[2023-01-09T15:01:49.756+0400] {logging_mixin.py:137} INFO - [2023-01-09T15:01:49.756+0400] {dag.py:2676} INFO - Sync 1 DAGs
[2023-01-09T15:01:49.770+0400] {logging_mixin.py:137} INFO - [2023-01-09T15:01:49.770+0400] {dag.py:3423} INFO - Setting next_dagrun for example_branch_dop_operator_v3 to 2023-01-09T11:00:00+00:00, run_after=2023-01-09T11:01:00+00:00
[2023-01-09T15:01:49.781+0400] {processor.py:175} INFO - Processing /Users/harut/opt/anaconda3/lib/python3.9/site-packages/airflow/example_dags/example_branch_python_dop_operator_3.py took 0.481 seconds
[2023-01-09T15:03:09.510+0400] {processor.py:153} INFO - Started process (PID=14037) to work on /Users/harut/opt/anaconda3/lib/python3.9/site-packages/airflow/example_dags/example_branch_python_dop_operator_3.py
[2023-01-09T15:03:09.511+0400] {processor.py:743} INFO - Processing file /Users/harut/opt/anaconda3/lib/python3.9/site-packages/airflow/example_dags/example_branch_python_dop_operator_3.py for tasks to queue
[2023-01-09T15:03:09.511+0400] {logging_mixin.py:137} INFO - [2023-01-09T15:03:09.511+0400] {dagbag.py:538} INFO - Filling up the DagBag from /Users/harut/opt/anaconda3/lib/python3.9/site-packages/airflow/example_dags/example_branch_python_dop_operator_3.py
[2023-01-09T15:03:09.542+0400] {processor.py:753} INFO - DAG(s) dict_keys(['example_branch_dop_operator_v3']) retrieved from /Users/harut/opt/anaconda3/lib/python3.9/site-packages/airflow/example_dags/example_branch_python_dop_operator_3.py
[2023-01-09T15:03:09.925+0400] {logging_mixin.py:137} INFO - [2023-01-09T15:03:09.924+0400] {dag.py:2676} INFO - Sync 1 DAGs
[2023-01-09T15:03:09.938+0400] {logging_mixin.py:137} INFO - [2023-01-09T15:03:09.938+0400] {dag.py:3423} INFO - Setting next_dagrun for example_branch_dop_operator_v3 to 2023-01-09T11:02:00+00:00, run_after=2023-01-09T11:03:00+00:00
[2023-01-09T15:03:09.948+0400] {processor.py:175} INFO - Processing /Users/harut/opt/anaconda3/lib/python3.9/site-packages/airflow/example_dags/example_branch_python_dop_operator_3.py took 0.438 seconds
[2023-01-09T15:04:29.727+0400] {processor.py:153} INFO - Started process (PID=14079) to work on /Users/harut/opt/anaconda3/lib/python3.9/site-packages/airflow/example_dags/example_branch_python_dop_operator_3.py
[2023-01-09T15:04:29.728+0400] {processor.py:743} INFO - Processing file /Users/harut/opt/anaconda3/lib/python3.9/site-packages/airflow/example_dags/example_branch_python_dop_operator_3.py for tasks to queue
[2023-01-09T15:04:29.728+0400] {logging_mixin.py:137} INFO - [2023-01-09T15:04:29.728+0400] {dagbag.py:538} INFO - Filling up the DagBag from /Users/harut/opt/anaconda3/lib/python3.9/site-packages/airflow/example_dags/example_branch_python_dop_operator_3.py
[2023-01-09T15:04:29.757+0400] {processor.py:753} INFO - DAG(s) dict_keys(['example_branch_dop_operator_v3']) retrieved from /Users/harut/opt/anaconda3/lib/python3.9/site-packages/airflow/example_dags/example_branch_python_dop_operator_3.py
[2023-01-09T15:04:30.124+0400] {logging_mixin.py:137} INFO - [2023-01-09T15:04:30.124+0400] {dag.py:2676} INFO - Sync 1 DAGs
[2023-01-09T15:04:30.136+0400] {logging_mixin.py:137} INFO - [2023-01-09T15:04:30.136+0400] {dag.py:3423} INFO - Setting next_dagrun for example_branch_dop_operator_v3 to 2023-01-09T11:03:00+00:00, run_after=2023-01-09T11:04:00+00:00
[2023-01-09T15:04:30.146+0400] {processor.py:175} INFO - Processing /Users/harut/opt/anaconda3/lib/python3.9/site-packages/airflow/example_dags/example_branch_python_dop_operator_3.py took 0.419 seconds
[2023-01-09T15:05:50.401+0400] {processor.py:153} INFO - Started process (PID=14126) to work on /Users/harut/opt/anaconda3/lib/python3.9/site-packages/airflow/example_dags/example_branch_python_dop_operator_3.py
[2023-01-09T15:05:50.402+0400] {processor.py:743} INFO - Processing file /Users/harut/opt/anaconda3/lib/python3.9/site-packages/airflow/example_dags/example_branch_python_dop_operator_3.py for tasks to queue
[2023-01-09T15:05:50.402+0400] {logging_mixin.py:137} INFO - [2023-01-09T15:05:50.402+0400] {dagbag.py:538} INFO - Filling up the DagBag from /Users/harut/opt/anaconda3/lib/python3.9/site-packages/airflow/example_dags/example_branch_python_dop_operator_3.py
[2023-01-09T15:05:50.432+0400] {processor.py:753} INFO - DAG(s) dict_keys(['example_branch_dop_operator_v3']) retrieved from /Users/harut/opt/anaconda3/lib/python3.9/site-packages/airflow/example_dags/example_branch_python_dop_operator_3.py
[2023-01-09T15:05:50.795+0400] {logging_mixin.py:137} INFO - [2023-01-09T15:05:50.795+0400] {dag.py:2676} INFO - Sync 1 DAGs
[2023-01-09T15:05:50.807+0400] {logging_mixin.py:137} INFO - [2023-01-09T15:05:50.807+0400] {dag.py:3423} INFO - Setting next_dagrun for example_branch_dop_operator_v3 to 2023-01-09T11:04:00+00:00, run_after=2023-01-09T11:05:00+00:00
[2023-01-09T15:05:50.817+0400] {processor.py:175} INFO - Processing /Users/harut/opt/anaconda3/lib/python3.9/site-packages/airflow/example_dags/example_branch_python_dop_operator_3.py took 0.416 seconds
[2023-01-09T15:07:09.872+0400] {processor.py:153} INFO - Started process (PID=14167) to work on /Users/harut/opt/anaconda3/lib/python3.9/site-packages/airflow/example_dags/example_branch_python_dop_operator_3.py
[2023-01-09T15:07:09.873+0400] {processor.py:743} INFO - Processing file /Users/harut/opt/anaconda3/lib/python3.9/site-packages/airflow/example_dags/example_branch_python_dop_operator_3.py for tasks to queue
[2023-01-09T15:07:09.873+0400] {logging_mixin.py:137} INFO - [2023-01-09T15:07:09.873+0400] {dagbag.py:538} INFO - Filling up the DagBag from /Users/harut/opt/anaconda3/lib/python3.9/site-packages/airflow/example_dags/example_branch_python_dop_operator_3.py
[2023-01-09T15:07:09.903+0400] {processor.py:753} INFO - DAG(s) dict_keys(['example_branch_dop_operator_v3']) retrieved from /Users/harut/opt/anaconda3/lib/python3.9/site-packages/airflow/example_dags/example_branch_python_dop_operator_3.py
[2023-01-09T15:07:10.264+0400] {logging_mixin.py:137} INFO - [2023-01-09T15:07:10.264+0400] {dag.py:2676} INFO - Sync 1 DAGs
[2023-01-09T15:07:10.276+0400] {logging_mixin.py:137} INFO - [2023-01-09T15:07:10.276+0400] {dag.py:3423} INFO - Setting next_dagrun for example_branch_dop_operator_v3 to 2023-01-09T11:06:00+00:00, run_after=2023-01-09T11:07:00+00:00
[2023-01-09T15:07:10.285+0400] {processor.py:175} INFO - Processing /Users/harut/opt/anaconda3/lib/python3.9/site-packages/airflow/example_dags/example_branch_python_dop_operator_3.py took 0.414 seconds
[2023-01-09T15:08:28.957+0400] {processor.py:153} INFO - Started process (PID=14211) to work on /Users/harut/opt/anaconda3/lib/python3.9/site-packages/airflow/example_dags/example_branch_python_dop_operator_3.py
[2023-01-09T15:08:28.957+0400] {processor.py:743} INFO - Processing file /Users/harut/opt/anaconda3/lib/python3.9/site-packages/airflow/example_dags/example_branch_python_dop_operator_3.py for tasks to queue
[2023-01-09T15:08:28.958+0400] {logging_mixin.py:137} INFO - [2023-01-09T15:08:28.958+0400] {dagbag.py:538} INFO - Filling up the DagBag from /Users/harut/opt/anaconda3/lib/python3.9/site-packages/airflow/example_dags/example_branch_python_dop_operator_3.py
[2023-01-09T15:08:28.988+0400] {processor.py:753} INFO - DAG(s) dict_keys(['example_branch_dop_operator_v3']) retrieved from /Users/harut/opt/anaconda3/lib/python3.9/site-packages/airflow/example_dags/example_branch_python_dop_operator_3.py
[2023-01-09T15:08:29.355+0400] {logging_mixin.py:137} INFO - [2023-01-09T15:08:29.354+0400] {dag.py:2676} INFO - Sync 1 DAGs
[2023-01-09T15:08:29.366+0400] {logging_mixin.py:137} INFO - [2023-01-09T15:08:29.366+0400] {dag.py:3423} INFO - Setting next_dagrun for example_branch_dop_operator_v3 to 2023-01-09T11:07:00+00:00, run_after=2023-01-09T11:08:00+00:00
[2023-01-09T15:08:29.376+0400] {processor.py:175} INFO - Processing /Users/harut/opt/anaconda3/lib/python3.9/site-packages/airflow/example_dags/example_branch_python_dop_operator_3.py took 0.420 seconds
[2023-01-09T15:09:49.856+0400] {processor.py:153} INFO - Started process (PID=14256) to work on /Users/harut/opt/anaconda3/lib/python3.9/site-packages/airflow/example_dags/example_branch_python_dop_operator_3.py
[2023-01-09T15:09:49.857+0400] {processor.py:743} INFO - Processing file /Users/harut/opt/anaconda3/lib/python3.9/site-packages/airflow/example_dags/example_branch_python_dop_operator_3.py for tasks to queue
[2023-01-09T15:09:49.857+0400] {logging_mixin.py:137} INFO - [2023-01-09T15:09:49.857+0400] {dagbag.py:538} INFO - Filling up the DagBag from /Users/harut/opt/anaconda3/lib/python3.9/site-packages/airflow/example_dags/example_branch_python_dop_operator_3.py
[2023-01-09T15:09:49.887+0400] {processor.py:753} INFO - DAG(s) dict_keys(['example_branch_dop_operator_v3']) retrieved from /Users/harut/opt/anaconda3/lib/python3.9/site-packages/airflow/example_dags/example_branch_python_dop_operator_3.py
[2023-01-09T15:09:50.245+0400] {logging_mixin.py:137} INFO - [2023-01-09T15:09:50.245+0400] {dag.py:2676} INFO - Sync 1 DAGs
[2023-01-09T15:09:50.257+0400] {logging_mixin.py:137} INFO - [2023-01-09T15:09:50.257+0400] {dag.py:3423} INFO - Setting next_dagrun for example_branch_dop_operator_v3 to 2023-01-09T11:08:00+00:00, run_after=2023-01-09T11:09:00+00:00
[2023-01-09T15:09:50.266+0400] {processor.py:175} INFO - Processing /Users/harut/opt/anaconda3/lib/python3.9/site-packages/airflow/example_dags/example_branch_python_dop_operator_3.py took 0.410 seconds
[2023-01-09T15:11:09.445+0400] {processor.py:153} INFO - Started process (PID=14302) to work on /Users/harut/opt/anaconda3/lib/python3.9/site-packages/airflow/example_dags/example_branch_python_dop_operator_3.py
[2023-01-09T15:11:09.446+0400] {processor.py:743} INFO - Processing file /Users/harut/opt/anaconda3/lib/python3.9/site-packages/airflow/example_dags/example_branch_python_dop_operator_3.py for tasks to queue
[2023-01-09T15:11:09.446+0400] {logging_mixin.py:137} INFO - [2023-01-09T15:11:09.446+0400] {dagbag.py:538} INFO - Filling up the DagBag from /Users/harut/opt/anaconda3/lib/python3.9/site-packages/airflow/example_dags/example_branch_python_dop_operator_3.py
[2023-01-09T15:11:09.476+0400] {processor.py:753} INFO - DAG(s) dict_keys(['example_branch_dop_operator_v3']) retrieved from /Users/harut/opt/anaconda3/lib/python3.9/site-packages/airflow/example_dags/example_branch_python_dop_operator_3.py
[2023-01-09T15:11:09.853+0400] {logging_mixin.py:137} INFO - [2023-01-09T15:11:09.853+0400] {dag.py:2676} INFO - Sync 1 DAGs
[2023-01-09T15:11:09.865+0400] {logging_mixin.py:137} INFO - [2023-01-09T15:11:09.865+0400] {dag.py:3423} INFO - Setting next_dagrun for example_branch_dop_operator_v3 to 2023-01-09T11:10:00+00:00, run_after=2023-01-09T11:11:00+00:00
[2023-01-09T15:11:09.875+0400] {processor.py:175} INFO - Processing /Users/harut/opt/anaconda3/lib/python3.9/site-packages/airflow/example_dags/example_branch_python_dop_operator_3.py took 0.430 seconds
[2023-01-09T15:12:32.454+0400] {processor.py:153} INFO - Started process (PID=14356) to work on /Users/harut/opt/anaconda3/lib/python3.9/site-packages/airflow/example_dags/example_branch_python_dop_operator_3.py
[2023-01-09T15:12:32.454+0400] {processor.py:743} INFO - Processing file /Users/harut/opt/anaconda3/lib/python3.9/site-packages/airflow/example_dags/example_branch_python_dop_operator_3.py for tasks to queue
[2023-01-09T15:12:32.455+0400] {logging_mixin.py:137} INFO - [2023-01-09T15:12:32.455+0400] {dagbag.py:538} INFO - Filling up the DagBag from /Users/harut/opt/anaconda3/lib/python3.9/site-packages/airflow/example_dags/example_branch_python_dop_operator_3.py
[2023-01-09T15:12:32.488+0400] {processor.py:753} INFO - DAG(s) dict_keys(['example_branch_dop_operator_v3']) retrieved from /Users/harut/opt/anaconda3/lib/python3.9/site-packages/airflow/example_dags/example_branch_python_dop_operator_3.py
[2023-01-09T15:12:32.885+0400] {logging_mixin.py:137} INFO - [2023-01-09T15:12:32.885+0400] {dag.py:2676} INFO - Sync 1 DAGs
[2023-01-09T15:12:32.898+0400] {logging_mixin.py:137} INFO - [2023-01-09T15:12:32.898+0400] {dag.py:3423} INFO - Setting next_dagrun for example_branch_dop_operator_v3 to 2023-01-09T11:11:00+00:00, run_after=2023-01-09T11:12:00+00:00
[2023-01-09T15:12:32.909+0400] {processor.py:175} INFO - Processing /Users/harut/opt/anaconda3/lib/python3.9/site-packages/airflow/example_dags/example_branch_python_dop_operator_3.py took 0.455 seconds
[2023-01-09T15:13:55.709+0400] {processor.py:153} INFO - Started process (PID=14409) to work on /Users/harut/opt/anaconda3/lib/python3.9/site-packages/airflow/example_dags/example_branch_python_dop_operator_3.py
[2023-01-09T15:13:55.710+0400] {processor.py:743} INFO - Processing file /Users/harut/opt/anaconda3/lib/python3.9/site-packages/airflow/example_dags/example_branch_python_dop_operator_3.py for tasks to queue
[2023-01-09T15:13:55.710+0400] {logging_mixin.py:137} INFO - [2023-01-09T15:13:55.710+0400] {dagbag.py:538} INFO - Filling up the DagBag from /Users/harut/opt/anaconda3/lib/python3.9/site-packages/airflow/example_dags/example_branch_python_dop_operator_3.py
[2023-01-09T15:13:55.743+0400] {processor.py:753} INFO - DAG(s) dict_keys(['example_branch_dop_operator_v3']) retrieved from /Users/harut/opt/anaconda3/lib/python3.9/site-packages/airflow/example_dags/example_branch_python_dop_operator_3.py
[2023-01-09T15:13:56.162+0400] {logging_mixin.py:137} INFO - [2023-01-09T15:13:56.162+0400] {dag.py:2676} INFO - Sync 1 DAGs
[2023-01-09T15:13:56.175+0400] {logging_mixin.py:137} INFO - [2023-01-09T15:13:56.175+0400] {dag.py:3423} INFO - Setting next_dagrun for example_branch_dop_operator_v3 to 2023-01-09T11:12:00+00:00, run_after=2023-01-09T11:13:00+00:00
[2023-01-09T15:13:56.186+0400] {processor.py:175} INFO - Processing /Users/harut/opt/anaconda3/lib/python3.9/site-packages/airflow/example_dags/example_branch_python_dop_operator_3.py took 0.478 seconds
[2023-01-09T15:15:19.992+0400] {processor.py:153} INFO - Started process (PID=14476) to work on /Users/harut/opt/anaconda3/lib/python3.9/site-packages/airflow/example_dags/example_branch_python_dop_operator_3.py
[2023-01-09T15:15:19.993+0400] {processor.py:743} INFO - Processing file /Users/harut/opt/anaconda3/lib/python3.9/site-packages/airflow/example_dags/example_branch_python_dop_operator_3.py for tasks to queue
[2023-01-09T15:15:19.993+0400] {logging_mixin.py:137} INFO - [2023-01-09T15:15:19.993+0400] {dagbag.py:538} INFO - Filling up the DagBag from /Users/harut/opt/anaconda3/lib/python3.9/site-packages/airflow/example_dags/example_branch_python_dop_operator_3.py
[2023-01-09T15:15:20.025+0400] {processor.py:753} INFO - DAG(s) dict_keys(['example_branch_dop_operator_v3']) retrieved from /Users/harut/opt/anaconda3/lib/python3.9/site-packages/airflow/example_dags/example_branch_python_dop_operator_3.py
[2023-01-09T15:15:20.407+0400] {logging_mixin.py:137} INFO - [2023-01-09T15:15:20.407+0400] {dag.py:2676} INFO - Sync 1 DAGs
[2023-01-09T15:15:20.419+0400] {logging_mixin.py:137} INFO - [2023-01-09T15:15:20.419+0400] {dag.py:3423} INFO - Setting next_dagrun for example_branch_dop_operator_v3 to 2023-01-09T11:14:00+00:00, run_after=2023-01-09T11:15:00+00:00
[2023-01-09T15:15:20.429+0400] {processor.py:175} INFO - Processing /Users/harut/opt/anaconda3/lib/python3.9/site-packages/airflow/example_dags/example_branch_python_dop_operator_3.py took 0.437 seconds
[2023-01-09T15:16:42.735+0400] {processor.py:153} INFO - Started process (PID=14518) to work on /Users/harut/opt/anaconda3/lib/python3.9/site-packages/airflow/example_dags/example_branch_python_dop_operator_3.py
[2023-01-09T15:16:42.736+0400] {processor.py:743} INFO - Processing file /Users/harut/opt/anaconda3/lib/python3.9/site-packages/airflow/example_dags/example_branch_python_dop_operator_3.py for tasks to queue
[2023-01-09T15:16:42.736+0400] {logging_mixin.py:137} INFO - [2023-01-09T15:16:42.736+0400] {dagbag.py:538} INFO - Filling up the DagBag from /Users/harut/opt/anaconda3/lib/python3.9/site-packages/airflow/example_dags/example_branch_python_dop_operator_3.py
[2023-01-09T15:16:42.768+0400] {processor.py:753} INFO - DAG(s) dict_keys(['example_branch_dop_operator_v3']) retrieved from /Users/harut/opt/anaconda3/lib/python3.9/site-packages/airflow/example_dags/example_branch_python_dop_operator_3.py
[2023-01-09T15:16:43.153+0400] {logging_mixin.py:137} INFO - [2023-01-09T15:16:43.152+0400] {dag.py:2676} INFO - Sync 1 DAGs
[2023-01-09T15:16:43.165+0400] {logging_mixin.py:137} INFO - [2023-01-09T15:16:43.165+0400] {dag.py:3423} INFO - Setting next_dagrun for example_branch_dop_operator_v3 to 2023-01-09T11:15:00+00:00, run_after=2023-01-09T11:16:00+00:00
[2023-01-09T15:16:43.175+0400] {processor.py:175} INFO - Processing /Users/harut/opt/anaconda3/lib/python3.9/site-packages/airflow/example_dags/example_branch_python_dop_operator_3.py took 0.440 seconds
[2023-01-09T15:18:05.291+0400] {processor.py:153} INFO - Started process (PID=14566) to work on /Users/harut/opt/anaconda3/lib/python3.9/site-packages/airflow/example_dags/example_branch_python_dop_operator_3.py
[2023-01-09T15:18:05.291+0400] {processor.py:743} INFO - Processing file /Users/harut/opt/anaconda3/lib/python3.9/site-packages/airflow/example_dags/example_branch_python_dop_operator_3.py for tasks to queue
[2023-01-09T15:18:05.291+0400] {logging_mixin.py:137} INFO - [2023-01-09T15:18:05.291+0400] {dagbag.py:538} INFO - Filling up the DagBag from /Users/harut/opt/anaconda3/lib/python3.9/site-packages/airflow/example_dags/example_branch_python_dop_operator_3.py
[2023-01-09T15:18:05.325+0400] {processor.py:753} INFO - DAG(s) dict_keys(['example_branch_dop_operator_v3']) retrieved from /Users/harut/opt/anaconda3/lib/python3.9/site-packages/airflow/example_dags/example_branch_python_dop_operator_3.py
[2023-01-09T15:18:05.743+0400] {logging_mixin.py:137} INFO - [2023-01-09T15:18:05.742+0400] {dag.py:2676} INFO - Sync 1 DAGs
[2023-01-09T15:18:05.756+0400] {logging_mixin.py:137} INFO - [2023-01-09T15:18:05.756+0400] {dag.py:3423} INFO - Setting next_dagrun for example_branch_dop_operator_v3 to 2023-01-09T11:17:00+00:00, run_after=2023-01-09T11:18:00+00:00
[2023-01-09T15:18:05.767+0400] {processor.py:175} INFO - Processing /Users/harut/opt/anaconda3/lib/python3.9/site-packages/airflow/example_dags/example_branch_python_dop_operator_3.py took 0.477 seconds
[2023-01-09T15:19:28.661+0400] {processor.py:153} INFO - Started process (PID=14616) to work on /Users/harut/opt/anaconda3/lib/python3.9/site-packages/airflow/example_dags/example_branch_python_dop_operator_3.py
[2023-01-09T15:19:28.662+0400] {processor.py:743} INFO - Processing file /Users/harut/opt/anaconda3/lib/python3.9/site-packages/airflow/example_dags/example_branch_python_dop_operator_3.py for tasks to queue
[2023-01-09T15:19:28.662+0400] {logging_mixin.py:137} INFO - [2023-01-09T15:19:28.662+0400] {dagbag.py:538} INFO - Filling up the DagBag from /Users/harut/opt/anaconda3/lib/python3.9/site-packages/airflow/example_dags/example_branch_python_dop_operator_3.py
[2023-01-09T15:19:28.695+0400] {processor.py:753} INFO - DAG(s) dict_keys(['example_branch_dop_operator_v3']) retrieved from /Users/harut/opt/anaconda3/lib/python3.9/site-packages/airflow/example_dags/example_branch_python_dop_operator_3.py
[2023-01-09T15:19:29.087+0400] {logging_mixin.py:137} INFO - [2023-01-09T15:19:29.087+0400] {dag.py:2676} INFO - Sync 1 DAGs
[2023-01-09T15:19:29.100+0400] {logging_mixin.py:137} INFO - [2023-01-09T15:19:29.100+0400] {dag.py:3423} INFO - Setting next_dagrun for example_branch_dop_operator_v3 to 2023-01-09T11:18:00+00:00, run_after=2023-01-09T11:19:00+00:00
[2023-01-09T15:19:29.111+0400] {processor.py:175} INFO - Processing /Users/harut/opt/anaconda3/lib/python3.9/site-packages/airflow/example_dags/example_branch_python_dop_operator_3.py took 0.450 seconds
[2023-01-09T15:20:52.454+0400] {processor.py:153} INFO - Started process (PID=14661) to work on /Users/harut/opt/anaconda3/lib/python3.9/site-packages/airflow/example_dags/example_branch_python_dop_operator_3.py
[2023-01-09T15:20:52.455+0400] {processor.py:743} INFO - Processing file /Users/harut/opt/anaconda3/lib/python3.9/site-packages/airflow/example_dags/example_branch_python_dop_operator_3.py for tasks to queue
[2023-01-09T15:20:52.455+0400] {logging_mixin.py:137} INFO - [2023-01-09T15:20:52.455+0400] {dagbag.py:538} INFO - Filling up the DagBag from /Users/harut/opt/anaconda3/lib/python3.9/site-packages/airflow/example_dags/example_branch_python_dop_operator_3.py
[2023-01-09T15:20:52.488+0400] {processor.py:753} INFO - DAG(s) dict_keys(['example_branch_dop_operator_v3']) retrieved from /Users/harut/opt/anaconda3/lib/python3.9/site-packages/airflow/example_dags/example_branch_python_dop_operator_3.py
[2023-01-09T15:20:52.875+0400] {logging_mixin.py:137} INFO - [2023-01-09T15:20:52.875+0400] {dag.py:2676} INFO - Sync 1 DAGs
[2023-01-09T15:20:52.887+0400] {logging_mixin.py:137} INFO - [2023-01-09T15:20:52.887+0400] {dag.py:3423} INFO - Setting next_dagrun for example_branch_dop_operator_v3 to 2023-01-09T11:19:00+00:00, run_after=2023-01-09T11:20:00+00:00
[2023-01-09T15:20:52.897+0400] {processor.py:175} INFO - Processing /Users/harut/opt/anaconda3/lib/python3.9/site-packages/airflow/example_dags/example_branch_python_dop_operator_3.py took 0.443 seconds
[2023-01-09T15:22:16.914+0400] {processor.py:153} INFO - Started process (PID=14721) to work on /Users/harut/opt/anaconda3/lib/python3.9/site-packages/airflow/example_dags/example_branch_python_dop_operator_3.py
[2023-01-09T15:22:16.915+0400] {processor.py:743} INFO - Processing file /Users/harut/opt/anaconda3/lib/python3.9/site-packages/airflow/example_dags/example_branch_python_dop_operator_3.py for tasks to queue
[2023-01-09T15:22:16.915+0400] {logging_mixin.py:137} INFO - [2023-01-09T15:22:16.915+0400] {dagbag.py:538} INFO - Filling up the DagBag from /Users/harut/opt/anaconda3/lib/python3.9/site-packages/airflow/example_dags/example_branch_python_dop_operator_3.py
[2023-01-09T15:22:16.947+0400] {processor.py:753} INFO - DAG(s) dict_keys(['example_branch_dop_operator_v3']) retrieved from /Users/harut/opt/anaconda3/lib/python3.9/site-packages/airflow/example_dags/example_branch_python_dop_operator_3.py
[2023-01-09T15:22:17.336+0400] {logging_mixin.py:137} INFO - [2023-01-09T15:22:17.336+0400] {dag.py:2676} INFO - Sync 1 DAGs
[2023-01-09T15:22:17.348+0400] {logging_mixin.py:137} INFO - [2023-01-09T15:22:17.348+0400] {dag.py:3423} INFO - Setting next_dagrun for example_branch_dop_operator_v3 to 2023-01-09T11:21:00+00:00, run_after=2023-01-09T11:22:00+00:00
[2023-01-09T15:22:17.358+0400] {processor.py:175} INFO - Processing /Users/harut/opt/anaconda3/lib/python3.9/site-packages/airflow/example_dags/example_branch_python_dop_operator_3.py took 0.445 seconds
[2023-01-09T15:23:39.708+0400] {processor.py:153} INFO - Started process (PID=14764) to work on /Users/harut/opt/anaconda3/lib/python3.9/site-packages/airflow/example_dags/example_branch_python_dop_operator_3.py
[2023-01-09T15:23:39.708+0400] {processor.py:743} INFO - Processing file /Users/harut/opt/anaconda3/lib/python3.9/site-packages/airflow/example_dags/example_branch_python_dop_operator_3.py for tasks to queue
[2023-01-09T15:23:39.709+0400] {logging_mixin.py:137} INFO - [2023-01-09T15:23:39.709+0400] {dagbag.py:538} INFO - Filling up the DagBag from /Users/harut/opt/anaconda3/lib/python3.9/site-packages/airflow/example_dags/example_branch_python_dop_operator_3.py
[2023-01-09T15:23:39.743+0400] {processor.py:753} INFO - DAG(s) dict_keys(['example_branch_dop_operator_v3']) retrieved from /Users/harut/opt/anaconda3/lib/python3.9/site-packages/airflow/example_dags/example_branch_python_dop_operator_3.py
[2023-01-09T15:23:40.169+0400] {logging_mixin.py:137} INFO - [2023-01-09T15:23:40.169+0400] {dag.py:2676} INFO - Sync 1 DAGs
[2023-01-09T15:23:40.182+0400] {logging_mixin.py:137} INFO - [2023-01-09T15:23:40.182+0400] {dag.py:3423} INFO - Setting next_dagrun for example_branch_dop_operator_v3 to 2023-01-09T11:22:00+00:00, run_after=2023-01-09T11:23:00+00:00
[2023-01-09T15:23:40.192+0400] {processor.py:175} INFO - Processing /Users/harut/opt/anaconda3/lib/python3.9/site-packages/airflow/example_dags/example_branch_python_dop_operator_3.py took 0.485 seconds
[2023-01-09T15:25:03.156+0400] {processor.py:153} INFO - Started process (PID=14807) to work on /Users/harut/opt/anaconda3/lib/python3.9/site-packages/airflow/example_dags/example_branch_python_dop_operator_3.py
[2023-01-09T15:25:03.156+0400] {processor.py:743} INFO - Processing file /Users/harut/opt/anaconda3/lib/python3.9/site-packages/airflow/example_dags/example_branch_python_dop_operator_3.py for tasks to queue
[2023-01-09T15:25:03.157+0400] {logging_mixin.py:137} INFO - [2023-01-09T15:25:03.157+0400] {dagbag.py:538} INFO - Filling up the DagBag from /Users/harut/opt/anaconda3/lib/python3.9/site-packages/airflow/example_dags/example_branch_python_dop_operator_3.py
[2023-01-09T15:25:03.191+0400] {processor.py:753} INFO - DAG(s) dict_keys(['example_branch_dop_operator_v3']) retrieved from /Users/harut/opt/anaconda3/lib/python3.9/site-packages/airflow/example_dags/example_branch_python_dop_operator_3.py
[2023-01-09T15:25:03.610+0400] {logging_mixin.py:137} INFO - [2023-01-09T15:25:03.610+0400] {dag.py:2676} INFO - Sync 1 DAGs
[2023-01-09T15:25:03.623+0400] {logging_mixin.py:137} INFO - [2023-01-09T15:25:03.623+0400] {dag.py:3423} INFO - Setting next_dagrun for example_branch_dop_operator_v3 to 2023-01-09T11:24:00+00:00, run_after=2023-01-09T11:25:00+00:00
[2023-01-09T15:25:03.634+0400] {processor.py:175} INFO - Processing /Users/harut/opt/anaconda3/lib/python3.9/site-packages/airflow/example_dags/example_branch_python_dop_operator_3.py took 0.479 seconds
[2023-01-09T15:26:27.262+0400] {processor.py:153} INFO - Started process (PID=14853) to work on /Users/harut/opt/anaconda3/lib/python3.9/site-packages/airflow/example_dags/example_branch_python_dop_operator_3.py
[2023-01-09T15:26:27.262+0400] {processor.py:743} INFO - Processing file /Users/harut/opt/anaconda3/lib/python3.9/site-packages/airflow/example_dags/example_branch_python_dop_operator_3.py for tasks to queue
[2023-01-09T15:26:27.262+0400] {logging_mixin.py:137} INFO - [2023-01-09T15:26:27.262+0400] {dagbag.py:538} INFO - Filling up the DagBag from /Users/harut/opt/anaconda3/lib/python3.9/site-packages/airflow/example_dags/example_branch_python_dop_operator_3.py
[2023-01-09T15:26:27.295+0400] {processor.py:753} INFO - DAG(s) dict_keys(['example_branch_dop_operator_v3']) retrieved from /Users/harut/opt/anaconda3/lib/python3.9/site-packages/airflow/example_dags/example_branch_python_dop_operator_3.py
[2023-01-09T15:26:27.720+0400] {logging_mixin.py:137} INFO - [2023-01-09T15:26:27.719+0400] {dag.py:2676} INFO - Sync 1 DAGs
[2023-01-09T15:26:27.733+0400] {logging_mixin.py:137} INFO - [2023-01-09T15:26:27.733+0400] {dag.py:3423} INFO - Setting next_dagrun for example_branch_dop_operator_v3 to 2023-01-09T11:25:00+00:00, run_after=2023-01-09T11:26:00+00:00
[2023-01-09T15:26:27.743+0400] {processor.py:175} INFO - Processing /Users/harut/opt/anaconda3/lib/python3.9/site-packages/airflow/example_dags/example_branch_python_dop_operator_3.py took 0.481 seconds
[2023-01-09T15:27:50.438+0400] {processor.py:153} INFO - Started process (PID=14906) to work on /Users/harut/opt/anaconda3/lib/python3.9/site-packages/airflow/example_dags/example_branch_python_dop_operator_3.py
[2023-01-09T15:27:50.438+0400] {processor.py:743} INFO - Processing file /Users/harut/opt/anaconda3/lib/python3.9/site-packages/airflow/example_dags/example_branch_python_dop_operator_3.py for tasks to queue
[2023-01-09T15:27:50.438+0400] {logging_mixin.py:137} INFO - [2023-01-09T15:27:50.438+0400] {dagbag.py:538} INFO - Filling up the DagBag from /Users/harut/opt/anaconda3/lib/python3.9/site-packages/airflow/example_dags/example_branch_python_dop_operator_3.py
[2023-01-09T15:27:50.471+0400] {processor.py:753} INFO - DAG(s) dict_keys(['example_branch_dop_operator_v3']) retrieved from /Users/harut/opt/anaconda3/lib/python3.9/site-packages/airflow/example_dags/example_branch_python_dop_operator_3.py
[2023-01-09T15:27:50.895+0400] {logging_mixin.py:137} INFO - [2023-01-09T15:27:50.895+0400] {dag.py:2676} INFO - Sync 1 DAGs
[2023-01-09T15:27:50.910+0400] {logging_mixin.py:137} INFO - [2023-01-09T15:27:50.909+0400] {dag.py:3423} INFO - Setting next_dagrun for example_branch_dop_operator_v3 to 2023-01-09T11:26:00+00:00, run_after=2023-01-09T11:27:00+00:00
[2023-01-09T15:27:50.921+0400] {processor.py:175} INFO - Processing /Users/harut/opt/anaconda3/lib/python3.9/site-packages/airflow/example_dags/example_branch_python_dop_operator_3.py took 0.484 seconds
[2023-01-09T15:29:13.394+0400] {processor.py:153} INFO - Started process (PID=14951) to work on /Users/harut/opt/anaconda3/lib/python3.9/site-packages/airflow/example_dags/example_branch_python_dop_operator_3.py
[2023-01-09T15:29:13.395+0400] {processor.py:743} INFO - Processing file /Users/harut/opt/anaconda3/lib/python3.9/site-packages/airflow/example_dags/example_branch_python_dop_operator_3.py for tasks to queue
[2023-01-09T15:29:13.395+0400] {logging_mixin.py:137} INFO - [2023-01-09T15:29:13.395+0400] {dagbag.py:538} INFO - Filling up the DagBag from /Users/harut/opt/anaconda3/lib/python3.9/site-packages/airflow/example_dags/example_branch_python_dop_operator_3.py
[2023-01-09T15:29:13.429+0400] {processor.py:753} INFO - DAG(s) dict_keys(['example_branch_dop_operator_v3']) retrieved from /Users/harut/opt/anaconda3/lib/python3.9/site-packages/airflow/example_dags/example_branch_python_dop_operator_3.py
[2023-01-09T15:29:13.846+0400] {logging_mixin.py:137} INFO - [2023-01-09T15:29:13.846+0400] {dag.py:2676} INFO - Sync 1 DAGs
[2023-01-09T15:29:13.861+0400] {logging_mixin.py:137} INFO - [2023-01-09T15:29:13.861+0400] {dag.py:3423} INFO - Setting next_dagrun for example_branch_dop_operator_v3 to 2023-01-09T11:28:00+00:00, run_after=2023-01-09T11:29:00+00:00
[2023-01-09T15:29:13.873+0400] {processor.py:175} INFO - Processing /Users/harut/opt/anaconda3/lib/python3.9/site-packages/airflow/example_dags/example_branch_python_dop_operator_3.py took 0.479 seconds
[2023-01-09T15:30:34.431+0400] {processor.py:153} INFO - Started process (PID=14996) to work on /Users/harut/opt/anaconda3/lib/python3.9/site-packages/airflow/example_dags/example_branch_python_dop_operator_3.py
[2023-01-09T15:30:34.431+0400] {processor.py:743} INFO - Processing file /Users/harut/opt/anaconda3/lib/python3.9/site-packages/airflow/example_dags/example_branch_python_dop_operator_3.py for tasks to queue
[2023-01-09T15:30:34.432+0400] {logging_mixin.py:137} INFO - [2023-01-09T15:30:34.432+0400] {dagbag.py:538} INFO - Filling up the DagBag from /Users/harut/opt/anaconda3/lib/python3.9/site-packages/airflow/example_dags/example_branch_python_dop_operator_3.py
[2023-01-09T15:30:34.466+0400] {processor.py:753} INFO - DAG(s) dict_keys(['example_branch_dop_operator_v3']) retrieved from /Users/harut/opt/anaconda3/lib/python3.9/site-packages/airflow/example_dags/example_branch_python_dop_operator_3.py
[2023-01-09T15:30:34.861+0400] {logging_mixin.py:137} INFO - [2023-01-09T15:30:34.861+0400] {dag.py:2676} INFO - Sync 1 DAGs
[2023-01-09T15:30:34.873+0400] {logging_mixin.py:137} INFO - [2023-01-09T15:30:34.873+0400] {dag.py:3423} INFO - Setting next_dagrun for example_branch_dop_operator_v3 to 2023-01-09T11:29:00+00:00, run_after=2023-01-09T11:30:00+00:00
[2023-01-09T15:30:34.883+0400] {processor.py:175} INFO - Processing /Users/harut/opt/anaconda3/lib/python3.9/site-packages/airflow/example_dags/example_branch_python_dop_operator_3.py took 0.453 seconds
[2023-01-09T15:31:56.659+0400] {processor.py:153} INFO - Started process (PID=15043) to work on /Users/harut/opt/anaconda3/lib/python3.9/site-packages/airflow/example_dags/example_branch_python_dop_operator_3.py
[2023-01-09T15:31:56.659+0400] {processor.py:743} INFO - Processing file /Users/harut/opt/anaconda3/lib/python3.9/site-packages/airflow/example_dags/example_branch_python_dop_operator_3.py for tasks to queue
[2023-01-09T15:31:56.660+0400] {logging_mixin.py:137} INFO - [2023-01-09T15:31:56.660+0400] {dagbag.py:538} INFO - Filling up the DagBag from /Users/harut/opt/anaconda3/lib/python3.9/site-packages/airflow/example_dags/example_branch_python_dop_operator_3.py
[2023-01-09T15:31:56.692+0400] {processor.py:753} INFO - DAG(s) dict_keys(['example_branch_dop_operator_v3']) retrieved from /Users/harut/opt/anaconda3/lib/python3.9/site-packages/airflow/example_dags/example_branch_python_dop_operator_3.py
[2023-01-09T15:31:57.083+0400] {logging_mixin.py:137} INFO - [2023-01-09T15:31:57.083+0400] {dag.py:2676} INFO - Sync 1 DAGs
[2023-01-09T15:31:57.095+0400] {logging_mixin.py:137} INFO - [2023-01-09T15:31:57.095+0400] {dag.py:3423} INFO - Setting next_dagrun for example_branch_dop_operator_v3 to 2023-01-09T11:30:00+00:00, run_after=2023-01-09T11:31:00+00:00
[2023-01-09T15:31:57.105+0400] {processor.py:175} INFO - Processing /Users/harut/opt/anaconda3/lib/python3.9/site-packages/airflow/example_dags/example_branch_python_dop_operator_3.py took 0.447 seconds
[2023-01-09T15:33:20.086+0400] {processor.py:153} INFO - Started process (PID=15088) to work on /Users/harut/opt/anaconda3/lib/python3.9/site-packages/airflow/example_dags/example_branch_python_dop_operator_3.py
[2023-01-09T15:33:20.087+0400] {processor.py:743} INFO - Processing file /Users/harut/opt/anaconda3/lib/python3.9/site-packages/airflow/example_dags/example_branch_python_dop_operator_3.py for tasks to queue
[2023-01-09T15:33:20.087+0400] {logging_mixin.py:137} INFO - [2023-01-09T15:33:20.087+0400] {dagbag.py:538} INFO - Filling up the DagBag from /Users/harut/opt/anaconda3/lib/python3.9/site-packages/airflow/example_dags/example_branch_python_dop_operator_3.py
[2023-01-09T15:33:20.124+0400] {processor.py:753} INFO - DAG(s) dict_keys(['example_branch_dop_operator_v3']) retrieved from /Users/harut/opt/anaconda3/lib/python3.9/site-packages/airflow/example_dags/example_branch_python_dop_operator_3.py
[2023-01-09T15:33:20.559+0400] {logging_mixin.py:137} INFO - [2023-01-09T15:33:20.559+0400] {dag.py:2676} INFO - Sync 1 DAGs
[2023-01-09T15:33:20.574+0400] {logging_mixin.py:137} INFO - [2023-01-09T15:33:20.574+0400] {dag.py:3423} INFO - Setting next_dagrun for example_branch_dop_operator_v3 to 2023-01-09T11:32:00+00:00, run_after=2023-01-09T11:33:00+00:00
[2023-01-09T15:33:20.586+0400] {processor.py:175} INFO - Processing /Users/harut/opt/anaconda3/lib/python3.9/site-packages/airflow/example_dags/example_branch_python_dop_operator_3.py took 0.501 seconds
[2023-01-09T15:34:44.841+0400] {processor.py:153} INFO - Started process (PID=15135) to work on /Users/harut/opt/anaconda3/lib/python3.9/site-packages/airflow/example_dags/example_branch_python_dop_operator_3.py
[2023-01-09T15:34:44.842+0400] {processor.py:743} INFO - Processing file /Users/harut/opt/anaconda3/lib/python3.9/site-packages/airflow/example_dags/example_branch_python_dop_operator_3.py for tasks to queue
[2023-01-09T15:34:44.842+0400] {logging_mixin.py:137} INFO - [2023-01-09T15:34:44.842+0400] {dagbag.py:538} INFO - Filling up the DagBag from /Users/harut/opt/anaconda3/lib/python3.9/site-packages/airflow/example_dags/example_branch_python_dop_operator_3.py
[2023-01-09T15:34:44.877+0400] {processor.py:753} INFO - DAG(s) dict_keys(['example_branch_dop_operator_v3']) retrieved from /Users/harut/opt/anaconda3/lib/python3.9/site-packages/airflow/example_dags/example_branch_python_dop_operator_3.py
[2023-01-09T15:34:45.298+0400] {logging_mixin.py:137} INFO - [2023-01-09T15:34:45.298+0400] {dag.py:2676} INFO - Sync 1 DAGs
[2023-01-09T15:34:45.312+0400] {logging_mixin.py:137} INFO - [2023-01-09T15:34:45.312+0400] {dag.py:3423} INFO - Setting next_dagrun for example_branch_dop_operator_v3 to 2023-01-09T11:33:00+00:00, run_after=2023-01-09T11:34:00+00:00
[2023-01-09T15:34:45.324+0400] {processor.py:175} INFO - Processing /Users/harut/opt/anaconda3/lib/python3.9/site-packages/airflow/example_dags/example_branch_python_dop_operator_3.py took 0.483 seconds
[2023-01-09T15:36:07.683+0400] {processor.py:153} INFO - Started process (PID=15188) to work on /Users/harut/opt/anaconda3/lib/python3.9/site-packages/airflow/example_dags/example_branch_python_dop_operator_3.py
[2023-01-09T15:36:07.683+0400] {processor.py:743} INFO - Processing file /Users/harut/opt/anaconda3/lib/python3.9/site-packages/airflow/example_dags/example_branch_python_dop_operator_3.py for tasks to queue
[2023-01-09T15:36:07.684+0400] {logging_mixin.py:137} INFO - [2023-01-09T15:36:07.684+0400] {dagbag.py:538} INFO - Filling up the DagBag from /Users/harut/opt/anaconda3/lib/python3.9/site-packages/airflow/example_dags/example_branch_python_dop_operator_3.py
[2023-01-09T15:36:07.714+0400] {processor.py:753} INFO - DAG(s) dict_keys(['example_branch_dop_operator_v3']) retrieved from /Users/harut/opt/anaconda3/lib/python3.9/site-packages/airflow/example_dags/example_branch_python_dop_operator_3.py
[2023-01-09T15:36:08.079+0400] {logging_mixin.py:137} INFO - [2023-01-09T15:36:08.079+0400] {dag.py:2676} INFO - Sync 1 DAGs
[2023-01-09T15:36:08.091+0400] {logging_mixin.py:137} INFO - [2023-01-09T15:36:08.091+0400] {dag.py:3423} INFO - Setting next_dagrun for example_branch_dop_operator_v3 to 2023-01-09T11:35:00+00:00, run_after=2023-01-09T11:36:00+00:00
[2023-01-09T15:36:08.101+0400] {processor.py:175} INFO - Processing /Users/harut/opt/anaconda3/lib/python3.9/site-packages/airflow/example_dags/example_branch_python_dop_operator_3.py took 0.418 seconds
[2023-01-09T15:37:30.707+0400] {processor.py:153} INFO - Started process (PID=15244) to work on /Users/harut/opt/anaconda3/lib/python3.9/site-packages/airflow/example_dags/example_branch_python_dop_operator_3.py
[2023-01-09T15:37:30.708+0400] {processor.py:743} INFO - Processing file /Users/harut/opt/anaconda3/lib/python3.9/site-packages/airflow/example_dags/example_branch_python_dop_operator_3.py for tasks to queue
[2023-01-09T15:37:30.708+0400] {logging_mixin.py:137} INFO - [2023-01-09T15:37:30.708+0400] {dagbag.py:538} INFO - Filling up the DagBag from /Users/harut/opt/anaconda3/lib/python3.9/site-packages/airflow/example_dags/example_branch_python_dop_operator_3.py
[2023-01-09T15:37:30.739+0400] {processor.py:753} INFO - DAG(s) dict_keys(['example_branch_dop_operator_v3']) retrieved from /Users/harut/opt/anaconda3/lib/python3.9/site-packages/airflow/example_dags/example_branch_python_dop_operator_3.py
[2023-01-09T15:37:31.111+0400] {logging_mixin.py:137} INFO - [2023-01-09T15:37:31.111+0400] {dag.py:2676} INFO - Sync 1 DAGs
[2023-01-09T15:37:31.124+0400] {logging_mixin.py:137} INFO - [2023-01-09T15:37:31.123+0400] {dag.py:3423} INFO - Setting next_dagrun for example_branch_dop_operator_v3 to 2023-01-09T11:36:00+00:00, run_after=2023-01-09T11:37:00+00:00
[2023-01-09T15:37:31.134+0400] {processor.py:175} INFO - Processing /Users/harut/opt/anaconda3/lib/python3.9/site-packages/airflow/example_dags/example_branch_python_dop_operator_3.py took 0.427 seconds
[2023-01-09T15:38:52.814+0400] {processor.py:153} INFO - Started process (PID=15286) to work on /Users/harut/opt/anaconda3/lib/python3.9/site-packages/airflow/example_dags/example_branch_python_dop_operator_3.py
[2023-01-09T15:38:52.815+0400] {processor.py:743} INFO - Processing file /Users/harut/opt/anaconda3/lib/python3.9/site-packages/airflow/example_dags/example_branch_python_dop_operator_3.py for tasks to queue
[2023-01-09T15:38:52.815+0400] {logging_mixin.py:137} INFO - [2023-01-09T15:38:52.815+0400] {dagbag.py:538} INFO - Filling up the DagBag from /Users/harut/opt/anaconda3/lib/python3.9/site-packages/airflow/example_dags/example_branch_python_dop_operator_3.py
[2023-01-09T15:38:52.846+0400] {processor.py:753} INFO - DAG(s) dict_keys(['example_branch_dop_operator_v3']) retrieved from /Users/harut/opt/anaconda3/lib/python3.9/site-packages/airflow/example_dags/example_branch_python_dop_operator_3.py
[2023-01-09T15:38:53.212+0400] {logging_mixin.py:137} INFO - [2023-01-09T15:38:53.212+0400] {dag.py:2676} INFO - Sync 1 DAGs
[2023-01-09T15:38:53.224+0400] {logging_mixin.py:137} INFO - [2023-01-09T15:38:53.224+0400] {dag.py:3423} INFO - Setting next_dagrun for example_branch_dop_operator_v3 to 2023-01-09T11:37:00+00:00, run_after=2023-01-09T11:38:00+00:00
[2023-01-09T15:38:53.234+0400] {processor.py:175} INFO - Processing /Users/harut/opt/anaconda3/lib/python3.9/site-packages/airflow/example_dags/example_branch_python_dop_operator_3.py took 0.420 seconds
[2023-01-09T15:40:14.781+0400] {processor.py:153} INFO - Started process (PID=15331) to work on /Users/harut/opt/anaconda3/lib/python3.9/site-packages/airflow/example_dags/example_branch_python_dop_operator_3.py
[2023-01-09T15:40:14.781+0400] {processor.py:743} INFO - Processing file /Users/harut/opt/anaconda3/lib/python3.9/site-packages/airflow/example_dags/example_branch_python_dop_operator_3.py for tasks to queue
[2023-01-09T15:40:14.782+0400] {logging_mixin.py:137} INFO - [2023-01-09T15:40:14.782+0400] {dagbag.py:538} INFO - Filling up the DagBag from /Users/harut/opt/anaconda3/lib/python3.9/site-packages/airflow/example_dags/example_branch_python_dop_operator_3.py
[2023-01-09T15:40:14.815+0400] {processor.py:753} INFO - DAG(s) dict_keys(['example_branch_dop_operator_v3']) retrieved from /Users/harut/opt/anaconda3/lib/python3.9/site-packages/airflow/example_dags/example_branch_python_dop_operator_3.py
[2023-01-09T15:40:15.182+0400] {logging_mixin.py:137} INFO - [2023-01-09T15:40:15.181+0400] {dag.py:2676} INFO - Sync 1 DAGs
[2023-01-09T15:40:15.194+0400] {logging_mixin.py:137} INFO - [2023-01-09T15:40:15.194+0400] {dag.py:3423} INFO - Setting next_dagrun for example_branch_dop_operator_v3 to 2023-01-09T11:39:00+00:00, run_after=2023-01-09T11:40:00+00:00
[2023-01-09T15:40:15.203+0400] {processor.py:175} INFO - Processing /Users/harut/opt/anaconda3/lib/python3.9/site-packages/airflow/example_dags/example_branch_python_dop_operator_3.py took 0.423 seconds
