[2023-01-09T14:17:07.882+0400] {processor.py:153} INFO - Started process (PID=12417) to work on /Users/harut/opt/anaconda3/lib/python3.9/site-packages/airflow/example_dags/example_sensors.py
[2023-01-09T14:17:07.883+0400] {processor.py:743} INFO - Processing file /Users/harut/opt/anaconda3/lib/python3.9/site-packages/airflow/example_dags/example_sensors.py for tasks to queue
[2023-01-09T14:17:07.883+0400] {logging_mixin.py:137} INFO - [2023-01-09T14:17:07.883+0400] {dagbag.py:538} INFO - Filling up the DagBag from /Users/harut/opt/anaconda3/lib/python3.9/site-packages/airflow/example_dags/example_sensors.py
[2023-01-09T14:17:07.907+0400] {processor.py:753} INFO - DAG(s) dict_keys(['example_sensors']) retrieved from /Users/harut/opt/anaconda3/lib/python3.9/site-packages/airflow/example_dags/example_sensors.py
[2023-01-09T14:17:08.480+0400] {logging_mixin.py:137} INFO - [2023-01-09T14:17:08.480+0400] {dag.py:2676} INFO - Sync 1 DAGs
[2023-01-09T14:17:08.491+0400] {logging_mixin.py:137} INFO - [2023-01-09T14:17:08.491+0400] {dag.py:3423} INFO - Setting next_dagrun for example_sensors to None, run_after=None
[2023-01-09T14:17:08.503+0400] {processor.py:175} INFO - Processing /Users/harut/opt/anaconda3/lib/python3.9/site-packages/airflow/example_dags/example_sensors.py took 0.621 seconds
[2023-01-09T14:19:34.250+0400] {processor.py:153} INFO - Started process (PID=12511) to work on /Users/harut/opt/anaconda3/lib/python3.9/site-packages/airflow/example_dags/example_sensors.py
[2023-01-09T14:19:34.250+0400] {processor.py:743} INFO - Processing file /Users/harut/opt/anaconda3/lib/python3.9/site-packages/airflow/example_dags/example_sensors.py for tasks to queue
[2023-01-09T14:19:34.251+0400] {logging_mixin.py:137} INFO - [2023-01-09T14:19:34.251+0400] {dagbag.py:538} INFO - Filling up the DagBag from /Users/harut/opt/anaconda3/lib/python3.9/site-packages/airflow/example_dags/example_sensors.py
[2023-01-09T14:19:34.273+0400] {processor.py:753} INFO - DAG(s) dict_keys(['example_sensors']) retrieved from /Users/harut/opt/anaconda3/lib/python3.9/site-packages/airflow/example_dags/example_sensors.py
[2023-01-09T14:19:34.807+0400] {logging_mixin.py:137} INFO - [2023-01-09T14:19:34.807+0400] {dag.py:2676} INFO - Sync 1 DAGs
[2023-01-09T14:19:34.817+0400] {logging_mixin.py:137} INFO - [2023-01-09T14:19:34.817+0400] {dag.py:3423} INFO - Setting next_dagrun for example_sensors to None, run_after=None
[2023-01-09T14:19:34.829+0400] {processor.py:175} INFO - Processing /Users/harut/opt/anaconda3/lib/python3.9/site-packages/airflow/example_dags/example_sensors.py took 0.580 seconds
[2023-01-09T14:20:47.334+0400] {processor.py:153} INFO - Started process (PID=12550) to work on /Users/harut/opt/anaconda3/lib/python3.9/site-packages/airflow/example_dags/example_sensors.py
[2023-01-09T14:20:47.335+0400] {processor.py:743} INFO - Processing file /Users/harut/opt/anaconda3/lib/python3.9/site-packages/airflow/example_dags/example_sensors.py for tasks to queue
[2023-01-09T14:20:47.335+0400] {logging_mixin.py:137} INFO - [2023-01-09T14:20:47.335+0400] {dagbag.py:538} INFO - Filling up the DagBag from /Users/harut/opt/anaconda3/lib/python3.9/site-packages/airflow/example_dags/example_sensors.py
[2023-01-09T14:20:47.355+0400] {processor.py:753} INFO - DAG(s) dict_keys(['example_sensors']) retrieved from /Users/harut/opt/anaconda3/lib/python3.9/site-packages/airflow/example_dags/example_sensors.py
[2023-01-09T14:20:47.842+0400] {logging_mixin.py:137} INFO - [2023-01-09T14:20:47.841+0400] {dag.py:2676} INFO - Sync 1 DAGs
[2023-01-09T14:20:47.852+0400] {logging_mixin.py:137} INFO - [2023-01-09T14:20:47.851+0400] {dag.py:3423} INFO - Setting next_dagrun for example_sensors to None, run_after=None
[2023-01-09T14:20:47.861+0400] {processor.py:175} INFO - Processing /Users/harut/opt/anaconda3/lib/python3.9/site-packages/airflow/example_dags/example_sensors.py took 0.527 seconds
[2023-01-09T14:22:02.670+0400] {processor.py:153} INFO - Started process (PID=12600) to work on /Users/harut/opt/anaconda3/lib/python3.9/site-packages/airflow/example_dags/example_sensors.py
[2023-01-09T14:22:02.670+0400] {processor.py:743} INFO - Processing file /Users/harut/opt/anaconda3/lib/python3.9/site-packages/airflow/example_dags/example_sensors.py for tasks to queue
[2023-01-09T14:22:02.671+0400] {logging_mixin.py:137} INFO - [2023-01-09T14:22:02.671+0400] {dagbag.py:538} INFO - Filling up the DagBag from /Users/harut/opt/anaconda3/lib/python3.9/site-packages/airflow/example_dags/example_sensors.py
[2023-01-09T14:22:02.692+0400] {processor.py:753} INFO - DAG(s) dict_keys(['example_sensors']) retrieved from /Users/harut/opt/anaconda3/lib/python3.9/site-packages/airflow/example_dags/example_sensors.py
[2023-01-09T14:22:03.180+0400] {logging_mixin.py:137} INFO - [2023-01-09T14:22:03.179+0400] {dag.py:2676} INFO - Sync 1 DAGs
[2023-01-09T14:22:03.189+0400] {logging_mixin.py:137} INFO - [2023-01-09T14:22:03.189+0400] {dag.py:3423} INFO - Setting next_dagrun for example_sensors to None, run_after=None
[2023-01-09T14:22:03.199+0400] {processor.py:175} INFO - Processing /Users/harut/opt/anaconda3/lib/python3.9/site-packages/airflow/example_dags/example_sensors.py took 0.529 seconds
[2023-01-09T14:23:17.943+0400] {processor.py:153} INFO - Started process (PID=12641) to work on /Users/harut/opt/anaconda3/lib/python3.9/site-packages/airflow/example_dags/example_sensors.py
[2023-01-09T14:23:17.944+0400] {processor.py:743} INFO - Processing file /Users/harut/opt/anaconda3/lib/python3.9/site-packages/airflow/example_dags/example_sensors.py for tasks to queue
[2023-01-09T14:23:17.944+0400] {logging_mixin.py:137} INFO - [2023-01-09T14:23:17.944+0400] {dagbag.py:538} INFO - Filling up the DagBag from /Users/harut/opt/anaconda3/lib/python3.9/site-packages/airflow/example_dags/example_sensors.py
[2023-01-09T14:23:17.966+0400] {processor.py:753} INFO - DAG(s) dict_keys(['example_sensors']) retrieved from /Users/harut/opt/anaconda3/lib/python3.9/site-packages/airflow/example_dags/example_sensors.py
[2023-01-09T14:23:18.474+0400] {logging_mixin.py:137} INFO - [2023-01-09T14:23:18.473+0400] {dag.py:2676} INFO - Sync 1 DAGs
[2023-01-09T14:23:18.483+0400] {logging_mixin.py:137} INFO - [2023-01-09T14:23:18.483+0400] {dag.py:3423} INFO - Setting next_dagrun for example_sensors to None, run_after=None
[2023-01-09T14:23:18.493+0400] {processor.py:175} INFO - Processing /Users/harut/opt/anaconda3/lib/python3.9/site-packages/airflow/example_dags/example_sensors.py took 0.550 seconds
[2023-01-09T14:24:39.185+0400] {processor.py:153} INFO - Started process (PID=12686) to work on /Users/harut/opt/anaconda3/lib/python3.9/site-packages/airflow/example_dags/example_sensors.py
[2023-01-09T14:24:39.185+0400] {processor.py:743} INFO - Processing file /Users/harut/opt/anaconda3/lib/python3.9/site-packages/airflow/example_dags/example_sensors.py for tasks to queue
[2023-01-09T14:24:39.186+0400] {logging_mixin.py:137} INFO - [2023-01-09T14:24:39.185+0400] {dagbag.py:538} INFO - Filling up the DagBag from /Users/harut/opt/anaconda3/lib/python3.9/site-packages/airflow/example_dags/example_sensors.py
[2023-01-09T14:24:39.206+0400] {processor.py:753} INFO - DAG(s) dict_keys(['example_sensors']) retrieved from /Users/harut/opt/anaconda3/lib/python3.9/site-packages/airflow/example_dags/example_sensors.py
[2023-01-09T14:24:39.693+0400] {logging_mixin.py:137} INFO - [2023-01-09T14:24:39.693+0400] {dag.py:2676} INFO - Sync 1 DAGs
[2023-01-09T14:24:39.702+0400] {logging_mixin.py:137} INFO - [2023-01-09T14:24:39.702+0400] {dag.py:3423} INFO - Setting next_dagrun for example_sensors to None, run_after=None
[2023-01-09T14:24:39.712+0400] {processor.py:175} INFO - Processing /Users/harut/opt/anaconda3/lib/python3.9/site-packages/airflow/example_dags/example_sensors.py took 0.527 seconds
[2023-01-09T14:25:56.898+0400] {processor.py:153} INFO - Started process (PID=12730) to work on /Users/harut/opt/anaconda3/lib/python3.9/site-packages/airflow/example_dags/example_sensors.py
[2023-01-09T14:25:56.899+0400] {processor.py:743} INFO - Processing file /Users/harut/opt/anaconda3/lib/python3.9/site-packages/airflow/example_dags/example_sensors.py for tasks to queue
[2023-01-09T14:25:56.899+0400] {logging_mixin.py:137} INFO - [2023-01-09T14:25:56.899+0400] {dagbag.py:538} INFO - Filling up the DagBag from /Users/harut/opt/anaconda3/lib/python3.9/site-packages/airflow/example_dags/example_sensors.py
[2023-01-09T14:25:56.919+0400] {processor.py:753} INFO - DAG(s) dict_keys(['example_sensors']) retrieved from /Users/harut/opt/anaconda3/lib/python3.9/site-packages/airflow/example_dags/example_sensors.py
[2023-01-09T14:25:57.423+0400] {logging_mixin.py:137} INFO - [2023-01-09T14:25:57.423+0400] {dag.py:2676} INFO - Sync 1 DAGs
[2023-01-09T14:25:57.433+0400] {logging_mixin.py:137} INFO - [2023-01-09T14:25:57.432+0400] {dag.py:3423} INFO - Setting next_dagrun for example_sensors to None, run_after=None
[2023-01-09T14:25:57.442+0400] {processor.py:175} INFO - Processing /Users/harut/opt/anaconda3/lib/python3.9/site-packages/airflow/example_dags/example_sensors.py took 0.544 seconds
[2023-01-09T14:27:14.414+0400] {processor.py:153} INFO - Started process (PID=12775) to work on /Users/harut/opt/anaconda3/lib/python3.9/site-packages/airflow/example_dags/example_sensors.py
[2023-01-09T14:27:14.414+0400] {processor.py:743} INFO - Processing file /Users/harut/opt/anaconda3/lib/python3.9/site-packages/airflow/example_dags/example_sensors.py for tasks to queue
[2023-01-09T14:27:14.415+0400] {logging_mixin.py:137} INFO - [2023-01-09T14:27:14.415+0400] {dagbag.py:538} INFO - Filling up the DagBag from /Users/harut/opt/anaconda3/lib/python3.9/site-packages/airflow/example_dags/example_sensors.py
[2023-01-09T14:27:14.435+0400] {processor.py:753} INFO - DAG(s) dict_keys(['example_sensors']) retrieved from /Users/harut/opt/anaconda3/lib/python3.9/site-packages/airflow/example_dags/example_sensors.py
[2023-01-09T14:27:14.924+0400] {logging_mixin.py:137} INFO - [2023-01-09T14:27:14.924+0400] {dag.py:2676} INFO - Sync 1 DAGs
[2023-01-09T14:27:14.933+0400] {logging_mixin.py:137} INFO - [2023-01-09T14:27:14.933+0400] {dag.py:3423} INFO - Setting next_dagrun for example_sensors to None, run_after=None
[2023-01-09T14:27:14.943+0400] {processor.py:175} INFO - Processing /Users/harut/opt/anaconda3/lib/python3.9/site-packages/airflow/example_dags/example_sensors.py took 0.530 seconds
[2023-01-09T14:28:31.723+0400] {processor.py:153} INFO - Started process (PID=12820) to work on /Users/harut/opt/anaconda3/lib/python3.9/site-packages/airflow/example_dags/example_sensors.py
[2023-01-09T14:28:31.723+0400] {processor.py:743} INFO - Processing file /Users/harut/opt/anaconda3/lib/python3.9/site-packages/airflow/example_dags/example_sensors.py for tasks to queue
[2023-01-09T14:28:31.724+0400] {logging_mixin.py:137} INFO - [2023-01-09T14:28:31.724+0400] {dagbag.py:538} INFO - Filling up the DagBag from /Users/harut/opt/anaconda3/lib/python3.9/site-packages/airflow/example_dags/example_sensors.py
[2023-01-09T14:28:31.744+0400] {processor.py:753} INFO - DAG(s) dict_keys(['example_sensors']) retrieved from /Users/harut/opt/anaconda3/lib/python3.9/site-packages/airflow/example_dags/example_sensors.py
[2023-01-09T14:28:32.227+0400] {logging_mixin.py:137} INFO - [2023-01-09T14:28:32.226+0400] {dag.py:2676} INFO - Sync 1 DAGs
[2023-01-09T14:28:32.237+0400] {logging_mixin.py:137} INFO - [2023-01-09T14:28:32.237+0400] {dag.py:3423} INFO - Setting next_dagrun for example_sensors to None, run_after=None
[2023-01-09T14:28:32.248+0400] {processor.py:175} INFO - Processing /Users/harut/opt/anaconda3/lib/python3.9/site-packages/airflow/example_dags/example_sensors.py took 0.525 seconds
[2023-01-09T14:29:47.925+0400] {processor.py:153} INFO - Started process (PID=12860) to work on /Users/harut/opt/anaconda3/lib/python3.9/site-packages/airflow/example_dags/example_sensors.py
[2023-01-09T14:29:47.926+0400] {processor.py:743} INFO - Processing file /Users/harut/opt/anaconda3/lib/python3.9/site-packages/airflow/example_dags/example_sensors.py for tasks to queue
[2023-01-09T14:29:47.926+0400] {logging_mixin.py:137} INFO - [2023-01-09T14:29:47.926+0400] {dagbag.py:538} INFO - Filling up the DagBag from /Users/harut/opt/anaconda3/lib/python3.9/site-packages/airflow/example_dags/example_sensors.py
[2023-01-09T14:29:47.948+0400] {processor.py:753} INFO - DAG(s) dict_keys(['example_sensors']) retrieved from /Users/harut/opt/anaconda3/lib/python3.9/site-packages/airflow/example_dags/example_sensors.py
[2023-01-09T14:29:48.447+0400] {logging_mixin.py:137} INFO - [2023-01-09T14:29:48.447+0400] {dag.py:2676} INFO - Sync 1 DAGs
[2023-01-09T14:29:48.456+0400] {logging_mixin.py:137} INFO - [2023-01-09T14:29:48.456+0400] {dag.py:3423} INFO - Setting next_dagrun for example_sensors to None, run_after=None
[2023-01-09T14:29:48.466+0400] {processor.py:175} INFO - Processing /Users/harut/opt/anaconda3/lib/python3.9/site-packages/airflow/example_dags/example_sensors.py took 0.541 seconds
[2023-01-09T14:31:04.719+0400] {processor.py:153} INFO - Started process (PID=12907) to work on /Users/harut/opt/anaconda3/lib/python3.9/site-packages/airflow/example_dags/example_sensors.py
[2023-01-09T14:31:04.719+0400] {processor.py:743} INFO - Processing file /Users/harut/opt/anaconda3/lib/python3.9/site-packages/airflow/example_dags/example_sensors.py for tasks to queue
[2023-01-09T14:31:04.719+0400] {logging_mixin.py:137} INFO - [2023-01-09T14:31:04.719+0400] {dagbag.py:538} INFO - Filling up the DagBag from /Users/harut/opt/anaconda3/lib/python3.9/site-packages/airflow/example_dags/example_sensors.py
[2023-01-09T14:31:04.740+0400] {processor.py:753} INFO - DAG(s) dict_keys(['example_sensors']) retrieved from /Users/harut/opt/anaconda3/lib/python3.9/site-packages/airflow/example_dags/example_sensors.py
[2023-01-09T14:31:05.223+0400] {logging_mixin.py:137} INFO - [2023-01-09T14:31:05.223+0400] {dag.py:2676} INFO - Sync 1 DAGs
[2023-01-09T14:31:05.232+0400] {logging_mixin.py:137} INFO - [2023-01-09T14:31:05.232+0400] {dag.py:3423} INFO - Setting next_dagrun for example_sensors to None, run_after=None
[2023-01-09T14:31:05.241+0400] {processor.py:175} INFO - Processing /Users/harut/opt/anaconda3/lib/python3.9/site-packages/airflow/example_dags/example_sensors.py took 0.523 seconds
[2023-01-09T14:32:18.257+0400] {processor.py:153} INFO - Started process (PID=12948) to work on /Users/harut/opt/anaconda3/lib/python3.9/site-packages/airflow/example_dags/example_sensors.py
[2023-01-09T14:32:18.257+0400] {processor.py:743} INFO - Processing file /Users/harut/opt/anaconda3/lib/python3.9/site-packages/airflow/example_dags/example_sensors.py for tasks to queue
[2023-01-09T14:32:18.258+0400] {logging_mixin.py:137} INFO - [2023-01-09T14:32:18.258+0400] {dagbag.py:538} INFO - Filling up the DagBag from /Users/harut/opt/anaconda3/lib/python3.9/site-packages/airflow/example_dags/example_sensors.py
[2023-01-09T14:32:18.278+0400] {processor.py:753} INFO - DAG(s) dict_keys(['example_sensors']) retrieved from /Users/harut/opt/anaconda3/lib/python3.9/site-packages/airflow/example_dags/example_sensors.py
[2023-01-09T14:32:18.759+0400] {logging_mixin.py:137} INFO - [2023-01-09T14:32:18.758+0400] {dag.py:2676} INFO - Sync 1 DAGs
[2023-01-09T14:32:18.768+0400] {logging_mixin.py:137} INFO - [2023-01-09T14:32:18.768+0400] {dag.py:3423} INFO - Setting next_dagrun for example_sensors to None, run_after=None
[2023-01-09T14:32:18.777+0400] {processor.py:175} INFO - Processing /Users/harut/opt/anaconda3/lib/python3.9/site-packages/airflow/example_dags/example_sensors.py took 0.521 seconds
[2023-01-09T14:33:36.717+0400] {processor.py:153} INFO - Started process (PID=12997) to work on /Users/harut/opt/anaconda3/lib/python3.9/site-packages/airflow/example_dags/example_sensors.py
[2023-01-09T14:33:36.718+0400] {processor.py:743} INFO - Processing file /Users/harut/opt/anaconda3/lib/python3.9/site-packages/airflow/example_dags/example_sensors.py for tasks to queue
[2023-01-09T14:33:36.718+0400] {logging_mixin.py:137} INFO - [2023-01-09T14:33:36.718+0400] {dagbag.py:538} INFO - Filling up the DagBag from /Users/harut/opt/anaconda3/lib/python3.9/site-packages/airflow/example_dags/example_sensors.py
[2023-01-09T14:33:36.742+0400] {processor.py:753} INFO - DAG(s) dict_keys(['example_sensors']) retrieved from /Users/harut/opt/anaconda3/lib/python3.9/site-packages/airflow/example_dags/example_sensors.py
[2023-01-09T14:33:37.274+0400] {logging_mixin.py:137} INFO - [2023-01-09T14:33:37.274+0400] {dag.py:2676} INFO - Sync 1 DAGs
[2023-01-09T14:33:37.283+0400] {logging_mixin.py:137} INFO - [2023-01-09T14:33:37.283+0400] {dag.py:3423} INFO - Setting next_dagrun for example_sensors to None, run_after=None
[2023-01-09T14:33:37.293+0400] {processor.py:175} INFO - Processing /Users/harut/opt/anaconda3/lib/python3.9/site-packages/airflow/example_dags/example_sensors.py took 0.577 seconds
[2023-01-09T14:34:54.189+0400] {processor.py:153} INFO - Started process (PID=13053) to work on /Users/harut/opt/anaconda3/lib/python3.9/site-packages/airflow/example_dags/example_sensors.py
[2023-01-09T14:34:54.189+0400] {processor.py:743} INFO - Processing file /Users/harut/opt/anaconda3/lib/python3.9/site-packages/airflow/example_dags/example_sensors.py for tasks to queue
[2023-01-09T14:34:54.189+0400] {logging_mixin.py:137} INFO - [2023-01-09T14:34:54.189+0400] {dagbag.py:538} INFO - Filling up the DagBag from /Users/harut/opt/anaconda3/lib/python3.9/site-packages/airflow/example_dags/example_sensors.py
[2023-01-09T14:34:54.210+0400] {processor.py:753} INFO - DAG(s) dict_keys(['example_sensors']) retrieved from /Users/harut/opt/anaconda3/lib/python3.9/site-packages/airflow/example_dags/example_sensors.py
[2023-01-09T14:34:54.720+0400] {logging_mixin.py:137} INFO - [2023-01-09T14:34:54.720+0400] {dag.py:2676} INFO - Sync 1 DAGs
[2023-01-09T14:34:54.729+0400] {logging_mixin.py:137} INFO - [2023-01-09T14:34:54.729+0400] {dag.py:3423} INFO - Setting next_dagrun for example_sensors to None, run_after=None
[2023-01-09T14:34:54.739+0400] {processor.py:175} INFO - Processing /Users/harut/opt/anaconda3/lib/python3.9/site-packages/airflow/example_dags/example_sensors.py took 0.551 seconds
[2023-01-09T14:36:11.978+0400] {processor.py:153} INFO - Started process (PID=13099) to work on /Users/harut/opt/anaconda3/lib/python3.9/site-packages/airflow/example_dags/example_sensors.py
[2023-01-09T14:36:11.979+0400] {processor.py:743} INFO - Processing file /Users/harut/opt/anaconda3/lib/python3.9/site-packages/airflow/example_dags/example_sensors.py for tasks to queue
[2023-01-09T14:36:11.979+0400] {logging_mixin.py:137} INFO - [2023-01-09T14:36:11.979+0400] {dagbag.py:538} INFO - Filling up the DagBag from /Users/harut/opt/anaconda3/lib/python3.9/site-packages/airflow/example_dags/example_sensors.py
[2023-01-09T14:36:12.001+0400] {processor.py:753} INFO - DAG(s) dict_keys(['example_sensors']) retrieved from /Users/harut/opt/anaconda3/lib/python3.9/site-packages/airflow/example_dags/example_sensors.py
[2023-01-09T14:36:12.510+0400] {logging_mixin.py:137} INFO - [2023-01-09T14:36:12.510+0400] {dag.py:2676} INFO - Sync 1 DAGs
[2023-01-09T14:36:12.519+0400] {logging_mixin.py:137} INFO - [2023-01-09T14:36:12.519+0400] {dag.py:3423} INFO - Setting next_dagrun for example_sensors to None, run_after=None
[2023-01-09T14:36:12.529+0400] {processor.py:175} INFO - Processing /Users/harut/opt/anaconda3/lib/python3.9/site-packages/airflow/example_dags/example_sensors.py took 0.551 seconds
[2023-01-09T14:37:28.452+0400] {processor.py:153} INFO - Started process (PID=13140) to work on /Users/harut/opt/anaconda3/lib/python3.9/site-packages/airflow/example_dags/example_sensors.py
[2023-01-09T14:37:28.452+0400] {processor.py:743} INFO - Processing file /Users/harut/opt/anaconda3/lib/python3.9/site-packages/airflow/example_dags/example_sensors.py for tasks to queue
[2023-01-09T14:37:28.452+0400] {logging_mixin.py:137} INFO - [2023-01-09T14:37:28.452+0400] {dagbag.py:538} INFO - Filling up the DagBag from /Users/harut/opt/anaconda3/lib/python3.9/site-packages/airflow/example_dags/example_sensors.py
[2023-01-09T14:37:28.473+0400] {processor.py:753} INFO - DAG(s) dict_keys(['example_sensors']) retrieved from /Users/harut/opt/anaconda3/lib/python3.9/site-packages/airflow/example_dags/example_sensors.py
[2023-01-09T14:37:28.972+0400] {logging_mixin.py:137} INFO - [2023-01-09T14:37:28.971+0400] {dag.py:2676} INFO - Sync 1 DAGs
[2023-01-09T14:37:28.981+0400] {logging_mixin.py:137} INFO - [2023-01-09T14:37:28.981+0400] {dag.py:3423} INFO - Setting next_dagrun for example_sensors to None, run_after=None
[2023-01-09T14:37:28.991+0400] {processor.py:175} INFO - Processing /Users/harut/opt/anaconda3/lib/python3.9/site-packages/airflow/example_dags/example_sensors.py took 0.540 seconds
[2023-01-09T14:38:45.526+0400] {processor.py:153} INFO - Started process (PID=13186) to work on /Users/harut/opt/anaconda3/lib/python3.9/site-packages/airflow/example_dags/example_sensors.py
[2023-01-09T14:38:45.527+0400] {processor.py:743} INFO - Processing file /Users/harut/opt/anaconda3/lib/python3.9/site-packages/airflow/example_dags/example_sensors.py for tasks to queue
[2023-01-09T14:38:45.527+0400] {logging_mixin.py:137} INFO - [2023-01-09T14:38:45.527+0400] {dagbag.py:538} INFO - Filling up the DagBag from /Users/harut/opt/anaconda3/lib/python3.9/site-packages/airflow/example_dags/example_sensors.py
[2023-01-09T14:38:45.547+0400] {processor.py:753} INFO - DAG(s) dict_keys(['example_sensors']) retrieved from /Users/harut/opt/anaconda3/lib/python3.9/site-packages/airflow/example_dags/example_sensors.py
[2023-01-09T14:38:46.025+0400] {logging_mixin.py:137} INFO - [2023-01-09T14:38:46.025+0400] {dag.py:2676} INFO - Sync 1 DAGs
[2023-01-09T14:38:46.034+0400] {logging_mixin.py:137} INFO - [2023-01-09T14:38:46.034+0400] {dag.py:3423} INFO - Setting next_dagrun for example_sensors to None, run_after=None
[2023-01-09T14:38:46.044+0400] {processor.py:175} INFO - Processing /Users/harut/opt/anaconda3/lib/python3.9/site-packages/airflow/example_dags/example_sensors.py took 0.518 seconds
[2023-01-09T14:40:02.776+0400] {processor.py:153} INFO - Started process (PID=13229) to work on /Users/harut/opt/anaconda3/lib/python3.9/site-packages/airflow/example_dags/example_sensors.py
[2023-01-09T14:40:02.777+0400] {processor.py:743} INFO - Processing file /Users/harut/opt/anaconda3/lib/python3.9/site-packages/airflow/example_dags/example_sensors.py for tasks to queue
[2023-01-09T14:40:02.777+0400] {logging_mixin.py:137} INFO - [2023-01-09T14:40:02.777+0400] {dagbag.py:538} INFO - Filling up the DagBag from /Users/harut/opt/anaconda3/lib/python3.9/site-packages/airflow/example_dags/example_sensors.py
[2023-01-09T14:40:02.798+0400] {processor.py:753} INFO - DAG(s) dict_keys(['example_sensors']) retrieved from /Users/harut/opt/anaconda3/lib/python3.9/site-packages/airflow/example_dags/example_sensors.py
[2023-01-09T14:40:03.289+0400] {logging_mixin.py:137} INFO - [2023-01-09T14:40:03.288+0400] {dag.py:2676} INFO - Sync 1 DAGs
[2023-01-09T14:40:03.298+0400] {logging_mixin.py:137} INFO - [2023-01-09T14:40:03.298+0400] {dag.py:3423} INFO - Setting next_dagrun for example_sensors to None, run_after=None
[2023-01-09T14:40:03.307+0400] {processor.py:175} INFO - Processing /Users/harut/opt/anaconda3/lib/python3.9/site-packages/airflow/example_dags/example_sensors.py took 0.531 seconds
[2023-01-09T14:41:18.433+0400] {processor.py:153} INFO - Started process (PID=13276) to work on /Users/harut/opt/anaconda3/lib/python3.9/site-packages/airflow/example_dags/example_sensors.py
[2023-01-09T14:41:18.434+0400] {processor.py:743} INFO - Processing file /Users/harut/opt/anaconda3/lib/python3.9/site-packages/airflow/example_dags/example_sensors.py for tasks to queue
[2023-01-09T14:41:18.434+0400] {logging_mixin.py:137} INFO - [2023-01-09T14:41:18.434+0400] {dagbag.py:538} INFO - Filling up the DagBag from /Users/harut/opt/anaconda3/lib/python3.9/site-packages/airflow/example_dags/example_sensors.py
[2023-01-09T14:41:18.455+0400] {processor.py:753} INFO - DAG(s) dict_keys(['example_sensors']) retrieved from /Users/harut/opt/anaconda3/lib/python3.9/site-packages/airflow/example_dags/example_sensors.py
[2023-01-09T14:41:18.951+0400] {logging_mixin.py:137} INFO - [2023-01-09T14:41:18.951+0400] {dag.py:2676} INFO - Sync 1 DAGs
[2023-01-09T14:41:18.960+0400] {logging_mixin.py:137} INFO - [2023-01-09T14:41:18.960+0400] {dag.py:3423} INFO - Setting next_dagrun for example_sensors to None, run_after=None
[2023-01-09T14:41:18.969+0400] {processor.py:175} INFO - Processing /Users/harut/opt/anaconda3/lib/python3.9/site-packages/airflow/example_dags/example_sensors.py took 0.536 seconds
[2023-01-09T14:42:35.462+0400] {processor.py:153} INFO - Started process (PID=13321) to work on /Users/harut/opt/anaconda3/lib/python3.9/site-packages/airflow/example_dags/example_sensors.py
[2023-01-09T14:42:35.462+0400] {processor.py:743} INFO - Processing file /Users/harut/opt/anaconda3/lib/python3.9/site-packages/airflow/example_dags/example_sensors.py for tasks to queue
[2023-01-09T14:42:35.462+0400] {logging_mixin.py:137} INFO - [2023-01-09T14:42:35.462+0400] {dagbag.py:538} INFO - Filling up the DagBag from /Users/harut/opt/anaconda3/lib/python3.9/site-packages/airflow/example_dags/example_sensors.py
[2023-01-09T14:42:35.484+0400] {processor.py:753} INFO - DAG(s) dict_keys(['example_sensors']) retrieved from /Users/harut/opt/anaconda3/lib/python3.9/site-packages/airflow/example_dags/example_sensors.py
[2023-01-09T14:42:36.011+0400] {logging_mixin.py:137} INFO - [2023-01-09T14:42:36.011+0400] {dag.py:2676} INFO - Sync 1 DAGs
[2023-01-09T14:42:36.020+0400] {logging_mixin.py:137} INFO - [2023-01-09T14:42:36.020+0400] {dag.py:3423} INFO - Setting next_dagrun for example_sensors to None, run_after=None
[2023-01-09T14:42:36.030+0400] {processor.py:175} INFO - Processing /Users/harut/opt/anaconda3/lib/python3.9/site-packages/airflow/example_dags/example_sensors.py took 0.568 seconds
[2023-01-09T14:43:51.059+0400] {processor.py:153} INFO - Started process (PID=13363) to work on /Users/harut/opt/anaconda3/lib/python3.9/site-packages/airflow/example_dags/example_sensors.py
[2023-01-09T14:43:51.060+0400] {processor.py:743} INFO - Processing file /Users/harut/opt/anaconda3/lib/python3.9/site-packages/airflow/example_dags/example_sensors.py for tasks to queue
[2023-01-09T14:43:51.060+0400] {logging_mixin.py:137} INFO - [2023-01-09T14:43:51.060+0400] {dagbag.py:538} INFO - Filling up the DagBag from /Users/harut/opt/anaconda3/lib/python3.9/site-packages/airflow/example_dags/example_sensors.py
[2023-01-09T14:43:51.080+0400] {processor.py:753} INFO - DAG(s) dict_keys(['example_sensors']) retrieved from /Users/harut/opt/anaconda3/lib/python3.9/site-packages/airflow/example_dags/example_sensors.py
[2023-01-09T14:43:51.565+0400] {logging_mixin.py:137} INFO - [2023-01-09T14:43:51.565+0400] {dag.py:2676} INFO - Sync 1 DAGs
[2023-01-09T14:43:51.575+0400] {logging_mixin.py:137} INFO - [2023-01-09T14:43:51.575+0400] {dag.py:3423} INFO - Setting next_dagrun for example_sensors to None, run_after=None
[2023-01-09T14:43:51.598+0400] {processor.py:175} INFO - Processing /Users/harut/opt/anaconda3/lib/python3.9/site-packages/airflow/example_dags/example_sensors.py took 0.539 seconds
[2023-01-09T14:45:12.361+0400] {processor.py:153} INFO - Started process (PID=13410) to work on /Users/harut/opt/anaconda3/lib/python3.9/site-packages/airflow/example_dags/example_sensors.py
[2023-01-09T14:45:12.361+0400] {processor.py:743} INFO - Processing file /Users/harut/opt/anaconda3/lib/python3.9/site-packages/airflow/example_dags/example_sensors.py for tasks to queue
[2023-01-09T14:45:12.362+0400] {logging_mixin.py:137} INFO - [2023-01-09T14:45:12.362+0400] {dagbag.py:538} INFO - Filling up the DagBag from /Users/harut/opt/anaconda3/lib/python3.9/site-packages/airflow/example_dags/example_sensors.py
[2023-01-09T14:45:12.382+0400] {processor.py:753} INFO - DAG(s) dict_keys(['example_sensors']) retrieved from /Users/harut/opt/anaconda3/lib/python3.9/site-packages/airflow/example_dags/example_sensors.py
[2023-01-09T14:45:12.865+0400] {logging_mixin.py:137} INFO - [2023-01-09T14:45:12.865+0400] {dag.py:2676} INFO - Sync 1 DAGs
[2023-01-09T14:45:12.874+0400] {logging_mixin.py:137} INFO - [2023-01-09T14:45:12.874+0400] {dag.py:3423} INFO - Setting next_dagrun for example_sensors to None, run_after=None
[2023-01-09T14:45:12.883+0400] {processor.py:175} INFO - Processing /Users/harut/opt/anaconda3/lib/python3.9/site-packages/airflow/example_dags/example_sensors.py took 0.522 seconds
[2023-01-09T14:46:30.023+0400] {processor.py:153} INFO - Started process (PID=13459) to work on /Users/harut/opt/anaconda3/lib/python3.9/site-packages/airflow/example_dags/example_sensors.py
[2023-01-09T14:46:30.024+0400] {processor.py:743} INFO - Processing file /Users/harut/opt/anaconda3/lib/python3.9/site-packages/airflow/example_dags/example_sensors.py for tasks to queue
[2023-01-09T14:46:30.025+0400] {logging_mixin.py:137} INFO - [2023-01-09T14:46:30.025+0400] {dagbag.py:538} INFO - Filling up the DagBag from /Users/harut/opt/anaconda3/lib/python3.9/site-packages/airflow/example_dags/example_sensors.py
[2023-01-09T14:46:30.047+0400] {processor.py:753} INFO - DAG(s) dict_keys(['example_sensors']) retrieved from /Users/harut/opt/anaconda3/lib/python3.9/site-packages/airflow/example_dags/example_sensors.py
[2023-01-09T14:46:30.546+0400] {logging_mixin.py:137} INFO - [2023-01-09T14:46:30.545+0400] {dag.py:2676} INFO - Sync 1 DAGs
[2023-01-09T14:46:30.555+0400] {logging_mixin.py:137} INFO - [2023-01-09T14:46:30.554+0400] {dag.py:3423} INFO - Setting next_dagrun for example_sensors to None, run_after=None
[2023-01-09T14:46:30.565+0400] {processor.py:175} INFO - Processing /Users/harut/opt/anaconda3/lib/python3.9/site-packages/airflow/example_dags/example_sensors.py took 0.542 seconds
[2023-01-09T14:47:50.147+0400] {processor.py:153} INFO - Started process (PID=13515) to work on /Users/harut/opt/anaconda3/lib/python3.9/site-packages/airflow/example_dags/example_sensors.py
[2023-01-09T14:47:50.148+0400] {processor.py:743} INFO - Processing file /Users/harut/opt/anaconda3/lib/python3.9/site-packages/airflow/example_dags/example_sensors.py for tasks to queue
[2023-01-09T14:47:50.148+0400] {logging_mixin.py:137} INFO - [2023-01-09T14:47:50.148+0400] {dagbag.py:538} INFO - Filling up the DagBag from /Users/harut/opt/anaconda3/lib/python3.9/site-packages/airflow/example_dags/example_sensors.py
[2023-01-09T14:47:50.168+0400] {processor.py:753} INFO - DAG(s) dict_keys(['example_sensors']) retrieved from /Users/harut/opt/anaconda3/lib/python3.9/site-packages/airflow/example_dags/example_sensors.py
[2023-01-09T14:47:50.662+0400] {logging_mixin.py:137} INFO - [2023-01-09T14:47:50.662+0400] {dag.py:2676} INFO - Sync 1 DAGs
[2023-01-09T14:47:50.671+0400] {logging_mixin.py:137} INFO - [2023-01-09T14:47:50.671+0400] {dag.py:3423} INFO - Setting next_dagrun for example_sensors to None, run_after=None
[2023-01-09T14:47:50.680+0400] {processor.py:175} INFO - Processing /Users/harut/opt/anaconda3/lib/python3.9/site-packages/airflow/example_dags/example_sensors.py took 0.534 seconds
[2023-01-09T14:49:13.017+0400] {processor.py:153} INFO - Started process (PID=13560) to work on /Users/harut/opt/anaconda3/lib/python3.9/site-packages/airflow/example_dags/example_sensors.py
[2023-01-09T14:49:13.018+0400] {processor.py:743} INFO - Processing file /Users/harut/opt/anaconda3/lib/python3.9/site-packages/airflow/example_dags/example_sensors.py for tasks to queue
[2023-01-09T14:49:13.018+0400] {logging_mixin.py:137} INFO - [2023-01-09T14:49:13.018+0400] {dagbag.py:538} INFO - Filling up the DagBag from /Users/harut/opt/anaconda3/lib/python3.9/site-packages/airflow/example_dags/example_sensors.py
[2023-01-09T14:49:13.038+0400] {processor.py:753} INFO - DAG(s) dict_keys(['example_sensors']) retrieved from /Users/harut/opt/anaconda3/lib/python3.9/site-packages/airflow/example_dags/example_sensors.py
[2023-01-09T14:49:13.548+0400] {logging_mixin.py:137} INFO - [2023-01-09T14:49:13.548+0400] {dag.py:2676} INFO - Sync 1 DAGs
[2023-01-09T14:49:13.557+0400] {logging_mixin.py:137} INFO - [2023-01-09T14:49:13.557+0400] {dag.py:3423} INFO - Setting next_dagrun for example_sensors to None, run_after=None
[2023-01-09T14:49:13.567+0400] {processor.py:175} INFO - Processing /Users/harut/opt/anaconda3/lib/python3.9/site-packages/airflow/example_dags/example_sensors.py took 0.551 seconds
[2023-01-09T14:50:35.201+0400] {processor.py:153} INFO - Started process (PID=13611) to work on /Users/harut/opt/anaconda3/lib/python3.9/site-packages/airflow/example_dags/example_sensors.py
[2023-01-09T14:50:35.201+0400] {processor.py:743} INFO - Processing file /Users/harut/opt/anaconda3/lib/python3.9/site-packages/airflow/example_dags/example_sensors.py for tasks to queue
[2023-01-09T14:50:35.202+0400] {logging_mixin.py:137} INFO - [2023-01-09T14:50:35.202+0400] {dagbag.py:538} INFO - Filling up the DagBag from /Users/harut/opt/anaconda3/lib/python3.9/site-packages/airflow/example_dags/example_sensors.py
[2023-01-09T14:50:35.222+0400] {processor.py:753} INFO - DAG(s) dict_keys(['example_sensors']) retrieved from /Users/harut/opt/anaconda3/lib/python3.9/site-packages/airflow/example_dags/example_sensors.py
[2023-01-09T14:50:35.733+0400] {logging_mixin.py:137} INFO - [2023-01-09T14:50:35.732+0400] {dag.py:2676} INFO - Sync 1 DAGs
[2023-01-09T14:50:35.742+0400] {logging_mixin.py:137} INFO - [2023-01-09T14:50:35.742+0400] {dag.py:3423} INFO - Setting next_dagrun for example_sensors to None, run_after=None
[2023-01-09T14:50:35.752+0400] {processor.py:175} INFO - Processing /Users/harut/opt/anaconda3/lib/python3.9/site-packages/airflow/example_dags/example_sensors.py took 0.552 seconds
[2023-01-09T14:51:54.703+0400] {processor.py:153} INFO - Started process (PID=13660) to work on /Users/harut/opt/anaconda3/lib/python3.9/site-packages/airflow/example_dags/example_sensors.py
[2023-01-09T14:51:54.703+0400] {processor.py:743} INFO - Processing file /Users/harut/opt/anaconda3/lib/python3.9/site-packages/airflow/example_dags/example_sensors.py for tasks to queue
[2023-01-09T14:51:54.704+0400] {logging_mixin.py:137} INFO - [2023-01-09T14:51:54.704+0400] {dagbag.py:538} INFO - Filling up the DagBag from /Users/harut/opt/anaconda3/lib/python3.9/site-packages/airflow/example_dags/example_sensors.py
[2023-01-09T14:51:54.724+0400] {processor.py:753} INFO - DAG(s) dict_keys(['example_sensors']) retrieved from /Users/harut/opt/anaconda3/lib/python3.9/site-packages/airflow/example_dags/example_sensors.py
[2023-01-09T14:51:55.219+0400] {logging_mixin.py:137} INFO - [2023-01-09T14:51:55.219+0400] {dag.py:2676} INFO - Sync 1 DAGs
[2023-01-09T14:51:55.228+0400] {logging_mixin.py:137} INFO - [2023-01-09T14:51:55.228+0400] {dag.py:3423} INFO - Setting next_dagrun for example_sensors to None, run_after=None
[2023-01-09T14:51:55.238+0400] {processor.py:175} INFO - Processing /Users/harut/opt/anaconda3/lib/python3.9/site-packages/airflow/example_dags/example_sensors.py took 0.535 seconds
[2023-01-09T14:53:14.171+0400] {processor.py:153} INFO - Started process (PID=13700) to work on /Users/harut/opt/anaconda3/lib/python3.9/site-packages/airflow/example_dags/example_sensors.py
[2023-01-09T14:53:14.171+0400] {processor.py:743} INFO - Processing file /Users/harut/opt/anaconda3/lib/python3.9/site-packages/airflow/example_dags/example_sensors.py for tasks to queue
[2023-01-09T14:53:14.171+0400] {logging_mixin.py:137} INFO - [2023-01-09T14:53:14.171+0400] {dagbag.py:538} INFO - Filling up the DagBag from /Users/harut/opt/anaconda3/lib/python3.9/site-packages/airflow/example_dags/example_sensors.py
[2023-01-09T14:53:14.192+0400] {processor.py:753} INFO - DAG(s) dict_keys(['example_sensors']) retrieved from /Users/harut/opt/anaconda3/lib/python3.9/site-packages/airflow/example_dags/example_sensors.py
[2023-01-09T14:53:14.690+0400] {logging_mixin.py:137} INFO - [2023-01-09T14:53:14.690+0400] {dag.py:2676} INFO - Sync 1 DAGs
[2023-01-09T14:53:14.700+0400] {logging_mixin.py:137} INFO - [2023-01-09T14:53:14.700+0400] {dag.py:3423} INFO - Setting next_dagrun for example_sensors to None, run_after=None
[2023-01-09T14:53:14.710+0400] {processor.py:175} INFO - Processing /Users/harut/opt/anaconda3/lib/python3.9/site-packages/airflow/example_dags/example_sensors.py took 0.540 seconds
[2023-01-09T14:54:35.837+0400] {processor.py:153} INFO - Started process (PID=13748) to work on /Users/harut/opt/anaconda3/lib/python3.9/site-packages/airflow/example_dags/example_sensors.py
[2023-01-09T14:54:35.837+0400] {processor.py:743} INFO - Processing file /Users/harut/opt/anaconda3/lib/python3.9/site-packages/airflow/example_dags/example_sensors.py for tasks to queue
[2023-01-09T14:54:35.838+0400] {logging_mixin.py:137} INFO - [2023-01-09T14:54:35.838+0400] {dagbag.py:538} INFO - Filling up the DagBag from /Users/harut/opt/anaconda3/lib/python3.9/site-packages/airflow/example_dags/example_sensors.py
[2023-01-09T14:54:35.860+0400] {processor.py:753} INFO - DAG(s) dict_keys(['example_sensors']) retrieved from /Users/harut/opt/anaconda3/lib/python3.9/site-packages/airflow/example_dags/example_sensors.py
[2023-01-09T14:54:36.351+0400] {logging_mixin.py:137} INFO - [2023-01-09T14:54:36.351+0400] {dag.py:2676} INFO - Sync 1 DAGs
[2023-01-09T14:54:36.361+0400] {logging_mixin.py:137} INFO - [2023-01-09T14:54:36.361+0400] {dag.py:3423} INFO - Setting next_dagrun for example_sensors to None, run_after=None
[2023-01-09T14:54:36.370+0400] {processor.py:175} INFO - Processing /Users/harut/opt/anaconda3/lib/python3.9/site-packages/airflow/example_dags/example_sensors.py took 0.534 seconds
[2023-01-09T14:55:57.985+0400] {processor.py:153} INFO - Started process (PID=13793) to work on /Users/harut/opt/anaconda3/lib/python3.9/site-packages/airflow/example_dags/example_sensors.py
[2023-01-09T14:55:57.985+0400] {processor.py:743} INFO - Processing file /Users/harut/opt/anaconda3/lib/python3.9/site-packages/airflow/example_dags/example_sensors.py for tasks to queue
[2023-01-09T14:55:57.985+0400] {logging_mixin.py:137} INFO - [2023-01-09T14:55:57.985+0400] {dagbag.py:538} INFO - Filling up the DagBag from /Users/harut/opt/anaconda3/lib/python3.9/site-packages/airflow/example_dags/example_sensors.py
[2023-01-09T14:55:58.006+0400] {processor.py:753} INFO - DAG(s) dict_keys(['example_sensors']) retrieved from /Users/harut/opt/anaconda3/lib/python3.9/site-packages/airflow/example_dags/example_sensors.py
[2023-01-09T14:55:58.506+0400] {logging_mixin.py:137} INFO - [2023-01-09T14:55:58.506+0400] {dag.py:2676} INFO - Sync 1 DAGs
[2023-01-09T14:55:58.515+0400] {logging_mixin.py:137} INFO - [2023-01-09T14:55:58.515+0400] {dag.py:3423} INFO - Setting next_dagrun for example_sensors to None, run_after=None
[2023-01-09T14:55:58.525+0400] {processor.py:175} INFO - Processing /Users/harut/opt/anaconda3/lib/python3.9/site-packages/airflow/example_dags/example_sensors.py took 0.541 seconds
[2023-01-09T14:57:19.970+0400] {processor.py:153} INFO - Started process (PID=13838) to work on /Users/harut/opt/anaconda3/lib/python3.9/site-packages/airflow/example_dags/example_sensors.py
[2023-01-09T14:57:19.970+0400] {processor.py:743} INFO - Processing file /Users/harut/opt/anaconda3/lib/python3.9/site-packages/airflow/example_dags/example_sensors.py for tasks to queue
[2023-01-09T14:57:19.970+0400] {logging_mixin.py:137} INFO - [2023-01-09T14:57:19.970+0400] {dagbag.py:538} INFO - Filling up the DagBag from /Users/harut/opt/anaconda3/lib/python3.9/site-packages/airflow/example_dags/example_sensors.py
[2023-01-09T14:57:19.991+0400] {processor.py:753} INFO - DAG(s) dict_keys(['example_sensors']) retrieved from /Users/harut/opt/anaconda3/lib/python3.9/site-packages/airflow/example_dags/example_sensors.py
[2023-01-09T14:57:20.478+0400] {logging_mixin.py:137} INFO - [2023-01-09T14:57:20.477+0400] {dag.py:2676} INFO - Sync 1 DAGs
[2023-01-09T14:57:20.487+0400] {logging_mixin.py:137} INFO - [2023-01-09T14:57:20.487+0400] {dag.py:3423} INFO - Setting next_dagrun for example_sensors to None, run_after=None
[2023-01-09T14:57:20.496+0400] {processor.py:175} INFO - Processing /Users/harut/opt/anaconda3/lib/python3.9/site-packages/airflow/example_dags/example_sensors.py took 0.527 seconds
[2023-01-09T14:58:40.982+0400] {processor.py:153} INFO - Started process (PID=13880) to work on /Users/harut/opt/anaconda3/lib/python3.9/site-packages/airflow/example_dags/example_sensors.py
[2023-01-09T14:58:40.982+0400] {processor.py:743} INFO - Processing file /Users/harut/opt/anaconda3/lib/python3.9/site-packages/airflow/example_dags/example_sensors.py for tasks to queue
[2023-01-09T14:58:40.982+0400] {logging_mixin.py:137} INFO - [2023-01-09T14:58:40.982+0400] {dagbag.py:538} INFO - Filling up the DagBag from /Users/harut/opt/anaconda3/lib/python3.9/site-packages/airflow/example_dags/example_sensors.py
[2023-01-09T14:58:41.003+0400] {processor.py:753} INFO - DAG(s) dict_keys(['example_sensors']) retrieved from /Users/harut/opt/anaconda3/lib/python3.9/site-packages/airflow/example_dags/example_sensors.py
[2023-01-09T14:58:41.485+0400] {logging_mixin.py:137} INFO - [2023-01-09T14:58:41.485+0400] {dag.py:2676} INFO - Sync 1 DAGs
[2023-01-09T14:58:41.494+0400] {logging_mixin.py:137} INFO - [2023-01-09T14:58:41.494+0400] {dag.py:3423} INFO - Setting next_dagrun for example_sensors to None, run_after=None
[2023-01-09T14:58:41.503+0400] {processor.py:175} INFO - Processing /Users/harut/opt/anaconda3/lib/python3.9/site-packages/airflow/example_dags/example_sensors.py took 0.522 seconds
[2023-01-09T15:00:01.944+0400] {processor.py:153} INFO - Started process (PID=13926) to work on /Users/harut/opt/anaconda3/lib/python3.9/site-packages/airflow/example_dags/example_sensors.py
[2023-01-09T15:00:01.945+0400] {processor.py:743} INFO - Processing file /Users/harut/opt/anaconda3/lib/python3.9/site-packages/airflow/example_dags/example_sensors.py for tasks to queue
[2023-01-09T15:00:01.945+0400] {logging_mixin.py:137} INFO - [2023-01-09T15:00:01.945+0400] {dagbag.py:538} INFO - Filling up the DagBag from /Users/harut/opt/anaconda3/lib/python3.9/site-packages/airflow/example_dags/example_sensors.py
[2023-01-09T15:00:01.966+0400] {processor.py:753} INFO - DAG(s) dict_keys(['example_sensors']) retrieved from /Users/harut/opt/anaconda3/lib/python3.9/site-packages/airflow/example_dags/example_sensors.py
[2023-01-09T15:00:02.448+0400] {logging_mixin.py:137} INFO - [2023-01-09T15:00:02.447+0400] {dag.py:2676} INFO - Sync 1 DAGs
[2023-01-09T15:00:02.457+0400] {logging_mixin.py:137} INFO - [2023-01-09T15:00:02.457+0400] {dag.py:3423} INFO - Setting next_dagrun for example_sensors to None, run_after=None
[2023-01-09T15:00:02.466+0400] {processor.py:175} INFO - Processing /Users/harut/opt/anaconda3/lib/python3.9/site-packages/airflow/example_dags/example_sensors.py took 0.522 seconds
[2023-01-09T15:01:22.340+0400] {processor.py:153} INFO - Started process (PID=13973) to work on /Users/harut/opt/anaconda3/lib/python3.9/site-packages/airflow/example_dags/example_sensors.py
[2023-01-09T15:01:22.341+0400] {processor.py:743} INFO - Processing file /Users/harut/opt/anaconda3/lib/python3.9/site-packages/airflow/example_dags/example_sensors.py for tasks to queue
[2023-01-09T15:01:22.341+0400] {logging_mixin.py:137} INFO - [2023-01-09T15:01:22.341+0400] {dagbag.py:538} INFO - Filling up the DagBag from /Users/harut/opt/anaconda3/lib/python3.9/site-packages/airflow/example_dags/example_sensors.py
[2023-01-09T15:01:22.363+0400] {processor.py:753} INFO - DAG(s) dict_keys(['example_sensors']) retrieved from /Users/harut/opt/anaconda3/lib/python3.9/site-packages/airflow/example_dags/example_sensors.py
[2023-01-09T15:01:22.848+0400] {logging_mixin.py:137} INFO - [2023-01-09T15:01:22.848+0400] {dag.py:2676} INFO - Sync 1 DAGs
[2023-01-09T15:01:22.857+0400] {logging_mixin.py:137} INFO - [2023-01-09T15:01:22.857+0400] {dag.py:3423} INFO - Setting next_dagrun for example_sensors to None, run_after=None
[2023-01-09T15:01:22.866+0400] {processor.py:175} INFO - Processing /Users/harut/opt/anaconda3/lib/python3.9/site-packages/airflow/example_dags/example_sensors.py took 0.526 seconds
[2023-01-09T15:02:43.353+0400] {processor.py:153} INFO - Started process (PID=14017) to work on /Users/harut/opt/anaconda3/lib/python3.9/site-packages/airflow/example_dags/example_sensors.py
[2023-01-09T15:02:43.353+0400] {processor.py:743} INFO - Processing file /Users/harut/opt/anaconda3/lib/python3.9/site-packages/airflow/example_dags/example_sensors.py for tasks to queue
[2023-01-09T15:02:43.354+0400] {logging_mixin.py:137} INFO - [2023-01-09T15:02:43.354+0400] {dagbag.py:538} INFO - Filling up the DagBag from /Users/harut/opt/anaconda3/lib/python3.9/site-packages/airflow/example_dags/example_sensors.py
[2023-01-09T15:02:43.374+0400] {processor.py:753} INFO - DAG(s) dict_keys(['example_sensors']) retrieved from /Users/harut/opt/anaconda3/lib/python3.9/site-packages/airflow/example_dags/example_sensors.py
[2023-01-09T15:02:43.871+0400] {logging_mixin.py:137} INFO - [2023-01-09T15:02:43.871+0400] {dag.py:2676} INFO - Sync 1 DAGs
[2023-01-09T15:02:43.880+0400] {logging_mixin.py:137} INFO - [2023-01-09T15:02:43.880+0400] {dag.py:3423} INFO - Setting next_dagrun for example_sensors to None, run_after=None
[2023-01-09T15:02:43.890+0400] {processor.py:175} INFO - Processing /Users/harut/opt/anaconda3/lib/python3.9/site-packages/airflow/example_dags/example_sensors.py took 0.537 seconds
[2023-01-09T15:04:05.371+0400] {processor.py:153} INFO - Started process (PID=14065) to work on /Users/harut/opt/anaconda3/lib/python3.9/site-packages/airflow/example_dags/example_sensors.py
[2023-01-09T15:04:05.371+0400] {processor.py:743} INFO - Processing file /Users/harut/opt/anaconda3/lib/python3.9/site-packages/airflow/example_dags/example_sensors.py for tasks to queue
[2023-01-09T15:04:05.371+0400] {logging_mixin.py:137} INFO - [2023-01-09T15:04:05.371+0400] {dagbag.py:538} INFO - Filling up the DagBag from /Users/harut/opt/anaconda3/lib/python3.9/site-packages/airflow/example_dags/example_sensors.py
[2023-01-09T15:04:05.392+0400] {processor.py:753} INFO - DAG(s) dict_keys(['example_sensors']) retrieved from /Users/harut/opt/anaconda3/lib/python3.9/site-packages/airflow/example_dags/example_sensors.py
[2023-01-09T15:04:05.879+0400] {logging_mixin.py:137} INFO - [2023-01-09T15:04:05.879+0400] {dag.py:2676} INFO - Sync 1 DAGs
[2023-01-09T15:04:05.888+0400] {logging_mixin.py:137} INFO - [2023-01-09T15:04:05.888+0400] {dag.py:3423} INFO - Setting next_dagrun for example_sensors to None, run_after=None
[2023-01-09T15:04:05.897+0400] {processor.py:175} INFO - Processing /Users/harut/opt/anaconda3/lib/python3.9/site-packages/airflow/example_dags/example_sensors.py took 0.527 seconds
[2023-01-09T15:05:24.474+0400] {processor.py:153} INFO - Started process (PID=14112) to work on /Users/harut/opt/anaconda3/lib/python3.9/site-packages/airflow/example_dags/example_sensors.py
[2023-01-09T15:05:24.475+0400] {processor.py:743} INFO - Processing file /Users/harut/opt/anaconda3/lib/python3.9/site-packages/airflow/example_dags/example_sensors.py for tasks to queue
[2023-01-09T15:05:24.475+0400] {logging_mixin.py:137} INFO - [2023-01-09T15:05:24.475+0400] {dagbag.py:538} INFO - Filling up the DagBag from /Users/harut/opt/anaconda3/lib/python3.9/site-packages/airflow/example_dags/example_sensors.py
[2023-01-09T15:05:24.496+0400] {processor.py:753} INFO - DAG(s) dict_keys(['example_sensors']) retrieved from /Users/harut/opt/anaconda3/lib/python3.9/site-packages/airflow/example_dags/example_sensors.py
[2023-01-09T15:05:24.986+0400] {logging_mixin.py:137} INFO - [2023-01-09T15:05:24.986+0400] {dag.py:2676} INFO - Sync 1 DAGs
[2023-01-09T15:05:24.995+0400] {logging_mixin.py:137} INFO - [2023-01-09T15:05:24.995+0400] {dag.py:3423} INFO - Setting next_dagrun for example_sensors to None, run_after=None
[2023-01-09T15:05:25.005+0400] {processor.py:175} INFO - Processing /Users/harut/opt/anaconda3/lib/python3.9/site-packages/airflow/example_dags/example_sensors.py took 0.531 seconds
[2023-01-09T15:06:45.870+0400] {processor.py:153} INFO - Started process (PID=14154) to work on /Users/harut/opt/anaconda3/lib/python3.9/site-packages/airflow/example_dags/example_sensors.py
[2023-01-09T15:06:45.871+0400] {processor.py:743} INFO - Processing file /Users/harut/opt/anaconda3/lib/python3.9/site-packages/airflow/example_dags/example_sensors.py for tasks to queue
[2023-01-09T15:06:45.871+0400] {logging_mixin.py:137} INFO - [2023-01-09T15:06:45.871+0400] {dagbag.py:538} INFO - Filling up the DagBag from /Users/harut/opt/anaconda3/lib/python3.9/site-packages/airflow/example_dags/example_sensors.py
[2023-01-09T15:06:45.891+0400] {processor.py:753} INFO - DAG(s) dict_keys(['example_sensors']) retrieved from /Users/harut/opt/anaconda3/lib/python3.9/site-packages/airflow/example_dags/example_sensors.py
[2023-01-09T15:06:46.380+0400] {logging_mixin.py:137} INFO - [2023-01-09T15:06:46.380+0400] {dag.py:2676} INFO - Sync 1 DAGs
[2023-01-09T15:06:46.389+0400] {logging_mixin.py:137} INFO - [2023-01-09T15:06:46.389+0400] {dag.py:3423} INFO - Setting next_dagrun for example_sensors to None, run_after=None
[2023-01-09T15:06:46.399+0400] {processor.py:175} INFO - Processing /Users/harut/opt/anaconda3/lib/python3.9/site-packages/airflow/example_dags/example_sensors.py took 0.529 seconds
[2023-01-09T15:08:03.352+0400] {processor.py:153} INFO - Started process (PID=14197) to work on /Users/harut/opt/anaconda3/lib/python3.9/site-packages/airflow/example_dags/example_sensors.py
[2023-01-09T15:08:03.353+0400] {processor.py:743} INFO - Processing file /Users/harut/opt/anaconda3/lib/python3.9/site-packages/airflow/example_dags/example_sensors.py for tasks to queue
[2023-01-09T15:08:03.353+0400] {logging_mixin.py:137} INFO - [2023-01-09T15:08:03.353+0400] {dagbag.py:538} INFO - Filling up the DagBag from /Users/harut/opt/anaconda3/lib/python3.9/site-packages/airflow/example_dags/example_sensors.py
[2023-01-09T15:08:03.373+0400] {processor.py:753} INFO - DAG(s) dict_keys(['example_sensors']) retrieved from /Users/harut/opt/anaconda3/lib/python3.9/site-packages/airflow/example_dags/example_sensors.py
[2023-01-09T15:08:03.856+0400] {logging_mixin.py:137} INFO - [2023-01-09T15:08:03.856+0400] {dag.py:2676} INFO - Sync 1 DAGs
[2023-01-09T15:08:03.865+0400] {logging_mixin.py:137} INFO - [2023-01-09T15:08:03.865+0400] {dag.py:3423} INFO - Setting next_dagrun for example_sensors to None, run_after=None
[2023-01-09T15:08:03.875+0400] {processor.py:175} INFO - Processing /Users/harut/opt/anaconda3/lib/python3.9/site-packages/airflow/example_dags/example_sensors.py took 0.523 seconds
[2023-01-09T15:09:24.347+0400] {processor.py:153} INFO - Started process (PID=14242) to work on /Users/harut/opt/anaconda3/lib/python3.9/site-packages/airflow/example_dags/example_sensors.py
[2023-01-09T15:09:24.348+0400] {processor.py:743} INFO - Processing file /Users/harut/opt/anaconda3/lib/python3.9/site-packages/airflow/example_dags/example_sensors.py for tasks to queue
[2023-01-09T15:09:24.348+0400] {logging_mixin.py:137} INFO - [2023-01-09T15:09:24.348+0400] {dagbag.py:538} INFO - Filling up the DagBag from /Users/harut/opt/anaconda3/lib/python3.9/site-packages/airflow/example_dags/example_sensors.py
[2023-01-09T15:09:24.368+0400] {processor.py:753} INFO - DAG(s) dict_keys(['example_sensors']) retrieved from /Users/harut/opt/anaconda3/lib/python3.9/site-packages/airflow/example_dags/example_sensors.py
[2023-01-09T15:09:24.847+0400] {logging_mixin.py:137} INFO - [2023-01-09T15:09:24.847+0400] {dag.py:2676} INFO - Sync 1 DAGs
[2023-01-09T15:09:24.856+0400] {logging_mixin.py:137} INFO - [2023-01-09T15:09:24.856+0400] {dag.py:3423} INFO - Setting next_dagrun for example_sensors to None, run_after=None
[2023-01-09T15:09:24.866+0400] {processor.py:175} INFO - Processing /Users/harut/opt/anaconda3/lib/python3.9/site-packages/airflow/example_dags/example_sensors.py took 0.519 seconds
[2023-01-09T15:10:43.896+0400] {processor.py:153} INFO - Started process (PID=14288) to work on /Users/harut/opt/anaconda3/lib/python3.9/site-packages/airflow/example_dags/example_sensors.py
[2023-01-09T15:10:43.896+0400] {processor.py:743} INFO - Processing file /Users/harut/opt/anaconda3/lib/python3.9/site-packages/airflow/example_dags/example_sensors.py for tasks to queue
[2023-01-09T15:10:43.897+0400] {logging_mixin.py:137} INFO - [2023-01-09T15:10:43.897+0400] {dagbag.py:538} INFO - Filling up the DagBag from /Users/harut/opt/anaconda3/lib/python3.9/site-packages/airflow/example_dags/example_sensors.py
[2023-01-09T15:10:43.918+0400] {processor.py:753} INFO - DAG(s) dict_keys(['example_sensors']) retrieved from /Users/harut/opt/anaconda3/lib/python3.9/site-packages/airflow/example_dags/example_sensors.py
[2023-01-09T15:10:44.417+0400] {logging_mixin.py:137} INFO - [2023-01-09T15:10:44.417+0400] {dag.py:2676} INFO - Sync 1 DAGs
[2023-01-09T15:10:44.426+0400] {logging_mixin.py:137} INFO - [2023-01-09T15:10:44.426+0400] {dag.py:3423} INFO - Setting next_dagrun for example_sensors to None, run_after=None
[2023-01-09T15:10:44.435+0400] {processor.py:175} INFO - Processing /Users/harut/opt/anaconda3/lib/python3.9/site-packages/airflow/example_dags/example_sensors.py took 0.539 seconds
[2023-01-09T15:12:06.436+0400] {processor.py:153} INFO - Started process (PID=14341) to work on /Users/harut/opt/anaconda3/lib/python3.9/site-packages/airflow/example_dags/example_sensors.py
[2023-01-09T15:12:06.437+0400] {processor.py:743} INFO - Processing file /Users/harut/opt/anaconda3/lib/python3.9/site-packages/airflow/example_dags/example_sensors.py for tasks to queue
[2023-01-09T15:12:06.437+0400] {logging_mixin.py:137} INFO - [2023-01-09T15:12:06.437+0400] {dagbag.py:538} INFO - Filling up the DagBag from /Users/harut/opt/anaconda3/lib/python3.9/site-packages/airflow/example_dags/example_sensors.py
[2023-01-09T15:12:06.460+0400] {processor.py:753} INFO - DAG(s) dict_keys(['example_sensors']) retrieved from /Users/harut/opt/anaconda3/lib/python3.9/site-packages/airflow/example_dags/example_sensors.py
[2023-01-09T15:12:06.991+0400] {logging_mixin.py:137} INFO - [2023-01-09T15:12:06.991+0400] {dag.py:2676} INFO - Sync 1 DAGs
[2023-01-09T15:12:07.000+0400] {logging_mixin.py:137} INFO - [2023-01-09T15:12:07.000+0400] {dag.py:3423} INFO - Setting next_dagrun for example_sensors to None, run_after=None
[2023-01-09T15:12:07.010+0400] {processor.py:175} INFO - Processing /Users/harut/opt/anaconda3/lib/python3.9/site-packages/airflow/example_dags/example_sensors.py took 0.574 seconds
[2023-01-09T15:13:28.928+0400] {processor.py:153} INFO - Started process (PID=14384) to work on /Users/harut/opt/anaconda3/lib/python3.9/site-packages/airflow/example_dags/example_sensors.py
[2023-01-09T15:13:28.928+0400] {processor.py:743} INFO - Processing file /Users/harut/opt/anaconda3/lib/python3.9/site-packages/airflow/example_dags/example_sensors.py for tasks to queue
[2023-01-09T15:13:28.929+0400] {logging_mixin.py:137} INFO - [2023-01-09T15:13:28.929+0400] {dagbag.py:538} INFO - Filling up the DagBag from /Users/harut/opt/anaconda3/lib/python3.9/site-packages/airflow/example_dags/example_sensors.py
[2023-01-09T15:13:28.950+0400] {processor.py:753} INFO - DAG(s) dict_keys(['example_sensors']) retrieved from /Users/harut/opt/anaconda3/lib/python3.9/site-packages/airflow/example_dags/example_sensors.py
[2023-01-09T15:13:29.452+0400] {logging_mixin.py:137} INFO - [2023-01-09T15:13:29.452+0400] {dag.py:2676} INFO - Sync 1 DAGs
[2023-01-09T15:13:29.461+0400] {logging_mixin.py:137} INFO - [2023-01-09T15:13:29.461+0400] {dag.py:3423} INFO - Setting next_dagrun for example_sensors to None, run_after=None
[2023-01-09T15:13:29.471+0400] {processor.py:175} INFO - Processing /Users/harut/opt/anaconda3/lib/python3.9/site-packages/airflow/example_dags/example_sensors.py took 0.543 seconds
[2023-01-09T15:14:53.075+0400] {processor.py:153} INFO - Started process (PID=14446) to work on /Users/harut/opt/anaconda3/lib/python3.9/site-packages/airflow/example_dags/example_sensors.py
[2023-01-09T15:14:53.075+0400] {processor.py:743} INFO - Processing file /Users/harut/opt/anaconda3/lib/python3.9/site-packages/airflow/example_dags/example_sensors.py for tasks to queue
[2023-01-09T15:14:53.075+0400] {logging_mixin.py:137} INFO - [2023-01-09T15:14:53.075+0400] {dagbag.py:538} INFO - Filling up the DagBag from /Users/harut/opt/anaconda3/lib/python3.9/site-packages/airflow/example_dags/example_sensors.py
[2023-01-09T15:14:53.096+0400] {processor.py:753} INFO - DAG(s) dict_keys(['example_sensors']) retrieved from /Users/harut/opt/anaconda3/lib/python3.9/site-packages/airflow/example_dags/example_sensors.py
[2023-01-09T15:14:53.624+0400] {logging_mixin.py:137} INFO - [2023-01-09T15:14:53.624+0400] {dag.py:2676} INFO - Sync 1 DAGs
[2023-01-09T15:14:53.634+0400] {logging_mixin.py:137} INFO - [2023-01-09T15:14:53.634+0400] {dag.py:3423} INFO - Setting next_dagrun for example_sensors to None, run_after=None
[2023-01-09T15:14:53.644+0400] {processor.py:175} INFO - Processing /Users/harut/opt/anaconda3/lib/python3.9/site-packages/airflow/example_dags/example_sensors.py took 0.570 seconds
[2023-01-09T15:16:16.288+0400] {processor.py:153} INFO - Started process (PID=14505) to work on /Users/harut/opt/anaconda3/lib/python3.9/site-packages/airflow/example_dags/example_sensors.py
[2023-01-09T15:16:16.289+0400] {processor.py:743} INFO - Processing file /Users/harut/opt/anaconda3/lib/python3.9/site-packages/airflow/example_dags/example_sensors.py for tasks to queue
[2023-01-09T15:16:16.289+0400] {logging_mixin.py:137} INFO - [2023-01-09T15:16:16.289+0400] {dagbag.py:538} INFO - Filling up the DagBag from /Users/harut/opt/anaconda3/lib/python3.9/site-packages/airflow/example_dags/example_sensors.py
[2023-01-09T15:16:16.312+0400] {processor.py:753} INFO - DAG(s) dict_keys(['example_sensors']) retrieved from /Users/harut/opt/anaconda3/lib/python3.9/site-packages/airflow/example_dags/example_sensors.py
[2023-01-09T15:16:16.852+0400] {logging_mixin.py:137} INFO - [2023-01-09T15:16:16.851+0400] {dag.py:2676} INFO - Sync 1 DAGs
[2023-01-09T15:16:16.862+0400] {logging_mixin.py:137} INFO - [2023-01-09T15:16:16.862+0400] {dag.py:3423} INFO - Setting next_dagrun for example_sensors to None, run_after=None
[2023-01-09T15:16:16.874+0400] {processor.py:175} INFO - Processing /Users/harut/opt/anaconda3/lib/python3.9/site-packages/airflow/example_dags/example_sensors.py took 0.586 seconds
[2023-01-09T15:17:38.945+0400] {processor.py:153} INFO - Started process (PID=14551) to work on /Users/harut/opt/anaconda3/lib/python3.9/site-packages/airflow/example_dags/example_sensors.py
[2023-01-09T15:17:38.946+0400] {processor.py:743} INFO - Processing file /Users/harut/opt/anaconda3/lib/python3.9/site-packages/airflow/example_dags/example_sensors.py for tasks to queue
[2023-01-09T15:17:38.946+0400] {logging_mixin.py:137} INFO - [2023-01-09T15:17:38.946+0400] {dagbag.py:538} INFO - Filling up the DagBag from /Users/harut/opt/anaconda3/lib/python3.9/site-packages/airflow/example_dags/example_sensors.py
[2023-01-09T15:17:38.968+0400] {processor.py:753} INFO - DAG(s) dict_keys(['example_sensors']) retrieved from /Users/harut/opt/anaconda3/lib/python3.9/site-packages/airflow/example_dags/example_sensors.py
[2023-01-09T15:17:39.471+0400] {logging_mixin.py:137} INFO - [2023-01-09T15:17:39.471+0400] {dag.py:2676} INFO - Sync 1 DAGs
[2023-01-09T15:17:39.480+0400] {logging_mixin.py:137} INFO - [2023-01-09T15:17:39.480+0400] {dag.py:3423} INFO - Setting next_dagrun for example_sensors to None, run_after=None
[2023-01-09T15:17:39.489+0400] {processor.py:175} INFO - Processing /Users/harut/opt/anaconda3/lib/python3.9/site-packages/airflow/example_dags/example_sensors.py took 0.544 seconds
[2023-01-09T15:19:02.534+0400] {processor.py:153} INFO - Started process (PID=14599) to work on /Users/harut/opt/anaconda3/lib/python3.9/site-packages/airflow/example_dags/example_sensors.py
[2023-01-09T15:19:02.535+0400] {processor.py:743} INFO - Processing file /Users/harut/opt/anaconda3/lib/python3.9/site-packages/airflow/example_dags/example_sensors.py for tasks to queue
[2023-01-09T15:19:02.535+0400] {logging_mixin.py:137} INFO - [2023-01-09T15:19:02.535+0400] {dagbag.py:538} INFO - Filling up the DagBag from /Users/harut/opt/anaconda3/lib/python3.9/site-packages/airflow/example_dags/example_sensors.py
[2023-01-09T15:19:02.557+0400] {processor.py:753} INFO - DAG(s) dict_keys(['example_sensors']) retrieved from /Users/harut/opt/anaconda3/lib/python3.9/site-packages/airflow/example_dags/example_sensors.py
[2023-01-09T15:19:03.078+0400] {logging_mixin.py:137} INFO - [2023-01-09T15:19:03.078+0400] {dag.py:2676} INFO - Sync 1 DAGs
[2023-01-09T15:19:03.089+0400] {logging_mixin.py:137} INFO - [2023-01-09T15:19:03.089+0400] {dag.py:3423} INFO - Setting next_dagrun for example_sensors to None, run_after=None
[2023-01-09T15:19:03.100+0400] {processor.py:175} INFO - Processing /Users/harut/opt/anaconda3/lib/python3.9/site-packages/airflow/example_dags/example_sensors.py took 0.566 seconds
[2023-01-09T15:20:25.804+0400] {processor.py:153} INFO - Started process (PID=14648) to work on /Users/harut/opt/anaconda3/lib/python3.9/site-packages/airflow/example_dags/example_sensors.py
[2023-01-09T15:20:25.805+0400] {processor.py:743} INFO - Processing file /Users/harut/opt/anaconda3/lib/python3.9/site-packages/airflow/example_dags/example_sensors.py for tasks to queue
[2023-01-09T15:20:25.805+0400] {logging_mixin.py:137} INFO - [2023-01-09T15:20:25.805+0400] {dagbag.py:538} INFO - Filling up the DagBag from /Users/harut/opt/anaconda3/lib/python3.9/site-packages/airflow/example_dags/example_sensors.py
[2023-01-09T15:20:25.826+0400] {processor.py:753} INFO - DAG(s) dict_keys(['example_sensors']) retrieved from /Users/harut/opt/anaconda3/lib/python3.9/site-packages/airflow/example_dags/example_sensors.py
[2023-01-09T15:20:26.327+0400] {logging_mixin.py:137} INFO - [2023-01-09T15:20:26.327+0400] {dag.py:2676} INFO - Sync 1 DAGs
[2023-01-09T15:20:26.337+0400] {logging_mixin.py:137} INFO - [2023-01-09T15:20:26.337+0400] {dag.py:3423} INFO - Setting next_dagrun for example_sensors to None, run_after=None
[2023-01-09T15:20:26.347+0400] {processor.py:175} INFO - Processing /Users/harut/opt/anaconda3/lib/python3.9/site-packages/airflow/example_dags/example_sensors.py took 0.544 seconds
[2023-01-09T15:21:50.186+0400] {processor.py:153} INFO - Started process (PID=14706) to work on /Users/harut/opt/anaconda3/lib/python3.9/site-packages/airflow/example_dags/example_sensors.py
[2023-01-09T15:21:50.187+0400] {processor.py:743} INFO - Processing file /Users/harut/opt/anaconda3/lib/python3.9/site-packages/airflow/example_dags/example_sensors.py for tasks to queue
[2023-01-09T15:21:50.187+0400] {logging_mixin.py:137} INFO - [2023-01-09T15:21:50.187+0400] {dagbag.py:538} INFO - Filling up the DagBag from /Users/harut/opt/anaconda3/lib/python3.9/site-packages/airflow/example_dags/example_sensors.py
[2023-01-09T15:21:50.210+0400] {processor.py:753} INFO - DAG(s) dict_keys(['example_sensors']) retrieved from /Users/harut/opt/anaconda3/lib/python3.9/site-packages/airflow/example_dags/example_sensors.py
[2023-01-09T15:21:50.747+0400] {logging_mixin.py:137} INFO - [2023-01-09T15:21:50.746+0400] {dag.py:2676} INFO - Sync 1 DAGs
[2023-01-09T15:21:50.757+0400] {logging_mixin.py:137} INFO - [2023-01-09T15:21:50.757+0400] {dag.py:3423} INFO - Setting next_dagrun for example_sensors to None, run_after=None
[2023-01-09T15:21:50.769+0400] {processor.py:175} INFO - Processing /Users/harut/opt/anaconda3/lib/python3.9/site-packages/airflow/example_dags/example_sensors.py took 0.584 seconds
[2023-01-09T15:23:12.982+0400] {processor.py:153} INFO - Started process (PID=14750) to work on /Users/harut/opt/anaconda3/lib/python3.9/site-packages/airflow/example_dags/example_sensors.py
[2023-01-09T15:23:12.982+0400] {processor.py:743} INFO - Processing file /Users/harut/opt/anaconda3/lib/python3.9/site-packages/airflow/example_dags/example_sensors.py for tasks to queue
[2023-01-09T15:23:12.982+0400] {logging_mixin.py:137} INFO - [2023-01-09T15:23:12.982+0400] {dagbag.py:538} INFO - Filling up the DagBag from /Users/harut/opt/anaconda3/lib/python3.9/site-packages/airflow/example_dags/example_sensors.py
[2023-01-09T15:23:13.005+0400] {processor.py:753} INFO - DAG(s) dict_keys(['example_sensors']) retrieved from /Users/harut/opt/anaconda3/lib/python3.9/site-packages/airflow/example_dags/example_sensors.py
[2023-01-09T15:23:13.554+0400] {logging_mixin.py:137} INFO - [2023-01-09T15:23:13.554+0400] {dag.py:2676} INFO - Sync 1 DAGs
[2023-01-09T15:23:13.564+0400] {logging_mixin.py:137} INFO - [2023-01-09T15:23:13.564+0400] {dag.py:3423} INFO - Setting next_dagrun for example_sensors to None, run_after=None
[2023-01-09T15:23:13.574+0400] {processor.py:175} INFO - Processing /Users/harut/opt/anaconda3/lib/python3.9/site-packages/airflow/example_dags/example_sensors.py took 0.593 seconds
[2023-01-09T15:24:36.341+0400] {processor.py:153} INFO - Started process (PID=14794) to work on /Users/harut/opt/anaconda3/lib/python3.9/site-packages/airflow/example_dags/example_sensors.py
[2023-01-09T15:24:36.342+0400] {processor.py:743} INFO - Processing file /Users/harut/opt/anaconda3/lib/python3.9/site-packages/airflow/example_dags/example_sensors.py for tasks to queue
[2023-01-09T15:24:36.342+0400] {logging_mixin.py:137} INFO - [2023-01-09T15:24:36.342+0400] {dagbag.py:538} INFO - Filling up the DagBag from /Users/harut/opt/anaconda3/lib/python3.9/site-packages/airflow/example_dags/example_sensors.py
[2023-01-09T15:24:36.363+0400] {processor.py:753} INFO - DAG(s) dict_keys(['example_sensors']) retrieved from /Users/harut/opt/anaconda3/lib/python3.9/site-packages/airflow/example_dags/example_sensors.py
[2023-01-09T15:24:36.876+0400] {logging_mixin.py:137} INFO - [2023-01-09T15:24:36.876+0400] {dag.py:2676} INFO - Sync 1 DAGs
[2023-01-09T15:24:36.885+0400] {logging_mixin.py:137} INFO - [2023-01-09T15:24:36.885+0400] {dag.py:3423} INFO - Setting next_dagrun for example_sensors to None, run_after=None
[2023-01-09T15:24:36.895+0400] {processor.py:175} INFO - Processing /Users/harut/opt/anaconda3/lib/python3.9/site-packages/airflow/example_dags/example_sensors.py took 0.555 seconds
[2023-01-09T15:26:00.375+0400] {processor.py:153} INFO - Started process (PID=14840) to work on /Users/harut/opt/anaconda3/lib/python3.9/site-packages/airflow/example_dags/example_sensors.py
[2023-01-09T15:26:00.376+0400] {processor.py:743} INFO - Processing file /Users/harut/opt/anaconda3/lib/python3.9/site-packages/airflow/example_dags/example_sensors.py for tasks to queue
[2023-01-09T15:26:00.376+0400] {logging_mixin.py:137} INFO - [2023-01-09T15:26:00.376+0400] {dagbag.py:538} INFO - Filling up the DagBag from /Users/harut/opt/anaconda3/lib/python3.9/site-packages/airflow/example_dags/example_sensors.py
[2023-01-09T15:26:00.398+0400] {processor.py:753} INFO - DAG(s) dict_keys(['example_sensors']) retrieved from /Users/harut/opt/anaconda3/lib/python3.9/site-packages/airflow/example_dags/example_sensors.py
[2023-01-09T15:26:00.946+0400] {logging_mixin.py:137} INFO - [2023-01-09T15:26:00.946+0400] {dag.py:2676} INFO - Sync 1 DAGs
[2023-01-09T15:26:00.957+0400] {logging_mixin.py:137} INFO - [2023-01-09T15:26:00.957+0400] {dag.py:3423} INFO - Setting next_dagrun for example_sensors to None, run_after=None
[2023-01-09T15:26:00.969+0400] {processor.py:175} INFO - Processing /Users/harut/opt/anaconda3/lib/python3.9/site-packages/airflow/example_dags/example_sensors.py took 0.594 seconds
[2023-01-09T15:27:24.218+0400] {processor.py:153} INFO - Started process (PID=14892) to work on /Users/harut/opt/anaconda3/lib/python3.9/site-packages/airflow/example_dags/example_sensors.py
[2023-01-09T15:27:24.218+0400] {processor.py:743} INFO - Processing file /Users/harut/opt/anaconda3/lib/python3.9/site-packages/airflow/example_dags/example_sensors.py for tasks to queue
[2023-01-09T15:27:24.218+0400] {logging_mixin.py:137} INFO - [2023-01-09T15:27:24.218+0400] {dagbag.py:538} INFO - Filling up the DagBag from /Users/harut/opt/anaconda3/lib/python3.9/site-packages/airflow/example_dags/example_sensors.py
[2023-01-09T15:27:24.241+0400] {processor.py:753} INFO - DAG(s) dict_keys(['example_sensors']) retrieved from /Users/harut/opt/anaconda3/lib/python3.9/site-packages/airflow/example_dags/example_sensors.py
[2023-01-09T15:27:24.787+0400] {logging_mixin.py:137} INFO - [2023-01-09T15:27:24.787+0400] {dag.py:2676} INFO - Sync 1 DAGs
[2023-01-09T15:27:24.798+0400] {logging_mixin.py:137} INFO - [2023-01-09T15:27:24.798+0400] {dag.py:3423} INFO - Setting next_dagrun for example_sensors to None, run_after=None
[2023-01-09T15:27:24.810+0400] {processor.py:175} INFO - Processing /Users/harut/opt/anaconda3/lib/python3.9/site-packages/airflow/example_dags/example_sensors.py took 0.593 seconds
[2023-01-09T15:28:47.365+0400] {processor.py:153} INFO - Started process (PID=14936) to work on /Users/harut/opt/anaconda3/lib/python3.9/site-packages/airflow/example_dags/example_sensors.py
[2023-01-09T15:28:47.366+0400] {processor.py:743} INFO - Processing file /Users/harut/opt/anaconda3/lib/python3.9/site-packages/airflow/example_dags/example_sensors.py for tasks to queue
[2023-01-09T15:28:47.366+0400] {logging_mixin.py:137} INFO - [2023-01-09T15:28:47.366+0400] {dagbag.py:538} INFO - Filling up the DagBag from /Users/harut/opt/anaconda3/lib/python3.9/site-packages/airflow/example_dags/example_sensors.py
[2023-01-09T15:28:47.389+0400] {processor.py:753} INFO - DAG(s) dict_keys(['example_sensors']) retrieved from /Users/harut/opt/anaconda3/lib/python3.9/site-packages/airflow/example_dags/example_sensors.py
[2023-01-09T15:28:47.910+0400] {logging_mixin.py:137} INFO - [2023-01-09T15:28:47.910+0400] {dag.py:2676} INFO - Sync 1 DAGs
[2023-01-09T15:28:47.921+0400] {logging_mixin.py:137} INFO - [2023-01-09T15:28:47.921+0400] {dag.py:3423} INFO - Setting next_dagrun for example_sensors to None, run_after=None
[2023-01-09T15:28:47.932+0400] {processor.py:175} INFO - Processing /Users/harut/opt/anaconda3/lib/python3.9/site-packages/airflow/example_dags/example_sensors.py took 0.567 seconds
[2023-01-09T15:30:07.646+0400] {processor.py:153} INFO - Started process (PID=14982) to work on /Users/harut/opt/anaconda3/lib/python3.9/site-packages/airflow/example_dags/example_sensors.py
[2023-01-09T15:30:07.647+0400] {processor.py:743} INFO - Processing file /Users/harut/opt/anaconda3/lib/python3.9/site-packages/airflow/example_dags/example_sensors.py for tasks to queue
[2023-01-09T15:30:07.647+0400] {logging_mixin.py:137} INFO - [2023-01-09T15:30:07.647+0400] {dagbag.py:538} INFO - Filling up the DagBag from /Users/harut/opt/anaconda3/lib/python3.9/site-packages/airflow/example_dags/example_sensors.py
[2023-01-09T15:30:07.668+0400] {processor.py:753} INFO - DAG(s) dict_keys(['example_sensors']) retrieved from /Users/harut/opt/anaconda3/lib/python3.9/site-packages/airflow/example_dags/example_sensors.py
[2023-01-09T15:30:08.187+0400] {logging_mixin.py:137} INFO - [2023-01-09T15:30:08.187+0400] {dag.py:2676} INFO - Sync 1 DAGs
[2023-01-09T15:30:08.198+0400] {logging_mixin.py:137} INFO - [2023-01-09T15:30:08.198+0400] {dag.py:3423} INFO - Setting next_dagrun for example_sensors to None, run_after=None
[2023-01-09T15:30:08.210+0400] {processor.py:175} INFO - Processing /Users/harut/opt/anaconda3/lib/python3.9/site-packages/airflow/example_dags/example_sensors.py took 0.564 seconds
[2023-01-09T15:31:30.447+0400] {processor.py:153} INFO - Started process (PID=15028) to work on /Users/harut/opt/anaconda3/lib/python3.9/site-packages/airflow/example_dags/example_sensors.py
[2023-01-09T15:31:30.448+0400] {processor.py:743} INFO - Processing file /Users/harut/opt/anaconda3/lib/python3.9/site-packages/airflow/example_dags/example_sensors.py for tasks to queue
[2023-01-09T15:31:30.448+0400] {logging_mixin.py:137} INFO - [2023-01-09T15:31:30.448+0400] {dagbag.py:538} INFO - Filling up the DagBag from /Users/harut/opt/anaconda3/lib/python3.9/site-packages/airflow/example_dags/example_sensors.py
[2023-01-09T15:31:30.471+0400] {processor.py:753} INFO - DAG(s) dict_keys(['example_sensors']) retrieved from /Users/harut/opt/anaconda3/lib/python3.9/site-packages/airflow/example_dags/example_sensors.py
[2023-01-09T15:31:31.025+0400] {logging_mixin.py:137} INFO - [2023-01-09T15:31:31.024+0400] {dag.py:2676} INFO - Sync 1 DAGs
[2023-01-09T15:31:31.037+0400] {logging_mixin.py:137} INFO - [2023-01-09T15:31:31.036+0400] {dag.py:3423} INFO - Setting next_dagrun for example_sensors to None, run_after=None
[2023-01-09T15:31:31.047+0400] {processor.py:175} INFO - Processing /Users/harut/opt/anaconda3/lib/python3.9/site-packages/airflow/example_dags/example_sensors.py took 0.601 seconds
[2023-01-09T15:32:52.814+0400] {processor.py:153} INFO - Started process (PID=15074) to work on /Users/harut/opt/anaconda3/lib/python3.9/site-packages/airflow/example_dags/example_sensors.py
[2023-01-09T15:32:52.815+0400] {processor.py:743} INFO - Processing file /Users/harut/opt/anaconda3/lib/python3.9/site-packages/airflow/example_dags/example_sensors.py for tasks to queue
[2023-01-09T15:32:52.815+0400] {logging_mixin.py:137} INFO - [2023-01-09T15:32:52.815+0400] {dagbag.py:538} INFO - Filling up the DagBag from /Users/harut/opt/anaconda3/lib/python3.9/site-packages/airflow/example_dags/example_sensors.py
[2023-01-09T15:32:52.839+0400] {processor.py:753} INFO - DAG(s) dict_keys(['example_sensors']) retrieved from /Users/harut/opt/anaconda3/lib/python3.9/site-packages/airflow/example_dags/example_sensors.py
[2023-01-09T15:32:53.399+0400] {logging_mixin.py:137} INFO - [2023-01-09T15:32:53.399+0400] {dag.py:2676} INFO - Sync 1 DAGs
[2023-01-09T15:32:53.409+0400] {logging_mixin.py:137} INFO - [2023-01-09T15:32:53.409+0400] {dag.py:3423} INFO - Setting next_dagrun for example_sensors to None, run_after=None
[2023-01-09T15:32:53.420+0400] {processor.py:175} INFO - Processing /Users/harut/opt/anaconda3/lib/python3.9/site-packages/airflow/example_dags/example_sensors.py took 0.606 seconds
[2023-01-09T15:34:18.122+0400] {processor.py:153} INFO - Started process (PID=15119) to work on /Users/harut/opt/anaconda3/lib/python3.9/site-packages/airflow/example_dags/example_sensors.py
[2023-01-09T15:34:18.122+0400] {processor.py:743} INFO - Processing file /Users/harut/opt/anaconda3/lib/python3.9/site-packages/airflow/example_dags/example_sensors.py for tasks to queue
[2023-01-09T15:34:18.123+0400] {logging_mixin.py:137} INFO - [2023-01-09T15:34:18.123+0400] {dagbag.py:538} INFO - Filling up the DagBag from /Users/harut/opt/anaconda3/lib/python3.9/site-packages/airflow/example_dags/example_sensors.py
[2023-01-09T15:34:18.145+0400] {processor.py:753} INFO - DAG(s) dict_keys(['example_sensors']) retrieved from /Users/harut/opt/anaconda3/lib/python3.9/site-packages/airflow/example_dags/example_sensors.py
[2023-01-09T15:34:18.689+0400] {logging_mixin.py:137} INFO - [2023-01-09T15:34:18.689+0400] {dag.py:2676} INFO - Sync 1 DAGs
[2023-01-09T15:34:18.702+0400] {logging_mixin.py:137} INFO - [2023-01-09T15:34:18.702+0400] {dag.py:3423} INFO - Setting next_dagrun for example_sensors to None, run_after=None
[2023-01-09T15:34:18.714+0400] {processor.py:175} INFO - Processing /Users/harut/opt/anaconda3/lib/python3.9/site-packages/airflow/example_dags/example_sensors.py took 0.593 seconds
[2023-01-09T15:35:41.456+0400] {processor.py:153} INFO - Started process (PID=15170) to work on /Users/harut/opt/anaconda3/lib/python3.9/site-packages/airflow/example_dags/example_sensors.py
[2023-01-09T15:35:41.457+0400] {processor.py:743} INFO - Processing file /Users/harut/opt/anaconda3/lib/python3.9/site-packages/airflow/example_dags/example_sensors.py for tasks to queue
[2023-01-09T15:35:41.457+0400] {logging_mixin.py:137} INFO - [2023-01-09T15:35:41.457+0400] {dagbag.py:538} INFO - Filling up the DagBag from /Users/harut/opt/anaconda3/lib/python3.9/site-packages/airflow/example_dags/example_sensors.py
[2023-01-09T15:35:41.481+0400] {processor.py:753} INFO - DAG(s) dict_keys(['example_sensors']) retrieved from /Users/harut/opt/anaconda3/lib/python3.9/site-packages/airflow/example_dags/example_sensors.py
[2023-01-09T15:35:42.036+0400] {logging_mixin.py:137} INFO - [2023-01-09T15:35:42.036+0400] {dag.py:2676} INFO - Sync 1 DAGs
[2023-01-09T15:35:42.047+0400] {logging_mixin.py:137} INFO - [2023-01-09T15:35:42.047+0400] {dag.py:3423} INFO - Setting next_dagrun for example_sensors to None, run_after=None
[2023-01-09T15:35:42.058+0400] {processor.py:175} INFO - Processing /Users/harut/opt/anaconda3/lib/python3.9/site-packages/airflow/example_dags/example_sensors.py took 0.602 seconds
[2023-01-09T15:37:03.862+0400] {processor.py:153} INFO - Started process (PID=15230) to work on /Users/harut/opt/anaconda3/lib/python3.9/site-packages/airflow/example_dags/example_sensors.py
[2023-01-09T15:37:03.863+0400] {processor.py:743} INFO - Processing file /Users/harut/opt/anaconda3/lib/python3.9/site-packages/airflow/example_dags/example_sensors.py for tasks to queue
[2023-01-09T15:37:03.863+0400] {logging_mixin.py:137} INFO - [2023-01-09T15:37:03.863+0400] {dagbag.py:538} INFO - Filling up the DagBag from /Users/harut/opt/anaconda3/lib/python3.9/site-packages/airflow/example_dags/example_sensors.py
[2023-01-09T15:37:03.884+0400] {processor.py:753} INFO - DAG(s) dict_keys(['example_sensors']) retrieved from /Users/harut/opt/anaconda3/lib/python3.9/site-packages/airflow/example_dags/example_sensors.py
[2023-01-09T15:37:04.410+0400] {logging_mixin.py:137} INFO - [2023-01-09T15:37:04.409+0400] {dag.py:2676} INFO - Sync 1 DAGs
[2023-01-09T15:37:04.420+0400] {logging_mixin.py:137} INFO - [2023-01-09T15:37:04.420+0400] {dag.py:3423} INFO - Setting next_dagrun for example_sensors to None, run_after=None
[2023-01-09T15:37:04.431+0400] {processor.py:175} INFO - Processing /Users/harut/opt/anaconda3/lib/python3.9/site-packages/airflow/example_dags/example_sensors.py took 0.569 seconds
[2023-01-09T15:38:26.603+0400] {processor.py:153} INFO - Started process (PID=15272) to work on /Users/harut/opt/anaconda3/lib/python3.9/site-packages/airflow/example_dags/example_sensors.py
[2023-01-09T15:38:26.603+0400] {processor.py:743} INFO - Processing file /Users/harut/opt/anaconda3/lib/python3.9/site-packages/airflow/example_dags/example_sensors.py for tasks to queue
[2023-01-09T15:38:26.604+0400] {logging_mixin.py:137} INFO - [2023-01-09T15:38:26.604+0400] {dagbag.py:538} INFO - Filling up the DagBag from /Users/harut/opt/anaconda3/lib/python3.9/site-packages/airflow/example_dags/example_sensors.py
[2023-01-09T15:38:26.624+0400] {processor.py:753} INFO - DAG(s) dict_keys(['example_sensors']) retrieved from /Users/harut/opt/anaconda3/lib/python3.9/site-packages/airflow/example_dags/example_sensors.py
[2023-01-09T15:38:27.116+0400] {logging_mixin.py:137} INFO - [2023-01-09T15:38:27.116+0400] {dag.py:2676} INFO - Sync 1 DAGs
[2023-01-09T15:38:27.126+0400] {logging_mixin.py:137} INFO - [2023-01-09T15:38:27.125+0400] {dag.py:3423} INFO - Setting next_dagrun for example_sensors to None, run_after=None
[2023-01-09T15:38:27.136+0400] {processor.py:175} INFO - Processing /Users/harut/opt/anaconda3/lib/python3.9/site-packages/airflow/example_dags/example_sensors.py took 0.533 seconds
[2023-01-09T15:39:48.843+0400] {processor.py:153} INFO - Started process (PID=15317) to work on /Users/harut/opt/anaconda3/lib/python3.9/site-packages/airflow/example_dags/example_sensors.py
[2023-01-09T15:39:48.844+0400] {processor.py:743} INFO - Processing file /Users/harut/opt/anaconda3/lib/python3.9/site-packages/airflow/example_dags/example_sensors.py for tasks to queue
[2023-01-09T15:39:48.844+0400] {logging_mixin.py:137} INFO - [2023-01-09T15:39:48.844+0400] {dagbag.py:538} INFO - Filling up the DagBag from /Users/harut/opt/anaconda3/lib/python3.9/site-packages/airflow/example_dags/example_sensors.py
[2023-01-09T15:39:48.865+0400] {processor.py:753} INFO - DAG(s) dict_keys(['example_sensors']) retrieved from /Users/harut/opt/anaconda3/lib/python3.9/site-packages/airflow/example_dags/example_sensors.py
[2023-01-09T15:39:49.361+0400] {logging_mixin.py:137} INFO - [2023-01-09T15:39:49.360+0400] {dag.py:2676} INFO - Sync 1 DAGs
[2023-01-09T15:39:49.370+0400] {logging_mixin.py:137} INFO - [2023-01-09T15:39:49.370+0400] {dag.py:3423} INFO - Setting next_dagrun for example_sensors to None, run_after=None
[2023-01-09T15:39:49.379+0400] {processor.py:175} INFO - Processing /Users/harut/opt/anaconda3/lib/python3.9/site-packages/airflow/example_dags/example_sensors.py took 0.536 seconds
[2023-01-09T15:41:08.678+0400] {processor.py:153} INFO - Started process (PID=15374) to work on /Users/harut/opt/anaconda3/lib/python3.9/site-packages/airflow/example_dags/example_sensors.py
[2023-01-09T15:41:08.678+0400] {processor.py:743} INFO - Processing file /Users/harut/opt/anaconda3/lib/python3.9/site-packages/airflow/example_dags/example_sensors.py for tasks to queue
[2023-01-09T15:41:08.678+0400] {logging_mixin.py:137} INFO - [2023-01-09T15:41:08.678+0400] {dagbag.py:538} INFO - Filling up the DagBag from /Users/harut/opt/anaconda3/lib/python3.9/site-packages/airflow/example_dags/example_sensors.py
[2023-01-09T15:41:08.699+0400] {processor.py:753} INFO - DAG(s) dict_keys(['example_sensors']) retrieved from /Users/harut/opt/anaconda3/lib/python3.9/site-packages/airflow/example_dags/example_sensors.py
[2023-01-09T15:41:09.191+0400] {logging_mixin.py:137} INFO - [2023-01-09T15:41:09.191+0400] {dag.py:2676} INFO - Sync 1 DAGs
[2023-01-09T15:41:09.200+0400] {logging_mixin.py:137} INFO - [2023-01-09T15:41:09.200+0400] {dag.py:3423} INFO - Setting next_dagrun for example_sensors to None, run_after=None
[2023-01-09T15:41:09.209+0400] {processor.py:175} INFO - Processing /Users/harut/opt/anaconda3/lib/python3.9/site-packages/airflow/example_dags/example_sensors.py took 0.532 seconds
