[2023-01-09T14:17:46.333+0400] {processor.py:153} INFO - Started process (PID=12437) to work on /Users/harut/opt/anaconda3/lib/python3.9/site-packages/airflow/example_dags/example_bash_operator.py
[2023-01-09T14:17:46.334+0400] {processor.py:743} INFO - Processing file /Users/harut/opt/anaconda3/lib/python3.9/site-packages/airflow/example_dags/example_bash_operator.py for tasks to queue
[2023-01-09T14:17:46.334+0400] {logging_mixin.py:137} INFO - [2023-01-09T14:17:46.334+0400] {dagbag.py:538} INFO - Filling up the DagBag from /Users/harut/opt/anaconda3/lib/python3.9/site-packages/airflow/example_dags/example_bash_operator.py
[2023-01-09T14:17:46.368+0400] {processor.py:753} INFO - DAG(s) dict_keys(['example_bash_operator']) retrieved from /Users/harut/opt/anaconda3/lib/python3.9/site-packages/airflow/example_dags/example_bash_operator.py
[2023-01-09T14:17:46.740+0400] {logging_mixin.py:137} INFO - [2023-01-09T14:17:46.740+0400] {dag.py:2676} INFO - Sync 1 DAGs
[2023-01-09T14:17:46.751+0400] {logging_mixin.py:137} INFO - [2023-01-09T14:17:46.751+0400] {dag.py:3423} INFO - Setting next_dagrun for example_bash_operator to 2023-01-08T00:00:00+00:00, run_after=2023-01-09T00:00:00+00:00
[2023-01-09T14:17:46.761+0400] {processor.py:175} INFO - Processing /Users/harut/opt/anaconda3/lib/python3.9/site-packages/airflow/example_dags/example_bash_operator.py took 0.428 seconds
[2023-01-09T14:20:10.635+0400] {processor.py:153} INFO - Started process (PID=12530) to work on /Users/harut/opt/anaconda3/lib/python3.9/site-packages/airflow/example_dags/example_bash_operator.py
[2023-01-09T14:20:10.636+0400] {processor.py:743} INFO - Processing file /Users/harut/opt/anaconda3/lib/python3.9/site-packages/airflow/example_dags/example_bash_operator.py for tasks to queue
[2023-01-09T14:20:10.636+0400] {logging_mixin.py:137} INFO - [2023-01-09T14:20:10.636+0400] {dagbag.py:538} INFO - Filling up the DagBag from /Users/harut/opt/anaconda3/lib/python3.9/site-packages/airflow/example_dags/example_bash_operator.py
[2023-01-09T14:20:10.669+0400] {processor.py:753} INFO - DAG(s) dict_keys(['example_bash_operator']) retrieved from /Users/harut/opt/anaconda3/lib/python3.9/site-packages/airflow/example_dags/example_bash_operator.py
[2023-01-09T14:20:11.032+0400] {logging_mixin.py:137} INFO - [2023-01-09T14:20:11.032+0400] {dag.py:2676} INFO - Sync 1 DAGs
[2023-01-09T14:20:11.042+0400] {logging_mixin.py:137} INFO - [2023-01-09T14:20:11.042+0400] {dag.py:3423} INFO - Setting next_dagrun for example_bash_operator to 2023-01-08T00:00:00+00:00, run_after=2023-01-09T00:00:00+00:00
[2023-01-09T14:20:11.052+0400] {processor.py:175} INFO - Processing /Users/harut/opt/anaconda3/lib/python3.9/site-packages/airflow/example_dags/example_bash_operator.py took 0.417 seconds
[2023-01-09T14:21:26.110+0400] {processor.py:153} INFO - Started process (PID=12571) to work on /Users/harut/opt/anaconda3/lib/python3.9/site-packages/airflow/example_dags/example_bash_operator.py
[2023-01-09T14:21:26.111+0400] {processor.py:743} INFO - Processing file /Users/harut/opt/anaconda3/lib/python3.9/site-packages/airflow/example_dags/example_bash_operator.py for tasks to queue
[2023-01-09T14:21:26.111+0400] {logging_mixin.py:137} INFO - [2023-01-09T14:21:26.111+0400] {dagbag.py:538} INFO - Filling up the DagBag from /Users/harut/opt/anaconda3/lib/python3.9/site-packages/airflow/example_dags/example_bash_operator.py
[2023-01-09T14:21:26.145+0400] {processor.py:753} INFO - DAG(s) dict_keys(['example_bash_operator']) retrieved from /Users/harut/opt/anaconda3/lib/python3.9/site-packages/airflow/example_dags/example_bash_operator.py
[2023-01-09T14:21:26.514+0400] {logging_mixin.py:137} INFO - [2023-01-09T14:21:26.514+0400] {dag.py:2676} INFO - Sync 1 DAGs
[2023-01-09T14:21:26.523+0400] {logging_mixin.py:137} INFO - [2023-01-09T14:21:26.523+0400] {dag.py:3423} INFO - Setting next_dagrun for example_bash_operator to 2023-01-08T00:00:00+00:00, run_after=2023-01-09T00:00:00+00:00
[2023-01-09T14:21:26.533+0400] {processor.py:175} INFO - Processing /Users/harut/opt/anaconda3/lib/python3.9/site-packages/airflow/example_dags/example_bash_operator.py took 0.423 seconds
[2023-01-09T14:22:40.209+0400] {processor.py:153} INFO - Started process (PID=12622) to work on /Users/harut/opt/anaconda3/lib/python3.9/site-packages/airflow/example_dags/example_bash_operator.py
[2023-01-09T14:22:40.210+0400] {processor.py:743} INFO - Processing file /Users/harut/opt/anaconda3/lib/python3.9/site-packages/airflow/example_dags/example_bash_operator.py for tasks to queue
[2023-01-09T14:22:40.210+0400] {logging_mixin.py:137} INFO - [2023-01-09T14:22:40.210+0400] {dagbag.py:538} INFO - Filling up the DagBag from /Users/harut/opt/anaconda3/lib/python3.9/site-packages/airflow/example_dags/example_bash_operator.py
[2023-01-09T14:22:40.244+0400] {processor.py:753} INFO - DAG(s) dict_keys(['example_bash_operator']) retrieved from /Users/harut/opt/anaconda3/lib/python3.9/site-packages/airflow/example_dags/example_bash_operator.py
[2023-01-09T14:22:40.609+0400] {logging_mixin.py:137} INFO - [2023-01-09T14:22:40.608+0400] {dag.py:2676} INFO - Sync 1 DAGs
[2023-01-09T14:22:40.618+0400] {logging_mixin.py:137} INFO - [2023-01-09T14:22:40.618+0400] {dag.py:3423} INFO - Setting next_dagrun for example_bash_operator to 2023-01-08T00:00:00+00:00, run_after=2023-01-09T00:00:00+00:00
[2023-01-09T14:22:40.628+0400] {processor.py:175} INFO - Processing /Users/harut/opt/anaconda3/lib/python3.9/site-packages/airflow/example_dags/example_bash_operator.py took 0.419 seconds
[2023-01-09T14:23:58.402+0400] {processor.py:153} INFO - Started process (PID=12666) to work on /Users/harut/opt/anaconda3/lib/python3.9/site-packages/airflow/example_dags/example_bash_operator.py
[2023-01-09T14:23:58.403+0400] {processor.py:743} INFO - Processing file /Users/harut/opt/anaconda3/lib/python3.9/site-packages/airflow/example_dags/example_bash_operator.py for tasks to queue
[2023-01-09T14:23:58.403+0400] {logging_mixin.py:137} INFO - [2023-01-09T14:23:58.403+0400] {dagbag.py:538} INFO - Filling up the DagBag from /Users/harut/opt/anaconda3/lib/python3.9/site-packages/airflow/example_dags/example_bash_operator.py
[2023-01-09T14:23:58.436+0400] {processor.py:753} INFO - DAG(s) dict_keys(['example_bash_operator']) retrieved from /Users/harut/opt/anaconda3/lib/python3.9/site-packages/airflow/example_dags/example_bash_operator.py
[2023-01-09T14:23:58.797+0400] {logging_mixin.py:137} INFO - [2023-01-09T14:23:58.797+0400] {dag.py:2676} INFO - Sync 1 DAGs
[2023-01-09T14:23:58.807+0400] {logging_mixin.py:137} INFO - [2023-01-09T14:23:58.807+0400] {dag.py:3423} INFO - Setting next_dagrun for example_bash_operator to 2023-01-08T00:00:00+00:00, run_after=2023-01-09T00:00:00+00:00
[2023-01-09T14:23:58.817+0400] {processor.py:175} INFO - Processing /Users/harut/opt/anaconda3/lib/python3.9/site-packages/airflow/example_dags/example_bash_operator.py took 0.415 seconds
[2023-01-09T14:25:17.156+0400] {processor.py:153} INFO - Started process (PID=12707) to work on /Users/harut/opt/anaconda3/lib/python3.9/site-packages/airflow/example_dags/example_bash_operator.py
[2023-01-09T14:25:17.156+0400] {processor.py:743} INFO - Processing file /Users/harut/opt/anaconda3/lib/python3.9/site-packages/airflow/example_dags/example_bash_operator.py for tasks to queue
[2023-01-09T14:25:17.157+0400] {logging_mixin.py:137} INFO - [2023-01-09T14:25:17.157+0400] {dagbag.py:538} INFO - Filling up the DagBag from /Users/harut/opt/anaconda3/lib/python3.9/site-packages/airflow/example_dags/example_bash_operator.py
[2023-01-09T14:25:17.190+0400] {processor.py:753} INFO - DAG(s) dict_keys(['example_bash_operator']) retrieved from /Users/harut/opt/anaconda3/lib/python3.9/site-packages/airflow/example_dags/example_bash_operator.py
[2023-01-09T14:25:17.576+0400] {logging_mixin.py:137} INFO - [2023-01-09T14:25:17.576+0400] {dag.py:2676} INFO - Sync 1 DAGs
[2023-01-09T14:25:17.586+0400] {logging_mixin.py:137} INFO - [2023-01-09T14:25:17.586+0400] {dag.py:3423} INFO - Setting next_dagrun for example_bash_operator to 2023-01-08T00:00:00+00:00, run_after=2023-01-09T00:00:00+00:00
[2023-01-09T14:25:17.596+0400] {processor.py:175} INFO - Processing /Users/harut/opt/anaconda3/lib/python3.9/site-packages/airflow/example_dags/example_bash_operator.py took 0.441 seconds
[2023-01-09T14:26:34.837+0400] {processor.py:153} INFO - Started process (PID=12752) to work on /Users/harut/opt/anaconda3/lib/python3.9/site-packages/airflow/example_dags/example_bash_operator.py
[2023-01-09T14:26:34.838+0400] {processor.py:743} INFO - Processing file /Users/harut/opt/anaconda3/lib/python3.9/site-packages/airflow/example_dags/example_bash_operator.py for tasks to queue
[2023-01-09T14:26:34.838+0400] {logging_mixin.py:137} INFO - [2023-01-09T14:26:34.838+0400] {dagbag.py:538} INFO - Filling up the DagBag from /Users/harut/opt/anaconda3/lib/python3.9/site-packages/airflow/example_dags/example_bash_operator.py
[2023-01-09T14:26:34.874+0400] {processor.py:753} INFO - DAG(s) dict_keys(['example_bash_operator']) retrieved from /Users/harut/opt/anaconda3/lib/python3.9/site-packages/airflow/example_dags/example_bash_operator.py
[2023-01-09T14:26:35.264+0400] {logging_mixin.py:137} INFO - [2023-01-09T14:26:35.264+0400] {dag.py:2676} INFO - Sync 1 DAGs
[2023-01-09T14:26:35.275+0400] {logging_mixin.py:137} INFO - [2023-01-09T14:26:35.275+0400] {dag.py:3423} INFO - Setting next_dagrun for example_bash_operator to 2023-01-08T00:00:00+00:00, run_after=2023-01-09T00:00:00+00:00
[2023-01-09T14:26:35.287+0400] {processor.py:175} INFO - Processing /Users/harut/opt/anaconda3/lib/python3.9/site-packages/airflow/example_dags/example_bash_operator.py took 0.449 seconds
[2023-01-09T14:27:51.919+0400] {processor.py:153} INFO - Started process (PID=12797) to work on /Users/harut/opt/anaconda3/lib/python3.9/site-packages/airflow/example_dags/example_bash_operator.py
[2023-01-09T14:27:51.919+0400] {processor.py:743} INFO - Processing file /Users/harut/opt/anaconda3/lib/python3.9/site-packages/airflow/example_dags/example_bash_operator.py for tasks to queue
[2023-01-09T14:27:51.919+0400] {logging_mixin.py:137} INFO - [2023-01-09T14:27:51.919+0400] {dagbag.py:538} INFO - Filling up the DagBag from /Users/harut/opt/anaconda3/lib/python3.9/site-packages/airflow/example_dags/example_bash_operator.py
[2023-01-09T14:27:51.953+0400] {processor.py:753} INFO - DAG(s) dict_keys(['example_bash_operator']) retrieved from /Users/harut/opt/anaconda3/lib/python3.9/site-packages/airflow/example_dags/example_bash_operator.py
[2023-01-09T14:27:52.316+0400] {logging_mixin.py:137} INFO - [2023-01-09T14:27:52.316+0400] {dag.py:2676} INFO - Sync 1 DAGs
[2023-01-09T14:27:52.326+0400] {logging_mixin.py:137} INFO - [2023-01-09T14:27:52.326+0400] {dag.py:3423} INFO - Setting next_dagrun for example_bash_operator to 2023-01-08T00:00:00+00:00, run_after=2023-01-09T00:00:00+00:00
[2023-01-09T14:27:52.336+0400] {processor.py:175} INFO - Processing /Users/harut/opt/anaconda3/lib/python3.9/site-packages/airflow/example_dags/example_bash_operator.py took 0.418 seconds
[2023-01-09T14:29:09.294+0400] {processor.py:153} INFO - Started process (PID=12839) to work on /Users/harut/opt/anaconda3/lib/python3.9/site-packages/airflow/example_dags/example_bash_operator.py
[2023-01-09T14:29:09.295+0400] {processor.py:743} INFO - Processing file /Users/harut/opt/anaconda3/lib/python3.9/site-packages/airflow/example_dags/example_bash_operator.py for tasks to queue
[2023-01-09T14:29:09.295+0400] {logging_mixin.py:137} INFO - [2023-01-09T14:29:09.295+0400] {dagbag.py:538} INFO - Filling up the DagBag from /Users/harut/opt/anaconda3/lib/python3.9/site-packages/airflow/example_dags/example_bash_operator.py
[2023-01-09T14:29:09.329+0400] {processor.py:753} INFO - DAG(s) dict_keys(['example_bash_operator']) retrieved from /Users/harut/opt/anaconda3/lib/python3.9/site-packages/airflow/example_dags/example_bash_operator.py
[2023-01-09T14:29:09.691+0400] {logging_mixin.py:137} INFO - [2023-01-09T14:29:09.691+0400] {dag.py:2676} INFO - Sync 1 DAGs
[2023-01-09T14:29:09.701+0400] {logging_mixin.py:137} INFO - [2023-01-09T14:29:09.700+0400] {dag.py:3423} INFO - Setting next_dagrun for example_bash_operator to 2023-01-08T00:00:00+00:00, run_after=2023-01-09T00:00:00+00:00
[2023-01-09T14:29:09.710+0400] {processor.py:175} INFO - Processing /Users/harut/opt/anaconda3/lib/python3.9/site-packages/airflow/example_dags/example_bash_operator.py took 0.416 seconds
[2023-01-09T14:30:25.220+0400] {processor.py:153} INFO - Started process (PID=12883) to work on /Users/harut/opt/anaconda3/lib/python3.9/site-packages/airflow/example_dags/example_bash_operator.py
[2023-01-09T14:30:25.221+0400] {processor.py:743} INFO - Processing file /Users/harut/opt/anaconda3/lib/python3.9/site-packages/airflow/example_dags/example_bash_operator.py for tasks to queue
[2023-01-09T14:30:25.221+0400] {logging_mixin.py:137} INFO - [2023-01-09T14:30:25.221+0400] {dagbag.py:538} INFO - Filling up the DagBag from /Users/harut/opt/anaconda3/lib/python3.9/site-packages/airflow/example_dags/example_bash_operator.py
[2023-01-09T14:30:25.255+0400] {processor.py:753} INFO - DAG(s) dict_keys(['example_bash_operator']) retrieved from /Users/harut/opt/anaconda3/lib/python3.9/site-packages/airflow/example_dags/example_bash_operator.py
[2023-01-09T14:30:25.657+0400] {logging_mixin.py:137} INFO - [2023-01-09T14:30:25.656+0400] {dag.py:2676} INFO - Sync 1 DAGs
[2023-01-09T14:30:25.667+0400] {logging_mixin.py:137} INFO - [2023-01-09T14:30:25.667+0400] {dag.py:3423} INFO - Setting next_dagrun for example_bash_operator to 2023-01-08T00:00:00+00:00, run_after=2023-01-09T00:00:00+00:00
[2023-01-09T14:30:25.676+0400] {processor.py:175} INFO - Processing /Users/harut/opt/anaconda3/lib/python3.9/site-packages/airflow/example_dags/example_bash_operator.py took 0.456 seconds
[2023-01-09T14:31:40.905+0400] {processor.py:153} INFO - Started process (PID=12927) to work on /Users/harut/opt/anaconda3/lib/python3.9/site-packages/airflow/example_dags/example_bash_operator.py
[2023-01-09T14:31:40.906+0400] {processor.py:743} INFO - Processing file /Users/harut/opt/anaconda3/lib/python3.9/site-packages/airflow/example_dags/example_bash_operator.py for tasks to queue
[2023-01-09T14:31:40.906+0400] {logging_mixin.py:137} INFO - [2023-01-09T14:31:40.906+0400] {dagbag.py:538} INFO - Filling up the DagBag from /Users/harut/opt/anaconda3/lib/python3.9/site-packages/airflow/example_dags/example_bash_operator.py
[2023-01-09T14:31:40.940+0400] {processor.py:753} INFO - DAG(s) dict_keys(['example_bash_operator']) retrieved from /Users/harut/opt/anaconda3/lib/python3.9/site-packages/airflow/example_dags/example_bash_operator.py
[2023-01-09T14:31:41.302+0400] {logging_mixin.py:137} INFO - [2023-01-09T14:31:41.302+0400] {dag.py:2676} INFO - Sync 1 DAGs
[2023-01-09T14:31:41.312+0400] {logging_mixin.py:137} INFO - [2023-01-09T14:31:41.312+0400] {dag.py:3423} INFO - Setting next_dagrun for example_bash_operator to 2023-01-08T00:00:00+00:00, run_after=2023-01-09T00:00:00+00:00
[2023-01-09T14:31:41.322+0400] {processor.py:175} INFO - Processing /Users/harut/opt/anaconda3/lib/python3.9/site-packages/airflow/example_dags/example_bash_operator.py took 0.417 seconds
[2023-01-09T14:32:55.964+0400] {processor.py:153} INFO - Started process (PID=12977) to work on /Users/harut/opt/anaconda3/lib/python3.9/site-packages/airflow/example_dags/example_bash_operator.py
[2023-01-09T14:32:55.965+0400] {processor.py:743} INFO - Processing file /Users/harut/opt/anaconda3/lib/python3.9/site-packages/airflow/example_dags/example_bash_operator.py for tasks to queue
[2023-01-09T14:32:55.965+0400] {logging_mixin.py:137} INFO - [2023-01-09T14:32:55.965+0400] {dagbag.py:538} INFO - Filling up the DagBag from /Users/harut/opt/anaconda3/lib/python3.9/site-packages/airflow/example_dags/example_bash_operator.py
[2023-01-09T14:32:55.998+0400] {processor.py:753} INFO - DAG(s) dict_keys(['example_bash_operator']) retrieved from /Users/harut/opt/anaconda3/lib/python3.9/site-packages/airflow/example_dags/example_bash_operator.py
[2023-01-09T14:32:56.401+0400] {logging_mixin.py:137} INFO - [2023-01-09T14:32:56.401+0400] {dag.py:2676} INFO - Sync 1 DAGs
[2023-01-09T14:32:56.416+0400] {logging_mixin.py:137} INFO - [2023-01-09T14:32:56.415+0400] {dag.py:3423} INFO - Setting next_dagrun for example_bash_operator to 2023-01-08T00:00:00+00:00, run_after=2023-01-09T00:00:00+00:00
[2023-01-09T14:32:56.430+0400] {processor.py:175} INFO - Processing /Users/harut/opt/anaconda3/lib/python3.9/site-packages/airflow/example_dags/example_bash_operator.py took 0.466 seconds
[2023-01-09T14:34:14.418+0400] {processor.py:153} INFO - Started process (PID=13027) to work on /Users/harut/opt/anaconda3/lib/python3.9/site-packages/airflow/example_dags/example_bash_operator.py
[2023-01-09T14:34:14.419+0400] {processor.py:743} INFO - Processing file /Users/harut/opt/anaconda3/lib/python3.9/site-packages/airflow/example_dags/example_bash_operator.py for tasks to queue
[2023-01-09T14:34:14.419+0400] {logging_mixin.py:137} INFO - [2023-01-09T14:34:14.419+0400] {dagbag.py:538} INFO - Filling up the DagBag from /Users/harut/opt/anaconda3/lib/python3.9/site-packages/airflow/example_dags/example_bash_operator.py
[2023-01-09T14:34:14.452+0400] {processor.py:753} INFO - DAG(s) dict_keys(['example_bash_operator']) retrieved from /Users/harut/opt/anaconda3/lib/python3.9/site-packages/airflow/example_dags/example_bash_operator.py
[2023-01-09T14:34:14.811+0400] {logging_mixin.py:137} INFO - [2023-01-09T14:34:14.810+0400] {dag.py:2676} INFO - Sync 1 DAGs
[2023-01-09T14:34:14.820+0400] {logging_mixin.py:137} INFO - [2023-01-09T14:34:14.820+0400] {dag.py:3423} INFO - Setting next_dagrun for example_bash_operator to 2023-01-08T00:00:00+00:00, run_after=2023-01-09T00:00:00+00:00
[2023-01-09T14:34:14.830+0400] {processor.py:175} INFO - Processing /Users/harut/opt/anaconda3/lib/python3.9/site-packages/airflow/example_dags/example_bash_operator.py took 0.413 seconds
[2023-01-09T14:35:31.841+0400] {processor.py:153} INFO - Started process (PID=13074) to work on /Users/harut/opt/anaconda3/lib/python3.9/site-packages/airflow/example_dags/example_bash_operator.py
[2023-01-09T14:35:31.841+0400] {processor.py:743} INFO - Processing file /Users/harut/opt/anaconda3/lib/python3.9/site-packages/airflow/example_dags/example_bash_operator.py for tasks to queue
[2023-01-09T14:35:31.842+0400] {logging_mixin.py:137} INFO - [2023-01-09T14:35:31.841+0400] {dagbag.py:538} INFO - Filling up the DagBag from /Users/harut/opt/anaconda3/lib/python3.9/site-packages/airflow/example_dags/example_bash_operator.py
[2023-01-09T14:35:31.874+0400] {processor.py:753} INFO - DAG(s) dict_keys(['example_bash_operator']) retrieved from /Users/harut/opt/anaconda3/lib/python3.9/site-packages/airflow/example_dags/example_bash_operator.py
[2023-01-09T14:35:32.234+0400] {logging_mixin.py:137} INFO - [2023-01-09T14:35:32.234+0400] {dag.py:2676} INFO - Sync 1 DAGs
[2023-01-09T14:35:32.243+0400] {logging_mixin.py:137} INFO - [2023-01-09T14:35:32.243+0400] {dag.py:3423} INFO - Setting next_dagrun for example_bash_operator to 2023-01-08T00:00:00+00:00, run_after=2023-01-09T00:00:00+00:00
[2023-01-09T14:35:32.253+0400] {processor.py:175} INFO - Processing /Users/harut/opt/anaconda3/lib/python3.9/site-packages/airflow/example_dags/example_bash_operator.py took 0.413 seconds
[2023-01-09T14:36:49.820+0400] {processor.py:153} INFO - Started process (PID=13119) to work on /Users/harut/opt/anaconda3/lib/python3.9/site-packages/airflow/example_dags/example_bash_operator.py
[2023-01-09T14:36:49.820+0400] {processor.py:743} INFO - Processing file /Users/harut/opt/anaconda3/lib/python3.9/site-packages/airflow/example_dags/example_bash_operator.py for tasks to queue
[2023-01-09T14:36:49.821+0400] {logging_mixin.py:137} INFO - [2023-01-09T14:36:49.821+0400] {dagbag.py:538} INFO - Filling up the DagBag from /Users/harut/opt/anaconda3/lib/python3.9/site-packages/airflow/example_dags/example_bash_operator.py
[2023-01-09T14:36:49.854+0400] {processor.py:753} INFO - DAG(s) dict_keys(['example_bash_operator']) retrieved from /Users/harut/opt/anaconda3/lib/python3.9/site-packages/airflow/example_dags/example_bash_operator.py
[2023-01-09T14:36:50.214+0400] {logging_mixin.py:137} INFO - [2023-01-09T14:36:50.214+0400] {dag.py:2676} INFO - Sync 1 DAGs
[2023-01-09T14:36:50.223+0400] {logging_mixin.py:137} INFO - [2023-01-09T14:36:50.223+0400] {dag.py:3423} INFO - Setting next_dagrun for example_bash_operator to 2023-01-08T00:00:00+00:00, run_after=2023-01-09T00:00:00+00:00
[2023-01-09T14:36:50.233+0400] {processor.py:175} INFO - Processing /Users/harut/opt/anaconda3/lib/python3.9/site-packages/airflow/example_dags/example_bash_operator.py took 0.414 seconds
[2023-01-09T14:38:05.979+0400] {processor.py:153} INFO - Started process (PID=13165) to work on /Users/harut/opt/anaconda3/lib/python3.9/site-packages/airflow/example_dags/example_bash_operator.py
[2023-01-09T14:38:05.980+0400] {processor.py:743} INFO - Processing file /Users/harut/opt/anaconda3/lib/python3.9/site-packages/airflow/example_dags/example_bash_operator.py for tasks to queue
[2023-01-09T14:38:05.980+0400] {logging_mixin.py:137} INFO - [2023-01-09T14:38:05.980+0400] {dagbag.py:538} INFO - Filling up the DagBag from /Users/harut/opt/anaconda3/lib/python3.9/site-packages/airflow/example_dags/example_bash_operator.py
[2023-01-09T14:38:06.013+0400] {processor.py:753} INFO - DAG(s) dict_keys(['example_bash_operator']) retrieved from /Users/harut/opt/anaconda3/lib/python3.9/site-packages/airflow/example_dags/example_bash_operator.py
[2023-01-09T14:38:06.380+0400] {logging_mixin.py:137} INFO - [2023-01-09T14:38:06.380+0400] {dag.py:2676} INFO - Sync 1 DAGs
[2023-01-09T14:38:06.390+0400] {logging_mixin.py:137} INFO - [2023-01-09T14:38:06.390+0400] {dag.py:3423} INFO - Setting next_dagrun for example_bash_operator to 2023-01-08T00:00:00+00:00, run_after=2023-01-09T00:00:00+00:00
[2023-01-09T14:38:06.400+0400] {processor.py:175} INFO - Processing /Users/harut/opt/anaconda3/lib/python3.9/site-packages/airflow/example_dags/example_bash_operator.py took 0.422 seconds
[2023-01-09T14:39:23.464+0400] {processor.py:153} INFO - Started process (PID=13206) to work on /Users/harut/opt/anaconda3/lib/python3.9/site-packages/airflow/example_dags/example_bash_operator.py
[2023-01-09T14:39:23.465+0400] {processor.py:743} INFO - Processing file /Users/harut/opt/anaconda3/lib/python3.9/site-packages/airflow/example_dags/example_bash_operator.py for tasks to queue
[2023-01-09T14:39:23.465+0400] {logging_mixin.py:137} INFO - [2023-01-09T14:39:23.465+0400] {dagbag.py:538} INFO - Filling up the DagBag from /Users/harut/opt/anaconda3/lib/python3.9/site-packages/airflow/example_dags/example_bash_operator.py
[2023-01-09T14:39:23.499+0400] {processor.py:753} INFO - DAG(s) dict_keys(['example_bash_operator']) retrieved from /Users/harut/opt/anaconda3/lib/python3.9/site-packages/airflow/example_dags/example_bash_operator.py
[2023-01-09T14:39:23.880+0400] {logging_mixin.py:137} INFO - [2023-01-09T14:39:23.880+0400] {dag.py:2676} INFO - Sync 1 DAGs
[2023-01-09T14:39:23.889+0400] {logging_mixin.py:137} INFO - [2023-01-09T14:39:23.889+0400] {dag.py:3423} INFO - Setting next_dagrun for example_bash_operator to 2023-01-08T00:00:00+00:00, run_after=2023-01-09T00:00:00+00:00
[2023-01-09T14:39:23.899+0400] {processor.py:175} INFO - Processing /Users/harut/opt/anaconda3/lib/python3.9/site-packages/airflow/example_dags/example_bash_operator.py took 0.435 seconds
[2023-01-09T14:40:40.014+0400] {processor.py:153} INFO - Started process (PID=13251) to work on /Users/harut/opt/anaconda3/lib/python3.9/site-packages/airflow/example_dags/example_bash_operator.py
[2023-01-09T14:40:40.015+0400] {processor.py:743} INFO - Processing file /Users/harut/opt/anaconda3/lib/python3.9/site-packages/airflow/example_dags/example_bash_operator.py for tasks to queue
[2023-01-09T14:40:40.015+0400] {logging_mixin.py:137} INFO - [2023-01-09T14:40:40.015+0400] {dagbag.py:538} INFO - Filling up the DagBag from /Users/harut/opt/anaconda3/lib/python3.9/site-packages/airflow/example_dags/example_bash_operator.py
[2023-01-09T14:40:40.049+0400] {processor.py:753} INFO - DAG(s) dict_keys(['example_bash_operator']) retrieved from /Users/harut/opt/anaconda3/lib/python3.9/site-packages/airflow/example_dags/example_bash_operator.py
[2023-01-09T14:40:40.417+0400] {logging_mixin.py:137} INFO - [2023-01-09T14:40:40.417+0400] {dag.py:2676} INFO - Sync 1 DAGs
[2023-01-09T14:40:40.428+0400] {logging_mixin.py:137} INFO - [2023-01-09T14:40:40.427+0400] {dag.py:3423} INFO - Setting next_dagrun for example_bash_operator to 2023-01-08T00:00:00+00:00, run_after=2023-01-09T00:00:00+00:00
[2023-01-09T14:40:40.439+0400] {processor.py:175} INFO - Processing /Users/harut/opt/anaconda3/lib/python3.9/site-packages/airflow/example_dags/example_bash_operator.py took 0.426 seconds
[2023-01-09T14:41:55.850+0400] {processor.py:153} INFO - Started process (PID=13297) to work on /Users/harut/opt/anaconda3/lib/python3.9/site-packages/airflow/example_dags/example_bash_operator.py
[2023-01-09T14:41:55.851+0400] {processor.py:743} INFO - Processing file /Users/harut/opt/anaconda3/lib/python3.9/site-packages/airflow/example_dags/example_bash_operator.py for tasks to queue
[2023-01-09T14:41:55.851+0400] {logging_mixin.py:137} INFO - [2023-01-09T14:41:55.851+0400] {dagbag.py:538} INFO - Filling up the DagBag from /Users/harut/opt/anaconda3/lib/python3.9/site-packages/airflow/example_dags/example_bash_operator.py
[2023-01-09T14:41:55.886+0400] {processor.py:753} INFO - DAG(s) dict_keys(['example_bash_operator']) retrieved from /Users/harut/opt/anaconda3/lib/python3.9/site-packages/airflow/example_dags/example_bash_operator.py
[2023-01-09T14:41:56.278+0400] {logging_mixin.py:137} INFO - [2023-01-09T14:41:56.277+0400] {dag.py:2676} INFO - Sync 1 DAGs
[2023-01-09T14:41:56.288+0400] {logging_mixin.py:137} INFO - [2023-01-09T14:41:56.288+0400] {dag.py:3423} INFO - Setting next_dagrun for example_bash_operator to 2023-01-08T00:00:00+00:00, run_after=2023-01-09T00:00:00+00:00
[2023-01-09T14:41:56.299+0400] {processor.py:175} INFO - Processing /Users/harut/opt/anaconda3/lib/python3.9/site-packages/airflow/example_dags/example_bash_operator.py took 0.449 seconds
[2023-01-09T14:43:12.040+0400] {processor.py:153} INFO - Started process (PID=13342) to work on /Users/harut/opt/anaconda3/lib/python3.9/site-packages/airflow/example_dags/example_bash_operator.py
[2023-01-09T14:43:12.040+0400] {processor.py:743} INFO - Processing file /Users/harut/opt/anaconda3/lib/python3.9/site-packages/airflow/example_dags/example_bash_operator.py for tasks to queue
[2023-01-09T14:43:12.041+0400] {logging_mixin.py:137} INFO - [2023-01-09T14:43:12.041+0400] {dagbag.py:538} INFO - Filling up the DagBag from /Users/harut/opt/anaconda3/lib/python3.9/site-packages/airflow/example_dags/example_bash_operator.py
[2023-01-09T14:43:12.074+0400] {processor.py:753} INFO - DAG(s) dict_keys(['example_bash_operator']) retrieved from /Users/harut/opt/anaconda3/lib/python3.9/site-packages/airflow/example_dags/example_bash_operator.py
[2023-01-09T14:43:12.444+0400] {logging_mixin.py:137} INFO - [2023-01-09T14:43:12.444+0400] {dag.py:2676} INFO - Sync 1 DAGs
[2023-01-09T14:43:12.454+0400] {logging_mixin.py:137} INFO - [2023-01-09T14:43:12.454+0400] {dag.py:3423} INFO - Setting next_dagrun for example_bash_operator to 2023-01-08T00:00:00+00:00, run_after=2023-01-09T00:00:00+00:00
[2023-01-09T14:43:12.464+0400] {processor.py:175} INFO - Processing /Users/harut/opt/anaconda3/lib/python3.9/site-packages/airflow/example_dags/example_bash_operator.py took 0.424 seconds
[2023-01-09T14:44:30.809+0400] {processor.py:153} INFO - Started process (PID=13386) to work on /Users/harut/opt/anaconda3/lib/python3.9/site-packages/airflow/example_dags/example_bash_operator.py
[2023-01-09T14:44:30.810+0400] {processor.py:743} INFO - Processing file /Users/harut/opt/anaconda3/lib/python3.9/site-packages/airflow/example_dags/example_bash_operator.py for tasks to queue
[2023-01-09T14:44:30.810+0400] {logging_mixin.py:137} INFO - [2023-01-09T14:44:30.810+0400] {dagbag.py:538} INFO - Filling up the DagBag from /Users/harut/opt/anaconda3/lib/python3.9/site-packages/airflow/example_dags/example_bash_operator.py
[2023-01-09T14:44:30.843+0400] {processor.py:753} INFO - DAG(s) dict_keys(['example_bash_operator']) retrieved from /Users/harut/opt/anaconda3/lib/python3.9/site-packages/airflow/example_dags/example_bash_operator.py
[2023-01-09T14:44:31.206+0400] {logging_mixin.py:137} INFO - [2023-01-09T14:44:31.206+0400] {dag.py:2676} INFO - Sync 1 DAGs
[2023-01-09T14:44:31.215+0400] {logging_mixin.py:137} INFO - [2023-01-09T14:44:31.215+0400] {dag.py:3423} INFO - Setting next_dagrun for example_bash_operator to 2023-01-08T00:00:00+00:00, run_after=2023-01-09T00:00:00+00:00
[2023-01-09T14:44:31.225+0400] {processor.py:175} INFO - Processing /Users/harut/opt/anaconda3/lib/python3.9/site-packages/airflow/example_dags/example_bash_operator.py took 0.416 seconds
[2023-01-09T14:45:47.529+0400] {processor.py:153} INFO - Started process (PID=13430) to work on /Users/harut/opt/anaconda3/lib/python3.9/site-packages/airflow/example_dags/example_bash_operator.py
[2023-01-09T14:45:47.530+0400] {processor.py:743} INFO - Processing file /Users/harut/opt/anaconda3/lib/python3.9/site-packages/airflow/example_dags/example_bash_operator.py for tasks to queue
[2023-01-09T14:45:47.530+0400] {logging_mixin.py:137} INFO - [2023-01-09T14:45:47.530+0400] {dagbag.py:538} INFO - Filling up the DagBag from /Users/harut/opt/anaconda3/lib/python3.9/site-packages/airflow/example_dags/example_bash_operator.py
[2023-01-09T14:45:47.563+0400] {processor.py:753} INFO - DAG(s) dict_keys(['example_bash_operator']) retrieved from /Users/harut/opt/anaconda3/lib/python3.9/site-packages/airflow/example_dags/example_bash_operator.py
[2023-01-09T14:45:47.927+0400] {logging_mixin.py:137} INFO - [2023-01-09T14:45:47.927+0400] {dag.py:2676} INFO - Sync 1 DAGs
[2023-01-09T14:45:47.936+0400] {logging_mixin.py:137} INFO - [2023-01-09T14:45:47.936+0400] {dag.py:3423} INFO - Setting next_dagrun for example_bash_operator to 2023-01-08T00:00:00+00:00, run_after=2023-01-09T00:00:00+00:00
[2023-01-09T14:45:47.946+0400] {processor.py:175} INFO - Processing /Users/harut/opt/anaconda3/lib/python3.9/site-packages/airflow/example_dags/example_bash_operator.py took 0.417 seconds
[2023-01-09T14:47:08.321+0400] {processor.py:153} INFO - Started process (PID=13484) to work on /Users/harut/opt/anaconda3/lib/python3.9/site-packages/airflow/example_dags/example_bash_operator.py
[2023-01-09T14:47:08.322+0400] {processor.py:743} INFO - Processing file /Users/harut/opt/anaconda3/lib/python3.9/site-packages/airflow/example_dags/example_bash_operator.py for tasks to queue
[2023-01-09T14:47:08.322+0400] {logging_mixin.py:137} INFO - [2023-01-09T14:47:08.322+0400] {dagbag.py:538} INFO - Filling up the DagBag from /Users/harut/opt/anaconda3/lib/python3.9/site-packages/airflow/example_dags/example_bash_operator.py
[2023-01-09T14:47:08.361+0400] {processor.py:753} INFO - DAG(s) dict_keys(['example_bash_operator']) retrieved from /Users/harut/opt/anaconda3/lib/python3.9/site-packages/airflow/example_dags/example_bash_operator.py
[2023-01-09T14:47:08.749+0400] {logging_mixin.py:137} INFO - [2023-01-09T14:47:08.749+0400] {dag.py:2676} INFO - Sync 1 DAGs
[2023-01-09T14:47:08.759+0400] {logging_mixin.py:137} INFO - [2023-01-09T14:47:08.759+0400] {dag.py:3423} INFO - Setting next_dagrun for example_bash_operator to 2023-01-08T00:00:00+00:00, run_after=2023-01-09T00:00:00+00:00
[2023-01-09T14:47:08.769+0400] {processor.py:175} INFO - Processing /Users/harut/opt/anaconda3/lib/python3.9/site-packages/airflow/example_dags/example_bash_operator.py took 0.449 seconds
[2023-01-09T14:48:28.631+0400] {processor.py:153} INFO - Started process (PID=13534) to work on /Users/harut/opt/anaconda3/lib/python3.9/site-packages/airflow/example_dags/example_bash_operator.py
[2023-01-09T14:48:28.631+0400] {processor.py:743} INFO - Processing file /Users/harut/opt/anaconda3/lib/python3.9/site-packages/airflow/example_dags/example_bash_operator.py for tasks to queue
[2023-01-09T14:48:28.631+0400] {logging_mixin.py:137} INFO - [2023-01-09T14:48:28.631+0400] {dagbag.py:538} INFO - Filling up the DagBag from /Users/harut/opt/anaconda3/lib/python3.9/site-packages/airflow/example_dags/example_bash_operator.py
[2023-01-09T14:48:28.668+0400] {processor.py:753} INFO - DAG(s) dict_keys(['example_bash_operator']) retrieved from /Users/harut/opt/anaconda3/lib/python3.9/site-packages/airflow/example_dags/example_bash_operator.py
[2023-01-09T14:48:29.078+0400] {logging_mixin.py:137} INFO - [2023-01-09T14:48:29.078+0400] {dag.py:2676} INFO - Sync 1 DAGs
[2023-01-09T14:48:29.089+0400] {logging_mixin.py:137} INFO - [2023-01-09T14:48:29.088+0400] {dag.py:3423} INFO - Setting next_dagrun for example_bash_operator to 2023-01-08T00:00:00+00:00, run_after=2023-01-09T00:00:00+00:00
[2023-01-09T14:48:29.100+0400] {processor.py:175} INFO - Processing /Users/harut/opt/anaconda3/lib/python3.9/site-packages/airflow/example_dags/example_bash_operator.py took 0.470 seconds
[2023-01-09T14:49:51.137+0400] {processor.py:153} INFO - Started process (PID=13585) to work on /Users/harut/opt/anaconda3/lib/python3.9/site-packages/airflow/example_dags/example_bash_operator.py
[2023-01-09T14:49:51.137+0400] {processor.py:743} INFO - Processing file /Users/harut/opt/anaconda3/lib/python3.9/site-packages/airflow/example_dags/example_bash_operator.py for tasks to queue
[2023-01-09T14:49:51.138+0400] {logging_mixin.py:137} INFO - [2023-01-09T14:49:51.138+0400] {dagbag.py:538} INFO - Filling up the DagBag from /Users/harut/opt/anaconda3/lib/python3.9/site-packages/airflow/example_dags/example_bash_operator.py
[2023-01-09T14:49:51.171+0400] {processor.py:753} INFO - DAG(s) dict_keys(['example_bash_operator']) retrieved from /Users/harut/opt/anaconda3/lib/python3.9/site-packages/airflow/example_dags/example_bash_operator.py
[2023-01-09T14:49:51.551+0400] {logging_mixin.py:137} INFO - [2023-01-09T14:49:51.551+0400] {dag.py:2676} INFO - Sync 1 DAGs
[2023-01-09T14:49:51.561+0400] {logging_mixin.py:137} INFO - [2023-01-09T14:49:51.561+0400] {dag.py:3423} INFO - Setting next_dagrun for example_bash_operator to 2023-01-08T00:00:00+00:00, run_after=2023-01-09T00:00:00+00:00
[2023-01-09T14:49:51.571+0400] {processor.py:175} INFO - Processing /Users/harut/opt/anaconda3/lib/python3.9/site-packages/airflow/example_dags/example_bash_operator.py took 0.435 seconds
[2023-01-09T14:51:11.337+0400] {processor.py:153} INFO - Started process (PID=13630) to work on /Users/harut/opt/anaconda3/lib/python3.9/site-packages/airflow/example_dags/example_bash_operator.py
[2023-01-09T14:51:11.338+0400] {processor.py:743} INFO - Processing file /Users/harut/opt/anaconda3/lib/python3.9/site-packages/airflow/example_dags/example_bash_operator.py for tasks to queue
[2023-01-09T14:51:11.338+0400] {logging_mixin.py:137} INFO - [2023-01-09T14:51:11.338+0400] {dagbag.py:538} INFO - Filling up the DagBag from /Users/harut/opt/anaconda3/lib/python3.9/site-packages/airflow/example_dags/example_bash_operator.py
[2023-01-09T14:51:11.372+0400] {processor.py:753} INFO - DAG(s) dict_keys(['example_bash_operator']) retrieved from /Users/harut/opt/anaconda3/lib/python3.9/site-packages/airflow/example_dags/example_bash_operator.py
[2023-01-09T14:51:11.735+0400] {logging_mixin.py:137} INFO - [2023-01-09T14:51:11.735+0400] {dag.py:2676} INFO - Sync 1 DAGs
[2023-01-09T14:51:11.745+0400] {logging_mixin.py:137} INFO - [2023-01-09T14:51:11.745+0400] {dag.py:3423} INFO - Setting next_dagrun for example_bash_operator to 2023-01-08T00:00:00+00:00, run_after=2023-01-09T00:00:00+00:00
[2023-01-09T14:51:11.754+0400] {processor.py:175} INFO - Processing /Users/harut/opt/anaconda3/lib/python3.9/site-packages/airflow/example_dags/example_bash_operator.py took 0.418 seconds
[2023-01-09T14:52:32.498+0400] {processor.py:153} INFO - Started process (PID=13679) to work on /Users/harut/opt/anaconda3/lib/python3.9/site-packages/airflow/example_dags/example_bash_operator.py
[2023-01-09T14:52:32.499+0400] {processor.py:743} INFO - Processing file /Users/harut/opt/anaconda3/lib/python3.9/site-packages/airflow/example_dags/example_bash_operator.py for tasks to queue
[2023-01-09T14:52:32.499+0400] {logging_mixin.py:137} INFO - [2023-01-09T14:52:32.499+0400] {dagbag.py:538} INFO - Filling up the DagBag from /Users/harut/opt/anaconda3/lib/python3.9/site-packages/airflow/example_dags/example_bash_operator.py
[2023-01-09T14:52:32.532+0400] {processor.py:753} INFO - DAG(s) dict_keys(['example_bash_operator']) retrieved from /Users/harut/opt/anaconda3/lib/python3.9/site-packages/airflow/example_dags/example_bash_operator.py
[2023-01-09T14:52:32.895+0400] {logging_mixin.py:137} INFO - [2023-01-09T14:52:32.894+0400] {dag.py:2676} INFO - Sync 1 DAGs
[2023-01-09T14:52:32.904+0400] {logging_mixin.py:137} INFO - [2023-01-09T14:52:32.904+0400] {dag.py:3423} INFO - Setting next_dagrun for example_bash_operator to 2023-01-08T00:00:00+00:00, run_after=2023-01-09T00:00:00+00:00
[2023-01-09T14:52:32.914+0400] {processor.py:175} INFO - Processing /Users/harut/opt/anaconda3/lib/python3.9/site-packages/airflow/example_dags/example_bash_operator.py took 0.416 seconds
[2023-01-09T14:53:51.551+0400] {processor.py:153} INFO - Started process (PID=13726) to work on /Users/harut/opt/anaconda3/lib/python3.9/site-packages/airflow/example_dags/example_bash_operator.py
[2023-01-09T14:53:51.552+0400] {processor.py:743} INFO - Processing file /Users/harut/opt/anaconda3/lib/python3.9/site-packages/airflow/example_dags/example_bash_operator.py for tasks to queue
[2023-01-09T14:53:51.552+0400] {logging_mixin.py:137} INFO - [2023-01-09T14:53:51.552+0400] {dagbag.py:538} INFO - Filling up the DagBag from /Users/harut/opt/anaconda3/lib/python3.9/site-packages/airflow/example_dags/example_bash_operator.py
[2023-01-09T14:53:51.589+0400] {processor.py:753} INFO - DAG(s) dict_keys(['example_bash_operator']) retrieved from /Users/harut/opt/anaconda3/lib/python3.9/site-packages/airflow/example_dags/example_bash_operator.py
[2023-01-09T14:53:51.985+0400] {logging_mixin.py:137} INFO - [2023-01-09T14:53:51.985+0400] {dag.py:2676} INFO - Sync 1 DAGs
[2023-01-09T14:53:51.995+0400] {logging_mixin.py:137} INFO - [2023-01-09T14:53:51.995+0400] {dag.py:3423} INFO - Setting next_dagrun for example_bash_operator to 2023-01-08T00:00:00+00:00, run_after=2023-01-09T00:00:00+00:00
[2023-01-09T14:53:52.004+0400] {processor.py:175} INFO - Processing /Users/harut/opt/anaconda3/lib/python3.9/site-packages/airflow/example_dags/example_bash_operator.py took 0.454 seconds
[2023-01-09T14:55:14.089+0400] {processor.py:153} INFO - Started process (PID=13770) to work on /Users/harut/opt/anaconda3/lib/python3.9/site-packages/airflow/example_dags/example_bash_operator.py
[2023-01-09T14:55:14.090+0400] {processor.py:743} INFO - Processing file /Users/harut/opt/anaconda3/lib/python3.9/site-packages/airflow/example_dags/example_bash_operator.py for tasks to queue
[2023-01-09T14:55:14.091+0400] {logging_mixin.py:137} INFO - [2023-01-09T14:55:14.091+0400] {dagbag.py:538} INFO - Filling up the DagBag from /Users/harut/opt/anaconda3/lib/python3.9/site-packages/airflow/example_dags/example_bash_operator.py
[2023-01-09T14:55:14.126+0400] {processor.py:753} INFO - DAG(s) dict_keys(['example_bash_operator']) retrieved from /Users/harut/opt/anaconda3/lib/python3.9/site-packages/airflow/example_dags/example_bash_operator.py
[2023-01-09T14:55:14.515+0400] {logging_mixin.py:137} INFO - [2023-01-09T14:55:14.515+0400] {dag.py:2676} INFO - Sync 1 DAGs
[2023-01-09T14:55:14.525+0400] {logging_mixin.py:137} INFO - [2023-01-09T14:55:14.525+0400] {dag.py:3423} INFO - Setting next_dagrun for example_bash_operator to 2023-01-08T00:00:00+00:00, run_after=2023-01-09T00:00:00+00:00
[2023-01-09T14:55:14.535+0400] {processor.py:175} INFO - Processing /Users/harut/opt/anaconda3/lib/python3.9/site-packages/airflow/example_dags/example_bash_operator.py took 0.446 seconds
[2023-01-09T14:56:35.540+0400] {processor.py:153} INFO - Started process (PID=13816) to work on /Users/harut/opt/anaconda3/lib/python3.9/site-packages/airflow/example_dags/example_bash_operator.py
[2023-01-09T14:56:35.540+0400] {processor.py:743} INFO - Processing file /Users/harut/opt/anaconda3/lib/python3.9/site-packages/airflow/example_dags/example_bash_operator.py for tasks to queue
[2023-01-09T14:56:35.541+0400] {logging_mixin.py:137} INFO - [2023-01-09T14:56:35.540+0400] {dagbag.py:538} INFO - Filling up the DagBag from /Users/harut/opt/anaconda3/lib/python3.9/site-packages/airflow/example_dags/example_bash_operator.py
[2023-01-09T14:56:35.576+0400] {processor.py:753} INFO - DAG(s) dict_keys(['example_bash_operator']) retrieved from /Users/harut/opt/anaconda3/lib/python3.9/site-packages/airflow/example_dags/example_bash_operator.py
[2023-01-09T14:56:35.963+0400] {logging_mixin.py:137} INFO - [2023-01-09T14:56:35.963+0400] {dag.py:2676} INFO - Sync 1 DAGs
[2023-01-09T14:56:35.973+0400] {logging_mixin.py:137} INFO - [2023-01-09T14:56:35.973+0400] {dag.py:3423} INFO - Setting next_dagrun for example_bash_operator to 2023-01-08T00:00:00+00:00, run_after=2023-01-09T00:00:00+00:00
[2023-01-09T14:56:35.983+0400] {processor.py:175} INFO - Processing /Users/harut/opt/anaconda3/lib/python3.9/site-packages/airflow/example_dags/example_bash_operator.py took 0.444 seconds
[2023-01-09T14:57:57.215+0400] {processor.py:153} INFO - Started process (PID=13858) to work on /Users/harut/opt/anaconda3/lib/python3.9/site-packages/airflow/example_dags/example_bash_operator.py
[2023-01-09T14:57:57.216+0400] {processor.py:743} INFO - Processing file /Users/harut/opt/anaconda3/lib/python3.9/site-packages/airflow/example_dags/example_bash_operator.py for tasks to queue
[2023-01-09T14:57:57.216+0400] {logging_mixin.py:137} INFO - [2023-01-09T14:57:57.216+0400] {dagbag.py:538} INFO - Filling up the DagBag from /Users/harut/opt/anaconda3/lib/python3.9/site-packages/airflow/example_dags/example_bash_operator.py
[2023-01-09T14:57:57.249+0400] {processor.py:753} INFO - DAG(s) dict_keys(['example_bash_operator']) retrieved from /Users/harut/opt/anaconda3/lib/python3.9/site-packages/airflow/example_dags/example_bash_operator.py
[2023-01-09T14:57:57.611+0400] {logging_mixin.py:137} INFO - [2023-01-09T14:57:57.611+0400] {dag.py:2676} INFO - Sync 1 DAGs
[2023-01-09T14:57:57.621+0400] {logging_mixin.py:137} INFO - [2023-01-09T14:57:57.621+0400] {dag.py:3423} INFO - Setting next_dagrun for example_bash_operator to 2023-01-08T00:00:00+00:00, run_after=2023-01-09T00:00:00+00:00
[2023-01-09T14:57:57.631+0400] {processor.py:175} INFO - Processing /Users/harut/opt/anaconda3/lib/python3.9/site-packages/airflow/example_dags/example_bash_operator.py took 0.416 seconds
[2023-01-09T14:59:18.445+0400] {processor.py:153} INFO - Started process (PID=13904) to work on /Users/harut/opt/anaconda3/lib/python3.9/site-packages/airflow/example_dags/example_bash_operator.py
[2023-01-09T14:59:18.446+0400] {processor.py:743} INFO - Processing file /Users/harut/opt/anaconda3/lib/python3.9/site-packages/airflow/example_dags/example_bash_operator.py for tasks to queue
[2023-01-09T14:59:18.446+0400] {logging_mixin.py:137} INFO - [2023-01-09T14:59:18.446+0400] {dagbag.py:538} INFO - Filling up the DagBag from /Users/harut/opt/anaconda3/lib/python3.9/site-packages/airflow/example_dags/example_bash_operator.py
[2023-01-09T14:59:18.480+0400] {processor.py:753} INFO - DAG(s) dict_keys(['example_bash_operator']) retrieved from /Users/harut/opt/anaconda3/lib/python3.9/site-packages/airflow/example_dags/example_bash_operator.py
[2023-01-09T14:59:18.847+0400] {logging_mixin.py:137} INFO - [2023-01-09T14:59:18.847+0400] {dag.py:2676} INFO - Sync 1 DAGs
[2023-01-09T14:59:18.857+0400] {logging_mixin.py:137} INFO - [2023-01-09T14:59:18.857+0400] {dag.py:3423} INFO - Setting next_dagrun for example_bash_operator to 2023-01-08T00:00:00+00:00, run_after=2023-01-09T00:00:00+00:00
[2023-01-09T14:59:18.866+0400] {processor.py:175} INFO - Processing /Users/harut/opt/anaconda3/lib/python3.9/site-packages/airflow/example_dags/example_bash_operator.py took 0.421 seconds
[2023-01-09T15:00:39.018+0400] {processor.py:153} INFO - Started process (PID=13946) to work on /Users/harut/opt/anaconda3/lib/python3.9/site-packages/airflow/example_dags/example_bash_operator.py
[2023-01-09T15:00:39.018+0400] {processor.py:743} INFO - Processing file /Users/harut/opt/anaconda3/lib/python3.9/site-packages/airflow/example_dags/example_bash_operator.py for tasks to queue
[2023-01-09T15:00:39.018+0400] {logging_mixin.py:137} INFO - [2023-01-09T15:00:39.018+0400] {dagbag.py:538} INFO - Filling up the DagBag from /Users/harut/opt/anaconda3/lib/python3.9/site-packages/airflow/example_dags/example_bash_operator.py
[2023-01-09T15:00:39.052+0400] {processor.py:753} INFO - DAG(s) dict_keys(['example_bash_operator']) retrieved from /Users/harut/opt/anaconda3/lib/python3.9/site-packages/airflow/example_dags/example_bash_operator.py
[2023-01-09T15:00:39.418+0400] {logging_mixin.py:137} INFO - [2023-01-09T15:00:39.418+0400] {dag.py:2676} INFO - Sync 1 DAGs
[2023-01-09T15:00:39.428+0400] {logging_mixin.py:137} INFO - [2023-01-09T15:00:39.428+0400] {dag.py:3423} INFO - Setting next_dagrun for example_bash_operator to 2023-01-08T00:00:00+00:00, run_after=2023-01-09T00:00:00+00:00
[2023-01-09T15:00:39.438+0400] {processor.py:175} INFO - Processing /Users/harut/opt/anaconda3/lib/python3.9/site-packages/airflow/example_dags/example_bash_operator.py took 0.421 seconds
[2023-01-09T15:02:01.202+0400] {processor.py:153} INFO - Started process (PID=13993) to work on /Users/harut/opt/anaconda3/lib/python3.9/site-packages/airflow/example_dags/example_bash_operator.py
[2023-01-09T15:02:01.203+0400] {processor.py:743} INFO - Processing file /Users/harut/opt/anaconda3/lib/python3.9/site-packages/airflow/example_dags/example_bash_operator.py for tasks to queue
[2023-01-09T15:02:01.203+0400] {logging_mixin.py:137} INFO - [2023-01-09T15:02:01.203+0400] {dagbag.py:538} INFO - Filling up the DagBag from /Users/harut/opt/anaconda3/lib/python3.9/site-packages/airflow/example_dags/example_bash_operator.py
[2023-01-09T15:02:01.236+0400] {processor.py:753} INFO - DAG(s) dict_keys(['example_bash_operator']) retrieved from /Users/harut/opt/anaconda3/lib/python3.9/site-packages/airflow/example_dags/example_bash_operator.py
[2023-01-09T15:02:01.605+0400] {logging_mixin.py:137} INFO - [2023-01-09T15:02:01.605+0400] {dag.py:2676} INFO - Sync 1 DAGs
[2023-01-09T15:02:01.615+0400] {logging_mixin.py:137} INFO - [2023-01-09T15:02:01.615+0400] {dag.py:3423} INFO - Setting next_dagrun for example_bash_operator to 2023-01-08T00:00:00+00:00, run_after=2023-01-09T00:00:00+00:00
[2023-01-09T15:02:01.625+0400] {processor.py:175} INFO - Processing /Users/harut/opt/anaconda3/lib/python3.9/site-packages/airflow/example_dags/example_bash_operator.py took 0.423 seconds
[2023-01-09T15:03:21.419+0400] {processor.py:153} INFO - Started process (PID=14043) to work on /Users/harut/opt/anaconda3/lib/python3.9/site-packages/airflow/example_dags/example_bash_operator.py
[2023-01-09T15:03:21.420+0400] {processor.py:743} INFO - Processing file /Users/harut/opt/anaconda3/lib/python3.9/site-packages/airflow/example_dags/example_bash_operator.py for tasks to queue
[2023-01-09T15:03:21.420+0400] {logging_mixin.py:137} INFO - [2023-01-09T15:03:21.420+0400] {dagbag.py:538} INFO - Filling up the DagBag from /Users/harut/opt/anaconda3/lib/python3.9/site-packages/airflow/example_dags/example_bash_operator.py
[2023-01-09T15:03:21.458+0400] {processor.py:753} INFO - DAG(s) dict_keys(['example_bash_operator']) retrieved from /Users/harut/opt/anaconda3/lib/python3.9/site-packages/airflow/example_dags/example_bash_operator.py
[2023-01-09T15:03:21.854+0400] {logging_mixin.py:137} INFO - [2023-01-09T15:03:21.854+0400] {dag.py:2676} INFO - Sync 1 DAGs
[2023-01-09T15:03:21.865+0400] {logging_mixin.py:137} INFO - [2023-01-09T15:03:21.865+0400] {dag.py:3423} INFO - Setting next_dagrun for example_bash_operator to 2023-01-08T00:00:00+00:00, run_after=2023-01-09T00:00:00+00:00
[2023-01-09T15:03:21.876+0400] {processor.py:175} INFO - Processing /Users/harut/opt/anaconda3/lib/python3.9/site-packages/airflow/example_dags/example_bash_operator.py took 0.457 seconds
[2023-01-09T15:04:40.774+0400] {processor.py:153} INFO - Started process (PID=14085) to work on /Users/harut/opt/anaconda3/lib/python3.9/site-packages/airflow/example_dags/example_bash_operator.py
[2023-01-09T15:04:40.775+0400] {processor.py:743} INFO - Processing file /Users/harut/opt/anaconda3/lib/python3.9/site-packages/airflow/example_dags/example_bash_operator.py for tasks to queue
[2023-01-09T15:04:40.775+0400] {logging_mixin.py:137} INFO - [2023-01-09T15:04:40.775+0400] {dagbag.py:538} INFO - Filling up the DagBag from /Users/harut/opt/anaconda3/lib/python3.9/site-packages/airflow/example_dags/example_bash_operator.py
[2023-01-09T15:04:40.807+0400] {processor.py:753} INFO - DAG(s) dict_keys(['example_bash_operator']) retrieved from /Users/harut/opt/anaconda3/lib/python3.9/site-packages/airflow/example_dags/example_bash_operator.py
[2023-01-09T15:04:41.169+0400] {logging_mixin.py:137} INFO - [2023-01-09T15:04:41.169+0400] {dag.py:2676} INFO - Sync 1 DAGs
[2023-01-09T15:04:41.179+0400] {logging_mixin.py:137} INFO - [2023-01-09T15:04:41.178+0400] {dag.py:3423} INFO - Setting next_dagrun for example_bash_operator to 2023-01-08T00:00:00+00:00, run_after=2023-01-09T00:00:00+00:00
[2023-01-09T15:04:41.189+0400] {processor.py:175} INFO - Processing /Users/harut/opt/anaconda3/lib/python3.9/site-packages/airflow/example_dags/example_bash_operator.py took 0.415 seconds
[2023-01-09T15:06:02.526+0400] {processor.py:153} INFO - Started process (PID=14132) to work on /Users/harut/opt/anaconda3/lib/python3.9/site-packages/airflow/example_dags/example_bash_operator.py
[2023-01-09T15:06:02.527+0400] {processor.py:743} INFO - Processing file /Users/harut/opt/anaconda3/lib/python3.9/site-packages/airflow/example_dags/example_bash_operator.py for tasks to queue
[2023-01-09T15:06:02.527+0400] {logging_mixin.py:137} INFO - [2023-01-09T15:06:02.527+0400] {dagbag.py:538} INFO - Filling up the DagBag from /Users/harut/opt/anaconda3/lib/python3.9/site-packages/airflow/example_dags/example_bash_operator.py
[2023-01-09T15:06:02.561+0400] {processor.py:753} INFO - DAG(s) dict_keys(['example_bash_operator']) retrieved from /Users/harut/opt/anaconda3/lib/python3.9/site-packages/airflow/example_dags/example_bash_operator.py
[2023-01-09T15:06:02.923+0400] {logging_mixin.py:137} INFO - [2023-01-09T15:06:02.923+0400] {dag.py:2676} INFO - Sync 1 DAGs
[2023-01-09T15:06:02.933+0400] {logging_mixin.py:137} INFO - [2023-01-09T15:06:02.933+0400] {dag.py:3423} INFO - Setting next_dagrun for example_bash_operator to 2023-01-08T00:00:00+00:00, run_after=2023-01-09T00:00:00+00:00
[2023-01-09T15:06:02.943+0400] {processor.py:175} INFO - Processing /Users/harut/opt/anaconda3/lib/python3.9/site-packages/airflow/example_dags/example_bash_operator.py took 0.417 seconds
[2023-01-09T15:07:21.190+0400] {processor.py:153} INFO - Started process (PID=14173) to work on /Users/harut/opt/anaconda3/lib/python3.9/site-packages/airflow/example_dags/example_bash_operator.py
[2023-01-09T15:07:21.191+0400] {processor.py:743} INFO - Processing file /Users/harut/opt/anaconda3/lib/python3.9/site-packages/airflow/example_dags/example_bash_operator.py for tasks to queue
[2023-01-09T15:07:21.191+0400] {logging_mixin.py:137} INFO - [2023-01-09T15:07:21.191+0400] {dagbag.py:538} INFO - Filling up the DagBag from /Users/harut/opt/anaconda3/lib/python3.9/site-packages/airflow/example_dags/example_bash_operator.py
[2023-01-09T15:07:21.224+0400] {processor.py:753} INFO - DAG(s) dict_keys(['example_bash_operator']) retrieved from /Users/harut/opt/anaconda3/lib/python3.9/site-packages/airflow/example_dags/example_bash_operator.py
[2023-01-09T15:07:21.587+0400] {logging_mixin.py:137} INFO - [2023-01-09T15:07:21.586+0400] {dag.py:2676} INFO - Sync 1 DAGs
[2023-01-09T15:07:21.596+0400] {logging_mixin.py:137} INFO - [2023-01-09T15:07:21.596+0400] {dag.py:3423} INFO - Setting next_dagrun for example_bash_operator to 2023-01-08T00:00:00+00:00, run_after=2023-01-09T00:00:00+00:00
[2023-01-09T15:07:21.606+0400] {processor.py:175} INFO - Processing /Users/harut/opt/anaconda3/lib/python3.9/site-packages/airflow/example_dags/example_bash_operator.py took 0.416 seconds
[2023-01-09T15:08:41.070+0400] {processor.py:153} INFO - Started process (PID=14217) to work on /Users/harut/opt/anaconda3/lib/python3.9/site-packages/airflow/example_dags/example_bash_operator.py
[2023-01-09T15:08:41.071+0400] {processor.py:743} INFO - Processing file /Users/harut/opt/anaconda3/lib/python3.9/site-packages/airflow/example_dags/example_bash_operator.py for tasks to queue
[2023-01-09T15:08:41.071+0400] {logging_mixin.py:137} INFO - [2023-01-09T15:08:41.071+0400] {dagbag.py:538} INFO - Filling up the DagBag from /Users/harut/opt/anaconda3/lib/python3.9/site-packages/airflow/example_dags/example_bash_operator.py
[2023-01-09T15:08:41.104+0400] {processor.py:753} INFO - DAG(s) dict_keys(['example_bash_operator']) retrieved from /Users/harut/opt/anaconda3/lib/python3.9/site-packages/airflow/example_dags/example_bash_operator.py
[2023-01-09T15:08:41.474+0400] {logging_mixin.py:137} INFO - [2023-01-09T15:08:41.474+0400] {dag.py:2676} INFO - Sync 1 DAGs
[2023-01-09T15:08:41.484+0400] {logging_mixin.py:137} INFO - [2023-01-09T15:08:41.484+0400] {dag.py:3423} INFO - Setting next_dagrun for example_bash_operator to 2023-01-08T00:00:00+00:00, run_after=2023-01-09T00:00:00+00:00
[2023-01-09T15:08:41.494+0400] {processor.py:175} INFO - Processing /Users/harut/opt/anaconda3/lib/python3.9/site-packages/airflow/example_dags/example_bash_operator.py took 0.424 seconds
[2023-01-09T15:10:02.006+0400] {processor.py:153} INFO - Started process (PID=14263) to work on /Users/harut/opt/anaconda3/lib/python3.9/site-packages/airflow/example_dags/example_bash_operator.py
[2023-01-09T15:10:02.007+0400] {processor.py:743} INFO - Processing file /Users/harut/opt/anaconda3/lib/python3.9/site-packages/airflow/example_dags/example_bash_operator.py for tasks to queue
[2023-01-09T15:10:02.007+0400] {logging_mixin.py:137} INFO - [2023-01-09T15:10:02.007+0400] {dagbag.py:538} INFO - Filling up the DagBag from /Users/harut/opt/anaconda3/lib/python3.9/site-packages/airflow/example_dags/example_bash_operator.py
[2023-01-09T15:10:02.044+0400] {processor.py:753} INFO - DAG(s) dict_keys(['example_bash_operator']) retrieved from /Users/harut/opt/anaconda3/lib/python3.9/site-packages/airflow/example_dags/example_bash_operator.py
[2023-01-09T15:10:02.427+0400] {logging_mixin.py:137} INFO - [2023-01-09T15:10:02.427+0400] {dag.py:2676} INFO - Sync 1 DAGs
[2023-01-09T15:10:02.436+0400] {logging_mixin.py:137} INFO - [2023-01-09T15:10:02.436+0400] {dag.py:3423} INFO - Setting next_dagrun for example_bash_operator to 2023-01-08T00:00:00+00:00, run_after=2023-01-09T00:00:00+00:00
[2023-01-09T15:10:02.446+0400] {processor.py:175} INFO - Processing /Users/harut/opt/anaconda3/lib/python3.9/site-packages/airflow/example_dags/example_bash_operator.py took 0.440 seconds
[2023-01-09T15:11:21.977+0400] {processor.py:153} INFO - Started process (PID=14308) to work on /Users/harut/opt/anaconda3/lib/python3.9/site-packages/airflow/example_dags/example_bash_operator.py
[2023-01-09T15:11:21.978+0400] {processor.py:743} INFO - Processing file /Users/harut/opt/anaconda3/lib/python3.9/site-packages/airflow/example_dags/example_bash_operator.py for tasks to queue
[2023-01-09T15:11:21.978+0400] {logging_mixin.py:137} INFO - [2023-01-09T15:11:21.978+0400] {dagbag.py:538} INFO - Filling up the DagBag from /Users/harut/opt/anaconda3/lib/python3.9/site-packages/airflow/example_dags/example_bash_operator.py
[2023-01-09T15:11:22.015+0400] {processor.py:753} INFO - DAG(s) dict_keys(['example_bash_operator']) retrieved from /Users/harut/opt/anaconda3/lib/python3.9/site-packages/airflow/example_dags/example_bash_operator.py
[2023-01-09T15:11:22.408+0400] {logging_mixin.py:137} INFO - [2023-01-09T15:11:22.408+0400] {dag.py:2676} INFO - Sync 1 DAGs
[2023-01-09T15:11:22.418+0400] {logging_mixin.py:137} INFO - [2023-01-09T15:11:22.418+0400] {dag.py:3423} INFO - Setting next_dagrun for example_bash_operator to 2023-01-08T00:00:00+00:00, run_after=2023-01-09T00:00:00+00:00
[2023-01-09T15:11:22.430+0400] {processor.py:175} INFO - Processing /Users/harut/opt/anaconda3/lib/python3.9/site-packages/airflow/example_dags/example_bash_operator.py took 0.452 seconds
[2023-01-09T15:12:44.732+0400] {processor.py:153} INFO - Started process (PID=14362) to work on /Users/harut/opt/anaconda3/lib/python3.9/site-packages/airflow/example_dags/example_bash_operator.py
[2023-01-09T15:12:44.732+0400] {processor.py:743} INFO - Processing file /Users/harut/opt/anaconda3/lib/python3.9/site-packages/airflow/example_dags/example_bash_operator.py for tasks to queue
[2023-01-09T15:12:44.733+0400] {logging_mixin.py:137} INFO - [2023-01-09T15:12:44.733+0400] {dagbag.py:538} INFO - Filling up the DagBag from /Users/harut/opt/anaconda3/lib/python3.9/site-packages/airflow/example_dags/example_bash_operator.py
[2023-01-09T15:12:44.769+0400] {processor.py:753} INFO - DAG(s) dict_keys(['example_bash_operator']) retrieved from /Users/harut/opt/anaconda3/lib/python3.9/site-packages/airflow/example_dags/example_bash_operator.py
[2023-01-09T15:12:45.180+0400] {logging_mixin.py:137} INFO - [2023-01-09T15:12:45.180+0400] {dag.py:2676} INFO - Sync 1 DAGs
[2023-01-09T15:12:45.191+0400] {logging_mixin.py:137} INFO - [2023-01-09T15:12:45.191+0400] {dag.py:3423} INFO - Setting next_dagrun for example_bash_operator to 2023-01-08T00:00:00+00:00, run_after=2023-01-09T00:00:00+00:00
[2023-01-09T15:12:45.203+0400] {processor.py:175} INFO - Processing /Users/harut/opt/anaconda3/lib/python3.9/site-packages/airflow/example_dags/example_bash_operator.py took 0.471 seconds
[2023-01-09T15:14:07.588+0400] {processor.py:153} INFO - Started process (PID=14416) to work on /Users/harut/opt/anaconda3/lib/python3.9/site-packages/airflow/example_dags/example_bash_operator.py
[2023-01-09T15:14:07.589+0400] {processor.py:743} INFO - Processing file /Users/harut/opt/anaconda3/lib/python3.9/site-packages/airflow/example_dags/example_bash_operator.py for tasks to queue
[2023-01-09T15:14:07.589+0400] {logging_mixin.py:137} INFO - [2023-01-09T15:14:07.589+0400] {dagbag.py:538} INFO - Filling up the DagBag from /Users/harut/opt/anaconda3/lib/python3.9/site-packages/airflow/example_dags/example_bash_operator.py
[2023-01-09T15:14:07.626+0400] {processor.py:753} INFO - DAG(s) dict_keys(['example_bash_operator']) retrieved from /Users/harut/opt/anaconda3/lib/python3.9/site-packages/airflow/example_dags/example_bash_operator.py
[2023-01-09T15:14:08.034+0400] {logging_mixin.py:137} INFO - [2023-01-09T15:14:08.034+0400] {dag.py:2676} INFO - Sync 1 DAGs
[2023-01-09T15:14:08.044+0400] {logging_mixin.py:137} INFO - [2023-01-09T15:14:08.043+0400] {dag.py:3423} INFO - Setting next_dagrun for example_bash_operator to 2023-01-08T00:00:00+00:00, run_after=2023-01-09T00:00:00+00:00
[2023-01-09T15:14:08.054+0400] {processor.py:175} INFO - Processing /Users/harut/opt/anaconda3/lib/python3.9/site-packages/airflow/example_dags/example_bash_operator.py took 0.466 seconds
[2023-01-09T15:15:32.128+0400] {processor.py:153} INFO - Started process (PID=14482) to work on /Users/harut/opt/anaconda3/lib/python3.9/site-packages/airflow/example_dags/example_bash_operator.py
[2023-01-09T15:15:32.129+0400] {processor.py:743} INFO - Processing file /Users/harut/opt/anaconda3/lib/python3.9/site-packages/airflow/example_dags/example_bash_operator.py for tasks to queue
[2023-01-09T15:15:32.129+0400] {logging_mixin.py:137} INFO - [2023-01-09T15:15:32.129+0400] {dagbag.py:538} INFO - Filling up the DagBag from /Users/harut/opt/anaconda3/lib/python3.9/site-packages/airflow/example_dags/example_bash_operator.py
[2023-01-09T15:15:32.163+0400] {processor.py:753} INFO - DAG(s) dict_keys(['example_bash_operator']) retrieved from /Users/harut/opt/anaconda3/lib/python3.9/site-packages/airflow/example_dags/example_bash_operator.py
[2023-01-09T15:15:32.550+0400] {logging_mixin.py:137} INFO - [2023-01-09T15:15:32.550+0400] {dag.py:2676} INFO - Sync 1 DAGs
[2023-01-09T15:15:32.560+0400] {logging_mixin.py:137} INFO - [2023-01-09T15:15:32.560+0400] {dag.py:3423} INFO - Setting next_dagrun for example_bash_operator to 2023-01-08T00:00:00+00:00, run_after=2023-01-09T00:00:00+00:00
[2023-01-09T15:15:32.570+0400] {processor.py:175} INFO - Processing /Users/harut/opt/anaconda3/lib/python3.9/site-packages/airflow/example_dags/example_bash_operator.py took 0.442 seconds
[2023-01-09T15:16:54.866+0400] {processor.py:153} INFO - Started process (PID=14526) to work on /Users/harut/opt/anaconda3/lib/python3.9/site-packages/airflow/example_dags/example_bash_operator.py
[2023-01-09T15:16:54.867+0400] {processor.py:743} INFO - Processing file /Users/harut/opt/anaconda3/lib/python3.9/site-packages/airflow/example_dags/example_bash_operator.py for tasks to queue
[2023-01-09T15:16:54.867+0400] {logging_mixin.py:137} INFO - [2023-01-09T15:16:54.867+0400] {dagbag.py:538} INFO - Filling up the DagBag from /Users/harut/opt/anaconda3/lib/python3.9/site-packages/airflow/example_dags/example_bash_operator.py
[2023-01-09T15:16:54.904+0400] {processor.py:753} INFO - DAG(s) dict_keys(['example_bash_operator']) retrieved from /Users/harut/opt/anaconda3/lib/python3.9/site-packages/airflow/example_dags/example_bash_operator.py
[2023-01-09T15:16:55.318+0400] {logging_mixin.py:137} INFO - [2023-01-09T15:16:55.317+0400] {dag.py:2676} INFO - Sync 1 DAGs
[2023-01-09T15:16:55.329+0400] {logging_mixin.py:137} INFO - [2023-01-09T15:16:55.329+0400] {dag.py:3423} INFO - Setting next_dagrun for example_bash_operator to 2023-01-08T00:00:00+00:00, run_after=2023-01-09T00:00:00+00:00
[2023-01-09T15:16:55.341+0400] {processor.py:175} INFO - Processing /Users/harut/opt/anaconda3/lib/python3.9/site-packages/airflow/example_dags/example_bash_operator.py took 0.475 seconds
[2023-01-09T15:18:17.707+0400] {processor.py:153} INFO - Started process (PID=14572) to work on /Users/harut/opt/anaconda3/lib/python3.9/site-packages/airflow/example_dags/example_bash_operator.py
[2023-01-09T15:18:17.707+0400] {processor.py:743} INFO - Processing file /Users/harut/opt/anaconda3/lib/python3.9/site-packages/airflow/example_dags/example_bash_operator.py for tasks to queue
[2023-01-09T15:18:17.708+0400] {logging_mixin.py:137} INFO - [2023-01-09T15:18:17.708+0400] {dagbag.py:538} INFO - Filling up the DagBag from /Users/harut/opt/anaconda3/lib/python3.9/site-packages/airflow/example_dags/example_bash_operator.py
[2023-01-09T15:18:17.745+0400] {processor.py:753} INFO - DAG(s) dict_keys(['example_bash_operator']) retrieved from /Users/harut/opt/anaconda3/lib/python3.9/site-packages/airflow/example_dags/example_bash_operator.py
[2023-01-09T15:18:18.165+0400] {logging_mixin.py:137} INFO - [2023-01-09T15:18:18.164+0400] {dag.py:2676} INFO - Sync 1 DAGs
[2023-01-09T15:18:18.175+0400] {logging_mixin.py:137} INFO - [2023-01-09T15:18:18.175+0400] {dag.py:3423} INFO - Setting next_dagrun for example_bash_operator to 2023-01-08T00:00:00+00:00, run_after=2023-01-09T00:00:00+00:00
[2023-01-09T15:18:18.187+0400] {processor.py:175} INFO - Processing /Users/harut/opt/anaconda3/lib/python3.9/site-packages/airflow/example_dags/example_bash_operator.py took 0.481 seconds
[2023-01-09T15:19:41.301+0400] {processor.py:153} INFO - Started process (PID=14624) to work on /Users/harut/opt/anaconda3/lib/python3.9/site-packages/airflow/example_dags/example_bash_operator.py
[2023-01-09T15:19:41.301+0400] {processor.py:743} INFO - Processing file /Users/harut/opt/anaconda3/lib/python3.9/site-packages/airflow/example_dags/example_bash_operator.py for tasks to queue
[2023-01-09T15:19:41.302+0400] {logging_mixin.py:137} INFO - [2023-01-09T15:19:41.302+0400] {dagbag.py:538} INFO - Filling up the DagBag from /Users/harut/opt/anaconda3/lib/python3.9/site-packages/airflow/example_dags/example_bash_operator.py
[2023-01-09T15:19:41.336+0400] {processor.py:753} INFO - DAG(s) dict_keys(['example_bash_operator']) retrieved from /Users/harut/opt/anaconda3/lib/python3.9/site-packages/airflow/example_dags/example_bash_operator.py
[2023-01-09T15:19:41.732+0400] {logging_mixin.py:137} INFO - [2023-01-09T15:19:41.732+0400] {dag.py:2676} INFO - Sync 1 DAGs
[2023-01-09T15:19:41.744+0400] {logging_mixin.py:137} INFO - [2023-01-09T15:19:41.744+0400] {dag.py:3423} INFO - Setting next_dagrun for example_bash_operator to 2023-01-08T00:00:00+00:00, run_after=2023-01-09T00:00:00+00:00
[2023-01-09T15:19:41.755+0400] {processor.py:175} INFO - Processing /Users/harut/opt/anaconda3/lib/python3.9/site-packages/airflow/example_dags/example_bash_operator.py took 0.455 seconds
[2023-01-09T15:21:04.673+0400] {processor.py:153} INFO - Started process (PID=14667) to work on /Users/harut/opt/anaconda3/lib/python3.9/site-packages/airflow/example_dags/example_bash_operator.py
[2023-01-09T15:21:04.674+0400] {processor.py:743} INFO - Processing file /Users/harut/opt/anaconda3/lib/python3.9/site-packages/airflow/example_dags/example_bash_operator.py for tasks to queue
[2023-01-09T15:21:04.674+0400] {logging_mixin.py:137} INFO - [2023-01-09T15:21:04.674+0400] {dagbag.py:538} INFO - Filling up the DagBag from /Users/harut/opt/anaconda3/lib/python3.9/site-packages/airflow/example_dags/example_bash_operator.py
[2023-01-09T15:21:04.709+0400] {processor.py:753} INFO - DAG(s) dict_keys(['example_bash_operator']) retrieved from /Users/harut/opt/anaconda3/lib/python3.9/site-packages/airflow/example_dags/example_bash_operator.py
[2023-01-09T15:21:05.087+0400] {logging_mixin.py:137} INFO - [2023-01-09T15:21:05.087+0400] {dag.py:2676} INFO - Sync 1 DAGs
[2023-01-09T15:21:05.097+0400] {logging_mixin.py:137} INFO - [2023-01-09T15:21:05.097+0400] {dag.py:3423} INFO - Setting next_dagrun for example_bash_operator to 2023-01-08T00:00:00+00:00, run_after=2023-01-09T00:00:00+00:00
[2023-01-09T15:21:05.108+0400] {processor.py:175} INFO - Processing /Users/harut/opt/anaconda3/lib/python3.9/site-packages/airflow/example_dags/example_bash_operator.py took 0.435 seconds
[2023-01-09T15:22:28.487+0400] {processor.py:153} INFO - Started process (PID=14727) to work on /Users/harut/opt/anaconda3/lib/python3.9/site-packages/airflow/example_dags/example_bash_operator.py
[2023-01-09T15:22:28.488+0400] {processor.py:743} INFO - Processing file /Users/harut/opt/anaconda3/lib/python3.9/site-packages/airflow/example_dags/example_bash_operator.py for tasks to queue
[2023-01-09T15:22:28.488+0400] {logging_mixin.py:137} INFO - [2023-01-09T15:22:28.488+0400] {dagbag.py:538} INFO - Filling up the DagBag from /Users/harut/opt/anaconda3/lib/python3.9/site-packages/airflow/example_dags/example_bash_operator.py
[2023-01-09T15:22:28.522+0400] {processor.py:753} INFO - DAG(s) dict_keys(['example_bash_operator']) retrieved from /Users/harut/opt/anaconda3/lib/python3.9/site-packages/airflow/example_dags/example_bash_operator.py
[2023-01-09T15:22:28.915+0400] {logging_mixin.py:137} INFO - [2023-01-09T15:22:28.915+0400] {dag.py:2676} INFO - Sync 1 DAGs
[2023-01-09T15:22:28.925+0400] {logging_mixin.py:137} INFO - [2023-01-09T15:22:28.925+0400] {dag.py:3423} INFO - Setting next_dagrun for example_bash_operator to 2023-01-08T00:00:00+00:00, run_after=2023-01-09T00:00:00+00:00
[2023-01-09T15:22:28.935+0400] {processor.py:175} INFO - Processing /Users/harut/opt/anaconda3/lib/python3.9/site-packages/airflow/example_dags/example_bash_operator.py took 0.448 seconds
[2023-01-09T15:23:52.023+0400] {processor.py:153} INFO - Started process (PID=14770) to work on /Users/harut/opt/anaconda3/lib/python3.9/site-packages/airflow/example_dags/example_bash_operator.py
[2023-01-09T15:23:52.024+0400] {processor.py:743} INFO - Processing file /Users/harut/opt/anaconda3/lib/python3.9/site-packages/airflow/example_dags/example_bash_operator.py for tasks to queue
[2023-01-09T15:23:52.024+0400] {logging_mixin.py:137} INFO - [2023-01-09T15:23:52.024+0400] {dagbag.py:538} INFO - Filling up the DagBag from /Users/harut/opt/anaconda3/lib/python3.9/site-packages/airflow/example_dags/example_bash_operator.py
[2023-01-09T15:23:52.063+0400] {processor.py:753} INFO - DAG(s) dict_keys(['example_bash_operator']) retrieved from /Users/harut/opt/anaconda3/lib/python3.9/site-packages/airflow/example_dags/example_bash_operator.py
[2023-01-09T15:23:52.488+0400] {logging_mixin.py:137} INFO - [2023-01-09T15:23:52.487+0400] {dag.py:2676} INFO - Sync 1 DAGs
[2023-01-09T15:23:52.498+0400] {logging_mixin.py:137} INFO - [2023-01-09T15:23:52.498+0400] {dag.py:3423} INFO - Setting next_dagrun for example_bash_operator to 2023-01-08T00:00:00+00:00, run_after=2023-01-09T00:00:00+00:00
[2023-01-09T15:23:52.510+0400] {processor.py:175} INFO - Processing /Users/harut/opt/anaconda3/lib/python3.9/site-packages/airflow/example_dags/example_bash_operator.py took 0.487 seconds
[2023-01-09T15:25:15.958+0400] {processor.py:153} INFO - Started process (PID=14813) to work on /Users/harut/opt/anaconda3/lib/python3.9/site-packages/airflow/example_dags/example_bash_operator.py
[2023-01-09T15:25:15.959+0400] {processor.py:743} INFO - Processing file /Users/harut/opt/anaconda3/lib/python3.9/site-packages/airflow/example_dags/example_bash_operator.py for tasks to queue
[2023-01-09T15:25:15.959+0400] {logging_mixin.py:137} INFO - [2023-01-09T15:25:15.959+0400] {dagbag.py:538} INFO - Filling up the DagBag from /Users/harut/opt/anaconda3/lib/python3.9/site-packages/airflow/example_dags/example_bash_operator.py
[2023-01-09T15:25:15.998+0400] {processor.py:753} INFO - DAG(s) dict_keys(['example_bash_operator']) retrieved from /Users/harut/opt/anaconda3/lib/python3.9/site-packages/airflow/example_dags/example_bash_operator.py
[2023-01-09T15:25:16.409+0400] {logging_mixin.py:137} INFO - [2023-01-09T15:25:16.409+0400] {dag.py:2676} INFO - Sync 1 DAGs
[2023-01-09T15:25:16.419+0400] {logging_mixin.py:137} INFO - [2023-01-09T15:25:16.419+0400] {dag.py:3423} INFO - Setting next_dagrun for example_bash_operator to 2023-01-08T00:00:00+00:00, run_after=2023-01-09T00:00:00+00:00
[2023-01-09T15:25:16.430+0400] {processor.py:175} INFO - Processing /Users/harut/opt/anaconda3/lib/python3.9/site-packages/airflow/example_dags/example_bash_operator.py took 0.472 seconds
[2023-01-09T15:26:39.282+0400] {processor.py:153} INFO - Started process (PID=14860) to work on /Users/harut/opt/anaconda3/lib/python3.9/site-packages/airflow/example_dags/example_bash_operator.py
[2023-01-09T15:26:39.282+0400] {processor.py:743} INFO - Processing file /Users/harut/opt/anaconda3/lib/python3.9/site-packages/airflow/example_dags/example_bash_operator.py for tasks to queue
[2023-01-09T15:26:39.282+0400] {logging_mixin.py:137} INFO - [2023-01-09T15:26:39.282+0400] {dagbag.py:538} INFO - Filling up the DagBag from /Users/harut/opt/anaconda3/lib/python3.9/site-packages/airflow/example_dags/example_bash_operator.py
[2023-01-09T15:26:39.317+0400] {processor.py:753} INFO - DAG(s) dict_keys(['example_bash_operator']) retrieved from /Users/harut/opt/anaconda3/lib/python3.9/site-packages/airflow/example_dags/example_bash_operator.py
[2023-01-09T15:26:39.696+0400] {logging_mixin.py:137} INFO - [2023-01-09T15:26:39.696+0400] {dag.py:2676} INFO - Sync 1 DAGs
[2023-01-09T15:26:39.706+0400] {logging_mixin.py:137} INFO - [2023-01-09T15:26:39.706+0400] {dag.py:3423} INFO - Setting next_dagrun for example_bash_operator to 2023-01-08T00:00:00+00:00, run_after=2023-01-09T00:00:00+00:00
[2023-01-09T15:26:39.717+0400] {processor.py:175} INFO - Processing /Users/harut/opt/anaconda3/lib/python3.9/site-packages/airflow/example_dags/example_bash_operator.py took 0.435 seconds
[2023-01-09T15:28:02.535+0400] {processor.py:153} INFO - Started process (PID=14912) to work on /Users/harut/opt/anaconda3/lib/python3.9/site-packages/airflow/example_dags/example_bash_operator.py
[2023-01-09T15:28:02.535+0400] {processor.py:743} INFO - Processing file /Users/harut/opt/anaconda3/lib/python3.9/site-packages/airflow/example_dags/example_bash_operator.py for tasks to queue
[2023-01-09T15:28:02.536+0400] {logging_mixin.py:137} INFO - [2023-01-09T15:28:02.536+0400] {dagbag.py:538} INFO - Filling up the DagBag from /Users/harut/opt/anaconda3/lib/python3.9/site-packages/airflow/example_dags/example_bash_operator.py
[2023-01-09T15:28:02.574+0400] {processor.py:753} INFO - DAG(s) dict_keys(['example_bash_operator']) retrieved from /Users/harut/opt/anaconda3/lib/python3.9/site-packages/airflow/example_dags/example_bash_operator.py
[2023-01-09T15:28:02.993+0400] {logging_mixin.py:137} INFO - [2023-01-09T15:28:02.993+0400] {dag.py:2676} INFO - Sync 1 DAGs
[2023-01-09T15:28:03.004+0400] {logging_mixin.py:137} INFO - [2023-01-09T15:28:03.004+0400] {dag.py:3423} INFO - Setting next_dagrun for example_bash_operator to 2023-01-08T00:00:00+00:00, run_after=2023-01-09T00:00:00+00:00
[2023-01-09T15:28:03.016+0400] {processor.py:175} INFO - Processing /Users/harut/opt/anaconda3/lib/python3.9/site-packages/airflow/example_dags/example_bash_operator.py took 0.482 seconds
[2023-01-09T15:29:25.549+0400] {processor.py:153} INFO - Started process (PID=14957) to work on /Users/harut/opt/anaconda3/lib/python3.9/site-packages/airflow/example_dags/example_bash_operator.py
[2023-01-09T15:29:25.549+0400] {processor.py:743} INFO - Processing file /Users/harut/opt/anaconda3/lib/python3.9/site-packages/airflow/example_dags/example_bash_operator.py for tasks to queue
[2023-01-09T15:29:25.550+0400] {logging_mixin.py:137} INFO - [2023-01-09T15:29:25.550+0400] {dagbag.py:538} INFO - Filling up the DagBag from /Users/harut/opt/anaconda3/lib/python3.9/site-packages/airflow/example_dags/example_bash_operator.py
[2023-01-09T15:29:25.587+0400] {processor.py:753} INFO - DAG(s) dict_keys(['example_bash_operator']) retrieved from /Users/harut/opt/anaconda3/lib/python3.9/site-packages/airflow/example_dags/example_bash_operator.py
[2023-01-09T15:29:26.002+0400] {logging_mixin.py:137} INFO - [2023-01-09T15:29:26.002+0400] {dag.py:2676} INFO - Sync 1 DAGs
[2023-01-09T15:29:26.013+0400] {logging_mixin.py:137} INFO - [2023-01-09T15:29:26.013+0400] {dag.py:3423} INFO - Setting next_dagrun for example_bash_operator to 2023-01-08T00:00:00+00:00, run_after=2023-01-09T00:00:00+00:00
[2023-01-09T15:29:26.024+0400] {processor.py:175} INFO - Processing /Users/harut/opt/anaconda3/lib/python3.9/site-packages/airflow/example_dags/example_bash_operator.py took 0.476 seconds
[2023-01-09T15:30:45.653+0400] {processor.py:153} INFO - Started process (PID=15003) to work on /Users/harut/opt/anaconda3/lib/python3.9/site-packages/airflow/example_dags/example_bash_operator.py
[2023-01-09T15:30:45.653+0400] {processor.py:743} INFO - Processing file /Users/harut/opt/anaconda3/lib/python3.9/site-packages/airflow/example_dags/example_bash_operator.py for tasks to queue
[2023-01-09T15:30:45.654+0400] {logging_mixin.py:137} INFO - [2023-01-09T15:30:45.653+0400] {dagbag.py:538} INFO - Filling up the DagBag from /Users/harut/opt/anaconda3/lib/python3.9/site-packages/airflow/example_dags/example_bash_operator.py
[2023-01-09T15:30:45.689+0400] {processor.py:753} INFO - DAG(s) dict_keys(['example_bash_operator']) retrieved from /Users/harut/opt/anaconda3/lib/python3.9/site-packages/airflow/example_dags/example_bash_operator.py
[2023-01-09T15:30:46.089+0400] {logging_mixin.py:137} INFO - [2023-01-09T15:30:46.089+0400] {dag.py:2676} INFO - Sync 1 DAGs
[2023-01-09T15:30:46.099+0400] {logging_mixin.py:137} INFO - [2023-01-09T15:30:46.099+0400] {dag.py:3423} INFO - Setting next_dagrun for example_bash_operator to 2023-01-08T00:00:00+00:00, run_after=2023-01-09T00:00:00+00:00
[2023-01-09T15:30:46.109+0400] {processor.py:175} INFO - Processing /Users/harut/opt/anaconda3/lib/python3.9/site-packages/airflow/example_dags/example_bash_operator.py took 0.457 seconds
[2023-01-09T15:32:09.107+0400] {processor.py:153} INFO - Started process (PID=15049) to work on /Users/harut/opt/anaconda3/lib/python3.9/site-packages/airflow/example_dags/example_bash_operator.py
[2023-01-09T15:32:09.107+0400] {processor.py:743} INFO - Processing file /Users/harut/opt/anaconda3/lib/python3.9/site-packages/airflow/example_dags/example_bash_operator.py for tasks to queue
[2023-01-09T15:32:09.108+0400] {logging_mixin.py:137} INFO - [2023-01-09T15:32:09.108+0400] {dagbag.py:538} INFO - Filling up the DagBag from /Users/harut/opt/anaconda3/lib/python3.9/site-packages/airflow/example_dags/example_bash_operator.py
[2023-01-09T15:32:09.146+0400] {processor.py:753} INFO - DAG(s) dict_keys(['example_bash_operator']) retrieved from /Users/harut/opt/anaconda3/lib/python3.9/site-packages/airflow/example_dags/example_bash_operator.py
[2023-01-09T15:32:09.570+0400] {logging_mixin.py:137} INFO - [2023-01-09T15:32:09.570+0400] {dag.py:2676} INFO - Sync 1 DAGs
[2023-01-09T15:32:09.581+0400] {logging_mixin.py:137} INFO - [2023-01-09T15:32:09.581+0400] {dag.py:3423} INFO - Setting next_dagrun for example_bash_operator to 2023-01-08T00:00:00+00:00, run_after=2023-01-09T00:00:00+00:00
[2023-01-09T15:32:09.593+0400] {processor.py:175} INFO - Processing /Users/harut/opt/anaconda3/lib/python3.9/site-packages/airflow/example_dags/example_bash_operator.py took 0.487 seconds
[2023-01-09T15:33:32.251+0400] {processor.py:153} INFO - Started process (PID=15094) to work on /Users/harut/opt/anaconda3/lib/python3.9/site-packages/airflow/example_dags/example_bash_operator.py
[2023-01-09T15:33:32.252+0400] {processor.py:743} INFO - Processing file /Users/harut/opt/anaconda3/lib/python3.9/site-packages/airflow/example_dags/example_bash_operator.py for tasks to queue
[2023-01-09T15:33:32.252+0400] {logging_mixin.py:137} INFO - [2023-01-09T15:33:32.252+0400] {dagbag.py:538} INFO - Filling up the DagBag from /Users/harut/opt/anaconda3/lib/python3.9/site-packages/airflow/example_dags/example_bash_operator.py
[2023-01-09T15:33:32.288+0400] {processor.py:753} INFO - DAG(s) dict_keys(['example_bash_operator']) retrieved from /Users/harut/opt/anaconda3/lib/python3.9/site-packages/airflow/example_dags/example_bash_operator.py
[2023-01-09T15:33:32.693+0400] {logging_mixin.py:137} INFO - [2023-01-09T15:33:32.693+0400] {dag.py:2676} INFO - Sync 1 DAGs
[2023-01-09T15:33:32.705+0400] {logging_mixin.py:137} INFO - [2023-01-09T15:33:32.705+0400] {dag.py:3423} INFO - Setting next_dagrun for example_bash_operator to 2023-01-08T00:00:00+00:00, run_after=2023-01-09T00:00:00+00:00
[2023-01-09T15:33:32.717+0400] {processor.py:175} INFO - Processing /Users/harut/opt/anaconda3/lib/python3.9/site-packages/airflow/example_dags/example_bash_operator.py took 0.466 seconds
[2023-01-09T15:34:56.187+0400] {processor.py:153} INFO - Started process (PID=15141) to work on /Users/harut/opt/anaconda3/lib/python3.9/site-packages/airflow/example_dags/example_bash_operator.py
[2023-01-09T15:34:56.187+0400] {processor.py:743} INFO - Processing file /Users/harut/opt/anaconda3/lib/python3.9/site-packages/airflow/example_dags/example_bash_operator.py for tasks to queue
[2023-01-09T15:34:56.188+0400] {logging_mixin.py:137} INFO - [2023-01-09T15:34:56.188+0400] {dagbag.py:538} INFO - Filling up the DagBag from /Users/harut/opt/anaconda3/lib/python3.9/site-packages/airflow/example_dags/example_bash_operator.py
[2023-01-09T15:34:56.224+0400] {processor.py:753} INFO - DAG(s) dict_keys(['example_bash_operator']) retrieved from /Users/harut/opt/anaconda3/lib/python3.9/site-packages/airflow/example_dags/example_bash_operator.py
[2023-01-09T15:34:56.640+0400] {logging_mixin.py:137} INFO - [2023-01-09T15:34:56.639+0400] {dag.py:2676} INFO - Sync 1 DAGs
[2023-01-09T15:34:56.650+0400] {logging_mixin.py:137} INFO - [2023-01-09T15:34:56.650+0400] {dag.py:3423} INFO - Setting next_dagrun for example_bash_operator to 2023-01-08T00:00:00+00:00, run_after=2023-01-09T00:00:00+00:00
[2023-01-09T15:34:56.662+0400] {processor.py:175} INFO - Processing /Users/harut/opt/anaconda3/lib/python3.9/site-packages/airflow/example_dags/example_bash_operator.py took 0.476 seconds
[2023-01-09T15:36:19.809+0400] {processor.py:153} INFO - Started process (PID=15196) to work on /Users/harut/opt/anaconda3/lib/python3.9/site-packages/airflow/example_dags/example_bash_operator.py
[2023-01-09T15:36:19.809+0400] {processor.py:743} INFO - Processing file /Users/harut/opt/anaconda3/lib/python3.9/site-packages/airflow/example_dags/example_bash_operator.py for tasks to queue
[2023-01-09T15:36:19.809+0400] {logging_mixin.py:137} INFO - [2023-01-09T15:36:19.809+0400] {dagbag.py:538} INFO - Filling up the DagBag from /Users/harut/opt/anaconda3/lib/python3.9/site-packages/airflow/example_dags/example_bash_operator.py
[2023-01-09T15:36:19.843+0400] {processor.py:753} INFO - DAG(s) dict_keys(['example_bash_operator']) retrieved from /Users/harut/opt/anaconda3/lib/python3.9/site-packages/airflow/example_dags/example_bash_operator.py
[2023-01-09T15:36:20.216+0400] {logging_mixin.py:137} INFO - [2023-01-09T15:36:20.216+0400] {dag.py:2676} INFO - Sync 1 DAGs
[2023-01-09T15:36:20.226+0400] {logging_mixin.py:137} INFO - [2023-01-09T15:36:20.226+0400] {dag.py:3423} INFO - Setting next_dagrun for example_bash_operator to 2023-01-08T00:00:00+00:00, run_after=2023-01-09T00:00:00+00:00
[2023-01-09T15:36:20.235+0400] {processor.py:175} INFO - Processing /Users/harut/opt/anaconda3/lib/python3.9/site-packages/airflow/example_dags/example_bash_operator.py took 0.427 seconds
[2023-01-09T15:37:42.375+0400] {processor.py:153} INFO - Started process (PID=15250) to work on /Users/harut/opt/anaconda3/lib/python3.9/site-packages/airflow/example_dags/example_bash_operator.py
[2023-01-09T15:37:42.376+0400] {processor.py:743} INFO - Processing file /Users/harut/opt/anaconda3/lib/python3.9/site-packages/airflow/example_dags/example_bash_operator.py for tasks to queue
[2023-01-09T15:37:42.376+0400] {logging_mixin.py:137} INFO - [2023-01-09T15:37:42.376+0400] {dagbag.py:538} INFO - Filling up the DagBag from /Users/harut/opt/anaconda3/lib/python3.9/site-packages/airflow/example_dags/example_bash_operator.py
[2023-01-09T15:37:42.410+0400] {processor.py:753} INFO - DAG(s) dict_keys(['example_bash_operator']) retrieved from /Users/harut/opt/anaconda3/lib/python3.9/site-packages/airflow/example_dags/example_bash_operator.py
[2023-01-09T15:37:42.775+0400] {logging_mixin.py:137} INFO - [2023-01-09T15:37:42.775+0400] {dag.py:2676} INFO - Sync 1 DAGs
[2023-01-09T15:37:42.786+0400] {logging_mixin.py:137} INFO - [2023-01-09T15:37:42.786+0400] {dag.py:3423} INFO - Setting next_dagrun for example_bash_operator to 2023-01-08T00:00:00+00:00, run_after=2023-01-09T00:00:00+00:00
[2023-01-09T15:37:42.796+0400] {processor.py:175} INFO - Processing /Users/harut/opt/anaconda3/lib/python3.9/site-packages/airflow/example_dags/example_bash_operator.py took 0.421 seconds
[2023-01-09T15:39:04.539+0400] {processor.py:153} INFO - Started process (PID=15292) to work on /Users/harut/opt/anaconda3/lib/python3.9/site-packages/airflow/example_dags/example_bash_operator.py
[2023-01-09T15:39:04.539+0400] {processor.py:743} INFO - Processing file /Users/harut/opt/anaconda3/lib/python3.9/site-packages/airflow/example_dags/example_bash_operator.py for tasks to queue
[2023-01-09T15:39:04.540+0400] {logging_mixin.py:137} INFO - [2023-01-09T15:39:04.540+0400] {dagbag.py:538} INFO - Filling up the DagBag from /Users/harut/opt/anaconda3/lib/python3.9/site-packages/airflow/example_dags/example_bash_operator.py
[2023-01-09T15:39:04.577+0400] {processor.py:753} INFO - DAG(s) dict_keys(['example_bash_operator']) retrieved from /Users/harut/opt/anaconda3/lib/python3.9/site-packages/airflow/example_dags/example_bash_operator.py
[2023-01-09T15:39:04.969+0400] {logging_mixin.py:137} INFO - [2023-01-09T15:39:04.969+0400] {dag.py:2676} INFO - Sync 1 DAGs
[2023-01-09T15:39:04.979+0400] {logging_mixin.py:137} INFO - [2023-01-09T15:39:04.979+0400] {dag.py:3423} INFO - Setting next_dagrun for example_bash_operator to 2023-01-08T00:00:00+00:00, run_after=2023-01-09T00:00:00+00:00
[2023-01-09T15:39:04.989+0400] {processor.py:175} INFO - Processing /Users/harut/opt/anaconda3/lib/python3.9/site-packages/airflow/example_dags/example_bash_operator.py took 0.451 seconds
[2023-01-09T15:40:27.252+0400] {processor.py:153} INFO - Started process (PID=15338) to work on /Users/harut/opt/anaconda3/lib/python3.9/site-packages/airflow/example_dags/example_bash_operator.py
[2023-01-09T15:40:27.253+0400] {processor.py:743} INFO - Processing file /Users/harut/opt/anaconda3/lib/python3.9/site-packages/airflow/example_dags/example_bash_operator.py for tasks to queue
[2023-01-09T15:40:27.253+0400] {logging_mixin.py:137} INFO - [2023-01-09T15:40:27.253+0400] {dagbag.py:538} INFO - Filling up the DagBag from /Users/harut/opt/anaconda3/lib/python3.9/site-packages/airflow/example_dags/example_bash_operator.py
[2023-01-09T15:40:27.291+0400] {processor.py:753} INFO - DAG(s) dict_keys(['example_bash_operator']) retrieved from /Users/harut/opt/anaconda3/lib/python3.9/site-packages/airflow/example_dags/example_bash_operator.py
[2023-01-09T15:40:27.671+0400] {logging_mixin.py:137} INFO - [2023-01-09T15:40:27.670+0400] {dag.py:2676} INFO - Sync 1 DAGs
[2023-01-09T15:40:27.680+0400] {logging_mixin.py:137} INFO - [2023-01-09T15:40:27.680+0400] {dag.py:3423} INFO - Setting next_dagrun for example_bash_operator to 2023-01-08T00:00:00+00:00, run_after=2023-01-09T00:00:00+00:00
[2023-01-09T15:40:27.690+0400] {processor.py:175} INFO - Processing /Users/harut/opt/anaconda3/lib/python3.9/site-packages/airflow/example_dags/example_bash_operator.py took 0.439 seconds
