[2023-01-09T14:16:49.745+0400] {processor.py:153} INFO - Started process (PID=12407) to work on /Users/harut/opt/anaconda3/lib/python3.9/site-packages/airflow/example_dags/example_task_group.py
[2023-01-09T14:16:49.746+0400] {processor.py:743} INFO - Processing file /Users/harut/opt/anaconda3/lib/python3.9/site-packages/airflow/example_dags/example_task_group.py for tasks to queue
[2023-01-09T14:16:49.746+0400] {logging_mixin.py:137} INFO - [2023-01-09T14:16:49.746+0400] {dagbag.py:538} INFO - Filling up the DagBag from /Users/harut/opt/anaconda3/lib/python3.9/site-packages/airflow/example_dags/example_task_group.py
[2023-01-09T14:16:49.763+0400] {processor.py:753} INFO - DAG(s) dict_keys(['example_task_group']) retrieved from /Users/harut/opt/anaconda3/lib/python3.9/site-packages/airflow/example_dags/example_task_group.py
[2023-01-09T14:16:49.791+0400] {logging_mixin.py:137} INFO - [2023-01-09T14:16:49.790+0400] {dag.py:2676} INFO - Sync 1 DAGs
[2023-01-09T14:16:50.144+0400] {logging_mixin.py:137} INFO - [2023-01-09T14:16:50.144+0400] {dag.py:3423} INFO - Setting next_dagrun for example_task_group to 2023-01-08T10:16:50.144461+00:00, run_after=2023-01-09T10:16:50.144461+00:00
[2023-01-09T14:16:50.153+0400] {processor.py:175} INFO - Processing /Users/harut/opt/anaconda3/lib/python3.9/site-packages/airflow/example_dags/example_task_group.py took 0.409 seconds
[2023-01-09T14:18:12.424+0400] {processor.py:153} INFO - Started process (PID=12450) to work on /Users/harut/opt/anaconda3/lib/python3.9/site-packages/airflow/example_dags/example_task_group.py
[2023-01-09T14:18:12.425+0400] {processor.py:743} INFO - Processing file /Users/harut/opt/anaconda3/lib/python3.9/site-packages/airflow/example_dags/example_task_group.py for tasks to queue
[2023-01-09T14:18:12.425+0400] {logging_mixin.py:137} INFO - [2023-01-09T14:18:12.425+0400] {dagbag.py:538} INFO - Filling up the DagBag from /Users/harut/opt/anaconda3/lib/python3.9/site-packages/airflow/example_dags/example_task_group.py
[2023-01-09T14:18:12.442+0400] {processor.py:753} INFO - DAG(s) dict_keys(['example_task_group']) retrieved from /Users/harut/opt/anaconda3/lib/python3.9/site-packages/airflow/example_dags/example_task_group.py
[2023-01-09T14:18:12.816+0400] {logging_mixin.py:137} INFO - [2023-01-09T14:18:12.816+0400] {dag.py:2676} INFO - Sync 1 DAGs
[2023-01-09T14:18:12.825+0400] {logging_mixin.py:137} INFO - [2023-01-09T14:18:12.825+0400] {dag.py:3423} INFO - Setting next_dagrun for example_task_group to 2023-01-08T10:18:12.825222+00:00, run_after=2023-01-09T10:18:12.825222+00:00
[2023-01-09T14:18:12.835+0400] {processor.py:175} INFO - Processing /Users/harut/opt/anaconda3/lib/python3.9/site-packages/airflow/example_dags/example_task_group.py took 0.411 seconds
[2023-01-09T14:19:21.774+0400] {processor.py:153} INFO - Started process (PID=12505) to work on /Users/harut/opt/anaconda3/lib/python3.9/site-packages/airflow/example_dags/example_task_group.py
[2023-01-09T14:19:21.774+0400] {processor.py:743} INFO - Processing file /Users/harut/opt/anaconda3/lib/python3.9/site-packages/airflow/example_dags/example_task_group.py for tasks to queue
[2023-01-09T14:19:21.775+0400] {logging_mixin.py:137} INFO - [2023-01-09T14:19:21.775+0400] {dagbag.py:538} INFO - Filling up the DagBag from /Users/harut/opt/anaconda3/lib/python3.9/site-packages/airflow/example_dags/example_task_group.py
[2023-01-09T14:19:21.793+0400] {processor.py:753} INFO - DAG(s) dict_keys(['example_task_group']) retrieved from /Users/harut/opt/anaconda3/lib/python3.9/site-packages/airflow/example_dags/example_task_group.py
[2023-01-09T14:19:22.189+0400] {logging_mixin.py:137} INFO - [2023-01-09T14:19:22.189+0400] {dag.py:2676} INFO - Sync 1 DAGs
[2023-01-09T14:19:22.198+0400] {logging_mixin.py:137} INFO - [2023-01-09T14:19:22.198+0400] {dag.py:3423} INFO - Setting next_dagrun for example_task_group to 2023-01-08T10:19:22.198691+00:00, run_after=2023-01-09T10:19:22.198691+00:00
[2023-01-09T14:19:22.210+0400] {processor.py:175} INFO - Processing /Users/harut/opt/anaconda3/lib/python3.9/site-packages/airflow/example_dags/example_task_group.py took 0.437 seconds
[2023-01-09T14:20:35.960+0400] {processor.py:153} INFO - Started process (PID=12543) to work on /Users/harut/opt/anaconda3/lib/python3.9/site-packages/airflow/example_dags/example_task_group.py
[2023-01-09T14:20:35.961+0400] {processor.py:743} INFO - Processing file /Users/harut/opt/anaconda3/lib/python3.9/site-packages/airflow/example_dags/example_task_group.py for tasks to queue
[2023-01-09T14:20:35.961+0400] {logging_mixin.py:137} INFO - [2023-01-09T14:20:35.961+0400] {dagbag.py:538} INFO - Filling up the DagBag from /Users/harut/opt/anaconda3/lib/python3.9/site-packages/airflow/example_dags/example_task_group.py
[2023-01-09T14:20:35.981+0400] {processor.py:753} INFO - DAG(s) dict_keys(['example_task_group']) retrieved from /Users/harut/opt/anaconda3/lib/python3.9/site-packages/airflow/example_dags/example_task_group.py
[2023-01-09T14:20:36.368+0400] {logging_mixin.py:137} INFO - [2023-01-09T14:20:36.368+0400] {dag.py:2676} INFO - Sync 1 DAGs
[2023-01-09T14:20:36.377+0400] {logging_mixin.py:137} INFO - [2023-01-09T14:20:36.377+0400] {dag.py:3423} INFO - Setting next_dagrun for example_task_group to 2023-01-08T10:20:36.377451+00:00, run_after=2023-01-09T10:20:36.377451+00:00
[2023-01-09T14:20:36.387+0400] {processor.py:175} INFO - Processing /Users/harut/opt/anaconda3/lib/python3.9/site-packages/airflow/example_dags/example_task_group.py took 0.427 seconds
[2023-01-09T14:21:50.687+0400] {processor.py:153} INFO - Started process (PID=12592) to work on /Users/harut/opt/anaconda3/lib/python3.9/site-packages/airflow/example_dags/example_task_group.py
[2023-01-09T14:21:50.687+0400] {processor.py:743} INFO - Processing file /Users/harut/opt/anaconda3/lib/python3.9/site-packages/airflow/example_dags/example_task_group.py for tasks to queue
[2023-01-09T14:21:50.688+0400] {logging_mixin.py:137} INFO - [2023-01-09T14:21:50.688+0400] {dagbag.py:538} INFO - Filling up the DagBag from /Users/harut/opt/anaconda3/lib/python3.9/site-packages/airflow/example_dags/example_task_group.py
[2023-01-09T14:21:50.705+0400] {processor.py:753} INFO - DAG(s) dict_keys(['example_task_group']) retrieved from /Users/harut/opt/anaconda3/lib/python3.9/site-packages/airflow/example_dags/example_task_group.py
[2023-01-09T14:21:51.083+0400] {logging_mixin.py:137} INFO - [2023-01-09T14:21:51.083+0400] {dag.py:2676} INFO - Sync 1 DAGs
[2023-01-09T14:21:51.091+0400] {logging_mixin.py:137} INFO - [2023-01-09T14:21:51.091+0400] {dag.py:3423} INFO - Setting next_dagrun for example_task_group to 2023-01-08T10:21:51.091775+00:00, run_after=2023-01-09T10:21:51.091775+00:00
[2023-01-09T14:21:51.101+0400] {processor.py:175} INFO - Processing /Users/harut/opt/anaconda3/lib/python3.9/site-packages/airflow/example_dags/example_task_group.py took 0.415 seconds
[2023-01-09T14:23:05.741+0400] {processor.py:153} INFO - Started process (PID=12635) to work on /Users/harut/opt/anaconda3/lib/python3.9/site-packages/airflow/example_dags/example_task_group.py
[2023-01-09T14:23:05.742+0400] {processor.py:743} INFO - Processing file /Users/harut/opt/anaconda3/lib/python3.9/site-packages/airflow/example_dags/example_task_group.py for tasks to queue
[2023-01-09T14:23:05.742+0400] {logging_mixin.py:137} INFO - [2023-01-09T14:23:05.742+0400] {dagbag.py:538} INFO - Filling up the DagBag from /Users/harut/opt/anaconda3/lib/python3.9/site-packages/airflow/example_dags/example_task_group.py
[2023-01-09T14:23:05.761+0400] {processor.py:753} INFO - DAG(s) dict_keys(['example_task_group']) retrieved from /Users/harut/opt/anaconda3/lib/python3.9/site-packages/airflow/example_dags/example_task_group.py
[2023-01-09T14:23:06.140+0400] {logging_mixin.py:137} INFO - [2023-01-09T14:23:06.140+0400] {dag.py:2676} INFO - Sync 1 DAGs
[2023-01-09T14:23:06.149+0400] {logging_mixin.py:137} INFO - [2023-01-09T14:23:06.149+0400] {dag.py:3423} INFO - Setting next_dagrun for example_task_group to 2023-01-08T10:23:06.149390+00:00, run_after=2023-01-09T10:23:06.149390+00:00
[2023-01-09T14:23:06.159+0400] {processor.py:175} INFO - Processing /Users/harut/opt/anaconda3/lib/python3.9/site-packages/airflow/example_dags/example_task_group.py took 0.418 seconds
[2023-01-09T14:24:26.624+0400] {processor.py:153} INFO - Started process (PID=12680) to work on /Users/harut/opt/anaconda3/lib/python3.9/site-packages/airflow/example_dags/example_task_group.py
[2023-01-09T14:24:26.625+0400] {processor.py:743} INFO - Processing file /Users/harut/opt/anaconda3/lib/python3.9/site-packages/airflow/example_dags/example_task_group.py for tasks to queue
[2023-01-09T14:24:26.625+0400] {logging_mixin.py:137} INFO - [2023-01-09T14:24:26.625+0400] {dagbag.py:538} INFO - Filling up the DagBag from /Users/harut/opt/anaconda3/lib/python3.9/site-packages/airflow/example_dags/example_task_group.py
[2023-01-09T14:24:26.643+0400] {processor.py:753} INFO - DAG(s) dict_keys(['example_task_group']) retrieved from /Users/harut/opt/anaconda3/lib/python3.9/site-packages/airflow/example_dags/example_task_group.py
[2023-01-09T14:24:27.054+0400] {logging_mixin.py:137} INFO - [2023-01-09T14:24:27.054+0400] {dag.py:2676} INFO - Sync 1 DAGs
[2023-01-09T14:24:27.064+0400] {logging_mixin.py:137} INFO - [2023-01-09T14:24:27.064+0400] {dag.py:3423} INFO - Setting next_dagrun for example_task_group to 2023-01-08T10:24:27.063992+00:00, run_after=2023-01-09T10:24:27.063992+00:00
[2023-01-09T14:24:27.075+0400] {processor.py:175} INFO - Processing /Users/harut/opt/anaconda3/lib/python3.9/site-packages/airflow/example_dags/example_task_group.py took 0.451 seconds
[2023-01-09T14:25:45.431+0400] {processor.py:153} INFO - Started process (PID=12723) to work on /Users/harut/opt/anaconda3/lib/python3.9/site-packages/airflow/example_dags/example_task_group.py
[2023-01-09T14:25:45.432+0400] {processor.py:743} INFO - Processing file /Users/harut/opt/anaconda3/lib/python3.9/site-packages/airflow/example_dags/example_task_group.py for tasks to queue
[2023-01-09T14:25:45.432+0400] {logging_mixin.py:137} INFO - [2023-01-09T14:25:45.432+0400] {dagbag.py:538} INFO - Filling up the DagBag from /Users/harut/opt/anaconda3/lib/python3.9/site-packages/airflow/example_dags/example_task_group.py
[2023-01-09T14:25:45.449+0400] {processor.py:753} INFO - DAG(s) dict_keys(['example_task_group']) retrieved from /Users/harut/opt/anaconda3/lib/python3.9/site-packages/airflow/example_dags/example_task_group.py
[2023-01-09T14:25:45.822+0400] {logging_mixin.py:137} INFO - [2023-01-09T14:25:45.822+0400] {dag.py:2676} INFO - Sync 1 DAGs
[2023-01-09T14:25:45.831+0400] {logging_mixin.py:137} INFO - [2023-01-09T14:25:45.831+0400] {dag.py:3423} INFO - Setting next_dagrun for example_task_group to 2023-01-08T10:25:45.831472+00:00, run_after=2023-01-09T10:25:45.831472+00:00
[2023-01-09T14:25:45.841+0400] {processor.py:175} INFO - Processing /Users/harut/opt/anaconda3/lib/python3.9/site-packages/airflow/example_dags/example_task_group.py took 0.410 seconds
[2023-01-09T14:27:02.477+0400] {processor.py:153} INFO - Started process (PID=12769) to work on /Users/harut/opt/anaconda3/lib/python3.9/site-packages/airflow/example_dags/example_task_group.py
[2023-01-09T14:27:02.478+0400] {processor.py:743} INFO - Processing file /Users/harut/opt/anaconda3/lib/python3.9/site-packages/airflow/example_dags/example_task_group.py for tasks to queue
[2023-01-09T14:27:02.478+0400] {logging_mixin.py:137} INFO - [2023-01-09T14:27:02.478+0400] {dagbag.py:538} INFO - Filling up the DagBag from /Users/harut/opt/anaconda3/lib/python3.9/site-packages/airflow/example_dags/example_task_group.py
[2023-01-09T14:27:02.495+0400] {processor.py:753} INFO - DAG(s) dict_keys(['example_task_group']) retrieved from /Users/harut/opt/anaconda3/lib/python3.9/site-packages/airflow/example_dags/example_task_group.py
[2023-01-09T14:27:02.883+0400] {logging_mixin.py:137} INFO - [2023-01-09T14:27:02.883+0400] {dag.py:2676} INFO - Sync 1 DAGs
[2023-01-09T14:27:02.892+0400] {logging_mixin.py:137} INFO - [2023-01-09T14:27:02.892+0400] {dag.py:3423} INFO - Setting next_dagrun for example_task_group to 2023-01-08T10:27:02.892440+00:00, run_after=2023-01-09T10:27:02.892440+00:00
[2023-01-09T14:27:02.902+0400] {processor.py:175} INFO - Processing /Users/harut/opt/anaconda3/lib/python3.9/site-packages/airflow/example_dags/example_task_group.py took 0.425 seconds
[2023-01-09T14:28:19.607+0400] {processor.py:153} INFO - Started process (PID=12812) to work on /Users/harut/opt/anaconda3/lib/python3.9/site-packages/airflow/example_dags/example_task_group.py
[2023-01-09T14:28:19.608+0400] {processor.py:743} INFO - Processing file /Users/harut/opt/anaconda3/lib/python3.9/site-packages/airflow/example_dags/example_task_group.py for tasks to queue
[2023-01-09T14:28:19.608+0400] {logging_mixin.py:137} INFO - [2023-01-09T14:28:19.608+0400] {dagbag.py:538} INFO - Filling up the DagBag from /Users/harut/opt/anaconda3/lib/python3.9/site-packages/airflow/example_dags/example_task_group.py
[2023-01-09T14:28:19.625+0400] {processor.py:753} INFO - DAG(s) dict_keys(['example_task_group']) retrieved from /Users/harut/opt/anaconda3/lib/python3.9/site-packages/airflow/example_dags/example_task_group.py
[2023-01-09T14:28:20.002+0400] {logging_mixin.py:137} INFO - [2023-01-09T14:28:20.002+0400] {dag.py:2676} INFO - Sync 1 DAGs
[2023-01-09T14:28:20.012+0400] {logging_mixin.py:137} INFO - [2023-01-09T14:28:20.011+0400] {dag.py:3423} INFO - Setting next_dagrun for example_task_group to 2023-01-08T10:28:20.011829+00:00, run_after=2023-01-09T10:28:20.011829+00:00
[2023-01-09T14:28:20.022+0400] {processor.py:175} INFO - Processing /Users/harut/opt/anaconda3/lib/python3.9/site-packages/airflow/example_dags/example_task_group.py took 0.415 seconds
[2023-01-09T14:29:37.743+0400] {processor.py:153} INFO - Started process (PID=12853) to work on /Users/harut/opt/anaconda3/lib/python3.9/site-packages/airflow/example_dags/example_task_group.py
[2023-01-09T14:29:37.744+0400] {processor.py:743} INFO - Processing file /Users/harut/opt/anaconda3/lib/python3.9/site-packages/airflow/example_dags/example_task_group.py for tasks to queue
[2023-01-09T14:29:37.744+0400] {logging_mixin.py:137} INFO - [2023-01-09T14:29:37.744+0400] {dagbag.py:538} INFO - Filling up the DagBag from /Users/harut/opt/anaconda3/lib/python3.9/site-packages/airflow/example_dags/example_task_group.py
[2023-01-09T14:29:37.763+0400] {processor.py:753} INFO - DAG(s) dict_keys(['example_task_group']) retrieved from /Users/harut/opt/anaconda3/lib/python3.9/site-packages/airflow/example_dags/example_task_group.py
[2023-01-09T14:29:38.153+0400] {logging_mixin.py:137} INFO - [2023-01-09T14:29:38.152+0400] {dag.py:2676} INFO - Sync 1 DAGs
[2023-01-09T14:29:38.161+0400] {logging_mixin.py:137} INFO - [2023-01-09T14:29:38.161+0400] {dag.py:3423} INFO - Setting next_dagrun for example_task_group to 2023-01-08T10:29:38.161620+00:00, run_after=2023-01-09T10:29:38.161620+00:00
[2023-01-09T14:29:38.171+0400] {processor.py:175} INFO - Processing /Users/harut/opt/anaconda3/lib/python3.9/site-packages/airflow/example_dags/example_task_group.py took 0.428 seconds
[2023-01-09T14:30:52.579+0400] {processor.py:153} INFO - Started process (PID=12899) to work on /Users/harut/opt/anaconda3/lib/python3.9/site-packages/airflow/example_dags/example_task_group.py
[2023-01-09T14:30:52.580+0400] {processor.py:743} INFO - Processing file /Users/harut/opt/anaconda3/lib/python3.9/site-packages/airflow/example_dags/example_task_group.py for tasks to queue
[2023-01-09T14:30:52.580+0400] {logging_mixin.py:137} INFO - [2023-01-09T14:30:52.580+0400] {dagbag.py:538} INFO - Filling up the DagBag from /Users/harut/opt/anaconda3/lib/python3.9/site-packages/airflow/example_dags/example_task_group.py
[2023-01-09T14:30:52.598+0400] {processor.py:753} INFO - DAG(s) dict_keys(['example_task_group']) retrieved from /Users/harut/opt/anaconda3/lib/python3.9/site-packages/airflow/example_dags/example_task_group.py
[2023-01-09T14:30:52.966+0400] {logging_mixin.py:137} INFO - [2023-01-09T14:30:52.966+0400] {dag.py:2676} INFO - Sync 1 DAGs
[2023-01-09T14:30:52.975+0400] {logging_mixin.py:137} INFO - [2023-01-09T14:30:52.975+0400] {dag.py:3423} INFO - Setting next_dagrun for example_task_group to 2023-01-08T10:30:52.975200+00:00, run_after=2023-01-09T10:30:52.975200+00:00
[2023-01-09T14:30:52.985+0400] {processor.py:175} INFO - Processing /Users/harut/opt/anaconda3/lib/python3.9/site-packages/airflow/example_dags/example_task_group.py took 0.406 seconds
[2023-01-09T14:32:06.891+0400] {processor.py:153} INFO - Started process (PID=12942) to work on /Users/harut/opt/anaconda3/lib/python3.9/site-packages/airflow/example_dags/example_task_group.py
[2023-01-09T14:32:06.892+0400] {processor.py:743} INFO - Processing file /Users/harut/opt/anaconda3/lib/python3.9/site-packages/airflow/example_dags/example_task_group.py for tasks to queue
[2023-01-09T14:32:06.892+0400] {logging_mixin.py:137} INFO - [2023-01-09T14:32:06.892+0400] {dagbag.py:538} INFO - Filling up the DagBag from /Users/harut/opt/anaconda3/lib/python3.9/site-packages/airflow/example_dags/example_task_group.py
[2023-01-09T14:32:06.909+0400] {processor.py:753} INFO - DAG(s) dict_keys(['example_task_group']) retrieved from /Users/harut/opt/anaconda3/lib/python3.9/site-packages/airflow/example_dags/example_task_group.py
[2023-01-09T14:32:07.278+0400] {logging_mixin.py:137} INFO - [2023-01-09T14:32:07.278+0400] {dag.py:2676} INFO - Sync 1 DAGs
[2023-01-09T14:32:07.287+0400] {logging_mixin.py:137} INFO - [2023-01-09T14:32:07.287+0400] {dag.py:3423} INFO - Setting next_dagrun for example_task_group to 2023-01-08T10:32:07.287149+00:00, run_after=2023-01-09T10:32:07.287149+00:00
[2023-01-09T14:32:07.297+0400] {processor.py:175} INFO - Processing /Users/harut/opt/anaconda3/lib/python3.9/site-packages/airflow/example_dags/example_task_group.py took 0.406 seconds
[2023-01-09T14:33:24.525+0400] {processor.py:153} INFO - Started process (PID=12991) to work on /Users/harut/opt/anaconda3/lib/python3.9/site-packages/airflow/example_dags/example_task_group.py
[2023-01-09T14:33:24.526+0400] {processor.py:743} INFO - Processing file /Users/harut/opt/anaconda3/lib/python3.9/site-packages/airflow/example_dags/example_task_group.py for tasks to queue
[2023-01-09T14:33:24.526+0400] {logging_mixin.py:137} INFO - [2023-01-09T14:33:24.526+0400] {dagbag.py:538} INFO - Filling up the DagBag from /Users/harut/opt/anaconda3/lib/python3.9/site-packages/airflow/example_dags/example_task_group.py
[2023-01-09T14:33:24.543+0400] {processor.py:753} INFO - DAG(s) dict_keys(['example_task_group']) retrieved from /Users/harut/opt/anaconda3/lib/python3.9/site-packages/airflow/example_dags/example_task_group.py
[2023-01-09T14:33:24.909+0400] {logging_mixin.py:137} INFO - [2023-01-09T14:33:24.909+0400] {dag.py:2676} INFO - Sync 1 DAGs
[2023-01-09T14:33:24.917+0400] {logging_mixin.py:137} INFO - [2023-01-09T14:33:24.917+0400] {dag.py:3423} INFO - Setting next_dagrun for example_task_group to 2023-01-08T10:33:24.917525+00:00, run_after=2023-01-09T10:33:24.917525+00:00
[2023-01-09T14:33:24.927+0400] {processor.py:175} INFO - Processing /Users/harut/opt/anaconda3/lib/python3.9/site-packages/airflow/example_dags/example_task_group.py took 0.402 seconds
[2023-01-09T14:34:41.872+0400] {processor.py:153} INFO - Started process (PID=13041) to work on /Users/harut/opt/anaconda3/lib/python3.9/site-packages/airflow/example_dags/example_task_group.py
[2023-01-09T14:34:41.873+0400] {processor.py:743} INFO - Processing file /Users/harut/opt/anaconda3/lib/python3.9/site-packages/airflow/example_dags/example_task_group.py for tasks to queue
[2023-01-09T14:34:41.873+0400] {logging_mixin.py:137} INFO - [2023-01-09T14:34:41.873+0400] {dagbag.py:538} INFO - Filling up the DagBag from /Users/harut/opt/anaconda3/lib/python3.9/site-packages/airflow/example_dags/example_task_group.py
[2023-01-09T14:34:41.890+0400] {processor.py:753} INFO - DAG(s) dict_keys(['example_task_group']) retrieved from /Users/harut/opt/anaconda3/lib/python3.9/site-packages/airflow/example_dags/example_task_group.py
[2023-01-09T14:34:42.289+0400] {logging_mixin.py:137} INFO - [2023-01-09T14:34:42.288+0400] {dag.py:2676} INFO - Sync 1 DAGs
[2023-01-09T14:34:42.298+0400] {logging_mixin.py:137} INFO - [2023-01-09T14:34:42.298+0400] {dag.py:3423} INFO - Setting next_dagrun for example_task_group to 2023-01-08T10:34:42.298095+00:00, run_after=2023-01-09T10:34:42.298095+00:00
[2023-01-09T14:34:42.308+0400] {processor.py:175} INFO - Processing /Users/harut/opt/anaconda3/lib/python3.9/site-packages/airflow/example_dags/example_task_group.py took 0.437 seconds
[2023-01-09T14:35:59.706+0400] {processor.py:153} INFO - Started process (PID=13089) to work on /Users/harut/opt/anaconda3/lib/python3.9/site-packages/airflow/example_dags/example_task_group.py
[2023-01-09T14:35:59.707+0400] {processor.py:743} INFO - Processing file /Users/harut/opt/anaconda3/lib/python3.9/site-packages/airflow/example_dags/example_task_group.py for tasks to queue
[2023-01-09T14:35:59.707+0400] {logging_mixin.py:137} INFO - [2023-01-09T14:35:59.707+0400] {dagbag.py:538} INFO - Filling up the DagBag from /Users/harut/opt/anaconda3/lib/python3.9/site-packages/airflow/example_dags/example_task_group.py
[2023-01-09T14:35:59.725+0400] {processor.py:753} INFO - DAG(s) dict_keys(['example_task_group']) retrieved from /Users/harut/opt/anaconda3/lib/python3.9/site-packages/airflow/example_dags/example_task_group.py
[2023-01-09T14:36:00.121+0400] {logging_mixin.py:137} INFO - [2023-01-09T14:36:00.121+0400] {dag.py:2676} INFO - Sync 1 DAGs
[2023-01-09T14:36:00.130+0400] {logging_mixin.py:137} INFO - [2023-01-09T14:36:00.130+0400] {dag.py:3423} INFO - Setting next_dagrun for example_task_group to 2023-01-08T10:36:00.129898+00:00, run_after=2023-01-09T10:36:00.129898+00:00
[2023-01-09T14:36:00.140+0400] {processor.py:175} INFO - Processing /Users/harut/opt/anaconda3/lib/python3.9/site-packages/airflow/example_dags/example_task_group.py took 0.434 seconds
[2023-01-09T14:37:17.025+0400] {processor.py:153} INFO - Started process (PID=13134) to work on /Users/harut/opt/anaconda3/lib/python3.9/site-packages/airflow/example_dags/example_task_group.py
[2023-01-09T14:37:17.026+0400] {processor.py:743} INFO - Processing file /Users/harut/opt/anaconda3/lib/python3.9/site-packages/airflow/example_dags/example_task_group.py for tasks to queue
[2023-01-09T14:37:17.026+0400] {logging_mixin.py:137} INFO - [2023-01-09T14:37:17.026+0400] {dagbag.py:538} INFO - Filling up the DagBag from /Users/harut/opt/anaconda3/lib/python3.9/site-packages/airflow/example_dags/example_task_group.py
[2023-01-09T14:37:17.043+0400] {processor.py:753} INFO - DAG(s) dict_keys(['example_task_group']) retrieved from /Users/harut/opt/anaconda3/lib/python3.9/site-packages/airflow/example_dags/example_task_group.py
[2023-01-09T14:37:17.415+0400] {logging_mixin.py:137} INFO - [2023-01-09T14:37:17.415+0400] {dag.py:2676} INFO - Sync 1 DAGs
[2023-01-09T14:37:17.423+0400] {logging_mixin.py:137} INFO - [2023-01-09T14:37:17.423+0400] {dag.py:3423} INFO - Setting next_dagrun for example_task_group to 2023-01-08T10:37:17.423739+00:00, run_after=2023-01-09T10:37:17.423739+00:00
[2023-01-09T14:37:17.433+0400] {processor.py:175} INFO - Processing /Users/harut/opt/anaconda3/lib/python3.9/site-packages/airflow/example_dags/example_task_group.py took 0.409 seconds
[2023-01-09T14:38:33.434+0400] {processor.py:153} INFO - Started process (PID=13180) to work on /Users/harut/opt/anaconda3/lib/python3.9/site-packages/airflow/example_dags/example_task_group.py
[2023-01-09T14:38:33.435+0400] {processor.py:743} INFO - Processing file /Users/harut/opt/anaconda3/lib/python3.9/site-packages/airflow/example_dags/example_task_group.py for tasks to queue
[2023-01-09T14:38:33.435+0400] {logging_mixin.py:137} INFO - [2023-01-09T14:38:33.435+0400] {dagbag.py:538} INFO - Filling up the DagBag from /Users/harut/opt/anaconda3/lib/python3.9/site-packages/airflow/example_dags/example_task_group.py
[2023-01-09T14:38:33.452+0400] {processor.py:753} INFO - DAG(s) dict_keys(['example_task_group']) retrieved from /Users/harut/opt/anaconda3/lib/python3.9/site-packages/airflow/example_dags/example_task_group.py
[2023-01-09T14:38:33.819+0400] {logging_mixin.py:137} INFO - [2023-01-09T14:38:33.819+0400] {dag.py:2676} INFO - Sync 1 DAGs
[2023-01-09T14:38:33.828+0400] {logging_mixin.py:137} INFO - [2023-01-09T14:38:33.828+0400] {dag.py:3423} INFO - Setting next_dagrun for example_task_group to 2023-01-08T10:38:33.828403+00:00, run_after=2023-01-09T10:38:33.828403+00:00
[2023-01-09T14:38:33.838+0400] {processor.py:175} INFO - Processing /Users/harut/opt/anaconda3/lib/python3.9/site-packages/airflow/example_dags/example_task_group.py took 0.404 seconds
[2023-01-09T14:39:50.657+0400] {processor.py:153} INFO - Started process (PID=13222) to work on /Users/harut/opt/anaconda3/lib/python3.9/site-packages/airflow/example_dags/example_task_group.py
[2023-01-09T14:39:50.657+0400] {processor.py:743} INFO - Processing file /Users/harut/opt/anaconda3/lib/python3.9/site-packages/airflow/example_dags/example_task_group.py for tasks to queue
[2023-01-09T14:39:50.658+0400] {logging_mixin.py:137} INFO - [2023-01-09T14:39:50.658+0400] {dagbag.py:538} INFO - Filling up the DagBag from /Users/harut/opt/anaconda3/lib/python3.9/site-packages/airflow/example_dags/example_task_group.py
[2023-01-09T14:39:50.675+0400] {processor.py:753} INFO - DAG(s) dict_keys(['example_task_group']) retrieved from /Users/harut/opt/anaconda3/lib/python3.9/site-packages/airflow/example_dags/example_task_group.py
[2023-01-09T14:39:51.063+0400] {logging_mixin.py:137} INFO - [2023-01-09T14:39:51.063+0400] {dag.py:2676} INFO - Sync 1 DAGs
[2023-01-09T14:39:51.072+0400] {logging_mixin.py:137} INFO - [2023-01-09T14:39:51.072+0400] {dag.py:3423} INFO - Setting next_dagrun for example_task_group to 2023-01-08T10:39:51.072120+00:00, run_after=2023-01-09T10:39:51.072120+00:00
[2023-01-09T14:39:51.082+0400] {processor.py:175} INFO - Processing /Users/harut/opt/anaconda3/lib/python3.9/site-packages/airflow/example_dags/example_task_group.py took 0.426 seconds
[2023-01-09T14:41:07.266+0400] {processor.py:153} INFO - Started process (PID=13268) to work on /Users/harut/opt/anaconda3/lib/python3.9/site-packages/airflow/example_dags/example_task_group.py
[2023-01-09T14:41:07.267+0400] {processor.py:743} INFO - Processing file /Users/harut/opt/anaconda3/lib/python3.9/site-packages/airflow/example_dags/example_task_group.py for tasks to queue
[2023-01-09T14:41:07.267+0400] {logging_mixin.py:137} INFO - [2023-01-09T14:41:07.267+0400] {dagbag.py:538} INFO - Filling up the DagBag from /Users/harut/opt/anaconda3/lib/python3.9/site-packages/airflow/example_dags/example_task_group.py
[2023-01-09T14:41:07.284+0400] {processor.py:753} INFO - DAG(s) dict_keys(['example_task_group']) retrieved from /Users/harut/opt/anaconda3/lib/python3.9/site-packages/airflow/example_dags/example_task_group.py
[2023-01-09T14:41:07.674+0400] {logging_mixin.py:137} INFO - [2023-01-09T14:41:07.673+0400] {dag.py:2676} INFO - Sync 1 DAGs
[2023-01-09T14:41:07.683+0400] {logging_mixin.py:137} INFO - [2023-01-09T14:41:07.683+0400] {dag.py:3423} INFO - Setting next_dagrun for example_task_group to 2023-01-08T10:41:07.682954+00:00, run_after=2023-01-09T10:41:07.682954+00:00
[2023-01-09T14:41:07.693+0400] {processor.py:175} INFO - Processing /Users/harut/opt/anaconda3/lib/python3.9/site-packages/airflow/example_dags/example_task_group.py took 0.427 seconds
[2023-01-09T14:42:23.350+0400] {processor.py:153} INFO - Started process (PID=13313) to work on /Users/harut/opt/anaconda3/lib/python3.9/site-packages/airflow/example_dags/example_task_group.py
[2023-01-09T14:42:23.351+0400] {processor.py:743} INFO - Processing file /Users/harut/opt/anaconda3/lib/python3.9/site-packages/airflow/example_dags/example_task_group.py for tasks to queue
[2023-01-09T14:42:23.351+0400] {logging_mixin.py:137} INFO - [2023-01-09T14:42:23.351+0400] {dagbag.py:538} INFO - Filling up the DagBag from /Users/harut/opt/anaconda3/lib/python3.9/site-packages/airflow/example_dags/example_task_group.py
[2023-01-09T14:42:23.368+0400] {processor.py:753} INFO - DAG(s) dict_keys(['example_task_group']) retrieved from /Users/harut/opt/anaconda3/lib/python3.9/site-packages/airflow/example_dags/example_task_group.py
[2023-01-09T14:42:23.741+0400] {logging_mixin.py:137} INFO - [2023-01-09T14:42:23.741+0400] {dag.py:2676} INFO - Sync 1 DAGs
[2023-01-09T14:42:23.749+0400] {logging_mixin.py:137} INFO - [2023-01-09T14:42:23.749+0400] {dag.py:3423} INFO - Setting next_dagrun for example_task_group to 2023-01-08T10:42:23.749805+00:00, run_after=2023-01-09T10:42:23.749805+00:00
[2023-01-09T14:42:23.760+0400] {processor.py:175} INFO - Processing /Users/harut/opt/anaconda3/lib/python3.9/site-packages/airflow/example_dags/example_task_group.py took 0.410 seconds
[2023-01-09T14:43:39.633+0400] {processor.py:153} INFO - Started process (PID=13356) to work on /Users/harut/opt/anaconda3/lib/python3.9/site-packages/airflow/example_dags/example_task_group.py
[2023-01-09T14:43:39.633+0400] {processor.py:743} INFO - Processing file /Users/harut/opt/anaconda3/lib/python3.9/site-packages/airflow/example_dags/example_task_group.py for tasks to queue
[2023-01-09T14:43:39.634+0400] {logging_mixin.py:137} INFO - [2023-01-09T14:43:39.633+0400] {dagbag.py:538} INFO - Filling up the DagBag from /Users/harut/opt/anaconda3/lib/python3.9/site-packages/airflow/example_dags/example_task_group.py
[2023-01-09T14:43:39.651+0400] {processor.py:753} INFO - DAG(s) dict_keys(['example_task_group']) retrieved from /Users/harut/opt/anaconda3/lib/python3.9/site-packages/airflow/example_dags/example_task_group.py
[2023-01-09T14:43:40.040+0400] {logging_mixin.py:137} INFO - [2023-01-09T14:43:40.040+0400] {dag.py:2676} INFO - Sync 1 DAGs
[2023-01-09T14:43:40.049+0400] {logging_mixin.py:137} INFO - [2023-01-09T14:43:40.049+0400] {dag.py:3423} INFO - Setting next_dagrun for example_task_group to 2023-01-08T10:43:40.049105+00:00, run_after=2023-01-09T10:43:40.049105+00:00
[2023-01-09T14:43:40.059+0400] {processor.py:175} INFO - Processing /Users/harut/opt/anaconda3/lib/python3.9/site-packages/airflow/example_dags/example_task_group.py took 0.427 seconds
[2023-01-09T14:45:00.177+0400] {processor.py:153} INFO - Started process (PID=13403) to work on /Users/harut/opt/anaconda3/lib/python3.9/site-packages/airflow/example_dags/example_task_group.py
[2023-01-09T14:45:00.178+0400] {processor.py:743} INFO - Processing file /Users/harut/opt/anaconda3/lib/python3.9/site-packages/airflow/example_dags/example_task_group.py for tasks to queue
[2023-01-09T14:45:00.178+0400] {logging_mixin.py:137} INFO - [2023-01-09T14:45:00.178+0400] {dagbag.py:538} INFO - Filling up the DagBag from /Users/harut/opt/anaconda3/lib/python3.9/site-packages/airflow/example_dags/example_task_group.py
[2023-01-09T14:45:00.198+0400] {processor.py:753} INFO - DAG(s) dict_keys(['example_task_group']) retrieved from /Users/harut/opt/anaconda3/lib/python3.9/site-packages/airflow/example_dags/example_task_group.py
[2023-01-09T14:45:00.627+0400] {logging_mixin.py:137} INFO - [2023-01-09T14:45:00.626+0400] {dag.py:2676} INFO - Sync 1 DAGs
[2023-01-09T14:45:00.637+0400] {logging_mixin.py:137} INFO - [2023-01-09T14:45:00.637+0400] {dag.py:3423} INFO - Setting next_dagrun for example_task_group to 2023-01-08T10:45:00.637112+00:00, run_after=2023-01-09T10:45:00.637112+00:00
[2023-01-09T14:45:00.648+0400] {processor.py:175} INFO - Processing /Users/harut/opt/anaconda3/lib/python3.9/site-packages/airflow/example_dags/example_task_group.py took 0.471 seconds
[2023-01-09T14:46:17.609+0400] {processor.py:153} INFO - Started process (PID=13446) to work on /Users/harut/opt/anaconda3/lib/python3.9/site-packages/airflow/example_dags/example_task_group.py
[2023-01-09T14:46:17.610+0400] {processor.py:743} INFO - Processing file /Users/harut/opt/anaconda3/lib/python3.9/site-packages/airflow/example_dags/example_task_group.py for tasks to queue
[2023-01-09T14:46:17.610+0400] {logging_mixin.py:137} INFO - [2023-01-09T14:46:17.610+0400] {dagbag.py:538} INFO - Filling up the DagBag from /Users/harut/opt/anaconda3/lib/python3.9/site-packages/airflow/example_dags/example_task_group.py
[2023-01-09T14:46:17.628+0400] {processor.py:753} INFO - DAG(s) dict_keys(['example_task_group']) retrieved from /Users/harut/opt/anaconda3/lib/python3.9/site-packages/airflow/example_dags/example_task_group.py
[2023-01-09T14:46:18.092+0400] {logging_mixin.py:137} INFO - [2023-01-09T14:46:18.092+0400] {dag.py:2676} INFO - Sync 1 DAGs
[2023-01-09T14:46:18.102+0400] {logging_mixin.py:137} INFO - [2023-01-09T14:46:18.102+0400] {dag.py:3423} INFO - Setting next_dagrun for example_task_group to 2023-01-08T10:46:18.101980+00:00, run_after=2023-01-09T10:46:18.101980+00:00
[2023-01-09T14:46:18.115+0400] {processor.py:175} INFO - Processing /Users/harut/opt/anaconda3/lib/python3.9/site-packages/airflow/example_dags/example_task_group.py took 0.507 seconds
[2023-01-09T14:47:37.844+0400] {processor.py:153} INFO - Started process (PID=13502) to work on /Users/harut/opt/anaconda3/lib/python3.9/site-packages/airflow/example_dags/example_task_group.py
[2023-01-09T14:47:37.845+0400] {processor.py:743} INFO - Processing file /Users/harut/opt/anaconda3/lib/python3.9/site-packages/airflow/example_dags/example_task_group.py for tasks to queue
[2023-01-09T14:47:37.845+0400] {logging_mixin.py:137} INFO - [2023-01-09T14:47:37.845+0400] {dagbag.py:538} INFO - Filling up the DagBag from /Users/harut/opt/anaconda3/lib/python3.9/site-packages/airflow/example_dags/example_task_group.py
[2023-01-09T14:47:37.864+0400] {processor.py:753} INFO - DAG(s) dict_keys(['example_task_group']) retrieved from /Users/harut/opt/anaconda3/lib/python3.9/site-packages/airflow/example_dags/example_task_group.py
[2023-01-09T14:47:38.253+0400] {logging_mixin.py:137} INFO - [2023-01-09T14:47:38.253+0400] {dag.py:2676} INFO - Sync 1 DAGs
[2023-01-09T14:47:38.264+0400] {logging_mixin.py:137} INFO - [2023-01-09T14:47:38.264+0400] {dag.py:3423} INFO - Setting next_dagrun for example_task_group to 2023-01-08T10:47:38.263924+00:00, run_after=2023-01-09T10:47:38.263924+00:00
[2023-01-09T14:47:38.275+0400] {processor.py:175} INFO - Processing /Users/harut/opt/anaconda3/lib/python3.9/site-packages/airflow/example_dags/example_task_group.py took 0.431 seconds
[2023-01-09T14:49:00.573+0400] {processor.py:153} INFO - Started process (PID=13554) to work on /Users/harut/opt/anaconda3/lib/python3.9/site-packages/airflow/example_dags/example_task_group.py
[2023-01-09T14:49:00.574+0400] {processor.py:743} INFO - Processing file /Users/harut/opt/anaconda3/lib/python3.9/site-packages/airflow/example_dags/example_task_group.py for tasks to queue
[2023-01-09T14:49:00.574+0400] {logging_mixin.py:137} INFO - [2023-01-09T14:49:00.574+0400] {dagbag.py:538} INFO - Filling up the DagBag from /Users/harut/opt/anaconda3/lib/python3.9/site-packages/airflow/example_dags/example_task_group.py
[2023-01-09T14:49:00.594+0400] {processor.py:753} INFO - DAG(s) dict_keys(['example_task_group']) retrieved from /Users/harut/opt/anaconda3/lib/python3.9/site-packages/airflow/example_dags/example_task_group.py
[2023-01-09T14:49:01.009+0400] {logging_mixin.py:137} INFO - [2023-01-09T14:49:01.009+0400] {dag.py:2676} INFO - Sync 1 DAGs
[2023-01-09T14:49:01.019+0400] {logging_mixin.py:137} INFO - [2023-01-09T14:49:01.019+0400] {dag.py:3423} INFO - Setting next_dagrun for example_task_group to 2023-01-08T10:49:01.019108+00:00, run_after=2023-01-09T10:49:01.019108+00:00
[2023-01-09T14:49:01.030+0400] {processor.py:175} INFO - Processing /Users/harut/opt/anaconda3/lib/python3.9/site-packages/airflow/example_dags/example_task_group.py took 0.458 seconds
[2023-01-09T14:50:22.710+0400] {processor.py:153} INFO - Started process (PID=13601) to work on /Users/harut/opt/anaconda3/lib/python3.9/site-packages/airflow/example_dags/example_task_group.py
[2023-01-09T14:50:22.710+0400] {processor.py:743} INFO - Processing file /Users/harut/opt/anaconda3/lib/python3.9/site-packages/airflow/example_dags/example_task_group.py for tasks to queue
[2023-01-09T14:50:22.711+0400] {logging_mixin.py:137} INFO - [2023-01-09T14:50:22.710+0400] {dagbag.py:538} INFO - Filling up the DagBag from /Users/harut/opt/anaconda3/lib/python3.9/site-packages/airflow/example_dags/example_task_group.py
[2023-01-09T14:50:22.728+0400] {processor.py:753} INFO - DAG(s) dict_keys(['example_task_group']) retrieved from /Users/harut/opt/anaconda3/lib/python3.9/site-packages/airflow/example_dags/example_task_group.py
[2023-01-09T14:50:23.097+0400] {logging_mixin.py:137} INFO - [2023-01-09T14:50:23.097+0400] {dag.py:2676} INFO - Sync 1 DAGs
[2023-01-09T14:50:23.106+0400] {logging_mixin.py:137} INFO - [2023-01-09T14:50:23.106+0400] {dag.py:3423} INFO - Setting next_dagrun for example_task_group to 2023-01-08T10:50:23.105987+00:00, run_after=2023-01-09T10:50:23.105987+00:00
[2023-01-09T14:50:23.115+0400] {processor.py:175} INFO - Processing /Users/harut/opt/anaconda3/lib/python3.9/site-packages/airflow/example_dags/example_task_group.py took 0.406 seconds
[2023-01-09T14:51:42.571+0400] {processor.py:153} INFO - Started process (PID=13651) to work on /Users/harut/opt/anaconda3/lib/python3.9/site-packages/airflow/example_dags/example_task_group.py
[2023-01-09T14:51:42.572+0400] {processor.py:743} INFO - Processing file /Users/harut/opt/anaconda3/lib/python3.9/site-packages/airflow/example_dags/example_task_group.py for tasks to queue
[2023-01-09T14:51:42.572+0400] {logging_mixin.py:137} INFO - [2023-01-09T14:51:42.572+0400] {dagbag.py:538} INFO - Filling up the DagBag from /Users/harut/opt/anaconda3/lib/python3.9/site-packages/airflow/example_dags/example_task_group.py
[2023-01-09T14:51:42.589+0400] {processor.py:753} INFO - DAG(s) dict_keys(['example_task_group']) retrieved from /Users/harut/opt/anaconda3/lib/python3.9/site-packages/airflow/example_dags/example_task_group.py
[2023-01-09T14:51:42.968+0400] {logging_mixin.py:137} INFO - [2023-01-09T14:51:42.968+0400] {dag.py:2676} INFO - Sync 1 DAGs
[2023-01-09T14:51:42.977+0400] {logging_mixin.py:137} INFO - [2023-01-09T14:51:42.977+0400] {dag.py:3423} INFO - Setting next_dagrun for example_task_group to 2023-01-08T10:51:42.977336+00:00, run_after=2023-01-09T10:51:42.977336+00:00
[2023-01-09T14:51:42.988+0400] {processor.py:175} INFO - Processing /Users/harut/opt/anaconda3/lib/python3.9/site-packages/airflow/example_dags/example_task_group.py took 0.417 seconds
[2023-01-09T14:53:02.824+0400] {processor.py:153} INFO - Started process (PID=13694) to work on /Users/harut/opt/anaconda3/lib/python3.9/site-packages/airflow/example_dags/example_task_group.py
[2023-01-09T14:53:02.825+0400] {processor.py:743} INFO - Processing file /Users/harut/opt/anaconda3/lib/python3.9/site-packages/airflow/example_dags/example_task_group.py for tasks to queue
[2023-01-09T14:53:02.825+0400] {logging_mixin.py:137} INFO - [2023-01-09T14:53:02.825+0400] {dagbag.py:538} INFO - Filling up the DagBag from /Users/harut/opt/anaconda3/lib/python3.9/site-packages/airflow/example_dags/example_task_group.py
[2023-01-09T14:53:02.842+0400] {processor.py:753} INFO - DAG(s) dict_keys(['example_task_group']) retrieved from /Users/harut/opt/anaconda3/lib/python3.9/site-packages/airflow/example_dags/example_task_group.py
[2023-01-09T14:53:03.216+0400] {logging_mixin.py:137} INFO - [2023-01-09T14:53:03.216+0400] {dag.py:2676} INFO - Sync 1 DAGs
[2023-01-09T14:53:03.225+0400] {logging_mixin.py:137} INFO - [2023-01-09T14:53:03.225+0400] {dag.py:3423} INFO - Setting next_dagrun for example_task_group to 2023-01-08T10:53:03.225102+00:00, run_after=2023-01-09T10:53:03.225102+00:00
[2023-01-09T14:53:03.235+0400] {processor.py:175} INFO - Processing /Users/harut/opt/anaconda3/lib/python3.9/site-packages/airflow/example_dags/example_task_group.py took 0.411 seconds
[2023-01-09T14:54:23.768+0400] {processor.py:153} INFO - Started process (PID=13742) to work on /Users/harut/opt/anaconda3/lib/python3.9/site-packages/airflow/example_dags/example_task_group.py
[2023-01-09T14:54:23.769+0400] {processor.py:743} INFO - Processing file /Users/harut/opt/anaconda3/lib/python3.9/site-packages/airflow/example_dags/example_task_group.py for tasks to queue
[2023-01-09T14:54:23.769+0400] {logging_mixin.py:137} INFO - [2023-01-09T14:54:23.769+0400] {dagbag.py:538} INFO - Filling up the DagBag from /Users/harut/opt/anaconda3/lib/python3.9/site-packages/airflow/example_dags/example_task_group.py
[2023-01-09T14:54:23.786+0400] {processor.py:753} INFO - DAG(s) dict_keys(['example_task_group']) retrieved from /Users/harut/opt/anaconda3/lib/python3.9/site-packages/airflow/example_dags/example_task_group.py
[2023-01-09T14:54:24.172+0400] {logging_mixin.py:137} INFO - [2023-01-09T14:54:24.172+0400] {dag.py:2676} INFO - Sync 1 DAGs
[2023-01-09T14:54:24.181+0400] {logging_mixin.py:137} INFO - [2023-01-09T14:54:24.181+0400] {dag.py:3423} INFO - Setting next_dagrun for example_task_group to 2023-01-08T10:54:24.181458+00:00, run_after=2023-01-09T10:54:24.181458+00:00
[2023-01-09T14:54:24.192+0400] {processor.py:175} INFO - Processing /Users/harut/opt/anaconda3/lib/python3.9/site-packages/airflow/example_dags/example_task_group.py took 0.424 seconds
[2023-01-09T14:55:45.787+0400] {processor.py:153} INFO - Started process (PID=13786) to work on /Users/harut/opt/anaconda3/lib/python3.9/site-packages/airflow/example_dags/example_task_group.py
[2023-01-09T14:55:45.787+0400] {processor.py:743} INFO - Processing file /Users/harut/opt/anaconda3/lib/python3.9/site-packages/airflow/example_dags/example_task_group.py for tasks to queue
[2023-01-09T14:55:45.787+0400] {logging_mixin.py:137} INFO - [2023-01-09T14:55:45.787+0400] {dagbag.py:538} INFO - Filling up the DagBag from /Users/harut/opt/anaconda3/lib/python3.9/site-packages/airflow/example_dags/example_task_group.py
[2023-01-09T14:55:45.805+0400] {processor.py:753} INFO - DAG(s) dict_keys(['example_task_group']) retrieved from /Users/harut/opt/anaconda3/lib/python3.9/site-packages/airflow/example_dags/example_task_group.py
[2023-01-09T14:55:46.183+0400] {logging_mixin.py:137} INFO - [2023-01-09T14:55:46.182+0400] {dag.py:2676} INFO - Sync 1 DAGs
[2023-01-09T14:55:46.192+0400] {logging_mixin.py:137} INFO - [2023-01-09T14:55:46.192+0400] {dag.py:3423} INFO - Setting next_dagrun for example_task_group to 2023-01-08T10:55:46.192388+00:00, run_after=2023-01-09T10:55:46.192388+00:00
[2023-01-09T14:55:46.203+0400] {processor.py:175} INFO - Processing /Users/harut/opt/anaconda3/lib/python3.9/site-packages/airflow/example_dags/example_task_group.py took 0.417 seconds
[2023-01-09T14:57:07.840+0400] {processor.py:153} INFO - Started process (PID=13832) to work on /Users/harut/opt/anaconda3/lib/python3.9/site-packages/airflow/example_dags/example_task_group.py
[2023-01-09T14:57:07.841+0400] {processor.py:743} INFO - Processing file /Users/harut/opt/anaconda3/lib/python3.9/site-packages/airflow/example_dags/example_task_group.py for tasks to queue
[2023-01-09T14:57:07.841+0400] {logging_mixin.py:137} INFO - [2023-01-09T14:57:07.841+0400] {dagbag.py:538} INFO - Filling up the DagBag from /Users/harut/opt/anaconda3/lib/python3.9/site-packages/airflow/example_dags/example_task_group.py
[2023-01-09T14:57:07.858+0400] {processor.py:753} INFO - DAG(s) dict_keys(['example_task_group']) retrieved from /Users/harut/opt/anaconda3/lib/python3.9/site-packages/airflow/example_dags/example_task_group.py
[2023-01-09T14:57:08.232+0400] {logging_mixin.py:137} INFO - [2023-01-09T14:57:08.232+0400] {dag.py:2676} INFO - Sync 1 DAGs
[2023-01-09T14:57:08.242+0400] {logging_mixin.py:137} INFO - [2023-01-09T14:57:08.242+0400] {dag.py:3423} INFO - Setting next_dagrun for example_task_group to 2023-01-08T10:57:08.242459+00:00, run_after=2023-01-09T10:57:08.242459+00:00
[2023-01-09T14:57:08.254+0400] {processor.py:175} INFO - Processing /Users/harut/opt/anaconda3/lib/python3.9/site-packages/airflow/example_dags/example_task_group.py took 0.415 seconds
[2023-01-09T14:58:28.592+0400] {processor.py:153} INFO - Started process (PID=13874) to work on /Users/harut/opt/anaconda3/lib/python3.9/site-packages/airflow/example_dags/example_task_group.py
[2023-01-09T14:58:28.593+0400] {processor.py:743} INFO - Processing file /Users/harut/opt/anaconda3/lib/python3.9/site-packages/airflow/example_dags/example_task_group.py for tasks to queue
[2023-01-09T14:58:28.593+0400] {logging_mixin.py:137} INFO - [2023-01-09T14:58:28.593+0400] {dagbag.py:538} INFO - Filling up the DagBag from /Users/harut/opt/anaconda3/lib/python3.9/site-packages/airflow/example_dags/example_task_group.py
[2023-01-09T14:58:28.611+0400] {processor.py:753} INFO - DAG(s) dict_keys(['example_task_group']) retrieved from /Users/harut/opt/anaconda3/lib/python3.9/site-packages/airflow/example_dags/example_task_group.py
[2023-01-09T14:58:28.986+0400] {logging_mixin.py:137} INFO - [2023-01-09T14:58:28.986+0400] {dag.py:2676} INFO - Sync 1 DAGs
[2023-01-09T14:58:28.994+0400] {logging_mixin.py:137} INFO - [2023-01-09T14:58:28.994+0400] {dag.py:3423} INFO - Setting next_dagrun for example_task_group to 2023-01-08T10:58:28.994731+00:00, run_after=2023-01-09T10:58:28.994731+00:00
[2023-01-09T14:58:29.005+0400] {processor.py:175} INFO - Processing /Users/harut/opt/anaconda3/lib/python3.9/site-packages/airflow/example_dags/example_task_group.py took 0.413 seconds
[2023-01-09T14:59:50.137+0400] {processor.py:153} INFO - Started process (PID=13920) to work on /Users/harut/opt/anaconda3/lib/python3.9/site-packages/airflow/example_dags/example_task_group.py
[2023-01-09T14:59:50.137+0400] {processor.py:743} INFO - Processing file /Users/harut/opt/anaconda3/lib/python3.9/site-packages/airflow/example_dags/example_task_group.py for tasks to queue
[2023-01-09T14:59:50.138+0400] {logging_mixin.py:137} INFO - [2023-01-09T14:59:50.137+0400] {dagbag.py:538} INFO - Filling up the DagBag from /Users/harut/opt/anaconda3/lib/python3.9/site-packages/airflow/example_dags/example_task_group.py
[2023-01-09T14:59:50.154+0400] {processor.py:753} INFO - DAG(s) dict_keys(['example_task_group']) retrieved from /Users/harut/opt/anaconda3/lib/python3.9/site-packages/airflow/example_dags/example_task_group.py
[2023-01-09T14:59:50.523+0400] {logging_mixin.py:137} INFO - [2023-01-09T14:59:50.522+0400] {dag.py:2676} INFO - Sync 1 DAGs
[2023-01-09T14:59:50.531+0400] {logging_mixin.py:137} INFO - [2023-01-09T14:59:50.531+0400] {dag.py:3423} INFO - Setting next_dagrun for example_task_group to 2023-01-08T10:59:50.531488+00:00, run_after=2023-01-09T10:59:50.531488+00:00
[2023-01-09T14:59:50.541+0400] {processor.py:175} INFO - Processing /Users/harut/opt/anaconda3/lib/python3.9/site-packages/airflow/example_dags/example_task_group.py took 0.404 seconds
[2023-01-09T15:01:10.279+0400] {processor.py:153} INFO - Started process (PID=13964) to work on /Users/harut/opt/anaconda3/lib/python3.9/site-packages/airflow/example_dags/example_task_group.py
[2023-01-09T15:01:10.280+0400] {processor.py:743} INFO - Processing file /Users/harut/opt/anaconda3/lib/python3.9/site-packages/airflow/example_dags/example_task_group.py for tasks to queue
[2023-01-09T15:01:10.280+0400] {logging_mixin.py:137} INFO - [2023-01-09T15:01:10.280+0400] {dagbag.py:538} INFO - Filling up the DagBag from /Users/harut/opt/anaconda3/lib/python3.9/site-packages/airflow/example_dags/example_task_group.py
[2023-01-09T15:01:10.297+0400] {processor.py:753} INFO - DAG(s) dict_keys(['example_task_group']) retrieved from /Users/harut/opt/anaconda3/lib/python3.9/site-packages/airflow/example_dags/example_task_group.py
[2023-01-09T15:01:10.667+0400] {logging_mixin.py:137} INFO - [2023-01-09T15:01:10.667+0400] {dag.py:2676} INFO - Sync 1 DAGs
[2023-01-09T15:01:10.676+0400] {logging_mixin.py:137} INFO - [2023-01-09T15:01:10.676+0400] {dag.py:3423} INFO - Setting next_dagrun for example_task_group to 2023-01-08T11:01:10.676006+00:00, run_after=2023-01-09T11:01:10.676006+00:00
[2023-01-09T15:01:10.685+0400] {processor.py:175} INFO - Processing /Users/harut/opt/anaconda3/lib/python3.9/site-packages/airflow/example_dags/example_task_group.py took 0.407 seconds
[2023-01-09T15:02:33.194+0400] {processor.py:153} INFO - Started process (PID=14010) to work on /Users/harut/opt/anaconda3/lib/python3.9/site-packages/airflow/example_dags/example_task_group.py
[2023-01-09T15:02:33.195+0400] {processor.py:743} INFO - Processing file /Users/harut/opt/anaconda3/lib/python3.9/site-packages/airflow/example_dags/example_task_group.py for tasks to queue
[2023-01-09T15:02:33.195+0400] {logging_mixin.py:137} INFO - [2023-01-09T15:02:33.195+0400] {dagbag.py:538} INFO - Filling up the DagBag from /Users/harut/opt/anaconda3/lib/python3.9/site-packages/airflow/example_dags/example_task_group.py
[2023-01-09T15:02:33.212+0400] {processor.py:753} INFO - DAG(s) dict_keys(['example_task_group']) retrieved from /Users/harut/opt/anaconda3/lib/python3.9/site-packages/airflow/example_dags/example_task_group.py
[2023-01-09T15:02:33.599+0400] {logging_mixin.py:137} INFO - [2023-01-09T15:02:33.599+0400] {dag.py:2676} INFO - Sync 1 DAGs
[2023-01-09T15:02:33.608+0400] {logging_mixin.py:137} INFO - [2023-01-09T15:02:33.608+0400] {dag.py:3423} INFO - Setting next_dagrun for example_task_group to 2023-01-08T11:02:33.608710+00:00, run_after=2023-01-09T11:02:33.608710+00:00
[2023-01-09T15:02:33.619+0400] {processor.py:175} INFO - Processing /Users/harut/opt/anaconda3/lib/python3.9/site-packages/airflow/example_dags/example_task_group.py took 0.425 seconds
[2023-01-09T15:03:53.204+0400] {processor.py:153} INFO - Started process (PID=14059) to work on /Users/harut/opt/anaconda3/lib/python3.9/site-packages/airflow/example_dags/example_task_group.py
[2023-01-09T15:03:53.204+0400] {processor.py:743} INFO - Processing file /Users/harut/opt/anaconda3/lib/python3.9/site-packages/airflow/example_dags/example_task_group.py for tasks to queue
[2023-01-09T15:03:53.205+0400] {logging_mixin.py:137} INFO - [2023-01-09T15:03:53.205+0400] {dagbag.py:538} INFO - Filling up the DagBag from /Users/harut/opt/anaconda3/lib/python3.9/site-packages/airflow/example_dags/example_task_group.py
[2023-01-09T15:03:53.222+0400] {processor.py:753} INFO - DAG(s) dict_keys(['example_task_group']) retrieved from /Users/harut/opt/anaconda3/lib/python3.9/site-packages/airflow/example_dags/example_task_group.py
[2023-01-09T15:03:53.602+0400] {logging_mixin.py:137} INFO - [2023-01-09T15:03:53.602+0400] {dag.py:2676} INFO - Sync 1 DAGs
[2023-01-09T15:03:53.611+0400] {logging_mixin.py:137} INFO - [2023-01-09T15:03:53.611+0400] {dag.py:3423} INFO - Setting next_dagrun for example_task_group to 2023-01-08T11:03:53.611719+00:00, run_after=2023-01-09T11:03:53.611719+00:00
[2023-01-09T15:03:53.621+0400] {processor.py:175} INFO - Processing /Users/harut/opt/anaconda3/lib/python3.9/site-packages/airflow/example_dags/example_task_group.py took 0.418 seconds
[2023-01-09T15:05:13.187+0400] {processor.py:153} INFO - Started process (PID=14103) to work on /Users/harut/opt/anaconda3/lib/python3.9/site-packages/airflow/example_dags/example_task_group.py
[2023-01-09T15:05:13.188+0400] {processor.py:743} INFO - Processing file /Users/harut/opt/anaconda3/lib/python3.9/site-packages/airflow/example_dags/example_task_group.py for tasks to queue
[2023-01-09T15:05:13.188+0400] {logging_mixin.py:137} INFO - [2023-01-09T15:05:13.188+0400] {dagbag.py:538} INFO - Filling up the DagBag from /Users/harut/opt/anaconda3/lib/python3.9/site-packages/airflow/example_dags/example_task_group.py
[2023-01-09T15:05:13.207+0400] {processor.py:753} INFO - DAG(s) dict_keys(['example_task_group']) retrieved from /Users/harut/opt/anaconda3/lib/python3.9/site-packages/airflow/example_dags/example_task_group.py
[2023-01-09T15:05:13.592+0400] {logging_mixin.py:137} INFO - [2023-01-09T15:05:13.592+0400] {dag.py:2676} INFO - Sync 1 DAGs
[2023-01-09T15:05:13.601+0400] {logging_mixin.py:137} INFO - [2023-01-09T15:05:13.601+0400] {dag.py:3423} INFO - Setting next_dagrun for example_task_group to 2023-01-08T11:05:13.601552+00:00, run_after=2023-01-09T11:05:13.601552+00:00
[2023-01-09T15:05:13.611+0400] {processor.py:175} INFO - Processing /Users/harut/opt/anaconda3/lib/python3.9/site-packages/airflow/example_dags/example_task_group.py took 0.425 seconds
[2023-01-09T15:06:33.804+0400] {processor.py:153} INFO - Started process (PID=14148) to work on /Users/harut/opt/anaconda3/lib/python3.9/site-packages/airflow/example_dags/example_task_group.py
[2023-01-09T15:06:33.805+0400] {processor.py:743} INFO - Processing file /Users/harut/opt/anaconda3/lib/python3.9/site-packages/airflow/example_dags/example_task_group.py for tasks to queue
[2023-01-09T15:06:33.805+0400] {logging_mixin.py:137} INFO - [2023-01-09T15:06:33.805+0400] {dagbag.py:538} INFO - Filling up the DagBag from /Users/harut/opt/anaconda3/lib/python3.9/site-packages/airflow/example_dags/example_task_group.py
[2023-01-09T15:06:33.825+0400] {processor.py:753} INFO - DAG(s) dict_keys(['example_task_group']) retrieved from /Users/harut/opt/anaconda3/lib/python3.9/site-packages/airflow/example_dags/example_task_group.py
[2023-01-09T15:06:34.215+0400] {logging_mixin.py:137} INFO - [2023-01-09T15:06:34.215+0400] {dag.py:2676} INFO - Sync 1 DAGs
[2023-01-09T15:06:34.224+0400] {logging_mixin.py:137} INFO - [2023-01-09T15:06:34.224+0400] {dag.py:3423} INFO - Setting next_dagrun for example_task_group to 2023-01-08T11:06:34.223930+00:00, run_after=2023-01-09T11:06:34.223930+00:00
[2023-01-09T15:06:34.233+0400] {processor.py:175} INFO - Processing /Users/harut/opt/anaconda3/lib/python3.9/site-packages/airflow/example_dags/example_task_group.py took 0.429 seconds
[2023-01-09T15:07:51.231+0400] {processor.py:153} INFO - Started process (PID=14191) to work on /Users/harut/opt/anaconda3/lib/python3.9/site-packages/airflow/example_dags/example_task_group.py
[2023-01-09T15:07:51.232+0400] {processor.py:743} INFO - Processing file /Users/harut/opt/anaconda3/lib/python3.9/site-packages/airflow/example_dags/example_task_group.py for tasks to queue
[2023-01-09T15:07:51.232+0400] {logging_mixin.py:137} INFO - [2023-01-09T15:07:51.232+0400] {dagbag.py:538} INFO - Filling up the DagBag from /Users/harut/opt/anaconda3/lib/python3.9/site-packages/airflow/example_dags/example_task_group.py
[2023-01-09T15:07:51.249+0400] {processor.py:753} INFO - DAG(s) dict_keys(['example_task_group']) retrieved from /Users/harut/opt/anaconda3/lib/python3.9/site-packages/airflow/example_dags/example_task_group.py
[2023-01-09T15:07:51.617+0400] {logging_mixin.py:137} INFO - [2023-01-09T15:07:51.617+0400] {dag.py:2676} INFO - Sync 1 DAGs
[2023-01-09T15:07:51.626+0400] {logging_mixin.py:137} INFO - [2023-01-09T15:07:51.626+0400] {dag.py:3423} INFO - Setting next_dagrun for example_task_group to 2023-01-08T11:07:51.626273+00:00, run_after=2023-01-09T11:07:51.626273+00:00
[2023-01-09T15:07:51.636+0400] {processor.py:175} INFO - Processing /Users/harut/opt/anaconda3/lib/python3.9/site-packages/airflow/example_dags/example_task_group.py took 0.405 seconds
[2023-01-09T15:09:12.287+0400] {processor.py:153} INFO - Started process (PID=14234) to work on /Users/harut/opt/anaconda3/lib/python3.9/site-packages/airflow/example_dags/example_task_group.py
[2023-01-09T15:09:12.288+0400] {processor.py:743} INFO - Processing file /Users/harut/opt/anaconda3/lib/python3.9/site-packages/airflow/example_dags/example_task_group.py for tasks to queue
[2023-01-09T15:09:12.288+0400] {logging_mixin.py:137} INFO - [2023-01-09T15:09:12.288+0400] {dagbag.py:538} INFO - Filling up the DagBag from /Users/harut/opt/anaconda3/lib/python3.9/site-packages/airflow/example_dags/example_task_group.py
[2023-01-09T15:09:12.305+0400] {processor.py:753} INFO - DAG(s) dict_keys(['example_task_group']) retrieved from /Users/harut/opt/anaconda3/lib/python3.9/site-packages/airflow/example_dags/example_task_group.py
[2023-01-09T15:09:12.672+0400] {logging_mixin.py:137} INFO - [2023-01-09T15:09:12.671+0400] {dag.py:2676} INFO - Sync 1 DAGs
[2023-01-09T15:09:12.680+0400] {logging_mixin.py:137} INFO - [2023-01-09T15:09:12.680+0400] {dag.py:3423} INFO - Setting next_dagrun for example_task_group to 2023-01-08T11:09:12.680476+00:00, run_after=2023-01-09T11:09:12.680476+00:00
[2023-01-09T15:09:12.690+0400] {processor.py:175} INFO - Processing /Users/harut/opt/anaconda3/lib/python3.9/site-packages/airflow/example_dags/example_task_group.py took 0.403 seconds
[2023-01-09T15:10:32.338+0400] {processor.py:153} INFO - Started process (PID=14282) to work on /Users/harut/opt/anaconda3/lib/python3.9/site-packages/airflow/example_dags/example_task_group.py
[2023-01-09T15:10:32.338+0400] {processor.py:743} INFO - Processing file /Users/harut/opt/anaconda3/lib/python3.9/site-packages/airflow/example_dags/example_task_group.py for tasks to queue
[2023-01-09T15:10:32.339+0400] {logging_mixin.py:137} INFO - [2023-01-09T15:10:32.338+0400] {dagbag.py:538} INFO - Filling up the DagBag from /Users/harut/opt/anaconda3/lib/python3.9/site-packages/airflow/example_dags/example_task_group.py
[2023-01-09T15:10:32.357+0400] {processor.py:753} INFO - DAG(s) dict_keys(['example_task_group']) retrieved from /Users/harut/opt/anaconda3/lib/python3.9/site-packages/airflow/example_dags/example_task_group.py
[2023-01-09T15:10:32.726+0400] {logging_mixin.py:137} INFO - [2023-01-09T15:10:32.726+0400] {dag.py:2676} INFO - Sync 1 DAGs
[2023-01-09T15:10:32.734+0400] {logging_mixin.py:137} INFO - [2023-01-09T15:10:32.734+0400] {dag.py:3423} INFO - Setting next_dagrun for example_task_group to 2023-01-08T11:10:32.734749+00:00, run_after=2023-01-09T11:10:32.734749+00:00
[2023-01-09T15:10:32.745+0400] {processor.py:175} INFO - Processing /Users/harut/opt/anaconda3/lib/python3.9/site-packages/airflow/example_dags/example_task_group.py took 0.407 seconds
[2023-01-09T15:11:54.020+0400] {processor.py:153} INFO - Started process (PID=14334) to work on /Users/harut/opt/anaconda3/lib/python3.9/site-packages/airflow/example_dags/example_task_group.py
[2023-01-09T15:11:54.020+0400] {processor.py:743} INFO - Processing file /Users/harut/opt/anaconda3/lib/python3.9/site-packages/airflow/example_dags/example_task_group.py for tasks to queue
[2023-01-09T15:11:54.021+0400] {logging_mixin.py:137} INFO - [2023-01-09T15:11:54.021+0400] {dagbag.py:538} INFO - Filling up the DagBag from /Users/harut/opt/anaconda3/lib/python3.9/site-packages/airflow/example_dags/example_task_group.py
[2023-01-09T15:11:54.039+0400] {processor.py:753} INFO - DAG(s) dict_keys(['example_task_group']) retrieved from /Users/harut/opt/anaconda3/lib/python3.9/site-packages/airflow/example_dags/example_task_group.py
[2023-01-09T15:11:54.447+0400] {logging_mixin.py:137} INFO - [2023-01-09T15:11:54.447+0400] {dag.py:2676} INFO - Sync 1 DAGs
[2023-01-09T15:11:54.457+0400] {logging_mixin.py:137} INFO - [2023-01-09T15:11:54.457+0400] {dag.py:3423} INFO - Setting next_dagrun for example_task_group to 2023-01-08T11:11:54.456904+00:00, run_after=2023-01-09T11:11:54.456904+00:00
[2023-01-09T15:11:54.468+0400] {processor.py:175} INFO - Processing /Users/harut/opt/anaconda3/lib/python3.9/site-packages/airflow/example_dags/example_task_group.py took 0.449 seconds
[2023-01-09T15:13:17.066+0400] {processor.py:153} INFO - Started process (PID=14378) to work on /Users/harut/opt/anaconda3/lib/python3.9/site-packages/airflow/example_dags/example_task_group.py
[2023-01-09T15:13:17.067+0400] {processor.py:743} INFO - Processing file /Users/harut/opt/anaconda3/lib/python3.9/site-packages/airflow/example_dags/example_task_group.py for tasks to queue
[2023-01-09T15:13:17.067+0400] {logging_mixin.py:137} INFO - [2023-01-09T15:13:17.067+0400] {dagbag.py:538} INFO - Filling up the DagBag from /Users/harut/opt/anaconda3/lib/python3.9/site-packages/airflow/example_dags/example_task_group.py
[2023-01-09T15:13:17.086+0400] {processor.py:753} INFO - DAG(s) dict_keys(['example_task_group']) retrieved from /Users/harut/opt/anaconda3/lib/python3.9/site-packages/airflow/example_dags/example_task_group.py
[2023-01-09T15:13:17.489+0400] {logging_mixin.py:137} INFO - [2023-01-09T15:13:17.489+0400] {dag.py:2676} INFO - Sync 1 DAGs
[2023-01-09T15:13:17.498+0400] {logging_mixin.py:137} INFO - [2023-01-09T15:13:17.498+0400] {dag.py:3423} INFO - Setting next_dagrun for example_task_group to 2023-01-08T11:13:17.498456+00:00, run_after=2023-01-09T11:13:17.498456+00:00
[2023-01-09T15:13:17.509+0400] {processor.py:175} INFO - Processing /Users/harut/opt/anaconda3/lib/python3.9/site-packages/airflow/example_dags/example_task_group.py took 0.443 seconds
[2023-01-09T15:14:40.636+0400] {processor.py:153} INFO - Started process (PID=14440) to work on /Users/harut/opt/anaconda3/lib/python3.9/site-packages/airflow/example_dags/example_task_group.py
[2023-01-09T15:14:40.637+0400] {processor.py:743} INFO - Processing file /Users/harut/opt/anaconda3/lib/python3.9/site-packages/airflow/example_dags/example_task_group.py for tasks to queue
[2023-01-09T15:14:40.637+0400] {logging_mixin.py:137} INFO - [2023-01-09T15:14:40.637+0400] {dagbag.py:538} INFO - Filling up the DagBag from /Users/harut/opt/anaconda3/lib/python3.9/site-packages/airflow/example_dags/example_task_group.py
[2023-01-09T15:14:40.655+0400] {processor.py:753} INFO - DAG(s) dict_keys(['example_task_group']) retrieved from /Users/harut/opt/anaconda3/lib/python3.9/site-packages/airflow/example_dags/example_task_group.py
[2023-01-09T15:14:41.043+0400] {logging_mixin.py:137} INFO - [2023-01-09T15:14:41.043+0400] {dag.py:2676} INFO - Sync 1 DAGs
[2023-01-09T15:14:41.052+0400] {logging_mixin.py:137} INFO - [2023-01-09T15:14:41.052+0400] {dag.py:3423} INFO - Setting next_dagrun for example_task_group to 2023-01-08T11:14:41.052018+00:00, run_after=2023-01-09T11:14:41.052018+00:00
[2023-01-09T15:14:41.062+0400] {processor.py:175} INFO - Processing /Users/harut/opt/anaconda3/lib/python3.9/site-packages/airflow/example_dags/example_task_group.py took 0.427 seconds
[2023-01-09T15:16:04.036+0400] {processor.py:153} INFO - Started process (PID=14499) to work on /Users/harut/opt/anaconda3/lib/python3.9/site-packages/airflow/example_dags/example_task_group.py
[2023-01-09T15:16:04.037+0400] {processor.py:743} INFO - Processing file /Users/harut/opt/anaconda3/lib/python3.9/site-packages/airflow/example_dags/example_task_group.py for tasks to queue
[2023-01-09T15:16:04.037+0400] {logging_mixin.py:137} INFO - [2023-01-09T15:16:04.037+0400] {dagbag.py:538} INFO - Filling up the DagBag from /Users/harut/opt/anaconda3/lib/python3.9/site-packages/airflow/example_dags/example_task_group.py
[2023-01-09T15:16:04.056+0400] {processor.py:753} INFO - DAG(s) dict_keys(['example_task_group']) retrieved from /Users/harut/opt/anaconda3/lib/python3.9/site-packages/airflow/example_dags/example_task_group.py
[2023-01-09T15:16:04.482+0400] {logging_mixin.py:137} INFO - [2023-01-09T15:16:04.482+0400] {dag.py:2676} INFO - Sync 1 DAGs
[2023-01-09T15:16:04.492+0400] {logging_mixin.py:137} INFO - [2023-01-09T15:16:04.492+0400] {dag.py:3423} INFO - Setting next_dagrun for example_task_group to 2023-01-08T11:16:04.492513+00:00, run_after=2023-01-09T11:16:04.492513+00:00
[2023-01-09T15:16:04.504+0400] {processor.py:175} INFO - Processing /Users/harut/opt/anaconda3/lib/python3.9/site-packages/airflow/example_dags/example_task_group.py took 0.469 seconds
[2023-01-09T15:17:27.171+0400] {processor.py:153} INFO - Started process (PID=14545) to work on /Users/harut/opt/anaconda3/lib/python3.9/site-packages/airflow/example_dags/example_task_group.py
[2023-01-09T15:17:27.172+0400] {processor.py:743} INFO - Processing file /Users/harut/opt/anaconda3/lib/python3.9/site-packages/airflow/example_dags/example_task_group.py for tasks to queue
[2023-01-09T15:17:27.172+0400] {logging_mixin.py:137} INFO - [2023-01-09T15:17:27.172+0400] {dagbag.py:538} INFO - Filling up the DagBag from /Users/harut/opt/anaconda3/lib/python3.9/site-packages/airflow/example_dags/example_task_group.py
[2023-01-09T15:17:27.190+0400] {processor.py:753} INFO - DAG(s) dict_keys(['example_task_group']) retrieved from /Users/harut/opt/anaconda3/lib/python3.9/site-packages/airflow/example_dags/example_task_group.py
[2023-01-09T15:17:27.570+0400] {logging_mixin.py:137} INFO - [2023-01-09T15:17:27.570+0400] {dag.py:2676} INFO - Sync 1 DAGs
[2023-01-09T15:17:27.579+0400] {logging_mixin.py:137} INFO - [2023-01-09T15:17:27.579+0400] {dag.py:3423} INFO - Setting next_dagrun for example_task_group to 2023-01-08T11:17:27.578955+00:00, run_after=2023-01-09T11:17:27.578955+00:00
[2023-01-09T15:17:27.589+0400] {processor.py:175} INFO - Processing /Users/harut/opt/anaconda3/lib/python3.9/site-packages/airflow/example_dags/example_task_group.py took 0.418 seconds
[2023-01-09T15:18:50.284+0400] {processor.py:153} INFO - Started process (PID=14589) to work on /Users/harut/opt/anaconda3/lib/python3.9/site-packages/airflow/example_dags/example_task_group.py
[2023-01-09T15:18:50.284+0400] {processor.py:743} INFO - Processing file /Users/harut/opt/anaconda3/lib/python3.9/site-packages/airflow/example_dags/example_task_group.py for tasks to queue
[2023-01-09T15:18:50.285+0400] {logging_mixin.py:137} INFO - [2023-01-09T15:18:50.284+0400] {dagbag.py:538} INFO - Filling up the DagBag from /Users/harut/opt/anaconda3/lib/python3.9/site-packages/airflow/example_dags/example_task_group.py
[2023-01-09T15:18:50.303+0400] {processor.py:753} INFO - DAG(s) dict_keys(['example_task_group']) retrieved from /Users/harut/opt/anaconda3/lib/python3.9/site-packages/airflow/example_dags/example_task_group.py
[2023-01-09T15:18:50.711+0400] {logging_mixin.py:137} INFO - [2023-01-09T15:18:50.711+0400] {dag.py:2676} INFO - Sync 1 DAGs
[2023-01-09T15:18:50.720+0400] {logging_mixin.py:137} INFO - [2023-01-09T15:18:50.720+0400] {dag.py:3423} INFO - Setting next_dagrun for example_task_group to 2023-01-08T11:18:50.720556+00:00, run_after=2023-01-09T11:18:50.720556+00:00
[2023-01-09T15:18:50.731+0400] {processor.py:175} INFO - Processing /Users/harut/opt/anaconda3/lib/python3.9/site-packages/airflow/example_dags/example_task_group.py took 0.448 seconds
[2023-01-09T15:20:13.429+0400] {processor.py:153} INFO - Started process (PID=14640) to work on /Users/harut/opt/anaconda3/lib/python3.9/site-packages/airflow/example_dags/example_task_group.py
[2023-01-09T15:20:13.430+0400] {processor.py:743} INFO - Processing file /Users/harut/opt/anaconda3/lib/python3.9/site-packages/airflow/example_dags/example_task_group.py for tasks to queue
[2023-01-09T15:20:13.430+0400] {logging_mixin.py:137} INFO - [2023-01-09T15:20:13.430+0400] {dagbag.py:538} INFO - Filling up the DagBag from /Users/harut/opt/anaconda3/lib/python3.9/site-packages/airflow/example_dags/example_task_group.py
[2023-01-09T15:20:13.448+0400] {processor.py:753} INFO - DAG(s) dict_keys(['example_task_group']) retrieved from /Users/harut/opt/anaconda3/lib/python3.9/site-packages/airflow/example_dags/example_task_group.py
[2023-01-09T15:20:13.849+0400] {logging_mixin.py:137} INFO - [2023-01-09T15:20:13.849+0400] {dag.py:2676} INFO - Sync 1 DAGs
[2023-01-09T15:20:13.859+0400] {logging_mixin.py:137} INFO - [2023-01-09T15:20:13.859+0400] {dag.py:3423} INFO - Setting next_dagrun for example_task_group to 2023-01-08T11:20:13.858932+00:00, run_after=2023-01-09T11:20:13.858932+00:00
[2023-01-09T15:20:13.870+0400] {processor.py:175} INFO - Processing /Users/harut/opt/anaconda3/lib/python3.9/site-packages/airflow/example_dags/example_task_group.py took 0.441 seconds
[2023-01-09T15:21:37.141+0400] {processor.py:153} INFO - Started process (PID=14690) to work on /Users/harut/opt/anaconda3/lib/python3.9/site-packages/airflow/example_dags/example_task_group.py
[2023-01-09T15:21:37.142+0400] {processor.py:743} INFO - Processing file /Users/harut/opt/anaconda3/lib/python3.9/site-packages/airflow/example_dags/example_task_group.py for tasks to queue
[2023-01-09T15:21:37.142+0400] {logging_mixin.py:137} INFO - [2023-01-09T15:21:37.142+0400] {dagbag.py:538} INFO - Filling up the DagBag from /Users/harut/opt/anaconda3/lib/python3.9/site-packages/airflow/example_dags/example_task_group.py
[2023-01-09T15:21:37.162+0400] {processor.py:753} INFO - DAG(s) dict_keys(['example_task_group']) retrieved from /Users/harut/opt/anaconda3/lib/python3.9/site-packages/airflow/example_dags/example_task_group.py
[2023-01-09T15:21:37.599+0400] {logging_mixin.py:137} INFO - [2023-01-09T15:21:37.598+0400] {dag.py:2676} INFO - Sync 1 DAGs
[2023-01-09T15:21:37.608+0400] {logging_mixin.py:137} INFO - [2023-01-09T15:21:37.608+0400] {dag.py:3423} INFO - Setting next_dagrun for example_task_group to 2023-01-08T11:21:37.608554+00:00, run_after=2023-01-09T11:21:37.608554+00:00
[2023-01-09T15:21:37.621+0400] {processor.py:175} INFO - Processing /Users/harut/opt/anaconda3/lib/python3.9/site-packages/airflow/example_dags/example_task_group.py took 0.481 seconds
[2023-01-09T15:23:00.871+0400] {processor.py:153} INFO - Started process (PID=14744) to work on /Users/harut/opt/anaconda3/lib/python3.9/site-packages/airflow/example_dags/example_task_group.py
[2023-01-09T15:23:00.872+0400] {processor.py:743} INFO - Processing file /Users/harut/opt/anaconda3/lib/python3.9/site-packages/airflow/example_dags/example_task_group.py for tasks to queue
[2023-01-09T15:23:00.872+0400] {logging_mixin.py:137} INFO - [2023-01-09T15:23:00.872+0400] {dagbag.py:538} INFO - Filling up the DagBag from /Users/harut/opt/anaconda3/lib/python3.9/site-packages/airflow/example_dags/example_task_group.py
[2023-01-09T15:23:00.890+0400] {processor.py:753} INFO - DAG(s) dict_keys(['example_task_group']) retrieved from /Users/harut/opt/anaconda3/lib/python3.9/site-packages/airflow/example_dags/example_task_group.py
[2023-01-09T15:23:01.305+0400] {logging_mixin.py:137} INFO - [2023-01-09T15:23:01.305+0400] {dag.py:2676} INFO - Sync 1 DAGs
[2023-01-09T15:23:01.315+0400] {logging_mixin.py:137} INFO - [2023-01-09T15:23:01.315+0400] {dag.py:3423} INFO - Setting next_dagrun for example_task_group to 2023-01-08T11:23:01.314993+00:00, run_after=2023-01-09T11:23:01.314993+00:00
[2023-01-09T15:23:01.326+0400] {processor.py:175} INFO - Processing /Users/harut/opt/anaconda3/lib/python3.9/site-packages/airflow/example_dags/example_task_group.py took 0.455 seconds
[2023-01-09T15:24:24.040+0400] {processor.py:153} INFO - Started process (PID=14788) to work on /Users/harut/opt/anaconda3/lib/python3.9/site-packages/airflow/example_dags/example_task_group.py
[2023-01-09T15:24:24.041+0400] {processor.py:743} INFO - Processing file /Users/harut/opt/anaconda3/lib/python3.9/site-packages/airflow/example_dags/example_task_group.py for tasks to queue
[2023-01-09T15:24:24.041+0400] {logging_mixin.py:137} INFO - [2023-01-09T15:24:24.041+0400] {dagbag.py:538} INFO - Filling up the DagBag from /Users/harut/opt/anaconda3/lib/python3.9/site-packages/airflow/example_dags/example_task_group.py
[2023-01-09T15:24:24.059+0400] {processor.py:753} INFO - DAG(s) dict_keys(['example_task_group']) retrieved from /Users/harut/opt/anaconda3/lib/python3.9/site-packages/airflow/example_dags/example_task_group.py
[2023-01-09T15:24:24.463+0400] {logging_mixin.py:137} INFO - [2023-01-09T15:24:24.462+0400] {dag.py:2676} INFO - Sync 1 DAGs
[2023-01-09T15:24:24.471+0400] {logging_mixin.py:137} INFO - [2023-01-09T15:24:24.471+0400] {dag.py:3423} INFO - Setting next_dagrun for example_task_group to 2023-01-08T11:24:24.471752+00:00, run_after=2023-01-09T11:24:24.471752+00:00
[2023-01-09T15:24:24.482+0400] {processor.py:175} INFO - Processing /Users/harut/opt/anaconda3/lib/python3.9/site-packages/airflow/example_dags/example_task_group.py took 0.442 seconds
[2023-01-09T15:25:47.984+0400] {processor.py:153} INFO - Started process (PID=14834) to work on /Users/harut/opt/anaconda3/lib/python3.9/site-packages/airflow/example_dags/example_task_group.py
[2023-01-09T15:25:47.985+0400] {processor.py:743} INFO - Processing file /Users/harut/opt/anaconda3/lib/python3.9/site-packages/airflow/example_dags/example_task_group.py for tasks to queue
[2023-01-09T15:25:47.985+0400] {logging_mixin.py:137} INFO - [2023-01-09T15:25:47.985+0400] {dagbag.py:538} INFO - Filling up the DagBag from /Users/harut/opt/anaconda3/lib/python3.9/site-packages/airflow/example_dags/example_task_group.py
[2023-01-09T15:25:48.003+0400] {processor.py:753} INFO - DAG(s) dict_keys(['example_task_group']) retrieved from /Users/harut/opt/anaconda3/lib/python3.9/site-packages/airflow/example_dags/example_task_group.py
[2023-01-09T15:25:48.385+0400] {logging_mixin.py:137} INFO - [2023-01-09T15:25:48.385+0400] {dag.py:2676} INFO - Sync 1 DAGs
[2023-01-09T15:25:48.394+0400] {logging_mixin.py:137} INFO - [2023-01-09T15:25:48.394+0400] {dag.py:3423} INFO - Setting next_dagrun for example_task_group to 2023-01-08T11:25:48.394704+00:00, run_after=2023-01-09T11:25:48.394704+00:00
[2023-01-09T15:25:48.407+0400] {processor.py:175} INFO - Processing /Users/harut/opt/anaconda3/lib/python3.9/site-packages/airflow/example_dags/example_task_group.py took 0.423 seconds
[2023-01-09T15:27:11.716+0400] {processor.py:153} INFO - Started process (PID=14877) to work on /Users/harut/opt/anaconda3/lib/python3.9/site-packages/airflow/example_dags/example_task_group.py
[2023-01-09T15:27:11.716+0400] {processor.py:743} INFO - Processing file /Users/harut/opt/anaconda3/lib/python3.9/site-packages/airflow/example_dags/example_task_group.py for tasks to queue
[2023-01-09T15:27:11.717+0400] {logging_mixin.py:137} INFO - [2023-01-09T15:27:11.717+0400] {dagbag.py:538} INFO - Filling up the DagBag from /Users/harut/opt/anaconda3/lib/python3.9/site-packages/airflow/example_dags/example_task_group.py
[2023-01-09T15:27:11.735+0400] {processor.py:753} INFO - DAG(s) dict_keys(['example_task_group']) retrieved from /Users/harut/opt/anaconda3/lib/python3.9/site-packages/airflow/example_dags/example_task_group.py
[2023-01-09T15:27:12.167+0400] {logging_mixin.py:137} INFO - [2023-01-09T15:27:12.167+0400] {dag.py:2676} INFO - Sync 1 DAGs
[2023-01-09T15:27:12.178+0400] {logging_mixin.py:137} INFO - [2023-01-09T15:27:12.178+0400] {dag.py:3423} INFO - Setting next_dagrun for example_task_group to 2023-01-08T11:27:12.178333+00:00, run_after=2023-01-09T11:27:12.178333+00:00
[2023-01-09T15:27:12.190+0400] {processor.py:175} INFO - Processing /Users/harut/opt/anaconda3/lib/python3.9/site-packages/airflow/example_dags/example_task_group.py took 0.475 seconds
[2023-01-09T15:28:35.070+0400] {processor.py:153} INFO - Started process (PID=14929) to work on /Users/harut/opt/anaconda3/lib/python3.9/site-packages/airflow/example_dags/example_task_group.py
[2023-01-09T15:28:35.071+0400] {processor.py:743} INFO - Processing file /Users/harut/opt/anaconda3/lib/python3.9/site-packages/airflow/example_dags/example_task_group.py for tasks to queue
[2023-01-09T15:28:35.071+0400] {logging_mixin.py:137} INFO - [2023-01-09T15:28:35.071+0400] {dagbag.py:538} INFO - Filling up the DagBag from /Users/harut/opt/anaconda3/lib/python3.9/site-packages/airflow/example_dags/example_task_group.py
[2023-01-09T15:28:35.091+0400] {processor.py:753} INFO - DAG(s) dict_keys(['example_task_group']) retrieved from /Users/harut/opt/anaconda3/lib/python3.9/site-packages/airflow/example_dags/example_task_group.py
[2023-01-09T15:28:35.530+0400] {logging_mixin.py:137} INFO - [2023-01-09T15:28:35.530+0400] {dag.py:2676} INFO - Sync 1 DAGs
[2023-01-09T15:28:35.541+0400] {logging_mixin.py:137} INFO - [2023-01-09T15:28:35.541+0400] {dag.py:3423} INFO - Setting next_dagrun for example_task_group to 2023-01-08T11:28:35.541264+00:00, run_after=2023-01-09T11:28:35.541264+00:00
[2023-01-09T15:28:35.554+0400] {processor.py:175} INFO - Processing /Users/harut/opt/anaconda3/lib/python3.9/site-packages/airflow/example_dags/example_task_group.py took 0.484 seconds
[2023-01-09T15:29:55.796+0400] {processor.py:153} INFO - Started process (PID=14975) to work on /Users/harut/opt/anaconda3/lib/python3.9/site-packages/airflow/example_dags/example_task_group.py
[2023-01-09T15:29:55.797+0400] {processor.py:743} INFO - Processing file /Users/harut/opt/anaconda3/lib/python3.9/site-packages/airflow/example_dags/example_task_group.py for tasks to queue
[2023-01-09T15:29:55.797+0400] {logging_mixin.py:137} INFO - [2023-01-09T15:29:55.797+0400] {dagbag.py:538} INFO - Filling up the DagBag from /Users/harut/opt/anaconda3/lib/python3.9/site-packages/airflow/example_dags/example_task_group.py
[2023-01-09T15:29:55.817+0400] {processor.py:753} INFO - DAG(s) dict_keys(['example_task_group']) retrieved from /Users/harut/opt/anaconda3/lib/python3.9/site-packages/airflow/example_dags/example_task_group.py
[2023-01-09T15:29:56.232+0400] {logging_mixin.py:137} INFO - [2023-01-09T15:29:56.232+0400] {dag.py:2676} INFO - Sync 1 DAGs
[2023-01-09T15:29:56.241+0400] {logging_mixin.py:137} INFO - [2023-01-09T15:29:56.241+0400] {dag.py:3423} INFO - Setting next_dagrun for example_task_group to 2023-01-08T11:29:56.241742+00:00, run_after=2023-01-09T11:29:56.241742+00:00
[2023-01-09T15:29:56.253+0400] {processor.py:175} INFO - Processing /Users/harut/opt/anaconda3/lib/python3.9/site-packages/airflow/example_dags/example_task_group.py took 0.457 seconds
[2023-01-09T15:31:18.020+0400] {processor.py:153} INFO - Started process (PID=15022) to work on /Users/harut/opt/anaconda3/lib/python3.9/site-packages/airflow/example_dags/example_task_group.py
[2023-01-09T15:31:18.021+0400] {processor.py:743} INFO - Processing file /Users/harut/opt/anaconda3/lib/python3.9/site-packages/airflow/example_dags/example_task_group.py for tasks to queue
[2023-01-09T15:31:18.021+0400] {logging_mixin.py:137} INFO - [2023-01-09T15:31:18.021+0400] {dagbag.py:538} INFO - Filling up the DagBag from /Users/harut/opt/anaconda3/lib/python3.9/site-packages/airflow/example_dags/example_task_group.py
[2023-01-09T15:31:18.039+0400] {processor.py:753} INFO - DAG(s) dict_keys(['example_task_group']) retrieved from /Users/harut/opt/anaconda3/lib/python3.9/site-packages/airflow/example_dags/example_task_group.py
[2023-01-09T15:31:18.428+0400] {logging_mixin.py:137} INFO - [2023-01-09T15:31:18.428+0400] {dag.py:2676} INFO - Sync 1 DAGs
[2023-01-09T15:31:18.437+0400] {logging_mixin.py:137} INFO - [2023-01-09T15:31:18.437+0400] {dag.py:3423} INFO - Setting next_dagrun for example_task_group to 2023-01-08T11:31:18.437083+00:00, run_after=2023-01-09T11:31:18.437083+00:00
[2023-01-09T15:31:18.447+0400] {processor.py:175} INFO - Processing /Users/harut/opt/anaconda3/lib/python3.9/site-packages/airflow/example_dags/example_task_group.py took 0.427 seconds
[2023-01-09T15:32:41.600+0400] {processor.py:153} INFO - Started process (PID=15068) to work on /Users/harut/opt/anaconda3/lib/python3.9/site-packages/airflow/example_dags/example_task_group.py
[2023-01-09T15:32:41.601+0400] {processor.py:743} INFO - Processing file /Users/harut/opt/anaconda3/lib/python3.9/site-packages/airflow/example_dags/example_task_group.py for tasks to queue
[2023-01-09T15:32:41.601+0400] {logging_mixin.py:137} INFO - [2023-01-09T15:32:41.601+0400] {dagbag.py:538} INFO - Filling up the DagBag from /Users/harut/opt/anaconda3/lib/python3.9/site-packages/airflow/example_dags/example_task_group.py
[2023-01-09T15:32:41.620+0400] {processor.py:753} INFO - DAG(s) dict_keys(['example_task_group']) retrieved from /Users/harut/opt/anaconda3/lib/python3.9/site-packages/airflow/example_dags/example_task_group.py
[2023-01-09T15:32:42.041+0400] {logging_mixin.py:137} INFO - [2023-01-09T15:32:42.040+0400] {dag.py:2676} INFO - Sync 1 DAGs
[2023-01-09T15:32:42.051+0400] {logging_mixin.py:137} INFO - [2023-01-09T15:32:42.051+0400] {dag.py:3423} INFO - Setting next_dagrun for example_task_group to 2023-01-08T11:32:42.051052+00:00, run_after=2023-01-09T11:32:42.051052+00:00
[2023-01-09T15:32:42.063+0400] {processor.py:175} INFO - Processing /Users/harut/opt/anaconda3/lib/python3.9/site-packages/airflow/example_dags/example_task_group.py took 0.463 seconds
[2023-01-09T15:34:05.569+0400] {processor.py:153} INFO - Started process (PID=15112) to work on /Users/harut/opt/anaconda3/lib/python3.9/site-packages/airflow/example_dags/example_task_group.py
[2023-01-09T15:34:05.570+0400] {processor.py:743} INFO - Processing file /Users/harut/opt/anaconda3/lib/python3.9/site-packages/airflow/example_dags/example_task_group.py for tasks to queue
[2023-01-09T15:34:05.570+0400] {logging_mixin.py:137} INFO - [2023-01-09T15:34:05.570+0400] {dagbag.py:538} INFO - Filling up the DagBag from /Users/harut/opt/anaconda3/lib/python3.9/site-packages/airflow/example_dags/example_task_group.py
[2023-01-09T15:34:05.588+0400] {processor.py:753} INFO - DAG(s) dict_keys(['example_task_group']) retrieved from /Users/harut/opt/anaconda3/lib/python3.9/site-packages/airflow/example_dags/example_task_group.py
[2023-01-09T15:34:06.012+0400] {logging_mixin.py:137} INFO - [2023-01-09T15:34:06.012+0400] {dag.py:2676} INFO - Sync 1 DAGs
[2023-01-09T15:34:06.022+0400] {logging_mixin.py:137} INFO - [2023-01-09T15:34:06.022+0400] {dag.py:3423} INFO - Setting next_dagrun for example_task_group to 2023-01-08T11:34:06.022691+00:00, run_after=2023-01-09T11:34:06.022691+00:00
[2023-01-09T15:34:06.034+0400] {processor.py:175} INFO - Processing /Users/harut/opt/anaconda3/lib/python3.9/site-packages/airflow/example_dags/example_task_group.py took 0.465 seconds
[2023-01-09T15:35:29.135+0400] {processor.py:153} INFO - Started process (PID=15163) to work on /Users/harut/opt/anaconda3/lib/python3.9/site-packages/airflow/example_dags/example_task_group.py
[2023-01-09T15:35:29.136+0400] {processor.py:743} INFO - Processing file /Users/harut/opt/anaconda3/lib/python3.9/site-packages/airflow/example_dags/example_task_group.py for tasks to queue
[2023-01-09T15:35:29.136+0400] {logging_mixin.py:137} INFO - [2023-01-09T15:35:29.136+0400] {dagbag.py:538} INFO - Filling up the DagBag from /Users/harut/opt/anaconda3/lib/python3.9/site-packages/airflow/example_dags/example_task_group.py
[2023-01-09T15:35:29.154+0400] {processor.py:753} INFO - DAG(s) dict_keys(['example_task_group']) retrieved from /Users/harut/opt/anaconda3/lib/python3.9/site-packages/airflow/example_dags/example_task_group.py
[2023-01-09T15:35:29.541+0400] {logging_mixin.py:137} INFO - [2023-01-09T15:35:29.541+0400] {dag.py:2676} INFO - Sync 1 DAGs
[2023-01-09T15:35:29.550+0400] {logging_mixin.py:137} INFO - [2023-01-09T15:35:29.550+0400] {dag.py:3423} INFO - Setting next_dagrun for example_task_group to 2023-01-08T11:35:29.550461+00:00, run_after=2023-01-09T11:35:29.550461+00:00
[2023-01-09T15:35:29.561+0400] {processor.py:175} INFO - Processing /Users/harut/opt/anaconda3/lib/python3.9/site-packages/airflow/example_dags/example_task_group.py took 0.426 seconds
[2023-01-09T15:36:51.984+0400] {processor.py:153} INFO - Started process (PID=15224) to work on /Users/harut/opt/anaconda3/lib/python3.9/site-packages/airflow/example_dags/example_task_group.py
[2023-01-09T15:36:51.985+0400] {processor.py:743} INFO - Processing file /Users/harut/opt/anaconda3/lib/python3.9/site-packages/airflow/example_dags/example_task_group.py for tasks to queue
[2023-01-09T15:36:51.985+0400] {logging_mixin.py:137} INFO - [2023-01-09T15:36:51.985+0400] {dagbag.py:538} INFO - Filling up the DagBag from /Users/harut/opt/anaconda3/lib/python3.9/site-packages/airflow/example_dags/example_task_group.py
[2023-01-09T15:36:52.003+0400] {processor.py:753} INFO - DAG(s) dict_keys(['example_task_group']) retrieved from /Users/harut/opt/anaconda3/lib/python3.9/site-packages/airflow/example_dags/example_task_group.py
[2023-01-09T15:36:52.406+0400] {logging_mixin.py:137} INFO - [2023-01-09T15:36:52.406+0400] {dag.py:2676} INFO - Sync 1 DAGs
[2023-01-09T15:36:52.415+0400] {logging_mixin.py:137} INFO - [2023-01-09T15:36:52.415+0400] {dag.py:3423} INFO - Setting next_dagrun for example_task_group to 2023-01-08T11:36:52.415795+00:00, run_after=2023-01-09T11:36:52.415795+00:00
[2023-01-09T15:36:52.426+0400] {processor.py:175} INFO - Processing /Users/harut/opt/anaconda3/lib/python3.9/site-packages/airflow/example_dags/example_task_group.py took 0.442 seconds
[2023-01-09T15:38:14.611+0400] {processor.py:153} INFO - Started process (PID=15266) to work on /Users/harut/opt/anaconda3/lib/python3.9/site-packages/airflow/example_dags/example_task_group.py
[2023-01-09T15:38:14.612+0400] {processor.py:743} INFO - Processing file /Users/harut/opt/anaconda3/lib/python3.9/site-packages/airflow/example_dags/example_task_group.py for tasks to queue
[2023-01-09T15:38:14.612+0400] {logging_mixin.py:137} INFO - [2023-01-09T15:38:14.612+0400] {dagbag.py:538} INFO - Filling up the DagBag from /Users/harut/opt/anaconda3/lib/python3.9/site-packages/airflow/example_dags/example_task_group.py
[2023-01-09T15:38:14.630+0400] {processor.py:753} INFO - DAG(s) dict_keys(['example_task_group']) retrieved from /Users/harut/opt/anaconda3/lib/python3.9/site-packages/airflow/example_dags/example_task_group.py
[2023-01-09T15:38:15.004+0400] {logging_mixin.py:137} INFO - [2023-01-09T15:38:15.004+0400] {dag.py:2676} INFO - Sync 1 DAGs
[2023-01-09T15:38:15.013+0400] {logging_mixin.py:137} INFO - [2023-01-09T15:38:15.013+0400] {dag.py:3423} INFO - Setting next_dagrun for example_task_group to 2023-01-08T11:38:15.013601+00:00, run_after=2023-01-09T11:38:15.013601+00:00
[2023-01-09T15:38:15.024+0400] {processor.py:175} INFO - Processing /Users/harut/opt/anaconda3/lib/python3.9/site-packages/airflow/example_dags/example_task_group.py took 0.413 seconds
[2023-01-09T15:39:36.602+0400] {processor.py:153} INFO - Started process (PID=15310) to work on /Users/harut/opt/anaconda3/lib/python3.9/site-packages/airflow/example_dags/example_task_group.py
[2023-01-09T15:39:36.602+0400] {processor.py:743} INFO - Processing file /Users/harut/opt/anaconda3/lib/python3.9/site-packages/airflow/example_dags/example_task_group.py for tasks to queue
[2023-01-09T15:39:36.602+0400] {logging_mixin.py:137} INFO - [2023-01-09T15:39:36.602+0400] {dagbag.py:538} INFO - Filling up the DagBag from /Users/harut/opt/anaconda3/lib/python3.9/site-packages/airflow/example_dags/example_task_group.py
[2023-01-09T15:39:36.620+0400] {processor.py:753} INFO - DAG(s) dict_keys(['example_task_group']) retrieved from /Users/harut/opt/anaconda3/lib/python3.9/site-packages/airflow/example_dags/example_task_group.py
[2023-01-09T15:39:37.010+0400] {logging_mixin.py:137} INFO - [2023-01-09T15:39:37.010+0400] {dag.py:2676} INFO - Sync 1 DAGs
[2023-01-09T15:39:37.020+0400] {logging_mixin.py:137} INFO - [2023-01-09T15:39:37.020+0400] {dag.py:3423} INFO - Setting next_dagrun for example_task_group to 2023-01-08T11:39:37.020548+00:00, run_after=2023-01-09T11:39:37.020548+00:00
[2023-01-09T15:39:37.032+0400] {processor.py:175} INFO - Processing /Users/harut/opt/anaconda3/lib/python3.9/site-packages/airflow/example_dags/example_task_group.py took 0.431 seconds
[2023-01-09T15:40:56.341+0400] {processor.py:153} INFO - Started process (PID=15364) to work on /Users/harut/opt/anaconda3/lib/python3.9/site-packages/airflow/example_dags/example_task_group.py
[2023-01-09T15:40:56.342+0400] {processor.py:743} INFO - Processing file /Users/harut/opt/anaconda3/lib/python3.9/site-packages/airflow/example_dags/example_task_group.py for tasks to queue
[2023-01-09T15:40:56.342+0400] {logging_mixin.py:137} INFO - [2023-01-09T15:40:56.342+0400] {dagbag.py:538} INFO - Filling up the DagBag from /Users/harut/opt/anaconda3/lib/python3.9/site-packages/airflow/example_dags/example_task_group.py
[2023-01-09T15:40:56.360+0400] {processor.py:753} INFO - DAG(s) dict_keys(['example_task_group']) retrieved from /Users/harut/opt/anaconda3/lib/python3.9/site-packages/airflow/example_dags/example_task_group.py
[2023-01-09T15:40:56.744+0400] {logging_mixin.py:137} INFO - [2023-01-09T15:40:56.744+0400] {dag.py:2676} INFO - Sync 1 DAGs
[2023-01-09T15:40:56.753+0400] {logging_mixin.py:137} INFO - [2023-01-09T15:40:56.753+0400] {dag.py:3423} INFO - Setting next_dagrun for example_task_group to 2023-01-08T11:40:56.753033+00:00, run_after=2023-01-09T11:40:56.753033+00:00
[2023-01-09T15:40:56.763+0400] {processor.py:175} INFO - Processing /Users/harut/opt/anaconda3/lib/python3.9/site-packages/airflow/example_dags/example_task_group.py took 0.422 seconds
