[2023-01-09T14:16:42.086+0400] {processor.py:153} INFO - Started process (PID=12403) to work on /Users/harut/opt/anaconda3/lib/python3.9/site-packages/airflow/example_dags/example_trigger_target_dag.py
[2023-01-09T14:16:42.087+0400] {processor.py:743} INFO - Processing file /Users/harut/opt/anaconda3/lib/python3.9/site-packages/airflow/example_dags/example_trigger_target_dag.py for tasks to queue
[2023-01-09T14:16:42.087+0400] {logging_mixin.py:137} INFO - [2023-01-09T14:16:42.087+0400] {dagbag.py:538} INFO - Filling up the DagBag from /Users/harut/opt/anaconda3/lib/python3.9/site-packages/airflow/example_dags/example_trigger_target_dag.py
[2023-01-09T14:16:42.118+0400] {processor.py:753} INFO - DAG(s) dict_keys(['example_trigger_target_dag']) retrieved from /Users/harut/opt/anaconda3/lib/python3.9/site-packages/airflow/example_dags/example_trigger_target_dag.py
[2023-01-09T14:16:42.162+0400] {logging_mixin.py:137} INFO - [2023-01-09T14:16:42.162+0400] {dag.py:2676} INFO - Sync 1 DAGs
[2023-01-09T14:16:42.498+0400] {logging_mixin.py:137} INFO - [2023-01-09T14:16:42.497+0400] {dag.py:3423} INFO - Setting next_dagrun for example_trigger_target_dag to None, run_after=None
[2023-01-09T14:16:42.511+0400] {processor.py:175} INFO - Processing /Users/harut/opt/anaconda3/lib/python3.9/site-packages/airflow/example_dags/example_trigger_target_dag.py took 0.425 seconds
[2023-01-09T14:18:04.508+0400] {processor.py:153} INFO - Started process (PID=12446) to work on /Users/harut/opt/anaconda3/lib/python3.9/site-packages/airflow/example_dags/example_trigger_target_dag.py
[2023-01-09T14:18:04.509+0400] {processor.py:743} INFO - Processing file /Users/harut/opt/anaconda3/lib/python3.9/site-packages/airflow/example_dags/example_trigger_target_dag.py for tasks to queue
[2023-01-09T14:18:04.509+0400] {logging_mixin.py:137} INFO - [2023-01-09T14:18:04.509+0400] {dagbag.py:538} INFO - Filling up the DagBag from /Users/harut/opt/anaconda3/lib/python3.9/site-packages/airflow/example_dags/example_trigger_target_dag.py
[2023-01-09T14:18:04.538+0400] {processor.py:753} INFO - DAG(s) dict_keys(['example_trigger_target_dag']) retrieved from /Users/harut/opt/anaconda3/lib/python3.9/site-packages/airflow/example_dags/example_trigger_target_dag.py
[2023-01-09T14:18:04.907+0400] {logging_mixin.py:137} INFO - [2023-01-09T14:18:04.907+0400] {dag.py:2676} INFO - Sync 1 DAGs
[2023-01-09T14:18:04.916+0400] {logging_mixin.py:137} INFO - [2023-01-09T14:18:04.916+0400] {dag.py:3423} INFO - Setting next_dagrun for example_trigger_target_dag to None, run_after=None
[2023-01-09T14:18:04.926+0400] {processor.py:175} INFO - Processing /Users/harut/opt/anaconda3/lib/python3.9/site-packages/airflow/example_dags/example_trigger_target_dag.py took 0.419 seconds
[2023-01-09T14:19:13.857+0400] {processor.py:153} INFO - Started process (PID=12501) to work on /Users/harut/opt/anaconda3/lib/python3.9/site-packages/airflow/example_dags/example_trigger_target_dag.py
[2023-01-09T14:19:13.857+0400] {processor.py:743} INFO - Processing file /Users/harut/opt/anaconda3/lib/python3.9/site-packages/airflow/example_dags/example_trigger_target_dag.py for tasks to queue
[2023-01-09T14:19:13.857+0400] {logging_mixin.py:137} INFO - [2023-01-09T14:19:13.857+0400] {dagbag.py:538} INFO - Filling up the DagBag from /Users/harut/opt/anaconda3/lib/python3.9/site-packages/airflow/example_dags/example_trigger_target_dag.py
[2023-01-09T14:19:13.887+0400] {processor.py:753} INFO - DAG(s) dict_keys(['example_trigger_target_dag']) retrieved from /Users/harut/opt/anaconda3/lib/python3.9/site-packages/airflow/example_dags/example_trigger_target_dag.py
[2023-01-09T14:19:14.289+0400] {logging_mixin.py:137} INFO - [2023-01-09T14:19:14.289+0400] {dag.py:2676} INFO - Sync 1 DAGs
[2023-01-09T14:19:14.299+0400] {logging_mixin.py:137} INFO - [2023-01-09T14:19:14.299+0400] {dag.py:3423} INFO - Setting next_dagrun for example_trigger_target_dag to None, run_after=None
[2023-01-09T14:19:14.309+0400] {processor.py:175} INFO - Processing /Users/harut/opt/anaconda3/lib/python3.9/site-packages/airflow/example_dags/example_trigger_target_dag.py took 0.453 seconds
[2023-01-09T14:20:27.782+0400] {processor.py:153} INFO - Started process (PID=12539) to work on /Users/harut/opt/anaconda3/lib/python3.9/site-packages/airflow/example_dags/example_trigger_target_dag.py
[2023-01-09T14:20:27.782+0400] {processor.py:743} INFO - Processing file /Users/harut/opt/anaconda3/lib/python3.9/site-packages/airflow/example_dags/example_trigger_target_dag.py for tasks to queue
[2023-01-09T14:20:27.783+0400] {logging_mixin.py:137} INFO - [2023-01-09T14:20:27.783+0400] {dagbag.py:538} INFO - Filling up the DagBag from /Users/harut/opt/anaconda3/lib/python3.9/site-packages/airflow/example_dags/example_trigger_target_dag.py
[2023-01-09T14:20:27.814+0400] {processor.py:753} INFO - DAG(s) dict_keys(['example_trigger_target_dag']) retrieved from /Users/harut/opt/anaconda3/lib/python3.9/site-packages/airflow/example_dags/example_trigger_target_dag.py
[2023-01-09T14:20:28.192+0400] {logging_mixin.py:137} INFO - [2023-01-09T14:20:28.192+0400] {dag.py:2676} INFO - Sync 1 DAGs
[2023-01-09T14:20:28.202+0400] {logging_mixin.py:137} INFO - [2023-01-09T14:20:28.202+0400] {dag.py:3423} INFO - Setting next_dagrun for example_trigger_target_dag to None, run_after=None
[2023-01-09T14:20:28.212+0400] {processor.py:175} INFO - Processing /Users/harut/opt/anaconda3/lib/python3.9/site-packages/airflow/example_dags/example_trigger_target_dag.py took 0.430 seconds
[2023-01-09T14:21:43.281+0400] {processor.py:153} INFO - Started process (PID=12584) to work on /Users/harut/opt/anaconda3/lib/python3.9/site-packages/airflow/example_dags/example_trigger_target_dag.py
[2023-01-09T14:21:43.282+0400] {processor.py:743} INFO - Processing file /Users/harut/opt/anaconda3/lib/python3.9/site-packages/airflow/example_dags/example_trigger_target_dag.py for tasks to queue
[2023-01-09T14:21:43.282+0400] {logging_mixin.py:137} INFO - [2023-01-09T14:21:43.282+0400] {dagbag.py:538} INFO - Filling up the DagBag from /Users/harut/opt/anaconda3/lib/python3.9/site-packages/airflow/example_dags/example_trigger_target_dag.py
[2023-01-09T14:21:43.312+0400] {processor.py:753} INFO - DAG(s) dict_keys(['example_trigger_target_dag']) retrieved from /Users/harut/opt/anaconda3/lib/python3.9/site-packages/airflow/example_dags/example_trigger_target_dag.py
[2023-01-09T14:21:43.677+0400] {logging_mixin.py:137} INFO - [2023-01-09T14:21:43.677+0400] {dag.py:2676} INFO - Sync 1 DAGs
[2023-01-09T14:21:43.687+0400] {logging_mixin.py:137} INFO - [2023-01-09T14:21:43.686+0400] {dag.py:3423} INFO - Setting next_dagrun for example_trigger_target_dag to None, run_after=None
[2023-01-09T14:21:43.696+0400] {processor.py:175} INFO - Processing /Users/harut/opt/anaconda3/lib/python3.9/site-packages/airflow/example_dags/example_trigger_target_dag.py took 0.415 seconds
[2023-01-09T14:22:57.891+0400] {processor.py:153} INFO - Started process (PID=12631) to work on /Users/harut/opt/anaconda3/lib/python3.9/site-packages/airflow/example_dags/example_trigger_target_dag.py
[2023-01-09T14:22:57.892+0400] {processor.py:743} INFO - Processing file /Users/harut/opt/anaconda3/lib/python3.9/site-packages/airflow/example_dags/example_trigger_target_dag.py for tasks to queue
[2023-01-09T14:22:57.892+0400] {logging_mixin.py:137} INFO - [2023-01-09T14:22:57.892+0400] {dagbag.py:538} INFO - Filling up the DagBag from /Users/harut/opt/anaconda3/lib/python3.9/site-packages/airflow/example_dags/example_trigger_target_dag.py
[2023-01-09T14:22:57.923+0400] {processor.py:753} INFO - DAG(s) dict_keys(['example_trigger_target_dag']) retrieved from /Users/harut/opt/anaconda3/lib/python3.9/site-packages/airflow/example_dags/example_trigger_target_dag.py
[2023-01-09T14:22:58.290+0400] {logging_mixin.py:137} INFO - [2023-01-09T14:22:58.290+0400] {dag.py:2676} INFO - Sync 1 DAGs
[2023-01-09T14:22:58.300+0400] {logging_mixin.py:137} INFO - [2023-01-09T14:22:58.300+0400] {dag.py:3423} INFO - Setting next_dagrun for example_trigger_target_dag to None, run_after=None
[2023-01-09T14:22:58.310+0400] {processor.py:175} INFO - Processing /Users/harut/opt/anaconda3/lib/python3.9/site-packages/airflow/example_dags/example_trigger_target_dag.py took 0.419 seconds
[2023-01-09T14:24:18.666+0400] {processor.py:153} INFO - Started process (PID=12676) to work on /Users/harut/opt/anaconda3/lib/python3.9/site-packages/airflow/example_dags/example_trigger_target_dag.py
[2023-01-09T14:24:18.666+0400] {processor.py:743} INFO - Processing file /Users/harut/opt/anaconda3/lib/python3.9/site-packages/airflow/example_dags/example_trigger_target_dag.py for tasks to queue
[2023-01-09T14:24:18.666+0400] {logging_mixin.py:137} INFO - [2023-01-09T14:24:18.666+0400] {dagbag.py:538} INFO - Filling up the DagBag from /Users/harut/opt/anaconda3/lib/python3.9/site-packages/airflow/example_dags/example_trigger_target_dag.py
[2023-01-09T14:24:18.696+0400] {processor.py:753} INFO - DAG(s) dict_keys(['example_trigger_target_dag']) retrieved from /Users/harut/opt/anaconda3/lib/python3.9/site-packages/airflow/example_dags/example_trigger_target_dag.py
[2023-01-09T14:24:19.057+0400] {logging_mixin.py:137} INFO - [2023-01-09T14:24:19.057+0400] {dag.py:2676} INFO - Sync 1 DAGs
[2023-01-09T14:24:19.066+0400] {logging_mixin.py:137} INFO - [2023-01-09T14:24:19.066+0400] {dag.py:3423} INFO - Setting next_dagrun for example_trigger_target_dag to None, run_after=None
[2023-01-09T14:24:19.075+0400] {processor.py:175} INFO - Processing /Users/harut/opt/anaconda3/lib/python3.9/site-packages/airflow/example_dags/example_trigger_target_dag.py took 0.410 seconds
[2023-01-09T14:25:37.528+0400] {processor.py:153} INFO - Started process (PID=12719) to work on /Users/harut/opt/anaconda3/lib/python3.9/site-packages/airflow/example_dags/example_trigger_target_dag.py
[2023-01-09T14:25:37.529+0400] {processor.py:743} INFO - Processing file /Users/harut/opt/anaconda3/lib/python3.9/site-packages/airflow/example_dags/example_trigger_target_dag.py for tasks to queue
[2023-01-09T14:25:37.529+0400] {logging_mixin.py:137} INFO - [2023-01-09T14:25:37.529+0400] {dagbag.py:538} INFO - Filling up the DagBag from /Users/harut/opt/anaconda3/lib/python3.9/site-packages/airflow/example_dags/example_trigger_target_dag.py
[2023-01-09T14:25:37.557+0400] {processor.py:753} INFO - DAG(s) dict_keys(['example_trigger_target_dag']) retrieved from /Users/harut/opt/anaconda3/lib/python3.9/site-packages/airflow/example_dags/example_trigger_target_dag.py
[2023-01-09T14:25:37.940+0400] {logging_mixin.py:137} INFO - [2023-01-09T14:25:37.940+0400] {dag.py:2676} INFO - Sync 1 DAGs
[2023-01-09T14:25:37.951+0400] {logging_mixin.py:137} INFO - [2023-01-09T14:25:37.951+0400] {dag.py:3423} INFO - Setting next_dagrun for example_trigger_target_dag to None, run_after=None
[2023-01-09T14:25:37.962+0400] {processor.py:175} INFO - Processing /Users/harut/opt/anaconda3/lib/python3.9/site-packages/airflow/example_dags/example_trigger_target_dag.py took 0.435 seconds
[2023-01-09T14:26:54.174+0400] {processor.py:153} INFO - Started process (PID=12765) to work on /Users/harut/opt/anaconda3/lib/python3.9/site-packages/airflow/example_dags/example_trigger_target_dag.py
[2023-01-09T14:26:54.175+0400] {processor.py:743} INFO - Processing file /Users/harut/opt/anaconda3/lib/python3.9/site-packages/airflow/example_dags/example_trigger_target_dag.py for tasks to queue
[2023-01-09T14:26:54.175+0400] {logging_mixin.py:137} INFO - [2023-01-09T14:26:54.175+0400] {dagbag.py:538} INFO - Filling up the DagBag from /Users/harut/opt/anaconda3/lib/python3.9/site-packages/airflow/example_dags/example_trigger_target_dag.py
[2023-01-09T14:26:54.204+0400] {processor.py:753} INFO - DAG(s) dict_keys(['example_trigger_target_dag']) retrieved from /Users/harut/opt/anaconda3/lib/python3.9/site-packages/airflow/example_dags/example_trigger_target_dag.py
[2023-01-09T14:26:54.584+0400] {logging_mixin.py:137} INFO - [2023-01-09T14:26:54.584+0400] {dag.py:2676} INFO - Sync 1 DAGs
[2023-01-09T14:26:54.593+0400] {logging_mixin.py:137} INFO - [2023-01-09T14:26:54.593+0400] {dag.py:3423} INFO - Setting next_dagrun for example_trigger_target_dag to None, run_after=None
[2023-01-09T14:26:54.603+0400] {processor.py:175} INFO - Processing /Users/harut/opt/anaconda3/lib/python3.9/site-packages/airflow/example_dags/example_trigger_target_dag.py took 0.429 seconds
[2023-01-09T14:28:11.314+0400] {processor.py:153} INFO - Started process (PID=12808) to work on /Users/harut/opt/anaconda3/lib/python3.9/site-packages/airflow/example_dags/example_trigger_target_dag.py
[2023-01-09T14:28:11.314+0400] {processor.py:743} INFO - Processing file /Users/harut/opt/anaconda3/lib/python3.9/site-packages/airflow/example_dags/example_trigger_target_dag.py for tasks to queue
[2023-01-09T14:28:11.314+0400] {logging_mixin.py:137} INFO - [2023-01-09T14:28:11.314+0400] {dagbag.py:538} INFO - Filling up the DagBag from /Users/harut/opt/anaconda3/lib/python3.9/site-packages/airflow/example_dags/example_trigger_target_dag.py
[2023-01-09T14:28:11.343+0400] {processor.py:753} INFO - DAG(s) dict_keys(['example_trigger_target_dag']) retrieved from /Users/harut/opt/anaconda3/lib/python3.9/site-packages/airflow/example_dags/example_trigger_target_dag.py
[2023-01-09T14:28:11.705+0400] {logging_mixin.py:137} INFO - [2023-01-09T14:28:11.704+0400] {dag.py:2676} INFO - Sync 1 DAGs
[2023-01-09T14:28:11.714+0400] {logging_mixin.py:137} INFO - [2023-01-09T14:28:11.714+0400] {dag.py:3423} INFO - Setting next_dagrun for example_trigger_target_dag to None, run_after=None
[2023-01-09T14:28:11.723+0400] {processor.py:175} INFO - Processing /Users/harut/opt/anaconda3/lib/python3.9/site-packages/airflow/example_dags/example_trigger_target_dag.py took 0.410 seconds
[2023-01-09T14:29:29.412+0400] {processor.py:153} INFO - Started process (PID=12849) to work on /Users/harut/opt/anaconda3/lib/python3.9/site-packages/airflow/example_dags/example_trigger_target_dag.py
[2023-01-09T14:29:29.412+0400] {processor.py:743} INFO - Processing file /Users/harut/opt/anaconda3/lib/python3.9/site-packages/airflow/example_dags/example_trigger_target_dag.py for tasks to queue
[2023-01-09T14:29:29.413+0400] {logging_mixin.py:137} INFO - [2023-01-09T14:29:29.413+0400] {dagbag.py:538} INFO - Filling up the DagBag from /Users/harut/opt/anaconda3/lib/python3.9/site-packages/airflow/example_dags/example_trigger_target_dag.py
[2023-01-09T14:29:29.442+0400] {processor.py:753} INFO - DAG(s) dict_keys(['example_trigger_target_dag']) retrieved from /Users/harut/opt/anaconda3/lib/python3.9/site-packages/airflow/example_dags/example_trigger_target_dag.py
[2023-01-09T14:29:29.806+0400] {logging_mixin.py:137} INFO - [2023-01-09T14:29:29.806+0400] {dag.py:2676} INFO - Sync 1 DAGs
[2023-01-09T14:29:29.815+0400] {logging_mixin.py:137} INFO - [2023-01-09T14:29:29.815+0400] {dag.py:3423} INFO - Setting next_dagrun for example_trigger_target_dag to None, run_after=None
[2023-01-09T14:29:29.824+0400] {processor.py:175} INFO - Processing /Users/harut/opt/anaconda3/lib/python3.9/site-packages/airflow/example_dags/example_trigger_target_dag.py took 0.413 seconds
[2023-01-09T14:30:45.208+0400] {processor.py:153} INFO - Started process (PID=12895) to work on /Users/harut/opt/anaconda3/lib/python3.9/site-packages/airflow/example_dags/example_trigger_target_dag.py
[2023-01-09T14:30:45.208+0400] {processor.py:743} INFO - Processing file /Users/harut/opt/anaconda3/lib/python3.9/site-packages/airflow/example_dags/example_trigger_target_dag.py for tasks to queue
[2023-01-09T14:30:45.209+0400] {logging_mixin.py:137} INFO - [2023-01-09T14:30:45.209+0400] {dagbag.py:538} INFO - Filling up the DagBag from /Users/harut/opt/anaconda3/lib/python3.9/site-packages/airflow/example_dags/example_trigger_target_dag.py
[2023-01-09T14:30:45.238+0400] {processor.py:753} INFO - DAG(s) dict_keys(['example_trigger_target_dag']) retrieved from /Users/harut/opt/anaconda3/lib/python3.9/site-packages/airflow/example_dags/example_trigger_target_dag.py
[2023-01-09T14:30:45.598+0400] {logging_mixin.py:137} INFO - [2023-01-09T14:30:45.598+0400] {dag.py:2676} INFO - Sync 1 DAGs
[2023-01-09T14:30:45.607+0400] {logging_mixin.py:137} INFO - [2023-01-09T14:30:45.607+0400] {dag.py:3423} INFO - Setting next_dagrun for example_trigger_target_dag to None, run_after=None
[2023-01-09T14:30:45.617+0400] {processor.py:175} INFO - Processing /Users/harut/opt/anaconda3/lib/python3.9/site-packages/airflow/example_dags/example_trigger_target_dag.py took 0.410 seconds
[2023-01-09T14:31:59.709+0400] {processor.py:153} INFO - Started process (PID=12938) to work on /Users/harut/opt/anaconda3/lib/python3.9/site-packages/airflow/example_dags/example_trigger_target_dag.py
[2023-01-09T14:31:59.709+0400] {processor.py:743} INFO - Processing file /Users/harut/opt/anaconda3/lib/python3.9/site-packages/airflow/example_dags/example_trigger_target_dag.py for tasks to queue
[2023-01-09T14:31:59.710+0400] {logging_mixin.py:137} INFO - [2023-01-09T14:31:59.710+0400] {dagbag.py:538} INFO - Filling up the DagBag from /Users/harut/opt/anaconda3/lib/python3.9/site-packages/airflow/example_dags/example_trigger_target_dag.py
[2023-01-09T14:31:59.739+0400] {processor.py:753} INFO - DAG(s) dict_keys(['example_trigger_target_dag']) retrieved from /Users/harut/opt/anaconda3/lib/python3.9/site-packages/airflow/example_dags/example_trigger_target_dag.py
[2023-01-09T14:32:00.097+0400] {logging_mixin.py:137} INFO - [2023-01-09T14:32:00.097+0400] {dag.py:2676} INFO - Sync 1 DAGs
[2023-01-09T14:32:00.106+0400] {logging_mixin.py:137} INFO - [2023-01-09T14:32:00.106+0400] {dag.py:3423} INFO - Setting next_dagrun for example_trigger_target_dag to None, run_after=None
[2023-01-09T14:32:00.115+0400] {processor.py:175} INFO - Processing /Users/harut/opt/anaconda3/lib/python3.9/site-packages/airflow/example_dags/example_trigger_target_dag.py took 0.407 seconds
[2023-01-09T14:33:16.541+0400] {processor.py:153} INFO - Started process (PID=12987) to work on /Users/harut/opt/anaconda3/lib/python3.9/site-packages/airflow/example_dags/example_trigger_target_dag.py
[2023-01-09T14:33:16.542+0400] {processor.py:743} INFO - Processing file /Users/harut/opt/anaconda3/lib/python3.9/site-packages/airflow/example_dags/example_trigger_target_dag.py for tasks to queue
[2023-01-09T14:33:16.542+0400] {logging_mixin.py:137} INFO - [2023-01-09T14:33:16.542+0400] {dagbag.py:538} INFO - Filling up the DagBag from /Users/harut/opt/anaconda3/lib/python3.9/site-packages/airflow/example_dags/example_trigger_target_dag.py
[2023-01-09T14:33:16.572+0400] {processor.py:753} INFO - DAG(s) dict_keys(['example_trigger_target_dag']) retrieved from /Users/harut/opt/anaconda3/lib/python3.9/site-packages/airflow/example_dags/example_trigger_target_dag.py
[2023-01-09T14:33:16.932+0400] {logging_mixin.py:137} INFO - [2023-01-09T14:33:16.932+0400] {dag.py:2676} INFO - Sync 1 DAGs
[2023-01-09T14:33:16.941+0400] {logging_mixin.py:137} INFO - [2023-01-09T14:33:16.941+0400] {dag.py:3423} INFO - Setting next_dagrun for example_trigger_target_dag to None, run_after=None
[2023-01-09T14:33:16.950+0400] {processor.py:175} INFO - Processing /Users/harut/opt/anaconda3/lib/python3.9/site-packages/airflow/example_dags/example_trigger_target_dag.py took 0.409 seconds
[2023-01-09T14:34:33.893+0400] {processor.py:153} INFO - Started process (PID=13037) to work on /Users/harut/opt/anaconda3/lib/python3.9/site-packages/airflow/example_dags/example_trigger_target_dag.py
[2023-01-09T14:34:33.894+0400] {processor.py:743} INFO - Processing file /Users/harut/opt/anaconda3/lib/python3.9/site-packages/airflow/example_dags/example_trigger_target_dag.py for tasks to queue
[2023-01-09T14:34:33.894+0400] {logging_mixin.py:137} INFO - [2023-01-09T14:34:33.894+0400] {dagbag.py:538} INFO - Filling up the DagBag from /Users/harut/opt/anaconda3/lib/python3.9/site-packages/airflow/example_dags/example_trigger_target_dag.py
[2023-01-09T14:34:33.925+0400] {processor.py:753} INFO - DAG(s) dict_keys(['example_trigger_target_dag']) retrieved from /Users/harut/opt/anaconda3/lib/python3.9/site-packages/airflow/example_dags/example_trigger_target_dag.py
[2023-01-09T14:34:34.328+0400] {logging_mixin.py:137} INFO - [2023-01-09T14:34:34.328+0400] {dag.py:2676} INFO - Sync 1 DAGs
[2023-01-09T14:34:34.338+0400] {logging_mixin.py:137} INFO - [2023-01-09T14:34:34.338+0400] {dag.py:3423} INFO - Setting next_dagrun for example_trigger_target_dag to None, run_after=None
[2023-01-09T14:34:34.348+0400] {processor.py:175} INFO - Processing /Users/harut/opt/anaconda3/lib/python3.9/site-packages/airflow/example_dags/example_trigger_target_dag.py took 0.455 seconds
[2023-01-09T14:35:51.920+0400] {processor.py:153} INFO - Started process (PID=13085) to work on /Users/harut/opt/anaconda3/lib/python3.9/site-packages/airflow/example_dags/example_trigger_target_dag.py
[2023-01-09T14:35:51.920+0400] {processor.py:743} INFO - Processing file /Users/harut/opt/anaconda3/lib/python3.9/site-packages/airflow/example_dags/example_trigger_target_dag.py for tasks to queue
[2023-01-09T14:35:51.920+0400] {logging_mixin.py:137} INFO - [2023-01-09T14:35:51.920+0400] {dagbag.py:538} INFO - Filling up the DagBag from /Users/harut/opt/anaconda3/lib/python3.9/site-packages/airflow/example_dags/example_trigger_target_dag.py
[2023-01-09T14:35:51.949+0400] {processor.py:753} INFO - DAG(s) dict_keys(['example_trigger_target_dag']) retrieved from /Users/harut/opt/anaconda3/lib/python3.9/site-packages/airflow/example_dags/example_trigger_target_dag.py
[2023-01-09T14:35:52.311+0400] {logging_mixin.py:137} INFO - [2023-01-09T14:35:52.311+0400] {dag.py:2676} INFO - Sync 1 DAGs
[2023-01-09T14:35:52.320+0400] {logging_mixin.py:137} INFO - [2023-01-09T14:35:52.320+0400] {dag.py:3423} INFO - Setting next_dagrun for example_trigger_target_dag to None, run_after=None
[2023-01-09T14:35:52.329+0400] {processor.py:175} INFO - Processing /Users/harut/opt/anaconda3/lib/python3.9/site-packages/airflow/example_dags/example_trigger_target_dag.py took 0.410 seconds
[2023-01-09T14:37:09.006+0400] {processor.py:153} INFO - Started process (PID=13130) to work on /Users/harut/opt/anaconda3/lib/python3.9/site-packages/airflow/example_dags/example_trigger_target_dag.py
[2023-01-09T14:37:09.007+0400] {processor.py:743} INFO - Processing file /Users/harut/opt/anaconda3/lib/python3.9/site-packages/airflow/example_dags/example_trigger_target_dag.py for tasks to queue
[2023-01-09T14:37:09.007+0400] {logging_mixin.py:137} INFO - [2023-01-09T14:37:09.007+0400] {dagbag.py:538} INFO - Filling up the DagBag from /Users/harut/opt/anaconda3/lib/python3.9/site-packages/airflow/example_dags/example_trigger_target_dag.py
[2023-01-09T14:37:09.036+0400] {processor.py:753} INFO - DAG(s) dict_keys(['example_trigger_target_dag']) retrieved from /Users/harut/opt/anaconda3/lib/python3.9/site-packages/airflow/example_dags/example_trigger_target_dag.py
[2023-01-09T14:37:09.399+0400] {logging_mixin.py:137} INFO - [2023-01-09T14:37:09.399+0400] {dag.py:2676} INFO - Sync 1 DAGs
[2023-01-09T14:37:09.408+0400] {logging_mixin.py:137} INFO - [2023-01-09T14:37:09.408+0400] {dag.py:3423} INFO - Setting next_dagrun for example_trigger_target_dag to None, run_after=None
[2023-01-09T14:37:09.418+0400] {processor.py:175} INFO - Processing /Users/harut/opt/anaconda3/lib/python3.9/site-packages/airflow/example_dags/example_trigger_target_dag.py took 0.412 seconds
[2023-01-09T14:38:26.205+0400] {processor.py:153} INFO - Started process (PID=13176) to work on /Users/harut/opt/anaconda3/lib/python3.9/site-packages/airflow/example_dags/example_trigger_target_dag.py
[2023-01-09T14:38:26.205+0400] {processor.py:743} INFO - Processing file /Users/harut/opt/anaconda3/lib/python3.9/site-packages/airflow/example_dags/example_trigger_target_dag.py for tasks to queue
[2023-01-09T14:38:26.205+0400] {logging_mixin.py:137} INFO - [2023-01-09T14:38:26.205+0400] {dagbag.py:538} INFO - Filling up the DagBag from /Users/harut/opt/anaconda3/lib/python3.9/site-packages/airflow/example_dags/example_trigger_target_dag.py
[2023-01-09T14:38:26.234+0400] {processor.py:753} INFO - DAG(s) dict_keys(['example_trigger_target_dag']) retrieved from /Users/harut/opt/anaconda3/lib/python3.9/site-packages/airflow/example_dags/example_trigger_target_dag.py
[2023-01-09T14:38:26.598+0400] {logging_mixin.py:137} INFO - [2023-01-09T14:38:26.598+0400] {dag.py:2676} INFO - Sync 1 DAGs
[2023-01-09T14:38:26.607+0400] {logging_mixin.py:137} INFO - [2023-01-09T14:38:26.607+0400] {dag.py:3423} INFO - Setting next_dagrun for example_trigger_target_dag to None, run_after=None
[2023-01-09T14:38:26.617+0400] {processor.py:175} INFO - Processing /Users/harut/opt/anaconda3/lib/python3.9/site-packages/airflow/example_dags/example_trigger_target_dag.py took 0.413 seconds
[2023-01-09T14:39:42.642+0400] {processor.py:153} INFO - Started process (PID=13218) to work on /Users/harut/opt/anaconda3/lib/python3.9/site-packages/airflow/example_dags/example_trigger_target_dag.py
[2023-01-09T14:39:42.643+0400] {processor.py:743} INFO - Processing file /Users/harut/opt/anaconda3/lib/python3.9/site-packages/airflow/example_dags/example_trigger_target_dag.py for tasks to queue
[2023-01-09T14:39:42.643+0400] {logging_mixin.py:137} INFO - [2023-01-09T14:39:42.643+0400] {dagbag.py:538} INFO - Filling up the DagBag from /Users/harut/opt/anaconda3/lib/python3.9/site-packages/airflow/example_dags/example_trigger_target_dag.py
[2023-01-09T14:39:42.673+0400] {processor.py:753} INFO - DAG(s) dict_keys(['example_trigger_target_dag']) retrieved from /Users/harut/opt/anaconda3/lib/python3.9/site-packages/airflow/example_dags/example_trigger_target_dag.py
[2023-01-09T14:39:43.047+0400] {logging_mixin.py:137} INFO - [2023-01-09T14:39:43.047+0400] {dag.py:2676} INFO - Sync 1 DAGs
[2023-01-09T14:39:43.057+0400] {logging_mixin.py:137} INFO - [2023-01-09T14:39:43.057+0400] {dag.py:3423} INFO - Setting next_dagrun for example_trigger_target_dag to None, run_after=None
[2023-01-09T14:39:43.067+0400] {processor.py:175} INFO - Processing /Users/harut/opt/anaconda3/lib/python3.9/site-packages/airflow/example_dags/example_trigger_target_dag.py took 0.425 seconds
[2023-01-09T14:41:00.456+0400] {processor.py:153} INFO - Started process (PID=13264) to work on /Users/harut/opt/anaconda3/lib/python3.9/site-packages/airflow/example_dags/example_trigger_target_dag.py
[2023-01-09T14:41:00.457+0400] {processor.py:743} INFO - Processing file /Users/harut/opt/anaconda3/lib/python3.9/site-packages/airflow/example_dags/example_trigger_target_dag.py for tasks to queue
[2023-01-09T14:41:00.457+0400] {logging_mixin.py:137} INFO - [2023-01-09T14:41:00.457+0400] {dagbag.py:538} INFO - Filling up the DagBag from /Users/harut/opt/anaconda3/lib/python3.9/site-packages/airflow/example_dags/example_trigger_target_dag.py
[2023-01-09T14:41:00.486+0400] {processor.py:753} INFO - DAG(s) dict_keys(['example_trigger_target_dag']) retrieved from /Users/harut/opt/anaconda3/lib/python3.9/site-packages/airflow/example_dags/example_trigger_target_dag.py
[2023-01-09T14:41:00.844+0400] {logging_mixin.py:137} INFO - [2023-01-09T14:41:00.844+0400] {dag.py:2676} INFO - Sync 1 DAGs
[2023-01-09T14:41:00.853+0400] {logging_mixin.py:137} INFO - [2023-01-09T14:41:00.853+0400] {dag.py:3423} INFO - Setting next_dagrun for example_trigger_target_dag to None, run_after=None
[2023-01-09T14:41:00.863+0400] {processor.py:175} INFO - Processing /Users/harut/opt/anaconda3/lib/python3.9/site-packages/airflow/example_dags/example_trigger_target_dag.py took 0.407 seconds
[2023-01-09T14:42:15.133+0400] {processor.py:153} INFO - Started process (PID=13309) to work on /Users/harut/opt/anaconda3/lib/python3.9/site-packages/airflow/example_dags/example_trigger_target_dag.py
[2023-01-09T14:42:15.133+0400] {processor.py:743} INFO - Processing file /Users/harut/opt/anaconda3/lib/python3.9/site-packages/airflow/example_dags/example_trigger_target_dag.py for tasks to queue
[2023-01-09T14:42:15.133+0400] {logging_mixin.py:137} INFO - [2023-01-09T14:42:15.133+0400] {dagbag.py:538} INFO - Filling up the DagBag from /Users/harut/opt/anaconda3/lib/python3.9/site-packages/airflow/example_dags/example_trigger_target_dag.py
[2023-01-09T14:42:15.163+0400] {processor.py:753} INFO - DAG(s) dict_keys(['example_trigger_target_dag']) retrieved from /Users/harut/opt/anaconda3/lib/python3.9/site-packages/airflow/example_dags/example_trigger_target_dag.py
[2023-01-09T14:42:15.537+0400] {logging_mixin.py:137} INFO - [2023-01-09T14:42:15.537+0400] {dag.py:2676} INFO - Sync 1 DAGs
[2023-01-09T14:42:15.546+0400] {logging_mixin.py:137} INFO - [2023-01-09T14:42:15.546+0400] {dag.py:3423} INFO - Setting next_dagrun for example_trigger_target_dag to None, run_after=None
[2023-01-09T14:42:15.556+0400] {processor.py:175} INFO - Processing /Users/harut/opt/anaconda3/lib/python3.9/site-packages/airflow/example_dags/example_trigger_target_dag.py took 0.424 seconds
[2023-01-09T14:43:31.476+0400] {processor.py:153} INFO - Started process (PID=13352) to work on /Users/harut/opt/anaconda3/lib/python3.9/site-packages/airflow/example_dags/example_trigger_target_dag.py
[2023-01-09T14:43:31.477+0400] {processor.py:743} INFO - Processing file /Users/harut/opt/anaconda3/lib/python3.9/site-packages/airflow/example_dags/example_trigger_target_dag.py for tasks to queue
[2023-01-09T14:43:31.477+0400] {logging_mixin.py:137} INFO - [2023-01-09T14:43:31.477+0400] {dagbag.py:538} INFO - Filling up the DagBag from /Users/harut/opt/anaconda3/lib/python3.9/site-packages/airflow/example_dags/example_trigger_target_dag.py
[2023-01-09T14:43:31.509+0400] {processor.py:753} INFO - DAG(s) dict_keys(['example_trigger_target_dag']) retrieved from /Users/harut/opt/anaconda3/lib/python3.9/site-packages/airflow/example_dags/example_trigger_target_dag.py
[2023-01-09T14:43:31.880+0400] {logging_mixin.py:137} INFO - [2023-01-09T14:43:31.880+0400] {dag.py:2676} INFO - Sync 1 DAGs
[2023-01-09T14:43:31.889+0400] {logging_mixin.py:137} INFO - [2023-01-09T14:43:31.889+0400] {dag.py:3423} INFO - Setting next_dagrun for example_trigger_target_dag to None, run_after=None
[2023-01-09T14:43:31.899+0400] {processor.py:175} INFO - Processing /Users/harut/opt/anaconda3/lib/python3.9/site-packages/airflow/example_dags/example_trigger_target_dag.py took 0.422 seconds
[2023-01-09T14:44:52.128+0400] {processor.py:153} INFO - Started process (PID=13399) to work on /Users/harut/opt/anaconda3/lib/python3.9/site-packages/airflow/example_dags/example_trigger_target_dag.py
[2023-01-09T14:44:52.129+0400] {processor.py:743} INFO - Processing file /Users/harut/opt/anaconda3/lib/python3.9/site-packages/airflow/example_dags/example_trigger_target_dag.py for tasks to queue
[2023-01-09T14:44:52.129+0400] {logging_mixin.py:137} INFO - [2023-01-09T14:44:52.129+0400] {dagbag.py:538} INFO - Filling up the DagBag from /Users/harut/opt/anaconda3/lib/python3.9/site-packages/airflow/example_dags/example_trigger_target_dag.py
[2023-01-09T14:44:52.159+0400] {processor.py:753} INFO - DAG(s) dict_keys(['example_trigger_target_dag']) retrieved from /Users/harut/opt/anaconda3/lib/python3.9/site-packages/airflow/example_dags/example_trigger_target_dag.py
[2023-01-09T14:44:52.538+0400] {logging_mixin.py:137} INFO - [2023-01-09T14:44:52.538+0400] {dag.py:2676} INFO - Sync 1 DAGs
[2023-01-09T14:44:52.547+0400] {logging_mixin.py:137} INFO - [2023-01-09T14:44:52.547+0400] {dag.py:3423} INFO - Setting next_dagrun for example_trigger_target_dag to None, run_after=None
[2023-01-09T14:44:52.557+0400] {processor.py:175} INFO - Processing /Users/harut/opt/anaconda3/lib/python3.9/site-packages/airflow/example_dags/example_trigger_target_dag.py took 0.429 seconds
[2023-01-09T14:46:09.388+0400] {processor.py:153} INFO - Started process (PID=13442) to work on /Users/harut/opt/anaconda3/lib/python3.9/site-packages/airflow/example_dags/example_trigger_target_dag.py
[2023-01-09T14:46:09.389+0400] {processor.py:743} INFO - Processing file /Users/harut/opt/anaconda3/lib/python3.9/site-packages/airflow/example_dags/example_trigger_target_dag.py for tasks to queue
[2023-01-09T14:46:09.389+0400] {logging_mixin.py:137} INFO - [2023-01-09T14:46:09.389+0400] {dagbag.py:538} INFO - Filling up the DagBag from /Users/harut/opt/anaconda3/lib/python3.9/site-packages/airflow/example_dags/example_trigger_target_dag.py
[2023-01-09T14:46:09.422+0400] {processor.py:753} INFO - DAG(s) dict_keys(['example_trigger_target_dag']) retrieved from /Users/harut/opt/anaconda3/lib/python3.9/site-packages/airflow/example_dags/example_trigger_target_dag.py
[2023-01-09T14:46:09.854+0400] {logging_mixin.py:137} INFO - [2023-01-09T14:46:09.854+0400] {dag.py:2676} INFO - Sync 1 DAGs
[2023-01-09T14:46:09.865+0400] {logging_mixin.py:137} INFO - [2023-01-09T14:46:09.865+0400] {dag.py:3423} INFO - Setting next_dagrun for example_trigger_target_dag to None, run_after=None
[2023-01-09T14:46:09.877+0400] {processor.py:175} INFO - Processing /Users/harut/opt/anaconda3/lib/python3.9/site-packages/airflow/example_dags/example_trigger_target_dag.py took 0.489 seconds
[2023-01-09T14:47:29.838+0400] {processor.py:153} INFO - Started process (PID=13496) to work on /Users/harut/opt/anaconda3/lib/python3.9/site-packages/airflow/example_dags/example_trigger_target_dag.py
[2023-01-09T14:47:29.839+0400] {processor.py:743} INFO - Processing file /Users/harut/opt/anaconda3/lib/python3.9/site-packages/airflow/example_dags/example_trigger_target_dag.py for tasks to queue
[2023-01-09T14:47:29.839+0400] {logging_mixin.py:137} INFO - [2023-01-09T14:47:29.839+0400] {dagbag.py:538} INFO - Filling up the DagBag from /Users/harut/opt/anaconda3/lib/python3.9/site-packages/airflow/example_dags/example_trigger_target_dag.py
[2023-01-09T14:47:29.869+0400] {processor.py:753} INFO - DAG(s) dict_keys(['example_trigger_target_dag']) retrieved from /Users/harut/opt/anaconda3/lib/python3.9/site-packages/airflow/example_dags/example_trigger_target_dag.py
[2023-01-09T14:47:30.280+0400] {logging_mixin.py:137} INFO - [2023-01-09T14:47:30.280+0400] {dag.py:2676} INFO - Sync 1 DAGs
[2023-01-09T14:47:30.290+0400] {logging_mixin.py:137} INFO - [2023-01-09T14:47:30.290+0400] {dag.py:3423} INFO - Setting next_dagrun for example_trigger_target_dag to None, run_after=None
[2023-01-09T14:47:30.299+0400] {processor.py:175} INFO - Processing /Users/harut/opt/anaconda3/lib/python3.9/site-packages/airflow/example_dags/example_trigger_target_dag.py took 0.462 seconds
[2023-01-09T14:48:50.827+0400] {processor.py:153} INFO - Started process (PID=13549) to work on /Users/harut/opt/anaconda3/lib/python3.9/site-packages/airflow/example_dags/example_trigger_target_dag.py
[2023-01-09T14:48:50.827+0400] {processor.py:743} INFO - Processing file /Users/harut/opt/anaconda3/lib/python3.9/site-packages/airflow/example_dags/example_trigger_target_dag.py for tasks to queue
[2023-01-09T14:48:50.828+0400] {logging_mixin.py:137} INFO - [2023-01-09T14:48:50.828+0400] {dagbag.py:538} INFO - Filling up the DagBag from /Users/harut/opt/anaconda3/lib/python3.9/site-packages/airflow/example_dags/example_trigger_target_dag.py
[2023-01-09T14:48:50.861+0400] {processor.py:753} INFO - DAG(s) dict_keys(['example_trigger_target_dag']) retrieved from /Users/harut/opt/anaconda3/lib/python3.9/site-packages/airflow/example_dags/example_trigger_target_dag.py
[2023-01-09T14:48:51.316+0400] {logging_mixin.py:137} INFO - [2023-01-09T14:48:51.316+0400] {dag.py:2676} INFO - Sync 1 DAGs
[2023-01-09T14:48:51.328+0400] {logging_mixin.py:137} INFO - [2023-01-09T14:48:51.328+0400] {dag.py:3423} INFO - Setting next_dagrun for example_trigger_target_dag to None, run_after=None
[2023-01-09T14:48:51.340+0400] {processor.py:175} INFO - Processing /Users/harut/opt/anaconda3/lib/python3.9/site-packages/airflow/example_dags/example_trigger_target_dag.py took 0.514 seconds
[2023-01-09T14:50:14.331+0400] {processor.py:153} INFO - Started process (PID=13597) to work on /Users/harut/opt/anaconda3/lib/python3.9/site-packages/airflow/example_dags/example_trigger_target_dag.py
[2023-01-09T14:50:14.332+0400] {processor.py:743} INFO - Processing file /Users/harut/opt/anaconda3/lib/python3.9/site-packages/airflow/example_dags/example_trigger_target_dag.py for tasks to queue
[2023-01-09T14:50:14.332+0400] {logging_mixin.py:137} INFO - [2023-01-09T14:50:14.332+0400] {dagbag.py:538} INFO - Filling up the DagBag from /Users/harut/opt/anaconda3/lib/python3.9/site-packages/airflow/example_dags/example_trigger_target_dag.py
[2023-01-09T14:50:14.362+0400] {processor.py:753} INFO - DAG(s) dict_keys(['example_trigger_target_dag']) retrieved from /Users/harut/opt/anaconda3/lib/python3.9/site-packages/airflow/example_dags/example_trigger_target_dag.py
[2023-01-09T14:50:14.728+0400] {logging_mixin.py:137} INFO - [2023-01-09T14:50:14.728+0400] {dag.py:2676} INFO - Sync 1 DAGs
[2023-01-09T14:50:14.738+0400] {logging_mixin.py:137} INFO - [2023-01-09T14:50:14.737+0400] {dag.py:3423} INFO - Setting next_dagrun for example_trigger_target_dag to None, run_after=None
[2023-01-09T14:50:14.746+0400] {processor.py:175} INFO - Processing /Users/harut/opt/anaconda3/lib/python3.9/site-packages/airflow/example_dags/example_trigger_target_dag.py took 0.415 seconds
[2023-01-09T14:51:34.573+0400] {processor.py:153} INFO - Started process (PID=13647) to work on /Users/harut/opt/anaconda3/lib/python3.9/site-packages/airflow/example_dags/example_trigger_target_dag.py
[2023-01-09T14:51:34.574+0400] {processor.py:743} INFO - Processing file /Users/harut/opt/anaconda3/lib/python3.9/site-packages/airflow/example_dags/example_trigger_target_dag.py for tasks to queue
[2023-01-09T14:51:34.574+0400] {logging_mixin.py:137} INFO - [2023-01-09T14:51:34.574+0400] {dagbag.py:538} INFO - Filling up the DagBag from /Users/harut/opt/anaconda3/lib/python3.9/site-packages/airflow/example_dags/example_trigger_target_dag.py
[2023-01-09T14:51:34.603+0400] {processor.py:753} INFO - DAG(s) dict_keys(['example_trigger_target_dag']) retrieved from /Users/harut/opt/anaconda3/lib/python3.9/site-packages/airflow/example_dags/example_trigger_target_dag.py
[2023-01-09T14:51:34.974+0400] {logging_mixin.py:137} INFO - [2023-01-09T14:51:34.974+0400] {dag.py:2676} INFO - Sync 1 DAGs
[2023-01-09T14:51:34.984+0400] {logging_mixin.py:137} INFO - [2023-01-09T14:51:34.983+0400] {dag.py:3423} INFO - Setting next_dagrun for example_trigger_target_dag to None, run_after=None
[2023-01-09T14:51:34.993+0400] {processor.py:175} INFO - Processing /Users/harut/opt/anaconda3/lib/python3.9/site-packages/airflow/example_dags/example_trigger_target_dag.py took 0.420 seconds
[2023-01-09T14:52:54.664+0400] {processor.py:153} INFO - Started process (PID=13690) to work on /Users/harut/opt/anaconda3/lib/python3.9/site-packages/airflow/example_dags/example_trigger_target_dag.py
[2023-01-09T14:52:54.665+0400] {processor.py:743} INFO - Processing file /Users/harut/opt/anaconda3/lib/python3.9/site-packages/airflow/example_dags/example_trigger_target_dag.py for tasks to queue
[2023-01-09T14:52:54.665+0400] {logging_mixin.py:137} INFO - [2023-01-09T14:52:54.665+0400] {dagbag.py:538} INFO - Filling up the DagBag from /Users/harut/opt/anaconda3/lib/python3.9/site-packages/airflow/example_dags/example_trigger_target_dag.py
[2023-01-09T14:52:54.694+0400] {processor.py:753} INFO - DAG(s) dict_keys(['example_trigger_target_dag']) retrieved from /Users/harut/opt/anaconda3/lib/python3.9/site-packages/airflow/example_dags/example_trigger_target_dag.py
[2023-01-09T14:52:55.059+0400] {logging_mixin.py:137} INFO - [2023-01-09T14:52:55.059+0400] {dag.py:2676} INFO - Sync 1 DAGs
[2023-01-09T14:52:55.068+0400] {logging_mixin.py:137} INFO - [2023-01-09T14:52:55.068+0400] {dag.py:3423} INFO - Setting next_dagrun for example_trigger_target_dag to None, run_after=None
[2023-01-09T14:52:55.078+0400] {processor.py:175} INFO - Processing /Users/harut/opt/anaconda3/lib/python3.9/site-packages/airflow/example_dags/example_trigger_target_dag.py took 0.414 seconds
[2023-01-09T14:54:15.330+0400] {processor.py:153} INFO - Started process (PID=13738) to work on /Users/harut/opt/anaconda3/lib/python3.9/site-packages/airflow/example_dags/example_trigger_target_dag.py
[2023-01-09T14:54:15.330+0400] {processor.py:743} INFO - Processing file /Users/harut/opt/anaconda3/lib/python3.9/site-packages/airflow/example_dags/example_trigger_target_dag.py for tasks to queue
[2023-01-09T14:54:15.331+0400] {logging_mixin.py:137} INFO - [2023-01-09T14:54:15.331+0400] {dagbag.py:538} INFO - Filling up the DagBag from /Users/harut/opt/anaconda3/lib/python3.9/site-packages/airflow/example_dags/example_trigger_target_dag.py
[2023-01-09T14:54:15.360+0400] {processor.py:753} INFO - DAG(s) dict_keys(['example_trigger_target_dag']) retrieved from /Users/harut/opt/anaconda3/lib/python3.9/site-packages/airflow/example_dags/example_trigger_target_dag.py
[2023-01-09T14:54:15.731+0400] {logging_mixin.py:137} INFO - [2023-01-09T14:54:15.730+0400] {dag.py:2676} INFO - Sync 1 DAGs
[2023-01-09T14:54:15.740+0400] {logging_mixin.py:137} INFO - [2023-01-09T14:54:15.740+0400] {dag.py:3423} INFO - Setting next_dagrun for example_trigger_target_dag to None, run_after=None
[2023-01-09T14:54:15.749+0400] {processor.py:175} INFO - Processing /Users/harut/opt/anaconda3/lib/python3.9/site-packages/airflow/example_dags/example_trigger_target_dag.py took 0.420 seconds
[2023-01-09T14:55:37.754+0400] {processor.py:153} INFO - Started process (PID=13782) to work on /Users/harut/opt/anaconda3/lib/python3.9/site-packages/airflow/example_dags/example_trigger_target_dag.py
[2023-01-09T14:55:37.754+0400] {processor.py:743} INFO - Processing file /Users/harut/opt/anaconda3/lib/python3.9/site-packages/airflow/example_dags/example_trigger_target_dag.py for tasks to queue
[2023-01-09T14:55:37.754+0400] {logging_mixin.py:137} INFO - [2023-01-09T14:55:37.754+0400] {dagbag.py:538} INFO - Filling up the DagBag from /Users/harut/opt/anaconda3/lib/python3.9/site-packages/airflow/example_dags/example_trigger_target_dag.py
[2023-01-09T14:55:37.784+0400] {processor.py:753} INFO - DAG(s) dict_keys(['example_trigger_target_dag']) retrieved from /Users/harut/opt/anaconda3/lib/python3.9/site-packages/airflow/example_dags/example_trigger_target_dag.py
[2023-01-09T14:55:38.151+0400] {logging_mixin.py:137} INFO - [2023-01-09T14:55:38.151+0400] {dag.py:2676} INFO - Sync 1 DAGs
[2023-01-09T14:55:38.160+0400] {logging_mixin.py:137} INFO - [2023-01-09T14:55:38.160+0400] {dag.py:3423} INFO - Setting next_dagrun for example_trigger_target_dag to None, run_after=None
[2023-01-09T14:55:38.169+0400] {processor.py:175} INFO - Processing /Users/harut/opt/anaconda3/lib/python3.9/site-packages/airflow/example_dags/example_trigger_target_dag.py took 0.416 seconds
[2023-01-09T14:56:59.819+0400] {processor.py:153} INFO - Started process (PID=13828) to work on /Users/harut/opt/anaconda3/lib/python3.9/site-packages/airflow/example_dags/example_trigger_target_dag.py
[2023-01-09T14:56:59.819+0400] {processor.py:743} INFO - Processing file /Users/harut/opt/anaconda3/lib/python3.9/site-packages/airflow/example_dags/example_trigger_target_dag.py for tasks to queue
[2023-01-09T14:56:59.820+0400] {logging_mixin.py:137} INFO - [2023-01-09T14:56:59.820+0400] {dagbag.py:538} INFO - Filling up the DagBag from /Users/harut/opt/anaconda3/lib/python3.9/site-packages/airflow/example_dags/example_trigger_target_dag.py
[2023-01-09T14:56:59.849+0400] {processor.py:753} INFO - DAG(s) dict_keys(['example_trigger_target_dag']) retrieved from /Users/harut/opt/anaconda3/lib/python3.9/site-packages/airflow/example_dags/example_trigger_target_dag.py
[2023-01-09T14:57:00.216+0400] {logging_mixin.py:137} INFO - [2023-01-09T14:57:00.215+0400] {dag.py:2676} INFO - Sync 1 DAGs
[2023-01-09T14:57:00.225+0400] {logging_mixin.py:137} INFO - [2023-01-09T14:57:00.225+0400] {dag.py:3423} INFO - Setting next_dagrun for example_trigger_target_dag to None, run_after=None
[2023-01-09T14:57:00.234+0400] {processor.py:175} INFO - Processing /Users/harut/opt/anaconda3/lib/python3.9/site-packages/airflow/example_dags/example_trigger_target_dag.py took 0.416 seconds
[2023-01-09T14:58:21.166+0400] {processor.py:153} INFO - Started process (PID=13870) to work on /Users/harut/opt/anaconda3/lib/python3.9/site-packages/airflow/example_dags/example_trigger_target_dag.py
[2023-01-09T14:58:21.166+0400] {processor.py:743} INFO - Processing file /Users/harut/opt/anaconda3/lib/python3.9/site-packages/airflow/example_dags/example_trigger_target_dag.py for tasks to queue
[2023-01-09T14:58:21.166+0400] {logging_mixin.py:137} INFO - [2023-01-09T14:58:21.166+0400] {dagbag.py:538} INFO - Filling up the DagBag from /Users/harut/opt/anaconda3/lib/python3.9/site-packages/airflow/example_dags/example_trigger_target_dag.py
[2023-01-09T14:58:21.195+0400] {processor.py:753} INFO - DAG(s) dict_keys(['example_trigger_target_dag']) retrieved from /Users/harut/opt/anaconda3/lib/python3.9/site-packages/airflow/example_dags/example_trigger_target_dag.py
[2023-01-09T14:58:21.555+0400] {logging_mixin.py:137} INFO - [2023-01-09T14:58:21.554+0400] {dag.py:2676} INFO - Sync 1 DAGs
[2023-01-09T14:58:21.564+0400] {logging_mixin.py:137} INFO - [2023-01-09T14:58:21.564+0400] {dag.py:3423} INFO - Setting next_dagrun for example_trigger_target_dag to None, run_after=None
[2023-01-09T14:58:21.573+0400] {processor.py:175} INFO - Processing /Users/harut/opt/anaconda3/lib/python3.9/site-packages/airflow/example_dags/example_trigger_target_dag.py took 0.408 seconds
[2023-01-09T14:59:41.994+0400] {processor.py:153} INFO - Started process (PID=13916) to work on /Users/harut/opt/anaconda3/lib/python3.9/site-packages/airflow/example_dags/example_trigger_target_dag.py
[2023-01-09T14:59:41.994+0400] {processor.py:743} INFO - Processing file /Users/harut/opt/anaconda3/lib/python3.9/site-packages/airflow/example_dags/example_trigger_target_dag.py for tasks to queue
[2023-01-09T14:59:41.995+0400] {logging_mixin.py:137} INFO - [2023-01-09T14:59:41.994+0400] {dagbag.py:538} INFO - Filling up the DagBag from /Users/harut/opt/anaconda3/lib/python3.9/site-packages/airflow/example_dags/example_trigger_target_dag.py
[2023-01-09T14:59:42.027+0400] {processor.py:753} INFO - DAG(s) dict_keys(['example_trigger_target_dag']) retrieved from /Users/harut/opt/anaconda3/lib/python3.9/site-packages/airflow/example_dags/example_trigger_target_dag.py
[2023-01-09T14:59:42.402+0400] {logging_mixin.py:137} INFO - [2023-01-09T14:59:42.402+0400] {dag.py:2676} INFO - Sync 1 DAGs
[2023-01-09T14:59:42.411+0400] {logging_mixin.py:137} INFO - [2023-01-09T14:59:42.411+0400] {dag.py:3423} INFO - Setting next_dagrun for example_trigger_target_dag to None, run_after=None
[2023-01-09T14:59:42.421+0400] {processor.py:175} INFO - Processing /Users/harut/opt/anaconda3/lib/python3.9/site-packages/airflow/example_dags/example_trigger_target_dag.py took 0.428 seconds
[2023-01-09T15:01:02.371+0400] {processor.py:153} INFO - Started process (PID=13960) to work on /Users/harut/opt/anaconda3/lib/python3.9/site-packages/airflow/example_dags/example_trigger_target_dag.py
[2023-01-09T15:01:02.371+0400] {processor.py:743} INFO - Processing file /Users/harut/opt/anaconda3/lib/python3.9/site-packages/airflow/example_dags/example_trigger_target_dag.py for tasks to queue
[2023-01-09T15:01:02.372+0400] {logging_mixin.py:137} INFO - [2023-01-09T15:01:02.372+0400] {dagbag.py:538} INFO - Filling up the DagBag from /Users/harut/opt/anaconda3/lib/python3.9/site-packages/airflow/example_dags/example_trigger_target_dag.py
[2023-01-09T15:01:02.401+0400] {processor.py:753} INFO - DAG(s) dict_keys(['example_trigger_target_dag']) retrieved from /Users/harut/opt/anaconda3/lib/python3.9/site-packages/airflow/example_dags/example_trigger_target_dag.py
[2023-01-09T15:01:02.767+0400] {logging_mixin.py:137} INFO - [2023-01-09T15:01:02.767+0400] {dag.py:2676} INFO - Sync 1 DAGs
[2023-01-09T15:01:02.776+0400] {logging_mixin.py:137} INFO - [2023-01-09T15:01:02.776+0400] {dag.py:3423} INFO - Setting next_dagrun for example_trigger_target_dag to None, run_after=None
[2023-01-09T15:01:02.786+0400] {processor.py:175} INFO - Processing /Users/harut/opt/anaconda3/lib/python3.9/site-packages/airflow/example_dags/example_trigger_target_dag.py took 0.416 seconds
[2023-01-09T15:02:24.689+0400] {processor.py:153} INFO - Started process (PID=14006) to work on /Users/harut/opt/anaconda3/lib/python3.9/site-packages/airflow/example_dags/example_trigger_target_dag.py
[2023-01-09T15:02:24.690+0400] {processor.py:743} INFO - Processing file /Users/harut/opt/anaconda3/lib/python3.9/site-packages/airflow/example_dags/example_trigger_target_dag.py for tasks to queue
[2023-01-09T15:02:24.690+0400] {logging_mixin.py:137} INFO - [2023-01-09T15:02:24.690+0400] {dagbag.py:538} INFO - Filling up the DagBag from /Users/harut/opt/anaconda3/lib/python3.9/site-packages/airflow/example_dags/example_trigger_target_dag.py
[2023-01-09T15:02:24.719+0400] {processor.py:753} INFO - DAG(s) dict_keys(['example_trigger_target_dag']) retrieved from /Users/harut/opt/anaconda3/lib/python3.9/site-packages/airflow/example_dags/example_trigger_target_dag.py
[2023-01-09T15:02:25.106+0400] {logging_mixin.py:137} INFO - [2023-01-09T15:02:25.106+0400] {dag.py:2676} INFO - Sync 1 DAGs
[2023-01-09T15:02:25.115+0400] {logging_mixin.py:137} INFO - [2023-01-09T15:02:25.115+0400] {dag.py:3423} INFO - Setting next_dagrun for example_trigger_target_dag to None, run_after=None
[2023-01-09T15:02:25.125+0400] {processor.py:175} INFO - Processing /Users/harut/opt/anaconda3/lib/python3.9/site-packages/airflow/example_dags/example_trigger_target_dag.py took 0.436 seconds
[2023-01-09T15:03:44.883+0400] {processor.py:153} INFO - Started process (PID=14055) to work on /Users/harut/opt/anaconda3/lib/python3.9/site-packages/airflow/example_dags/example_trigger_target_dag.py
[2023-01-09T15:03:44.883+0400] {processor.py:743} INFO - Processing file /Users/harut/opt/anaconda3/lib/python3.9/site-packages/airflow/example_dags/example_trigger_target_dag.py for tasks to queue
[2023-01-09T15:03:44.884+0400] {logging_mixin.py:137} INFO - [2023-01-09T15:03:44.884+0400] {dagbag.py:538} INFO - Filling up the DagBag from /Users/harut/opt/anaconda3/lib/python3.9/site-packages/airflow/example_dags/example_trigger_target_dag.py
[2023-01-09T15:03:44.914+0400] {processor.py:753} INFO - DAG(s) dict_keys(['example_trigger_target_dag']) retrieved from /Users/harut/opt/anaconda3/lib/python3.9/site-packages/airflow/example_dags/example_trigger_target_dag.py
[2023-01-09T15:03:45.281+0400] {logging_mixin.py:137} INFO - [2023-01-09T15:03:45.280+0400] {dag.py:2676} INFO - Sync 1 DAGs
[2023-01-09T15:03:45.290+0400] {logging_mixin.py:137} INFO - [2023-01-09T15:03:45.290+0400] {dag.py:3423} INFO - Setting next_dagrun for example_trigger_target_dag to None, run_after=None
[2023-01-09T15:03:45.299+0400] {processor.py:175} INFO - Processing /Users/harut/opt/anaconda3/lib/python3.9/site-packages/airflow/example_dags/example_trigger_target_dag.py took 0.417 seconds
[2023-01-09T15:05:04.984+0400] {processor.py:153} INFO - Started process (PID=14098) to work on /Users/harut/opt/anaconda3/lib/python3.9/site-packages/airflow/example_dags/example_trigger_target_dag.py
[2023-01-09T15:05:04.985+0400] {processor.py:743} INFO - Processing file /Users/harut/opt/anaconda3/lib/python3.9/site-packages/airflow/example_dags/example_trigger_target_dag.py for tasks to queue
[2023-01-09T15:05:04.985+0400] {logging_mixin.py:137} INFO - [2023-01-09T15:05:04.985+0400] {dagbag.py:538} INFO - Filling up the DagBag from /Users/harut/opt/anaconda3/lib/python3.9/site-packages/airflow/example_dags/example_trigger_target_dag.py
[2023-01-09T15:05:05.014+0400] {processor.py:753} INFO - DAG(s) dict_keys(['example_trigger_target_dag']) retrieved from /Users/harut/opt/anaconda3/lib/python3.9/site-packages/airflow/example_dags/example_trigger_target_dag.py
[2023-01-09T15:05:05.379+0400] {logging_mixin.py:137} INFO - [2023-01-09T15:05:05.379+0400] {dag.py:2676} INFO - Sync 1 DAGs
[2023-01-09T15:05:05.389+0400] {logging_mixin.py:137} INFO - [2023-01-09T15:05:05.389+0400] {dag.py:3423} INFO - Setting next_dagrun for example_trigger_target_dag to None, run_after=None
[2023-01-09T15:05:05.398+0400] {processor.py:175} INFO - Processing /Users/harut/opt/anaconda3/lib/python3.9/site-packages/airflow/example_dags/example_trigger_target_dag.py took 0.414 seconds
[2023-01-09T15:06:25.660+0400] {processor.py:153} INFO - Started process (PID=14144) to work on /Users/harut/opt/anaconda3/lib/python3.9/site-packages/airflow/example_dags/example_trigger_target_dag.py
[2023-01-09T15:06:25.660+0400] {processor.py:743} INFO - Processing file /Users/harut/opt/anaconda3/lib/python3.9/site-packages/airflow/example_dags/example_trigger_target_dag.py for tasks to queue
[2023-01-09T15:06:25.661+0400] {logging_mixin.py:137} INFO - [2023-01-09T15:06:25.661+0400] {dagbag.py:538} INFO - Filling up the DagBag from /Users/harut/opt/anaconda3/lib/python3.9/site-packages/airflow/example_dags/example_trigger_target_dag.py
[2023-01-09T15:06:25.690+0400] {processor.py:753} INFO - DAG(s) dict_keys(['example_trigger_target_dag']) retrieved from /Users/harut/opt/anaconda3/lib/python3.9/site-packages/airflow/example_dags/example_trigger_target_dag.py
[2023-01-09T15:06:26.051+0400] {logging_mixin.py:137} INFO - [2023-01-09T15:06:26.051+0400] {dag.py:2676} INFO - Sync 1 DAGs
[2023-01-09T15:06:26.061+0400] {logging_mixin.py:137} INFO - [2023-01-09T15:06:26.061+0400] {dag.py:3423} INFO - Setting next_dagrun for example_trigger_target_dag to None, run_after=None
[2023-01-09T15:06:26.070+0400] {processor.py:175} INFO - Processing /Users/harut/opt/anaconda3/lib/python3.9/site-packages/airflow/example_dags/example_trigger_target_dag.py took 0.411 seconds
[2023-01-09T15:07:43.448+0400] {processor.py:153} INFO - Started process (PID=14185) to work on /Users/harut/opt/anaconda3/lib/python3.9/site-packages/airflow/example_dags/example_trigger_target_dag.py
[2023-01-09T15:07:43.448+0400] {processor.py:743} INFO - Processing file /Users/harut/opt/anaconda3/lib/python3.9/site-packages/airflow/example_dags/example_trigger_target_dag.py for tasks to queue
[2023-01-09T15:07:43.448+0400] {logging_mixin.py:137} INFO - [2023-01-09T15:07:43.448+0400] {dagbag.py:538} INFO - Filling up the DagBag from /Users/harut/opt/anaconda3/lib/python3.9/site-packages/airflow/example_dags/example_trigger_target_dag.py
[2023-01-09T15:07:43.477+0400] {processor.py:753} INFO - DAG(s) dict_keys(['example_trigger_target_dag']) retrieved from /Users/harut/opt/anaconda3/lib/python3.9/site-packages/airflow/example_dags/example_trigger_target_dag.py
[2023-01-09T15:07:43.844+0400] {logging_mixin.py:137} INFO - [2023-01-09T15:07:43.844+0400] {dag.py:2676} INFO - Sync 1 DAGs
[2023-01-09T15:07:43.853+0400] {logging_mixin.py:137} INFO - [2023-01-09T15:07:43.853+0400] {dag.py:3423} INFO - Setting next_dagrun for example_trigger_target_dag to None, run_after=None
[2023-01-09T15:07:43.863+0400] {processor.py:175} INFO - Processing /Users/harut/opt/anaconda3/lib/python3.9/site-packages/airflow/example_dags/example_trigger_target_dag.py took 0.416 seconds
[2023-01-09T15:09:04.269+0400] {processor.py:153} INFO - Started process (PID=14230) to work on /Users/harut/opt/anaconda3/lib/python3.9/site-packages/airflow/example_dags/example_trigger_target_dag.py
[2023-01-09T15:09:04.270+0400] {processor.py:743} INFO - Processing file /Users/harut/opt/anaconda3/lib/python3.9/site-packages/airflow/example_dags/example_trigger_target_dag.py for tasks to queue
[2023-01-09T15:09:04.270+0400] {logging_mixin.py:137} INFO - [2023-01-09T15:09:04.270+0400] {dagbag.py:538} INFO - Filling up the DagBag from /Users/harut/opt/anaconda3/lib/python3.9/site-packages/airflow/example_dags/example_trigger_target_dag.py
[2023-01-09T15:09:04.299+0400] {processor.py:753} INFO - DAG(s) dict_keys(['example_trigger_target_dag']) retrieved from /Users/harut/opt/anaconda3/lib/python3.9/site-packages/airflow/example_dags/example_trigger_target_dag.py
[2023-01-09T15:09:04.657+0400] {logging_mixin.py:137} INFO - [2023-01-09T15:09:04.657+0400] {dag.py:2676} INFO - Sync 1 DAGs
[2023-01-09T15:09:04.666+0400] {logging_mixin.py:137} INFO - [2023-01-09T15:09:04.666+0400] {dag.py:3423} INFO - Setting next_dagrun for example_trigger_target_dag to None, run_after=None
[2023-01-09T15:09:04.676+0400] {processor.py:175} INFO - Processing /Users/harut/opt/anaconda3/lib/python3.9/site-packages/airflow/example_dags/example_trigger_target_dag.py took 0.407 seconds
[2023-01-09T15:10:24.146+0400] {processor.py:153} INFO - Started process (PID=14278) to work on /Users/harut/opt/anaconda3/lib/python3.9/site-packages/airflow/example_dags/example_trigger_target_dag.py
[2023-01-09T15:10:24.146+0400] {processor.py:743} INFO - Processing file /Users/harut/opt/anaconda3/lib/python3.9/site-packages/airflow/example_dags/example_trigger_target_dag.py for tasks to queue
[2023-01-09T15:10:24.147+0400] {logging_mixin.py:137} INFO - [2023-01-09T15:10:24.146+0400] {dagbag.py:538} INFO - Filling up the DagBag from /Users/harut/opt/anaconda3/lib/python3.9/site-packages/airflow/example_dags/example_trigger_target_dag.py
[2023-01-09T15:10:24.177+0400] {processor.py:753} INFO - DAG(s) dict_keys(['example_trigger_target_dag']) retrieved from /Users/harut/opt/anaconda3/lib/python3.9/site-packages/airflow/example_dags/example_trigger_target_dag.py
[2023-01-09T15:10:24.554+0400] {logging_mixin.py:137} INFO - [2023-01-09T15:10:24.554+0400] {dag.py:2676} INFO - Sync 1 DAGs
[2023-01-09T15:10:24.564+0400] {logging_mixin.py:137} INFO - [2023-01-09T15:10:24.563+0400] {dag.py:3423} INFO - Setting next_dagrun for example_trigger_target_dag to None, run_after=None
[2023-01-09T15:10:24.573+0400] {processor.py:175} INFO - Processing /Users/harut/opt/anaconda3/lib/python3.9/site-packages/airflow/example_dags/example_trigger_target_dag.py took 0.428 seconds
[2023-01-09T15:11:46.083+0400] {processor.py:153} INFO - Started process (PID=14330) to work on /Users/harut/opt/anaconda3/lib/python3.9/site-packages/airflow/example_dags/example_trigger_target_dag.py
[2023-01-09T15:11:46.084+0400] {processor.py:743} INFO - Processing file /Users/harut/opt/anaconda3/lib/python3.9/site-packages/airflow/example_dags/example_trigger_target_dag.py for tasks to queue
[2023-01-09T15:11:46.084+0400] {logging_mixin.py:137} INFO - [2023-01-09T15:11:46.084+0400] {dagbag.py:538} INFO - Filling up the DagBag from /Users/harut/opt/anaconda3/lib/python3.9/site-packages/airflow/example_dags/example_trigger_target_dag.py
[2023-01-09T15:11:46.117+0400] {processor.py:753} INFO - DAG(s) dict_keys(['example_trigger_target_dag']) retrieved from /Users/harut/opt/anaconda3/lib/python3.9/site-packages/airflow/example_dags/example_trigger_target_dag.py
[2023-01-09T15:11:46.532+0400] {logging_mixin.py:137} INFO - [2023-01-09T15:11:46.532+0400] {dag.py:2676} INFO - Sync 1 DAGs
[2023-01-09T15:11:46.543+0400] {logging_mixin.py:137} INFO - [2023-01-09T15:11:46.543+0400] {dag.py:3423} INFO - Setting next_dagrun for example_trigger_target_dag to None, run_after=None
[2023-01-09T15:11:46.563+0400] {processor.py:175} INFO - Processing /Users/harut/opt/anaconda3/lib/python3.9/site-packages/airflow/example_dags/example_trigger_target_dag.py took 0.480 seconds
[2023-01-09T15:13:09.189+0400] {processor.py:153} INFO - Started process (PID=14374) to work on /Users/harut/opt/anaconda3/lib/python3.9/site-packages/airflow/example_dags/example_trigger_target_dag.py
[2023-01-09T15:13:09.189+0400] {processor.py:743} INFO - Processing file /Users/harut/opt/anaconda3/lib/python3.9/site-packages/airflow/example_dags/example_trigger_target_dag.py for tasks to queue
[2023-01-09T15:13:09.189+0400] {logging_mixin.py:137} INFO - [2023-01-09T15:13:09.189+0400] {dagbag.py:538} INFO - Filling up the DagBag from /Users/harut/opt/anaconda3/lib/python3.9/site-packages/airflow/example_dags/example_trigger_target_dag.py
[2023-01-09T15:13:09.222+0400] {processor.py:753} INFO - DAG(s) dict_keys(['example_trigger_target_dag']) retrieved from /Users/harut/opt/anaconda3/lib/python3.9/site-packages/airflow/example_dags/example_trigger_target_dag.py
[2023-01-09T15:13:09.617+0400] {logging_mixin.py:137} INFO - [2023-01-09T15:13:09.617+0400] {dag.py:2676} INFO - Sync 1 DAGs
[2023-01-09T15:13:09.626+0400] {logging_mixin.py:137} INFO - [2023-01-09T15:13:09.626+0400] {dag.py:3423} INFO - Setting next_dagrun for example_trigger_target_dag to None, run_after=None
[2023-01-09T15:13:09.636+0400] {processor.py:175} INFO - Processing /Users/harut/opt/anaconda3/lib/python3.9/site-packages/airflow/example_dags/example_trigger_target_dag.py took 0.448 seconds
[2023-01-09T15:14:32.349+0400] {processor.py:153} INFO - Started process (PID=14436) to work on /Users/harut/opt/anaconda3/lib/python3.9/site-packages/airflow/example_dags/example_trigger_target_dag.py
[2023-01-09T15:14:32.350+0400] {processor.py:743} INFO - Processing file /Users/harut/opt/anaconda3/lib/python3.9/site-packages/airflow/example_dags/example_trigger_target_dag.py for tasks to queue
[2023-01-09T15:14:32.350+0400] {logging_mixin.py:137} INFO - [2023-01-09T15:14:32.350+0400] {dagbag.py:538} INFO - Filling up the DagBag from /Users/harut/opt/anaconda3/lib/python3.9/site-packages/airflow/example_dags/example_trigger_target_dag.py
[2023-01-09T15:14:32.380+0400] {processor.py:753} INFO - DAG(s) dict_keys(['example_trigger_target_dag']) retrieved from /Users/harut/opt/anaconda3/lib/python3.9/site-packages/airflow/example_dags/example_trigger_target_dag.py
[2023-01-09T15:14:32.754+0400] {logging_mixin.py:137} INFO - [2023-01-09T15:14:32.754+0400] {dag.py:2676} INFO - Sync 1 DAGs
[2023-01-09T15:14:32.765+0400] {logging_mixin.py:137} INFO - [2023-01-09T15:14:32.764+0400] {dag.py:3423} INFO - Setting next_dagrun for example_trigger_target_dag to None, run_after=None
[2023-01-09T15:14:32.774+0400] {processor.py:175} INFO - Processing /Users/harut/opt/anaconda3/lib/python3.9/site-packages/airflow/example_dags/example_trigger_target_dag.py took 0.425 seconds
[2023-01-09T15:15:56.038+0400] {processor.py:153} INFO - Started process (PID=14495) to work on /Users/harut/opt/anaconda3/lib/python3.9/site-packages/airflow/example_dags/example_trigger_target_dag.py
[2023-01-09T15:15:56.039+0400] {processor.py:743} INFO - Processing file /Users/harut/opt/anaconda3/lib/python3.9/site-packages/airflow/example_dags/example_trigger_target_dag.py for tasks to queue
[2023-01-09T15:15:56.039+0400] {logging_mixin.py:137} INFO - [2023-01-09T15:15:56.039+0400] {dagbag.py:538} INFO - Filling up the DagBag from /Users/harut/opt/anaconda3/lib/python3.9/site-packages/airflow/example_dags/example_trigger_target_dag.py
[2023-01-09T15:15:56.072+0400] {processor.py:753} INFO - DAG(s) dict_keys(['example_trigger_target_dag']) retrieved from /Users/harut/opt/anaconda3/lib/python3.9/site-packages/airflow/example_dags/example_trigger_target_dag.py
[2023-01-09T15:15:56.489+0400] {logging_mixin.py:137} INFO - [2023-01-09T15:15:56.489+0400] {dag.py:2676} INFO - Sync 1 DAGs
[2023-01-09T15:15:56.500+0400] {logging_mixin.py:137} INFO - [2023-01-09T15:15:56.500+0400] {dag.py:3423} INFO - Setting next_dagrun for example_trigger_target_dag to None, run_after=None
[2023-01-09T15:15:56.511+0400] {processor.py:175} INFO - Processing /Users/harut/opt/anaconda3/lib/python3.9/site-packages/airflow/example_dags/example_trigger_target_dag.py took 0.473 seconds
[2023-01-09T15:17:18.662+0400] {processor.py:153} INFO - Started process (PID=14540) to work on /Users/harut/opt/anaconda3/lib/python3.9/site-packages/airflow/example_dags/example_trigger_target_dag.py
[2023-01-09T15:17:18.662+0400] {processor.py:743} INFO - Processing file /Users/harut/opt/anaconda3/lib/python3.9/site-packages/airflow/example_dags/example_trigger_target_dag.py for tasks to queue
[2023-01-09T15:17:18.663+0400] {logging_mixin.py:137} INFO - [2023-01-09T15:17:18.662+0400] {dagbag.py:538} INFO - Filling up the DagBag from /Users/harut/opt/anaconda3/lib/python3.9/site-packages/airflow/example_dags/example_trigger_target_dag.py
[2023-01-09T15:17:18.692+0400] {processor.py:753} INFO - DAG(s) dict_keys(['example_trigger_target_dag']) retrieved from /Users/harut/opt/anaconda3/lib/python3.9/site-packages/airflow/example_dags/example_trigger_target_dag.py
[2023-01-09T15:17:19.066+0400] {logging_mixin.py:137} INFO - [2023-01-09T15:17:19.066+0400] {dag.py:2676} INFO - Sync 1 DAGs
[2023-01-09T15:17:19.075+0400] {logging_mixin.py:137} INFO - [2023-01-09T15:17:19.075+0400] {dag.py:3423} INFO - Setting next_dagrun for example_trigger_target_dag to None, run_after=None
[2023-01-09T15:17:19.085+0400] {processor.py:175} INFO - Processing /Users/harut/opt/anaconda3/lib/python3.9/site-packages/airflow/example_dags/example_trigger_target_dag.py took 0.424 seconds
[2023-01-09T15:18:41.826+0400] {processor.py:153} INFO - Started process (PID=14585) to work on /Users/harut/opt/anaconda3/lib/python3.9/site-packages/airflow/example_dags/example_trigger_target_dag.py
[2023-01-09T15:18:41.827+0400] {processor.py:743} INFO - Processing file /Users/harut/opt/anaconda3/lib/python3.9/site-packages/airflow/example_dags/example_trigger_target_dag.py for tasks to queue
[2023-01-09T15:18:41.827+0400] {logging_mixin.py:137} INFO - [2023-01-09T15:18:41.827+0400] {dagbag.py:538} INFO - Filling up the DagBag from /Users/harut/opt/anaconda3/lib/python3.9/site-packages/airflow/example_dags/example_trigger_target_dag.py
[2023-01-09T15:18:41.857+0400] {processor.py:753} INFO - DAG(s) dict_keys(['example_trigger_target_dag']) retrieved from /Users/harut/opt/anaconda3/lib/python3.9/site-packages/airflow/example_dags/example_trigger_target_dag.py
[2023-01-09T15:18:42.239+0400] {logging_mixin.py:137} INFO - [2023-01-09T15:18:42.239+0400] {dag.py:2676} INFO - Sync 1 DAGs
[2023-01-09T15:18:42.249+0400] {logging_mixin.py:137} INFO - [2023-01-09T15:18:42.249+0400] {dag.py:3423} INFO - Setting next_dagrun for example_trigger_target_dag to None, run_after=None
[2023-01-09T15:18:42.258+0400] {processor.py:175} INFO - Processing /Users/harut/opt/anaconda3/lib/python3.9/site-packages/airflow/example_dags/example_trigger_target_dag.py took 0.432 seconds
[2023-01-09T15:20:05.346+0400] {processor.py:153} INFO - Started process (PID=14636) to work on /Users/harut/opt/anaconda3/lib/python3.9/site-packages/airflow/example_dags/example_trigger_target_dag.py
[2023-01-09T15:20:05.347+0400] {processor.py:743} INFO - Processing file /Users/harut/opt/anaconda3/lib/python3.9/site-packages/airflow/example_dags/example_trigger_target_dag.py for tasks to queue
[2023-01-09T15:20:05.347+0400] {logging_mixin.py:137} INFO - [2023-01-09T15:20:05.347+0400] {dagbag.py:538} INFO - Filling up the DagBag from /Users/harut/opt/anaconda3/lib/python3.9/site-packages/airflow/example_dags/example_trigger_target_dag.py
[2023-01-09T15:20:05.377+0400] {processor.py:753} INFO - DAG(s) dict_keys(['example_trigger_target_dag']) retrieved from /Users/harut/opt/anaconda3/lib/python3.9/site-packages/airflow/example_dags/example_trigger_target_dag.py
[2023-01-09T15:20:05.761+0400] {logging_mixin.py:137} INFO - [2023-01-09T15:20:05.760+0400] {dag.py:2676} INFO - Sync 1 DAGs
[2023-01-09T15:20:05.770+0400] {logging_mixin.py:137} INFO - [2023-01-09T15:20:05.770+0400] {dag.py:3423} INFO - Setting next_dagrun for example_trigger_target_dag to None, run_after=None
[2023-01-09T15:20:05.780+0400] {processor.py:175} INFO - Processing /Users/harut/opt/anaconda3/lib/python3.9/site-packages/airflow/example_dags/example_trigger_target_dag.py took 0.434 seconds
[2023-01-09T15:21:28.934+0400] {processor.py:153} INFO - Started process (PID=14681) to work on /Users/harut/opt/anaconda3/lib/python3.9/site-packages/airflow/example_dags/example_trigger_target_dag.py
[2023-01-09T15:21:28.934+0400] {processor.py:743} INFO - Processing file /Users/harut/opt/anaconda3/lib/python3.9/site-packages/airflow/example_dags/example_trigger_target_dag.py for tasks to queue
[2023-01-09T15:21:28.935+0400] {logging_mixin.py:137} INFO - [2023-01-09T15:21:28.935+0400] {dagbag.py:538} INFO - Filling up the DagBag from /Users/harut/opt/anaconda3/lib/python3.9/site-packages/airflow/example_dags/example_trigger_target_dag.py
[2023-01-09T15:21:28.968+0400] {processor.py:753} INFO - DAG(s) dict_keys(['example_trigger_target_dag']) retrieved from /Users/harut/opt/anaconda3/lib/python3.9/site-packages/airflow/example_dags/example_trigger_target_dag.py
[2023-01-09T15:21:29.382+0400] {logging_mixin.py:137} INFO - [2023-01-09T15:21:29.382+0400] {dag.py:2676} INFO - Sync 1 DAGs
[2023-01-09T15:21:29.393+0400] {logging_mixin.py:137} INFO - [2023-01-09T15:21:29.393+0400] {dag.py:3423} INFO - Setting next_dagrun for example_trigger_target_dag to None, run_after=None
[2023-01-09T15:21:29.404+0400] {processor.py:175} INFO - Processing /Users/harut/opt/anaconda3/lib/python3.9/site-packages/airflow/example_dags/example_trigger_target_dag.py took 0.471 seconds
[2023-01-09T15:22:52.397+0400] {processor.py:153} INFO - Started process (PID=14740) to work on /Users/harut/opt/anaconda3/lib/python3.9/site-packages/airflow/example_dags/example_trigger_target_dag.py
[2023-01-09T15:22:52.397+0400] {processor.py:743} INFO - Processing file /Users/harut/opt/anaconda3/lib/python3.9/site-packages/airflow/example_dags/example_trigger_target_dag.py for tasks to queue
[2023-01-09T15:22:52.398+0400] {logging_mixin.py:137} INFO - [2023-01-09T15:22:52.398+0400] {dagbag.py:538} INFO - Filling up the DagBag from /Users/harut/opt/anaconda3/lib/python3.9/site-packages/airflow/example_dags/example_trigger_target_dag.py
[2023-01-09T15:22:52.434+0400] {processor.py:753} INFO - DAG(s) dict_keys(['example_trigger_target_dag']) retrieved from /Users/harut/opt/anaconda3/lib/python3.9/site-packages/airflow/example_dags/example_trigger_target_dag.py
[2023-01-09T15:22:52.839+0400] {logging_mixin.py:137} INFO - [2023-01-09T15:22:52.839+0400] {dag.py:2676} INFO - Sync 1 DAGs
[2023-01-09T15:22:52.849+0400] {logging_mixin.py:137} INFO - [2023-01-09T15:22:52.849+0400] {dag.py:3423} INFO - Setting next_dagrun for example_trigger_target_dag to None, run_after=None
[2023-01-09T15:22:52.860+0400] {processor.py:175} INFO - Processing /Users/harut/opt/anaconda3/lib/python3.9/site-packages/airflow/example_dags/example_trigger_target_dag.py took 0.463 seconds
[2023-01-09T15:24:15.623+0400] {processor.py:153} INFO - Started process (PID=14784) to work on /Users/harut/opt/anaconda3/lib/python3.9/site-packages/airflow/example_dags/example_trigger_target_dag.py
[2023-01-09T15:24:15.624+0400] {processor.py:743} INFO - Processing file /Users/harut/opt/anaconda3/lib/python3.9/site-packages/airflow/example_dags/example_trigger_target_dag.py for tasks to queue
[2023-01-09T15:24:15.624+0400] {logging_mixin.py:137} INFO - [2023-01-09T15:24:15.624+0400] {dagbag.py:538} INFO - Filling up the DagBag from /Users/harut/opt/anaconda3/lib/python3.9/site-packages/airflow/example_dags/example_trigger_target_dag.py
[2023-01-09T15:24:15.656+0400] {processor.py:753} INFO - DAG(s) dict_keys(['example_trigger_target_dag']) retrieved from /Users/harut/opt/anaconda3/lib/python3.9/site-packages/airflow/example_dags/example_trigger_target_dag.py
[2023-01-09T15:24:16.084+0400] {logging_mixin.py:137} INFO - [2023-01-09T15:24:16.084+0400] {dag.py:2676} INFO - Sync 1 DAGs
[2023-01-09T15:24:16.096+0400] {logging_mixin.py:137} INFO - [2023-01-09T15:24:16.096+0400] {dag.py:3423} INFO - Setting next_dagrun for example_trigger_target_dag to None, run_after=None
[2023-01-09T15:24:16.107+0400] {processor.py:175} INFO - Processing /Users/harut/opt/anaconda3/lib/python3.9/site-packages/airflow/example_dags/example_trigger_target_dag.py took 0.484 seconds
[2023-01-09T15:25:39.551+0400] {processor.py:153} INFO - Started process (PID=14830) to work on /Users/harut/opt/anaconda3/lib/python3.9/site-packages/airflow/example_dags/example_trigger_target_dag.py
[2023-01-09T15:25:39.552+0400] {processor.py:743} INFO - Processing file /Users/harut/opt/anaconda3/lib/python3.9/site-packages/airflow/example_dags/example_trigger_target_dag.py for tasks to queue
[2023-01-09T15:25:39.552+0400] {logging_mixin.py:137} INFO - [2023-01-09T15:25:39.552+0400] {dagbag.py:538} INFO - Filling up the DagBag from /Users/harut/opt/anaconda3/lib/python3.9/site-packages/airflow/example_dags/example_trigger_target_dag.py
[2023-01-09T15:25:39.584+0400] {processor.py:753} INFO - DAG(s) dict_keys(['example_trigger_target_dag']) retrieved from /Users/harut/opt/anaconda3/lib/python3.9/site-packages/airflow/example_dags/example_trigger_target_dag.py
[2023-01-09T15:25:39.976+0400] {logging_mixin.py:137} INFO - [2023-01-09T15:25:39.976+0400] {dag.py:2676} INFO - Sync 1 DAGs
[2023-01-09T15:25:39.986+0400] {logging_mixin.py:137} INFO - [2023-01-09T15:25:39.986+0400] {dag.py:3423} INFO - Setting next_dagrun for example_trigger_target_dag to None, run_after=None
[2023-01-09T15:25:39.996+0400] {processor.py:175} INFO - Processing /Users/harut/opt/anaconda3/lib/python3.9/site-packages/airflow/example_dags/example_trigger_target_dag.py took 0.445 seconds
[2023-01-09T15:27:03.366+0400] {processor.py:153} INFO - Started process (PID=14872) to work on /Users/harut/opt/anaconda3/lib/python3.9/site-packages/airflow/example_dags/example_trigger_target_dag.py
[2023-01-09T15:27:03.367+0400] {processor.py:743} INFO - Processing file /Users/harut/opt/anaconda3/lib/python3.9/site-packages/airflow/example_dags/example_trigger_target_dag.py for tasks to queue
[2023-01-09T15:27:03.367+0400] {logging_mixin.py:137} INFO - [2023-01-09T15:27:03.367+0400] {dagbag.py:538} INFO - Filling up the DagBag from /Users/harut/opt/anaconda3/lib/python3.9/site-packages/airflow/example_dags/example_trigger_target_dag.py
[2023-01-09T15:27:03.399+0400] {processor.py:753} INFO - DAG(s) dict_keys(['example_trigger_target_dag']) retrieved from /Users/harut/opt/anaconda3/lib/python3.9/site-packages/airflow/example_dags/example_trigger_target_dag.py
[2023-01-09T15:27:03.796+0400] {logging_mixin.py:137} INFO - [2023-01-09T15:27:03.796+0400] {dag.py:2676} INFO - Sync 1 DAGs
[2023-01-09T15:27:03.807+0400] {logging_mixin.py:137} INFO - [2023-01-09T15:27:03.807+0400] {dag.py:3423} INFO - Setting next_dagrun for example_trigger_target_dag to None, run_after=None
[2023-01-09T15:27:03.818+0400] {processor.py:175} INFO - Processing /Users/harut/opt/anaconda3/lib/python3.9/site-packages/airflow/example_dags/example_trigger_target_dag.py took 0.452 seconds
[2023-01-09T15:28:27.267+0400] {processor.py:153} INFO - Started process (PID=14925) to work on /Users/harut/opt/anaconda3/lib/python3.9/site-packages/airflow/example_dags/example_trigger_target_dag.py
[2023-01-09T15:28:27.268+0400] {processor.py:743} INFO - Processing file /Users/harut/opt/anaconda3/lib/python3.9/site-packages/airflow/example_dags/example_trigger_target_dag.py for tasks to queue
[2023-01-09T15:28:27.268+0400] {logging_mixin.py:137} INFO - [2023-01-09T15:28:27.268+0400] {dagbag.py:538} INFO - Filling up the DagBag from /Users/harut/opt/anaconda3/lib/python3.9/site-packages/airflow/example_dags/example_trigger_target_dag.py
[2023-01-09T15:28:27.301+0400] {processor.py:753} INFO - DAG(s) dict_keys(['example_trigger_target_dag']) retrieved from /Users/harut/opt/anaconda3/lib/python3.9/site-packages/airflow/example_dags/example_trigger_target_dag.py
[2023-01-09T15:28:27.728+0400] {logging_mixin.py:137} INFO - [2023-01-09T15:28:27.727+0400] {dag.py:2676} INFO - Sync 1 DAGs
[2023-01-09T15:28:27.739+0400] {logging_mixin.py:137} INFO - [2023-01-09T15:28:27.739+0400] {dag.py:3423} INFO - Setting next_dagrun for example_trigger_target_dag to None, run_after=None
[2023-01-09T15:28:27.751+0400] {processor.py:175} INFO - Processing /Users/harut/opt/anaconda3/lib/python3.9/site-packages/airflow/example_dags/example_trigger_target_dag.py took 0.484 seconds
[2023-01-09T15:29:48.671+0400] {processor.py:153} INFO - Started process (PID=14970) to work on /Users/harut/opt/anaconda3/lib/python3.9/site-packages/airflow/example_dags/example_trigger_target_dag.py
[2023-01-09T15:29:48.672+0400] {processor.py:743} INFO - Processing file /Users/harut/opt/anaconda3/lib/python3.9/site-packages/airflow/example_dags/example_trigger_target_dag.py for tasks to queue
[2023-01-09T15:29:48.672+0400] {logging_mixin.py:137} INFO - [2023-01-09T15:29:48.672+0400] {dagbag.py:538} INFO - Filling up the DagBag from /Users/harut/opt/anaconda3/lib/python3.9/site-packages/airflow/example_dags/example_trigger_target_dag.py
[2023-01-09T15:29:48.706+0400] {processor.py:753} INFO - DAG(s) dict_keys(['example_trigger_target_dag']) retrieved from /Users/harut/opt/anaconda3/lib/python3.9/site-packages/airflow/example_dags/example_trigger_target_dag.py
[2023-01-09T15:29:49.127+0400] {logging_mixin.py:137} INFO - [2023-01-09T15:29:49.127+0400] {dag.py:2676} INFO - Sync 1 DAGs
[2023-01-09T15:29:49.138+0400] {logging_mixin.py:137} INFO - [2023-01-09T15:29:49.138+0400] {dag.py:3423} INFO - Setting next_dagrun for example_trigger_target_dag to None, run_after=None
[2023-01-09T15:29:49.148+0400] {processor.py:175} INFO - Processing /Users/harut/opt/anaconda3/lib/python3.9/site-packages/airflow/example_dags/example_trigger_target_dag.py took 0.478 seconds
[2023-01-09T15:31:10.883+0400] {processor.py:153} INFO - Started process (PID=15018) to work on /Users/harut/opt/anaconda3/lib/python3.9/site-packages/airflow/example_dags/example_trigger_target_dag.py
[2023-01-09T15:31:10.884+0400] {processor.py:743} INFO - Processing file /Users/harut/opt/anaconda3/lib/python3.9/site-packages/airflow/example_dags/example_trigger_target_dag.py for tasks to queue
[2023-01-09T15:31:10.884+0400] {logging_mixin.py:137} INFO - [2023-01-09T15:31:10.884+0400] {dagbag.py:538} INFO - Filling up the DagBag from /Users/harut/opt/anaconda3/lib/python3.9/site-packages/airflow/example_dags/example_trigger_target_dag.py
[2023-01-09T15:31:10.915+0400] {processor.py:753} INFO - DAG(s) dict_keys(['example_trigger_target_dag']) retrieved from /Users/harut/opt/anaconda3/lib/python3.9/site-packages/airflow/example_dags/example_trigger_target_dag.py
[2023-01-09T15:31:11.326+0400] {logging_mixin.py:137} INFO - [2023-01-09T15:31:11.325+0400] {dag.py:2676} INFO - Sync 1 DAGs
[2023-01-09T15:31:11.337+0400] {logging_mixin.py:137} INFO - [2023-01-09T15:31:11.337+0400] {dag.py:3423} INFO - Setting next_dagrun for example_trigger_target_dag to None, run_after=None
[2023-01-09T15:31:11.347+0400] {processor.py:175} INFO - Processing /Users/harut/opt/anaconda3/lib/python3.9/site-packages/airflow/example_dags/example_trigger_target_dag.py took 0.464 seconds
[2023-01-09T15:32:33.030+0400] {processor.py:153} INFO - Started process (PID=15063) to work on /Users/harut/opt/anaconda3/lib/python3.9/site-packages/airflow/example_dags/example_trigger_target_dag.py
[2023-01-09T15:32:33.030+0400] {processor.py:743} INFO - Processing file /Users/harut/opt/anaconda3/lib/python3.9/site-packages/airflow/example_dags/example_trigger_target_dag.py for tasks to queue
[2023-01-09T15:32:33.031+0400] {logging_mixin.py:137} INFO - [2023-01-09T15:32:33.030+0400] {dagbag.py:538} INFO - Filling up the DagBag from /Users/harut/opt/anaconda3/lib/python3.9/site-packages/airflow/example_dags/example_trigger_target_dag.py
[2023-01-09T15:32:33.063+0400] {processor.py:753} INFO - DAG(s) dict_keys(['example_trigger_target_dag']) retrieved from /Users/harut/opt/anaconda3/lib/python3.9/site-packages/airflow/example_dags/example_trigger_target_dag.py
[2023-01-09T15:32:33.472+0400] {logging_mixin.py:137} INFO - [2023-01-09T15:32:33.472+0400] {dag.py:2676} INFO - Sync 1 DAGs
[2023-01-09T15:32:33.483+0400] {logging_mixin.py:137} INFO - [2023-01-09T15:32:33.483+0400] {dag.py:3423} INFO - Setting next_dagrun for example_trigger_target_dag to None, run_after=None
[2023-01-09T15:32:33.493+0400] {processor.py:175} INFO - Processing /Users/harut/opt/anaconda3/lib/python3.9/site-packages/airflow/example_dags/example_trigger_target_dag.py took 0.464 seconds
[2023-01-09T15:33:57.039+0400] {processor.py:153} INFO - Started process (PID=15108) to work on /Users/harut/opt/anaconda3/lib/python3.9/site-packages/airflow/example_dags/example_trigger_target_dag.py
[2023-01-09T15:33:57.040+0400] {processor.py:743} INFO - Processing file /Users/harut/opt/anaconda3/lib/python3.9/site-packages/airflow/example_dags/example_trigger_target_dag.py for tasks to queue
[2023-01-09T15:33:57.040+0400] {logging_mixin.py:137} INFO - [2023-01-09T15:33:57.040+0400] {dagbag.py:538} INFO - Filling up the DagBag from /Users/harut/opt/anaconda3/lib/python3.9/site-packages/airflow/example_dags/example_trigger_target_dag.py
[2023-01-09T15:33:57.073+0400] {processor.py:753} INFO - DAG(s) dict_keys(['example_trigger_target_dag']) retrieved from /Users/harut/opt/anaconda3/lib/python3.9/site-packages/airflow/example_dags/example_trigger_target_dag.py
[2023-01-09T15:33:57.497+0400] {logging_mixin.py:137} INFO - [2023-01-09T15:33:57.496+0400] {dag.py:2676} INFO - Sync 1 DAGs
[2023-01-09T15:33:57.507+0400] {logging_mixin.py:137} INFO - [2023-01-09T15:33:57.507+0400] {dag.py:3423} INFO - Setting next_dagrun for example_trigger_target_dag to None, run_after=None
[2023-01-09T15:33:57.517+0400] {processor.py:175} INFO - Processing /Users/harut/opt/anaconda3/lib/python3.9/site-packages/airflow/example_dags/example_trigger_target_dag.py took 0.478 seconds
[2023-01-09T15:35:21.251+0400] {processor.py:153} INFO - Started process (PID=15157) to work on /Users/harut/opt/anaconda3/lib/python3.9/site-packages/airflow/example_dags/example_trigger_target_dag.py
[2023-01-09T15:35:21.251+0400] {processor.py:743} INFO - Processing file /Users/harut/opt/anaconda3/lib/python3.9/site-packages/airflow/example_dags/example_trigger_target_dag.py for tasks to queue
[2023-01-09T15:35:21.252+0400] {logging_mixin.py:137} INFO - [2023-01-09T15:35:21.251+0400] {dagbag.py:538} INFO - Filling up the DagBag from /Users/harut/opt/anaconda3/lib/python3.9/site-packages/airflow/example_dags/example_trigger_target_dag.py
[2023-01-09T15:35:21.285+0400] {processor.py:753} INFO - DAG(s) dict_keys(['example_trigger_target_dag']) retrieved from /Users/harut/opt/anaconda3/lib/python3.9/site-packages/airflow/example_dags/example_trigger_target_dag.py
[2023-01-09T15:35:21.693+0400] {logging_mixin.py:137} INFO - [2023-01-09T15:35:21.693+0400] {dag.py:2676} INFO - Sync 1 DAGs
[2023-01-09T15:35:21.704+0400] {logging_mixin.py:137} INFO - [2023-01-09T15:35:21.704+0400] {dag.py:3423} INFO - Setting next_dagrun for example_trigger_target_dag to None, run_after=None
[2023-01-09T15:35:21.719+0400] {processor.py:175} INFO - Processing /Users/harut/opt/anaconda3/lib/python3.9/site-packages/airflow/example_dags/example_trigger_target_dag.py took 0.469 seconds
[2023-01-09T15:36:43.600+0400] {processor.py:153} INFO - Started process (PID=15220) to work on /Users/harut/opt/anaconda3/lib/python3.9/site-packages/airflow/example_dags/example_trigger_target_dag.py
[2023-01-09T15:36:43.600+0400] {processor.py:743} INFO - Processing file /Users/harut/opt/anaconda3/lib/python3.9/site-packages/airflow/example_dags/example_trigger_target_dag.py for tasks to queue
[2023-01-09T15:36:43.601+0400] {logging_mixin.py:137} INFO - [2023-01-09T15:36:43.601+0400] {dagbag.py:538} INFO - Filling up the DagBag from /Users/harut/opt/anaconda3/lib/python3.9/site-packages/airflow/example_dags/example_trigger_target_dag.py
[2023-01-09T15:36:43.634+0400] {processor.py:753} INFO - DAG(s) dict_keys(['example_trigger_target_dag']) retrieved from /Users/harut/opt/anaconda3/lib/python3.9/site-packages/airflow/example_dags/example_trigger_target_dag.py
[2023-01-09T15:36:44.028+0400] {logging_mixin.py:137} INFO - [2023-01-09T15:36:44.028+0400] {dag.py:2676} INFO - Sync 1 DAGs
[2023-01-09T15:36:44.037+0400] {logging_mixin.py:137} INFO - [2023-01-09T15:36:44.037+0400] {dag.py:3423} INFO - Setting next_dagrun for example_trigger_target_dag to None, run_after=None
[2023-01-09T15:36:44.047+0400] {processor.py:175} INFO - Processing /Users/harut/opt/anaconda3/lib/python3.9/site-packages/airflow/example_dags/example_trigger_target_dag.py took 0.448 seconds
[2023-01-09T15:38:06.449+0400] {processor.py:153} INFO - Started process (PID=15262) to work on /Users/harut/opt/anaconda3/lib/python3.9/site-packages/airflow/example_dags/example_trigger_target_dag.py
[2023-01-09T15:38:06.450+0400] {processor.py:743} INFO - Processing file /Users/harut/opt/anaconda3/lib/python3.9/site-packages/airflow/example_dags/example_trigger_target_dag.py for tasks to queue
[2023-01-09T15:38:06.450+0400] {logging_mixin.py:137} INFO - [2023-01-09T15:38:06.450+0400] {dagbag.py:538} INFO - Filling up the DagBag from /Users/harut/opt/anaconda3/lib/python3.9/site-packages/airflow/example_dags/example_trigger_target_dag.py
[2023-01-09T15:38:06.479+0400] {processor.py:753} INFO - DAG(s) dict_keys(['example_trigger_target_dag']) retrieved from /Users/harut/opt/anaconda3/lib/python3.9/site-packages/airflow/example_dags/example_trigger_target_dag.py
[2023-01-09T15:38:06.850+0400] {logging_mixin.py:137} INFO - [2023-01-09T15:38:06.850+0400] {dag.py:2676} INFO - Sync 1 DAGs
[2023-01-09T15:38:06.859+0400] {logging_mixin.py:137} INFO - [2023-01-09T15:38:06.859+0400] {dag.py:3423} INFO - Setting next_dagrun for example_trigger_target_dag to None, run_after=None
[2023-01-09T15:38:06.868+0400] {processor.py:175} INFO - Processing /Users/harut/opt/anaconda3/lib/python3.9/site-packages/airflow/example_dags/example_trigger_target_dag.py took 0.420 seconds
[2023-01-09T15:39:28.593+0400] {processor.py:153} INFO - Started process (PID=15306) to work on /Users/harut/opt/anaconda3/lib/python3.9/site-packages/airflow/example_dags/example_trigger_target_dag.py
[2023-01-09T15:39:28.593+0400] {processor.py:743} INFO - Processing file /Users/harut/opt/anaconda3/lib/python3.9/site-packages/airflow/example_dags/example_trigger_target_dag.py for tasks to queue
[2023-01-09T15:39:28.594+0400] {logging_mixin.py:137} INFO - [2023-01-09T15:39:28.594+0400] {dagbag.py:538} INFO - Filling up the DagBag from /Users/harut/opt/anaconda3/lib/python3.9/site-packages/airflow/example_dags/example_trigger_target_dag.py
[2023-01-09T15:39:28.625+0400] {processor.py:753} INFO - DAG(s) dict_keys(['example_trigger_target_dag']) retrieved from /Users/harut/opt/anaconda3/lib/python3.9/site-packages/airflow/example_dags/example_trigger_target_dag.py
[2023-01-09T15:39:28.997+0400] {logging_mixin.py:137} INFO - [2023-01-09T15:39:28.997+0400] {dag.py:2676} INFO - Sync 1 DAGs
[2023-01-09T15:39:29.007+0400] {logging_mixin.py:137} INFO - [2023-01-09T15:39:29.007+0400] {dag.py:3423} INFO - Setting next_dagrun for example_trigger_target_dag to None, run_after=None
[2023-01-09T15:39:29.017+0400] {processor.py:175} INFO - Processing /Users/harut/opt/anaconda3/lib/python3.9/site-packages/airflow/example_dags/example_trigger_target_dag.py took 0.425 seconds
[2023-01-09T15:40:49.007+0400] {processor.py:153} INFO - Started process (PID=15358) to work on /Users/harut/opt/anaconda3/lib/python3.9/site-packages/airflow/example_dags/example_trigger_target_dag.py
[2023-01-09T15:40:49.008+0400] {processor.py:743} INFO - Processing file /Users/harut/opt/anaconda3/lib/python3.9/site-packages/airflow/example_dags/example_trigger_target_dag.py for tasks to queue
[2023-01-09T15:40:49.008+0400] {logging_mixin.py:137} INFO - [2023-01-09T15:40:49.008+0400] {dagbag.py:538} INFO - Filling up the DagBag from /Users/harut/opt/anaconda3/lib/python3.9/site-packages/airflow/example_dags/example_trigger_target_dag.py
[2023-01-09T15:40:49.038+0400] {processor.py:753} INFO - DAG(s) dict_keys(['example_trigger_target_dag']) retrieved from /Users/harut/opt/anaconda3/lib/python3.9/site-packages/airflow/example_dags/example_trigger_target_dag.py
[2023-01-09T15:40:49.410+0400] {logging_mixin.py:137} INFO - [2023-01-09T15:40:49.409+0400] {dag.py:2676} INFO - Sync 1 DAGs
[2023-01-09T15:40:49.419+0400] {logging_mixin.py:137} INFO - [2023-01-09T15:40:49.419+0400] {dag.py:3423} INFO - Setting next_dagrun for example_trigger_target_dag to None, run_after=None
[2023-01-09T15:40:49.428+0400] {processor.py:175} INFO - Processing /Users/harut/opt/anaconda3/lib/python3.9/site-packages/airflow/example_dags/example_trigger_target_dag.py took 0.422 seconds
