[2023-01-09T14:17:16.599+0400] {processor.py:153} INFO - Started process (PID=12421) to work on /Users/harut/opt/anaconda3/lib/python3.9/site-packages/airflow/example_dags/example_nested_branch_dag.py
[2023-01-09T14:17:16.600+0400] {processor.py:743} INFO - Processing file /Users/harut/opt/anaconda3/lib/python3.9/site-packages/airflow/example_dags/example_nested_branch_dag.py for tasks to queue
[2023-01-09T14:17:16.600+0400] {logging_mixin.py:137} INFO - [2023-01-09T14:17:16.600+0400] {dagbag.py:538} INFO - Filling up the DagBag from /Users/harut/opt/anaconda3/lib/python3.9/site-packages/airflow/example_dags/example_nested_branch_dag.py
[2023-01-09T14:17:16.636+0400] {processor.py:753} INFO - DAG(s) dict_keys(['example_nested_branch_dag']) retrieved from /Users/harut/opt/anaconda3/lib/python3.9/site-packages/airflow/example_dags/example_nested_branch_dag.py
[2023-01-09T14:17:17.080+0400] {logging_mixin.py:137} INFO - [2023-01-09T14:17:17.080+0400] {dag.py:2676} INFO - Sync 1 DAGs
[2023-01-09T14:17:17.094+0400] {logging_mixin.py:137} INFO - [2023-01-09T14:17:17.094+0400] {dag.py:3423} INFO - Setting next_dagrun for example_nested_branch_dag to 2023-01-08T00:00:00+00:00, run_after=2023-01-09T00:00:00+00:00
[2023-01-09T14:17:17.111+0400] {processor.py:175} INFO - Processing /Users/harut/opt/anaconda3/lib/python3.9/site-packages/airflow/example_dags/example_nested_branch_dag.py took 0.513 seconds
[2023-01-09T14:19:41.260+0400] {processor.py:153} INFO - Started process (PID=12515) to work on /Users/harut/opt/anaconda3/lib/python3.9/site-packages/airflow/example_dags/example_nested_branch_dag.py
[2023-01-09T14:19:41.260+0400] {processor.py:743} INFO - Processing file /Users/harut/opt/anaconda3/lib/python3.9/site-packages/airflow/example_dags/example_nested_branch_dag.py for tasks to queue
[2023-01-09T14:19:41.260+0400] {logging_mixin.py:137} INFO - [2023-01-09T14:19:41.260+0400] {dagbag.py:538} INFO - Filling up the DagBag from /Users/harut/opt/anaconda3/lib/python3.9/site-packages/airflow/example_dags/example_nested_branch_dag.py
[2023-01-09T14:19:41.292+0400] {processor.py:753} INFO - DAG(s) dict_keys(['example_nested_branch_dag']) retrieved from /Users/harut/opt/anaconda3/lib/python3.9/site-packages/airflow/example_dags/example_nested_branch_dag.py
[2023-01-09T14:19:41.671+0400] {logging_mixin.py:137} INFO - [2023-01-09T14:19:41.671+0400] {dag.py:2676} INFO - Sync 1 DAGs
[2023-01-09T14:19:41.682+0400] {logging_mixin.py:137} INFO - [2023-01-09T14:19:41.681+0400] {dag.py:3423} INFO - Setting next_dagrun for example_nested_branch_dag to 2023-01-08T00:00:00+00:00, run_after=2023-01-09T00:00:00+00:00
[2023-01-09T14:19:41.691+0400] {processor.py:175} INFO - Processing /Users/harut/opt/anaconda3/lib/python3.9/site-packages/airflow/example_dags/example_nested_branch_dag.py took 0.432 seconds
[2023-01-09T14:20:55.662+0400] {processor.py:153} INFO - Started process (PID=12554) to work on /Users/harut/opt/anaconda3/lib/python3.9/site-packages/airflow/example_dags/example_nested_branch_dag.py
[2023-01-09T14:20:55.663+0400] {processor.py:743} INFO - Processing file /Users/harut/opt/anaconda3/lib/python3.9/site-packages/airflow/example_dags/example_nested_branch_dag.py for tasks to queue
[2023-01-09T14:20:55.663+0400] {logging_mixin.py:137} INFO - [2023-01-09T14:20:55.663+0400] {dagbag.py:538} INFO - Filling up the DagBag from /Users/harut/opt/anaconda3/lib/python3.9/site-packages/airflow/example_dags/example_nested_branch_dag.py
[2023-01-09T14:20:55.693+0400] {processor.py:753} INFO - DAG(s) dict_keys(['example_nested_branch_dag']) retrieved from /Users/harut/opt/anaconda3/lib/python3.9/site-packages/airflow/example_dags/example_nested_branch_dag.py
[2023-01-09T14:20:56.072+0400] {logging_mixin.py:137} INFO - [2023-01-09T14:20:56.072+0400] {dag.py:2676} INFO - Sync 1 DAGs
[2023-01-09T14:20:56.083+0400] {logging_mixin.py:137} INFO - [2023-01-09T14:20:56.083+0400] {dag.py:3423} INFO - Setting next_dagrun for example_nested_branch_dag to 2023-01-08T00:00:00+00:00, run_after=2023-01-09T00:00:00+00:00
[2023-01-09T14:20:56.093+0400] {processor.py:175} INFO - Processing /Users/harut/opt/anaconda3/lib/python3.9/site-packages/airflow/example_dags/example_nested_branch_dag.py took 0.431 seconds
[2023-01-09T14:22:10.743+0400] {processor.py:153} INFO - Started process (PID=12607) to work on /Users/harut/opt/anaconda3/lib/python3.9/site-packages/airflow/example_dags/example_nested_branch_dag.py
[2023-01-09T14:22:10.744+0400] {processor.py:743} INFO - Processing file /Users/harut/opt/anaconda3/lib/python3.9/site-packages/airflow/example_dags/example_nested_branch_dag.py for tasks to queue
[2023-01-09T14:22:10.744+0400] {logging_mixin.py:137} INFO - [2023-01-09T14:22:10.744+0400] {dagbag.py:538} INFO - Filling up the DagBag from /Users/harut/opt/anaconda3/lib/python3.9/site-packages/airflow/example_dags/example_nested_branch_dag.py
[2023-01-09T14:22:10.774+0400] {processor.py:753} INFO - DAG(s) dict_keys(['example_nested_branch_dag']) retrieved from /Users/harut/opt/anaconda3/lib/python3.9/site-packages/airflow/example_dags/example_nested_branch_dag.py
[2023-01-09T14:22:11.140+0400] {logging_mixin.py:137} INFO - [2023-01-09T14:22:11.139+0400] {dag.py:2676} INFO - Sync 1 DAGs
[2023-01-09T14:22:11.149+0400] {logging_mixin.py:137} INFO - [2023-01-09T14:22:11.149+0400] {dag.py:3423} INFO - Setting next_dagrun for example_nested_branch_dag to 2023-01-08T00:00:00+00:00, run_after=2023-01-09T00:00:00+00:00
[2023-01-09T14:22:11.158+0400] {processor.py:175} INFO - Processing /Users/harut/opt/anaconda3/lib/python3.9/site-packages/airflow/example_dags/example_nested_branch_dag.py took 0.416 seconds
[2023-01-09T14:23:25.965+0400] {processor.py:153} INFO - Started process (PID=12646) to work on /Users/harut/opt/anaconda3/lib/python3.9/site-packages/airflow/example_dags/example_nested_branch_dag.py
[2023-01-09T14:23:25.966+0400] {processor.py:743} INFO - Processing file /Users/harut/opt/anaconda3/lib/python3.9/site-packages/airflow/example_dags/example_nested_branch_dag.py for tasks to queue
[2023-01-09T14:23:25.966+0400] {logging_mixin.py:137} INFO - [2023-01-09T14:23:25.966+0400] {dagbag.py:538} INFO - Filling up the DagBag from /Users/harut/opt/anaconda3/lib/python3.9/site-packages/airflow/example_dags/example_nested_branch_dag.py
[2023-01-09T14:23:25.998+0400] {processor.py:753} INFO - DAG(s) dict_keys(['example_nested_branch_dag']) retrieved from /Users/harut/opt/anaconda3/lib/python3.9/site-packages/airflow/example_dags/example_nested_branch_dag.py
[2023-01-09T14:23:26.365+0400] {logging_mixin.py:137} INFO - [2023-01-09T14:23:26.365+0400] {dag.py:2676} INFO - Sync 1 DAGs
[2023-01-09T14:23:26.375+0400] {logging_mixin.py:137} INFO - [2023-01-09T14:23:26.375+0400] {dag.py:3423} INFO - Setting next_dagrun for example_nested_branch_dag to 2023-01-08T00:00:00+00:00, run_after=2023-01-09T00:00:00+00:00
[2023-01-09T14:23:26.384+0400] {processor.py:175} INFO - Processing /Users/harut/opt/anaconda3/lib/python3.9/site-packages/airflow/example_dags/example_nested_branch_dag.py took 0.419 seconds
[2023-01-09T14:24:46.293+0400] {processor.py:153} INFO - Started process (PID=12691) to work on /Users/harut/opt/anaconda3/lib/python3.9/site-packages/airflow/example_dags/example_nested_branch_dag.py
[2023-01-09T14:24:46.294+0400] {processor.py:743} INFO - Processing file /Users/harut/opt/anaconda3/lib/python3.9/site-packages/airflow/example_dags/example_nested_branch_dag.py for tasks to queue
[2023-01-09T14:24:46.294+0400] {logging_mixin.py:137} INFO - [2023-01-09T14:24:46.294+0400] {dagbag.py:538} INFO - Filling up the DagBag from /Users/harut/opt/anaconda3/lib/python3.9/site-packages/airflow/example_dags/example_nested_branch_dag.py
[2023-01-09T14:24:46.325+0400] {processor.py:753} INFO - DAG(s) dict_keys(['example_nested_branch_dag']) retrieved from /Users/harut/opt/anaconda3/lib/python3.9/site-packages/airflow/example_dags/example_nested_branch_dag.py
[2023-01-09T14:24:46.721+0400] {logging_mixin.py:137} INFO - [2023-01-09T14:24:46.721+0400] {dag.py:2676} INFO - Sync 1 DAGs
[2023-01-09T14:24:46.733+0400] {logging_mixin.py:137} INFO - [2023-01-09T14:24:46.732+0400] {dag.py:3423} INFO - Setting next_dagrun for example_nested_branch_dag to 2023-01-08T00:00:00+00:00, run_after=2023-01-09T00:00:00+00:00
[2023-01-09T14:24:46.747+0400] {processor.py:175} INFO - Processing /Users/harut/opt/anaconda3/lib/python3.9/site-packages/airflow/example_dags/example_nested_branch_dag.py took 0.454 seconds
[2023-01-09T14:26:05.345+0400] {processor.py:153} INFO - Started process (PID=12734) to work on /Users/harut/opt/anaconda3/lib/python3.9/site-packages/airflow/example_dags/example_nested_branch_dag.py
[2023-01-09T14:26:05.345+0400] {processor.py:743} INFO - Processing file /Users/harut/opt/anaconda3/lib/python3.9/site-packages/airflow/example_dags/example_nested_branch_dag.py for tasks to queue
[2023-01-09T14:26:05.345+0400] {logging_mixin.py:137} INFO - [2023-01-09T14:26:05.345+0400] {dagbag.py:538} INFO - Filling up the DagBag from /Users/harut/opt/anaconda3/lib/python3.9/site-packages/airflow/example_dags/example_nested_branch_dag.py
[2023-01-09T14:26:05.376+0400] {processor.py:753} INFO - DAG(s) dict_keys(['example_nested_branch_dag']) retrieved from /Users/harut/opt/anaconda3/lib/python3.9/site-packages/airflow/example_dags/example_nested_branch_dag.py
[2023-01-09T14:26:05.747+0400] {logging_mixin.py:137} INFO - [2023-01-09T14:26:05.747+0400] {dag.py:2676} INFO - Sync 1 DAGs
[2023-01-09T14:26:05.757+0400] {logging_mixin.py:137} INFO - [2023-01-09T14:26:05.757+0400] {dag.py:3423} INFO - Setting next_dagrun for example_nested_branch_dag to 2023-01-08T00:00:00+00:00, run_after=2023-01-09T00:00:00+00:00
[2023-01-09T14:26:05.766+0400] {processor.py:175} INFO - Processing /Users/harut/opt/anaconda3/lib/python3.9/site-packages/airflow/example_dags/example_nested_branch_dag.py took 0.422 seconds
[2023-01-09T14:27:22.346+0400] {processor.py:153} INFO - Started process (PID=12779) to work on /Users/harut/opt/anaconda3/lib/python3.9/site-packages/airflow/example_dags/example_nested_branch_dag.py
[2023-01-09T14:27:22.346+0400] {processor.py:743} INFO - Processing file /Users/harut/opt/anaconda3/lib/python3.9/site-packages/airflow/example_dags/example_nested_branch_dag.py for tasks to queue
[2023-01-09T14:27:22.347+0400] {logging_mixin.py:137} INFO - [2023-01-09T14:27:22.347+0400] {dagbag.py:538} INFO - Filling up the DagBag from /Users/harut/opt/anaconda3/lib/python3.9/site-packages/airflow/example_dags/example_nested_branch_dag.py
[2023-01-09T14:27:22.378+0400] {processor.py:753} INFO - DAG(s) dict_keys(['example_nested_branch_dag']) retrieved from /Users/harut/opt/anaconda3/lib/python3.9/site-packages/airflow/example_dags/example_nested_branch_dag.py
[2023-01-09T14:27:22.747+0400] {logging_mixin.py:137} INFO - [2023-01-09T14:27:22.747+0400] {dag.py:2676} INFO - Sync 1 DAGs
[2023-01-09T14:27:22.757+0400] {logging_mixin.py:137} INFO - [2023-01-09T14:27:22.757+0400] {dag.py:3423} INFO - Setting next_dagrun for example_nested_branch_dag to 2023-01-08T00:00:00+00:00, run_after=2023-01-09T00:00:00+00:00
[2023-01-09T14:27:22.767+0400] {processor.py:175} INFO - Processing /Users/harut/opt/anaconda3/lib/python3.9/site-packages/airflow/example_dags/example_nested_branch_dag.py took 0.421 seconds
[2023-01-09T14:28:39.493+0400] {processor.py:153} INFO - Started process (PID=12824) to work on /Users/harut/opt/anaconda3/lib/python3.9/site-packages/airflow/example_dags/example_nested_branch_dag.py
[2023-01-09T14:28:39.494+0400] {processor.py:743} INFO - Processing file /Users/harut/opt/anaconda3/lib/python3.9/site-packages/airflow/example_dags/example_nested_branch_dag.py for tasks to queue
[2023-01-09T14:28:39.494+0400] {logging_mixin.py:137} INFO - [2023-01-09T14:28:39.494+0400] {dagbag.py:538} INFO - Filling up the DagBag from /Users/harut/opt/anaconda3/lib/python3.9/site-packages/airflow/example_dags/example_nested_branch_dag.py
[2023-01-09T14:28:39.524+0400] {processor.py:753} INFO - DAG(s) dict_keys(['example_nested_branch_dag']) retrieved from /Users/harut/opt/anaconda3/lib/python3.9/site-packages/airflow/example_dags/example_nested_branch_dag.py
[2023-01-09T14:28:39.896+0400] {logging_mixin.py:137} INFO - [2023-01-09T14:28:39.895+0400] {dag.py:2676} INFO - Sync 1 DAGs
[2023-01-09T14:28:39.907+0400] {logging_mixin.py:137} INFO - [2023-01-09T14:28:39.907+0400] {dag.py:3423} INFO - Setting next_dagrun for example_nested_branch_dag to 2023-01-08T00:00:00+00:00, run_after=2023-01-09T00:00:00+00:00
[2023-01-09T14:28:39.918+0400] {processor.py:175} INFO - Processing /Users/harut/opt/anaconda3/lib/python3.9/site-packages/airflow/example_dags/example_nested_branch_dag.py took 0.425 seconds
[2023-01-09T14:29:55.629+0400] {processor.py:153} INFO - Started process (PID=12865) to work on /Users/harut/opt/anaconda3/lib/python3.9/site-packages/airflow/example_dags/example_nested_branch_dag.py
[2023-01-09T14:29:55.630+0400] {processor.py:743} INFO - Processing file /Users/harut/opt/anaconda3/lib/python3.9/site-packages/airflow/example_dags/example_nested_branch_dag.py for tasks to queue
[2023-01-09T14:29:55.630+0400] {logging_mixin.py:137} INFO - [2023-01-09T14:29:55.630+0400] {dagbag.py:538} INFO - Filling up the DagBag from /Users/harut/opt/anaconda3/lib/python3.9/site-packages/airflow/example_dags/example_nested_branch_dag.py
[2023-01-09T14:29:55.660+0400] {processor.py:753} INFO - DAG(s) dict_keys(['example_nested_branch_dag']) retrieved from /Users/harut/opt/anaconda3/lib/python3.9/site-packages/airflow/example_dags/example_nested_branch_dag.py
[2023-01-09T14:29:56.043+0400] {logging_mixin.py:137} INFO - [2023-01-09T14:29:56.043+0400] {dag.py:2676} INFO - Sync 1 DAGs
[2023-01-09T14:29:56.054+0400] {logging_mixin.py:137} INFO - [2023-01-09T14:29:56.054+0400] {dag.py:3423} INFO - Setting next_dagrun for example_nested_branch_dag to 2023-01-08T00:00:00+00:00, run_after=2023-01-09T00:00:00+00:00
[2023-01-09T14:29:56.065+0400] {processor.py:175} INFO - Processing /Users/harut/opt/anaconda3/lib/python3.9/site-packages/airflow/example_dags/example_nested_branch_dag.py took 0.436 seconds
[2023-01-09T14:31:12.848+0400] {processor.py:153} INFO - Started process (PID=12911) to work on /Users/harut/opt/anaconda3/lib/python3.9/site-packages/airflow/example_dags/example_nested_branch_dag.py
[2023-01-09T14:31:12.848+0400] {processor.py:743} INFO - Processing file /Users/harut/opt/anaconda3/lib/python3.9/site-packages/airflow/example_dags/example_nested_branch_dag.py for tasks to queue
[2023-01-09T14:31:12.849+0400] {logging_mixin.py:137} INFO - [2023-01-09T14:31:12.849+0400] {dagbag.py:538} INFO - Filling up the DagBag from /Users/harut/opt/anaconda3/lib/python3.9/site-packages/airflow/example_dags/example_nested_branch_dag.py
[2023-01-09T14:31:12.878+0400] {processor.py:753} INFO - DAG(s) dict_keys(['example_nested_branch_dag']) retrieved from /Users/harut/opt/anaconda3/lib/python3.9/site-packages/airflow/example_dags/example_nested_branch_dag.py
[2023-01-09T14:31:13.245+0400] {logging_mixin.py:137} INFO - [2023-01-09T14:31:13.245+0400] {dag.py:2676} INFO - Sync 1 DAGs
[2023-01-09T14:31:13.256+0400] {logging_mixin.py:137} INFO - [2023-01-09T14:31:13.256+0400] {dag.py:3423} INFO - Setting next_dagrun for example_nested_branch_dag to 2023-01-08T00:00:00+00:00, run_after=2023-01-09T00:00:00+00:00
[2023-01-09T14:31:13.265+0400] {processor.py:175} INFO - Processing /Users/harut/opt/anaconda3/lib/python3.9/site-packages/airflow/example_dags/example_nested_branch_dag.py took 0.417 seconds
[2023-01-09T14:32:26.555+0400] {processor.py:153} INFO - Started process (PID=12958) to work on /Users/harut/opt/anaconda3/lib/python3.9/site-packages/airflow/example_dags/example_nested_branch_dag.py
[2023-01-09T14:32:26.555+0400] {processor.py:743} INFO - Processing file /Users/harut/opt/anaconda3/lib/python3.9/site-packages/airflow/example_dags/example_nested_branch_dag.py for tasks to queue
[2023-01-09T14:32:26.556+0400] {logging_mixin.py:137} INFO - [2023-01-09T14:32:26.556+0400] {dagbag.py:538} INFO - Filling up the DagBag from /Users/harut/opt/anaconda3/lib/python3.9/site-packages/airflow/example_dags/example_nested_branch_dag.py
[2023-01-09T14:32:26.586+0400] {processor.py:753} INFO - DAG(s) dict_keys(['example_nested_branch_dag']) retrieved from /Users/harut/opt/anaconda3/lib/python3.9/site-packages/airflow/example_dags/example_nested_branch_dag.py
[2023-01-09T14:32:26.950+0400] {logging_mixin.py:137} INFO - [2023-01-09T14:32:26.950+0400] {dag.py:2676} INFO - Sync 1 DAGs
[2023-01-09T14:32:26.960+0400] {logging_mixin.py:137} INFO - [2023-01-09T14:32:26.960+0400] {dag.py:3423} INFO - Setting next_dagrun for example_nested_branch_dag to 2023-01-08T00:00:00+00:00, run_after=2023-01-09T00:00:00+00:00
[2023-01-09T14:32:26.969+0400] {processor.py:175} INFO - Processing /Users/harut/opt/anaconda3/lib/python3.9/site-packages/airflow/example_dags/example_nested_branch_dag.py took 0.415 seconds
[2023-01-09T14:33:44.819+0400] {processor.py:153} INFO - Started process (PID=13001) to work on /Users/harut/opt/anaconda3/lib/python3.9/site-packages/airflow/example_dags/example_nested_branch_dag.py
[2023-01-09T14:33:44.820+0400] {processor.py:743} INFO - Processing file /Users/harut/opt/anaconda3/lib/python3.9/site-packages/airflow/example_dags/example_nested_branch_dag.py for tasks to queue
[2023-01-09T14:33:44.820+0400] {logging_mixin.py:137} INFO - [2023-01-09T14:33:44.820+0400] {dagbag.py:538} INFO - Filling up the DagBag from /Users/harut/opt/anaconda3/lib/python3.9/site-packages/airflow/example_dags/example_nested_branch_dag.py
[2023-01-09T14:33:44.854+0400] {processor.py:753} INFO - DAG(s) dict_keys(['example_nested_branch_dag']) retrieved from /Users/harut/opt/anaconda3/lib/python3.9/site-packages/airflow/example_dags/example_nested_branch_dag.py
[2023-01-09T14:33:45.232+0400] {logging_mixin.py:137} INFO - [2023-01-09T14:33:45.232+0400] {dag.py:2676} INFO - Sync 1 DAGs
[2023-01-09T14:33:45.242+0400] {logging_mixin.py:137} INFO - [2023-01-09T14:33:45.242+0400] {dag.py:3423} INFO - Setting next_dagrun for example_nested_branch_dag to 2023-01-08T00:00:00+00:00, run_after=2023-01-09T00:00:00+00:00
[2023-01-09T14:33:45.251+0400] {processor.py:175} INFO - Processing /Users/harut/opt/anaconda3/lib/python3.9/site-packages/airflow/example_dags/example_nested_branch_dag.py took 0.433 seconds
[2023-01-09T14:35:01.927+0400] {processor.py:153} INFO - Started process (PID=13059) to work on /Users/harut/opt/anaconda3/lib/python3.9/site-packages/airflow/example_dags/example_nested_branch_dag.py
[2023-01-09T14:35:01.928+0400] {processor.py:743} INFO - Processing file /Users/harut/opt/anaconda3/lib/python3.9/site-packages/airflow/example_dags/example_nested_branch_dag.py for tasks to queue
[2023-01-09T14:35:01.928+0400] {logging_mixin.py:137} INFO - [2023-01-09T14:35:01.928+0400] {dagbag.py:538} INFO - Filling up the DagBag from /Users/harut/opt/anaconda3/lib/python3.9/site-packages/airflow/example_dags/example_nested_branch_dag.py
[2023-01-09T14:35:01.959+0400] {processor.py:753} INFO - DAG(s) dict_keys(['example_nested_branch_dag']) retrieved from /Users/harut/opt/anaconda3/lib/python3.9/site-packages/airflow/example_dags/example_nested_branch_dag.py
[2023-01-09T14:35:02.323+0400] {logging_mixin.py:137} INFO - [2023-01-09T14:35:02.323+0400] {dag.py:2676} INFO - Sync 1 DAGs
[2023-01-09T14:35:02.333+0400] {logging_mixin.py:137} INFO - [2023-01-09T14:35:02.333+0400] {dag.py:3423} INFO - Setting next_dagrun for example_nested_branch_dag to 2023-01-08T00:00:00+00:00, run_after=2023-01-09T00:00:00+00:00
[2023-01-09T14:35:02.342+0400] {processor.py:175} INFO - Processing /Users/harut/opt/anaconda3/lib/python3.9/site-packages/airflow/example_dags/example_nested_branch_dag.py took 0.415 seconds
[2023-01-09T14:36:20.324+0400] {processor.py:153} INFO - Started process (PID=13104) to work on /Users/harut/opt/anaconda3/lib/python3.9/site-packages/airflow/example_dags/example_nested_branch_dag.py
[2023-01-09T14:36:20.324+0400] {processor.py:743} INFO - Processing file /Users/harut/opt/anaconda3/lib/python3.9/site-packages/airflow/example_dags/example_nested_branch_dag.py for tasks to queue
[2023-01-09T14:36:20.325+0400] {logging_mixin.py:137} INFO - [2023-01-09T14:36:20.325+0400] {dagbag.py:538} INFO - Filling up the DagBag from /Users/harut/opt/anaconda3/lib/python3.9/site-packages/airflow/example_dags/example_nested_branch_dag.py
[2023-01-09T14:36:20.355+0400] {processor.py:753} INFO - DAG(s) dict_keys(['example_nested_branch_dag']) retrieved from /Users/harut/opt/anaconda3/lib/python3.9/site-packages/airflow/example_dags/example_nested_branch_dag.py
[2023-01-09T14:36:20.716+0400] {logging_mixin.py:137} INFO - [2023-01-09T14:36:20.716+0400] {dag.py:2676} INFO - Sync 1 DAGs
[2023-01-09T14:36:20.726+0400] {logging_mixin.py:137} INFO - [2023-01-09T14:36:20.726+0400] {dag.py:3423} INFO - Setting next_dagrun for example_nested_branch_dag to 2023-01-08T00:00:00+00:00, run_after=2023-01-09T00:00:00+00:00
[2023-01-09T14:36:20.736+0400] {processor.py:175} INFO - Processing /Users/harut/opt/anaconda3/lib/python3.9/site-packages/airflow/example_dags/example_nested_branch_dag.py took 0.412 seconds
[2023-01-09T14:37:36.690+0400] {processor.py:153} INFO - Started process (PID=13144) to work on /Users/harut/opt/anaconda3/lib/python3.9/site-packages/airflow/example_dags/example_nested_branch_dag.py
[2023-01-09T14:37:36.691+0400] {processor.py:743} INFO - Processing file /Users/harut/opt/anaconda3/lib/python3.9/site-packages/airflow/example_dags/example_nested_branch_dag.py for tasks to queue
[2023-01-09T14:37:36.691+0400] {logging_mixin.py:137} INFO - [2023-01-09T14:37:36.691+0400] {dagbag.py:538} INFO - Filling up the DagBag from /Users/harut/opt/anaconda3/lib/python3.9/site-packages/airflow/example_dags/example_nested_branch_dag.py
[2023-01-09T14:37:36.722+0400] {processor.py:753} INFO - DAG(s) dict_keys(['example_nested_branch_dag']) retrieved from /Users/harut/opt/anaconda3/lib/python3.9/site-packages/airflow/example_dags/example_nested_branch_dag.py
[2023-01-09T14:37:37.106+0400] {logging_mixin.py:137} INFO - [2023-01-09T14:37:37.106+0400] {dag.py:2676} INFO - Sync 1 DAGs
[2023-01-09T14:37:37.116+0400] {logging_mixin.py:137} INFO - [2023-01-09T14:37:37.116+0400] {dag.py:3423} INFO - Setting next_dagrun for example_nested_branch_dag to 2023-01-08T00:00:00+00:00, run_after=2023-01-09T00:00:00+00:00
[2023-01-09T14:37:37.126+0400] {processor.py:175} INFO - Processing /Users/harut/opt/anaconda3/lib/python3.9/site-packages/airflow/example_dags/example_nested_branch_dag.py took 0.435 seconds
[2023-01-09T14:38:53.087+0400] {processor.py:153} INFO - Started process (PID=13190) to work on /Users/harut/opt/anaconda3/lib/python3.9/site-packages/airflow/example_dags/example_nested_branch_dag.py
[2023-01-09T14:38:53.088+0400] {processor.py:743} INFO - Processing file /Users/harut/opt/anaconda3/lib/python3.9/site-packages/airflow/example_dags/example_nested_branch_dag.py for tasks to queue
[2023-01-09T14:38:53.088+0400] {logging_mixin.py:137} INFO - [2023-01-09T14:38:53.088+0400] {dagbag.py:538} INFO - Filling up the DagBag from /Users/harut/opt/anaconda3/lib/python3.9/site-packages/airflow/example_dags/example_nested_branch_dag.py
[2023-01-09T14:38:53.118+0400] {processor.py:753} INFO - DAG(s) dict_keys(['example_nested_branch_dag']) retrieved from /Users/harut/opt/anaconda3/lib/python3.9/site-packages/airflow/example_dags/example_nested_branch_dag.py
[2023-01-09T14:38:53.475+0400] {logging_mixin.py:137} INFO - [2023-01-09T14:38:53.475+0400] {dag.py:2676} INFO - Sync 1 DAGs
[2023-01-09T14:38:53.485+0400] {logging_mixin.py:137} INFO - [2023-01-09T14:38:53.485+0400] {dag.py:3423} INFO - Setting next_dagrun for example_nested_branch_dag to 2023-01-08T00:00:00+00:00, run_after=2023-01-09T00:00:00+00:00
[2023-01-09T14:38:53.494+0400] {processor.py:175} INFO - Processing /Users/harut/opt/anaconda3/lib/python3.9/site-packages/airflow/example_dags/example_nested_branch_dag.py took 0.408 seconds
[2023-01-09T14:40:10.374+0400] {processor.py:153} INFO - Started process (PID=13233) to work on /Users/harut/opt/anaconda3/lib/python3.9/site-packages/airflow/example_dags/example_nested_branch_dag.py
[2023-01-09T14:40:10.375+0400] {processor.py:743} INFO - Processing file /Users/harut/opt/anaconda3/lib/python3.9/site-packages/airflow/example_dags/example_nested_branch_dag.py for tasks to queue
[2023-01-09T14:40:10.375+0400] {logging_mixin.py:137} INFO - [2023-01-09T14:40:10.375+0400] {dagbag.py:538} INFO - Filling up the DagBag from /Users/harut/opt/anaconda3/lib/python3.9/site-packages/airflow/example_dags/example_nested_branch_dag.py
[2023-01-09T14:40:10.405+0400] {processor.py:753} INFO - DAG(s) dict_keys(['example_nested_branch_dag']) retrieved from /Users/harut/opt/anaconda3/lib/python3.9/site-packages/airflow/example_dags/example_nested_branch_dag.py
[2023-01-09T14:40:10.767+0400] {logging_mixin.py:137} INFO - [2023-01-09T14:40:10.767+0400] {dag.py:2676} INFO - Sync 1 DAGs
[2023-01-09T14:40:10.777+0400] {logging_mixin.py:137} INFO - [2023-01-09T14:40:10.777+0400] {dag.py:3423} INFO - Setting next_dagrun for example_nested_branch_dag to 2023-01-08T00:00:00+00:00, run_after=2023-01-09T00:00:00+00:00
[2023-01-09T14:40:10.786+0400] {processor.py:175} INFO - Processing /Users/harut/opt/anaconda3/lib/python3.9/site-packages/airflow/example_dags/example_nested_branch_dag.py took 0.413 seconds
[2023-01-09T14:41:26.521+0400] {processor.py:153} INFO - Started process (PID=13280) to work on /Users/harut/opt/anaconda3/lib/python3.9/site-packages/airflow/example_dags/example_nested_branch_dag.py
[2023-01-09T14:41:26.522+0400] {processor.py:743} INFO - Processing file /Users/harut/opt/anaconda3/lib/python3.9/site-packages/airflow/example_dags/example_nested_branch_dag.py for tasks to queue
[2023-01-09T14:41:26.522+0400] {logging_mixin.py:137} INFO - [2023-01-09T14:41:26.522+0400] {dagbag.py:538} INFO - Filling up the DagBag from /Users/harut/opt/anaconda3/lib/python3.9/site-packages/airflow/example_dags/example_nested_branch_dag.py
[2023-01-09T14:41:26.555+0400] {processor.py:753} INFO - DAG(s) dict_keys(['example_nested_branch_dag']) retrieved from /Users/harut/opt/anaconda3/lib/python3.9/site-packages/airflow/example_dags/example_nested_branch_dag.py
[2023-01-09T14:41:26.922+0400] {logging_mixin.py:137} INFO - [2023-01-09T14:41:26.921+0400] {dag.py:2676} INFO - Sync 1 DAGs
[2023-01-09T14:41:26.932+0400] {logging_mixin.py:137} INFO - [2023-01-09T14:41:26.932+0400] {dag.py:3423} INFO - Setting next_dagrun for example_nested_branch_dag to 2023-01-08T00:00:00+00:00, run_after=2023-01-09T00:00:00+00:00
[2023-01-09T14:41:26.941+0400] {processor.py:175} INFO - Processing /Users/harut/opt/anaconda3/lib/python3.9/site-packages/airflow/example_dags/example_nested_branch_dag.py took 0.420 seconds
[2023-01-09T14:42:42.368+0400] {processor.py:153} INFO - Started process (PID=13325) to work on /Users/harut/opt/anaconda3/lib/python3.9/site-packages/airflow/example_dags/example_nested_branch_dag.py
[2023-01-09T14:42:42.368+0400] {processor.py:743} INFO - Processing file /Users/harut/opt/anaconda3/lib/python3.9/site-packages/airflow/example_dags/example_nested_branch_dag.py for tasks to queue
[2023-01-09T14:42:42.369+0400] {logging_mixin.py:137} INFO - [2023-01-09T14:42:42.369+0400] {dagbag.py:538} INFO - Filling up the DagBag from /Users/harut/opt/anaconda3/lib/python3.9/site-packages/airflow/example_dags/example_nested_branch_dag.py
[2023-01-09T14:42:42.399+0400] {processor.py:753} INFO - DAG(s) dict_keys(['example_nested_branch_dag']) retrieved from /Users/harut/opt/anaconda3/lib/python3.9/site-packages/airflow/example_dags/example_nested_branch_dag.py
[2023-01-09T14:42:42.778+0400] {logging_mixin.py:137} INFO - [2023-01-09T14:42:42.778+0400] {dag.py:2676} INFO - Sync 1 DAGs
[2023-01-09T14:42:42.789+0400] {logging_mixin.py:137} INFO - [2023-01-09T14:42:42.789+0400] {dag.py:3423} INFO - Setting next_dagrun for example_nested_branch_dag to 2023-01-08T00:00:00+00:00, run_after=2023-01-09T00:00:00+00:00
[2023-01-09T14:42:42.798+0400] {processor.py:175} INFO - Processing /Users/harut/opt/anaconda3/lib/python3.9/site-packages/airflow/example_dags/example_nested_branch_dag.py took 0.430 seconds
[2023-01-09T14:44:01.163+0400] {processor.py:153} INFO - Started process (PID=13368) to work on /Users/harut/opt/anaconda3/lib/python3.9/site-packages/airflow/example_dags/example_nested_branch_dag.py
[2023-01-09T14:44:01.164+0400] {processor.py:743} INFO - Processing file /Users/harut/opt/anaconda3/lib/python3.9/site-packages/airflow/example_dags/example_nested_branch_dag.py for tasks to queue
[2023-01-09T14:44:01.164+0400] {logging_mixin.py:137} INFO - [2023-01-09T14:44:01.164+0400] {dagbag.py:538} INFO - Filling up the DagBag from /Users/harut/opt/anaconda3/lib/python3.9/site-packages/airflow/example_dags/example_nested_branch_dag.py
[2023-01-09T14:44:01.194+0400] {processor.py:753} INFO - DAG(s) dict_keys(['example_nested_branch_dag']) retrieved from /Users/harut/opt/anaconda3/lib/python3.9/site-packages/airflow/example_dags/example_nested_branch_dag.py
[2023-01-09T14:44:01.564+0400] {logging_mixin.py:137} INFO - [2023-01-09T14:44:01.563+0400] {dag.py:2676} INFO - Sync 1 DAGs
[2023-01-09T14:44:01.574+0400] {logging_mixin.py:137} INFO - [2023-01-09T14:44:01.574+0400] {dag.py:3423} INFO - Setting next_dagrun for example_nested_branch_dag to 2023-01-08T00:00:00+00:00, run_after=2023-01-09T00:00:00+00:00
[2023-01-09T14:44:01.583+0400] {processor.py:175} INFO - Processing /Users/harut/opt/anaconda3/lib/python3.9/site-packages/airflow/example_dags/example_nested_branch_dag.py took 0.420 seconds
[2023-01-09T14:45:20.208+0400] {processor.py:153} INFO - Started process (PID=13415) to work on /Users/harut/opt/anaconda3/lib/python3.9/site-packages/airflow/example_dags/example_nested_branch_dag.py
[2023-01-09T14:45:20.208+0400] {processor.py:743} INFO - Processing file /Users/harut/opt/anaconda3/lib/python3.9/site-packages/airflow/example_dags/example_nested_branch_dag.py for tasks to queue
[2023-01-09T14:45:20.209+0400] {logging_mixin.py:137} INFO - [2023-01-09T14:45:20.208+0400] {dagbag.py:538} INFO - Filling up the DagBag from /Users/harut/opt/anaconda3/lib/python3.9/site-packages/airflow/example_dags/example_nested_branch_dag.py
[2023-01-09T14:45:20.239+0400] {processor.py:753} INFO - DAG(s) dict_keys(['example_nested_branch_dag']) retrieved from /Users/harut/opt/anaconda3/lib/python3.9/site-packages/airflow/example_dags/example_nested_branch_dag.py
[2023-01-09T14:45:20.613+0400] {logging_mixin.py:137} INFO - [2023-01-09T14:45:20.612+0400] {dag.py:2676} INFO - Sync 1 DAGs
[2023-01-09T14:45:20.623+0400] {logging_mixin.py:137} INFO - [2023-01-09T14:45:20.623+0400] {dag.py:3423} INFO - Setting next_dagrun for example_nested_branch_dag to 2023-01-08T00:00:00+00:00, run_after=2023-01-09T00:00:00+00:00
[2023-01-09T14:45:20.632+0400] {processor.py:175} INFO - Processing /Users/harut/opt/anaconda3/lib/python3.9/site-packages/airflow/example_dags/example_nested_branch_dag.py took 0.425 seconds
[2023-01-09T14:46:38.502+0400] {processor.py:153} INFO - Started process (PID=13464) to work on /Users/harut/opt/anaconda3/lib/python3.9/site-packages/airflow/example_dags/example_nested_branch_dag.py
[2023-01-09T14:46:38.502+0400] {processor.py:743} INFO - Processing file /Users/harut/opt/anaconda3/lib/python3.9/site-packages/airflow/example_dags/example_nested_branch_dag.py for tasks to queue
[2023-01-09T14:46:38.503+0400] {logging_mixin.py:137} INFO - [2023-01-09T14:46:38.502+0400] {dagbag.py:538} INFO - Filling up the DagBag from /Users/harut/opt/anaconda3/lib/python3.9/site-packages/airflow/example_dags/example_nested_branch_dag.py
[2023-01-09T14:46:38.535+0400] {processor.py:753} INFO - DAG(s) dict_keys(['example_nested_branch_dag']) retrieved from /Users/harut/opt/anaconda3/lib/python3.9/site-packages/airflow/example_dags/example_nested_branch_dag.py
[2023-01-09T14:46:38.921+0400] {logging_mixin.py:137} INFO - [2023-01-09T14:46:38.920+0400] {dag.py:2676} INFO - Sync 1 DAGs
[2023-01-09T14:46:38.931+0400] {logging_mixin.py:137} INFO - [2023-01-09T14:46:38.931+0400] {dag.py:3423} INFO - Setting next_dagrun for example_nested_branch_dag to 2023-01-08T00:00:00+00:00, run_after=2023-01-09T00:00:00+00:00
[2023-01-09T14:46:38.940+0400] {processor.py:175} INFO - Processing /Users/harut/opt/anaconda3/lib/python3.9/site-packages/airflow/example_dags/example_nested_branch_dag.py took 0.439 seconds
[2023-01-09T14:47:58.412+0400] {processor.py:153} INFO - Started process (PID=13519) to work on /Users/harut/opt/anaconda3/lib/python3.9/site-packages/airflow/example_dags/example_nested_branch_dag.py
[2023-01-09T14:47:58.412+0400] {processor.py:743} INFO - Processing file /Users/harut/opt/anaconda3/lib/python3.9/site-packages/airflow/example_dags/example_nested_branch_dag.py for tasks to queue
[2023-01-09T14:47:58.413+0400] {logging_mixin.py:137} INFO - [2023-01-09T14:47:58.413+0400] {dagbag.py:538} INFO - Filling up the DagBag from /Users/harut/opt/anaconda3/lib/python3.9/site-packages/airflow/example_dags/example_nested_branch_dag.py
[2023-01-09T14:47:58.446+0400] {processor.py:753} INFO - DAG(s) dict_keys(['example_nested_branch_dag']) retrieved from /Users/harut/opt/anaconda3/lib/python3.9/site-packages/airflow/example_dags/example_nested_branch_dag.py
[2023-01-09T14:47:58.839+0400] {logging_mixin.py:137} INFO - [2023-01-09T14:47:58.839+0400] {dag.py:2676} INFO - Sync 1 DAGs
[2023-01-09T14:47:58.850+0400] {logging_mixin.py:137} INFO - [2023-01-09T14:47:58.850+0400] {dag.py:3423} INFO - Setting next_dagrun for example_nested_branch_dag to 2023-01-08T00:00:00+00:00, run_after=2023-01-09T00:00:00+00:00
[2023-01-09T14:47:58.860+0400] {processor.py:175} INFO - Processing /Users/harut/opt/anaconda3/lib/python3.9/site-packages/airflow/example_dags/example_nested_branch_dag.py took 0.449 seconds
[2023-01-09T14:49:20.983+0400] {processor.py:153} INFO - Started process (PID=13564) to work on /Users/harut/opt/anaconda3/lib/python3.9/site-packages/airflow/example_dags/example_nested_branch_dag.py
[2023-01-09T14:49:20.984+0400] {processor.py:743} INFO - Processing file /Users/harut/opt/anaconda3/lib/python3.9/site-packages/airflow/example_dags/example_nested_branch_dag.py for tasks to queue
[2023-01-09T14:49:20.984+0400] {logging_mixin.py:137} INFO - [2023-01-09T14:49:20.984+0400] {dagbag.py:538} INFO - Filling up the DagBag from /Users/harut/opt/anaconda3/lib/python3.9/site-packages/airflow/example_dags/example_nested_branch_dag.py
[2023-01-09T14:49:21.014+0400] {processor.py:753} INFO - DAG(s) dict_keys(['example_nested_branch_dag']) retrieved from /Users/harut/opt/anaconda3/lib/python3.9/site-packages/airflow/example_dags/example_nested_branch_dag.py
[2023-01-09T14:49:21.382+0400] {logging_mixin.py:137} INFO - [2023-01-09T14:49:21.382+0400] {dag.py:2676} INFO - Sync 1 DAGs
[2023-01-09T14:49:21.392+0400] {logging_mixin.py:137} INFO - [2023-01-09T14:49:21.392+0400] {dag.py:3423} INFO - Setting next_dagrun for example_nested_branch_dag to 2023-01-08T00:00:00+00:00, run_after=2023-01-09T00:00:00+00:00
[2023-01-09T14:49:21.401+0400] {processor.py:175} INFO - Processing /Users/harut/opt/anaconda3/lib/python3.9/site-packages/airflow/example_dags/example_nested_branch_dag.py took 0.419 seconds
[2023-01-09T14:50:41.986+0400] {processor.py:153} INFO - Started process (PID=13615) to work on /Users/harut/opt/anaconda3/lib/python3.9/site-packages/airflow/example_dags/example_nested_branch_dag.py
[2023-01-09T14:50:41.986+0400] {processor.py:743} INFO - Processing file /Users/harut/opt/anaconda3/lib/python3.9/site-packages/airflow/example_dags/example_nested_branch_dag.py for tasks to queue
[2023-01-09T14:50:41.987+0400] {logging_mixin.py:137} INFO - [2023-01-09T14:50:41.986+0400] {dagbag.py:538} INFO - Filling up the DagBag from /Users/harut/opt/anaconda3/lib/python3.9/site-packages/airflow/example_dags/example_nested_branch_dag.py
[2023-01-09T14:50:42.017+0400] {processor.py:753} INFO - DAG(s) dict_keys(['example_nested_branch_dag']) retrieved from /Users/harut/opt/anaconda3/lib/python3.9/site-packages/airflow/example_dags/example_nested_branch_dag.py
[2023-01-09T14:50:42.384+0400] {logging_mixin.py:137} INFO - [2023-01-09T14:50:42.384+0400] {dag.py:2676} INFO - Sync 1 DAGs
[2023-01-09T14:50:42.394+0400] {logging_mixin.py:137} INFO - [2023-01-09T14:50:42.394+0400] {dag.py:3423} INFO - Setting next_dagrun for example_nested_branch_dag to 2023-01-08T00:00:00+00:00, run_after=2023-01-09T00:00:00+00:00
[2023-01-09T14:50:42.403+0400] {processor.py:175} INFO - Processing /Users/harut/opt/anaconda3/lib/python3.9/site-packages/airflow/example_dags/example_nested_branch_dag.py took 0.418 seconds
[2023-01-09T14:52:02.950+0400] {processor.py:153} INFO - Started process (PID=13664) to work on /Users/harut/opt/anaconda3/lib/python3.9/site-packages/airflow/example_dags/example_nested_branch_dag.py
[2023-01-09T14:52:02.951+0400] {processor.py:743} INFO - Processing file /Users/harut/opt/anaconda3/lib/python3.9/site-packages/airflow/example_dags/example_nested_branch_dag.py for tasks to queue
[2023-01-09T14:52:02.951+0400] {logging_mixin.py:137} INFO - [2023-01-09T14:52:02.951+0400] {dagbag.py:538} INFO - Filling up the DagBag from /Users/harut/opt/anaconda3/lib/python3.9/site-packages/airflow/example_dags/example_nested_branch_dag.py
[2023-01-09T14:52:02.982+0400] {processor.py:753} INFO - DAG(s) dict_keys(['example_nested_branch_dag']) retrieved from /Users/harut/opt/anaconda3/lib/python3.9/site-packages/airflow/example_dags/example_nested_branch_dag.py
[2023-01-09T14:52:03.371+0400] {logging_mixin.py:137} INFO - [2023-01-09T14:52:03.370+0400] {dag.py:2676} INFO - Sync 1 DAGs
[2023-01-09T14:52:03.381+0400] {logging_mixin.py:137} INFO - [2023-01-09T14:52:03.381+0400] {dag.py:3423} INFO - Setting next_dagrun for example_nested_branch_dag to 2023-01-08T00:00:00+00:00, run_after=2023-01-09T00:00:00+00:00
[2023-01-09T14:52:03.391+0400] {processor.py:175} INFO - Processing /Users/harut/opt/anaconda3/lib/python3.9/site-packages/airflow/example_dags/example_nested_branch_dag.py took 0.441 seconds
[2023-01-09T14:53:20.926+0400] {processor.py:153} INFO - Started process (PID=13704) to work on /Users/harut/opt/anaconda3/lib/python3.9/site-packages/airflow/example_dags/example_nested_branch_dag.py
[2023-01-09T14:53:20.927+0400] {processor.py:743} INFO - Processing file /Users/harut/opt/anaconda3/lib/python3.9/site-packages/airflow/example_dags/example_nested_branch_dag.py for tasks to queue
[2023-01-09T14:53:20.927+0400] {logging_mixin.py:137} INFO - [2023-01-09T14:53:20.927+0400] {dagbag.py:538} INFO - Filling up the DagBag from /Users/harut/opt/anaconda3/lib/python3.9/site-packages/airflow/example_dags/example_nested_branch_dag.py
[2023-01-09T14:53:20.959+0400] {processor.py:753} INFO - DAG(s) dict_keys(['example_nested_branch_dag']) retrieved from /Users/harut/opt/anaconda3/lib/python3.9/site-packages/airflow/example_dags/example_nested_branch_dag.py
[2023-01-09T14:53:21.337+0400] {logging_mixin.py:137} INFO - [2023-01-09T14:53:21.337+0400] {dag.py:2676} INFO - Sync 1 DAGs
[2023-01-09T14:53:21.348+0400] {logging_mixin.py:137} INFO - [2023-01-09T14:53:21.348+0400] {dag.py:3423} INFO - Setting next_dagrun for example_nested_branch_dag to 2023-01-08T00:00:00+00:00, run_after=2023-01-09T00:00:00+00:00
[2023-01-09T14:53:21.358+0400] {processor.py:175} INFO - Processing /Users/harut/opt/anaconda3/lib/python3.9/site-packages/airflow/example_dags/example_nested_branch_dag.py took 0.432 seconds
[2023-01-09T14:54:43.917+0400] {processor.py:153} INFO - Started process (PID=13752) to work on /Users/harut/opt/anaconda3/lib/python3.9/site-packages/airflow/example_dags/example_nested_branch_dag.py
[2023-01-09T14:54:43.917+0400] {processor.py:743} INFO - Processing file /Users/harut/opt/anaconda3/lib/python3.9/site-packages/airflow/example_dags/example_nested_branch_dag.py for tasks to queue
[2023-01-09T14:54:43.918+0400] {logging_mixin.py:137} INFO - [2023-01-09T14:54:43.918+0400] {dagbag.py:538} INFO - Filling up the DagBag from /Users/harut/opt/anaconda3/lib/python3.9/site-packages/airflow/example_dags/example_nested_branch_dag.py
[2023-01-09T14:54:43.954+0400] {processor.py:753} INFO - DAG(s) dict_keys(['example_nested_branch_dag']) retrieved from /Users/harut/opt/anaconda3/lib/python3.9/site-packages/airflow/example_dags/example_nested_branch_dag.py
[2023-01-09T14:54:44.342+0400] {logging_mixin.py:137} INFO - [2023-01-09T14:54:44.342+0400] {dag.py:2676} INFO - Sync 1 DAGs
[2023-01-09T14:54:44.352+0400] {logging_mixin.py:137} INFO - [2023-01-09T14:54:44.352+0400] {dag.py:3423} INFO - Setting next_dagrun for example_nested_branch_dag to 2023-01-08T00:00:00+00:00, run_after=2023-01-09T00:00:00+00:00
[2023-01-09T14:54:44.362+0400] {processor.py:175} INFO - Processing /Users/harut/opt/anaconda3/lib/python3.9/site-packages/airflow/example_dags/example_nested_branch_dag.py took 0.446 seconds
[2023-01-09T14:56:04.992+0400] {processor.py:153} INFO - Started process (PID=13797) to work on /Users/harut/opt/anaconda3/lib/python3.9/site-packages/airflow/example_dags/example_nested_branch_dag.py
[2023-01-09T14:56:04.993+0400] {processor.py:743} INFO - Processing file /Users/harut/opt/anaconda3/lib/python3.9/site-packages/airflow/example_dags/example_nested_branch_dag.py for tasks to queue
[2023-01-09T14:56:04.993+0400] {logging_mixin.py:137} INFO - [2023-01-09T14:56:04.993+0400] {dagbag.py:538} INFO - Filling up the DagBag from /Users/harut/opt/anaconda3/lib/python3.9/site-packages/airflow/example_dags/example_nested_branch_dag.py
[2023-01-09T14:56:05.024+0400] {processor.py:753} INFO - DAG(s) dict_keys(['example_nested_branch_dag']) retrieved from /Users/harut/opt/anaconda3/lib/python3.9/site-packages/airflow/example_dags/example_nested_branch_dag.py
[2023-01-09T14:56:05.411+0400] {logging_mixin.py:137} INFO - [2023-01-09T14:56:05.411+0400] {dag.py:2676} INFO - Sync 1 DAGs
[2023-01-09T14:56:05.421+0400] {logging_mixin.py:137} INFO - [2023-01-09T14:56:05.421+0400] {dag.py:3423} INFO - Setting next_dagrun for example_nested_branch_dag to 2023-01-08T00:00:00+00:00, run_after=2023-01-09T00:00:00+00:00
[2023-01-09T14:56:05.430+0400] {processor.py:175} INFO - Processing /Users/harut/opt/anaconda3/lib/python3.9/site-packages/airflow/example_dags/example_nested_branch_dag.py took 0.439 seconds
[2023-01-09T14:57:28.106+0400] {processor.py:153} INFO - Started process (PID=13843) to work on /Users/harut/opt/anaconda3/lib/python3.9/site-packages/airflow/example_dags/example_nested_branch_dag.py
[2023-01-09T14:57:28.107+0400] {processor.py:743} INFO - Processing file /Users/harut/opt/anaconda3/lib/python3.9/site-packages/airflow/example_dags/example_nested_branch_dag.py for tasks to queue
[2023-01-09T14:57:28.107+0400] {logging_mixin.py:137} INFO - [2023-01-09T14:57:28.107+0400] {dagbag.py:538} INFO - Filling up the DagBag from /Users/harut/opt/anaconda3/lib/python3.9/site-packages/airflow/example_dags/example_nested_branch_dag.py
[2023-01-09T14:57:28.137+0400] {processor.py:753} INFO - DAG(s) dict_keys(['example_nested_branch_dag']) retrieved from /Users/harut/opt/anaconda3/lib/python3.9/site-packages/airflow/example_dags/example_nested_branch_dag.py
[2023-01-09T14:57:28.497+0400] {logging_mixin.py:137} INFO - [2023-01-09T14:57:28.497+0400] {dag.py:2676} INFO - Sync 1 DAGs
[2023-01-09T14:57:28.507+0400] {logging_mixin.py:137} INFO - [2023-01-09T14:57:28.507+0400] {dag.py:3423} INFO - Setting next_dagrun for example_nested_branch_dag to 2023-01-08T00:00:00+00:00, run_after=2023-01-09T00:00:00+00:00
[2023-01-09T14:57:28.516+0400] {processor.py:175} INFO - Processing /Users/harut/opt/anaconda3/lib/python3.9/site-packages/airflow/example_dags/example_nested_branch_dag.py took 0.411 seconds
[2023-01-09T14:58:49.119+0400] {processor.py:153} INFO - Started process (PID=13888) to work on /Users/harut/opt/anaconda3/lib/python3.9/site-packages/airflow/example_dags/example_nested_branch_dag.py
[2023-01-09T14:58:49.120+0400] {processor.py:743} INFO - Processing file /Users/harut/opt/anaconda3/lib/python3.9/site-packages/airflow/example_dags/example_nested_branch_dag.py for tasks to queue
[2023-01-09T14:58:49.120+0400] {logging_mixin.py:137} INFO - [2023-01-09T14:58:49.120+0400] {dagbag.py:538} INFO - Filling up the DagBag from /Users/harut/opt/anaconda3/lib/python3.9/site-packages/airflow/example_dags/example_nested_branch_dag.py
[2023-01-09T14:58:49.150+0400] {processor.py:753} INFO - DAG(s) dict_keys(['example_nested_branch_dag']) retrieved from /Users/harut/opt/anaconda3/lib/python3.9/site-packages/airflow/example_dags/example_nested_branch_dag.py
[2023-01-09T14:58:49.524+0400] {logging_mixin.py:137} INFO - [2023-01-09T14:58:49.524+0400] {dag.py:2676} INFO - Sync 1 DAGs
[2023-01-09T14:58:49.534+0400] {logging_mixin.py:137} INFO - [2023-01-09T14:58:49.534+0400] {dag.py:3423} INFO - Setting next_dagrun for example_nested_branch_dag to 2023-01-08T00:00:00+00:00, run_after=2023-01-09T00:00:00+00:00
[2023-01-09T14:58:49.543+0400] {processor.py:175} INFO - Processing /Users/harut/opt/anaconda3/lib/python3.9/site-packages/airflow/example_dags/example_nested_branch_dag.py took 0.424 seconds
[2023-01-09T15:00:09.653+0400] {processor.py:153} INFO - Started process (PID=13930) to work on /Users/harut/opt/anaconda3/lib/python3.9/site-packages/airflow/example_dags/example_nested_branch_dag.py
[2023-01-09T15:00:09.654+0400] {processor.py:743} INFO - Processing file /Users/harut/opt/anaconda3/lib/python3.9/site-packages/airflow/example_dags/example_nested_branch_dag.py for tasks to queue
[2023-01-09T15:00:09.654+0400] {logging_mixin.py:137} INFO - [2023-01-09T15:00:09.654+0400] {dagbag.py:538} INFO - Filling up the DagBag from /Users/harut/opt/anaconda3/lib/python3.9/site-packages/airflow/example_dags/example_nested_branch_dag.py
[2023-01-09T15:00:09.684+0400] {processor.py:753} INFO - DAG(s) dict_keys(['example_nested_branch_dag']) retrieved from /Users/harut/opt/anaconda3/lib/python3.9/site-packages/airflow/example_dags/example_nested_branch_dag.py
[2023-01-09T15:00:10.044+0400] {logging_mixin.py:137} INFO - [2023-01-09T15:00:10.044+0400] {dag.py:2676} INFO - Sync 1 DAGs
[2023-01-09T15:00:10.054+0400] {logging_mixin.py:137} INFO - [2023-01-09T15:00:10.054+0400] {dag.py:3423} INFO - Setting next_dagrun for example_nested_branch_dag to 2023-01-08T00:00:00+00:00, run_after=2023-01-09T00:00:00+00:00
[2023-01-09T15:00:10.064+0400] {processor.py:175} INFO - Processing /Users/harut/opt/anaconda3/lib/python3.9/site-packages/airflow/example_dags/example_nested_branch_dag.py took 0.411 seconds
[2023-01-09T15:01:30.657+0400] {processor.py:153} INFO - Started process (PID=13977) to work on /Users/harut/opt/anaconda3/lib/python3.9/site-packages/airflow/example_dags/example_nested_branch_dag.py
[2023-01-09T15:01:30.657+0400] {processor.py:743} INFO - Processing file /Users/harut/opt/anaconda3/lib/python3.9/site-packages/airflow/example_dags/example_nested_branch_dag.py for tasks to queue
[2023-01-09T15:01:30.657+0400] {logging_mixin.py:137} INFO - [2023-01-09T15:01:30.657+0400] {dagbag.py:538} INFO - Filling up the DagBag from /Users/harut/opt/anaconda3/lib/python3.9/site-packages/airflow/example_dags/example_nested_branch_dag.py
[2023-01-09T15:01:30.687+0400] {processor.py:753} INFO - DAG(s) dict_keys(['example_nested_branch_dag']) retrieved from /Users/harut/opt/anaconda3/lib/python3.9/site-packages/airflow/example_dags/example_nested_branch_dag.py
[2023-01-09T15:01:31.052+0400] {logging_mixin.py:137} INFO - [2023-01-09T15:01:31.052+0400] {dag.py:2676} INFO - Sync 1 DAGs
[2023-01-09T15:01:31.062+0400] {logging_mixin.py:137} INFO - [2023-01-09T15:01:31.062+0400] {dag.py:3423} INFO - Setting next_dagrun for example_nested_branch_dag to 2023-01-08T00:00:00+00:00, run_after=2023-01-09T00:00:00+00:00
[2023-01-09T15:01:31.071+0400] {processor.py:175} INFO - Processing /Users/harut/opt/anaconda3/lib/python3.9/site-packages/airflow/example_dags/example_nested_branch_dag.py took 0.415 seconds
[2023-01-09T15:02:51.163+0400] {processor.py:153} INFO - Started process (PID=14022) to work on /Users/harut/opt/anaconda3/lib/python3.9/site-packages/airflow/example_dags/example_nested_branch_dag.py
[2023-01-09T15:02:51.163+0400] {processor.py:743} INFO - Processing file /Users/harut/opt/anaconda3/lib/python3.9/site-packages/airflow/example_dags/example_nested_branch_dag.py for tasks to queue
[2023-01-09T15:02:51.164+0400] {logging_mixin.py:137} INFO - [2023-01-09T15:02:51.164+0400] {dagbag.py:538} INFO - Filling up the DagBag from /Users/harut/opt/anaconda3/lib/python3.9/site-packages/airflow/example_dags/example_nested_branch_dag.py
[2023-01-09T15:02:51.201+0400] {processor.py:753} INFO - DAG(s) dict_keys(['example_nested_branch_dag']) retrieved from /Users/harut/opt/anaconda3/lib/python3.9/site-packages/airflow/example_dags/example_nested_branch_dag.py
[2023-01-09T15:02:51.635+0400] {logging_mixin.py:137} INFO - [2023-01-09T15:02:51.634+0400] {dag.py:2676} INFO - Sync 1 DAGs
[2023-01-09T15:02:51.647+0400] {logging_mixin.py:137} INFO - [2023-01-09T15:02:51.646+0400] {dag.py:3423} INFO - Setting next_dagrun for example_nested_branch_dag to 2023-01-08T00:00:00+00:00, run_after=2023-01-09T00:00:00+00:00
[2023-01-09T15:02:51.658+0400] {processor.py:175} INFO - Processing /Users/harut/opt/anaconda3/lib/python3.9/site-packages/airflow/example_dags/example_nested_branch_dag.py took 0.495 seconds
[2023-01-09T15:04:13.655+0400] {processor.py:153} INFO - Started process (PID=14069) to work on /Users/harut/opt/anaconda3/lib/python3.9/site-packages/airflow/example_dags/example_nested_branch_dag.py
[2023-01-09T15:04:13.655+0400] {processor.py:743} INFO - Processing file /Users/harut/opt/anaconda3/lib/python3.9/site-packages/airflow/example_dags/example_nested_branch_dag.py for tasks to queue
[2023-01-09T15:04:13.656+0400] {logging_mixin.py:137} INFO - [2023-01-09T15:04:13.656+0400] {dagbag.py:538} INFO - Filling up the DagBag from /Users/harut/opt/anaconda3/lib/python3.9/site-packages/airflow/example_dags/example_nested_branch_dag.py
[2023-01-09T15:04:13.686+0400] {processor.py:753} INFO - DAG(s) dict_keys(['example_nested_branch_dag']) retrieved from /Users/harut/opt/anaconda3/lib/python3.9/site-packages/airflow/example_dags/example_nested_branch_dag.py
[2023-01-09T15:04:14.051+0400] {logging_mixin.py:137} INFO - [2023-01-09T15:04:14.051+0400] {dag.py:2676} INFO - Sync 1 DAGs
[2023-01-09T15:04:14.062+0400] {logging_mixin.py:137} INFO - [2023-01-09T15:04:14.062+0400] {dag.py:3423} INFO - Setting next_dagrun for example_nested_branch_dag to 2023-01-08T00:00:00+00:00, run_after=2023-01-09T00:00:00+00:00
[2023-01-09T15:04:14.071+0400] {processor.py:175} INFO - Processing /Users/harut/opt/anaconda3/lib/python3.9/site-packages/airflow/example_dags/example_nested_branch_dag.py took 0.417 seconds
[2023-01-09T15:05:32.911+0400] {processor.py:153} INFO - Started process (PID=14116) to work on /Users/harut/opt/anaconda3/lib/python3.9/site-packages/airflow/example_dags/example_nested_branch_dag.py
[2023-01-09T15:05:32.912+0400] {processor.py:743} INFO - Processing file /Users/harut/opt/anaconda3/lib/python3.9/site-packages/airflow/example_dags/example_nested_branch_dag.py for tasks to queue
[2023-01-09T15:05:32.912+0400] {logging_mixin.py:137} INFO - [2023-01-09T15:05:32.912+0400] {dagbag.py:538} INFO - Filling up the DagBag from /Users/harut/opt/anaconda3/lib/python3.9/site-packages/airflow/example_dags/example_nested_branch_dag.py
[2023-01-09T15:05:32.945+0400] {processor.py:753} INFO - DAG(s) dict_keys(['example_nested_branch_dag']) retrieved from /Users/harut/opt/anaconda3/lib/python3.9/site-packages/airflow/example_dags/example_nested_branch_dag.py
[2023-01-09T15:05:33.318+0400] {logging_mixin.py:137} INFO - [2023-01-09T15:05:33.318+0400] {dag.py:2676} INFO - Sync 1 DAGs
[2023-01-09T15:05:33.328+0400] {logging_mixin.py:137} INFO - [2023-01-09T15:05:33.328+0400] {dag.py:3423} INFO - Setting next_dagrun for example_nested_branch_dag to 2023-01-08T00:00:00+00:00, run_after=2023-01-09T00:00:00+00:00
[2023-01-09T15:05:33.338+0400] {processor.py:175} INFO - Processing /Users/harut/opt/anaconda3/lib/python3.9/site-packages/airflow/example_dags/example_nested_branch_dag.py took 0.427 seconds
[2023-01-09T15:06:53.806+0400] {processor.py:153} INFO - Started process (PID=14158) to work on /Users/harut/opt/anaconda3/lib/python3.9/site-packages/airflow/example_dags/example_nested_branch_dag.py
[2023-01-09T15:06:53.807+0400] {processor.py:743} INFO - Processing file /Users/harut/opt/anaconda3/lib/python3.9/site-packages/airflow/example_dags/example_nested_branch_dag.py for tasks to queue
[2023-01-09T15:06:53.807+0400] {logging_mixin.py:137} INFO - [2023-01-09T15:06:53.807+0400] {dagbag.py:538} INFO - Filling up the DagBag from /Users/harut/opt/anaconda3/lib/python3.9/site-packages/airflow/example_dags/example_nested_branch_dag.py
[2023-01-09T15:06:53.837+0400] {processor.py:753} INFO - DAG(s) dict_keys(['example_nested_branch_dag']) retrieved from /Users/harut/opt/anaconda3/lib/python3.9/site-packages/airflow/example_dags/example_nested_branch_dag.py
[2023-01-09T15:06:54.199+0400] {logging_mixin.py:137} INFO - [2023-01-09T15:06:54.199+0400] {dag.py:2676} INFO - Sync 1 DAGs
[2023-01-09T15:06:54.209+0400] {logging_mixin.py:137} INFO - [2023-01-09T15:06:54.209+0400] {dag.py:3423} INFO - Setting next_dagrun for example_nested_branch_dag to 2023-01-08T00:00:00+00:00, run_after=2023-01-09T00:00:00+00:00
[2023-01-09T15:06:54.218+0400] {processor.py:175} INFO - Processing /Users/harut/opt/anaconda3/lib/python3.9/site-packages/airflow/example_dags/example_nested_branch_dag.py took 0.412 seconds
[2023-01-09T15:08:11.496+0400] {processor.py:153} INFO - Started process (PID=14201) to work on /Users/harut/opt/anaconda3/lib/python3.9/site-packages/airflow/example_dags/example_nested_branch_dag.py
[2023-01-09T15:08:11.497+0400] {processor.py:743} INFO - Processing file /Users/harut/opt/anaconda3/lib/python3.9/site-packages/airflow/example_dags/example_nested_branch_dag.py for tasks to queue
[2023-01-09T15:08:11.497+0400] {logging_mixin.py:137} INFO - [2023-01-09T15:08:11.497+0400] {dagbag.py:538} INFO - Filling up the DagBag from /Users/harut/opt/anaconda3/lib/python3.9/site-packages/airflow/example_dags/example_nested_branch_dag.py
[2023-01-09T15:08:11.527+0400] {processor.py:753} INFO - DAG(s) dict_keys(['example_nested_branch_dag']) retrieved from /Users/harut/opt/anaconda3/lib/python3.9/site-packages/airflow/example_dags/example_nested_branch_dag.py
[2023-01-09T15:08:11.895+0400] {logging_mixin.py:137} INFO - [2023-01-09T15:08:11.895+0400] {dag.py:2676} INFO - Sync 1 DAGs
[2023-01-09T15:08:11.905+0400] {logging_mixin.py:137} INFO - [2023-01-09T15:08:11.905+0400] {dag.py:3423} INFO - Setting next_dagrun for example_nested_branch_dag to 2023-01-08T00:00:00+00:00, run_after=2023-01-09T00:00:00+00:00
[2023-01-09T15:08:11.915+0400] {processor.py:175} INFO - Processing /Users/harut/opt/anaconda3/lib/python3.9/site-packages/airflow/example_dags/example_nested_branch_dag.py took 0.419 seconds
[2023-01-09T15:09:32.085+0400] {processor.py:153} INFO - Started process (PID=14246) to work on /Users/harut/opt/anaconda3/lib/python3.9/site-packages/airflow/example_dags/example_nested_branch_dag.py
[2023-01-09T15:09:32.086+0400] {processor.py:743} INFO - Processing file /Users/harut/opt/anaconda3/lib/python3.9/site-packages/airflow/example_dags/example_nested_branch_dag.py for tasks to queue
[2023-01-09T15:09:32.086+0400] {logging_mixin.py:137} INFO - [2023-01-09T15:09:32.086+0400] {dagbag.py:538} INFO - Filling up the DagBag from /Users/harut/opt/anaconda3/lib/python3.9/site-packages/airflow/example_dags/example_nested_branch_dag.py
[2023-01-09T15:09:32.117+0400] {processor.py:753} INFO - DAG(s) dict_keys(['example_nested_branch_dag']) retrieved from /Users/harut/opt/anaconda3/lib/python3.9/site-packages/airflow/example_dags/example_nested_branch_dag.py
[2023-01-09T15:09:32.480+0400] {logging_mixin.py:137} INFO - [2023-01-09T15:09:32.480+0400] {dag.py:2676} INFO - Sync 1 DAGs
[2023-01-09T15:09:32.490+0400] {logging_mixin.py:137} INFO - [2023-01-09T15:09:32.490+0400] {dag.py:3423} INFO - Setting next_dagrun for example_nested_branch_dag to 2023-01-08T00:00:00+00:00, run_after=2023-01-09T00:00:00+00:00
[2023-01-09T15:09:32.499+0400] {processor.py:175} INFO - Processing /Users/harut/opt/anaconda3/lib/python3.9/site-packages/airflow/example_dags/example_nested_branch_dag.py took 0.414 seconds
[2023-01-09T15:10:52.116+0400] {processor.py:153} INFO - Started process (PID=14293) to work on /Users/harut/opt/anaconda3/lib/python3.9/site-packages/airflow/example_dags/example_nested_branch_dag.py
[2023-01-09T15:10:52.117+0400] {processor.py:743} INFO - Processing file /Users/harut/opt/anaconda3/lib/python3.9/site-packages/airflow/example_dags/example_nested_branch_dag.py for tasks to queue
[2023-01-09T15:10:52.117+0400] {logging_mixin.py:137} INFO - [2023-01-09T15:10:52.117+0400] {dagbag.py:538} INFO - Filling up the DagBag from /Users/harut/opt/anaconda3/lib/python3.9/site-packages/airflow/example_dags/example_nested_branch_dag.py
[2023-01-09T15:10:52.148+0400] {processor.py:753} INFO - DAG(s) dict_keys(['example_nested_branch_dag']) retrieved from /Users/harut/opt/anaconda3/lib/python3.9/site-packages/airflow/example_dags/example_nested_branch_dag.py
[2023-01-09T15:10:52.524+0400] {logging_mixin.py:137} INFO - [2023-01-09T15:10:52.524+0400] {dag.py:2676} INFO - Sync 1 DAGs
[2023-01-09T15:10:52.535+0400] {logging_mixin.py:137} INFO - [2023-01-09T15:10:52.535+0400] {dag.py:3423} INFO - Setting next_dagrun for example_nested_branch_dag to 2023-01-08T00:00:00+00:00, run_after=2023-01-09T00:00:00+00:00
[2023-01-09T15:10:52.546+0400] {processor.py:175} INFO - Processing /Users/harut/opt/anaconda3/lib/python3.9/site-packages/airflow/example_dags/example_nested_branch_dag.py took 0.430 seconds
[2023-01-09T15:12:13.569+0400] {processor.py:153} INFO - Started process (PID=14345) to work on /Users/harut/opt/anaconda3/lib/python3.9/site-packages/airflow/example_dags/example_nested_branch_dag.py
[2023-01-09T15:12:13.570+0400] {processor.py:743} INFO - Processing file /Users/harut/opt/anaconda3/lib/python3.9/site-packages/airflow/example_dags/example_nested_branch_dag.py for tasks to queue
[2023-01-09T15:12:13.570+0400] {logging_mixin.py:137} INFO - [2023-01-09T15:12:13.570+0400] {dagbag.py:538} INFO - Filling up the DagBag from /Users/harut/opt/anaconda3/lib/python3.9/site-packages/airflow/example_dags/example_nested_branch_dag.py
[2023-01-09T15:12:13.603+0400] {processor.py:753} INFO - DAG(s) dict_keys(['example_nested_branch_dag']) retrieved from /Users/harut/opt/anaconda3/lib/python3.9/site-packages/airflow/example_dags/example_nested_branch_dag.py
[2023-01-09T15:12:13.994+0400] {logging_mixin.py:137} INFO - [2023-01-09T15:12:13.994+0400] {dag.py:2676} INFO - Sync 1 DAGs
[2023-01-09T15:12:14.006+0400] {logging_mixin.py:137} INFO - [2023-01-09T15:12:14.006+0400] {dag.py:3423} INFO - Setting next_dagrun for example_nested_branch_dag to 2023-01-08T00:00:00+00:00, run_after=2023-01-09T00:00:00+00:00
[2023-01-09T15:12:14.017+0400] {processor.py:175} INFO - Processing /Users/harut/opt/anaconda3/lib/python3.9/site-packages/airflow/example_dags/example_nested_branch_dag.py took 0.448 seconds
[2023-01-09T15:13:37.473+0400] {processor.py:153} INFO - Started process (PID=14388) to work on /Users/harut/opt/anaconda3/lib/python3.9/site-packages/airflow/example_dags/example_nested_branch_dag.py
[2023-01-09T15:13:37.474+0400] {processor.py:743} INFO - Processing file /Users/harut/opt/anaconda3/lib/python3.9/site-packages/airflow/example_dags/example_nested_branch_dag.py for tasks to queue
[2023-01-09T15:13:37.474+0400] {logging_mixin.py:137} INFO - [2023-01-09T15:13:37.474+0400] {dagbag.py:538} INFO - Filling up the DagBag from /Users/harut/opt/anaconda3/lib/python3.9/site-packages/airflow/example_dags/example_nested_branch_dag.py
[2023-01-09T15:13:37.506+0400] {processor.py:753} INFO - DAG(s) dict_keys(['example_nested_branch_dag']) retrieved from /Users/harut/opt/anaconda3/lib/python3.9/site-packages/airflow/example_dags/example_nested_branch_dag.py
[2023-01-09T15:13:37.900+0400] {logging_mixin.py:137} INFO - [2023-01-09T15:13:37.900+0400] {dag.py:2676} INFO - Sync 1 DAGs
[2023-01-09T15:13:37.912+0400] {logging_mixin.py:137} INFO - [2023-01-09T15:13:37.912+0400] {dag.py:3423} INFO - Setting next_dagrun for example_nested_branch_dag to 2023-01-08T00:00:00+00:00, run_after=2023-01-09T00:00:00+00:00
[2023-01-09T15:13:37.923+0400] {processor.py:175} INFO - Processing /Users/harut/opt/anaconda3/lib/python3.9/site-packages/airflow/example_dags/example_nested_branch_dag.py took 0.450 seconds
[2023-01-09T15:15:01.555+0400] {processor.py:153} INFO - Started process (PID=14450) to work on /Users/harut/opt/anaconda3/lib/python3.9/site-packages/airflow/example_dags/example_nested_branch_dag.py
[2023-01-09T15:15:01.556+0400] {processor.py:743} INFO - Processing file /Users/harut/opt/anaconda3/lib/python3.9/site-packages/airflow/example_dags/example_nested_branch_dag.py for tasks to queue
[2023-01-09T15:15:01.556+0400] {logging_mixin.py:137} INFO - [2023-01-09T15:15:01.556+0400] {dagbag.py:538} INFO - Filling up the DagBag from /Users/harut/opt/anaconda3/lib/python3.9/site-packages/airflow/example_dags/example_nested_branch_dag.py
[2023-01-09T15:15:01.589+0400] {processor.py:753} INFO - DAG(s) dict_keys(['example_nested_branch_dag']) retrieved from /Users/harut/opt/anaconda3/lib/python3.9/site-packages/airflow/example_dags/example_nested_branch_dag.py
[2023-01-09T15:15:01.978+0400] {logging_mixin.py:137} INFO - [2023-01-09T15:15:01.978+0400] {dag.py:2676} INFO - Sync 1 DAGs
[2023-01-09T15:15:01.990+0400] {logging_mixin.py:137} INFO - [2023-01-09T15:15:01.989+0400] {dag.py:3423} INFO - Setting next_dagrun for example_nested_branch_dag to 2023-01-08T00:00:00+00:00, run_after=2023-01-09T00:00:00+00:00
[2023-01-09T15:15:02.000+0400] {processor.py:175} INFO - Processing /Users/harut/opt/anaconda3/lib/python3.9/site-packages/airflow/example_dags/example_nested_branch_dag.py took 0.445 seconds
[2023-01-09T15:16:24.813+0400] {processor.py:153} INFO - Started process (PID=14509) to work on /Users/harut/opt/anaconda3/lib/python3.9/site-packages/airflow/example_dags/example_nested_branch_dag.py
[2023-01-09T15:16:24.814+0400] {processor.py:743} INFO - Processing file /Users/harut/opt/anaconda3/lib/python3.9/site-packages/airflow/example_dags/example_nested_branch_dag.py for tasks to queue
[2023-01-09T15:16:24.814+0400] {logging_mixin.py:137} INFO - [2023-01-09T15:16:24.814+0400] {dagbag.py:538} INFO - Filling up the DagBag from /Users/harut/opt/anaconda3/lib/python3.9/site-packages/airflow/example_dags/example_nested_branch_dag.py
[2023-01-09T15:16:24.848+0400] {processor.py:753} INFO - DAG(s) dict_keys(['example_nested_branch_dag']) retrieved from /Users/harut/opt/anaconda3/lib/python3.9/site-packages/airflow/example_dags/example_nested_branch_dag.py
[2023-01-09T15:16:25.261+0400] {logging_mixin.py:137} INFO - [2023-01-09T15:16:25.261+0400] {dag.py:2676} INFO - Sync 1 DAGs
[2023-01-09T15:16:25.272+0400] {logging_mixin.py:137} INFO - [2023-01-09T15:16:25.272+0400] {dag.py:3423} INFO - Setting next_dagrun for example_nested_branch_dag to 2023-01-08T00:00:00+00:00, run_after=2023-01-09T00:00:00+00:00
[2023-01-09T15:16:25.283+0400] {processor.py:175} INFO - Processing /Users/harut/opt/anaconda3/lib/python3.9/site-packages/airflow/example_dags/example_nested_branch_dag.py took 0.470 seconds
[2023-01-09T15:17:46.624+0400] {processor.py:153} INFO - Started process (PID=14555) to work on /Users/harut/opt/anaconda3/lib/python3.9/site-packages/airflow/example_dags/example_nested_branch_dag.py
[2023-01-09T15:17:46.625+0400] {processor.py:743} INFO - Processing file /Users/harut/opt/anaconda3/lib/python3.9/site-packages/airflow/example_dags/example_nested_branch_dag.py for tasks to queue
[2023-01-09T15:17:46.625+0400] {logging_mixin.py:137} INFO - [2023-01-09T15:17:46.625+0400] {dagbag.py:538} INFO - Filling up the DagBag from /Users/harut/opt/anaconda3/lib/python3.9/site-packages/airflow/example_dags/example_nested_branch_dag.py
[2023-01-09T15:17:46.661+0400] {processor.py:753} INFO - DAG(s) dict_keys(['example_nested_branch_dag']) retrieved from /Users/harut/opt/anaconda3/lib/python3.9/site-packages/airflow/example_dags/example_nested_branch_dag.py
[2023-01-09T15:17:47.081+0400] {logging_mixin.py:137} INFO - [2023-01-09T15:17:47.081+0400] {dag.py:2676} INFO - Sync 1 DAGs
[2023-01-09T15:17:47.092+0400] {logging_mixin.py:137} INFO - [2023-01-09T15:17:47.092+0400] {dag.py:3423} INFO - Setting next_dagrun for example_nested_branch_dag to 2023-01-08T00:00:00+00:00, run_after=2023-01-09T00:00:00+00:00
[2023-01-09T15:17:47.103+0400] {processor.py:175} INFO - Processing /Users/harut/opt/anaconda3/lib/python3.9/site-packages/airflow/example_dags/example_nested_branch_dag.py took 0.479 seconds
[2023-01-09T15:19:10.335+0400] {processor.py:153} INFO - Started process (PID=14606) to work on /Users/harut/opt/anaconda3/lib/python3.9/site-packages/airflow/example_dags/example_nested_branch_dag.py
[2023-01-09T15:19:10.336+0400] {processor.py:743} INFO - Processing file /Users/harut/opt/anaconda3/lib/python3.9/site-packages/airflow/example_dags/example_nested_branch_dag.py for tasks to queue
[2023-01-09T15:19:10.336+0400] {logging_mixin.py:137} INFO - [2023-01-09T15:19:10.336+0400] {dagbag.py:538} INFO - Filling up the DagBag from /Users/harut/opt/anaconda3/lib/python3.9/site-packages/airflow/example_dags/example_nested_branch_dag.py
[2023-01-09T15:19:10.368+0400] {processor.py:753} INFO - DAG(s) dict_keys(['example_nested_branch_dag']) retrieved from /Users/harut/opt/anaconda3/lib/python3.9/site-packages/airflow/example_dags/example_nested_branch_dag.py
[2023-01-09T15:19:10.771+0400] {logging_mixin.py:137} INFO - [2023-01-09T15:19:10.771+0400] {dag.py:2676} INFO - Sync 1 DAGs
[2023-01-09T15:19:10.783+0400] {logging_mixin.py:137} INFO - [2023-01-09T15:19:10.782+0400] {dag.py:3423} INFO - Setting next_dagrun for example_nested_branch_dag to 2023-01-08T00:00:00+00:00, run_after=2023-01-09T00:00:00+00:00
[2023-01-09T15:19:10.793+0400] {processor.py:175} INFO - Processing /Users/harut/opt/anaconda3/lib/python3.9/site-packages/airflow/example_dags/example_nested_branch_dag.py took 0.458 seconds
[2023-01-09T15:20:34.273+0400] {processor.py:153} INFO - Started process (PID=14652) to work on /Users/harut/opt/anaconda3/lib/python3.9/site-packages/airflow/example_dags/example_nested_branch_dag.py
[2023-01-09T15:20:34.274+0400] {processor.py:743} INFO - Processing file /Users/harut/opt/anaconda3/lib/python3.9/site-packages/airflow/example_dags/example_nested_branch_dag.py for tasks to queue
[2023-01-09T15:20:34.274+0400] {logging_mixin.py:137} INFO - [2023-01-09T15:20:34.274+0400] {dagbag.py:538} INFO - Filling up the DagBag from /Users/harut/opt/anaconda3/lib/python3.9/site-packages/airflow/example_dags/example_nested_branch_dag.py
[2023-01-09T15:20:34.307+0400] {processor.py:753} INFO - DAG(s) dict_keys(['example_nested_branch_dag']) retrieved from /Users/harut/opt/anaconda3/lib/python3.9/site-packages/airflow/example_dags/example_nested_branch_dag.py
[2023-01-09T15:20:34.726+0400] {logging_mixin.py:137} INFO - [2023-01-09T15:20:34.726+0400] {dag.py:2676} INFO - Sync 1 DAGs
[2023-01-09T15:20:34.738+0400] {logging_mixin.py:137} INFO - [2023-01-09T15:20:34.738+0400] {dag.py:3423} INFO - Setting next_dagrun for example_nested_branch_dag to 2023-01-08T00:00:00+00:00, run_after=2023-01-09T00:00:00+00:00
[2023-01-09T15:20:34.748+0400] {processor.py:175} INFO - Processing /Users/harut/opt/anaconda3/lib/python3.9/site-packages/airflow/example_dags/example_nested_branch_dag.py took 0.476 seconds
[2023-01-09T15:21:58.362+0400] {processor.py:153} INFO - Started process (PID=14710) to work on /Users/harut/opt/anaconda3/lib/python3.9/site-packages/airflow/example_dags/example_nested_branch_dag.py
[2023-01-09T15:21:58.363+0400] {processor.py:743} INFO - Processing file /Users/harut/opt/anaconda3/lib/python3.9/site-packages/airflow/example_dags/example_nested_branch_dag.py for tasks to queue
[2023-01-09T15:21:58.363+0400] {logging_mixin.py:137} INFO - [2023-01-09T15:21:58.363+0400] {dagbag.py:538} INFO - Filling up the DagBag from /Users/harut/opt/anaconda3/lib/python3.9/site-packages/airflow/example_dags/example_nested_branch_dag.py
[2023-01-09T15:21:58.395+0400] {processor.py:753} INFO - DAG(s) dict_keys(['example_nested_branch_dag']) retrieved from /Users/harut/opt/anaconda3/lib/python3.9/site-packages/airflow/example_dags/example_nested_branch_dag.py
[2023-01-09T15:21:58.800+0400] {logging_mixin.py:137} INFO - [2023-01-09T15:21:58.800+0400] {dag.py:2676} INFO - Sync 1 DAGs
[2023-01-09T15:21:58.812+0400] {logging_mixin.py:137} INFO - [2023-01-09T15:21:58.812+0400] {dag.py:3423} INFO - Setting next_dagrun for example_nested_branch_dag to 2023-01-08T00:00:00+00:00, run_after=2023-01-09T00:00:00+00:00
[2023-01-09T15:21:58.822+0400] {processor.py:175} INFO - Processing /Users/harut/opt/anaconda3/lib/python3.9/site-packages/airflow/example_dags/example_nested_branch_dag.py took 0.461 seconds
[2023-01-09T15:23:20.625+0400] {processor.py:153} INFO - Started process (PID=14754) to work on /Users/harut/opt/anaconda3/lib/python3.9/site-packages/airflow/example_dags/example_nested_branch_dag.py
[2023-01-09T15:23:20.625+0400] {processor.py:743} INFO - Processing file /Users/harut/opt/anaconda3/lib/python3.9/site-packages/airflow/example_dags/example_nested_branch_dag.py for tasks to queue
[2023-01-09T15:23:20.626+0400] {logging_mixin.py:137} INFO - [2023-01-09T15:23:20.626+0400] {dagbag.py:538} INFO - Filling up the DagBag from /Users/harut/opt/anaconda3/lib/python3.9/site-packages/airflow/example_dags/example_nested_branch_dag.py
[2023-01-09T15:23:20.661+0400] {processor.py:753} INFO - DAG(s) dict_keys(['example_nested_branch_dag']) retrieved from /Users/harut/opt/anaconda3/lib/python3.9/site-packages/airflow/example_dags/example_nested_branch_dag.py
[2023-01-09T15:23:21.082+0400] {logging_mixin.py:137} INFO - [2023-01-09T15:23:21.082+0400] {dag.py:2676} INFO - Sync 1 DAGs
[2023-01-09T15:23:21.094+0400] {logging_mixin.py:137} INFO - [2023-01-09T15:23:21.094+0400] {dag.py:3423} INFO - Setting next_dagrun for example_nested_branch_dag to 2023-01-08T00:00:00+00:00, run_after=2023-01-09T00:00:00+00:00
[2023-01-09T15:23:21.106+0400] {processor.py:175} INFO - Processing /Users/harut/opt/anaconda3/lib/python3.9/site-packages/airflow/example_dags/example_nested_branch_dag.py took 0.482 seconds
[2023-01-09T15:24:44.890+0400] {processor.py:153} INFO - Started process (PID=14798) to work on /Users/harut/opt/anaconda3/lib/python3.9/site-packages/airflow/example_dags/example_nested_branch_dag.py
[2023-01-09T15:24:44.891+0400] {processor.py:743} INFO - Processing file /Users/harut/opt/anaconda3/lib/python3.9/site-packages/airflow/example_dags/example_nested_branch_dag.py for tasks to queue
[2023-01-09T15:24:44.891+0400] {logging_mixin.py:137} INFO - [2023-01-09T15:24:44.891+0400] {dagbag.py:538} INFO - Filling up the DagBag from /Users/harut/opt/anaconda3/lib/python3.9/site-packages/airflow/example_dags/example_nested_branch_dag.py
[2023-01-09T15:24:44.924+0400] {processor.py:753} INFO - DAG(s) dict_keys(['example_nested_branch_dag']) retrieved from /Users/harut/opt/anaconda3/lib/python3.9/site-packages/airflow/example_dags/example_nested_branch_dag.py
[2023-01-09T15:24:45.305+0400] {logging_mixin.py:137} INFO - [2023-01-09T15:24:45.305+0400] {dag.py:2676} INFO - Sync 1 DAGs
[2023-01-09T15:24:45.316+0400] {logging_mixin.py:137} INFO - [2023-01-09T15:24:45.316+0400] {dag.py:3423} INFO - Setting next_dagrun for example_nested_branch_dag to 2023-01-08T00:00:00+00:00, run_after=2023-01-09T00:00:00+00:00
[2023-01-09T15:24:45.326+0400] {processor.py:175} INFO - Processing /Users/harut/opt/anaconda3/lib/python3.9/site-packages/airflow/example_dags/example_nested_branch_dag.py took 0.436 seconds
[2023-01-09T15:26:08.577+0400] {processor.py:153} INFO - Started process (PID=14844) to work on /Users/harut/opt/anaconda3/lib/python3.9/site-packages/airflow/example_dags/example_nested_branch_dag.py
[2023-01-09T15:26:08.578+0400] {processor.py:743} INFO - Processing file /Users/harut/opt/anaconda3/lib/python3.9/site-packages/airflow/example_dags/example_nested_branch_dag.py for tasks to queue
[2023-01-09T15:26:08.578+0400] {logging_mixin.py:137} INFO - [2023-01-09T15:26:08.578+0400] {dagbag.py:538} INFO - Filling up the DagBag from /Users/harut/opt/anaconda3/lib/python3.9/site-packages/airflow/example_dags/example_nested_branch_dag.py
[2023-01-09T15:26:08.609+0400] {processor.py:753} INFO - DAG(s) dict_keys(['example_nested_branch_dag']) retrieved from /Users/harut/opt/anaconda3/lib/python3.9/site-packages/airflow/example_dags/example_nested_branch_dag.py
[2023-01-09T15:26:08.998+0400] {logging_mixin.py:137} INFO - [2023-01-09T15:26:08.998+0400] {dag.py:2676} INFO - Sync 1 DAGs
[2023-01-09T15:26:09.008+0400] {logging_mixin.py:137} INFO - [2023-01-09T15:26:09.008+0400] {dag.py:3423} INFO - Setting next_dagrun for example_nested_branch_dag to 2023-01-08T00:00:00+00:00, run_after=2023-01-09T00:00:00+00:00
[2023-01-09T15:26:09.018+0400] {processor.py:175} INFO - Processing /Users/harut/opt/anaconda3/lib/python3.9/site-packages/airflow/example_dags/example_nested_branch_dag.py took 0.441 seconds
[2023-01-09T15:27:32.218+0400] {processor.py:153} INFO - Started process (PID=14896) to work on /Users/harut/opt/anaconda3/lib/python3.9/site-packages/airflow/example_dags/example_nested_branch_dag.py
[2023-01-09T15:27:32.219+0400] {processor.py:743} INFO - Processing file /Users/harut/opt/anaconda3/lib/python3.9/site-packages/airflow/example_dags/example_nested_branch_dag.py for tasks to queue
[2023-01-09T15:27:32.219+0400] {logging_mixin.py:137} INFO - [2023-01-09T15:27:32.219+0400] {dagbag.py:538} INFO - Filling up the DagBag from /Users/harut/opt/anaconda3/lib/python3.9/site-packages/airflow/example_dags/example_nested_branch_dag.py
[2023-01-09T15:27:32.253+0400] {processor.py:753} INFO - DAG(s) dict_keys(['example_nested_branch_dag']) retrieved from /Users/harut/opt/anaconda3/lib/python3.9/site-packages/airflow/example_dags/example_nested_branch_dag.py
[2023-01-09T15:27:32.666+0400] {logging_mixin.py:137} INFO - [2023-01-09T15:27:32.665+0400] {dag.py:2676} INFO - Sync 1 DAGs
[2023-01-09T15:27:32.677+0400] {logging_mixin.py:137} INFO - [2023-01-09T15:27:32.677+0400] {dag.py:3423} INFO - Setting next_dagrun for example_nested_branch_dag to 2023-01-08T00:00:00+00:00, run_after=2023-01-09T00:00:00+00:00
[2023-01-09T15:27:32.688+0400] {processor.py:175} INFO - Processing /Users/harut/opt/anaconda3/lib/python3.9/site-packages/airflow/example_dags/example_nested_branch_dag.py took 0.470 seconds
[2023-01-09T15:28:55.791+0400] {processor.py:153} INFO - Started process (PID=14940) to work on /Users/harut/opt/anaconda3/lib/python3.9/site-packages/airflow/example_dags/example_nested_branch_dag.py
[2023-01-09T15:28:55.791+0400] {processor.py:743} INFO - Processing file /Users/harut/opt/anaconda3/lib/python3.9/site-packages/airflow/example_dags/example_nested_branch_dag.py for tasks to queue
[2023-01-09T15:28:55.792+0400] {logging_mixin.py:137} INFO - [2023-01-09T15:28:55.792+0400] {dagbag.py:538} INFO - Filling up the DagBag from /Users/harut/opt/anaconda3/lib/python3.9/site-packages/airflow/example_dags/example_nested_branch_dag.py
[2023-01-09T15:28:55.826+0400] {processor.py:753} INFO - DAG(s) dict_keys(['example_nested_branch_dag']) retrieved from /Users/harut/opt/anaconda3/lib/python3.9/site-packages/airflow/example_dags/example_nested_branch_dag.py
[2023-01-09T15:28:56.228+0400] {logging_mixin.py:137} INFO - [2023-01-09T15:28:56.227+0400] {dag.py:2676} INFO - Sync 1 DAGs
[2023-01-09T15:28:56.240+0400] {logging_mixin.py:137} INFO - [2023-01-09T15:28:56.240+0400] {dag.py:3423} INFO - Setting next_dagrun for example_nested_branch_dag to 2023-01-08T00:00:00+00:00, run_after=2023-01-09T00:00:00+00:00
[2023-01-09T15:28:56.250+0400] {processor.py:175} INFO - Processing /Users/harut/opt/anaconda3/lib/python3.9/site-packages/airflow/example_dags/example_nested_branch_dag.py took 0.460 seconds
[2023-01-09T15:30:15.873+0400] {processor.py:153} INFO - Started process (PID=14987) to work on /Users/harut/opt/anaconda3/lib/python3.9/site-packages/airflow/example_dags/example_nested_branch_dag.py
[2023-01-09T15:30:15.874+0400] {processor.py:743} INFO - Processing file /Users/harut/opt/anaconda3/lib/python3.9/site-packages/airflow/example_dags/example_nested_branch_dag.py for tasks to queue
[2023-01-09T15:30:15.874+0400] {logging_mixin.py:137} INFO - [2023-01-09T15:30:15.874+0400] {dagbag.py:538} INFO - Filling up the DagBag from /Users/harut/opt/anaconda3/lib/python3.9/site-packages/airflow/example_dags/example_nested_branch_dag.py
[2023-01-09T15:30:15.904+0400] {processor.py:753} INFO - DAG(s) dict_keys(['example_nested_branch_dag']) retrieved from /Users/harut/opt/anaconda3/lib/python3.9/site-packages/airflow/example_dags/example_nested_branch_dag.py
[2023-01-09T15:30:16.270+0400] {logging_mixin.py:137} INFO - [2023-01-09T15:30:16.270+0400] {dag.py:2676} INFO - Sync 1 DAGs
[2023-01-09T15:30:16.281+0400] {logging_mixin.py:137} INFO - [2023-01-09T15:30:16.281+0400] {dag.py:3423} INFO - Setting next_dagrun for example_nested_branch_dag to 2023-01-08T00:00:00+00:00, run_after=2023-01-09T00:00:00+00:00
[2023-01-09T15:30:16.290+0400] {processor.py:175} INFO - Processing /Users/harut/opt/anaconda3/lib/python3.9/site-packages/airflow/example_dags/example_nested_branch_dag.py took 0.417 seconds
[2023-01-09T15:31:39.070+0400] {processor.py:153} INFO - Started process (PID=15032) to work on /Users/harut/opt/anaconda3/lib/python3.9/site-packages/airflow/example_dags/example_nested_branch_dag.py
[2023-01-09T15:31:39.070+0400] {processor.py:743} INFO - Processing file /Users/harut/opt/anaconda3/lib/python3.9/site-packages/airflow/example_dags/example_nested_branch_dag.py for tasks to queue
[2023-01-09T15:31:39.071+0400] {logging_mixin.py:137} INFO - [2023-01-09T15:31:39.071+0400] {dagbag.py:538} INFO - Filling up the DagBag from /Users/harut/opt/anaconda3/lib/python3.9/site-packages/airflow/example_dags/example_nested_branch_dag.py
[2023-01-09T15:31:39.106+0400] {processor.py:753} INFO - DAG(s) dict_keys(['example_nested_branch_dag']) retrieved from /Users/harut/opt/anaconda3/lib/python3.9/site-packages/airflow/example_dags/example_nested_branch_dag.py
[2023-01-09T15:31:39.518+0400] {logging_mixin.py:137} INFO - [2023-01-09T15:31:39.518+0400] {dag.py:2676} INFO - Sync 1 DAGs
[2023-01-09T15:31:39.530+0400] {logging_mixin.py:137} INFO - [2023-01-09T15:31:39.530+0400] {dag.py:3423} INFO - Setting next_dagrun for example_nested_branch_dag to 2023-01-08T00:00:00+00:00, run_after=2023-01-09T00:00:00+00:00
[2023-01-09T15:31:39.541+0400] {processor.py:175} INFO - Processing /Users/harut/opt/anaconda3/lib/python3.9/site-packages/airflow/example_dags/example_nested_branch_dag.py took 0.472 seconds
[2023-01-09T15:33:01.566+0400] {processor.py:153} INFO - Started process (PID=15078) to work on /Users/harut/opt/anaconda3/lib/python3.9/site-packages/airflow/example_dags/example_nested_branch_dag.py
[2023-01-09T15:33:01.567+0400] {processor.py:743} INFO - Processing file /Users/harut/opt/anaconda3/lib/python3.9/site-packages/airflow/example_dags/example_nested_branch_dag.py for tasks to queue
[2023-01-09T15:33:01.567+0400] {logging_mixin.py:137} INFO - [2023-01-09T15:33:01.567+0400] {dagbag.py:538} INFO - Filling up the DagBag from /Users/harut/opt/anaconda3/lib/python3.9/site-packages/airflow/example_dags/example_nested_branch_dag.py
[2023-01-09T15:33:01.600+0400] {processor.py:753} INFO - DAG(s) dict_keys(['example_nested_branch_dag']) retrieved from /Users/harut/opt/anaconda3/lib/python3.9/site-packages/airflow/example_dags/example_nested_branch_dag.py
[2023-01-09T15:33:02.009+0400] {logging_mixin.py:137} INFO - [2023-01-09T15:33:02.009+0400] {dag.py:2676} INFO - Sync 1 DAGs
[2023-01-09T15:33:02.021+0400] {logging_mixin.py:137} INFO - [2023-01-09T15:33:02.020+0400] {dag.py:3423} INFO - Setting next_dagrun for example_nested_branch_dag to 2023-01-08T00:00:00+00:00, run_after=2023-01-09T00:00:00+00:00
[2023-01-09T15:33:02.032+0400] {processor.py:175} INFO - Processing /Users/harut/opt/anaconda3/lib/python3.9/site-packages/airflow/example_dags/example_nested_branch_dag.py took 0.467 seconds
[2023-01-09T15:34:26.314+0400] {processor.py:153} INFO - Started process (PID=15124) to work on /Users/harut/opt/anaconda3/lib/python3.9/site-packages/airflow/example_dags/example_nested_branch_dag.py
[2023-01-09T15:34:26.315+0400] {processor.py:743} INFO - Processing file /Users/harut/opt/anaconda3/lib/python3.9/site-packages/airflow/example_dags/example_nested_branch_dag.py for tasks to queue
[2023-01-09T15:34:26.315+0400] {logging_mixin.py:137} INFO - [2023-01-09T15:34:26.315+0400] {dagbag.py:538} INFO - Filling up the DagBag from /Users/harut/opt/anaconda3/lib/python3.9/site-packages/airflow/example_dags/example_nested_branch_dag.py
[2023-01-09T15:34:26.349+0400] {processor.py:753} INFO - DAG(s) dict_keys(['example_nested_branch_dag']) retrieved from /Users/harut/opt/anaconda3/lib/python3.9/site-packages/airflow/example_dags/example_nested_branch_dag.py
[2023-01-09T15:34:26.770+0400] {logging_mixin.py:137} INFO - [2023-01-09T15:34:26.769+0400] {dag.py:2676} INFO - Sync 1 DAGs
[2023-01-09T15:34:26.782+0400] {logging_mixin.py:137} INFO - [2023-01-09T15:34:26.782+0400] {dag.py:3423} INFO - Setting next_dagrun for example_nested_branch_dag to 2023-01-08T00:00:00+00:00, run_after=2023-01-09T00:00:00+00:00
[2023-01-09T15:34:26.793+0400] {processor.py:175} INFO - Processing /Users/harut/opt/anaconda3/lib/python3.9/site-packages/airflow/example_dags/example_nested_branch_dag.py took 0.480 seconds
[2023-01-09T15:35:49.928+0400] {processor.py:153} INFO - Started process (PID=15175) to work on /Users/harut/opt/anaconda3/lib/python3.9/site-packages/airflow/example_dags/example_nested_branch_dag.py
[2023-01-09T15:35:49.929+0400] {processor.py:743} INFO - Processing file /Users/harut/opt/anaconda3/lib/python3.9/site-packages/airflow/example_dags/example_nested_branch_dag.py for tasks to queue
[2023-01-09T15:35:49.929+0400] {logging_mixin.py:137} INFO - [2023-01-09T15:35:49.929+0400] {dagbag.py:538} INFO - Filling up the DagBag from /Users/harut/opt/anaconda3/lib/python3.9/site-packages/airflow/example_dags/example_nested_branch_dag.py
[2023-01-09T15:35:49.963+0400] {processor.py:753} INFO - DAG(s) dict_keys(['example_nested_branch_dag']) retrieved from /Users/harut/opt/anaconda3/lib/python3.9/site-packages/airflow/example_dags/example_nested_branch_dag.py
[2023-01-09T15:35:50.346+0400] {logging_mixin.py:137} INFO - [2023-01-09T15:35:50.346+0400] {dag.py:2676} INFO - Sync 1 DAGs
[2023-01-09T15:35:50.356+0400] {logging_mixin.py:137} INFO - [2023-01-09T15:35:50.356+0400] {dag.py:3423} INFO - Setting next_dagrun for example_nested_branch_dag to 2023-01-08T00:00:00+00:00, run_after=2023-01-09T00:00:00+00:00
[2023-01-09T15:35:50.366+0400] {processor.py:175} INFO - Processing /Users/harut/opt/anaconda3/lib/python3.9/site-packages/airflow/example_dags/example_nested_branch_dag.py took 0.438 seconds
[2023-01-09T15:37:12.322+0400] {processor.py:153} INFO - Started process (PID=15234) to work on /Users/harut/opt/anaconda3/lib/python3.9/site-packages/airflow/example_dags/example_nested_branch_dag.py
[2023-01-09T15:37:12.323+0400] {processor.py:743} INFO - Processing file /Users/harut/opt/anaconda3/lib/python3.9/site-packages/airflow/example_dags/example_nested_branch_dag.py for tasks to queue
[2023-01-09T15:37:12.323+0400] {logging_mixin.py:137} INFO - [2023-01-09T15:37:12.323+0400] {dagbag.py:538} INFO - Filling up the DagBag from /Users/harut/opt/anaconda3/lib/python3.9/site-packages/airflow/example_dags/example_nested_branch_dag.py
[2023-01-09T15:37:12.357+0400] {processor.py:753} INFO - DAG(s) dict_keys(['example_nested_branch_dag']) retrieved from /Users/harut/opt/anaconda3/lib/python3.9/site-packages/airflow/example_dags/example_nested_branch_dag.py
[2023-01-09T15:37:12.749+0400] {logging_mixin.py:137} INFO - [2023-01-09T15:37:12.748+0400] {dag.py:2676} INFO - Sync 1 DAGs
[2023-01-09T15:37:12.760+0400] {logging_mixin.py:137} INFO - [2023-01-09T15:37:12.760+0400] {dag.py:3423} INFO - Setting next_dagrun for example_nested_branch_dag to 2023-01-08T00:00:00+00:00, run_after=2023-01-09T00:00:00+00:00
[2023-01-09T15:37:12.770+0400] {processor.py:175} INFO - Processing /Users/harut/opt/anaconda3/lib/python3.9/site-packages/airflow/example_dags/example_nested_branch_dag.py took 0.449 seconds
[2023-01-09T15:38:34.558+0400] {processor.py:153} INFO - Started process (PID=15276) to work on /Users/harut/opt/anaconda3/lib/python3.9/site-packages/airflow/example_dags/example_nested_branch_dag.py
[2023-01-09T15:38:34.559+0400] {processor.py:743} INFO - Processing file /Users/harut/opt/anaconda3/lib/python3.9/site-packages/airflow/example_dags/example_nested_branch_dag.py for tasks to queue
[2023-01-09T15:38:34.559+0400] {logging_mixin.py:137} INFO - [2023-01-09T15:38:34.559+0400] {dagbag.py:538} INFO - Filling up the DagBag from /Users/harut/opt/anaconda3/lib/python3.9/site-packages/airflow/example_dags/example_nested_branch_dag.py
[2023-01-09T15:38:34.593+0400] {processor.py:753} INFO - DAG(s) dict_keys(['example_nested_branch_dag']) retrieved from /Users/harut/opt/anaconda3/lib/python3.9/site-packages/airflow/example_dags/example_nested_branch_dag.py
[2023-01-09T15:38:34.994+0400] {logging_mixin.py:137} INFO - [2023-01-09T15:38:34.994+0400] {dag.py:2676} INFO - Sync 1 DAGs
[2023-01-09T15:38:35.005+0400] {logging_mixin.py:137} INFO - [2023-01-09T15:38:35.005+0400] {dag.py:3423} INFO - Setting next_dagrun for example_nested_branch_dag to 2023-01-08T00:00:00+00:00, run_after=2023-01-09T00:00:00+00:00
[2023-01-09T15:38:35.015+0400] {processor.py:175} INFO - Processing /Users/harut/opt/anaconda3/lib/python3.9/site-packages/airflow/example_dags/example_nested_branch_dag.py took 0.457 seconds
[2023-01-09T15:39:57.199+0400] {processor.py:153} INFO - Started process (PID=15321) to work on /Users/harut/opt/anaconda3/lib/python3.9/site-packages/airflow/example_dags/example_nested_branch_dag.py
[2023-01-09T15:39:57.200+0400] {processor.py:743} INFO - Processing file /Users/harut/opt/anaconda3/lib/python3.9/site-packages/airflow/example_dags/example_nested_branch_dag.py for tasks to queue
[2023-01-09T15:39:57.200+0400] {logging_mixin.py:137} INFO - [2023-01-09T15:39:57.200+0400] {dagbag.py:538} INFO - Filling up the DagBag from /Users/harut/opt/anaconda3/lib/python3.9/site-packages/airflow/example_dags/example_nested_branch_dag.py
[2023-01-09T15:39:57.231+0400] {processor.py:753} INFO - DAG(s) dict_keys(['example_nested_branch_dag']) retrieved from /Users/harut/opt/anaconda3/lib/python3.9/site-packages/airflow/example_dags/example_nested_branch_dag.py
[2023-01-09T15:39:57.644+0400] {logging_mixin.py:137} INFO - [2023-01-09T15:39:57.644+0400] {dag.py:2676} INFO - Sync 1 DAGs
[2023-01-09T15:39:57.656+0400] {logging_mixin.py:137} INFO - [2023-01-09T15:39:57.656+0400] {dag.py:3423} INFO - Setting next_dagrun for example_nested_branch_dag to 2023-01-08T00:00:00+00:00, run_after=2023-01-09T00:00:00+00:00
[2023-01-09T15:39:57.666+0400] {processor.py:175} INFO - Processing /Users/harut/opt/anaconda3/lib/python3.9/site-packages/airflow/example_dags/example_nested_branch_dag.py took 0.467 seconds
[2023-01-09T15:41:16.803+0400] {processor.py:153} INFO - Started process (PID=15379) to work on /Users/harut/opt/anaconda3/lib/python3.9/site-packages/airflow/example_dags/example_nested_branch_dag.py
[2023-01-09T15:41:16.803+0400] {processor.py:743} INFO - Processing file /Users/harut/opt/anaconda3/lib/python3.9/site-packages/airflow/example_dags/example_nested_branch_dag.py for tasks to queue
[2023-01-09T15:41:16.804+0400] {logging_mixin.py:137} INFO - [2023-01-09T15:41:16.804+0400] {dagbag.py:538} INFO - Filling up the DagBag from /Users/harut/opt/anaconda3/lib/python3.9/site-packages/airflow/example_dags/example_nested_branch_dag.py
[2023-01-09T15:41:16.838+0400] {processor.py:753} INFO - DAG(s) dict_keys(['example_nested_branch_dag']) retrieved from /Users/harut/opt/anaconda3/lib/python3.9/site-packages/airflow/example_dags/example_nested_branch_dag.py
[2023-01-09T15:41:17.219+0400] {logging_mixin.py:137} INFO - [2023-01-09T15:41:17.218+0400] {dag.py:2676} INFO - Sync 1 DAGs
[2023-01-09T15:41:17.229+0400] {logging_mixin.py:137} INFO - [2023-01-09T15:41:17.229+0400] {dag.py:3423} INFO - Setting next_dagrun for example_nested_branch_dag to 2023-01-08T00:00:00+00:00, run_after=2023-01-09T00:00:00+00:00
[2023-01-09T15:41:17.238+0400] {processor.py:175} INFO - Processing /Users/harut/opt/anaconda3/lib/python3.9/site-packages/airflow/example_dags/example_nested_branch_dag.py took 0.436 seconds
