[2023-01-09T14:17:42.099+0400] {processor.py:153} INFO - Started process (PID=12435) to work on /Users/harut/opt/anaconda3/lib/python3.9/site-packages/airflow/example_dags/example_branch_day_of_week_operator.py
[2023-01-09T14:17:42.100+0400] {processor.py:743} INFO - Processing file /Users/harut/opt/anaconda3/lib/python3.9/site-packages/airflow/example_dags/example_branch_day_of_week_operator.py for tasks to queue
[2023-01-09T14:17:42.100+0400] {logging_mixin.py:137} INFO - [2023-01-09T14:17:42.100+0400] {dagbag.py:538} INFO - Filling up the DagBag from /Users/harut/opt/anaconda3/lib/python3.9/site-packages/airflow/example_dags/example_branch_day_of_week_operator.py
[2023-01-09T14:17:42.118+0400] {processor.py:753} INFO - DAG(s) dict_keys(['example_weekday_branch_operator']) retrieved from /Users/harut/opt/anaconda3/lib/python3.9/site-packages/airflow/example_dags/example_branch_day_of_week_operator.py
[2023-01-09T14:17:42.494+0400] {logging_mixin.py:137} INFO - [2023-01-09T14:17:42.494+0400] {dag.py:2676} INFO - Sync 1 DAGs
[2023-01-09T14:17:42.504+0400] {logging_mixin.py:137} INFO - [2023-01-09T14:17:42.504+0400] {dag.py:3423} INFO - Setting next_dagrun for example_weekday_branch_operator to 2023-01-08T00:00:00+00:00, run_after=2023-01-09T00:00:00+00:00
[2023-01-09T14:17:42.514+0400] {processor.py:175} INFO - Processing /Users/harut/opt/anaconda3/lib/python3.9/site-packages/airflow/example_dags/example_branch_day_of_week_operator.py took 0.415 seconds
[2023-01-09T14:20:07.782+0400] {processor.py:153} INFO - Started process (PID=12528) to work on /Users/harut/opt/anaconda3/lib/python3.9/site-packages/airflow/example_dags/example_branch_day_of_week_operator.py
[2023-01-09T14:20:07.783+0400] {processor.py:743} INFO - Processing file /Users/harut/opt/anaconda3/lib/python3.9/site-packages/airflow/example_dags/example_branch_day_of_week_operator.py for tasks to queue
[2023-01-09T14:20:07.783+0400] {logging_mixin.py:137} INFO - [2023-01-09T14:20:07.783+0400] {dagbag.py:538} INFO - Filling up the DagBag from /Users/harut/opt/anaconda3/lib/python3.9/site-packages/airflow/example_dags/example_branch_day_of_week_operator.py
[2023-01-09T14:20:07.800+0400] {processor.py:753} INFO - DAG(s) dict_keys(['example_weekday_branch_operator']) retrieved from /Users/harut/opt/anaconda3/lib/python3.9/site-packages/airflow/example_dags/example_branch_day_of_week_operator.py
[2023-01-09T14:20:08.182+0400] {logging_mixin.py:137} INFO - [2023-01-09T14:20:08.182+0400] {dag.py:2676} INFO - Sync 1 DAGs
[2023-01-09T14:20:08.192+0400] {logging_mixin.py:137} INFO - [2023-01-09T14:20:08.192+0400] {dag.py:3423} INFO - Setting next_dagrun for example_weekday_branch_operator to 2023-01-08T00:00:00+00:00, run_after=2023-01-09T00:00:00+00:00
[2023-01-09T14:20:08.202+0400] {processor.py:175} INFO - Processing /Users/harut/opt/anaconda3/lib/python3.9/site-packages/airflow/example_dags/example_branch_day_of_week_operator.py took 0.420 seconds
[2023-01-09T14:21:22.102+0400] {processor.py:153} INFO - Started process (PID=12569) to work on /Users/harut/opt/anaconda3/lib/python3.9/site-packages/airflow/example_dags/example_branch_day_of_week_operator.py
[2023-01-09T14:21:22.103+0400] {processor.py:743} INFO - Processing file /Users/harut/opt/anaconda3/lib/python3.9/site-packages/airflow/example_dags/example_branch_day_of_week_operator.py for tasks to queue
[2023-01-09T14:21:22.103+0400] {logging_mixin.py:137} INFO - [2023-01-09T14:21:22.103+0400] {dagbag.py:538} INFO - Filling up the DagBag from /Users/harut/opt/anaconda3/lib/python3.9/site-packages/airflow/example_dags/example_branch_day_of_week_operator.py
[2023-01-09T14:21:22.120+0400] {processor.py:753} INFO - DAG(s) dict_keys(['example_weekday_branch_operator']) retrieved from /Users/harut/opt/anaconda3/lib/python3.9/site-packages/airflow/example_dags/example_branch_day_of_week_operator.py
[2023-01-09T14:21:22.491+0400] {logging_mixin.py:137} INFO - [2023-01-09T14:21:22.491+0400] {dag.py:2676} INFO - Sync 1 DAGs
[2023-01-09T14:21:22.500+0400] {logging_mixin.py:137} INFO - [2023-01-09T14:21:22.500+0400] {dag.py:3423} INFO - Setting next_dagrun for example_weekday_branch_operator to 2023-01-08T00:00:00+00:00, run_after=2023-01-09T00:00:00+00:00
[2023-01-09T14:21:22.510+0400] {processor.py:175} INFO - Processing /Users/harut/opt/anaconda3/lib/python3.9/site-packages/airflow/example_dags/example_branch_day_of_week_operator.py took 0.409 seconds
[2023-01-09T14:22:36.189+0400] {processor.py:153} INFO - Started process (PID=12620) to work on /Users/harut/opt/anaconda3/lib/python3.9/site-packages/airflow/example_dags/example_branch_day_of_week_operator.py
[2023-01-09T14:22:36.189+0400] {processor.py:743} INFO - Processing file /Users/harut/opt/anaconda3/lib/python3.9/site-packages/airflow/example_dags/example_branch_day_of_week_operator.py for tasks to queue
[2023-01-09T14:22:36.190+0400] {logging_mixin.py:137} INFO - [2023-01-09T14:22:36.190+0400] {dagbag.py:538} INFO - Filling up the DagBag from /Users/harut/opt/anaconda3/lib/python3.9/site-packages/airflow/example_dags/example_branch_day_of_week_operator.py
[2023-01-09T14:22:36.207+0400] {processor.py:753} INFO - DAG(s) dict_keys(['example_weekday_branch_operator']) retrieved from /Users/harut/opt/anaconda3/lib/python3.9/site-packages/airflow/example_dags/example_branch_day_of_week_operator.py
[2023-01-09T14:22:36.575+0400] {logging_mixin.py:137} INFO - [2023-01-09T14:22:36.575+0400] {dag.py:2676} INFO - Sync 1 DAGs
[2023-01-09T14:22:36.585+0400] {logging_mixin.py:137} INFO - [2023-01-09T14:22:36.585+0400] {dag.py:3423} INFO - Setting next_dagrun for example_weekday_branch_operator to 2023-01-08T00:00:00+00:00, run_after=2023-01-09T00:00:00+00:00
[2023-01-09T14:22:36.595+0400] {processor.py:175} INFO - Processing /Users/harut/opt/anaconda3/lib/python3.9/site-packages/airflow/example_dags/example_branch_day_of_week_operator.py took 0.407 seconds
[2023-01-09T14:23:54.398+0400] {processor.py:153} INFO - Started process (PID=12664) to work on /Users/harut/opt/anaconda3/lib/python3.9/site-packages/airflow/example_dags/example_branch_day_of_week_operator.py
[2023-01-09T14:23:54.398+0400] {processor.py:743} INFO - Processing file /Users/harut/opt/anaconda3/lib/python3.9/site-packages/airflow/example_dags/example_branch_day_of_week_operator.py for tasks to queue
[2023-01-09T14:23:54.399+0400] {logging_mixin.py:137} INFO - [2023-01-09T14:23:54.399+0400] {dagbag.py:538} INFO - Filling up the DagBag from /Users/harut/opt/anaconda3/lib/python3.9/site-packages/airflow/example_dags/example_branch_day_of_week_operator.py
[2023-01-09T14:23:54.416+0400] {processor.py:753} INFO - DAG(s) dict_keys(['example_weekday_branch_operator']) retrieved from /Users/harut/opt/anaconda3/lib/python3.9/site-packages/airflow/example_dags/example_branch_day_of_week_operator.py
[2023-01-09T14:23:54.782+0400] {logging_mixin.py:137} INFO - [2023-01-09T14:23:54.781+0400] {dag.py:2676} INFO - Sync 1 DAGs
[2023-01-09T14:23:54.791+0400] {logging_mixin.py:137} INFO - [2023-01-09T14:23:54.791+0400] {dag.py:3423} INFO - Setting next_dagrun for example_weekday_branch_operator to 2023-01-08T00:00:00+00:00, run_after=2023-01-09T00:00:00+00:00
[2023-01-09T14:23:54.801+0400] {processor.py:175} INFO - Processing /Users/harut/opt/anaconda3/lib/python3.9/site-packages/airflow/example_dags/example_branch_day_of_week_operator.py took 0.404 seconds
[2023-01-09T14:25:13.078+0400] {processor.py:153} INFO - Started process (PID=12705) to work on /Users/harut/opt/anaconda3/lib/python3.9/site-packages/airflow/example_dags/example_branch_day_of_week_operator.py
[2023-01-09T14:25:13.078+0400] {processor.py:743} INFO - Processing file /Users/harut/opt/anaconda3/lib/python3.9/site-packages/airflow/example_dags/example_branch_day_of_week_operator.py for tasks to queue
[2023-01-09T14:25:13.079+0400] {logging_mixin.py:137} INFO - [2023-01-09T14:25:13.079+0400] {dagbag.py:538} INFO - Filling up the DagBag from /Users/harut/opt/anaconda3/lib/python3.9/site-packages/airflow/example_dags/example_branch_day_of_week_operator.py
[2023-01-09T14:25:13.096+0400] {processor.py:753} INFO - DAG(s) dict_keys(['example_weekday_branch_operator']) retrieved from /Users/harut/opt/anaconda3/lib/python3.9/site-packages/airflow/example_dags/example_branch_day_of_week_operator.py
[2023-01-09T14:25:13.497+0400] {logging_mixin.py:137} INFO - [2023-01-09T14:25:13.497+0400] {dag.py:2676} INFO - Sync 1 DAGs
[2023-01-09T14:25:13.506+0400] {logging_mixin.py:137} INFO - [2023-01-09T14:25:13.506+0400] {dag.py:3423} INFO - Setting next_dagrun for example_weekday_branch_operator to 2023-01-08T00:00:00+00:00, run_after=2023-01-09T00:00:00+00:00
[2023-01-09T14:25:13.516+0400] {processor.py:175} INFO - Processing /Users/harut/opt/anaconda3/lib/python3.9/site-packages/airflow/example_dags/example_branch_day_of_week_operator.py took 0.439 seconds
[2023-01-09T14:26:30.842+0400] {processor.py:153} INFO - Started process (PID=12749) to work on /Users/harut/opt/anaconda3/lib/python3.9/site-packages/airflow/example_dags/example_branch_day_of_week_operator.py
[2023-01-09T14:26:30.843+0400] {processor.py:743} INFO - Processing file /Users/harut/opt/anaconda3/lib/python3.9/site-packages/airflow/example_dags/example_branch_day_of_week_operator.py for tasks to queue
[2023-01-09T14:26:30.843+0400] {logging_mixin.py:137} INFO - [2023-01-09T14:26:30.843+0400] {dagbag.py:538} INFO - Filling up the DagBag from /Users/harut/opt/anaconda3/lib/python3.9/site-packages/airflow/example_dags/example_branch_day_of_week_operator.py
[2023-01-09T14:26:30.861+0400] {processor.py:753} INFO - DAG(s) dict_keys(['example_weekday_branch_operator']) retrieved from /Users/harut/opt/anaconda3/lib/python3.9/site-packages/airflow/example_dags/example_branch_day_of_week_operator.py
[2023-01-09T14:26:31.244+0400] {logging_mixin.py:137} INFO - [2023-01-09T14:26:31.244+0400] {dag.py:2676} INFO - Sync 1 DAGs
[2023-01-09T14:26:31.254+0400] {logging_mixin.py:137} INFO - [2023-01-09T14:26:31.254+0400] {dag.py:3423} INFO - Setting next_dagrun for example_weekday_branch_operator to 2023-01-08T00:00:00+00:00, run_after=2023-01-09T00:00:00+00:00
[2023-01-09T14:26:31.265+0400] {processor.py:175} INFO - Processing /Users/harut/opt/anaconda3/lib/python3.9/site-packages/airflow/example_dags/example_branch_day_of_week_operator.py took 0.423 seconds
[2023-01-09T14:27:47.977+0400] {processor.py:153} INFO - Started process (PID=12795) to work on /Users/harut/opt/anaconda3/lib/python3.9/site-packages/airflow/example_dags/example_branch_day_of_week_operator.py
[2023-01-09T14:27:47.977+0400] {processor.py:743} INFO - Processing file /Users/harut/opt/anaconda3/lib/python3.9/site-packages/airflow/example_dags/example_branch_day_of_week_operator.py for tasks to queue
[2023-01-09T14:27:47.978+0400] {logging_mixin.py:137} INFO - [2023-01-09T14:27:47.978+0400] {dagbag.py:538} INFO - Filling up the DagBag from /Users/harut/opt/anaconda3/lib/python3.9/site-packages/airflow/example_dags/example_branch_day_of_week_operator.py
[2023-01-09T14:27:47.995+0400] {processor.py:753} INFO - DAG(s) dict_keys(['example_weekday_branch_operator']) retrieved from /Users/harut/opt/anaconda3/lib/python3.9/site-packages/airflow/example_dags/example_branch_day_of_week_operator.py
[2023-01-09T14:27:48.367+0400] {logging_mixin.py:137} INFO - [2023-01-09T14:27:48.367+0400] {dag.py:2676} INFO - Sync 1 DAGs
[2023-01-09T14:27:48.376+0400] {logging_mixin.py:137} INFO - [2023-01-09T14:27:48.376+0400] {dag.py:3423} INFO - Setting next_dagrun for example_weekday_branch_operator to 2023-01-08T00:00:00+00:00, run_after=2023-01-09T00:00:00+00:00
[2023-01-09T14:27:48.386+0400] {processor.py:175} INFO - Processing /Users/harut/opt/anaconda3/lib/python3.9/site-packages/airflow/example_dags/example_branch_day_of_week_operator.py took 0.410 seconds
[2023-01-09T14:29:05.290+0400] {processor.py:153} INFO - Started process (PID=12837) to work on /Users/harut/opt/anaconda3/lib/python3.9/site-packages/airflow/example_dags/example_branch_day_of_week_operator.py
[2023-01-09T14:29:05.290+0400] {processor.py:743} INFO - Processing file /Users/harut/opt/anaconda3/lib/python3.9/site-packages/airflow/example_dags/example_branch_day_of_week_operator.py for tasks to queue
[2023-01-09T14:29:05.290+0400] {logging_mixin.py:137} INFO - [2023-01-09T14:29:05.290+0400] {dagbag.py:538} INFO - Filling up the DagBag from /Users/harut/opt/anaconda3/lib/python3.9/site-packages/airflow/example_dags/example_branch_day_of_week_operator.py
[2023-01-09T14:29:05.307+0400] {processor.py:753} INFO - DAG(s) dict_keys(['example_weekday_branch_operator']) retrieved from /Users/harut/opt/anaconda3/lib/python3.9/site-packages/airflow/example_dags/example_branch_day_of_week_operator.py
[2023-01-09T14:29:05.678+0400] {logging_mixin.py:137} INFO - [2023-01-09T14:29:05.678+0400] {dag.py:2676} INFO - Sync 1 DAGs
[2023-01-09T14:29:05.688+0400] {logging_mixin.py:137} INFO - [2023-01-09T14:29:05.688+0400] {dag.py:3423} INFO - Setting next_dagrun for example_weekday_branch_operator to 2023-01-08T00:00:00+00:00, run_after=2023-01-09T00:00:00+00:00
[2023-01-09T14:29:05.698+0400] {processor.py:175} INFO - Processing /Users/harut/opt/anaconda3/lib/python3.9/site-packages/airflow/example_dags/example_branch_day_of_week_operator.py took 0.409 seconds
[2023-01-09T14:30:21.036+0400] {processor.py:153} INFO - Started process (PID=12879) to work on /Users/harut/opt/anaconda3/lib/python3.9/site-packages/airflow/example_dags/example_branch_day_of_week_operator.py
[2023-01-09T14:30:21.037+0400] {processor.py:743} INFO - Processing file /Users/harut/opt/anaconda3/lib/python3.9/site-packages/airflow/example_dags/example_branch_day_of_week_operator.py for tasks to queue
[2023-01-09T14:30:21.037+0400] {logging_mixin.py:137} INFO - [2023-01-09T14:30:21.037+0400] {dagbag.py:538} INFO - Filling up the DagBag from /Users/harut/opt/anaconda3/lib/python3.9/site-packages/airflow/example_dags/example_branch_day_of_week_operator.py
[2023-01-09T14:30:21.054+0400] {processor.py:753} INFO - DAG(s) dict_keys(['example_weekday_branch_operator']) retrieved from /Users/harut/opt/anaconda3/lib/python3.9/site-packages/airflow/example_dags/example_branch_day_of_week_operator.py
[2023-01-09T14:30:21.429+0400] {logging_mixin.py:137} INFO - [2023-01-09T14:30:21.429+0400] {dag.py:2676} INFO - Sync 1 DAGs
[2023-01-09T14:30:21.439+0400] {logging_mixin.py:137} INFO - [2023-01-09T14:30:21.438+0400] {dag.py:3423} INFO - Setting next_dagrun for example_weekday_branch_operator to 2023-01-08T00:00:00+00:00, run_after=2023-01-09T00:00:00+00:00
[2023-01-09T14:30:21.449+0400] {processor.py:175} INFO - Processing /Users/harut/opt/anaconda3/lib/python3.9/site-packages/airflow/example_dags/example_branch_day_of_week_operator.py took 0.413 seconds
[2023-01-09T14:31:36.806+0400] {processor.py:153} INFO - Started process (PID=12924) to work on /Users/harut/opt/anaconda3/lib/python3.9/site-packages/airflow/example_dags/example_branch_day_of_week_operator.py
[2023-01-09T14:31:36.807+0400] {processor.py:743} INFO - Processing file /Users/harut/opt/anaconda3/lib/python3.9/site-packages/airflow/example_dags/example_branch_day_of_week_operator.py for tasks to queue
[2023-01-09T14:31:36.807+0400] {logging_mixin.py:137} INFO - [2023-01-09T14:31:36.807+0400] {dagbag.py:538} INFO - Filling up the DagBag from /Users/harut/opt/anaconda3/lib/python3.9/site-packages/airflow/example_dags/example_branch_day_of_week_operator.py
[2023-01-09T14:31:36.825+0400] {processor.py:753} INFO - DAG(s) dict_keys(['example_weekday_branch_operator']) retrieved from /Users/harut/opt/anaconda3/lib/python3.9/site-packages/airflow/example_dags/example_branch_day_of_week_operator.py
[2023-01-09T14:31:37.191+0400] {logging_mixin.py:137} INFO - [2023-01-09T14:31:37.191+0400] {dag.py:2676} INFO - Sync 1 DAGs
[2023-01-09T14:31:37.201+0400] {logging_mixin.py:137} INFO - [2023-01-09T14:31:37.201+0400] {dag.py:3423} INFO - Setting next_dagrun for example_weekday_branch_operator to 2023-01-08T00:00:00+00:00, run_after=2023-01-09T00:00:00+00:00
[2023-01-09T14:31:37.210+0400] {processor.py:175} INFO - Processing /Users/harut/opt/anaconda3/lib/python3.9/site-packages/airflow/example_dags/example_branch_day_of_week_operator.py took 0.405 seconds
[2023-01-09T14:32:53.305+0400] {processor.py:153} INFO - Started process (PID=12975) to work on /Users/harut/opt/anaconda3/lib/python3.9/site-packages/airflow/example_dags/example_branch_day_of_week_operator.py
[2023-01-09T14:32:53.306+0400] {processor.py:743} INFO - Processing file /Users/harut/opt/anaconda3/lib/python3.9/site-packages/airflow/example_dags/example_branch_day_of_week_operator.py for tasks to queue
[2023-01-09T14:32:53.306+0400] {logging_mixin.py:137} INFO - [2023-01-09T14:32:53.306+0400] {dagbag.py:538} INFO - Filling up the DagBag from /Users/harut/opt/anaconda3/lib/python3.9/site-packages/airflow/example_dags/example_branch_day_of_week_operator.py
[2023-01-09T14:32:53.324+0400] {processor.py:753} INFO - DAG(s) dict_keys(['example_weekday_branch_operator']) retrieved from /Users/harut/opt/anaconda3/lib/python3.9/site-packages/airflow/example_dags/example_branch_day_of_week_operator.py
[2023-01-09T14:32:53.709+0400] {logging_mixin.py:137} INFO - [2023-01-09T14:32:53.709+0400] {dag.py:2676} INFO - Sync 1 DAGs
[2023-01-09T14:32:53.719+0400] {logging_mixin.py:137} INFO - [2023-01-09T14:32:53.719+0400] {dag.py:3423} INFO - Setting next_dagrun for example_weekday_branch_operator to 2023-01-08T00:00:00+00:00, run_after=2023-01-09T00:00:00+00:00
[2023-01-09T14:32:53.728+0400] {processor.py:175} INFO - Processing /Users/harut/opt/anaconda3/lib/python3.9/site-packages/airflow/example_dags/example_branch_day_of_week_operator.py took 0.423 seconds
[2023-01-09T14:34:10.660+0400] {processor.py:153} INFO - Started process (PID=13025) to work on /Users/harut/opt/anaconda3/lib/python3.9/site-packages/airflow/example_dags/example_branch_day_of_week_operator.py
[2023-01-09T14:34:10.661+0400] {processor.py:743} INFO - Processing file /Users/harut/opt/anaconda3/lib/python3.9/site-packages/airflow/example_dags/example_branch_day_of_week_operator.py for tasks to queue
[2023-01-09T14:34:10.661+0400] {logging_mixin.py:137} INFO - [2023-01-09T14:34:10.661+0400] {dagbag.py:538} INFO - Filling up the DagBag from /Users/harut/opt/anaconda3/lib/python3.9/site-packages/airflow/example_dags/example_branch_day_of_week_operator.py
[2023-01-09T14:34:10.679+0400] {processor.py:753} INFO - DAG(s) dict_keys(['example_weekday_branch_operator']) retrieved from /Users/harut/opt/anaconda3/lib/python3.9/site-packages/airflow/example_dags/example_branch_day_of_week_operator.py
[2023-01-09T14:34:11.072+0400] {logging_mixin.py:137} INFO - [2023-01-09T14:34:11.072+0400] {dag.py:2676} INFO - Sync 1 DAGs
[2023-01-09T14:34:11.083+0400] {logging_mixin.py:137} INFO - [2023-01-09T14:34:11.082+0400] {dag.py:3423} INFO - Setting next_dagrun for example_weekday_branch_operator to 2023-01-08T00:00:00+00:00, run_after=2023-01-09T00:00:00+00:00
[2023-01-09T14:34:11.094+0400] {processor.py:175} INFO - Processing /Users/harut/opt/anaconda3/lib/python3.9/site-packages/airflow/example_dags/example_branch_day_of_week_operator.py took 0.435 seconds
[2023-01-09T14:35:27.844+0400] {processor.py:153} INFO - Started process (PID=13072) to work on /Users/harut/opt/anaconda3/lib/python3.9/site-packages/airflow/example_dags/example_branch_day_of_week_operator.py
[2023-01-09T14:35:27.845+0400] {processor.py:743} INFO - Processing file /Users/harut/opt/anaconda3/lib/python3.9/site-packages/airflow/example_dags/example_branch_day_of_week_operator.py for tasks to queue
[2023-01-09T14:35:27.845+0400] {logging_mixin.py:137} INFO - [2023-01-09T14:35:27.845+0400] {dagbag.py:538} INFO - Filling up the DagBag from /Users/harut/opt/anaconda3/lib/python3.9/site-packages/airflow/example_dags/example_branch_day_of_week_operator.py
[2023-01-09T14:35:27.863+0400] {processor.py:753} INFO - DAG(s) dict_keys(['example_weekday_branch_operator']) retrieved from /Users/harut/opt/anaconda3/lib/python3.9/site-packages/airflow/example_dags/example_branch_day_of_week_operator.py
[2023-01-09T14:35:28.232+0400] {logging_mixin.py:137} INFO - [2023-01-09T14:35:28.232+0400] {dag.py:2676} INFO - Sync 1 DAGs
[2023-01-09T14:35:28.242+0400] {logging_mixin.py:137} INFO - [2023-01-09T14:35:28.242+0400] {dag.py:3423} INFO - Setting next_dagrun for example_weekday_branch_operator to 2023-01-08T00:00:00+00:00, run_after=2023-01-09T00:00:00+00:00
[2023-01-09T14:35:28.252+0400] {processor.py:175} INFO - Processing /Users/harut/opt/anaconda3/lib/python3.9/site-packages/airflow/example_dags/example_branch_day_of_week_operator.py took 0.408 seconds
[2023-01-09T14:36:45.850+0400] {processor.py:153} INFO - Started process (PID=13117) to work on /Users/harut/opt/anaconda3/lib/python3.9/site-packages/airflow/example_dags/example_branch_day_of_week_operator.py
[2023-01-09T14:36:45.851+0400] {processor.py:743} INFO - Processing file /Users/harut/opt/anaconda3/lib/python3.9/site-packages/airflow/example_dags/example_branch_day_of_week_operator.py for tasks to queue
[2023-01-09T14:36:45.851+0400] {logging_mixin.py:137} INFO - [2023-01-09T14:36:45.851+0400] {dagbag.py:538} INFO - Filling up the DagBag from /Users/harut/opt/anaconda3/lib/python3.9/site-packages/airflow/example_dags/example_branch_day_of_week_operator.py
[2023-01-09T14:36:45.868+0400] {processor.py:753} INFO - DAG(s) dict_keys(['example_weekday_branch_operator']) retrieved from /Users/harut/opt/anaconda3/lib/python3.9/site-packages/airflow/example_dags/example_branch_day_of_week_operator.py
[2023-01-09T14:36:46.232+0400] {logging_mixin.py:137} INFO - [2023-01-09T14:36:46.232+0400] {dag.py:2676} INFO - Sync 1 DAGs
[2023-01-09T14:36:46.242+0400] {logging_mixin.py:137} INFO - [2023-01-09T14:36:46.241+0400] {dag.py:3423} INFO - Setting next_dagrun for example_weekday_branch_operator to 2023-01-08T00:00:00+00:00, run_after=2023-01-09T00:00:00+00:00
[2023-01-09T14:36:46.252+0400] {processor.py:175} INFO - Processing /Users/harut/opt/anaconda3/lib/python3.9/site-packages/airflow/example_dags/example_branch_day_of_week_operator.py took 0.402 seconds
[2023-01-09T14:38:01.847+0400] {processor.py:153} INFO - Started process (PID=13163) to work on /Users/harut/opt/anaconda3/lib/python3.9/site-packages/airflow/example_dags/example_branch_day_of_week_operator.py
[2023-01-09T14:38:01.848+0400] {processor.py:743} INFO - Processing file /Users/harut/opt/anaconda3/lib/python3.9/site-packages/airflow/example_dags/example_branch_day_of_week_operator.py for tasks to queue
[2023-01-09T14:38:01.848+0400] {logging_mixin.py:137} INFO - [2023-01-09T14:38:01.848+0400] {dagbag.py:538} INFO - Filling up the DagBag from /Users/harut/opt/anaconda3/lib/python3.9/site-packages/airflow/example_dags/example_branch_day_of_week_operator.py
[2023-01-09T14:38:01.866+0400] {processor.py:753} INFO - DAG(s) dict_keys(['example_weekday_branch_operator']) retrieved from /Users/harut/opt/anaconda3/lib/python3.9/site-packages/airflow/example_dags/example_branch_day_of_week_operator.py
[2023-01-09T14:38:02.244+0400] {logging_mixin.py:137} INFO - [2023-01-09T14:38:02.244+0400] {dag.py:2676} INFO - Sync 1 DAGs
[2023-01-09T14:38:02.254+0400] {logging_mixin.py:137} INFO - [2023-01-09T14:38:02.254+0400] {dag.py:3423} INFO - Setting next_dagrun for example_weekday_branch_operator to 2023-01-08T00:00:00+00:00, run_after=2023-01-09T00:00:00+00:00
[2023-01-09T14:38:02.264+0400] {processor.py:175} INFO - Processing /Users/harut/opt/anaconda3/lib/python3.9/site-packages/airflow/example_dags/example_branch_day_of_week_operator.py took 0.417 seconds
[2023-01-09T14:39:19.406+0400] {processor.py:153} INFO - Started process (PID=13204) to work on /Users/harut/opt/anaconda3/lib/python3.9/site-packages/airflow/example_dags/example_branch_day_of_week_operator.py
[2023-01-09T14:39:19.407+0400] {processor.py:743} INFO - Processing file /Users/harut/opt/anaconda3/lib/python3.9/site-packages/airflow/example_dags/example_branch_day_of_week_operator.py for tasks to queue
[2023-01-09T14:39:19.407+0400] {logging_mixin.py:137} INFO - [2023-01-09T14:39:19.407+0400] {dagbag.py:538} INFO - Filling up the DagBag from /Users/harut/opt/anaconda3/lib/python3.9/site-packages/airflow/example_dags/example_branch_day_of_week_operator.py
[2023-01-09T14:39:19.425+0400] {processor.py:753} INFO - DAG(s) dict_keys(['example_weekday_branch_operator']) retrieved from /Users/harut/opt/anaconda3/lib/python3.9/site-packages/airflow/example_dags/example_branch_day_of_week_operator.py
[2023-01-09T14:39:19.797+0400] {logging_mixin.py:137} INFO - [2023-01-09T14:39:19.797+0400] {dag.py:2676} INFO - Sync 1 DAGs
[2023-01-09T14:39:19.807+0400] {logging_mixin.py:137} INFO - [2023-01-09T14:39:19.807+0400] {dag.py:3423} INFO - Setting next_dagrun for example_weekday_branch_operator to 2023-01-08T00:00:00+00:00, run_after=2023-01-09T00:00:00+00:00
[2023-01-09T14:39:19.817+0400] {processor.py:175} INFO - Processing /Users/harut/opt/anaconda3/lib/python3.9/site-packages/airflow/example_dags/example_branch_day_of_week_operator.py took 0.411 seconds
[2023-01-09T14:40:35.799+0400] {processor.py:153} INFO - Started process (PID=13249) to work on /Users/harut/opt/anaconda3/lib/python3.9/site-packages/airflow/example_dags/example_branch_day_of_week_operator.py
[2023-01-09T14:40:35.800+0400] {processor.py:743} INFO - Processing file /Users/harut/opt/anaconda3/lib/python3.9/site-packages/airflow/example_dags/example_branch_day_of_week_operator.py for tasks to queue
[2023-01-09T14:40:35.800+0400] {logging_mixin.py:137} INFO - [2023-01-09T14:40:35.800+0400] {dagbag.py:538} INFO - Filling up the DagBag from /Users/harut/opt/anaconda3/lib/python3.9/site-packages/airflow/example_dags/example_branch_day_of_week_operator.py
[2023-01-09T14:40:35.818+0400] {processor.py:753} INFO - DAG(s) dict_keys(['example_weekday_branch_operator']) retrieved from /Users/harut/opt/anaconda3/lib/python3.9/site-packages/airflow/example_dags/example_branch_day_of_week_operator.py
[2023-01-09T14:40:36.226+0400] {logging_mixin.py:137} INFO - [2023-01-09T14:40:36.226+0400] {dag.py:2676} INFO - Sync 1 DAGs
[2023-01-09T14:40:36.236+0400] {logging_mixin.py:137} INFO - [2023-01-09T14:40:36.236+0400] {dag.py:3423} INFO - Setting next_dagrun for example_weekday_branch_operator to 2023-01-08T00:00:00+00:00, run_after=2023-01-09T00:00:00+00:00
[2023-01-09T14:40:36.248+0400] {processor.py:175} INFO - Processing /Users/harut/opt/anaconda3/lib/python3.9/site-packages/airflow/example_dags/example_branch_day_of_week_operator.py took 0.449 seconds
[2023-01-09T14:41:52.045+0400] {processor.py:153} INFO - Started process (PID=13295) to work on /Users/harut/opt/anaconda3/lib/python3.9/site-packages/airflow/example_dags/example_branch_day_of_week_operator.py
[2023-01-09T14:41:52.046+0400] {processor.py:743} INFO - Processing file /Users/harut/opt/anaconda3/lib/python3.9/site-packages/airflow/example_dags/example_branch_day_of_week_operator.py for tasks to queue
[2023-01-09T14:41:52.046+0400] {logging_mixin.py:137} INFO - [2023-01-09T14:41:52.046+0400] {dagbag.py:538} INFO - Filling up the DagBag from /Users/harut/opt/anaconda3/lib/python3.9/site-packages/airflow/example_dags/example_branch_day_of_week_operator.py
[2023-01-09T14:41:52.063+0400] {processor.py:753} INFO - DAG(s) dict_keys(['example_weekday_branch_operator']) retrieved from /Users/harut/opt/anaconda3/lib/python3.9/site-packages/airflow/example_dags/example_branch_day_of_week_operator.py
[2023-01-09T14:41:52.432+0400] {logging_mixin.py:137} INFO - [2023-01-09T14:41:52.432+0400] {dag.py:2676} INFO - Sync 1 DAGs
[2023-01-09T14:41:52.442+0400] {logging_mixin.py:137} INFO - [2023-01-09T14:41:52.441+0400] {dag.py:3423} INFO - Setting next_dagrun for example_weekday_branch_operator to 2023-01-08T00:00:00+00:00, run_after=2023-01-09T00:00:00+00:00
[2023-01-09T14:41:52.451+0400] {processor.py:175} INFO - Processing /Users/harut/opt/anaconda3/lib/python3.9/site-packages/airflow/example_dags/example_branch_day_of_week_operator.py took 0.407 seconds
[2023-01-09T14:43:07.853+0400] {processor.py:153} INFO - Started process (PID=13339) to work on /Users/harut/opt/anaconda3/lib/python3.9/site-packages/airflow/example_dags/example_branch_day_of_week_operator.py
[2023-01-09T14:43:07.854+0400] {processor.py:743} INFO - Processing file /Users/harut/opt/anaconda3/lib/python3.9/site-packages/airflow/example_dags/example_branch_day_of_week_operator.py for tasks to queue
[2023-01-09T14:43:07.854+0400] {logging_mixin.py:137} INFO - [2023-01-09T14:43:07.854+0400] {dagbag.py:538} INFO - Filling up the DagBag from /Users/harut/opt/anaconda3/lib/python3.9/site-packages/airflow/example_dags/example_branch_day_of_week_operator.py
[2023-01-09T14:43:07.873+0400] {processor.py:753} INFO - DAG(s) dict_keys(['example_weekday_branch_operator']) retrieved from /Users/harut/opt/anaconda3/lib/python3.9/site-packages/airflow/example_dags/example_branch_day_of_week_operator.py
[2023-01-09T14:43:08.270+0400] {logging_mixin.py:137} INFO - [2023-01-09T14:43:08.270+0400] {dag.py:2676} INFO - Sync 1 DAGs
[2023-01-09T14:43:08.281+0400] {logging_mixin.py:137} INFO - [2023-01-09T14:43:08.281+0400] {dag.py:3423} INFO - Setting next_dagrun for example_weekday_branch_operator to 2023-01-08T00:00:00+00:00, run_after=2023-01-09T00:00:00+00:00
[2023-01-09T14:43:08.293+0400] {processor.py:175} INFO - Processing /Users/harut/opt/anaconda3/lib/python3.9/site-packages/airflow/example_dags/example_branch_day_of_week_operator.py took 0.440 seconds
[2023-01-09T14:44:26.778+0400] {processor.py:153} INFO - Started process (PID=13384) to work on /Users/harut/opt/anaconda3/lib/python3.9/site-packages/airflow/example_dags/example_branch_day_of_week_operator.py
[2023-01-09T14:44:26.779+0400] {processor.py:743} INFO - Processing file /Users/harut/opt/anaconda3/lib/python3.9/site-packages/airflow/example_dags/example_branch_day_of_week_operator.py for tasks to queue
[2023-01-09T14:44:26.779+0400] {logging_mixin.py:137} INFO - [2023-01-09T14:44:26.779+0400] {dagbag.py:538} INFO - Filling up the DagBag from /Users/harut/opt/anaconda3/lib/python3.9/site-packages/airflow/example_dags/example_branch_day_of_week_operator.py
[2023-01-09T14:44:26.796+0400] {processor.py:753} INFO - DAG(s) dict_keys(['example_weekday_branch_operator']) retrieved from /Users/harut/opt/anaconda3/lib/python3.9/site-packages/airflow/example_dags/example_branch_day_of_week_operator.py
[2023-01-09T14:44:27.166+0400] {logging_mixin.py:137} INFO - [2023-01-09T14:44:27.166+0400] {dag.py:2676} INFO - Sync 1 DAGs
[2023-01-09T14:44:27.175+0400] {logging_mixin.py:137} INFO - [2023-01-09T14:44:27.175+0400] {dag.py:3423} INFO - Setting next_dagrun for example_weekday_branch_operator to 2023-01-08T00:00:00+00:00, run_after=2023-01-09T00:00:00+00:00
[2023-01-09T14:44:27.185+0400] {processor.py:175} INFO - Processing /Users/harut/opt/anaconda3/lib/python3.9/site-packages/airflow/example_dags/example_branch_day_of_week_operator.py took 0.408 seconds
[2023-01-09T14:45:43.430+0400] {processor.py:153} INFO - Started process (PID=13428) to work on /Users/harut/opt/anaconda3/lib/python3.9/site-packages/airflow/example_dags/example_branch_day_of_week_operator.py
[2023-01-09T14:45:43.431+0400] {processor.py:743} INFO - Processing file /Users/harut/opt/anaconda3/lib/python3.9/site-packages/airflow/example_dags/example_branch_day_of_week_operator.py for tasks to queue
[2023-01-09T14:45:43.431+0400] {logging_mixin.py:137} INFO - [2023-01-09T14:45:43.431+0400] {dagbag.py:538} INFO - Filling up the DagBag from /Users/harut/opt/anaconda3/lib/python3.9/site-packages/airflow/example_dags/example_branch_day_of_week_operator.py
[2023-01-09T14:45:43.449+0400] {processor.py:753} INFO - DAG(s) dict_keys(['example_weekday_branch_operator']) retrieved from /Users/harut/opt/anaconda3/lib/python3.9/site-packages/airflow/example_dags/example_branch_day_of_week_operator.py
[2023-01-09T14:45:43.815+0400] {logging_mixin.py:137} INFO - [2023-01-09T14:45:43.814+0400] {dag.py:2676} INFO - Sync 1 DAGs
[2023-01-09T14:45:43.824+0400] {logging_mixin.py:137} INFO - [2023-01-09T14:45:43.824+0400] {dag.py:3423} INFO - Setting next_dagrun for example_weekday_branch_operator to 2023-01-08T00:00:00+00:00, run_after=2023-01-09T00:00:00+00:00
[2023-01-09T14:45:43.834+0400] {processor.py:175} INFO - Processing /Users/harut/opt/anaconda3/lib/python3.9/site-packages/airflow/example_dags/example_branch_day_of_week_operator.py took 0.404 seconds
[2023-01-09T14:47:04.400+0400] {processor.py:153} INFO - Started process (PID=13478) to work on /Users/harut/opt/anaconda3/lib/python3.9/site-packages/airflow/example_dags/example_branch_day_of_week_operator.py
[2023-01-09T14:47:04.400+0400] {processor.py:743} INFO - Processing file /Users/harut/opt/anaconda3/lib/python3.9/site-packages/airflow/example_dags/example_branch_day_of_week_operator.py for tasks to queue
[2023-01-09T14:47:04.401+0400] {logging_mixin.py:137} INFO - [2023-01-09T14:47:04.401+0400] {dagbag.py:538} INFO - Filling up the DagBag from /Users/harut/opt/anaconda3/lib/python3.9/site-packages/airflow/example_dags/example_branch_day_of_week_operator.py
[2023-01-09T14:47:04.420+0400] {processor.py:753} INFO - DAG(s) dict_keys(['example_weekday_branch_operator']) retrieved from /Users/harut/opt/anaconda3/lib/python3.9/site-packages/airflow/example_dags/example_branch_day_of_week_operator.py
[2023-01-09T14:47:04.847+0400] {logging_mixin.py:137} INFO - [2023-01-09T14:47:04.847+0400] {dag.py:2676} INFO - Sync 1 DAGs
[2023-01-09T14:47:04.858+0400] {logging_mixin.py:137} INFO - [2023-01-09T14:47:04.858+0400] {dag.py:3423} INFO - Setting next_dagrun for example_weekday_branch_operator to 2023-01-08T00:00:00+00:00, run_after=2023-01-09T00:00:00+00:00
[2023-01-09T14:47:04.869+0400] {processor.py:175} INFO - Processing /Users/harut/opt/anaconda3/lib/python3.9/site-packages/airflow/example_dags/example_branch_day_of_week_operator.py took 0.470 seconds
[2023-01-09T14:48:24.278+0400] {processor.py:153} INFO - Started process (PID=13532) to work on /Users/harut/opt/anaconda3/lib/python3.9/site-packages/airflow/example_dags/example_branch_day_of_week_operator.py
[2023-01-09T14:48:24.279+0400] {processor.py:743} INFO - Processing file /Users/harut/opt/anaconda3/lib/python3.9/site-packages/airflow/example_dags/example_branch_day_of_week_operator.py for tasks to queue
[2023-01-09T14:48:24.280+0400] {logging_mixin.py:137} INFO - [2023-01-09T14:48:24.279+0400] {dagbag.py:538} INFO - Filling up the DagBag from /Users/harut/opt/anaconda3/lib/python3.9/site-packages/airflow/example_dags/example_branch_day_of_week_operator.py
[2023-01-09T14:48:24.299+0400] {processor.py:753} INFO - DAG(s) dict_keys(['example_weekday_branch_operator']) retrieved from /Users/harut/opt/anaconda3/lib/python3.9/site-packages/airflow/example_dags/example_branch_day_of_week_operator.py
[2023-01-09T14:48:24.737+0400] {logging_mixin.py:137} INFO - [2023-01-09T14:48:24.737+0400] {dag.py:2676} INFO - Sync 1 DAGs
[2023-01-09T14:48:24.749+0400] {logging_mixin.py:137} INFO - [2023-01-09T14:48:24.749+0400] {dag.py:3423} INFO - Setting next_dagrun for example_weekday_branch_operator to 2023-01-08T00:00:00+00:00, run_after=2023-01-09T00:00:00+00:00
[2023-01-09T14:48:24.760+0400] {processor.py:175} INFO - Processing /Users/harut/opt/anaconda3/lib/python3.9/site-packages/airflow/example_dags/example_branch_day_of_week_operator.py took 0.482 seconds
[2023-01-09T14:49:47.179+0400] {processor.py:153} INFO - Started process (PID=13583) to work on /Users/harut/opt/anaconda3/lib/python3.9/site-packages/airflow/example_dags/example_branch_day_of_week_operator.py
[2023-01-09T14:49:47.179+0400] {processor.py:743} INFO - Processing file /Users/harut/opt/anaconda3/lib/python3.9/site-packages/airflow/example_dags/example_branch_day_of_week_operator.py for tasks to queue
[2023-01-09T14:49:47.180+0400] {logging_mixin.py:137} INFO - [2023-01-09T14:49:47.180+0400] {dagbag.py:538} INFO - Filling up the DagBag from /Users/harut/opt/anaconda3/lib/python3.9/site-packages/airflow/example_dags/example_branch_day_of_week_operator.py
[2023-01-09T14:49:47.197+0400] {processor.py:753} INFO - DAG(s) dict_keys(['example_weekday_branch_operator']) retrieved from /Users/harut/opt/anaconda3/lib/python3.9/site-packages/airflow/example_dags/example_branch_day_of_week_operator.py
[2023-01-09T14:49:47.570+0400] {logging_mixin.py:137} INFO - [2023-01-09T14:49:47.570+0400] {dag.py:2676} INFO - Sync 1 DAGs
[2023-01-09T14:49:47.579+0400] {logging_mixin.py:137} INFO - [2023-01-09T14:49:47.579+0400] {dag.py:3423} INFO - Setting next_dagrun for example_weekday_branch_operator to 2023-01-08T00:00:00+00:00, run_after=2023-01-09T00:00:00+00:00
[2023-01-09T14:49:47.589+0400] {processor.py:175} INFO - Processing /Users/harut/opt/anaconda3/lib/python3.9/site-packages/airflow/example_dags/example_branch_day_of_week_operator.py took 0.411 seconds
[2023-01-09T14:51:07.212+0400] {processor.py:153} INFO - Started process (PID=13628) to work on /Users/harut/opt/anaconda3/lib/python3.9/site-packages/airflow/example_dags/example_branch_day_of_week_operator.py
[2023-01-09T14:51:07.212+0400] {processor.py:743} INFO - Processing file /Users/harut/opt/anaconda3/lib/python3.9/site-packages/airflow/example_dags/example_branch_day_of_week_operator.py for tasks to queue
[2023-01-09T14:51:07.213+0400] {logging_mixin.py:137} INFO - [2023-01-09T14:51:07.213+0400] {dagbag.py:538} INFO - Filling up the DagBag from /Users/harut/opt/anaconda3/lib/python3.9/site-packages/airflow/example_dags/example_branch_day_of_week_operator.py
[2023-01-09T14:51:07.230+0400] {processor.py:753} INFO - DAG(s) dict_keys(['example_weekday_branch_operator']) retrieved from /Users/harut/opt/anaconda3/lib/python3.9/site-packages/airflow/example_dags/example_branch_day_of_week_operator.py
[2023-01-09T14:51:07.599+0400] {logging_mixin.py:137} INFO - [2023-01-09T14:51:07.599+0400] {dag.py:2676} INFO - Sync 1 DAGs
[2023-01-09T14:51:07.609+0400] {logging_mixin.py:137} INFO - [2023-01-09T14:51:07.609+0400] {dag.py:3423} INFO - Setting next_dagrun for example_weekday_branch_operator to 2023-01-08T00:00:00+00:00, run_after=2023-01-09T00:00:00+00:00
[2023-01-09T14:51:07.619+0400] {processor.py:175} INFO - Processing /Users/harut/opt/anaconda3/lib/python3.9/site-packages/airflow/example_dags/example_branch_day_of_week_operator.py took 0.407 seconds
[2023-01-09T14:52:28.333+0400] {processor.py:153} INFO - Started process (PID=13677) to work on /Users/harut/opt/anaconda3/lib/python3.9/site-packages/airflow/example_dags/example_branch_day_of_week_operator.py
[2023-01-09T14:52:28.333+0400] {processor.py:743} INFO - Processing file /Users/harut/opt/anaconda3/lib/python3.9/site-packages/airflow/example_dags/example_branch_day_of_week_operator.py for tasks to queue
[2023-01-09T14:52:28.333+0400] {logging_mixin.py:137} INFO - [2023-01-09T14:52:28.333+0400] {dagbag.py:538} INFO - Filling up the DagBag from /Users/harut/opt/anaconda3/lib/python3.9/site-packages/airflow/example_dags/example_branch_day_of_week_operator.py
[2023-01-09T14:52:28.352+0400] {processor.py:753} INFO - DAG(s) dict_keys(['example_weekday_branch_operator']) retrieved from /Users/harut/opt/anaconda3/lib/python3.9/site-packages/airflow/example_dags/example_branch_day_of_week_operator.py
[2023-01-09T14:52:28.731+0400] {logging_mixin.py:137} INFO - [2023-01-09T14:52:28.731+0400] {dag.py:2676} INFO - Sync 1 DAGs
[2023-01-09T14:52:28.740+0400] {logging_mixin.py:137} INFO - [2023-01-09T14:52:28.740+0400] {dag.py:3423} INFO - Setting next_dagrun for example_weekday_branch_operator to 2023-01-08T00:00:00+00:00, run_after=2023-01-09T00:00:00+00:00
[2023-01-09T14:52:28.750+0400] {processor.py:175} INFO - Processing /Users/harut/opt/anaconda3/lib/python3.9/site-packages/airflow/example_dags/example_branch_day_of_week_operator.py took 0.418 seconds
[2023-01-09T14:53:47.390+0400] {processor.py:153} INFO - Started process (PID=13723) to work on /Users/harut/opt/anaconda3/lib/python3.9/site-packages/airflow/example_dags/example_branch_day_of_week_operator.py
[2023-01-09T14:53:47.391+0400] {processor.py:743} INFO - Processing file /Users/harut/opt/anaconda3/lib/python3.9/site-packages/airflow/example_dags/example_branch_day_of_week_operator.py for tasks to queue
[2023-01-09T14:53:47.391+0400] {logging_mixin.py:137} INFO - [2023-01-09T14:53:47.391+0400] {dagbag.py:538} INFO - Filling up the DagBag from /Users/harut/opt/anaconda3/lib/python3.9/site-packages/airflow/example_dags/example_branch_day_of_week_operator.py
[2023-01-09T14:53:47.409+0400] {processor.py:753} INFO - DAG(s) dict_keys(['example_weekday_branch_operator']) retrieved from /Users/harut/opt/anaconda3/lib/python3.9/site-packages/airflow/example_dags/example_branch_day_of_week_operator.py
[2023-01-09T14:53:47.784+0400] {logging_mixin.py:137} INFO - [2023-01-09T14:53:47.784+0400] {dag.py:2676} INFO - Sync 1 DAGs
[2023-01-09T14:53:47.794+0400] {logging_mixin.py:137} INFO - [2023-01-09T14:53:47.794+0400] {dag.py:3423} INFO - Setting next_dagrun for example_weekday_branch_operator to 2023-01-08T00:00:00+00:00, run_after=2023-01-09T00:00:00+00:00
[2023-01-09T14:53:47.804+0400] {processor.py:175} INFO - Processing /Users/harut/opt/anaconda3/lib/python3.9/site-packages/airflow/example_dags/example_branch_day_of_week_operator.py took 0.415 seconds
[2023-01-09T14:55:10.483+0400] {processor.py:153} INFO - Started process (PID=13766) to work on /Users/harut/opt/anaconda3/lib/python3.9/site-packages/airflow/example_dags/example_branch_day_of_week_operator.py
[2023-01-09T14:55:10.483+0400] {processor.py:743} INFO - Processing file /Users/harut/opt/anaconda3/lib/python3.9/site-packages/airflow/example_dags/example_branch_day_of_week_operator.py for tasks to queue
[2023-01-09T14:55:10.483+0400] {logging_mixin.py:137} INFO - [2023-01-09T14:55:10.483+0400] {dagbag.py:538} INFO - Filling up the DagBag from /Users/harut/opt/anaconda3/lib/python3.9/site-packages/airflow/example_dags/example_branch_day_of_week_operator.py
[2023-01-09T14:55:10.501+0400] {processor.py:753} INFO - DAG(s) dict_keys(['example_weekday_branch_operator']) retrieved from /Users/harut/opt/anaconda3/lib/python3.9/site-packages/airflow/example_dags/example_branch_day_of_week_operator.py
[2023-01-09T14:55:10.894+0400] {logging_mixin.py:137} INFO - [2023-01-09T14:55:10.894+0400] {dag.py:2676} INFO - Sync 1 DAGs
[2023-01-09T14:55:10.904+0400] {logging_mixin.py:137} INFO - [2023-01-09T14:55:10.904+0400] {dag.py:3423} INFO - Setting next_dagrun for example_weekday_branch_operator to 2023-01-08T00:00:00+00:00, run_after=2023-01-09T00:00:00+00:00
[2023-01-09T14:55:10.915+0400] {processor.py:175} INFO - Processing /Users/harut/opt/anaconda3/lib/python3.9/site-packages/airflow/example_dags/example_branch_day_of_week_operator.py took 0.432 seconds
[2023-01-09T14:56:31.539+0400] {processor.py:153} INFO - Started process (PID=13814) to work on /Users/harut/opt/anaconda3/lib/python3.9/site-packages/airflow/example_dags/example_branch_day_of_week_operator.py
[2023-01-09T14:56:31.539+0400] {processor.py:743} INFO - Processing file /Users/harut/opt/anaconda3/lib/python3.9/site-packages/airflow/example_dags/example_branch_day_of_week_operator.py for tasks to queue
[2023-01-09T14:56:31.539+0400] {logging_mixin.py:137} INFO - [2023-01-09T14:56:31.539+0400] {dagbag.py:538} INFO - Filling up the DagBag from /Users/harut/opt/anaconda3/lib/python3.9/site-packages/airflow/example_dags/example_branch_day_of_week_operator.py
[2023-01-09T14:56:31.557+0400] {processor.py:753} INFO - DAG(s) dict_keys(['example_weekday_branch_operator']) retrieved from /Users/harut/opt/anaconda3/lib/python3.9/site-packages/airflow/example_dags/example_branch_day_of_week_operator.py
[2023-01-09T14:56:31.933+0400] {logging_mixin.py:137} INFO - [2023-01-09T14:56:31.933+0400] {dag.py:2676} INFO - Sync 1 DAGs
[2023-01-09T14:56:31.943+0400] {logging_mixin.py:137} INFO - [2023-01-09T14:56:31.943+0400] {dag.py:3423} INFO - Setting next_dagrun for example_weekday_branch_operator to 2023-01-08T00:00:00+00:00, run_after=2023-01-09T00:00:00+00:00
[2023-01-09T14:56:31.953+0400] {processor.py:175} INFO - Processing /Users/harut/opt/anaconda3/lib/python3.9/site-packages/airflow/example_dags/example_branch_day_of_week_operator.py took 0.415 seconds
[2023-01-09T14:57:54.141+0400] {processor.py:153} INFO - Started process (PID=13856) to work on /Users/harut/opt/anaconda3/lib/python3.9/site-packages/airflow/example_dags/example_branch_day_of_week_operator.py
[2023-01-09T14:57:54.142+0400] {processor.py:743} INFO - Processing file /Users/harut/opt/anaconda3/lib/python3.9/site-packages/airflow/example_dags/example_branch_day_of_week_operator.py for tasks to queue
[2023-01-09T14:57:54.142+0400] {logging_mixin.py:137} INFO - [2023-01-09T14:57:54.142+0400] {dagbag.py:538} INFO - Filling up the DagBag from /Users/harut/opt/anaconda3/lib/python3.9/site-packages/airflow/example_dags/example_branch_day_of_week_operator.py
[2023-01-09T14:57:54.159+0400] {processor.py:753} INFO - DAG(s) dict_keys(['example_weekday_branch_operator']) retrieved from /Users/harut/opt/anaconda3/lib/python3.9/site-packages/airflow/example_dags/example_branch_day_of_week_operator.py
[2023-01-09T14:57:54.527+0400] {logging_mixin.py:137} INFO - [2023-01-09T14:57:54.527+0400] {dag.py:2676} INFO - Sync 1 DAGs
[2023-01-09T14:57:54.537+0400] {logging_mixin.py:137} INFO - [2023-01-09T14:57:54.536+0400] {dag.py:3423} INFO - Setting next_dagrun for example_weekday_branch_operator to 2023-01-08T00:00:00+00:00, run_after=2023-01-09T00:00:00+00:00
[2023-01-09T14:57:54.547+0400] {processor.py:175} INFO - Processing /Users/harut/opt/anaconda3/lib/python3.9/site-packages/airflow/example_dags/example_branch_day_of_week_operator.py took 0.406 seconds
[2023-01-09T14:59:14.429+0400] {processor.py:153} INFO - Started process (PID=13902) to work on /Users/harut/opt/anaconda3/lib/python3.9/site-packages/airflow/example_dags/example_branch_day_of_week_operator.py
[2023-01-09T14:59:14.430+0400] {processor.py:743} INFO - Processing file /Users/harut/opt/anaconda3/lib/python3.9/site-packages/airflow/example_dags/example_branch_day_of_week_operator.py for tasks to queue
[2023-01-09T14:59:14.430+0400] {logging_mixin.py:137} INFO - [2023-01-09T14:59:14.430+0400] {dagbag.py:538} INFO - Filling up the DagBag from /Users/harut/opt/anaconda3/lib/python3.9/site-packages/airflow/example_dags/example_branch_day_of_week_operator.py
[2023-01-09T14:59:14.448+0400] {processor.py:753} INFO - DAG(s) dict_keys(['example_weekday_branch_operator']) retrieved from /Users/harut/opt/anaconda3/lib/python3.9/site-packages/airflow/example_dags/example_branch_day_of_week_operator.py
[2023-01-09T14:59:14.820+0400] {logging_mixin.py:137} INFO - [2023-01-09T14:59:14.820+0400] {dag.py:2676} INFO - Sync 1 DAGs
[2023-01-09T14:59:14.830+0400] {logging_mixin.py:137} INFO - [2023-01-09T14:59:14.830+0400] {dag.py:3423} INFO - Setting next_dagrun for example_weekday_branch_operator to 2023-01-08T00:00:00+00:00, run_after=2023-01-09T00:00:00+00:00
[2023-01-09T14:59:14.840+0400] {processor.py:175} INFO - Processing /Users/harut/opt/anaconda3/lib/python3.9/site-packages/airflow/example_dags/example_branch_day_of_week_operator.py took 0.410 seconds
[2023-01-09T15:00:34.890+0400] {processor.py:153} INFO - Started process (PID=13944) to work on /Users/harut/opt/anaconda3/lib/python3.9/site-packages/airflow/example_dags/example_branch_day_of_week_operator.py
[2023-01-09T15:00:34.891+0400] {processor.py:743} INFO - Processing file /Users/harut/opt/anaconda3/lib/python3.9/site-packages/airflow/example_dags/example_branch_day_of_week_operator.py for tasks to queue
[2023-01-09T15:00:34.891+0400] {logging_mixin.py:137} INFO - [2023-01-09T15:00:34.891+0400] {dagbag.py:538} INFO - Filling up the DagBag from /Users/harut/opt/anaconda3/lib/python3.9/site-packages/airflow/example_dags/example_branch_day_of_week_operator.py
[2023-01-09T15:00:34.909+0400] {processor.py:753} INFO - DAG(s) dict_keys(['example_weekday_branch_operator']) retrieved from /Users/harut/opt/anaconda3/lib/python3.9/site-packages/airflow/example_dags/example_branch_day_of_week_operator.py
[2023-01-09T15:00:35.277+0400] {logging_mixin.py:137} INFO - [2023-01-09T15:00:35.277+0400] {dag.py:2676} INFO - Sync 1 DAGs
[2023-01-09T15:00:35.287+0400] {logging_mixin.py:137} INFO - [2023-01-09T15:00:35.286+0400] {dag.py:3423} INFO - Setting next_dagrun for example_weekday_branch_operator to 2023-01-08T00:00:00+00:00, run_after=2023-01-09T00:00:00+00:00
[2023-01-09T15:00:35.297+0400] {processor.py:175} INFO - Processing /Users/harut/opt/anaconda3/lib/python3.9/site-packages/airflow/example_dags/example_branch_day_of_week_operator.py took 0.407 seconds
[2023-01-09T15:01:57.287+0400] {processor.py:153} INFO - Started process (PID=13991) to work on /Users/harut/opt/anaconda3/lib/python3.9/site-packages/airflow/example_dags/example_branch_day_of_week_operator.py
[2023-01-09T15:01:57.287+0400] {processor.py:743} INFO - Processing file /Users/harut/opt/anaconda3/lib/python3.9/site-packages/airflow/example_dags/example_branch_day_of_week_operator.py for tasks to queue
[2023-01-09T15:01:57.288+0400] {logging_mixin.py:137} INFO - [2023-01-09T15:01:57.288+0400] {dagbag.py:538} INFO - Filling up the DagBag from /Users/harut/opt/anaconda3/lib/python3.9/site-packages/airflow/example_dags/example_branch_day_of_week_operator.py
[2023-01-09T15:01:57.305+0400] {processor.py:753} INFO - DAG(s) dict_keys(['example_weekday_branch_operator']) retrieved from /Users/harut/opt/anaconda3/lib/python3.9/site-packages/airflow/example_dags/example_branch_day_of_week_operator.py
[2023-01-09T15:01:57.686+0400] {logging_mixin.py:137} INFO - [2023-01-09T15:01:57.686+0400] {dag.py:2676} INFO - Sync 1 DAGs
[2023-01-09T15:01:57.696+0400] {logging_mixin.py:137} INFO - [2023-01-09T15:01:57.696+0400] {dag.py:3423} INFO - Setting next_dagrun for example_weekday_branch_operator to 2023-01-08T00:00:00+00:00, run_after=2023-01-09T00:00:00+00:00
[2023-01-09T15:01:57.707+0400] {processor.py:175} INFO - Processing /Users/harut/opt/anaconda3/lib/python3.9/site-packages/airflow/example_dags/example_branch_day_of_week_operator.py took 0.420 seconds
[2023-01-09T15:03:16.823+0400] {processor.py:153} INFO - Started process (PID=14041) to work on /Users/harut/opt/anaconda3/lib/python3.9/site-packages/airflow/example_dags/example_branch_day_of_week_operator.py
[2023-01-09T15:03:16.823+0400] {processor.py:743} INFO - Processing file /Users/harut/opt/anaconda3/lib/python3.9/site-packages/airflow/example_dags/example_branch_day_of_week_operator.py for tasks to queue
[2023-01-09T15:03:16.824+0400] {logging_mixin.py:137} INFO - [2023-01-09T15:03:16.824+0400] {dagbag.py:538} INFO - Filling up the DagBag from /Users/harut/opt/anaconda3/lib/python3.9/site-packages/airflow/example_dags/example_branch_day_of_week_operator.py
[2023-01-09T15:03:16.842+0400] {processor.py:753} INFO - DAG(s) dict_keys(['example_weekday_branch_operator']) retrieved from /Users/harut/opt/anaconda3/lib/python3.9/site-packages/airflow/example_dags/example_branch_day_of_week_operator.py
[2023-01-09T15:03:17.271+0400] {logging_mixin.py:137} INFO - [2023-01-09T15:03:17.271+0400] {dag.py:2676} INFO - Sync 1 DAGs
[2023-01-09T15:03:17.283+0400] {logging_mixin.py:137} INFO - [2023-01-09T15:03:17.283+0400] {dag.py:3423} INFO - Setting next_dagrun for example_weekday_branch_operator to 2023-01-08T00:00:00+00:00, run_after=2023-01-09T00:00:00+00:00
[2023-01-09T15:03:17.294+0400] {processor.py:175} INFO - Processing /Users/harut/opt/anaconda3/lib/python3.9/site-packages/airflow/example_dags/example_branch_day_of_week_operator.py took 0.471 seconds
[2023-01-09T15:04:37.618+0400] {processor.py:153} INFO - Started process (PID=14083) to work on /Users/harut/opt/anaconda3/lib/python3.9/site-packages/airflow/example_dags/example_branch_day_of_week_operator.py
[2023-01-09T15:04:37.618+0400] {processor.py:743} INFO - Processing file /Users/harut/opt/anaconda3/lib/python3.9/site-packages/airflow/example_dags/example_branch_day_of_week_operator.py for tasks to queue
[2023-01-09T15:04:37.619+0400] {logging_mixin.py:137} INFO - [2023-01-09T15:04:37.619+0400] {dagbag.py:538} INFO - Filling up the DagBag from /Users/harut/opt/anaconda3/lib/python3.9/site-packages/airflow/example_dags/example_branch_day_of_week_operator.py
[2023-01-09T15:04:37.636+0400] {processor.py:753} INFO - DAG(s) dict_keys(['example_weekday_branch_operator']) retrieved from /Users/harut/opt/anaconda3/lib/python3.9/site-packages/airflow/example_dags/example_branch_day_of_week_operator.py
[2023-01-09T15:04:38.006+0400] {logging_mixin.py:137} INFO - [2023-01-09T15:04:38.005+0400] {dag.py:2676} INFO - Sync 1 DAGs
[2023-01-09T15:04:38.015+0400] {logging_mixin.py:137} INFO - [2023-01-09T15:04:38.015+0400] {dag.py:3423} INFO - Setting next_dagrun for example_weekday_branch_operator to 2023-01-08T00:00:00+00:00, run_after=2023-01-09T00:00:00+00:00
[2023-01-09T15:04:38.025+0400] {processor.py:175} INFO - Processing /Users/harut/opt/anaconda3/lib/python3.9/site-packages/airflow/example_dags/example_branch_day_of_week_operator.py took 0.408 seconds
[2023-01-09T15:05:58.384+0400] {processor.py:153} INFO - Started process (PID=14130) to work on /Users/harut/opt/anaconda3/lib/python3.9/site-packages/airflow/example_dags/example_branch_day_of_week_operator.py
[2023-01-09T15:05:58.385+0400] {processor.py:743} INFO - Processing file /Users/harut/opt/anaconda3/lib/python3.9/site-packages/airflow/example_dags/example_branch_day_of_week_operator.py for tasks to queue
[2023-01-09T15:05:58.385+0400] {logging_mixin.py:137} INFO - [2023-01-09T15:05:58.385+0400] {dagbag.py:538} INFO - Filling up the DagBag from /Users/harut/opt/anaconda3/lib/python3.9/site-packages/airflow/example_dags/example_branch_day_of_week_operator.py
[2023-01-09T15:05:58.403+0400] {processor.py:753} INFO - DAG(s) dict_keys(['example_weekday_branch_operator']) retrieved from /Users/harut/opt/anaconda3/lib/python3.9/site-packages/airflow/example_dags/example_branch_day_of_week_operator.py
[2023-01-09T15:05:58.775+0400] {logging_mixin.py:137} INFO - [2023-01-09T15:05:58.775+0400] {dag.py:2676} INFO - Sync 1 DAGs
[2023-01-09T15:05:58.785+0400] {logging_mixin.py:137} INFO - [2023-01-09T15:05:58.785+0400] {dag.py:3423} INFO - Setting next_dagrun for example_weekday_branch_operator to 2023-01-08T00:00:00+00:00, run_after=2023-01-09T00:00:00+00:00
[2023-01-09T15:05:58.795+0400] {processor.py:175} INFO - Processing /Users/harut/opt/anaconda3/lib/python3.9/site-packages/airflow/example_dags/example_branch_day_of_week_operator.py took 0.412 seconds
[2023-01-09T15:07:17.066+0400] {processor.py:153} INFO - Started process (PID=14171) to work on /Users/harut/opt/anaconda3/lib/python3.9/site-packages/airflow/example_dags/example_branch_day_of_week_operator.py
[2023-01-09T15:07:17.067+0400] {processor.py:743} INFO - Processing file /Users/harut/opt/anaconda3/lib/python3.9/site-packages/airflow/example_dags/example_branch_day_of_week_operator.py for tasks to queue
[2023-01-09T15:07:17.067+0400] {logging_mixin.py:137} INFO - [2023-01-09T15:07:17.067+0400] {dagbag.py:538} INFO - Filling up the DagBag from /Users/harut/opt/anaconda3/lib/python3.9/site-packages/airflow/example_dags/example_branch_day_of_week_operator.py
[2023-01-09T15:07:17.084+0400] {processor.py:753} INFO - DAG(s) dict_keys(['example_weekday_branch_operator']) retrieved from /Users/harut/opt/anaconda3/lib/python3.9/site-packages/airflow/example_dags/example_branch_day_of_week_operator.py
[2023-01-09T15:07:17.452+0400] {logging_mixin.py:137} INFO - [2023-01-09T15:07:17.452+0400] {dag.py:2676} INFO - Sync 1 DAGs
[2023-01-09T15:07:17.461+0400] {logging_mixin.py:137} INFO - [2023-01-09T15:07:17.461+0400] {dag.py:3423} INFO - Setting next_dagrun for example_weekday_branch_operator to 2023-01-08T00:00:00+00:00, run_after=2023-01-09T00:00:00+00:00
[2023-01-09T15:07:17.471+0400] {processor.py:175} INFO - Processing /Users/harut/opt/anaconda3/lib/python3.9/site-packages/airflow/example_dags/example_branch_day_of_week_operator.py took 0.406 seconds
[2023-01-09T15:08:36.934+0400] {processor.py:153} INFO - Started process (PID=14215) to work on /Users/harut/opt/anaconda3/lib/python3.9/site-packages/airflow/example_dags/example_branch_day_of_week_operator.py
[2023-01-09T15:08:36.934+0400] {processor.py:743} INFO - Processing file /Users/harut/opt/anaconda3/lib/python3.9/site-packages/airflow/example_dags/example_branch_day_of_week_operator.py for tasks to queue
[2023-01-09T15:08:36.935+0400] {logging_mixin.py:137} INFO - [2023-01-09T15:08:36.935+0400] {dagbag.py:538} INFO - Filling up the DagBag from /Users/harut/opt/anaconda3/lib/python3.9/site-packages/airflow/example_dags/example_branch_day_of_week_operator.py
[2023-01-09T15:08:36.952+0400] {processor.py:753} INFO - DAG(s) dict_keys(['example_weekday_branch_operator']) retrieved from /Users/harut/opt/anaconda3/lib/python3.9/site-packages/airflow/example_dags/example_branch_day_of_week_operator.py
[2023-01-09T15:08:37.320+0400] {logging_mixin.py:137} INFO - [2023-01-09T15:08:37.320+0400] {dag.py:2676} INFO - Sync 1 DAGs
[2023-01-09T15:08:37.329+0400] {logging_mixin.py:137} INFO - [2023-01-09T15:08:37.329+0400] {dag.py:3423} INFO - Setting next_dagrun for example_weekday_branch_operator to 2023-01-08T00:00:00+00:00, run_after=2023-01-09T00:00:00+00:00
[2023-01-09T15:08:37.339+0400] {processor.py:175} INFO - Processing /Users/harut/opt/anaconda3/lib/python3.9/site-packages/airflow/example_dags/example_branch_day_of_week_operator.py took 0.406 seconds
[2023-01-09T15:09:58.019+0400] {processor.py:153} INFO - Started process (PID=14261) to work on /Users/harut/opt/anaconda3/lib/python3.9/site-packages/airflow/example_dags/example_branch_day_of_week_operator.py
[2023-01-09T15:09:58.019+0400] {processor.py:743} INFO - Processing file /Users/harut/opt/anaconda3/lib/python3.9/site-packages/airflow/example_dags/example_branch_day_of_week_operator.py for tasks to queue
[2023-01-09T15:09:58.020+0400] {logging_mixin.py:137} INFO - [2023-01-09T15:09:58.020+0400] {dagbag.py:538} INFO - Filling up the DagBag from /Users/harut/opt/anaconda3/lib/python3.9/site-packages/airflow/example_dags/example_branch_day_of_week_operator.py
[2023-01-09T15:09:58.037+0400] {processor.py:753} INFO - DAG(s) dict_keys(['example_weekday_branch_operator']) retrieved from /Users/harut/opt/anaconda3/lib/python3.9/site-packages/airflow/example_dags/example_branch_day_of_week_operator.py
[2023-01-09T15:09:58.407+0400] {logging_mixin.py:137} INFO - [2023-01-09T15:09:58.407+0400] {dag.py:2676} INFO - Sync 1 DAGs
[2023-01-09T15:09:58.417+0400] {logging_mixin.py:137} INFO - [2023-01-09T15:09:58.417+0400] {dag.py:3423} INFO - Setting next_dagrun for example_weekday_branch_operator to 2023-01-08T00:00:00+00:00, run_after=2023-01-09T00:00:00+00:00
[2023-01-09T15:09:58.427+0400] {processor.py:175} INFO - Processing /Users/harut/opt/anaconda3/lib/python3.9/site-packages/airflow/example_dags/example_branch_day_of_week_operator.py took 0.409 seconds
[2023-01-09T15:11:17.682+0400] {processor.py:153} INFO - Started process (PID=14306) to work on /Users/harut/opt/anaconda3/lib/python3.9/site-packages/airflow/example_dags/example_branch_day_of_week_operator.py
[2023-01-09T15:11:17.683+0400] {processor.py:743} INFO - Processing file /Users/harut/opt/anaconda3/lib/python3.9/site-packages/airflow/example_dags/example_branch_day_of_week_operator.py for tasks to queue
[2023-01-09T15:11:17.683+0400] {logging_mixin.py:137} INFO - [2023-01-09T15:11:17.683+0400] {dagbag.py:538} INFO - Filling up the DagBag from /Users/harut/opt/anaconda3/lib/python3.9/site-packages/airflow/example_dags/example_branch_day_of_week_operator.py
[2023-01-09T15:11:17.700+0400] {processor.py:753} INFO - DAG(s) dict_keys(['example_weekday_branch_operator']) retrieved from /Users/harut/opt/anaconda3/lib/python3.9/site-packages/airflow/example_dags/example_branch_day_of_week_operator.py
[2023-01-09T15:11:18.084+0400] {logging_mixin.py:137} INFO - [2023-01-09T15:11:18.084+0400] {dag.py:2676} INFO - Sync 1 DAGs
[2023-01-09T15:11:18.097+0400] {logging_mixin.py:137} INFO - [2023-01-09T15:11:18.097+0400] {dag.py:3423} INFO - Setting next_dagrun for example_weekday_branch_operator to 2023-01-08T00:00:00+00:00, run_after=2023-01-09T00:00:00+00:00
[2023-01-09T15:11:18.108+0400] {processor.py:175} INFO - Processing /Users/harut/opt/anaconda3/lib/python3.9/site-packages/airflow/example_dags/example_branch_day_of_week_operator.py took 0.426 seconds
[2023-01-09T15:12:40.744+0400] {processor.py:153} INFO - Started process (PID=14360) to work on /Users/harut/opt/anaconda3/lib/python3.9/site-packages/airflow/example_dags/example_branch_day_of_week_operator.py
[2023-01-09T15:12:40.744+0400] {processor.py:743} INFO - Processing file /Users/harut/opt/anaconda3/lib/python3.9/site-packages/airflow/example_dags/example_branch_day_of_week_operator.py for tasks to queue
[2023-01-09T15:12:40.745+0400] {logging_mixin.py:137} INFO - [2023-01-09T15:12:40.745+0400] {dagbag.py:538} INFO - Filling up the DagBag from /Users/harut/opt/anaconda3/lib/python3.9/site-packages/airflow/example_dags/example_branch_day_of_week_operator.py
[2023-01-09T15:12:40.763+0400] {processor.py:753} INFO - DAG(s) dict_keys(['example_weekday_branch_operator']) retrieved from /Users/harut/opt/anaconda3/lib/python3.9/site-packages/airflow/example_dags/example_branch_day_of_week_operator.py
[2023-01-09T15:12:41.152+0400] {logging_mixin.py:137} INFO - [2023-01-09T15:12:41.152+0400] {dag.py:2676} INFO - Sync 1 DAGs
[2023-01-09T15:12:41.162+0400] {logging_mixin.py:137} INFO - [2023-01-09T15:12:41.162+0400] {dag.py:3423} INFO - Setting next_dagrun for example_weekday_branch_operator to 2023-01-08T00:00:00+00:00, run_after=2023-01-09T00:00:00+00:00
[2023-01-09T15:12:41.173+0400] {processor.py:175} INFO - Processing /Users/harut/opt/anaconda3/lib/python3.9/site-packages/airflow/example_dags/example_branch_day_of_week_operator.py took 0.430 seconds
[2023-01-09T15:14:03.578+0400] {processor.py:153} INFO - Started process (PID=14413) to work on /Users/harut/opt/anaconda3/lib/python3.9/site-packages/airflow/example_dags/example_branch_day_of_week_operator.py
[2023-01-09T15:14:03.578+0400] {processor.py:743} INFO - Processing file /Users/harut/opt/anaconda3/lib/python3.9/site-packages/airflow/example_dags/example_branch_day_of_week_operator.py for tasks to queue
[2023-01-09T15:14:03.579+0400] {logging_mixin.py:137} INFO - [2023-01-09T15:14:03.579+0400] {dagbag.py:538} INFO - Filling up the DagBag from /Users/harut/opt/anaconda3/lib/python3.9/site-packages/airflow/example_dags/example_branch_day_of_week_operator.py
[2023-01-09T15:14:03.597+0400] {processor.py:753} INFO - DAG(s) dict_keys(['example_weekday_branch_operator']) retrieved from /Users/harut/opt/anaconda3/lib/python3.9/site-packages/airflow/example_dags/example_branch_day_of_week_operator.py
[2023-01-09T15:14:04.035+0400] {logging_mixin.py:137} INFO - [2023-01-09T15:14:04.035+0400] {dag.py:2676} INFO - Sync 1 DAGs
[2023-01-09T15:14:04.046+0400] {logging_mixin.py:137} INFO - [2023-01-09T15:14:04.046+0400] {dag.py:3423} INFO - Setting next_dagrun for example_weekday_branch_operator to 2023-01-08T00:00:00+00:00, run_after=2023-01-09T00:00:00+00:00
[2023-01-09T15:14:04.058+0400] {processor.py:175} INFO - Processing /Users/harut/opt/anaconda3/lib/python3.9/site-packages/airflow/example_dags/example_branch_day_of_week_operator.py took 0.481 seconds
[2023-01-09T15:15:27.767+0400] {processor.py:153} INFO - Started process (PID=14480) to work on /Users/harut/opt/anaconda3/lib/python3.9/site-packages/airflow/example_dags/example_branch_day_of_week_operator.py
[2023-01-09T15:15:27.768+0400] {processor.py:743} INFO - Processing file /Users/harut/opt/anaconda3/lib/python3.9/site-packages/airflow/example_dags/example_branch_day_of_week_operator.py for tasks to queue
[2023-01-09T15:15:27.768+0400] {logging_mixin.py:137} INFO - [2023-01-09T15:15:27.768+0400] {dagbag.py:538} INFO - Filling up the DagBag from /Users/harut/opt/anaconda3/lib/python3.9/site-packages/airflow/example_dags/example_branch_day_of_week_operator.py
[2023-01-09T15:15:27.788+0400] {processor.py:753} INFO - DAG(s) dict_keys(['example_weekday_branch_operator']) retrieved from /Users/harut/opt/anaconda3/lib/python3.9/site-packages/airflow/example_dags/example_branch_day_of_week_operator.py
[2023-01-09T15:15:28.212+0400] {logging_mixin.py:137} INFO - [2023-01-09T15:15:28.212+0400] {dag.py:2676} INFO - Sync 1 DAGs
[2023-01-09T15:15:28.222+0400] {logging_mixin.py:137} INFO - [2023-01-09T15:15:28.222+0400] {dag.py:3423} INFO - Setting next_dagrun for example_weekday_branch_operator to 2023-01-08T00:00:00+00:00, run_after=2023-01-09T00:00:00+00:00
[2023-01-09T15:15:28.233+0400] {processor.py:175} INFO - Processing /Users/harut/opt/anaconda3/lib/python3.9/site-packages/airflow/example_dags/example_branch_day_of_week_operator.py took 0.467 seconds
[2023-01-09T15:16:50.868+0400] {processor.py:153} INFO - Started process (PID=14522) to work on /Users/harut/opt/anaconda3/lib/python3.9/site-packages/airflow/example_dags/example_branch_day_of_week_operator.py
[2023-01-09T15:16:50.869+0400] {processor.py:743} INFO - Processing file /Users/harut/opt/anaconda3/lib/python3.9/site-packages/airflow/example_dags/example_branch_day_of_week_operator.py for tasks to queue
[2023-01-09T15:16:50.869+0400] {logging_mixin.py:137} INFO - [2023-01-09T15:16:50.869+0400] {dagbag.py:538} INFO - Filling up the DagBag from /Users/harut/opt/anaconda3/lib/python3.9/site-packages/airflow/example_dags/example_branch_day_of_week_operator.py
[2023-01-09T15:16:50.888+0400] {processor.py:753} INFO - DAG(s) dict_keys(['example_weekday_branch_operator']) retrieved from /Users/harut/opt/anaconda3/lib/python3.9/site-packages/airflow/example_dags/example_branch_day_of_week_operator.py
[2023-01-09T15:16:51.277+0400] {logging_mixin.py:137} INFO - [2023-01-09T15:16:51.277+0400] {dag.py:2676} INFO - Sync 1 DAGs
[2023-01-09T15:16:51.287+0400] {logging_mixin.py:137} INFO - [2023-01-09T15:16:51.287+0400] {dag.py:3423} INFO - Setting next_dagrun for example_weekday_branch_operator to 2023-01-08T00:00:00+00:00, run_after=2023-01-09T00:00:00+00:00
[2023-01-09T15:16:51.299+0400] {processor.py:175} INFO - Processing /Users/harut/opt/anaconda3/lib/python3.9/site-packages/airflow/example_dags/example_branch_day_of_week_operator.py took 0.431 seconds
[2023-01-09T15:18:13.668+0400] {processor.py:153} INFO - Started process (PID=14570) to work on /Users/harut/opt/anaconda3/lib/python3.9/site-packages/airflow/example_dags/example_branch_day_of_week_operator.py
[2023-01-09T15:18:13.669+0400] {processor.py:743} INFO - Processing file /Users/harut/opt/anaconda3/lib/python3.9/site-packages/airflow/example_dags/example_branch_day_of_week_operator.py for tasks to queue
[2023-01-09T15:18:13.669+0400] {logging_mixin.py:137} INFO - [2023-01-09T15:18:13.669+0400] {dagbag.py:538} INFO - Filling up the DagBag from /Users/harut/opt/anaconda3/lib/python3.9/site-packages/airflow/example_dags/example_branch_day_of_week_operator.py
[2023-01-09T15:18:13.688+0400] {processor.py:753} INFO - DAG(s) dict_keys(['example_weekday_branch_operator']) retrieved from /Users/harut/opt/anaconda3/lib/python3.9/site-packages/airflow/example_dags/example_branch_day_of_week_operator.py
[2023-01-09T15:18:14.073+0400] {logging_mixin.py:137} INFO - [2023-01-09T15:18:14.073+0400] {dag.py:2676} INFO - Sync 1 DAGs
[2023-01-09T15:18:14.083+0400] {logging_mixin.py:137} INFO - [2023-01-09T15:18:14.083+0400] {dag.py:3423} INFO - Setting next_dagrun for example_weekday_branch_operator to 2023-01-08T00:00:00+00:00, run_after=2023-01-09T00:00:00+00:00
[2023-01-09T15:18:14.094+0400] {processor.py:175} INFO - Processing /Users/harut/opt/anaconda3/lib/python3.9/site-packages/airflow/example_dags/example_branch_day_of_week_operator.py took 0.426 seconds
[2023-01-09T15:19:36.833+0400] {processor.py:153} INFO - Started process (PID=14621) to work on /Users/harut/opt/anaconda3/lib/python3.9/site-packages/airflow/example_dags/example_branch_day_of_week_operator.py
[2023-01-09T15:19:36.834+0400] {processor.py:743} INFO - Processing file /Users/harut/opt/anaconda3/lib/python3.9/site-packages/airflow/example_dags/example_branch_day_of_week_operator.py for tasks to queue
[2023-01-09T15:19:36.834+0400] {logging_mixin.py:137} INFO - [2023-01-09T15:19:36.834+0400] {dagbag.py:538} INFO - Filling up the DagBag from /Users/harut/opt/anaconda3/lib/python3.9/site-packages/airflow/example_dags/example_branch_day_of_week_operator.py
[2023-01-09T15:19:36.854+0400] {processor.py:753} INFO - DAG(s) dict_keys(['example_weekday_branch_operator']) retrieved from /Users/harut/opt/anaconda3/lib/python3.9/site-packages/airflow/example_dags/example_branch_day_of_week_operator.py
[2023-01-09T15:19:37.289+0400] {logging_mixin.py:137} INFO - [2023-01-09T15:19:37.289+0400] {dag.py:2676} INFO - Sync 1 DAGs
[2023-01-09T15:19:37.300+0400] {logging_mixin.py:137} INFO - [2023-01-09T15:19:37.299+0400] {dag.py:3423} INFO - Setting next_dagrun for example_weekday_branch_operator to 2023-01-08T00:00:00+00:00, run_after=2023-01-09T00:00:00+00:00
[2023-01-09T15:19:37.312+0400] {processor.py:175} INFO - Processing /Users/harut/opt/anaconda3/lib/python3.9/site-packages/airflow/example_dags/example_branch_day_of_week_operator.py took 0.480 seconds
[2023-01-09T15:21:00.909+0400] {processor.py:153} INFO - Started process (PID=14665) to work on /Users/harut/opt/anaconda3/lib/python3.9/site-packages/airflow/example_dags/example_branch_day_of_week_operator.py
[2023-01-09T15:21:00.910+0400] {processor.py:743} INFO - Processing file /Users/harut/opt/anaconda3/lib/python3.9/site-packages/airflow/example_dags/example_branch_day_of_week_operator.py for tasks to queue
[2023-01-09T15:21:00.910+0400] {logging_mixin.py:137} INFO - [2023-01-09T15:21:00.910+0400] {dagbag.py:538} INFO - Filling up the DagBag from /Users/harut/opt/anaconda3/lib/python3.9/site-packages/airflow/example_dags/example_branch_day_of_week_operator.py
[2023-01-09T15:21:00.929+0400] {processor.py:753} INFO - DAG(s) dict_keys(['example_weekday_branch_operator']) retrieved from /Users/harut/opt/anaconda3/lib/python3.9/site-packages/airflow/example_dags/example_branch_day_of_week_operator.py
[2023-01-09T15:21:01.353+0400] {logging_mixin.py:137} INFO - [2023-01-09T15:21:01.353+0400] {dag.py:2676} INFO - Sync 1 DAGs
[2023-01-09T15:21:01.365+0400] {logging_mixin.py:137} INFO - [2023-01-09T15:21:01.365+0400] {dag.py:3423} INFO - Setting next_dagrun for example_weekday_branch_operator to 2023-01-08T00:00:00+00:00, run_after=2023-01-09T00:00:00+00:00
[2023-01-09T15:21:01.376+0400] {processor.py:175} INFO - Processing /Users/harut/opt/anaconda3/lib/python3.9/site-packages/airflow/example_dags/example_branch_day_of_week_operator.py took 0.468 seconds
[2023-01-09T15:22:24.775+0400] {processor.py:153} INFO - Started process (PID=14725) to work on /Users/harut/opt/anaconda3/lib/python3.9/site-packages/airflow/example_dags/example_branch_day_of_week_operator.py
[2023-01-09T15:22:24.776+0400] {processor.py:743} INFO - Processing file /Users/harut/opt/anaconda3/lib/python3.9/site-packages/airflow/example_dags/example_branch_day_of_week_operator.py for tasks to queue
[2023-01-09T15:22:24.776+0400] {logging_mixin.py:137} INFO - [2023-01-09T15:22:24.776+0400] {dagbag.py:538} INFO - Filling up the DagBag from /Users/harut/opt/anaconda3/lib/python3.9/site-packages/airflow/example_dags/example_branch_day_of_week_operator.py
[2023-01-09T15:22:24.794+0400] {processor.py:753} INFO - DAG(s) dict_keys(['example_weekday_branch_operator']) retrieved from /Users/harut/opt/anaconda3/lib/python3.9/site-packages/airflow/example_dags/example_branch_day_of_week_operator.py
[2023-01-09T15:22:25.193+0400] {logging_mixin.py:137} INFO - [2023-01-09T15:22:25.193+0400] {dag.py:2676} INFO - Sync 1 DAGs
[2023-01-09T15:22:25.203+0400] {logging_mixin.py:137} INFO - [2023-01-09T15:22:25.203+0400] {dag.py:3423} INFO - Setting next_dagrun for example_weekday_branch_operator to 2023-01-08T00:00:00+00:00, run_after=2023-01-09T00:00:00+00:00
[2023-01-09T15:22:25.214+0400] {processor.py:175} INFO - Processing /Users/harut/opt/anaconda3/lib/python3.9/site-packages/airflow/example_dags/example_branch_day_of_week_operator.py took 0.439 seconds
[2023-01-09T15:23:47.564+0400] {processor.py:153} INFO - Started process (PID=14768) to work on /Users/harut/opt/anaconda3/lib/python3.9/site-packages/airflow/example_dags/example_branch_day_of_week_operator.py
[2023-01-09T15:23:47.565+0400] {processor.py:743} INFO - Processing file /Users/harut/opt/anaconda3/lib/python3.9/site-packages/airflow/example_dags/example_branch_day_of_week_operator.py for tasks to queue
[2023-01-09T15:23:47.565+0400] {logging_mixin.py:137} INFO - [2023-01-09T15:23:47.565+0400] {dagbag.py:538} INFO - Filling up the DagBag from /Users/harut/opt/anaconda3/lib/python3.9/site-packages/airflow/example_dags/example_branch_day_of_week_operator.py
[2023-01-09T15:23:47.583+0400] {processor.py:753} INFO - DAG(s) dict_keys(['example_weekday_branch_operator']) retrieved from /Users/harut/opt/anaconda3/lib/python3.9/site-packages/airflow/example_dags/example_branch_day_of_week_operator.py
[2023-01-09T15:23:47.977+0400] {logging_mixin.py:137} INFO - [2023-01-09T15:23:47.977+0400] {dag.py:2676} INFO - Sync 1 DAGs
[2023-01-09T15:23:47.987+0400] {logging_mixin.py:137} INFO - [2023-01-09T15:23:47.986+0400] {dag.py:3423} INFO - Setting next_dagrun for example_weekday_branch_operator to 2023-01-08T00:00:00+00:00, run_after=2023-01-09T00:00:00+00:00
[2023-01-09T15:23:47.997+0400] {processor.py:175} INFO - Processing /Users/harut/opt/anaconda3/lib/python3.9/site-packages/airflow/example_dags/example_branch_day_of_week_operator.py took 0.433 seconds
[2023-01-09T15:25:11.866+0400] {processor.py:153} INFO - Started process (PID=14811) to work on /Users/harut/opt/anaconda3/lib/python3.9/site-packages/airflow/example_dags/example_branch_day_of_week_operator.py
[2023-01-09T15:25:11.867+0400] {processor.py:743} INFO - Processing file /Users/harut/opt/anaconda3/lib/python3.9/site-packages/airflow/example_dags/example_branch_day_of_week_operator.py for tasks to queue
[2023-01-09T15:25:11.867+0400] {logging_mixin.py:137} INFO - [2023-01-09T15:25:11.867+0400] {dagbag.py:538} INFO - Filling up the DagBag from /Users/harut/opt/anaconda3/lib/python3.9/site-packages/airflow/example_dags/example_branch_day_of_week_operator.py
[2023-01-09T15:25:11.887+0400] {processor.py:753} INFO - DAG(s) dict_keys(['example_weekday_branch_operator']) retrieved from /Users/harut/opt/anaconda3/lib/python3.9/site-packages/airflow/example_dags/example_branch_day_of_week_operator.py
[2023-01-09T15:25:12.306+0400] {logging_mixin.py:137} INFO - [2023-01-09T15:25:12.305+0400] {dag.py:2676} INFO - Sync 1 DAGs
[2023-01-09T15:25:12.317+0400] {logging_mixin.py:137} INFO - [2023-01-09T15:25:12.317+0400] {dag.py:3423} INFO - Setting next_dagrun for example_weekday_branch_operator to 2023-01-08T00:00:00+00:00, run_after=2023-01-09T00:00:00+00:00
[2023-01-09T15:25:12.329+0400] {processor.py:175} INFO - Processing /Users/harut/opt/anaconda3/lib/python3.9/site-packages/airflow/example_dags/example_branch_day_of_week_operator.py took 0.463 seconds
[2023-01-09T15:26:35.749+0400] {processor.py:153} INFO - Started process (PID=14858) to work on /Users/harut/opt/anaconda3/lib/python3.9/site-packages/airflow/example_dags/example_branch_day_of_week_operator.py
[2023-01-09T15:26:35.750+0400] {processor.py:743} INFO - Processing file /Users/harut/opt/anaconda3/lib/python3.9/site-packages/airflow/example_dags/example_branch_day_of_week_operator.py for tasks to queue
[2023-01-09T15:26:35.750+0400] {logging_mixin.py:137} INFO - [2023-01-09T15:26:35.750+0400] {dagbag.py:538} INFO - Filling up the DagBag from /Users/harut/opt/anaconda3/lib/python3.9/site-packages/airflow/example_dags/example_branch_day_of_week_operator.py
[2023-01-09T15:26:35.769+0400] {processor.py:753} INFO - DAG(s) dict_keys(['example_weekday_branch_operator']) retrieved from /Users/harut/opt/anaconda3/lib/python3.9/site-packages/airflow/example_dags/example_branch_day_of_week_operator.py
[2023-01-09T15:26:36.184+0400] {logging_mixin.py:137} INFO - [2023-01-09T15:26:36.184+0400] {dag.py:2676} INFO - Sync 1 DAGs
[2023-01-09T15:26:36.194+0400] {logging_mixin.py:137} INFO - [2023-01-09T15:26:36.194+0400] {dag.py:3423} INFO - Setting next_dagrun for example_weekday_branch_operator to 2023-01-08T00:00:00+00:00, run_after=2023-01-09T00:00:00+00:00
[2023-01-09T15:26:36.204+0400] {processor.py:175} INFO - Processing /Users/harut/opt/anaconda3/lib/python3.9/site-packages/airflow/example_dags/example_branch_day_of_week_operator.py took 0.454 seconds
[2023-01-09T15:27:58.153+0400] {processor.py:153} INFO - Started process (PID=14910) to work on /Users/harut/opt/anaconda3/lib/python3.9/site-packages/airflow/example_dags/example_branch_day_of_week_operator.py
[2023-01-09T15:27:58.154+0400] {processor.py:743} INFO - Processing file /Users/harut/opt/anaconda3/lib/python3.9/site-packages/airflow/example_dags/example_branch_day_of_week_operator.py for tasks to queue
[2023-01-09T15:27:58.154+0400] {logging_mixin.py:137} INFO - [2023-01-09T15:27:58.154+0400] {dagbag.py:538} INFO - Filling up the DagBag from /Users/harut/opt/anaconda3/lib/python3.9/site-packages/airflow/example_dags/example_branch_day_of_week_operator.py
[2023-01-09T15:27:58.172+0400] {processor.py:753} INFO - DAG(s) dict_keys(['example_weekday_branch_operator']) retrieved from /Users/harut/opt/anaconda3/lib/python3.9/site-packages/airflow/example_dags/example_branch_day_of_week_operator.py
[2023-01-09T15:27:58.561+0400] {logging_mixin.py:137} INFO - [2023-01-09T15:27:58.561+0400] {dag.py:2676} INFO - Sync 1 DAGs
[2023-01-09T15:27:58.571+0400] {logging_mixin.py:137} INFO - [2023-01-09T15:27:58.571+0400] {dag.py:3423} INFO - Setting next_dagrun for example_weekday_branch_operator to 2023-01-08T00:00:00+00:00, run_after=2023-01-09T00:00:00+00:00
[2023-01-09T15:27:58.581+0400] {processor.py:175} INFO - Processing /Users/harut/opt/anaconda3/lib/python3.9/site-packages/airflow/example_dags/example_branch_day_of_week_operator.py took 0.428 seconds
[2023-01-09T15:29:21.213+0400] {processor.py:153} INFO - Started process (PID=14955) to work on /Users/harut/opt/anaconda3/lib/python3.9/site-packages/airflow/example_dags/example_branch_day_of_week_operator.py
[2023-01-09T15:29:21.214+0400] {processor.py:743} INFO - Processing file /Users/harut/opt/anaconda3/lib/python3.9/site-packages/airflow/example_dags/example_branch_day_of_week_operator.py for tasks to queue
[2023-01-09T15:29:21.214+0400] {logging_mixin.py:137} INFO - [2023-01-09T15:29:21.214+0400] {dagbag.py:538} INFO - Filling up the DagBag from /Users/harut/opt/anaconda3/lib/python3.9/site-packages/airflow/example_dags/example_branch_day_of_week_operator.py
[2023-01-09T15:29:21.231+0400] {processor.py:753} INFO - DAG(s) dict_keys(['example_weekday_branch_operator']) retrieved from /Users/harut/opt/anaconda3/lib/python3.9/site-packages/airflow/example_dags/example_branch_day_of_week_operator.py
[2023-01-09T15:29:21.619+0400] {logging_mixin.py:137} INFO - [2023-01-09T15:29:21.619+0400] {dag.py:2676} INFO - Sync 1 DAGs
[2023-01-09T15:29:21.629+0400] {logging_mixin.py:137} INFO - [2023-01-09T15:29:21.629+0400] {dag.py:3423} INFO - Setting next_dagrun for example_weekday_branch_operator to 2023-01-08T00:00:00+00:00, run_after=2023-01-09T00:00:00+00:00
[2023-01-09T15:29:21.639+0400] {processor.py:175} INFO - Processing /Users/harut/opt/anaconda3/lib/python3.9/site-packages/airflow/example_dags/example_branch_day_of_week_operator.py took 0.426 seconds
[2023-01-09T15:30:42.128+0400] {processor.py:153} INFO - Started process (PID=15001) to work on /Users/harut/opt/anaconda3/lib/python3.9/site-packages/airflow/example_dags/example_branch_day_of_week_operator.py
[2023-01-09T15:30:42.129+0400] {processor.py:743} INFO - Processing file /Users/harut/opt/anaconda3/lib/python3.9/site-packages/airflow/example_dags/example_branch_day_of_week_operator.py for tasks to queue
[2023-01-09T15:30:42.129+0400] {logging_mixin.py:137} INFO - [2023-01-09T15:30:42.129+0400] {dagbag.py:538} INFO - Filling up the DagBag from /Users/harut/opt/anaconda3/lib/python3.9/site-packages/airflow/example_dags/example_branch_day_of_week_operator.py
[2023-01-09T15:30:42.148+0400] {processor.py:753} INFO - DAG(s) dict_keys(['example_weekday_branch_operator']) retrieved from /Users/harut/opt/anaconda3/lib/python3.9/site-packages/airflow/example_dags/example_branch_day_of_week_operator.py
[2023-01-09T15:30:42.563+0400] {logging_mixin.py:137} INFO - [2023-01-09T15:30:42.563+0400] {dag.py:2676} INFO - Sync 1 DAGs
[2023-01-09T15:30:42.574+0400] {logging_mixin.py:137} INFO - [2023-01-09T15:30:42.573+0400] {dag.py:3423} INFO - Setting next_dagrun for example_weekday_branch_operator to 2023-01-08T00:00:00+00:00, run_after=2023-01-09T00:00:00+00:00
[2023-01-09T15:30:42.585+0400] {processor.py:175} INFO - Processing /Users/harut/opt/anaconda3/lib/python3.9/site-packages/airflow/example_dags/example_branch_day_of_week_operator.py took 0.458 seconds
[2023-01-09T15:32:05.142+0400] {processor.py:153} INFO - Started process (PID=15047) to work on /Users/harut/opt/anaconda3/lib/python3.9/site-packages/airflow/example_dags/example_branch_day_of_week_operator.py
[2023-01-09T15:32:05.143+0400] {processor.py:743} INFO - Processing file /Users/harut/opt/anaconda3/lib/python3.9/site-packages/airflow/example_dags/example_branch_day_of_week_operator.py for tasks to queue
[2023-01-09T15:32:05.143+0400] {logging_mixin.py:137} INFO - [2023-01-09T15:32:05.143+0400] {dagbag.py:538} INFO - Filling up the DagBag from /Users/harut/opt/anaconda3/lib/python3.9/site-packages/airflow/example_dags/example_branch_day_of_week_operator.py
[2023-01-09T15:32:05.163+0400] {processor.py:753} INFO - DAG(s) dict_keys(['example_weekday_branch_operator']) retrieved from /Users/harut/opt/anaconda3/lib/python3.9/site-packages/airflow/example_dags/example_branch_day_of_week_operator.py
[2023-01-09T15:32:05.584+0400] {logging_mixin.py:137} INFO - [2023-01-09T15:32:05.584+0400] {dag.py:2676} INFO - Sync 1 DAGs
[2023-01-09T15:32:05.594+0400] {logging_mixin.py:137} INFO - [2023-01-09T15:32:05.594+0400] {dag.py:3423} INFO - Setting next_dagrun for example_weekday_branch_operator to 2023-01-08T00:00:00+00:00, run_after=2023-01-09T00:00:00+00:00
[2023-01-09T15:32:05.605+0400] {processor.py:175} INFO - Processing /Users/harut/opt/anaconda3/lib/python3.9/site-packages/airflow/example_dags/example_branch_day_of_week_operator.py took 0.463 seconds
[2023-01-09T15:33:28.230+0400] {processor.py:153} INFO - Started process (PID=15092) to work on /Users/harut/opt/anaconda3/lib/python3.9/site-packages/airflow/example_dags/example_branch_day_of_week_operator.py
[2023-01-09T15:33:28.231+0400] {processor.py:743} INFO - Processing file /Users/harut/opt/anaconda3/lib/python3.9/site-packages/airflow/example_dags/example_branch_day_of_week_operator.py for tasks to queue
[2023-01-09T15:33:28.231+0400] {logging_mixin.py:137} INFO - [2023-01-09T15:33:28.231+0400] {dagbag.py:538} INFO - Filling up the DagBag from /Users/harut/opt/anaconda3/lib/python3.9/site-packages/airflow/example_dags/example_branch_day_of_week_operator.py
[2023-01-09T15:33:28.249+0400] {processor.py:753} INFO - DAG(s) dict_keys(['example_weekday_branch_operator']) retrieved from /Users/harut/opt/anaconda3/lib/python3.9/site-packages/airflow/example_dags/example_branch_day_of_week_operator.py
[2023-01-09T15:33:28.637+0400] {logging_mixin.py:137} INFO - [2023-01-09T15:33:28.637+0400] {dag.py:2676} INFO - Sync 1 DAGs
[2023-01-09T15:33:28.647+0400] {logging_mixin.py:137} INFO - [2023-01-09T15:33:28.646+0400] {dag.py:3423} INFO - Setting next_dagrun for example_weekday_branch_operator to 2023-01-08T00:00:00+00:00, run_after=2023-01-09T00:00:00+00:00
[2023-01-09T15:33:28.658+0400] {processor.py:175} INFO - Processing /Users/harut/opt/anaconda3/lib/python3.9/site-packages/airflow/example_dags/example_branch_day_of_week_operator.py took 0.428 seconds
[2023-01-09T15:34:52.524+0400] {processor.py:153} INFO - Started process (PID=15139) to work on /Users/harut/opt/anaconda3/lib/python3.9/site-packages/airflow/example_dags/example_branch_day_of_week_operator.py
[2023-01-09T15:34:52.525+0400] {processor.py:743} INFO - Processing file /Users/harut/opt/anaconda3/lib/python3.9/site-packages/airflow/example_dags/example_branch_day_of_week_operator.py for tasks to queue
[2023-01-09T15:34:52.525+0400] {logging_mixin.py:137} INFO - [2023-01-09T15:34:52.525+0400] {dagbag.py:538} INFO - Filling up the DagBag from /Users/harut/opt/anaconda3/lib/python3.9/site-packages/airflow/example_dags/example_branch_day_of_week_operator.py
[2023-01-09T15:34:52.543+0400] {processor.py:753} INFO - DAG(s) dict_keys(['example_weekday_branch_operator']) retrieved from /Users/harut/opt/anaconda3/lib/python3.9/site-packages/airflow/example_dags/example_branch_day_of_week_operator.py
[2023-01-09T15:34:52.982+0400] {logging_mixin.py:137} INFO - [2023-01-09T15:34:52.982+0400] {dag.py:2676} INFO - Sync 1 DAGs
[2023-01-09T15:34:52.993+0400] {logging_mixin.py:137} INFO - [2023-01-09T15:34:52.993+0400] {dag.py:3423} INFO - Setting next_dagrun for example_weekday_branch_operator to 2023-01-08T00:00:00+00:00, run_after=2023-01-09T00:00:00+00:00
[2023-01-09T15:34:53.006+0400] {processor.py:175} INFO - Processing /Users/harut/opt/anaconda3/lib/python3.9/site-packages/airflow/example_dags/example_branch_day_of_week_operator.py took 0.482 seconds
[2023-01-09T15:36:15.571+0400] {processor.py:153} INFO - Started process (PID=15194) to work on /Users/harut/opt/anaconda3/lib/python3.9/site-packages/airflow/example_dags/example_branch_day_of_week_operator.py
[2023-01-09T15:36:15.572+0400] {processor.py:743} INFO - Processing file /Users/harut/opt/anaconda3/lib/python3.9/site-packages/airflow/example_dags/example_branch_day_of_week_operator.py for tasks to queue
[2023-01-09T15:36:15.572+0400] {logging_mixin.py:137} INFO - [2023-01-09T15:36:15.572+0400] {dagbag.py:538} INFO - Filling up the DagBag from /Users/harut/opt/anaconda3/lib/python3.9/site-packages/airflow/example_dags/example_branch_day_of_week_operator.py
[2023-01-09T15:36:15.592+0400] {processor.py:753} INFO - DAG(s) dict_keys(['example_weekday_branch_operator']) retrieved from /Users/harut/opt/anaconda3/lib/python3.9/site-packages/airflow/example_dags/example_branch_day_of_week_operator.py
[2023-01-09T15:36:15.992+0400] {logging_mixin.py:137} INFO - [2023-01-09T15:36:15.992+0400] {dag.py:2676} INFO - Sync 1 DAGs
[2023-01-09T15:36:16.002+0400] {logging_mixin.py:137} INFO - [2023-01-09T15:36:16.002+0400] {dag.py:3423} INFO - Setting next_dagrun for example_weekday_branch_operator to 2023-01-08T00:00:00+00:00, run_after=2023-01-09T00:00:00+00:00
[2023-01-09T15:36:16.014+0400] {processor.py:175} INFO - Processing /Users/harut/opt/anaconda3/lib/python3.9/site-packages/airflow/example_dags/example_branch_day_of_week_operator.py took 0.444 seconds
[2023-01-09T15:37:38.358+0400] {processor.py:153} INFO - Started process (PID=15248) to work on /Users/harut/opt/anaconda3/lib/python3.9/site-packages/airflow/example_dags/example_branch_day_of_week_operator.py
[2023-01-09T15:37:38.359+0400] {processor.py:743} INFO - Processing file /Users/harut/opt/anaconda3/lib/python3.9/site-packages/airflow/example_dags/example_branch_day_of_week_operator.py for tasks to queue
[2023-01-09T15:37:38.359+0400] {logging_mixin.py:137} INFO - [2023-01-09T15:37:38.359+0400] {dagbag.py:538} INFO - Filling up the DagBag from /Users/harut/opt/anaconda3/lib/python3.9/site-packages/airflow/example_dags/example_branch_day_of_week_operator.py
[2023-01-09T15:37:38.377+0400] {processor.py:753} INFO - DAG(s) dict_keys(['example_weekday_branch_operator']) retrieved from /Users/harut/opt/anaconda3/lib/python3.9/site-packages/airflow/example_dags/example_branch_day_of_week_operator.py
[2023-01-09T15:37:38.755+0400] {logging_mixin.py:137} INFO - [2023-01-09T15:37:38.755+0400] {dag.py:2676} INFO - Sync 1 DAGs
[2023-01-09T15:37:38.765+0400] {logging_mixin.py:137} INFO - [2023-01-09T15:37:38.765+0400] {dag.py:3423} INFO - Setting next_dagrun for example_weekday_branch_operator to 2023-01-08T00:00:00+00:00, run_after=2023-01-09T00:00:00+00:00
[2023-01-09T15:37:38.775+0400] {processor.py:175} INFO - Processing /Users/harut/opt/anaconda3/lib/python3.9/site-packages/airflow/example_dags/example_branch_day_of_week_operator.py took 0.417 seconds
[2023-01-09T15:39:00.763+0400] {processor.py:153} INFO - Started process (PID=15290) to work on /Users/harut/opt/anaconda3/lib/python3.9/site-packages/airflow/example_dags/example_branch_day_of_week_operator.py
[2023-01-09T15:39:00.763+0400] {processor.py:743} INFO - Processing file /Users/harut/opt/anaconda3/lib/python3.9/site-packages/airflow/example_dags/example_branch_day_of_week_operator.py for tasks to queue
[2023-01-09T15:39:00.764+0400] {logging_mixin.py:137} INFO - [2023-01-09T15:39:00.763+0400] {dagbag.py:538} INFO - Filling up the DagBag from /Users/harut/opt/anaconda3/lib/python3.9/site-packages/airflow/example_dags/example_branch_day_of_week_operator.py
[2023-01-09T15:39:00.782+0400] {processor.py:753} INFO - DAG(s) dict_keys(['example_weekday_branch_operator']) retrieved from /Users/harut/opt/anaconda3/lib/python3.9/site-packages/airflow/example_dags/example_branch_day_of_week_operator.py
[2023-01-09T15:39:01.158+0400] {logging_mixin.py:137} INFO - [2023-01-09T15:39:01.157+0400] {dag.py:2676} INFO - Sync 1 DAGs
[2023-01-09T15:39:01.167+0400] {logging_mixin.py:137} INFO - [2023-01-09T15:39:01.167+0400] {dag.py:3423} INFO - Setting next_dagrun for example_weekday_branch_operator to 2023-01-08T00:00:00+00:00, run_after=2023-01-09T00:00:00+00:00
[2023-01-09T15:39:01.178+0400] {processor.py:175} INFO - Processing /Users/harut/opt/anaconda3/lib/python3.9/site-packages/airflow/example_dags/example_branch_day_of_week_operator.py took 0.415 seconds
[2023-01-09T15:40:23.201+0400] {processor.py:153} INFO - Started process (PID=15336) to work on /Users/harut/opt/anaconda3/lib/python3.9/site-packages/airflow/example_dags/example_branch_day_of_week_operator.py
[2023-01-09T15:40:23.201+0400] {processor.py:743} INFO - Processing file /Users/harut/opt/anaconda3/lib/python3.9/site-packages/airflow/example_dags/example_branch_day_of_week_operator.py for tasks to queue
[2023-01-09T15:40:23.202+0400] {logging_mixin.py:137} INFO - [2023-01-09T15:40:23.202+0400] {dagbag.py:538} INFO - Filling up the DagBag from /Users/harut/opt/anaconda3/lib/python3.9/site-packages/airflow/example_dags/example_branch_day_of_week_operator.py
[2023-01-09T15:40:23.220+0400] {processor.py:753} INFO - DAG(s) dict_keys(['example_weekday_branch_operator']) retrieved from /Users/harut/opt/anaconda3/lib/python3.9/site-packages/airflow/example_dags/example_branch_day_of_week_operator.py
[2023-01-09T15:40:23.602+0400] {logging_mixin.py:137} INFO - [2023-01-09T15:40:23.602+0400] {dag.py:2676} INFO - Sync 1 DAGs
[2023-01-09T15:40:23.612+0400] {logging_mixin.py:137} INFO - [2023-01-09T15:40:23.612+0400] {dag.py:3423} INFO - Setting next_dagrun for example_weekday_branch_operator to 2023-01-08T00:00:00+00:00, run_after=2023-01-09T00:00:00+00:00
[2023-01-09T15:40:23.624+0400] {processor.py:175} INFO - Processing /Users/harut/opt/anaconda3/lib/python3.9/site-packages/airflow/example_dags/example_branch_day_of_week_operator.py took 0.423 seconds
