[2023-01-09T14:16:36.286+0400] {processor.py:153} INFO - Started process (PID=12379) to work on /Users/harut/opt/anaconda3/lib/python3.9/site-packages/airflow/example_dags/tutorial.py
[2023-01-09T14:16:36.286+0400] {processor.py:743} INFO - Processing file /Users/harut/opt/anaconda3/lib/python3.9/site-packages/airflow/example_dags/tutorial.py for tasks to queue
[2023-01-09T14:16:36.287+0400] {logging_mixin.py:137} INFO - [2023-01-09T14:16:36.287+0400] {dagbag.py:538} INFO - Filling up the DagBag from /Users/harut/opt/anaconda3/lib/python3.9/site-packages/airflow/example_dags/tutorial.py
[2023-01-09T14:16:36.304+0400] {processor.py:753} INFO - DAG(s) dict_keys(['tutorial']) retrieved from /Users/harut/opt/anaconda3/lib/python3.9/site-packages/airflow/example_dags/tutorial.py
[2023-01-09T14:16:36.340+0400] {logging_mixin.py:137} INFO - [2023-01-09T14:16:36.340+0400] {dag.py:2676} INFO - Sync 1 DAGs
[2023-01-09T14:16:36.730+0400] {logging_mixin.py:137} INFO - [2023-01-09T14:16:36.730+0400] {dag.py:3423} INFO - Setting next_dagrun for tutorial to 2023-01-08T10:16:36.729916+00:00, run_after=2023-01-09T10:16:36.729916+00:00
[2023-01-09T14:16:36.740+0400] {processor.py:175} INFO - Processing /Users/harut/opt/anaconda3/lib/python3.9/site-packages/airflow/example_dags/tutorial.py took 0.455 seconds
[2023-01-09T14:17:58.370+0400] {processor.py:153} INFO - Started process (PID=12443) to work on /Users/harut/opt/anaconda3/lib/python3.9/site-packages/airflow/example_dags/tutorial.py
[2023-01-09T14:17:58.371+0400] {processor.py:743} INFO - Processing file /Users/harut/opt/anaconda3/lib/python3.9/site-packages/airflow/example_dags/tutorial.py for tasks to queue
[2023-01-09T14:17:58.371+0400] {logging_mixin.py:137} INFO - [2023-01-09T14:17:58.371+0400] {dagbag.py:538} INFO - Filling up the DagBag from /Users/harut/opt/anaconda3/lib/python3.9/site-packages/airflow/example_dags/tutorial.py
[2023-01-09T14:17:58.387+0400] {processor.py:753} INFO - DAG(s) dict_keys(['tutorial']) retrieved from /Users/harut/opt/anaconda3/lib/python3.9/site-packages/airflow/example_dags/tutorial.py
[2023-01-09T14:17:58.765+0400] {logging_mixin.py:137} INFO - [2023-01-09T14:17:58.765+0400] {dag.py:2676} INFO - Sync 1 DAGs
[2023-01-09T14:17:58.774+0400] {logging_mixin.py:137} INFO - [2023-01-09T14:17:58.774+0400] {dag.py:3423} INFO - Setting next_dagrun for tutorial to 2023-01-08T10:17:58.774348+00:00, run_after=2023-01-09T10:17:58.774348+00:00
[2023-01-09T14:17:58.784+0400] {processor.py:175} INFO - Processing /Users/harut/opt/anaconda3/lib/python3.9/site-packages/airflow/example_dags/tutorial.py took 0.414 seconds
[2023-01-09T14:19:07.258+0400] {processor.py:153} INFO - Started process (PID=12498) to work on /Users/harut/opt/anaconda3/lib/python3.9/site-packages/airflow/example_dags/tutorial.py
[2023-01-09T14:19:07.258+0400] {processor.py:743} INFO - Processing file /Users/harut/opt/anaconda3/lib/python3.9/site-packages/airflow/example_dags/tutorial.py for tasks to queue
[2023-01-09T14:19:07.258+0400] {logging_mixin.py:137} INFO - [2023-01-09T14:19:07.258+0400] {dagbag.py:538} INFO - Filling up the DagBag from /Users/harut/opt/anaconda3/lib/python3.9/site-packages/airflow/example_dags/tutorial.py
[2023-01-09T14:19:07.275+0400] {processor.py:753} INFO - DAG(s) dict_keys(['tutorial']) retrieved from /Users/harut/opt/anaconda3/lib/python3.9/site-packages/airflow/example_dags/tutorial.py
[2023-01-09T14:19:07.683+0400] {logging_mixin.py:137} INFO - [2023-01-09T14:19:07.683+0400] {dag.py:2676} INFO - Sync 1 DAGs
[2023-01-09T14:19:07.693+0400] {logging_mixin.py:137} INFO - [2023-01-09T14:19:07.693+0400] {dag.py:3423} INFO - Setting next_dagrun for tutorial to 2023-01-08T10:19:07.693245+00:00, run_after=2023-01-09T10:19:07.693245+00:00
[2023-01-09T14:19:07.705+0400] {processor.py:175} INFO - Processing /Users/harut/opt/anaconda3/lib/python3.9/site-packages/airflow/example_dags/tutorial.py took 0.448 seconds
[2023-01-09T14:20:21.711+0400] {processor.py:153} INFO - Started process (PID=12536) to work on /Users/harut/opt/anaconda3/lib/python3.9/site-packages/airflow/example_dags/tutorial.py
[2023-01-09T14:20:21.712+0400] {processor.py:743} INFO - Processing file /Users/harut/opt/anaconda3/lib/python3.9/site-packages/airflow/example_dags/tutorial.py for tasks to queue
[2023-01-09T14:20:21.712+0400] {logging_mixin.py:137} INFO - [2023-01-09T14:20:21.712+0400] {dagbag.py:538} INFO - Filling up the DagBag from /Users/harut/opt/anaconda3/lib/python3.9/site-packages/airflow/example_dags/tutorial.py
[2023-01-09T14:20:21.728+0400] {processor.py:753} INFO - DAG(s) dict_keys(['tutorial']) retrieved from /Users/harut/opt/anaconda3/lib/python3.9/site-packages/airflow/example_dags/tutorial.py
[2023-01-09T14:20:22.097+0400] {logging_mixin.py:137} INFO - [2023-01-09T14:20:22.097+0400] {dag.py:2676} INFO - Sync 1 DAGs
[2023-01-09T14:20:22.106+0400] {logging_mixin.py:137} INFO - [2023-01-09T14:20:22.106+0400] {dag.py:3423} INFO - Setting next_dagrun for tutorial to 2023-01-08T10:20:22.106011+00:00, run_after=2023-01-09T10:20:22.106011+00:00
[2023-01-09T14:20:22.116+0400] {processor.py:175} INFO - Processing /Users/harut/opt/anaconda3/lib/python3.9/site-packages/airflow/example_dags/tutorial.py took 0.405 seconds
[2023-01-09T14:21:37.219+0400] {processor.py:153} INFO - Started process (PID=12579) to work on /Users/harut/opt/anaconda3/lib/python3.9/site-packages/airflow/example_dags/tutorial.py
[2023-01-09T14:21:37.219+0400] {processor.py:743} INFO - Processing file /Users/harut/opt/anaconda3/lib/python3.9/site-packages/airflow/example_dags/tutorial.py for tasks to queue
[2023-01-09T14:21:37.220+0400] {logging_mixin.py:137} INFO - [2023-01-09T14:21:37.220+0400] {dagbag.py:538} INFO - Filling up the DagBag from /Users/harut/opt/anaconda3/lib/python3.9/site-packages/airflow/example_dags/tutorial.py
[2023-01-09T14:21:37.236+0400] {processor.py:753} INFO - DAG(s) dict_keys(['tutorial']) retrieved from /Users/harut/opt/anaconda3/lib/python3.9/site-packages/airflow/example_dags/tutorial.py
[2023-01-09T14:21:37.611+0400] {logging_mixin.py:137} INFO - [2023-01-09T14:21:37.611+0400] {dag.py:2676} INFO - Sync 1 DAGs
[2023-01-09T14:21:37.623+0400] {logging_mixin.py:137} INFO - [2023-01-09T14:21:37.622+0400] {dag.py:3423} INFO - Setting next_dagrun for tutorial to 2023-01-08T10:21:37.622823+00:00, run_after=2023-01-09T10:21:37.622823+00:00
[2023-01-09T14:21:37.633+0400] {processor.py:175} INFO - Processing /Users/harut/opt/anaconda3/lib/python3.9/site-packages/airflow/example_dags/tutorial.py took 0.414 seconds
[2023-01-09T14:22:51.763+0400] {processor.py:153} INFO - Started process (PID=12628) to work on /Users/harut/opt/anaconda3/lib/python3.9/site-packages/airflow/example_dags/tutorial.py
[2023-01-09T14:22:51.764+0400] {processor.py:743} INFO - Processing file /Users/harut/opt/anaconda3/lib/python3.9/site-packages/airflow/example_dags/tutorial.py for tasks to queue
[2023-01-09T14:22:51.764+0400] {logging_mixin.py:137} INFO - [2023-01-09T14:22:51.764+0400] {dagbag.py:538} INFO - Filling up the DagBag from /Users/harut/opt/anaconda3/lib/python3.9/site-packages/airflow/example_dags/tutorial.py
[2023-01-09T14:22:51.782+0400] {processor.py:753} INFO - DAG(s) dict_keys(['tutorial']) retrieved from /Users/harut/opt/anaconda3/lib/python3.9/site-packages/airflow/example_dags/tutorial.py
[2023-01-09T14:22:52.169+0400] {logging_mixin.py:137} INFO - [2023-01-09T14:22:52.169+0400] {dag.py:2676} INFO - Sync 1 DAGs
[2023-01-09T14:22:52.178+0400] {logging_mixin.py:137} INFO - [2023-01-09T14:22:52.178+0400] {dag.py:3423} INFO - Setting next_dagrun for tutorial to 2023-01-08T10:22:52.178625+00:00, run_after=2023-01-09T10:22:52.178625+00:00
[2023-01-09T14:22:52.189+0400] {processor.py:175} INFO - Processing /Users/harut/opt/anaconda3/lib/python3.9/site-packages/airflow/example_dags/tutorial.py took 0.426 seconds
[2023-01-09T14:24:12.603+0400] {processor.py:153} INFO - Started process (PID=12673) to work on /Users/harut/opt/anaconda3/lib/python3.9/site-packages/airflow/example_dags/tutorial.py
[2023-01-09T14:24:12.604+0400] {processor.py:743} INFO - Processing file /Users/harut/opt/anaconda3/lib/python3.9/site-packages/airflow/example_dags/tutorial.py for tasks to queue
[2023-01-09T14:24:12.604+0400] {logging_mixin.py:137} INFO - [2023-01-09T14:24:12.604+0400] {dagbag.py:538} INFO - Filling up the DagBag from /Users/harut/opt/anaconda3/lib/python3.9/site-packages/airflow/example_dags/tutorial.py
[2023-01-09T14:24:12.620+0400] {processor.py:753} INFO - DAG(s) dict_keys(['tutorial']) retrieved from /Users/harut/opt/anaconda3/lib/python3.9/site-packages/airflow/example_dags/tutorial.py
[2023-01-09T14:24:12.647+0400] {logging_mixin.py:137} INFO - [2023-01-09T14:24:12.647+0400] {dag.py:2676} INFO - Sync 1 DAGs
[2023-01-09T14:24:12.989+0400] {logging_mixin.py:137} INFO - [2023-01-09T14:24:12.988+0400] {dag.py:3423} INFO - Setting next_dagrun for tutorial to 2023-01-08T10:24:12.988899+00:00, run_after=2023-01-09T10:24:12.988899+00:00
[2023-01-09T14:24:12.998+0400] {processor.py:175} INFO - Processing /Users/harut/opt/anaconda3/lib/python3.9/site-packages/airflow/example_dags/tutorial.py took 0.395 seconds
[2023-01-09T14:25:31.489+0400] {processor.py:153} INFO - Started process (PID=12716) to work on /Users/harut/opt/anaconda3/lib/python3.9/site-packages/airflow/example_dags/tutorial.py
[2023-01-09T14:25:31.490+0400] {processor.py:743} INFO - Processing file /Users/harut/opt/anaconda3/lib/python3.9/site-packages/airflow/example_dags/tutorial.py for tasks to queue
[2023-01-09T14:25:31.490+0400] {logging_mixin.py:137} INFO - [2023-01-09T14:25:31.490+0400] {dagbag.py:538} INFO - Filling up the DagBag from /Users/harut/opt/anaconda3/lib/python3.9/site-packages/airflow/example_dags/tutorial.py
[2023-01-09T14:25:31.509+0400] {processor.py:753} INFO - DAG(s) dict_keys(['tutorial']) retrieved from /Users/harut/opt/anaconda3/lib/python3.9/site-packages/airflow/example_dags/tutorial.py
[2023-01-09T14:25:31.958+0400] {logging_mixin.py:137} INFO - [2023-01-09T14:25:31.958+0400] {dag.py:2676} INFO - Sync 1 DAGs
[2023-01-09T14:25:31.969+0400] {logging_mixin.py:137} INFO - [2023-01-09T14:25:31.969+0400] {dag.py:3423} INFO - Setting next_dagrun for tutorial to 2023-01-08T10:25:31.969056+00:00, run_after=2023-01-09T10:25:31.969056+00:00
[2023-01-09T14:25:31.980+0400] {processor.py:175} INFO - Processing /Users/harut/opt/anaconda3/lib/python3.9/site-packages/airflow/example_dags/tutorial.py took 0.492 seconds
[2023-01-09T14:26:48.047+0400] {processor.py:153} INFO - Started process (PID=12762) to work on /Users/harut/opt/anaconda3/lib/python3.9/site-packages/airflow/example_dags/tutorial.py
[2023-01-09T14:26:48.048+0400] {processor.py:743} INFO - Processing file /Users/harut/opt/anaconda3/lib/python3.9/site-packages/airflow/example_dags/tutorial.py for tasks to queue
[2023-01-09T14:26:48.048+0400] {logging_mixin.py:137} INFO - [2023-01-09T14:26:48.048+0400] {dagbag.py:538} INFO - Filling up the DagBag from /Users/harut/opt/anaconda3/lib/python3.9/site-packages/airflow/example_dags/tutorial.py
[2023-01-09T14:26:48.064+0400] {processor.py:753} INFO - DAG(s) dict_keys(['tutorial']) retrieved from /Users/harut/opt/anaconda3/lib/python3.9/site-packages/airflow/example_dags/tutorial.py
[2023-01-09T14:26:48.429+0400] {logging_mixin.py:137} INFO - [2023-01-09T14:26:48.428+0400] {dag.py:2676} INFO - Sync 1 DAGs
[2023-01-09T14:26:48.438+0400] {logging_mixin.py:137} INFO - [2023-01-09T14:26:48.438+0400] {dag.py:3423} INFO - Setting next_dagrun for tutorial to 2023-01-08T10:26:48.438027+00:00, run_after=2023-01-09T10:26:48.438027+00:00
[2023-01-09T14:26:48.448+0400] {processor.py:175} INFO - Processing /Users/harut/opt/anaconda3/lib/python3.9/site-packages/airflow/example_dags/tutorial.py took 0.401 seconds
[2023-01-09T14:28:05.256+0400] {processor.py:153} INFO - Started process (PID=12805) to work on /Users/harut/opt/anaconda3/lib/python3.9/site-packages/airflow/example_dags/tutorial.py
[2023-01-09T14:28:05.257+0400] {processor.py:743} INFO - Processing file /Users/harut/opt/anaconda3/lib/python3.9/site-packages/airflow/example_dags/tutorial.py for tasks to queue
[2023-01-09T14:28:05.257+0400] {logging_mixin.py:137} INFO - [2023-01-09T14:28:05.257+0400] {dagbag.py:538} INFO - Filling up the DagBag from /Users/harut/opt/anaconda3/lib/python3.9/site-packages/airflow/example_dags/tutorial.py
[2023-01-09T14:28:05.273+0400] {processor.py:753} INFO - DAG(s) dict_keys(['tutorial']) retrieved from /Users/harut/opt/anaconda3/lib/python3.9/site-packages/airflow/example_dags/tutorial.py
[2023-01-09T14:28:05.658+0400] {logging_mixin.py:137} INFO - [2023-01-09T14:28:05.658+0400] {dag.py:2676} INFO - Sync 1 DAGs
[2023-01-09T14:28:05.667+0400] {logging_mixin.py:137} INFO - [2023-01-09T14:28:05.667+0400] {dag.py:3423} INFO - Setting next_dagrun for tutorial to 2023-01-08T10:28:05.667628+00:00, run_after=2023-01-09T10:28:05.667628+00:00
[2023-01-09T14:28:05.677+0400] {processor.py:175} INFO - Processing /Users/harut/opt/anaconda3/lib/python3.9/site-packages/airflow/example_dags/tutorial.py took 0.422 seconds
[2023-01-09T14:29:23.431+0400] {processor.py:153} INFO - Started process (PID=12846) to work on /Users/harut/opt/anaconda3/lib/python3.9/site-packages/airflow/example_dags/tutorial.py
[2023-01-09T14:29:23.432+0400] {processor.py:743} INFO - Processing file /Users/harut/opt/anaconda3/lib/python3.9/site-packages/airflow/example_dags/tutorial.py for tasks to queue
[2023-01-09T14:29:23.432+0400] {logging_mixin.py:137} INFO - [2023-01-09T14:29:23.432+0400] {dagbag.py:538} INFO - Filling up the DagBag from /Users/harut/opt/anaconda3/lib/python3.9/site-packages/airflow/example_dags/tutorial.py
[2023-01-09T14:29:23.449+0400] {processor.py:753} INFO - DAG(s) dict_keys(['tutorial']) retrieved from /Users/harut/opt/anaconda3/lib/python3.9/site-packages/airflow/example_dags/tutorial.py
[2023-01-09T14:29:23.816+0400] {logging_mixin.py:137} INFO - [2023-01-09T14:29:23.816+0400] {dag.py:2676} INFO - Sync 1 DAGs
[2023-01-09T14:29:23.825+0400] {logging_mixin.py:137} INFO - [2023-01-09T14:29:23.825+0400] {dag.py:3423} INFO - Setting next_dagrun for tutorial to 2023-01-08T10:29:23.825190+00:00, run_after=2023-01-09T10:29:23.825190+00:00
[2023-01-09T14:29:23.835+0400] {processor.py:175} INFO - Processing /Users/harut/opt/anaconda3/lib/python3.9/site-packages/airflow/example_dags/tutorial.py took 0.404 seconds
[2023-01-09T14:30:39.153+0400] {processor.py:153} INFO - Started process (PID=12890) to work on /Users/harut/opt/anaconda3/lib/python3.9/site-packages/airflow/example_dags/tutorial.py
[2023-01-09T14:30:39.154+0400] {processor.py:743} INFO - Processing file /Users/harut/opt/anaconda3/lib/python3.9/site-packages/airflow/example_dags/tutorial.py for tasks to queue
[2023-01-09T14:30:39.154+0400] {logging_mixin.py:137} INFO - [2023-01-09T14:30:39.154+0400] {dagbag.py:538} INFO - Filling up the DagBag from /Users/harut/opt/anaconda3/lib/python3.9/site-packages/airflow/example_dags/tutorial.py
[2023-01-09T14:30:39.171+0400] {processor.py:753} INFO - DAG(s) dict_keys(['tutorial']) retrieved from /Users/harut/opt/anaconda3/lib/python3.9/site-packages/airflow/example_dags/tutorial.py
[2023-01-09T14:30:39.538+0400] {logging_mixin.py:137} INFO - [2023-01-09T14:30:39.538+0400] {dag.py:2676} INFO - Sync 1 DAGs
[2023-01-09T14:30:39.547+0400] {logging_mixin.py:137} INFO - [2023-01-09T14:30:39.547+0400] {dag.py:3423} INFO - Setting next_dagrun for tutorial to 2023-01-08T10:30:39.547193+00:00, run_after=2023-01-09T10:30:39.547193+00:00
[2023-01-09T14:30:39.557+0400] {processor.py:175} INFO - Processing /Users/harut/opt/anaconda3/lib/python3.9/site-packages/airflow/example_dags/tutorial.py took 0.405 seconds
[2023-01-09T14:31:53.984+0400] {processor.py:153} INFO - Started process (PID=12935) to work on /Users/harut/opt/anaconda3/lib/python3.9/site-packages/airflow/example_dags/tutorial.py
[2023-01-09T14:31:53.984+0400] {processor.py:743} INFO - Processing file /Users/harut/opt/anaconda3/lib/python3.9/site-packages/airflow/example_dags/tutorial.py for tasks to queue
[2023-01-09T14:31:53.985+0400] {logging_mixin.py:137} INFO - [2023-01-09T14:31:53.985+0400] {dagbag.py:538} INFO - Filling up the DagBag from /Users/harut/opt/anaconda3/lib/python3.9/site-packages/airflow/example_dags/tutorial.py
[2023-01-09T14:31:54.001+0400] {processor.py:753} INFO - DAG(s) dict_keys(['tutorial']) retrieved from /Users/harut/opt/anaconda3/lib/python3.9/site-packages/airflow/example_dags/tutorial.py
[2023-01-09T14:31:54.370+0400] {logging_mixin.py:137} INFO - [2023-01-09T14:31:54.370+0400] {dag.py:2676} INFO - Sync 1 DAGs
[2023-01-09T14:31:54.378+0400] {logging_mixin.py:137} INFO - [2023-01-09T14:31:54.378+0400] {dag.py:3423} INFO - Setting next_dagrun for tutorial to 2023-01-08T10:31:54.378694+00:00, run_after=2023-01-09T10:31:54.378694+00:00
[2023-01-09T14:31:54.388+0400] {processor.py:175} INFO - Processing /Users/harut/opt/anaconda3/lib/python3.9/site-packages/airflow/example_dags/tutorial.py took 0.405 seconds
[2023-01-09T14:33:10.443+0400] {processor.py:153} INFO - Started process (PID=12984) to work on /Users/harut/opt/anaconda3/lib/python3.9/site-packages/airflow/example_dags/tutorial.py
[2023-01-09T14:33:10.447+0400] {processor.py:743} INFO - Processing file /Users/harut/opt/anaconda3/lib/python3.9/site-packages/airflow/example_dags/tutorial.py for tasks to queue
[2023-01-09T14:33:10.447+0400] {logging_mixin.py:137} INFO - [2023-01-09T14:33:10.447+0400] {dagbag.py:538} INFO - Filling up the DagBag from /Users/harut/opt/anaconda3/lib/python3.9/site-packages/airflow/example_dags/tutorial.py
[2023-01-09T14:33:10.464+0400] {processor.py:753} INFO - DAG(s) dict_keys(['tutorial']) retrieved from /Users/harut/opt/anaconda3/lib/python3.9/site-packages/airflow/example_dags/tutorial.py
[2023-01-09T14:33:10.837+0400] {logging_mixin.py:137} INFO - [2023-01-09T14:33:10.837+0400] {dag.py:2676} INFO - Sync 1 DAGs
[2023-01-09T14:33:10.845+0400] {logging_mixin.py:137} INFO - [2023-01-09T14:33:10.845+0400] {dag.py:3423} INFO - Setting next_dagrun for tutorial to 2023-01-08T10:33:10.845785+00:00, run_after=2023-01-09T10:33:10.845785+00:00
[2023-01-09T14:33:10.856+0400] {processor.py:175} INFO - Processing /Users/harut/opt/anaconda3/lib/python3.9/site-packages/airflow/example_dags/tutorial.py took 0.413 seconds
[2023-01-09T14:34:27.715+0400] {processor.py:153} INFO - Started process (PID=13034) to work on /Users/harut/opt/anaconda3/lib/python3.9/site-packages/airflow/example_dags/tutorial.py
[2023-01-09T14:34:27.715+0400] {processor.py:743} INFO - Processing file /Users/harut/opt/anaconda3/lib/python3.9/site-packages/airflow/example_dags/tutorial.py for tasks to queue
[2023-01-09T14:34:27.716+0400] {logging_mixin.py:137} INFO - [2023-01-09T14:34:27.716+0400] {dagbag.py:538} INFO - Filling up the DagBag from /Users/harut/opt/anaconda3/lib/python3.9/site-packages/airflow/example_dags/tutorial.py
[2023-01-09T14:34:27.732+0400] {processor.py:753} INFO - DAG(s) dict_keys(['tutorial']) retrieved from /Users/harut/opt/anaconda3/lib/python3.9/site-packages/airflow/example_dags/tutorial.py
[2023-01-09T14:34:28.097+0400] {logging_mixin.py:137} INFO - [2023-01-09T14:34:28.097+0400] {dag.py:2676} INFO - Sync 1 DAGs
[2023-01-09T14:34:28.106+0400] {logging_mixin.py:137} INFO - [2023-01-09T14:34:28.106+0400] {dag.py:3423} INFO - Setting next_dagrun for tutorial to 2023-01-08T10:34:28.106273+00:00, run_after=2023-01-09T10:34:28.106273+00:00
[2023-01-09T14:34:28.116+0400] {processor.py:175} INFO - Processing /Users/harut/opt/anaconda3/lib/python3.9/site-packages/airflow/example_dags/tutorial.py took 0.401 seconds
[2023-01-09T14:35:46.024+0400] {processor.py:153} INFO - Started process (PID=13081) to work on /Users/harut/opt/anaconda3/lib/python3.9/site-packages/airflow/example_dags/tutorial.py
[2023-01-09T14:35:46.025+0400] {processor.py:743} INFO - Processing file /Users/harut/opt/anaconda3/lib/python3.9/site-packages/airflow/example_dags/tutorial.py for tasks to queue
[2023-01-09T14:35:46.025+0400] {logging_mixin.py:137} INFO - [2023-01-09T14:35:46.025+0400] {dagbag.py:538} INFO - Filling up the DagBag from /Users/harut/opt/anaconda3/lib/python3.9/site-packages/airflow/example_dags/tutorial.py
[2023-01-09T14:35:46.042+0400] {processor.py:753} INFO - DAG(s) dict_keys(['tutorial']) retrieved from /Users/harut/opt/anaconda3/lib/python3.9/site-packages/airflow/example_dags/tutorial.py
[2023-01-09T14:35:46.408+0400] {logging_mixin.py:137} INFO - [2023-01-09T14:35:46.408+0400] {dag.py:2676} INFO - Sync 1 DAGs
[2023-01-09T14:35:46.417+0400] {logging_mixin.py:137} INFO - [2023-01-09T14:35:46.417+0400] {dag.py:3423} INFO - Setting next_dagrun for tutorial to 2023-01-08T10:35:46.417249+00:00, run_after=2023-01-09T10:35:46.417249+00:00
[2023-01-09T14:35:46.427+0400] {processor.py:175} INFO - Processing /Users/harut/opt/anaconda3/lib/python3.9/site-packages/airflow/example_dags/tutorial.py took 0.403 seconds
[2023-01-09T14:37:02.875+0400] {processor.py:153} INFO - Started process (PID=13127) to work on /Users/harut/opt/anaconda3/lib/python3.9/site-packages/airflow/example_dags/tutorial.py
[2023-01-09T14:37:02.875+0400] {processor.py:743} INFO - Processing file /Users/harut/opt/anaconda3/lib/python3.9/site-packages/airflow/example_dags/tutorial.py for tasks to queue
[2023-01-09T14:37:02.876+0400] {logging_mixin.py:137} INFO - [2023-01-09T14:37:02.876+0400] {dagbag.py:538} INFO - Filling up the DagBag from /Users/harut/opt/anaconda3/lib/python3.9/site-packages/airflow/example_dags/tutorial.py
[2023-01-09T14:37:02.891+0400] {processor.py:753} INFO - DAG(s) dict_keys(['tutorial']) retrieved from /Users/harut/opt/anaconda3/lib/python3.9/site-packages/airflow/example_dags/tutorial.py
[2023-01-09T14:37:03.260+0400] {logging_mixin.py:137} INFO - [2023-01-09T14:37:03.260+0400] {dag.py:2676} INFO - Sync 1 DAGs
[2023-01-09T14:37:03.269+0400] {logging_mixin.py:137} INFO - [2023-01-09T14:37:03.269+0400] {dag.py:3423} INFO - Setting next_dagrun for tutorial to 2023-01-08T10:37:03.269192+00:00, run_after=2023-01-09T10:37:03.269192+00:00
[2023-01-09T14:37:03.279+0400] {processor.py:175} INFO - Processing /Users/harut/opt/anaconda3/lib/python3.9/site-packages/airflow/example_dags/tutorial.py took 0.404 seconds
[2023-01-09T14:38:20.217+0400] {processor.py:153} INFO - Started process (PID=13173) to work on /Users/harut/opt/anaconda3/lib/python3.9/site-packages/airflow/example_dags/tutorial.py
[2023-01-09T14:38:20.218+0400] {processor.py:743} INFO - Processing file /Users/harut/opt/anaconda3/lib/python3.9/site-packages/airflow/example_dags/tutorial.py for tasks to queue
[2023-01-09T14:38:20.218+0400] {logging_mixin.py:137} INFO - [2023-01-09T14:38:20.218+0400] {dagbag.py:538} INFO - Filling up the DagBag from /Users/harut/opt/anaconda3/lib/python3.9/site-packages/airflow/example_dags/tutorial.py
[2023-01-09T14:38:20.234+0400] {processor.py:753} INFO - DAG(s) dict_keys(['tutorial']) retrieved from /Users/harut/opt/anaconda3/lib/python3.9/site-packages/airflow/example_dags/tutorial.py
[2023-01-09T14:38:20.624+0400] {logging_mixin.py:137} INFO - [2023-01-09T14:38:20.624+0400] {dag.py:2676} INFO - Sync 1 DAGs
[2023-01-09T14:38:20.634+0400] {logging_mixin.py:137} INFO - [2023-01-09T14:38:20.634+0400] {dag.py:3423} INFO - Setting next_dagrun for tutorial to 2023-01-08T10:38:20.633931+00:00, run_after=2023-01-09T10:38:20.633931+00:00
[2023-01-09T14:38:20.644+0400] {processor.py:175} INFO - Processing /Users/harut/opt/anaconda3/lib/python3.9/site-packages/airflow/example_dags/tutorial.py took 0.427 seconds
[2023-01-09T14:39:36.567+0400] {processor.py:153} INFO - Started process (PID=13214) to work on /Users/harut/opt/anaconda3/lib/python3.9/site-packages/airflow/example_dags/tutorial.py
[2023-01-09T14:39:36.568+0400] {processor.py:743} INFO - Processing file /Users/harut/opt/anaconda3/lib/python3.9/site-packages/airflow/example_dags/tutorial.py for tasks to queue
[2023-01-09T14:39:36.568+0400] {logging_mixin.py:137} INFO - [2023-01-09T14:39:36.568+0400] {dagbag.py:538} INFO - Filling up the DagBag from /Users/harut/opt/anaconda3/lib/python3.9/site-packages/airflow/example_dags/tutorial.py
[2023-01-09T14:39:36.588+0400] {processor.py:753} INFO - DAG(s) dict_keys(['tutorial']) retrieved from /Users/harut/opt/anaconda3/lib/python3.9/site-packages/airflow/example_dags/tutorial.py
[2023-01-09T14:39:36.970+0400] {logging_mixin.py:137} INFO - [2023-01-09T14:39:36.970+0400] {dag.py:2676} INFO - Sync 1 DAGs
[2023-01-09T14:39:36.979+0400] {logging_mixin.py:137} INFO - [2023-01-09T14:39:36.979+0400] {dag.py:3423} INFO - Setting next_dagrun for tutorial to 2023-01-08T10:39:36.979594+00:00, run_after=2023-01-09T10:39:36.979594+00:00
[2023-01-09T14:39:36.989+0400] {processor.py:175} INFO - Processing /Users/harut/opt/anaconda3/lib/python3.9/site-packages/airflow/example_dags/tutorial.py took 0.422 seconds
[2023-01-09T14:40:54.314+0400] {processor.py:153} INFO - Started process (PID=13261) to work on /Users/harut/opt/anaconda3/lib/python3.9/site-packages/airflow/example_dags/tutorial.py
[2023-01-09T14:40:54.314+0400] {processor.py:743} INFO - Processing file /Users/harut/opt/anaconda3/lib/python3.9/site-packages/airflow/example_dags/tutorial.py for tasks to queue
[2023-01-09T14:40:54.315+0400] {logging_mixin.py:137} INFO - [2023-01-09T14:40:54.315+0400] {dagbag.py:538} INFO - Filling up the DagBag from /Users/harut/opt/anaconda3/lib/python3.9/site-packages/airflow/example_dags/tutorial.py
[2023-01-09T14:40:54.332+0400] {processor.py:753} INFO - DAG(s) dict_keys(['tutorial']) retrieved from /Users/harut/opt/anaconda3/lib/python3.9/site-packages/airflow/example_dags/tutorial.py
[2023-01-09T14:40:54.709+0400] {logging_mixin.py:137} INFO - [2023-01-09T14:40:54.709+0400] {dag.py:2676} INFO - Sync 1 DAGs
[2023-01-09T14:40:54.718+0400] {logging_mixin.py:137} INFO - [2023-01-09T14:40:54.718+0400] {dag.py:3423} INFO - Setting next_dagrun for tutorial to 2023-01-08T10:40:54.718265+00:00, run_after=2023-01-09T10:40:54.718265+00:00
[2023-01-09T14:40:54.728+0400] {processor.py:175} INFO - Processing /Users/harut/opt/anaconda3/lib/python3.9/site-packages/airflow/example_dags/tutorial.py took 0.415 seconds
[2023-01-09T14:42:09.086+0400] {processor.py:153} INFO - Started process (PID=13305) to work on /Users/harut/opt/anaconda3/lib/python3.9/site-packages/airflow/example_dags/tutorial.py
[2023-01-09T14:42:09.086+0400] {processor.py:743} INFO - Processing file /Users/harut/opt/anaconda3/lib/python3.9/site-packages/airflow/example_dags/tutorial.py for tasks to queue
[2023-01-09T14:42:09.087+0400] {logging_mixin.py:137} INFO - [2023-01-09T14:42:09.087+0400] {dagbag.py:538} INFO - Filling up the DagBag from /Users/harut/opt/anaconda3/lib/python3.9/site-packages/airflow/example_dags/tutorial.py
[2023-01-09T14:42:09.103+0400] {processor.py:753} INFO - DAG(s) dict_keys(['tutorial']) retrieved from /Users/harut/opt/anaconda3/lib/python3.9/site-packages/airflow/example_dags/tutorial.py
[2023-01-09T14:42:09.470+0400] {logging_mixin.py:137} INFO - [2023-01-09T14:42:09.470+0400] {dag.py:2676} INFO - Sync 1 DAGs
[2023-01-09T14:42:09.479+0400] {logging_mixin.py:137} INFO - [2023-01-09T14:42:09.479+0400] {dag.py:3423} INFO - Setting next_dagrun for tutorial to 2023-01-08T10:42:09.479160+00:00, run_after=2023-01-09T10:42:09.479160+00:00
[2023-01-09T14:42:09.489+0400] {processor.py:175} INFO - Processing /Users/harut/opt/anaconda3/lib/python3.9/site-packages/airflow/example_dags/tutorial.py took 0.403 seconds
[2023-01-09T14:43:25.345+0400] {processor.py:153} INFO - Started process (PID=13349) to work on /Users/harut/opt/anaconda3/lib/python3.9/site-packages/airflow/example_dags/tutorial.py
[2023-01-09T14:43:25.346+0400] {processor.py:743} INFO - Processing file /Users/harut/opt/anaconda3/lib/python3.9/site-packages/airflow/example_dags/tutorial.py for tasks to queue
[2023-01-09T14:43:25.346+0400] {logging_mixin.py:137} INFO - [2023-01-09T14:43:25.346+0400] {dagbag.py:538} INFO - Filling up the DagBag from /Users/harut/opt/anaconda3/lib/python3.9/site-packages/airflow/example_dags/tutorial.py
[2023-01-09T14:43:25.363+0400] {processor.py:753} INFO - DAG(s) dict_keys(['tutorial']) retrieved from /Users/harut/opt/anaconda3/lib/python3.9/site-packages/airflow/example_dags/tutorial.py
[2023-01-09T14:43:25.752+0400] {logging_mixin.py:137} INFO - [2023-01-09T14:43:25.752+0400] {dag.py:2676} INFO - Sync 1 DAGs
[2023-01-09T14:43:25.762+0400] {logging_mixin.py:137} INFO - [2023-01-09T14:43:25.762+0400] {dag.py:3423} INFO - Setting next_dagrun for tutorial to 2023-01-08T10:43:25.762043+00:00, run_after=2023-01-09T10:43:25.762043+00:00
[2023-01-09T14:43:25.772+0400] {processor.py:175} INFO - Processing /Users/harut/opt/anaconda3/lib/python3.9/site-packages/airflow/example_dags/tutorial.py took 0.427 seconds
[2023-01-09T14:44:46.040+0400] {processor.py:153} INFO - Started process (PID=13394) to work on /Users/harut/opt/anaconda3/lib/python3.9/site-packages/airflow/example_dags/tutorial.py
[2023-01-09T14:44:46.041+0400] {processor.py:743} INFO - Processing file /Users/harut/opt/anaconda3/lib/python3.9/site-packages/airflow/example_dags/tutorial.py for tasks to queue
[2023-01-09T14:44:46.041+0400] {logging_mixin.py:137} INFO - [2023-01-09T14:44:46.041+0400] {dagbag.py:538} INFO - Filling up the DagBag from /Users/harut/opt/anaconda3/lib/python3.9/site-packages/airflow/example_dags/tutorial.py
[2023-01-09T14:44:46.057+0400] {processor.py:753} INFO - DAG(s) dict_keys(['tutorial']) retrieved from /Users/harut/opt/anaconda3/lib/python3.9/site-packages/airflow/example_dags/tutorial.py
[2023-01-09T14:44:46.437+0400] {logging_mixin.py:137} INFO - [2023-01-09T14:44:46.437+0400] {dag.py:2676} INFO - Sync 1 DAGs
[2023-01-09T14:44:46.446+0400] {logging_mixin.py:137} INFO - [2023-01-09T14:44:46.446+0400] {dag.py:3423} INFO - Setting next_dagrun for tutorial to 2023-01-08T10:44:46.445995+00:00, run_after=2023-01-09T10:44:46.445995+00:00
[2023-01-09T14:44:46.456+0400] {processor.py:175} INFO - Processing /Users/harut/opt/anaconda3/lib/python3.9/site-packages/airflow/example_dags/tutorial.py took 0.416 seconds
[2023-01-09T14:46:04.184+0400] {processor.py:153} INFO - Started process (PID=13439) to work on /Users/harut/opt/anaconda3/lib/python3.9/site-packages/airflow/example_dags/tutorial.py
[2023-01-09T14:46:04.185+0400] {processor.py:743} INFO - Processing file /Users/harut/opt/anaconda3/lib/python3.9/site-packages/airflow/example_dags/tutorial.py for tasks to queue
[2023-01-09T14:46:04.185+0400] {logging_mixin.py:137} INFO - [2023-01-09T14:46:04.185+0400] {dagbag.py:538} INFO - Filling up the DagBag from /Users/harut/opt/anaconda3/lib/python3.9/site-packages/airflow/example_dags/tutorial.py
[2023-01-09T14:46:04.202+0400] {processor.py:753} INFO - DAG(s) dict_keys(['tutorial']) retrieved from /Users/harut/opt/anaconda3/lib/python3.9/site-packages/airflow/example_dags/tutorial.py
[2023-01-09T14:46:04.604+0400] {logging_mixin.py:137} INFO - [2023-01-09T14:46:04.604+0400] {dag.py:2676} INFO - Sync 1 DAGs
[2023-01-09T14:46:04.613+0400] {logging_mixin.py:137} INFO - [2023-01-09T14:46:04.613+0400] {dag.py:3423} INFO - Setting next_dagrun for tutorial to 2023-01-08T10:46:04.613239+00:00, run_after=2023-01-09T10:46:04.613239+00:00
[2023-01-09T14:46:04.623+0400] {processor.py:175} INFO - Processing /Users/harut/opt/anaconda3/lib/python3.9/site-packages/airflow/example_dags/tutorial.py took 0.440 seconds
[2023-01-09T14:47:23.979+0400] {processor.py:153} INFO - Started process (PID=13493) to work on /Users/harut/opt/anaconda3/lib/python3.9/site-packages/airflow/example_dags/tutorial.py
[2023-01-09T14:47:23.980+0400] {processor.py:743} INFO - Processing file /Users/harut/opt/anaconda3/lib/python3.9/site-packages/airflow/example_dags/tutorial.py for tasks to queue
[2023-01-09T14:47:23.981+0400] {logging_mixin.py:137} INFO - [2023-01-09T14:47:23.981+0400] {dagbag.py:538} INFO - Filling up the DagBag from /Users/harut/opt/anaconda3/lib/python3.9/site-packages/airflow/example_dags/tutorial.py
[2023-01-09T14:47:23.998+0400] {processor.py:753} INFO - DAG(s) dict_keys(['tutorial']) retrieved from /Users/harut/opt/anaconda3/lib/python3.9/site-packages/airflow/example_dags/tutorial.py
[2023-01-09T14:47:24.443+0400] {logging_mixin.py:137} INFO - [2023-01-09T14:47:24.443+0400] {dag.py:2676} INFO - Sync 1 DAGs
[2023-01-09T14:47:24.453+0400] {logging_mixin.py:137} INFO - [2023-01-09T14:47:24.453+0400] {dag.py:3423} INFO - Setting next_dagrun for tutorial to 2023-01-08T10:47:24.453104+00:00, run_after=2023-01-09T10:47:24.453104+00:00
[2023-01-09T14:47:24.466+0400] {processor.py:175} INFO - Processing /Users/harut/opt/anaconda3/lib/python3.9/site-packages/airflow/example_dags/tutorial.py took 0.487 seconds
[2023-01-09T14:48:44.942+0400] {processor.py:153} INFO - Started process (PID=13545) to work on /Users/harut/opt/anaconda3/lib/python3.9/site-packages/airflow/example_dags/tutorial.py
[2023-01-09T14:48:44.942+0400] {processor.py:743} INFO - Processing file /Users/harut/opt/anaconda3/lib/python3.9/site-packages/airflow/example_dags/tutorial.py for tasks to queue
[2023-01-09T14:48:44.942+0400] {logging_mixin.py:137} INFO - [2023-01-09T14:48:44.942+0400] {dagbag.py:538} INFO - Filling up the DagBag from /Users/harut/opt/anaconda3/lib/python3.9/site-packages/airflow/example_dags/tutorial.py
[2023-01-09T14:48:44.960+0400] {processor.py:753} INFO - DAG(s) dict_keys(['tutorial']) retrieved from /Users/harut/opt/anaconda3/lib/python3.9/site-packages/airflow/example_dags/tutorial.py
[2023-01-09T14:48:45.362+0400] {logging_mixin.py:137} INFO - [2023-01-09T14:48:45.362+0400] {dag.py:2676} INFO - Sync 1 DAGs
[2023-01-09T14:48:45.371+0400] {logging_mixin.py:137} INFO - [2023-01-09T14:48:45.371+0400] {dag.py:3423} INFO - Setting next_dagrun for tutorial to 2023-01-08T10:48:45.371291+00:00, run_after=2023-01-09T10:48:45.371291+00:00
[2023-01-09T14:48:45.381+0400] {processor.py:175} INFO - Processing /Users/harut/opt/anaconda3/lib/python3.9/site-packages/airflow/example_dags/tutorial.py took 0.440 seconds
[2023-01-09T14:50:09.043+0400] {processor.py:153} INFO - Started process (PID=13594) to work on /Users/harut/opt/anaconda3/lib/python3.9/site-packages/airflow/example_dags/tutorial.py
[2023-01-09T14:50:09.044+0400] {processor.py:743} INFO - Processing file /Users/harut/opt/anaconda3/lib/python3.9/site-packages/airflow/example_dags/tutorial.py for tasks to queue
[2023-01-09T14:50:09.044+0400] {logging_mixin.py:137} INFO - [2023-01-09T14:50:09.044+0400] {dagbag.py:538} INFO - Filling up the DagBag from /Users/harut/opt/anaconda3/lib/python3.9/site-packages/airflow/example_dags/tutorial.py
[2023-01-09T14:50:09.060+0400] {processor.py:753} INFO - DAG(s) dict_keys(['tutorial']) retrieved from /Users/harut/opt/anaconda3/lib/python3.9/site-packages/airflow/example_dags/tutorial.py
[2023-01-09T14:50:09.442+0400] {logging_mixin.py:137} INFO - [2023-01-09T14:50:09.442+0400] {dag.py:2676} INFO - Sync 1 DAGs
[2023-01-09T14:50:09.451+0400] {logging_mixin.py:137} INFO - [2023-01-09T14:50:09.451+0400] {dag.py:3423} INFO - Setting next_dagrun for tutorial to 2023-01-08T10:50:09.451687+00:00, run_after=2023-01-09T10:50:09.451687+00:00
[2023-01-09T14:50:09.461+0400] {processor.py:175} INFO - Processing /Users/harut/opt/anaconda3/lib/python3.9/site-packages/airflow/example_dags/tutorial.py took 0.419 seconds
[2023-01-09T14:51:28.484+0400] {processor.py:153} INFO - Started process (PID=13644) to work on /Users/harut/opt/anaconda3/lib/python3.9/site-packages/airflow/example_dags/tutorial.py
[2023-01-09T14:51:28.484+0400] {processor.py:743} INFO - Processing file /Users/harut/opt/anaconda3/lib/python3.9/site-packages/airflow/example_dags/tutorial.py for tasks to queue
[2023-01-09T14:51:28.484+0400] {logging_mixin.py:137} INFO - [2023-01-09T14:51:28.484+0400] {dagbag.py:538} INFO - Filling up the DagBag from /Users/harut/opt/anaconda3/lib/python3.9/site-packages/airflow/example_dags/tutorial.py
[2023-01-09T14:51:28.501+0400] {processor.py:753} INFO - DAG(s) dict_keys(['tutorial']) retrieved from /Users/harut/opt/anaconda3/lib/python3.9/site-packages/airflow/example_dags/tutorial.py
[2023-01-09T14:51:28.882+0400] {logging_mixin.py:137} INFO - [2023-01-09T14:51:28.882+0400] {dag.py:2676} INFO - Sync 1 DAGs
[2023-01-09T14:51:28.891+0400] {logging_mixin.py:137} INFO - [2023-01-09T14:51:28.891+0400] {dag.py:3423} INFO - Setting next_dagrun for tutorial to 2023-01-08T10:51:28.891407+00:00, run_after=2023-01-09T10:51:28.891407+00:00
[2023-01-09T14:51:28.901+0400] {processor.py:175} INFO - Processing /Users/harut/opt/anaconda3/lib/python3.9/site-packages/airflow/example_dags/tutorial.py took 0.418 seconds
[2023-01-09T14:52:48.582+0400] {processor.py:153} INFO - Started process (PID=13687) to work on /Users/harut/opt/anaconda3/lib/python3.9/site-packages/airflow/example_dags/tutorial.py
[2023-01-09T14:52:48.583+0400] {processor.py:743} INFO - Processing file /Users/harut/opt/anaconda3/lib/python3.9/site-packages/airflow/example_dags/tutorial.py for tasks to queue
[2023-01-09T14:52:48.583+0400] {logging_mixin.py:137} INFO - [2023-01-09T14:52:48.583+0400] {dagbag.py:538} INFO - Filling up the DagBag from /Users/harut/opt/anaconda3/lib/python3.9/site-packages/airflow/example_dags/tutorial.py
[2023-01-09T14:52:48.600+0400] {processor.py:753} INFO - DAG(s) dict_keys(['tutorial']) retrieved from /Users/harut/opt/anaconda3/lib/python3.9/site-packages/airflow/example_dags/tutorial.py
[2023-01-09T14:52:48.989+0400] {logging_mixin.py:137} INFO - [2023-01-09T14:52:48.989+0400] {dag.py:2676} INFO - Sync 1 DAGs
[2023-01-09T14:52:48.998+0400] {logging_mixin.py:137} INFO - [2023-01-09T14:52:48.998+0400] {dag.py:3423} INFO - Setting next_dagrun for tutorial to 2023-01-08T10:52:48.998248+00:00, run_after=2023-01-09T10:52:48.998248+00:00
[2023-01-09T14:52:49.008+0400] {processor.py:175} INFO - Processing /Users/harut/opt/anaconda3/lib/python3.9/site-packages/airflow/example_dags/tutorial.py took 0.426 seconds
[2023-01-09T14:54:09.411+0400] {processor.py:153} INFO - Started process (PID=13735) to work on /Users/harut/opt/anaconda3/lib/python3.9/site-packages/airflow/example_dags/tutorial.py
[2023-01-09T14:54:09.412+0400] {processor.py:743} INFO - Processing file /Users/harut/opt/anaconda3/lib/python3.9/site-packages/airflow/example_dags/tutorial.py for tasks to queue
[2023-01-09T14:54:09.412+0400] {logging_mixin.py:137} INFO - [2023-01-09T14:54:09.412+0400] {dagbag.py:538} INFO - Filling up the DagBag from /Users/harut/opt/anaconda3/lib/python3.9/site-packages/airflow/example_dags/tutorial.py
[2023-01-09T14:54:09.428+0400] {processor.py:753} INFO - DAG(s) dict_keys(['tutorial']) retrieved from /Users/harut/opt/anaconda3/lib/python3.9/site-packages/airflow/example_dags/tutorial.py
[2023-01-09T14:54:09.802+0400] {logging_mixin.py:137} INFO - [2023-01-09T14:54:09.802+0400] {dag.py:2676} INFO - Sync 1 DAGs
[2023-01-09T14:54:09.811+0400] {logging_mixin.py:137} INFO - [2023-01-09T14:54:09.811+0400] {dag.py:3423} INFO - Setting next_dagrun for tutorial to 2023-01-08T10:54:09.811377+00:00, run_after=2023-01-09T10:54:09.811377+00:00
[2023-01-09T14:54:09.821+0400] {processor.py:175} INFO - Processing /Users/harut/opt/anaconda3/lib/python3.9/site-packages/airflow/example_dags/tutorial.py took 0.410 seconds
[2023-01-09T14:55:31.690+0400] {processor.py:153} INFO - Started process (PID=13779) to work on /Users/harut/opt/anaconda3/lib/python3.9/site-packages/airflow/example_dags/tutorial.py
[2023-01-09T14:55:31.690+0400] {processor.py:743} INFO - Processing file /Users/harut/opt/anaconda3/lib/python3.9/site-packages/airflow/example_dags/tutorial.py for tasks to queue
[2023-01-09T14:55:31.691+0400] {logging_mixin.py:137} INFO - [2023-01-09T14:55:31.691+0400] {dagbag.py:538} INFO - Filling up the DagBag from /Users/harut/opt/anaconda3/lib/python3.9/site-packages/airflow/example_dags/tutorial.py
[2023-01-09T14:55:31.708+0400] {processor.py:753} INFO - DAG(s) dict_keys(['tutorial']) retrieved from /Users/harut/opt/anaconda3/lib/python3.9/site-packages/airflow/example_dags/tutorial.py
[2023-01-09T14:55:32.087+0400] {logging_mixin.py:137} INFO - [2023-01-09T14:55:32.087+0400] {dag.py:2676} INFO - Sync 1 DAGs
[2023-01-09T14:55:32.096+0400] {logging_mixin.py:137} INFO - [2023-01-09T14:55:32.096+0400] {dag.py:3423} INFO - Setting next_dagrun for tutorial to 2023-01-08T10:55:32.096162+00:00, run_after=2023-01-09T10:55:32.096162+00:00
[2023-01-09T14:55:32.106+0400] {processor.py:175} INFO - Processing /Users/harut/opt/anaconda3/lib/python3.9/site-packages/airflow/example_dags/tutorial.py took 0.417 seconds
[2023-01-09T14:56:53.716+0400] {processor.py:153} INFO - Started process (PID=13825) to work on /Users/harut/opt/anaconda3/lib/python3.9/site-packages/airflow/example_dags/tutorial.py
[2023-01-09T14:56:53.717+0400] {processor.py:743} INFO - Processing file /Users/harut/opt/anaconda3/lib/python3.9/site-packages/airflow/example_dags/tutorial.py for tasks to queue
[2023-01-09T14:56:53.717+0400] {logging_mixin.py:137} INFO - [2023-01-09T14:56:53.717+0400] {dagbag.py:538} INFO - Filling up the DagBag from /Users/harut/opt/anaconda3/lib/python3.9/site-packages/airflow/example_dags/tutorial.py
[2023-01-09T14:56:53.733+0400] {processor.py:753} INFO - DAG(s) dict_keys(['tutorial']) retrieved from /Users/harut/opt/anaconda3/lib/python3.9/site-packages/airflow/example_dags/tutorial.py
[2023-01-09T14:56:54.101+0400] {logging_mixin.py:137} INFO - [2023-01-09T14:56:54.101+0400] {dag.py:2676} INFO - Sync 1 DAGs
[2023-01-09T14:56:54.110+0400] {logging_mixin.py:137} INFO - [2023-01-09T14:56:54.110+0400] {dag.py:3423} INFO - Setting next_dagrun for tutorial to 2023-01-08T10:56:54.110200+00:00, run_after=2023-01-09T10:56:54.110200+00:00
[2023-01-09T14:56:54.120+0400] {processor.py:175} INFO - Processing /Users/harut/opt/anaconda3/lib/python3.9/site-packages/airflow/example_dags/tutorial.py took 0.404 seconds
[2023-01-09T14:58:15.453+0400] {processor.py:153} INFO - Started process (PID=13867) to work on /Users/harut/opt/anaconda3/lib/python3.9/site-packages/airflow/example_dags/tutorial.py
[2023-01-09T14:58:15.454+0400] {processor.py:743} INFO - Processing file /Users/harut/opt/anaconda3/lib/python3.9/site-packages/airflow/example_dags/tutorial.py for tasks to queue
[2023-01-09T14:58:15.454+0400] {logging_mixin.py:137} INFO - [2023-01-09T14:58:15.454+0400] {dagbag.py:538} INFO - Filling up the DagBag from /Users/harut/opt/anaconda3/lib/python3.9/site-packages/airflow/example_dags/tutorial.py
[2023-01-09T14:58:15.470+0400] {processor.py:753} INFO - DAG(s) dict_keys(['tutorial']) retrieved from /Users/harut/opt/anaconda3/lib/python3.9/site-packages/airflow/example_dags/tutorial.py
[2023-01-09T14:58:15.844+0400] {logging_mixin.py:137} INFO - [2023-01-09T14:58:15.843+0400] {dag.py:2676} INFO - Sync 1 DAGs
[2023-01-09T14:58:15.852+0400] {logging_mixin.py:137} INFO - [2023-01-09T14:58:15.852+0400] {dag.py:3423} INFO - Setting next_dagrun for tutorial to 2023-01-08T10:58:15.852633+00:00, run_after=2023-01-09T10:58:15.852633+00:00
[2023-01-09T14:58:15.862+0400] {processor.py:175} INFO - Processing /Users/harut/opt/anaconda3/lib/python3.9/site-packages/airflow/example_dags/tutorial.py took 0.409 seconds
[2023-01-09T14:59:35.856+0400] {processor.py:153} INFO - Started process (PID=13913) to work on /Users/harut/opt/anaconda3/lib/python3.9/site-packages/airflow/example_dags/tutorial.py
[2023-01-09T14:59:35.857+0400] {processor.py:743} INFO - Processing file /Users/harut/opt/anaconda3/lib/python3.9/site-packages/airflow/example_dags/tutorial.py for tasks to queue
[2023-01-09T14:59:35.857+0400] {logging_mixin.py:137} INFO - [2023-01-09T14:59:35.857+0400] {dagbag.py:538} INFO - Filling up the DagBag from /Users/harut/opt/anaconda3/lib/python3.9/site-packages/airflow/example_dags/tutorial.py
[2023-01-09T14:59:35.874+0400] {processor.py:753} INFO - DAG(s) dict_keys(['tutorial']) retrieved from /Users/harut/opt/anaconda3/lib/python3.9/site-packages/airflow/example_dags/tutorial.py
[2023-01-09T14:59:36.278+0400] {logging_mixin.py:137} INFO - [2023-01-09T14:59:36.278+0400] {dag.py:2676} INFO - Sync 1 DAGs
[2023-01-09T14:59:36.288+0400] {logging_mixin.py:137} INFO - [2023-01-09T14:59:36.288+0400] {dag.py:3423} INFO - Setting next_dagrun for tutorial to 2023-01-08T10:59:36.288364+00:00, run_after=2023-01-09T10:59:36.288364+00:00
[2023-01-09T14:59:36.299+0400] {processor.py:175} INFO - Processing /Users/harut/opt/anaconda3/lib/python3.9/site-packages/airflow/example_dags/tutorial.py took 0.444 seconds
[2023-01-09T15:00:56.111+0400] {processor.py:153} INFO - Started process (PID=13956) to work on /Users/harut/opt/anaconda3/lib/python3.9/site-packages/airflow/example_dags/tutorial.py
[2023-01-09T15:00:56.112+0400] {processor.py:743} INFO - Processing file /Users/harut/opt/anaconda3/lib/python3.9/site-packages/airflow/example_dags/tutorial.py for tasks to queue
[2023-01-09T15:00:56.112+0400] {logging_mixin.py:137} INFO - [2023-01-09T15:00:56.112+0400] {dagbag.py:538} INFO - Filling up the DagBag from /Users/harut/opt/anaconda3/lib/python3.9/site-packages/airflow/example_dags/tutorial.py
[2023-01-09T15:00:56.128+0400] {processor.py:753} INFO - DAG(s) dict_keys(['tutorial']) retrieved from /Users/harut/opt/anaconda3/lib/python3.9/site-packages/airflow/example_dags/tutorial.py
[2023-01-09T15:00:56.497+0400] {logging_mixin.py:137} INFO - [2023-01-09T15:00:56.496+0400] {dag.py:2676} INFO - Sync 1 DAGs
[2023-01-09T15:00:56.505+0400] {logging_mixin.py:137} INFO - [2023-01-09T15:00:56.505+0400] {dag.py:3423} INFO - Setting next_dagrun for tutorial to 2023-01-08T11:00:56.505591+00:00, run_after=2023-01-09T11:00:56.505591+00:00
[2023-01-09T15:00:56.515+0400] {processor.py:175} INFO - Processing /Users/harut/opt/anaconda3/lib/python3.9/site-packages/airflow/example_dags/tutorial.py took 0.404 seconds
[2023-01-09T15:02:18.577+0400] {processor.py:153} INFO - Started process (PID=14003) to work on /Users/harut/opt/anaconda3/lib/python3.9/site-packages/airflow/example_dags/tutorial.py
[2023-01-09T15:02:18.578+0400] {processor.py:743} INFO - Processing file /Users/harut/opt/anaconda3/lib/python3.9/site-packages/airflow/example_dags/tutorial.py for tasks to queue
[2023-01-09T15:02:18.578+0400] {logging_mixin.py:137} INFO - [2023-01-09T15:02:18.578+0400] {dagbag.py:538} INFO - Filling up the DagBag from /Users/harut/opt/anaconda3/lib/python3.9/site-packages/airflow/example_dags/tutorial.py
[2023-01-09T15:02:18.595+0400] {processor.py:753} INFO - DAG(s) dict_keys(['tutorial']) retrieved from /Users/harut/opt/anaconda3/lib/python3.9/site-packages/airflow/example_dags/tutorial.py
[2023-01-09T15:02:18.995+0400] {logging_mixin.py:137} INFO - [2023-01-09T15:02:18.995+0400] {dag.py:2676} INFO - Sync 1 DAGs
[2023-01-09T15:02:19.005+0400] {logging_mixin.py:137} INFO - [2023-01-09T15:02:19.005+0400] {dag.py:3423} INFO - Setting next_dagrun for tutorial to 2023-01-08T11:02:19.005346+00:00, run_after=2023-01-09T11:02:19.005346+00:00
[2023-01-09T15:02:19.016+0400] {processor.py:175} INFO - Processing /Users/harut/opt/anaconda3/lib/python3.9/site-packages/airflow/example_dags/tutorial.py took 0.439 seconds
[2023-01-09T15:03:40.107+0400] {processor.py:153} INFO - Started process (PID=14052) to work on /Users/harut/opt/anaconda3/lib/python3.9/site-packages/airflow/example_dags/tutorial.py
[2023-01-09T15:03:40.108+0400] {processor.py:743} INFO - Processing file /Users/harut/opt/anaconda3/lib/python3.9/site-packages/airflow/example_dags/tutorial.py for tasks to queue
[2023-01-09T15:03:40.108+0400] {logging_mixin.py:137} INFO - [2023-01-09T15:03:40.108+0400] {dagbag.py:538} INFO - Filling up the DagBag from /Users/harut/opt/anaconda3/lib/python3.9/site-packages/airflow/example_dags/tutorial.py
[2023-01-09T15:03:40.125+0400] {processor.py:753} INFO - DAG(s) dict_keys(['tutorial']) retrieved from /Users/harut/opt/anaconda3/lib/python3.9/site-packages/airflow/example_dags/tutorial.py
[2023-01-09T15:03:40.526+0400] {logging_mixin.py:137} INFO - [2023-01-09T15:03:40.525+0400] {dag.py:2676} INFO - Sync 1 DAGs
[2023-01-09T15:03:40.535+0400] {logging_mixin.py:137} INFO - [2023-01-09T15:03:40.535+0400] {dag.py:3423} INFO - Setting next_dagrun for tutorial to 2023-01-08T11:03:40.535714+00:00, run_after=2023-01-09T11:03:40.535714+00:00
[2023-01-09T15:03:40.547+0400] {processor.py:175} INFO - Processing /Users/harut/opt/anaconda3/lib/python3.9/site-packages/airflow/example_dags/tutorial.py took 0.439 seconds
[2023-01-09T15:04:58.904+0400] {processor.py:153} INFO - Started process (PID=14095) to work on /Users/harut/opt/anaconda3/lib/python3.9/site-packages/airflow/example_dags/tutorial.py
[2023-01-09T15:04:58.905+0400] {processor.py:743} INFO - Processing file /Users/harut/opt/anaconda3/lib/python3.9/site-packages/airflow/example_dags/tutorial.py for tasks to queue
[2023-01-09T15:04:58.905+0400] {logging_mixin.py:137} INFO - [2023-01-09T15:04:58.905+0400] {dagbag.py:538} INFO - Filling up the DagBag from /Users/harut/opt/anaconda3/lib/python3.9/site-packages/airflow/example_dags/tutorial.py
[2023-01-09T15:04:58.922+0400] {processor.py:753} INFO - DAG(s) dict_keys(['tutorial']) retrieved from /Users/harut/opt/anaconda3/lib/python3.9/site-packages/airflow/example_dags/tutorial.py
[2023-01-09T15:04:59.298+0400] {logging_mixin.py:137} INFO - [2023-01-09T15:04:59.298+0400] {dag.py:2676} INFO - Sync 1 DAGs
[2023-01-09T15:04:59.306+0400] {logging_mixin.py:137} INFO - [2023-01-09T15:04:59.306+0400] {dag.py:3423} INFO - Setting next_dagrun for tutorial to 2023-01-08T11:04:59.306803+00:00, run_after=2023-01-09T11:04:59.306803+00:00
[2023-01-09T15:04:59.316+0400] {processor.py:175} INFO - Processing /Users/harut/opt/anaconda3/lib/python3.9/site-packages/airflow/example_dags/tutorial.py took 0.412 seconds
[2023-01-09T15:06:19.735+0400] {processor.py:153} INFO - Started process (PID=14141) to work on /Users/harut/opt/anaconda3/lib/python3.9/site-packages/airflow/example_dags/tutorial.py
[2023-01-09T15:06:19.735+0400] {processor.py:743} INFO - Processing file /Users/harut/opt/anaconda3/lib/python3.9/site-packages/airflow/example_dags/tutorial.py for tasks to queue
[2023-01-09T15:06:19.735+0400] {logging_mixin.py:137} INFO - [2023-01-09T15:06:19.735+0400] {dagbag.py:538} INFO - Filling up the DagBag from /Users/harut/opt/anaconda3/lib/python3.9/site-packages/airflow/example_dags/tutorial.py
[2023-01-09T15:06:19.752+0400] {processor.py:753} INFO - DAG(s) dict_keys(['tutorial']) retrieved from /Users/harut/opt/anaconda3/lib/python3.9/site-packages/airflow/example_dags/tutorial.py
[2023-01-09T15:06:20.127+0400] {logging_mixin.py:137} INFO - [2023-01-09T15:06:20.127+0400] {dag.py:2676} INFO - Sync 1 DAGs
[2023-01-09T15:06:20.135+0400] {logging_mixin.py:137} INFO - [2023-01-09T15:06:20.135+0400] {dag.py:3423} INFO - Setting next_dagrun for tutorial to 2023-01-08T11:06:20.135729+00:00, run_after=2023-01-09T11:06:20.135729+00:00
[2023-01-09T15:06:20.145+0400] {processor.py:175} INFO - Processing /Users/harut/opt/anaconda3/lib/python3.9/site-packages/airflow/example_dags/tutorial.py took 0.411 seconds
[2023-01-09T15:07:38.092+0400] {processor.py:153} INFO - Started process (PID=14182) to work on /Users/harut/opt/anaconda3/lib/python3.9/site-packages/airflow/example_dags/tutorial.py
[2023-01-09T15:07:38.093+0400] {processor.py:743} INFO - Processing file /Users/harut/opt/anaconda3/lib/python3.9/site-packages/airflow/example_dags/tutorial.py for tasks to queue
[2023-01-09T15:07:38.093+0400] {logging_mixin.py:137} INFO - [2023-01-09T15:07:38.093+0400] {dagbag.py:538} INFO - Filling up the DagBag from /Users/harut/opt/anaconda3/lib/python3.9/site-packages/airflow/example_dags/tutorial.py
[2023-01-09T15:07:38.109+0400] {processor.py:753} INFO - DAG(s) dict_keys(['tutorial']) retrieved from /Users/harut/opt/anaconda3/lib/python3.9/site-packages/airflow/example_dags/tutorial.py
[2023-01-09T15:07:38.477+0400] {logging_mixin.py:137} INFO - [2023-01-09T15:07:38.477+0400] {dag.py:2676} INFO - Sync 1 DAGs
[2023-01-09T15:07:38.486+0400] {logging_mixin.py:137} INFO - [2023-01-09T15:07:38.486+0400] {dag.py:3423} INFO - Setting next_dagrun for tutorial to 2023-01-08T11:07:38.486189+00:00, run_after=2023-01-09T11:07:38.486189+00:00
[2023-01-09T15:07:38.496+0400] {processor.py:175} INFO - Processing /Users/harut/opt/anaconda3/lib/python3.9/site-packages/airflow/example_dags/tutorial.py took 0.404 seconds
[2023-01-09T15:08:58.244+0400] {processor.py:153} INFO - Started process (PID=14227) to work on /Users/harut/opt/anaconda3/lib/python3.9/site-packages/airflow/example_dags/tutorial.py
[2023-01-09T15:08:58.245+0400] {processor.py:743} INFO - Processing file /Users/harut/opt/anaconda3/lib/python3.9/site-packages/airflow/example_dags/tutorial.py for tasks to queue
[2023-01-09T15:08:58.245+0400] {logging_mixin.py:137} INFO - [2023-01-09T15:08:58.245+0400] {dagbag.py:538} INFO - Filling up the DagBag from /Users/harut/opt/anaconda3/lib/python3.9/site-packages/airflow/example_dags/tutorial.py
[2023-01-09T15:08:58.261+0400] {processor.py:753} INFO - DAG(s) dict_keys(['tutorial']) retrieved from /Users/harut/opt/anaconda3/lib/python3.9/site-packages/airflow/example_dags/tutorial.py
[2023-01-09T15:08:58.639+0400] {logging_mixin.py:137} INFO - [2023-01-09T15:08:58.639+0400] {dag.py:2676} INFO - Sync 1 DAGs
[2023-01-09T15:08:58.648+0400] {logging_mixin.py:137} INFO - [2023-01-09T15:08:58.648+0400] {dag.py:3423} INFO - Setting next_dagrun for tutorial to 2023-01-08T11:08:58.648140+00:00, run_after=2023-01-09T11:08:58.648140+00:00
[2023-01-09T15:08:58.658+0400] {processor.py:175} INFO - Processing /Users/harut/opt/anaconda3/lib/python3.9/site-packages/airflow/example_dags/tutorial.py took 0.414 seconds
[2023-01-09T15:10:18.135+0400] {processor.py:153} INFO - Started process (PID=14274) to work on /Users/harut/opt/anaconda3/lib/python3.9/site-packages/airflow/example_dags/tutorial.py
[2023-01-09T15:10:18.136+0400] {processor.py:743} INFO - Processing file /Users/harut/opt/anaconda3/lib/python3.9/site-packages/airflow/example_dags/tutorial.py for tasks to queue
[2023-01-09T15:10:18.136+0400] {logging_mixin.py:137} INFO - [2023-01-09T15:10:18.136+0400] {dagbag.py:538} INFO - Filling up the DagBag from /Users/harut/opt/anaconda3/lib/python3.9/site-packages/airflow/example_dags/tutorial.py
[2023-01-09T15:10:18.153+0400] {processor.py:753} INFO - DAG(s) dict_keys(['tutorial']) retrieved from /Users/harut/opt/anaconda3/lib/python3.9/site-packages/airflow/example_dags/tutorial.py
[2023-01-09T15:10:18.538+0400] {logging_mixin.py:137} INFO - [2023-01-09T15:10:18.538+0400] {dag.py:2676} INFO - Sync 1 DAGs
[2023-01-09T15:10:18.547+0400] {logging_mixin.py:137} INFO - [2023-01-09T15:10:18.547+0400] {dag.py:3423} INFO - Setting next_dagrun for tutorial to 2023-01-08T11:10:18.547744+00:00, run_after=2023-01-09T11:10:18.547744+00:00
[2023-01-09T15:10:18.558+0400] {processor.py:175} INFO - Processing /Users/harut/opt/anaconda3/lib/python3.9/site-packages/airflow/example_dags/tutorial.py took 0.423 seconds
[2023-01-09T15:11:39.733+0400] {processor.py:153} INFO - Started process (PID=14323) to work on /Users/harut/opt/anaconda3/lib/python3.9/site-packages/airflow/example_dags/tutorial.py
[2023-01-09T15:11:39.734+0400] {processor.py:743} INFO - Processing file /Users/harut/opt/anaconda3/lib/python3.9/site-packages/airflow/example_dags/tutorial.py for tasks to queue
[2023-01-09T15:11:39.735+0400] {logging_mixin.py:137} INFO - [2023-01-09T15:11:39.734+0400] {dagbag.py:538} INFO - Filling up the DagBag from /Users/harut/opt/anaconda3/lib/python3.9/site-packages/airflow/example_dags/tutorial.py
[2023-01-09T15:11:39.759+0400] {processor.py:753} INFO - DAG(s) dict_keys(['tutorial']) retrieved from /Users/harut/opt/anaconda3/lib/python3.9/site-packages/airflow/example_dags/tutorial.py
[2023-01-09T15:11:40.222+0400] {logging_mixin.py:137} INFO - [2023-01-09T15:11:40.222+0400] {dag.py:2676} INFO - Sync 1 DAGs
[2023-01-09T15:11:40.234+0400] {logging_mixin.py:137} INFO - [2023-01-09T15:11:40.233+0400] {dag.py:3423} INFO - Setting next_dagrun for tutorial to 2023-01-08T11:11:40.233822+00:00, run_after=2023-01-09T11:11:40.233822+00:00
[2023-01-09T15:11:40.248+0400] {processor.py:175} INFO - Processing /Users/harut/opt/anaconda3/lib/python3.9/site-packages/airflow/example_dags/tutorial.py took 0.515 seconds
[2023-01-09T15:13:03.085+0400] {processor.py:153} INFO - Started process (PID=14371) to work on /Users/harut/opt/anaconda3/lib/python3.9/site-packages/airflow/example_dags/tutorial.py
[2023-01-09T15:13:03.086+0400] {processor.py:743} INFO - Processing file /Users/harut/opt/anaconda3/lib/python3.9/site-packages/airflow/example_dags/tutorial.py for tasks to queue
[2023-01-09T15:13:03.086+0400] {logging_mixin.py:137} INFO - [2023-01-09T15:13:03.086+0400] {dagbag.py:538} INFO - Filling up the DagBag from /Users/harut/opt/anaconda3/lib/python3.9/site-packages/airflow/example_dags/tutorial.py
[2023-01-09T15:13:03.104+0400] {processor.py:753} INFO - DAG(s) dict_keys(['tutorial']) retrieved from /Users/harut/opt/anaconda3/lib/python3.9/site-packages/airflow/example_dags/tutorial.py
[2023-01-09T15:13:03.526+0400] {logging_mixin.py:137} INFO - [2023-01-09T15:13:03.526+0400] {dag.py:2676} INFO - Sync 1 DAGs
[2023-01-09T15:13:03.536+0400] {logging_mixin.py:137} INFO - [2023-01-09T15:13:03.536+0400] {dag.py:3423} INFO - Setting next_dagrun for tutorial to 2023-01-08T11:13:03.536187+00:00, run_after=2023-01-09T11:13:03.536187+00:00
[2023-01-09T15:13:03.548+0400] {processor.py:175} INFO - Processing /Users/harut/opt/anaconda3/lib/python3.9/site-packages/airflow/example_dags/tutorial.py took 0.464 seconds
[2023-01-09T15:14:26.135+0400] {processor.py:153} INFO - Started process (PID=14433) to work on /Users/harut/opt/anaconda3/lib/python3.9/site-packages/airflow/example_dags/tutorial.py
[2023-01-09T15:14:26.136+0400] {processor.py:743} INFO - Processing file /Users/harut/opt/anaconda3/lib/python3.9/site-packages/airflow/example_dags/tutorial.py for tasks to queue
[2023-01-09T15:14:26.136+0400] {logging_mixin.py:137} INFO - [2023-01-09T15:14:26.136+0400] {dagbag.py:538} INFO - Filling up the DagBag from /Users/harut/opt/anaconda3/lib/python3.9/site-packages/airflow/example_dags/tutorial.py
[2023-01-09T15:14:26.154+0400] {processor.py:753} INFO - DAG(s) dict_keys(['tutorial']) retrieved from /Users/harut/opt/anaconda3/lib/python3.9/site-packages/airflow/example_dags/tutorial.py
[2023-01-09T15:14:26.578+0400] {logging_mixin.py:137} INFO - [2023-01-09T15:14:26.578+0400] {dag.py:2676} INFO - Sync 1 DAGs
[2023-01-09T15:14:26.589+0400] {logging_mixin.py:137} INFO - [2023-01-09T15:14:26.589+0400] {dag.py:3423} INFO - Setting next_dagrun for tutorial to 2023-01-08T11:14:26.588922+00:00, run_after=2023-01-09T11:14:26.588922+00:00
[2023-01-09T15:14:26.604+0400] {processor.py:175} INFO - Processing /Users/harut/opt/anaconda3/lib/python3.9/site-packages/airflow/example_dags/tutorial.py took 0.470 seconds
[2023-01-09T15:15:49.862+0400] {processor.py:153} INFO - Started process (PID=14491) to work on /Users/harut/opt/anaconda3/lib/python3.9/site-packages/airflow/example_dags/tutorial.py
[2023-01-09T15:15:49.863+0400] {processor.py:743} INFO - Processing file /Users/harut/opt/anaconda3/lib/python3.9/site-packages/airflow/example_dags/tutorial.py for tasks to queue
[2023-01-09T15:15:49.863+0400] {logging_mixin.py:137} INFO - [2023-01-09T15:15:49.863+0400] {dagbag.py:538} INFO - Filling up the DagBag from /Users/harut/opt/anaconda3/lib/python3.9/site-packages/airflow/example_dags/tutorial.py
[2023-01-09T15:15:49.879+0400] {processor.py:753} INFO - DAG(s) dict_keys(['tutorial']) retrieved from /Users/harut/opt/anaconda3/lib/python3.9/site-packages/airflow/example_dags/tutorial.py
[2023-01-09T15:15:50.274+0400] {logging_mixin.py:137} INFO - [2023-01-09T15:15:50.274+0400] {dag.py:2676} INFO - Sync 1 DAGs
[2023-01-09T15:15:50.284+0400] {logging_mixin.py:137} INFO - [2023-01-09T15:15:50.284+0400] {dag.py:3423} INFO - Setting next_dagrun for tutorial to 2023-01-08T11:15:50.283932+00:00, run_after=2023-01-09T11:15:50.283932+00:00
[2023-01-09T15:15:50.294+0400] {processor.py:175} INFO - Processing /Users/harut/opt/anaconda3/lib/python3.9/site-packages/airflow/example_dags/tutorial.py took 0.432 seconds
[2023-01-09T15:17:12.710+0400] {processor.py:153} INFO - Started process (PID=14535) to work on /Users/harut/opt/anaconda3/lib/python3.9/site-packages/airflow/example_dags/tutorial.py
[2023-01-09T15:17:12.711+0400] {processor.py:743} INFO - Processing file /Users/harut/opt/anaconda3/lib/python3.9/site-packages/airflow/example_dags/tutorial.py for tasks to queue
[2023-01-09T15:17:12.711+0400] {logging_mixin.py:137} INFO - [2023-01-09T15:17:12.711+0400] {dagbag.py:538} INFO - Filling up the DagBag from /Users/harut/opt/anaconda3/lib/python3.9/site-packages/airflow/example_dags/tutorial.py
[2023-01-09T15:17:12.728+0400] {processor.py:753} INFO - DAG(s) dict_keys(['tutorial']) retrieved from /Users/harut/opt/anaconda3/lib/python3.9/site-packages/airflow/example_dags/tutorial.py
[2023-01-09T15:17:13.137+0400] {logging_mixin.py:137} INFO - [2023-01-09T15:17:13.136+0400] {dag.py:2676} INFO - Sync 1 DAGs
[2023-01-09T15:17:13.146+0400] {logging_mixin.py:137} INFO - [2023-01-09T15:17:13.146+0400] {dag.py:3423} INFO - Setting next_dagrun for tutorial to 2023-01-08T11:17:13.146123+00:00, run_after=2023-01-09T11:17:13.146123+00:00
[2023-01-09T15:17:13.156+0400] {processor.py:175} INFO - Processing /Users/harut/opt/anaconda3/lib/python3.9/site-packages/airflow/example_dags/tutorial.py took 0.446 seconds
[2023-01-09T15:18:35.550+0400] {processor.py:153} INFO - Started process (PID=14581) to work on /Users/harut/opt/anaconda3/lib/python3.9/site-packages/airflow/example_dags/tutorial.py
[2023-01-09T15:18:35.551+0400] {processor.py:743} INFO - Processing file /Users/harut/opt/anaconda3/lib/python3.9/site-packages/airflow/example_dags/tutorial.py for tasks to queue
[2023-01-09T15:18:35.551+0400] {logging_mixin.py:137} INFO - [2023-01-09T15:18:35.551+0400] {dagbag.py:538} INFO - Filling up the DagBag from /Users/harut/opt/anaconda3/lib/python3.9/site-packages/airflow/example_dags/tutorial.py
[2023-01-09T15:18:35.569+0400] {processor.py:753} INFO - DAG(s) dict_keys(['tutorial']) retrieved from /Users/harut/opt/anaconda3/lib/python3.9/site-packages/airflow/example_dags/tutorial.py
[2023-01-09T15:18:36.053+0400] {logging_mixin.py:137} INFO - [2023-01-09T15:18:36.053+0400] {dag.py:2676} INFO - Sync 1 DAGs
[2023-01-09T15:18:36.065+0400] {logging_mixin.py:137} INFO - [2023-01-09T15:18:36.065+0400] {dag.py:3423} INFO - Setting next_dagrun for tutorial to 2023-01-08T11:18:36.064888+00:00, run_after=2023-01-09T11:18:36.064888+00:00
[2023-01-09T15:18:36.077+0400] {processor.py:175} INFO - Processing /Users/harut/opt/anaconda3/lib/python3.9/site-packages/airflow/example_dags/tutorial.py took 0.527 seconds
[2023-01-09T15:19:58.829+0400] {processor.py:153} INFO - Started process (PID=14633) to work on /Users/harut/opt/anaconda3/lib/python3.9/site-packages/airflow/example_dags/tutorial.py
[2023-01-09T15:19:58.829+0400] {processor.py:743} INFO - Processing file /Users/harut/opt/anaconda3/lib/python3.9/site-packages/airflow/example_dags/tutorial.py for tasks to queue
[2023-01-09T15:19:58.830+0400] {logging_mixin.py:137} INFO - [2023-01-09T15:19:58.830+0400] {dagbag.py:538} INFO - Filling up the DagBag from /Users/harut/opt/anaconda3/lib/python3.9/site-packages/airflow/example_dags/tutorial.py
[2023-01-09T15:19:58.847+0400] {processor.py:753} INFO - DAG(s) dict_keys(['tutorial']) retrieved from /Users/harut/opt/anaconda3/lib/python3.9/site-packages/airflow/example_dags/tutorial.py
[2023-01-09T15:19:59.265+0400] {logging_mixin.py:137} INFO - [2023-01-09T15:19:59.265+0400] {dag.py:2676} INFO - Sync 1 DAGs
[2023-01-09T15:19:59.276+0400] {logging_mixin.py:137} INFO - [2023-01-09T15:19:59.276+0400] {dag.py:3423} INFO - Setting next_dagrun for tutorial to 2023-01-08T11:19:59.275914+00:00, run_after=2023-01-09T11:19:59.275914+00:00
[2023-01-09T15:19:59.287+0400] {processor.py:175} INFO - Processing /Users/harut/opt/anaconda3/lib/python3.9/site-packages/airflow/example_dags/tutorial.py took 0.459 seconds
[2023-01-09T15:21:22.161+0400] {processor.py:153} INFO - Started process (PID=14676) to work on /Users/harut/opt/anaconda3/lib/python3.9/site-packages/airflow/example_dags/tutorial.py
[2023-01-09T15:21:22.162+0400] {processor.py:743} INFO - Processing file /Users/harut/opt/anaconda3/lib/python3.9/site-packages/airflow/example_dags/tutorial.py for tasks to queue
[2023-01-09T15:21:22.162+0400] {logging_mixin.py:137} INFO - [2023-01-09T15:21:22.162+0400] {dagbag.py:538} INFO - Filling up the DagBag from /Users/harut/opt/anaconda3/lib/python3.9/site-packages/airflow/example_dags/tutorial.py
[2023-01-09T15:21:22.181+0400] {processor.py:753} INFO - DAG(s) dict_keys(['tutorial']) retrieved from /Users/harut/opt/anaconda3/lib/python3.9/site-packages/airflow/example_dags/tutorial.py
[2023-01-09T15:21:22.591+0400] {logging_mixin.py:137} INFO - [2023-01-09T15:21:22.591+0400] {dag.py:2676} INFO - Sync 1 DAGs
[2023-01-09T15:21:22.600+0400] {logging_mixin.py:137} INFO - [2023-01-09T15:21:22.600+0400] {dag.py:3423} INFO - Setting next_dagrun for tutorial to 2023-01-08T11:21:22.600796+00:00, run_after=2023-01-09T11:21:22.600796+00:00
[2023-01-09T15:21:22.611+0400] {processor.py:175} INFO - Processing /Users/harut/opt/anaconda3/lib/python3.9/site-packages/airflow/example_dags/tutorial.py took 0.450 seconds
[2023-01-09T15:22:46.735+0400] {processor.py:153} INFO - Started process (PID=14736) to work on /Users/harut/opt/anaconda3/lib/python3.9/site-packages/airflow/example_dags/tutorial.py
[2023-01-09T15:22:46.736+0400] {processor.py:743} INFO - Processing file /Users/harut/opt/anaconda3/lib/python3.9/site-packages/airflow/example_dags/tutorial.py for tasks to queue
[2023-01-09T15:22:46.736+0400] {logging_mixin.py:137} INFO - [2023-01-09T15:22:46.736+0400] {dagbag.py:538} INFO - Filling up the DagBag from /Users/harut/opt/anaconda3/lib/python3.9/site-packages/airflow/example_dags/tutorial.py
[2023-01-09T15:22:46.753+0400] {processor.py:753} INFO - DAG(s) dict_keys(['tutorial']) retrieved from /Users/harut/opt/anaconda3/lib/python3.9/site-packages/airflow/example_dags/tutorial.py
[2023-01-09T15:22:47.153+0400] {logging_mixin.py:137} INFO - [2023-01-09T15:22:47.153+0400] {dag.py:2676} INFO - Sync 1 DAGs
[2023-01-09T15:22:47.163+0400] {logging_mixin.py:137} INFO - [2023-01-09T15:22:47.163+0400] {dag.py:3423} INFO - Setting next_dagrun for tutorial to 2023-01-08T11:22:47.162951+00:00, run_after=2023-01-09T11:22:47.162951+00:00
[2023-01-09T15:22:47.173+0400] {processor.py:175} INFO - Processing /Users/harut/opt/anaconda3/lib/python3.9/site-packages/airflow/example_dags/tutorial.py took 0.438 seconds
[2023-01-09T15:24:09.948+0400] {processor.py:153} INFO - Started process (PID=14781) to work on /Users/harut/opt/anaconda3/lib/python3.9/site-packages/airflow/example_dags/tutorial.py
[2023-01-09T15:24:09.949+0400] {processor.py:743} INFO - Processing file /Users/harut/opt/anaconda3/lib/python3.9/site-packages/airflow/example_dags/tutorial.py for tasks to queue
[2023-01-09T15:24:09.949+0400] {logging_mixin.py:137} INFO - [2023-01-09T15:24:09.949+0400] {dagbag.py:538} INFO - Filling up the DagBag from /Users/harut/opt/anaconda3/lib/python3.9/site-packages/airflow/example_dags/tutorial.py
[2023-01-09T15:24:09.969+0400] {processor.py:753} INFO - DAG(s) dict_keys(['tutorial']) retrieved from /Users/harut/opt/anaconda3/lib/python3.9/site-packages/airflow/example_dags/tutorial.py
[2023-01-09T15:24:10.411+0400] {logging_mixin.py:137} INFO - [2023-01-09T15:24:10.411+0400] {dag.py:2676} INFO - Sync 1 DAGs
[2023-01-09T15:24:10.422+0400] {logging_mixin.py:137} INFO - [2023-01-09T15:24:10.422+0400] {dag.py:3423} INFO - Setting next_dagrun for tutorial to 2023-01-08T11:24:10.422447+00:00, run_after=2023-01-09T11:24:10.422447+00:00
[2023-01-09T15:24:10.434+0400] {processor.py:175} INFO - Processing /Users/harut/opt/anaconda3/lib/python3.9/site-packages/airflow/example_dags/tutorial.py took 0.487 seconds
[2023-01-09T15:25:33.422+0400] {processor.py:153} INFO - Started process (PID=14827) to work on /Users/harut/opt/anaconda3/lib/python3.9/site-packages/airflow/example_dags/tutorial.py
[2023-01-09T15:25:33.423+0400] {processor.py:743} INFO - Processing file /Users/harut/opt/anaconda3/lib/python3.9/site-packages/airflow/example_dags/tutorial.py for tasks to queue
[2023-01-09T15:25:33.423+0400] {logging_mixin.py:137} INFO - [2023-01-09T15:25:33.423+0400] {dagbag.py:538} INFO - Filling up the DagBag from /Users/harut/opt/anaconda3/lib/python3.9/site-packages/airflow/example_dags/tutorial.py
[2023-01-09T15:25:33.440+0400] {processor.py:753} INFO - DAG(s) dict_keys(['tutorial']) retrieved from /Users/harut/opt/anaconda3/lib/python3.9/site-packages/airflow/example_dags/tutorial.py
[2023-01-09T15:25:33.833+0400] {logging_mixin.py:137} INFO - [2023-01-09T15:25:33.833+0400] {dag.py:2676} INFO - Sync 1 DAGs
[2023-01-09T15:25:33.843+0400] {logging_mixin.py:137} INFO - [2023-01-09T15:25:33.843+0400] {dag.py:3423} INFO - Setting next_dagrun for tutorial to 2023-01-08T11:25:33.843526+00:00, run_after=2023-01-09T11:25:33.843526+00:00
[2023-01-09T15:25:33.854+0400] {processor.py:175} INFO - Processing /Users/harut/opt/anaconda3/lib/python3.9/site-packages/airflow/example_dags/tutorial.py took 0.432 seconds
[2023-01-09T15:26:57.209+0400] {processor.py:153} INFO - Started process (PID=14869) to work on /Users/harut/opt/anaconda3/lib/python3.9/site-packages/airflow/example_dags/tutorial.py
[2023-01-09T15:26:57.210+0400] {processor.py:743} INFO - Processing file /Users/harut/opt/anaconda3/lib/python3.9/site-packages/airflow/example_dags/tutorial.py for tasks to queue
[2023-01-09T15:26:57.210+0400] {logging_mixin.py:137} INFO - [2023-01-09T15:26:57.210+0400] {dagbag.py:538} INFO - Filling up the DagBag from /Users/harut/opt/anaconda3/lib/python3.9/site-packages/airflow/example_dags/tutorial.py
[2023-01-09T15:26:57.227+0400] {processor.py:753} INFO - DAG(s) dict_keys(['tutorial']) retrieved from /Users/harut/opt/anaconda3/lib/python3.9/site-packages/airflow/example_dags/tutorial.py
[2023-01-09T15:26:57.613+0400] {logging_mixin.py:137} INFO - [2023-01-09T15:26:57.613+0400] {dag.py:2676} INFO - Sync 1 DAGs
[2023-01-09T15:26:57.622+0400] {logging_mixin.py:137} INFO - [2023-01-09T15:26:57.622+0400] {dag.py:3423} INFO - Setting next_dagrun for tutorial to 2023-01-08T11:26:57.622689+00:00, run_after=2023-01-09T11:26:57.622689+00:00
[2023-01-09T15:26:57.633+0400] {processor.py:175} INFO - Processing /Users/harut/opt/anaconda3/lib/python3.9/site-packages/airflow/example_dags/tutorial.py took 0.424 seconds
[2023-01-09T15:28:20.898+0400] {processor.py:153} INFO - Started process (PID=14922) to work on /Users/harut/opt/anaconda3/lib/python3.9/site-packages/airflow/example_dags/tutorial.py
[2023-01-09T15:28:20.899+0400] {processor.py:743} INFO - Processing file /Users/harut/opt/anaconda3/lib/python3.9/site-packages/airflow/example_dags/tutorial.py for tasks to queue
[2023-01-09T15:28:20.899+0400] {logging_mixin.py:137} INFO - [2023-01-09T15:28:20.899+0400] {dagbag.py:538} INFO - Filling up the DagBag from /Users/harut/opt/anaconda3/lib/python3.9/site-packages/airflow/example_dags/tutorial.py
[2023-01-09T15:28:20.918+0400] {processor.py:753} INFO - DAG(s) dict_keys(['tutorial']) retrieved from /Users/harut/opt/anaconda3/lib/python3.9/site-packages/airflow/example_dags/tutorial.py
[2023-01-09T15:28:21.326+0400] {logging_mixin.py:137} INFO - [2023-01-09T15:28:21.326+0400] {dag.py:2676} INFO - Sync 1 DAGs
[2023-01-09T15:28:21.335+0400] {logging_mixin.py:137} INFO - [2023-01-09T15:28:21.335+0400] {dag.py:3423} INFO - Setting next_dagrun for tutorial to 2023-01-08T11:28:21.335629+00:00, run_after=2023-01-09T11:28:21.335629+00:00
[2023-01-09T15:28:21.346+0400] {processor.py:175} INFO - Processing /Users/harut/opt/anaconda3/lib/python3.9/site-packages/airflow/example_dags/tutorial.py took 0.449 seconds
[2023-01-09T15:29:43.362+0400] {processor.py:153} INFO - Started process (PID=14967) to work on /Users/harut/opt/anaconda3/lib/python3.9/site-packages/airflow/example_dags/tutorial.py
[2023-01-09T15:29:43.362+0400] {processor.py:743} INFO - Processing file /Users/harut/opt/anaconda3/lib/python3.9/site-packages/airflow/example_dags/tutorial.py for tasks to queue
[2023-01-09T15:29:43.363+0400] {logging_mixin.py:137} INFO - [2023-01-09T15:29:43.363+0400] {dagbag.py:538} INFO - Filling up the DagBag from /Users/harut/opt/anaconda3/lib/python3.9/site-packages/airflow/example_dags/tutorial.py
[2023-01-09T15:29:43.381+0400] {processor.py:753} INFO - DAG(s) dict_keys(['tutorial']) retrieved from /Users/harut/opt/anaconda3/lib/python3.9/site-packages/airflow/example_dags/tutorial.py
[2023-01-09T15:29:43.795+0400] {logging_mixin.py:137} INFO - [2023-01-09T15:29:43.795+0400] {dag.py:2676} INFO - Sync 1 DAGs
[2023-01-09T15:29:43.806+0400] {logging_mixin.py:137} INFO - [2023-01-09T15:29:43.805+0400] {dag.py:3423} INFO - Setting next_dagrun for tutorial to 2023-01-08T11:29:43.805789+00:00, run_after=2023-01-09T11:29:43.805789+00:00
[2023-01-09T15:29:43.817+0400] {processor.py:175} INFO - Processing /Users/harut/opt/anaconda3/lib/python3.9/site-packages/airflow/example_dags/tutorial.py took 0.456 seconds
[2023-01-09T15:31:04.719+0400] {processor.py:153} INFO - Started process (PID=15014) to work on /Users/harut/opt/anaconda3/lib/python3.9/site-packages/airflow/example_dags/tutorial.py
[2023-01-09T15:31:04.719+0400] {processor.py:743} INFO - Processing file /Users/harut/opt/anaconda3/lib/python3.9/site-packages/airflow/example_dags/tutorial.py for tasks to queue
[2023-01-09T15:31:04.720+0400] {logging_mixin.py:137} INFO - [2023-01-09T15:31:04.720+0400] {dagbag.py:538} INFO - Filling up the DagBag from /Users/harut/opt/anaconda3/lib/python3.9/site-packages/airflow/example_dags/tutorial.py
[2023-01-09T15:31:04.737+0400] {processor.py:753} INFO - DAG(s) dict_keys(['tutorial']) retrieved from /Users/harut/opt/anaconda3/lib/python3.9/site-packages/airflow/example_dags/tutorial.py
[2023-01-09T15:31:05.133+0400] {logging_mixin.py:137} INFO - [2023-01-09T15:31:05.133+0400] {dag.py:2676} INFO - Sync 1 DAGs
[2023-01-09T15:31:05.142+0400] {logging_mixin.py:137} INFO - [2023-01-09T15:31:05.142+0400] {dag.py:3423} INFO - Setting next_dagrun for tutorial to 2023-01-08T11:31:05.142469+00:00, run_after=2023-01-09T11:31:05.142469+00:00
[2023-01-09T15:31:05.153+0400] {processor.py:175} INFO - Processing /Users/harut/opt/anaconda3/lib/python3.9/site-packages/airflow/example_dags/tutorial.py took 0.434 seconds
[2023-01-09T15:32:26.874+0400] {processor.py:153} INFO - Started process (PID=15059) to work on /Users/harut/opt/anaconda3/lib/python3.9/site-packages/airflow/example_dags/tutorial.py
[2023-01-09T15:32:26.874+0400] {processor.py:743} INFO - Processing file /Users/harut/opt/anaconda3/lib/python3.9/site-packages/airflow/example_dags/tutorial.py for tasks to queue
[2023-01-09T15:32:26.875+0400] {logging_mixin.py:137} INFO - [2023-01-09T15:32:26.875+0400] {dagbag.py:538} INFO - Filling up the DagBag from /Users/harut/opt/anaconda3/lib/python3.9/site-packages/airflow/example_dags/tutorial.py
[2023-01-09T15:32:26.891+0400] {processor.py:753} INFO - DAG(s) dict_keys(['tutorial']) retrieved from /Users/harut/opt/anaconda3/lib/python3.9/site-packages/airflow/example_dags/tutorial.py
[2023-01-09T15:32:27.282+0400] {logging_mixin.py:137} INFO - [2023-01-09T15:32:27.282+0400] {dag.py:2676} INFO - Sync 1 DAGs
[2023-01-09T15:32:27.291+0400] {logging_mixin.py:137} INFO - [2023-01-09T15:32:27.291+0400] {dag.py:3423} INFO - Setting next_dagrun for tutorial to 2023-01-08T11:32:27.291504+00:00, run_after=2023-01-09T11:32:27.291504+00:00
[2023-01-09T15:32:27.302+0400] {processor.py:175} INFO - Processing /Users/harut/opt/anaconda3/lib/python3.9/site-packages/airflow/example_dags/tutorial.py took 0.428 seconds
[2023-01-09T15:33:50.818+0400] {processor.py:153} INFO - Started process (PID=15105) to work on /Users/harut/opt/anaconda3/lib/python3.9/site-packages/airflow/example_dags/tutorial.py
[2023-01-09T15:33:50.819+0400] {processor.py:743} INFO - Processing file /Users/harut/opt/anaconda3/lib/python3.9/site-packages/airflow/example_dags/tutorial.py for tasks to queue
[2023-01-09T15:33:50.819+0400] {logging_mixin.py:137} INFO - [2023-01-09T15:33:50.819+0400] {dagbag.py:538} INFO - Filling up the DagBag from /Users/harut/opt/anaconda3/lib/python3.9/site-packages/airflow/example_dags/tutorial.py
[2023-01-09T15:33:50.837+0400] {processor.py:753} INFO - DAG(s) dict_keys(['tutorial']) retrieved from /Users/harut/opt/anaconda3/lib/python3.9/site-packages/airflow/example_dags/tutorial.py
[2023-01-09T15:33:51.251+0400] {logging_mixin.py:137} INFO - [2023-01-09T15:33:51.250+0400] {dag.py:2676} INFO - Sync 1 DAGs
[2023-01-09T15:33:51.262+0400] {logging_mixin.py:137} INFO - [2023-01-09T15:33:51.262+0400] {dag.py:3423} INFO - Setting next_dagrun for tutorial to 2023-01-08T11:33:51.262364+00:00, run_after=2023-01-09T11:33:51.262364+00:00
[2023-01-09T15:33:51.275+0400] {processor.py:175} INFO - Processing /Users/harut/opt/anaconda3/lib/python3.9/site-packages/airflow/example_dags/tutorial.py took 0.458 seconds
[2023-01-09T15:35:14.642+0400] {processor.py:153} INFO - Started process (PID=15152) to work on /Users/harut/opt/anaconda3/lib/python3.9/site-packages/airflow/example_dags/tutorial.py
[2023-01-09T15:35:14.642+0400] {processor.py:743} INFO - Processing file /Users/harut/opt/anaconda3/lib/python3.9/site-packages/airflow/example_dags/tutorial.py for tasks to queue
[2023-01-09T15:35:14.643+0400] {logging_mixin.py:137} INFO - [2023-01-09T15:35:14.643+0400] {dagbag.py:538} INFO - Filling up the DagBag from /Users/harut/opt/anaconda3/lib/python3.9/site-packages/airflow/example_dags/tutorial.py
[2023-01-09T15:35:14.661+0400] {processor.py:753} INFO - DAG(s) dict_keys(['tutorial']) retrieved from /Users/harut/opt/anaconda3/lib/python3.9/site-packages/airflow/example_dags/tutorial.py
[2023-01-09T15:35:15.086+0400] {logging_mixin.py:137} INFO - [2023-01-09T15:35:15.086+0400] {dag.py:2676} INFO - Sync 1 DAGs
[2023-01-09T15:35:15.097+0400] {logging_mixin.py:137} INFO - [2023-01-09T15:35:15.097+0400] {dag.py:3423} INFO - Setting next_dagrun for tutorial to 2023-01-08T11:35:15.097411+00:00, run_after=2023-01-09T11:35:15.097411+00:00
[2023-01-09T15:35:15.108+0400] {processor.py:175} INFO - Processing /Users/harut/opt/anaconda3/lib/python3.9/site-packages/airflow/example_dags/tutorial.py took 0.467 seconds
[2023-01-09T15:36:37.398+0400] {processor.py:153} INFO - Started process (PID=15216) to work on /Users/harut/opt/anaconda3/lib/python3.9/site-packages/airflow/example_dags/tutorial.py
[2023-01-09T15:36:37.399+0400] {processor.py:743} INFO - Processing file /Users/harut/opt/anaconda3/lib/python3.9/site-packages/airflow/example_dags/tutorial.py for tasks to queue
[2023-01-09T15:36:37.399+0400] {logging_mixin.py:137} INFO - [2023-01-09T15:36:37.399+0400] {dagbag.py:538} INFO - Filling up the DagBag from /Users/harut/opt/anaconda3/lib/python3.9/site-packages/airflow/example_dags/tutorial.py
[2023-01-09T15:36:37.417+0400] {processor.py:753} INFO - DAG(s) dict_keys(['tutorial']) retrieved from /Users/harut/opt/anaconda3/lib/python3.9/site-packages/airflow/example_dags/tutorial.py
[2023-01-09T15:36:37.838+0400] {logging_mixin.py:137} INFO - [2023-01-09T15:36:37.838+0400] {dag.py:2676} INFO - Sync 1 DAGs
[2023-01-09T15:36:37.849+0400] {logging_mixin.py:137} INFO - [2023-01-09T15:36:37.848+0400] {dag.py:3423} INFO - Setting next_dagrun for tutorial to 2023-01-08T11:36:37.848848+00:00, run_after=2023-01-09T11:36:37.848848+00:00
[2023-01-09T15:36:37.860+0400] {processor.py:175} INFO - Processing /Users/harut/opt/anaconda3/lib/python3.9/site-packages/airflow/example_dags/tutorial.py took 0.463 seconds
[2023-01-09T15:38:00.376+0400] {processor.py:153} INFO - Started process (PID=15259) to work on /Users/harut/opt/anaconda3/lib/python3.9/site-packages/airflow/example_dags/tutorial.py
[2023-01-09T15:38:00.376+0400] {processor.py:743} INFO - Processing file /Users/harut/opt/anaconda3/lib/python3.9/site-packages/airflow/example_dags/tutorial.py for tasks to queue
[2023-01-09T15:38:00.377+0400] {logging_mixin.py:137} INFO - [2023-01-09T15:38:00.377+0400] {dagbag.py:538} INFO - Filling up the DagBag from /Users/harut/opt/anaconda3/lib/python3.9/site-packages/airflow/example_dags/tutorial.py
[2023-01-09T15:38:00.393+0400] {processor.py:753} INFO - DAG(s) dict_keys(['tutorial']) retrieved from /Users/harut/opt/anaconda3/lib/python3.9/site-packages/airflow/example_dags/tutorial.py
[2023-01-09T15:38:00.763+0400] {logging_mixin.py:137} INFO - [2023-01-09T15:38:00.763+0400] {dag.py:2676} INFO - Sync 1 DAGs
[2023-01-09T15:38:00.773+0400] {logging_mixin.py:137} INFO - [2023-01-09T15:38:00.773+0400] {dag.py:3423} INFO - Setting next_dagrun for tutorial to 2023-01-08T11:38:00.772996+00:00, run_after=2023-01-09T11:38:00.772996+00:00
[2023-01-09T15:38:00.783+0400] {processor.py:175} INFO - Processing /Users/harut/opt/anaconda3/lib/python3.9/site-packages/airflow/example_dags/tutorial.py took 0.407 seconds
[2023-01-09T15:39:22.129+0400] {processor.py:153} INFO - Started process (PID=15303) to work on /Users/harut/opt/anaconda3/lib/python3.9/site-packages/airflow/example_dags/tutorial.py
[2023-01-09T15:39:22.132+0400] {processor.py:743} INFO - Processing file /Users/harut/opt/anaconda3/lib/python3.9/site-packages/airflow/example_dags/tutorial.py for tasks to queue
[2023-01-09T15:39:22.133+0400] {logging_mixin.py:137} INFO - [2023-01-09T15:39:22.133+0400] {dagbag.py:538} INFO - Filling up the DagBag from /Users/harut/opt/anaconda3/lib/python3.9/site-packages/airflow/example_dags/tutorial.py
[2023-01-09T15:39:22.151+0400] {processor.py:753} INFO - DAG(s) dict_keys(['tutorial']) retrieved from /Users/harut/opt/anaconda3/lib/python3.9/site-packages/airflow/example_dags/tutorial.py
[2023-01-09T15:39:22.560+0400] {logging_mixin.py:137} INFO - [2023-01-09T15:39:22.560+0400] {dag.py:2676} INFO - Sync 1 DAGs
[2023-01-09T15:39:22.570+0400] {logging_mixin.py:137} INFO - [2023-01-09T15:39:22.570+0400] {dag.py:3423} INFO - Setting next_dagrun for tutorial to 2023-01-08T11:39:22.570168+00:00, run_after=2023-01-09T11:39:22.570168+00:00
[2023-01-09T15:39:22.582+0400] {processor.py:175} INFO - Processing /Users/harut/opt/anaconda3/lib/python3.9/site-packages/airflow/example_dags/tutorial.py took 0.454 seconds
[2023-01-09T15:40:43.271+0400] {processor.py:153} INFO - Started process (PID=15355) to work on /Users/harut/opt/anaconda3/lib/python3.9/site-packages/airflow/example_dags/tutorial.py
[2023-01-09T15:40:43.272+0400] {processor.py:743} INFO - Processing file /Users/harut/opt/anaconda3/lib/python3.9/site-packages/airflow/example_dags/tutorial.py for tasks to queue
[2023-01-09T15:40:43.272+0400] {logging_mixin.py:137} INFO - [2023-01-09T15:40:43.272+0400] {dagbag.py:538} INFO - Filling up the DagBag from /Users/harut/opt/anaconda3/lib/python3.9/site-packages/airflow/example_dags/tutorial.py
[2023-01-09T15:40:43.288+0400] {processor.py:753} INFO - DAG(s) dict_keys(['tutorial']) retrieved from /Users/harut/opt/anaconda3/lib/python3.9/site-packages/airflow/example_dags/tutorial.py
[2023-01-09T15:40:43.669+0400] {logging_mixin.py:137} INFO - [2023-01-09T15:40:43.669+0400] {dag.py:2676} INFO - Sync 1 DAGs
[2023-01-09T15:40:43.678+0400] {logging_mixin.py:137} INFO - [2023-01-09T15:40:43.678+0400] {dag.py:3423} INFO - Setting next_dagrun for tutorial to 2023-01-08T11:40:43.678712+00:00, run_after=2023-01-09T11:40:43.678712+00:00
[2023-01-09T15:40:43.689+0400] {processor.py:175} INFO - Processing /Users/harut/opt/anaconda3/lib/python3.9/site-packages/airflow/example_dags/tutorial.py took 0.418 seconds
