[2023-01-09T14:16:32.263+0400] {processor.py:153} INFO - Started process (PID=12375) to work on /Users/harut/opt/anaconda3/lib/python3.9/site-packages/airflow/example_dags/tutorial_taskflow_api.py
[2023-01-09T14:16:32.263+0400] {processor.py:743} INFO - Processing file /Users/harut/opt/anaconda3/lib/python3.9/site-packages/airflow/example_dags/tutorial_taskflow_api.py for tasks to queue
[2023-01-09T14:16:32.264+0400] {logging_mixin.py:137} INFO - [2023-01-09T14:16:32.264+0400] {dagbag.py:538} INFO - Filling up the DagBag from /Users/harut/opt/anaconda3/lib/python3.9/site-packages/airflow/example_dags/tutorial_taskflow_api.py
[2023-01-09T14:16:32.294+0400] {processor.py:753} INFO - DAG(s) dict_keys(['tutorial_taskflow_api']) retrieved from /Users/harut/opt/anaconda3/lib/python3.9/site-packages/airflow/example_dags/tutorial_taskflow_api.py
[2023-01-09T14:16:32.341+0400] {logging_mixin.py:137} INFO - [2023-01-09T14:16:32.341+0400] {dag.py:2676} INFO - Sync 1 DAGs
[2023-01-09T14:16:32.688+0400] {logging_mixin.py:137} INFO - [2023-01-09T14:16:32.688+0400] {dag.py:3423} INFO - Setting next_dagrun for tutorial_taskflow_api to None, run_after=None
[2023-01-09T14:16:32.699+0400] {processor.py:175} INFO - Processing /Users/harut/opt/anaconda3/lib/python3.9/site-packages/airflow/example_dags/tutorial_taskflow_api.py took 0.436 seconds
[2023-01-09T14:17:54.207+0400] {processor.py:153} INFO - Started process (PID=12441) to work on /Users/harut/opt/anaconda3/lib/python3.9/site-packages/airflow/example_dags/tutorial_taskflow_api.py
[2023-01-09T14:17:54.208+0400] {processor.py:743} INFO - Processing file /Users/harut/opt/anaconda3/lib/python3.9/site-packages/airflow/example_dags/tutorial_taskflow_api.py for tasks to queue
[2023-01-09T14:17:54.208+0400] {logging_mixin.py:137} INFO - [2023-01-09T14:17:54.208+0400] {dagbag.py:538} INFO - Filling up the DagBag from /Users/harut/opt/anaconda3/lib/python3.9/site-packages/airflow/example_dags/tutorial_taskflow_api.py
[2023-01-09T14:17:54.239+0400] {processor.py:753} INFO - DAG(s) dict_keys(['tutorial_taskflow_api']) retrieved from /Users/harut/opt/anaconda3/lib/python3.9/site-packages/airflow/example_dags/tutorial_taskflow_api.py
[2023-01-09T14:17:54.606+0400] {logging_mixin.py:137} INFO - [2023-01-09T14:17:54.606+0400] {dag.py:2676} INFO - Sync 1 DAGs
[2023-01-09T14:17:54.615+0400] {logging_mixin.py:137} INFO - [2023-01-09T14:17:54.615+0400] {dag.py:3423} INFO - Setting next_dagrun for tutorial_taskflow_api to None, run_after=None
[2023-01-09T14:17:54.625+0400] {processor.py:175} INFO - Processing /Users/harut/opt/anaconda3/lib/python3.9/site-packages/airflow/example_dags/tutorial_taskflow_api.py took 0.418 seconds
[2023-01-09T14:18:57.333+0400] {processor.py:153} INFO - Started process (PID=12493) to work on /Users/harut/opt/anaconda3/lib/python3.9/site-packages/airflow/example_dags/tutorial_taskflow_api.py
[2023-01-09T14:18:57.333+0400] {processor.py:743} INFO - Processing file /Users/harut/opt/anaconda3/lib/python3.9/site-packages/airflow/example_dags/tutorial_taskflow_api.py for tasks to queue
[2023-01-09T14:18:57.334+0400] {logging_mixin.py:137} INFO - [2023-01-09T14:18:57.334+0400] {dagbag.py:538} INFO - Filling up the DagBag from /Users/harut/opt/anaconda3/lib/python3.9/site-packages/airflow/example_dags/tutorial_taskflow_api.py
[2023-01-09T14:18:57.364+0400] {processor.py:753} INFO - DAG(s) dict_keys(['tutorial_taskflow_api']) retrieved from /Users/harut/opt/anaconda3/lib/python3.9/site-packages/airflow/example_dags/tutorial_taskflow_api.py
[2023-01-09T14:18:57.752+0400] {logging_mixin.py:137} INFO - [2023-01-09T14:18:57.752+0400] {dag.py:2676} INFO - Sync 1 DAGs
[2023-01-09T14:18:57.761+0400] {logging_mixin.py:137} INFO - [2023-01-09T14:18:57.761+0400] {dag.py:3423} INFO - Setting next_dagrun for tutorial_taskflow_api to None, run_after=None
[2023-01-09T14:18:57.770+0400] {processor.py:175} INFO - Processing /Users/harut/opt/anaconda3/lib/python3.9/site-packages/airflow/example_dags/tutorial_taskflow_api.py took 0.438 seconds
[2023-01-09T14:20:17.809+0400] {processor.py:153} INFO - Started process (PID=12534) to work on /Users/harut/opt/anaconda3/lib/python3.9/site-packages/airflow/example_dags/tutorial_taskflow_api.py
[2023-01-09T14:20:17.810+0400] {processor.py:743} INFO - Processing file /Users/harut/opt/anaconda3/lib/python3.9/site-packages/airflow/example_dags/tutorial_taskflow_api.py for tasks to queue
[2023-01-09T14:20:17.810+0400] {logging_mixin.py:137} INFO - [2023-01-09T14:20:17.810+0400] {dagbag.py:538} INFO - Filling up the DagBag from /Users/harut/opt/anaconda3/lib/python3.9/site-packages/airflow/example_dags/tutorial_taskflow_api.py
[2023-01-09T14:20:17.849+0400] {processor.py:753} INFO - DAG(s) dict_keys(['tutorial_taskflow_api']) retrieved from /Users/harut/opt/anaconda3/lib/python3.9/site-packages/airflow/example_dags/tutorial_taskflow_api.py
[2023-01-09T14:20:18.262+0400] {logging_mixin.py:137} INFO - [2023-01-09T14:20:18.262+0400] {dag.py:2676} INFO - Sync 1 DAGs
[2023-01-09T14:20:18.273+0400] {logging_mixin.py:137} INFO - [2023-01-09T14:20:18.273+0400] {dag.py:3423} INFO - Setting next_dagrun for tutorial_taskflow_api to None, run_after=None
[2023-01-09T14:20:18.283+0400] {processor.py:175} INFO - Processing /Users/harut/opt/anaconda3/lib/python3.9/site-packages/airflow/example_dags/tutorial_taskflow_api.py took 0.474 seconds
[2023-01-09T14:21:33.898+0400] {processor.py:153} INFO - Started process (PID=12575) to work on /Users/harut/opt/anaconda3/lib/python3.9/site-packages/airflow/example_dags/tutorial_taskflow_api.py
[2023-01-09T14:21:33.899+0400] {processor.py:743} INFO - Processing file /Users/harut/opt/anaconda3/lib/python3.9/site-packages/airflow/example_dags/tutorial_taskflow_api.py for tasks to queue
[2023-01-09T14:21:33.899+0400] {logging_mixin.py:137} INFO - [2023-01-09T14:21:33.899+0400] {dagbag.py:538} INFO - Filling up the DagBag from /Users/harut/opt/anaconda3/lib/python3.9/site-packages/airflow/example_dags/tutorial_taskflow_api.py
[2023-01-09T14:21:33.928+0400] {processor.py:753} INFO - DAG(s) dict_keys(['tutorial_taskflow_api']) retrieved from /Users/harut/opt/anaconda3/lib/python3.9/site-packages/airflow/example_dags/tutorial_taskflow_api.py
[2023-01-09T14:21:34.286+0400] {logging_mixin.py:137} INFO - [2023-01-09T14:21:34.286+0400] {dag.py:2676} INFO - Sync 1 DAGs
[2023-01-09T14:21:34.295+0400] {logging_mixin.py:137} INFO - [2023-01-09T14:21:34.295+0400] {dag.py:3423} INFO - Setting next_dagrun for tutorial_taskflow_api to None, run_after=None
[2023-01-09T14:21:34.305+0400] {processor.py:175} INFO - Processing /Users/harut/opt/anaconda3/lib/python3.9/site-packages/airflow/example_dags/tutorial_taskflow_api.py took 0.407 seconds
[2023-01-09T14:22:48.256+0400] {processor.py:153} INFO - Started process (PID=12626) to work on /Users/harut/opt/anaconda3/lib/python3.9/site-packages/airflow/example_dags/tutorial_taskflow_api.py
[2023-01-09T14:22:48.256+0400] {processor.py:743} INFO - Processing file /Users/harut/opt/anaconda3/lib/python3.9/site-packages/airflow/example_dags/tutorial_taskflow_api.py for tasks to queue
[2023-01-09T14:22:48.257+0400] {logging_mixin.py:137} INFO - [2023-01-09T14:22:48.256+0400] {dagbag.py:538} INFO - Filling up the DagBag from /Users/harut/opt/anaconda3/lib/python3.9/site-packages/airflow/example_dags/tutorial_taskflow_api.py
[2023-01-09T14:22:48.285+0400] {processor.py:753} INFO - DAG(s) dict_keys(['tutorial_taskflow_api']) retrieved from /Users/harut/opt/anaconda3/lib/python3.9/site-packages/airflow/example_dags/tutorial_taskflow_api.py
[2023-01-09T14:22:48.655+0400] {logging_mixin.py:137} INFO - [2023-01-09T14:22:48.655+0400] {dag.py:2676} INFO - Sync 1 DAGs
[2023-01-09T14:22:48.665+0400] {logging_mixin.py:137} INFO - [2023-01-09T14:22:48.665+0400] {dag.py:3423} INFO - Setting next_dagrun for tutorial_taskflow_api to None, run_after=None
[2023-01-09T14:22:48.674+0400] {processor.py:175} INFO - Processing /Users/harut/opt/anaconda3/lib/python3.9/site-packages/airflow/example_dags/tutorial_taskflow_api.py took 0.419 seconds
[2023-01-09T14:24:08.392+0400] {processor.py:153} INFO - Started process (PID=12671) to work on /Users/harut/opt/anaconda3/lib/python3.9/site-packages/airflow/example_dags/tutorial_taskflow_api.py
[2023-01-09T14:24:08.393+0400] {processor.py:743} INFO - Processing file /Users/harut/opt/anaconda3/lib/python3.9/site-packages/airflow/example_dags/tutorial_taskflow_api.py for tasks to queue
[2023-01-09T14:24:08.393+0400] {logging_mixin.py:137} INFO - [2023-01-09T14:24:08.393+0400] {dagbag.py:538} INFO - Filling up the DagBag from /Users/harut/opt/anaconda3/lib/python3.9/site-packages/airflow/example_dags/tutorial_taskflow_api.py
[2023-01-09T14:24:08.421+0400] {processor.py:753} INFO - DAG(s) dict_keys(['tutorial_taskflow_api']) retrieved from /Users/harut/opt/anaconda3/lib/python3.9/site-packages/airflow/example_dags/tutorial_taskflow_api.py
[2023-01-09T14:24:08.783+0400] {logging_mixin.py:137} INFO - [2023-01-09T14:24:08.783+0400] {dag.py:2676} INFO - Sync 1 DAGs
[2023-01-09T14:24:08.793+0400] {logging_mixin.py:137} INFO - [2023-01-09T14:24:08.793+0400] {dag.py:3423} INFO - Setting next_dagrun for tutorial_taskflow_api to None, run_after=None
[2023-01-09T14:24:08.802+0400] {processor.py:175} INFO - Processing /Users/harut/opt/anaconda3/lib/python3.9/site-packages/airflow/example_dags/tutorial_taskflow_api.py took 0.410 seconds
[2023-01-09T14:25:27.205+0400] {processor.py:153} INFO - Started process (PID=12713) to work on /Users/harut/opt/anaconda3/lib/python3.9/site-packages/airflow/example_dags/tutorial_taskflow_api.py
[2023-01-09T14:25:27.206+0400] {processor.py:743} INFO - Processing file /Users/harut/opt/anaconda3/lib/python3.9/site-packages/airflow/example_dags/tutorial_taskflow_api.py for tasks to queue
[2023-01-09T14:25:27.206+0400] {logging_mixin.py:137} INFO - [2023-01-09T14:25:27.206+0400] {dagbag.py:538} INFO - Filling up the DagBag from /Users/harut/opt/anaconda3/lib/python3.9/site-packages/airflow/example_dags/tutorial_taskflow_api.py
[2023-01-09T14:25:27.236+0400] {processor.py:753} INFO - DAG(s) dict_keys(['tutorial_taskflow_api']) retrieved from /Users/harut/opt/anaconda3/lib/python3.9/site-packages/airflow/example_dags/tutorial_taskflow_api.py
[2023-01-09T14:25:27.607+0400] {logging_mixin.py:137} INFO - [2023-01-09T14:25:27.607+0400] {dag.py:2676} INFO - Sync 1 DAGs
[2023-01-09T14:25:27.617+0400] {logging_mixin.py:137} INFO - [2023-01-09T14:25:27.616+0400] {dag.py:3423} INFO - Setting next_dagrun for tutorial_taskflow_api to None, run_after=None
[2023-01-09T14:25:27.626+0400] {processor.py:175} INFO - Processing /Users/harut/opt/anaconda3/lib/python3.9/site-packages/airflow/example_dags/tutorial_taskflow_api.py took 0.421 seconds
[2023-01-09T14:26:44.968+0400] {processor.py:153} INFO - Started process (PID=12759) to work on /Users/harut/opt/anaconda3/lib/python3.9/site-packages/airflow/example_dags/tutorial_taskflow_api.py
[2023-01-09T14:26:44.969+0400] {processor.py:743} INFO - Processing file /Users/harut/opt/anaconda3/lib/python3.9/site-packages/airflow/example_dags/tutorial_taskflow_api.py for tasks to queue
[2023-01-09T14:26:44.969+0400] {logging_mixin.py:137} INFO - [2023-01-09T14:26:44.969+0400] {dagbag.py:538} INFO - Filling up the DagBag from /Users/harut/opt/anaconda3/lib/python3.9/site-packages/airflow/example_dags/tutorial_taskflow_api.py
[2023-01-09T14:26:44.999+0400] {processor.py:753} INFO - DAG(s) dict_keys(['tutorial_taskflow_api']) retrieved from /Users/harut/opt/anaconda3/lib/python3.9/site-packages/airflow/example_dags/tutorial_taskflow_api.py
[2023-01-09T14:26:45.368+0400] {logging_mixin.py:137} INFO - [2023-01-09T14:26:45.368+0400] {dag.py:2676} INFO - Sync 1 DAGs
[2023-01-09T14:26:45.377+0400] {logging_mixin.py:137} INFO - [2023-01-09T14:26:45.377+0400] {dag.py:3423} INFO - Setting next_dagrun for tutorial_taskflow_api to None, run_after=None
[2023-01-09T14:26:45.387+0400] {processor.py:175} INFO - Processing /Users/harut/opt/anaconda3/lib/python3.9/site-packages/airflow/example_dags/tutorial_taskflow_api.py took 0.419 seconds
[2023-01-09T14:28:01.107+0400] {processor.py:153} INFO - Started process (PID=12803) to work on /Users/harut/opt/anaconda3/lib/python3.9/site-packages/airflow/example_dags/tutorial_taskflow_api.py
[2023-01-09T14:28:01.108+0400] {processor.py:743} INFO - Processing file /Users/harut/opt/anaconda3/lib/python3.9/site-packages/airflow/example_dags/tutorial_taskflow_api.py for tasks to queue
[2023-01-09T14:28:01.108+0400] {logging_mixin.py:137} INFO - [2023-01-09T14:28:01.108+0400] {dagbag.py:538} INFO - Filling up the DagBag from /Users/harut/opt/anaconda3/lib/python3.9/site-packages/airflow/example_dags/tutorial_taskflow_api.py
[2023-01-09T14:28:01.139+0400] {processor.py:753} INFO - DAG(s) dict_keys(['tutorial_taskflow_api']) retrieved from /Users/harut/opt/anaconda3/lib/python3.9/site-packages/airflow/example_dags/tutorial_taskflow_api.py
[2023-01-09T14:28:01.509+0400] {logging_mixin.py:137} INFO - [2023-01-09T14:28:01.509+0400] {dag.py:2676} INFO - Sync 1 DAGs
[2023-01-09T14:28:01.518+0400] {logging_mixin.py:137} INFO - [2023-01-09T14:28:01.518+0400] {dag.py:3423} INFO - Setting next_dagrun for tutorial_taskflow_api to None, run_after=None
[2023-01-09T14:28:01.528+0400] {processor.py:175} INFO - Processing /Users/harut/opt/anaconda3/lib/python3.9/site-packages/airflow/example_dags/tutorial_taskflow_api.py took 0.421 seconds
[2023-01-09T14:29:19.446+0400] {processor.py:153} INFO - Started process (PID=12844) to work on /Users/harut/opt/anaconda3/lib/python3.9/site-packages/airflow/example_dags/tutorial_taskflow_api.py
[2023-01-09T14:29:19.447+0400] {processor.py:743} INFO - Processing file /Users/harut/opt/anaconda3/lib/python3.9/site-packages/airflow/example_dags/tutorial_taskflow_api.py for tasks to queue
[2023-01-09T14:29:19.447+0400] {logging_mixin.py:137} INFO - [2023-01-09T14:29:19.447+0400] {dagbag.py:538} INFO - Filling up the DagBag from /Users/harut/opt/anaconda3/lib/python3.9/site-packages/airflow/example_dags/tutorial_taskflow_api.py
[2023-01-09T14:29:19.476+0400] {processor.py:753} INFO - DAG(s) dict_keys(['tutorial_taskflow_api']) retrieved from /Users/harut/opt/anaconda3/lib/python3.9/site-packages/airflow/example_dags/tutorial_taskflow_api.py
[2023-01-09T14:29:19.844+0400] {logging_mixin.py:137} INFO - [2023-01-09T14:29:19.844+0400] {dag.py:2676} INFO - Sync 1 DAGs
[2023-01-09T14:29:19.853+0400] {logging_mixin.py:137} INFO - [2023-01-09T14:29:19.853+0400] {dag.py:3423} INFO - Setting next_dagrun for tutorial_taskflow_api to None, run_after=None
[2023-01-09T14:29:19.863+0400] {processor.py:175} INFO - Processing /Users/harut/opt/anaconda3/lib/python3.9/site-packages/airflow/example_dags/tutorial_taskflow_api.py took 0.417 seconds
[2023-01-09T14:30:35.144+0400] {processor.py:153} INFO - Started process (PID=12888) to work on /Users/harut/opt/anaconda3/lib/python3.9/site-packages/airflow/example_dags/tutorial_taskflow_api.py
[2023-01-09T14:30:35.144+0400] {processor.py:743} INFO - Processing file /Users/harut/opt/anaconda3/lib/python3.9/site-packages/airflow/example_dags/tutorial_taskflow_api.py for tasks to queue
[2023-01-09T14:30:35.144+0400] {logging_mixin.py:137} INFO - [2023-01-09T14:30:35.144+0400] {dagbag.py:538} INFO - Filling up the DagBag from /Users/harut/opt/anaconda3/lib/python3.9/site-packages/airflow/example_dags/tutorial_taskflow_api.py
[2023-01-09T14:30:35.175+0400] {processor.py:753} INFO - DAG(s) dict_keys(['tutorial_taskflow_api']) retrieved from /Users/harut/opt/anaconda3/lib/python3.9/site-packages/airflow/example_dags/tutorial_taskflow_api.py
[2023-01-09T14:30:35.601+0400] {logging_mixin.py:137} INFO - [2023-01-09T14:30:35.601+0400] {dag.py:2676} INFO - Sync 1 DAGs
[2023-01-09T14:30:35.611+0400] {logging_mixin.py:137} INFO - [2023-01-09T14:30:35.611+0400] {dag.py:3423} INFO - Setting next_dagrun for tutorial_taskflow_api to None, run_after=None
[2023-01-09T14:30:35.621+0400] {processor.py:175} INFO - Processing /Users/harut/opt/anaconda3/lib/python3.9/site-packages/airflow/example_dags/tutorial_taskflow_api.py took 0.478 seconds
[2023-01-09T14:31:50.810+0400] {processor.py:153} INFO - Started process (PID=12933) to work on /Users/harut/opt/anaconda3/lib/python3.9/site-packages/airflow/example_dags/tutorial_taskflow_api.py
[2023-01-09T14:31:50.810+0400] {processor.py:743} INFO - Processing file /Users/harut/opt/anaconda3/lib/python3.9/site-packages/airflow/example_dags/tutorial_taskflow_api.py for tasks to queue
[2023-01-09T14:31:50.811+0400] {logging_mixin.py:137} INFO - [2023-01-09T14:31:50.811+0400] {dagbag.py:538} INFO - Filling up the DagBag from /Users/harut/opt/anaconda3/lib/python3.9/site-packages/airflow/example_dags/tutorial_taskflow_api.py
[2023-01-09T14:31:50.841+0400] {processor.py:753} INFO - DAG(s) dict_keys(['tutorial_taskflow_api']) retrieved from /Users/harut/opt/anaconda3/lib/python3.9/site-packages/airflow/example_dags/tutorial_taskflow_api.py
[2023-01-09T14:31:51.202+0400] {logging_mixin.py:137} INFO - [2023-01-09T14:31:51.201+0400] {dag.py:2676} INFO - Sync 1 DAGs
[2023-01-09T14:31:51.211+0400] {logging_mixin.py:137} INFO - [2023-01-09T14:31:51.211+0400] {dag.py:3423} INFO - Setting next_dagrun for tutorial_taskflow_api to None, run_after=None
[2023-01-09T14:31:51.220+0400] {processor.py:175} INFO - Processing /Users/harut/opt/anaconda3/lib/python3.9/site-packages/airflow/example_dags/tutorial_taskflow_api.py took 0.410 seconds
[2023-01-09T14:33:06.311+0400] {processor.py:153} INFO - Started process (PID=12982) to work on /Users/harut/opt/anaconda3/lib/python3.9/site-packages/airflow/example_dags/tutorial_taskflow_api.py
[2023-01-09T14:33:06.312+0400] {processor.py:743} INFO - Processing file /Users/harut/opt/anaconda3/lib/python3.9/site-packages/airflow/example_dags/tutorial_taskflow_api.py for tasks to queue
[2023-01-09T14:33:06.312+0400] {logging_mixin.py:137} INFO - [2023-01-09T14:33:06.312+0400] {dagbag.py:538} INFO - Filling up the DagBag from /Users/harut/opt/anaconda3/lib/python3.9/site-packages/airflow/example_dags/tutorial_taskflow_api.py
[2023-01-09T14:33:06.340+0400] {processor.py:753} INFO - DAG(s) dict_keys(['tutorial_taskflow_api']) retrieved from /Users/harut/opt/anaconda3/lib/python3.9/site-packages/airflow/example_dags/tutorial_taskflow_api.py
[2023-01-09T14:33:06.698+0400] {logging_mixin.py:137} INFO - [2023-01-09T14:33:06.698+0400] {dag.py:2676} INFO - Sync 1 DAGs
[2023-01-09T14:33:06.707+0400] {logging_mixin.py:137} INFO - [2023-01-09T14:33:06.707+0400] {dag.py:3423} INFO - Setting next_dagrun for tutorial_taskflow_api to None, run_after=None
[2023-01-09T14:33:06.716+0400] {processor.py:175} INFO - Processing /Users/harut/opt/anaconda3/lib/python3.9/site-packages/airflow/example_dags/tutorial_taskflow_api.py took 0.406 seconds
[2023-01-09T14:34:23.589+0400] {processor.py:153} INFO - Started process (PID=13032) to work on /Users/harut/opt/anaconda3/lib/python3.9/site-packages/airflow/example_dags/tutorial_taskflow_api.py
[2023-01-09T14:34:23.590+0400] {processor.py:743} INFO - Processing file /Users/harut/opt/anaconda3/lib/python3.9/site-packages/airflow/example_dags/tutorial_taskflow_api.py for tasks to queue
[2023-01-09T14:34:23.590+0400] {logging_mixin.py:137} INFO - [2023-01-09T14:34:23.590+0400] {dagbag.py:538} INFO - Filling up the DagBag from /Users/harut/opt/anaconda3/lib/python3.9/site-packages/airflow/example_dags/tutorial_taskflow_api.py
[2023-01-09T14:34:23.618+0400] {processor.py:753} INFO - DAG(s) dict_keys(['tutorial_taskflow_api']) retrieved from /Users/harut/opt/anaconda3/lib/python3.9/site-packages/airflow/example_dags/tutorial_taskflow_api.py
[2023-01-09T14:34:23.981+0400] {logging_mixin.py:137} INFO - [2023-01-09T14:34:23.981+0400] {dag.py:2676} INFO - Sync 1 DAGs
[2023-01-09T14:34:23.991+0400] {logging_mixin.py:137} INFO - [2023-01-09T14:34:23.991+0400] {dag.py:3423} INFO - Setting next_dagrun for tutorial_taskflow_api to None, run_after=None
[2023-01-09T14:34:24.000+0400] {processor.py:175} INFO - Processing /Users/harut/opt/anaconda3/lib/python3.9/site-packages/airflow/example_dags/tutorial_taskflow_api.py took 0.411 seconds
[2023-01-09T14:35:41.825+0400] {processor.py:153} INFO - Started process (PID=13079) to work on /Users/harut/opt/anaconda3/lib/python3.9/site-packages/airflow/example_dags/tutorial_taskflow_api.py
[2023-01-09T14:35:41.825+0400] {processor.py:743} INFO - Processing file /Users/harut/opt/anaconda3/lib/python3.9/site-packages/airflow/example_dags/tutorial_taskflow_api.py for tasks to queue
[2023-01-09T14:35:41.826+0400] {logging_mixin.py:137} INFO - [2023-01-09T14:35:41.826+0400] {dagbag.py:538} INFO - Filling up the DagBag from /Users/harut/opt/anaconda3/lib/python3.9/site-packages/airflow/example_dags/tutorial_taskflow_api.py
[2023-01-09T14:35:41.856+0400] {processor.py:753} INFO - DAG(s) dict_keys(['tutorial_taskflow_api']) retrieved from /Users/harut/opt/anaconda3/lib/python3.9/site-packages/airflow/example_dags/tutorial_taskflow_api.py
[2023-01-09T14:35:42.236+0400] {logging_mixin.py:137} INFO - [2023-01-09T14:35:42.236+0400] {dag.py:2676} INFO - Sync 1 DAGs
[2023-01-09T14:35:42.246+0400] {logging_mixin.py:137} INFO - [2023-01-09T14:35:42.246+0400] {dag.py:3423} INFO - Setting next_dagrun for tutorial_taskflow_api to None, run_after=None
[2023-01-09T14:35:42.255+0400] {processor.py:175} INFO - Processing /Users/harut/opt/anaconda3/lib/python3.9/site-packages/airflow/example_dags/tutorial_taskflow_api.py took 0.431 seconds
[2023-01-09T14:36:58.779+0400] {processor.py:153} INFO - Started process (PID=13125) to work on /Users/harut/opt/anaconda3/lib/python3.9/site-packages/airflow/example_dags/tutorial_taskflow_api.py
[2023-01-09T14:36:58.780+0400] {processor.py:743} INFO - Processing file /Users/harut/opt/anaconda3/lib/python3.9/site-packages/airflow/example_dags/tutorial_taskflow_api.py for tasks to queue
[2023-01-09T14:36:58.780+0400] {logging_mixin.py:137} INFO - [2023-01-09T14:36:58.780+0400] {dagbag.py:538} INFO - Filling up the DagBag from /Users/harut/opt/anaconda3/lib/python3.9/site-packages/airflow/example_dags/tutorial_taskflow_api.py
[2023-01-09T14:36:58.808+0400] {processor.py:753} INFO - DAG(s) dict_keys(['tutorial_taskflow_api']) retrieved from /Users/harut/opt/anaconda3/lib/python3.9/site-packages/airflow/example_dags/tutorial_taskflow_api.py
[2023-01-09T14:36:59.172+0400] {logging_mixin.py:137} INFO - [2023-01-09T14:36:59.172+0400] {dag.py:2676} INFO - Sync 1 DAGs
[2023-01-09T14:36:59.182+0400] {logging_mixin.py:137} INFO - [2023-01-09T14:36:59.182+0400] {dag.py:3423} INFO - Setting next_dagrun for tutorial_taskflow_api to None, run_after=None
[2023-01-09T14:36:59.191+0400] {processor.py:175} INFO - Processing /Users/harut/opt/anaconda3/lib/python3.9/site-packages/airflow/example_dags/tutorial_taskflow_api.py took 0.412 seconds
[2023-01-09T14:38:15.927+0400] {processor.py:153} INFO - Started process (PID=13171) to work on /Users/harut/opt/anaconda3/lib/python3.9/site-packages/airflow/example_dags/tutorial_taskflow_api.py
[2023-01-09T14:38:15.928+0400] {processor.py:743} INFO - Processing file /Users/harut/opt/anaconda3/lib/python3.9/site-packages/airflow/example_dags/tutorial_taskflow_api.py for tasks to queue
[2023-01-09T14:38:15.928+0400] {logging_mixin.py:137} INFO - [2023-01-09T14:38:15.928+0400] {dagbag.py:538} INFO - Filling up the DagBag from /Users/harut/opt/anaconda3/lib/python3.9/site-packages/airflow/example_dags/tutorial_taskflow_api.py
[2023-01-09T14:38:15.957+0400] {processor.py:753} INFO - DAG(s) dict_keys(['tutorial_taskflow_api']) retrieved from /Users/harut/opt/anaconda3/lib/python3.9/site-packages/airflow/example_dags/tutorial_taskflow_api.py
[2023-01-09T14:38:16.372+0400] {logging_mixin.py:137} INFO - [2023-01-09T14:38:16.372+0400] {dag.py:2676} INFO - Sync 1 DAGs
[2023-01-09T14:38:16.382+0400] {logging_mixin.py:137} INFO - [2023-01-09T14:38:16.382+0400] {dag.py:3423} INFO - Setting next_dagrun for tutorial_taskflow_api to None, run_after=None
[2023-01-09T14:38:16.391+0400] {processor.py:175} INFO - Processing /Users/harut/opt/anaconda3/lib/python3.9/site-packages/airflow/example_dags/tutorial_taskflow_api.py took 0.464 seconds
[2023-01-09T14:39:32.437+0400] {processor.py:153} INFO - Started process (PID=13212) to work on /Users/harut/opt/anaconda3/lib/python3.9/site-packages/airflow/example_dags/tutorial_taskflow_api.py
[2023-01-09T14:39:32.438+0400] {processor.py:743} INFO - Processing file /Users/harut/opt/anaconda3/lib/python3.9/site-packages/airflow/example_dags/tutorial_taskflow_api.py for tasks to queue
[2023-01-09T14:39:32.438+0400] {logging_mixin.py:137} INFO - [2023-01-09T14:39:32.438+0400] {dagbag.py:538} INFO - Filling up the DagBag from /Users/harut/opt/anaconda3/lib/python3.9/site-packages/airflow/example_dags/tutorial_taskflow_api.py
[2023-01-09T14:39:32.467+0400] {processor.py:753} INFO - DAG(s) dict_keys(['tutorial_taskflow_api']) retrieved from /Users/harut/opt/anaconda3/lib/python3.9/site-packages/airflow/example_dags/tutorial_taskflow_api.py
[2023-01-09T14:39:32.831+0400] {logging_mixin.py:137} INFO - [2023-01-09T14:39:32.831+0400] {dag.py:2676} INFO - Sync 1 DAGs
[2023-01-09T14:39:32.840+0400] {logging_mixin.py:137} INFO - [2023-01-09T14:39:32.840+0400] {dag.py:3423} INFO - Setting next_dagrun for tutorial_taskflow_api to None, run_after=None
[2023-01-09T14:39:32.850+0400] {processor.py:175} INFO - Processing /Users/harut/opt/anaconda3/lib/python3.9/site-packages/airflow/example_dags/tutorial_taskflow_api.py took 0.413 seconds
[2023-01-09T14:40:50.092+0400] {processor.py:153} INFO - Started process (PID=13258) to work on /Users/harut/opt/anaconda3/lib/python3.9/site-packages/airflow/example_dags/tutorial_taskflow_api.py
[2023-01-09T14:40:50.092+0400] {processor.py:743} INFO - Processing file /Users/harut/opt/anaconda3/lib/python3.9/site-packages/airflow/example_dags/tutorial_taskflow_api.py for tasks to queue
[2023-01-09T14:40:50.093+0400] {logging_mixin.py:137} INFO - [2023-01-09T14:40:50.092+0400] {dagbag.py:538} INFO - Filling up the DagBag from /Users/harut/opt/anaconda3/lib/python3.9/site-packages/airflow/example_dags/tutorial_taskflow_api.py
[2023-01-09T14:40:50.121+0400] {processor.py:753} INFO - DAG(s) dict_keys(['tutorial_taskflow_api']) retrieved from /Users/harut/opt/anaconda3/lib/python3.9/site-packages/airflow/example_dags/tutorial_taskflow_api.py
[2023-01-09T14:40:50.493+0400] {logging_mixin.py:137} INFO - [2023-01-09T14:40:50.493+0400] {dag.py:2676} INFO - Sync 1 DAGs
[2023-01-09T14:40:50.503+0400] {logging_mixin.py:137} INFO - [2023-01-09T14:40:50.503+0400] {dag.py:3423} INFO - Setting next_dagrun for tutorial_taskflow_api to None, run_after=None
[2023-01-09T14:40:50.513+0400] {processor.py:175} INFO - Processing /Users/harut/opt/anaconda3/lib/python3.9/site-packages/airflow/example_dags/tutorial_taskflow_api.py took 0.422 seconds
[2023-01-09T14:42:04.951+0400] {processor.py:153} INFO - Started process (PID=13303) to work on /Users/harut/opt/anaconda3/lib/python3.9/site-packages/airflow/example_dags/tutorial_taskflow_api.py
[2023-01-09T14:42:04.952+0400] {processor.py:743} INFO - Processing file /Users/harut/opt/anaconda3/lib/python3.9/site-packages/airflow/example_dags/tutorial_taskflow_api.py for tasks to queue
[2023-01-09T14:42:04.952+0400] {logging_mixin.py:137} INFO - [2023-01-09T14:42:04.952+0400] {dagbag.py:538} INFO - Filling up the DagBag from /Users/harut/opt/anaconda3/lib/python3.9/site-packages/airflow/example_dags/tutorial_taskflow_api.py
[2023-01-09T14:42:04.980+0400] {processor.py:753} INFO - DAG(s) dict_keys(['tutorial_taskflow_api']) retrieved from /Users/harut/opt/anaconda3/lib/python3.9/site-packages/airflow/example_dags/tutorial_taskflow_api.py
[2023-01-09T14:42:05.340+0400] {logging_mixin.py:137} INFO - [2023-01-09T14:42:05.340+0400] {dag.py:2676} INFO - Sync 1 DAGs
[2023-01-09T14:42:05.350+0400] {logging_mixin.py:137} INFO - [2023-01-09T14:42:05.350+0400] {dag.py:3423} INFO - Setting next_dagrun for tutorial_taskflow_api to None, run_after=None
[2023-01-09T14:42:05.359+0400] {processor.py:175} INFO - Processing /Users/harut/opt/anaconda3/lib/python3.9/site-packages/airflow/example_dags/tutorial_taskflow_api.py took 0.408 seconds
[2023-01-09T14:43:21.323+0400] {processor.py:153} INFO - Started process (PID=13347) to work on /Users/harut/opt/anaconda3/lib/python3.9/site-packages/airflow/example_dags/tutorial_taskflow_api.py
[2023-01-09T14:43:21.324+0400] {processor.py:743} INFO - Processing file /Users/harut/opt/anaconda3/lib/python3.9/site-packages/airflow/example_dags/tutorial_taskflow_api.py for tasks to queue
[2023-01-09T14:43:21.325+0400] {logging_mixin.py:137} INFO - [2023-01-09T14:43:21.324+0400] {dagbag.py:538} INFO - Filling up the DagBag from /Users/harut/opt/anaconda3/lib/python3.9/site-packages/airflow/example_dags/tutorial_taskflow_api.py
[2023-01-09T14:43:21.357+0400] {processor.py:753} INFO - DAG(s) dict_keys(['tutorial_taskflow_api']) retrieved from /Users/harut/opt/anaconda3/lib/python3.9/site-packages/airflow/example_dags/tutorial_taskflow_api.py
[2023-01-09T14:43:21.738+0400] {logging_mixin.py:137} INFO - [2023-01-09T14:43:21.738+0400] {dag.py:2676} INFO - Sync 1 DAGs
[2023-01-09T14:43:21.749+0400] {logging_mixin.py:137} INFO - [2023-01-09T14:43:21.748+0400] {dag.py:3423} INFO - Setting next_dagrun for tutorial_taskflow_api to None, run_after=None
[2023-01-09T14:43:21.760+0400] {processor.py:175} INFO - Processing /Users/harut/opt/anaconda3/lib/python3.9/site-packages/airflow/example_dags/tutorial_taskflow_api.py took 0.437 seconds
[2023-01-09T14:44:41.920+0400] {processor.py:153} INFO - Started process (PID=13392) to work on /Users/harut/opt/anaconda3/lib/python3.9/site-packages/airflow/example_dags/tutorial_taskflow_api.py
[2023-01-09T14:44:41.920+0400] {processor.py:743} INFO - Processing file /Users/harut/opt/anaconda3/lib/python3.9/site-packages/airflow/example_dags/tutorial_taskflow_api.py for tasks to queue
[2023-01-09T14:44:41.921+0400] {logging_mixin.py:137} INFO - [2023-01-09T14:44:41.921+0400] {dagbag.py:538} INFO - Filling up the DagBag from /Users/harut/opt/anaconda3/lib/python3.9/site-packages/airflow/example_dags/tutorial_taskflow_api.py
[2023-01-09T14:44:41.951+0400] {processor.py:753} INFO - DAG(s) dict_keys(['tutorial_taskflow_api']) retrieved from /Users/harut/opt/anaconda3/lib/python3.9/site-packages/airflow/example_dags/tutorial_taskflow_api.py
[2023-01-09T14:44:42.324+0400] {logging_mixin.py:137} INFO - [2023-01-09T14:44:42.324+0400] {dag.py:2676} INFO - Sync 1 DAGs
[2023-01-09T14:44:42.334+0400] {logging_mixin.py:137} INFO - [2023-01-09T14:44:42.334+0400] {dag.py:3423} INFO - Setting next_dagrun for tutorial_taskflow_api to None, run_after=None
[2023-01-09T14:44:42.343+0400] {processor.py:175} INFO - Processing /Users/harut/opt/anaconda3/lib/python3.9/site-packages/airflow/example_dags/tutorial_taskflow_api.py took 0.424 seconds
[2023-01-09T14:45:59.752+0400] {processor.py:153} INFO - Started process (PID=13437) to work on /Users/harut/opt/anaconda3/lib/python3.9/site-packages/airflow/example_dags/tutorial_taskflow_api.py
[2023-01-09T14:45:59.753+0400] {processor.py:743} INFO - Processing file /Users/harut/opt/anaconda3/lib/python3.9/site-packages/airflow/example_dags/tutorial_taskflow_api.py for tasks to queue
[2023-01-09T14:45:59.753+0400] {logging_mixin.py:137} INFO - [2023-01-09T14:45:59.753+0400] {dagbag.py:538} INFO - Filling up the DagBag from /Users/harut/opt/anaconda3/lib/python3.9/site-packages/airflow/example_dags/tutorial_taskflow_api.py
[2023-01-09T14:45:59.786+0400] {processor.py:753} INFO - DAG(s) dict_keys(['tutorial_taskflow_api']) retrieved from /Users/harut/opt/anaconda3/lib/python3.9/site-packages/airflow/example_dags/tutorial_taskflow_api.py
[2023-01-09T14:46:00.216+0400] {logging_mixin.py:137} INFO - [2023-01-09T14:46:00.215+0400] {dag.py:2676} INFO - Sync 1 DAGs
[2023-01-09T14:46:00.227+0400] {logging_mixin.py:137} INFO - [2023-01-09T14:46:00.227+0400] {dag.py:3423} INFO - Setting next_dagrun for tutorial_taskflow_api to None, run_after=None
[2023-01-09T14:46:00.238+0400] {processor.py:175} INFO - Processing /Users/harut/opt/anaconda3/lib/python3.9/site-packages/airflow/example_dags/tutorial_taskflow_api.py took 0.487 seconds
[2023-01-09T14:47:20.015+0400] {processor.py:153} INFO - Started process (PID=13491) to work on /Users/harut/opt/anaconda3/lib/python3.9/site-packages/airflow/example_dags/tutorial_taskflow_api.py
[2023-01-09T14:47:20.016+0400] {processor.py:743} INFO - Processing file /Users/harut/opt/anaconda3/lib/python3.9/site-packages/airflow/example_dags/tutorial_taskflow_api.py for tasks to queue
[2023-01-09T14:47:20.017+0400] {logging_mixin.py:137} INFO - [2023-01-09T14:47:20.017+0400] {dagbag.py:538} INFO - Filling up the DagBag from /Users/harut/opt/anaconda3/lib/python3.9/site-packages/airflow/example_dags/tutorial_taskflow_api.py
[2023-01-09T14:47:20.050+0400] {processor.py:753} INFO - DAG(s) dict_keys(['tutorial_taskflow_api']) retrieved from /Users/harut/opt/anaconda3/lib/python3.9/site-packages/airflow/example_dags/tutorial_taskflow_api.py
[2023-01-09T14:47:20.484+0400] {logging_mixin.py:137} INFO - [2023-01-09T14:47:20.484+0400] {dag.py:2676} INFO - Sync 1 DAGs
[2023-01-09T14:47:20.495+0400] {logging_mixin.py:137} INFO - [2023-01-09T14:47:20.495+0400] {dag.py:3423} INFO - Setting next_dagrun for tutorial_taskflow_api to None, run_after=None
[2023-01-09T14:47:20.506+0400] {processor.py:175} INFO - Processing /Users/harut/opt/anaconda3/lib/python3.9/site-packages/airflow/example_dags/tutorial_taskflow_api.py took 0.491 seconds
[2023-01-09T14:48:40.929+0400] {processor.py:153} INFO - Started process (PID=13543) to work on /Users/harut/opt/anaconda3/lib/python3.9/site-packages/airflow/example_dags/tutorial_taskflow_api.py
[2023-01-09T14:48:40.930+0400] {processor.py:743} INFO - Processing file /Users/harut/opt/anaconda3/lib/python3.9/site-packages/airflow/example_dags/tutorial_taskflow_api.py for tasks to queue
[2023-01-09T14:48:40.930+0400] {logging_mixin.py:137} INFO - [2023-01-09T14:48:40.930+0400] {dagbag.py:538} INFO - Filling up the DagBag from /Users/harut/opt/anaconda3/lib/python3.9/site-packages/airflow/example_dags/tutorial_taskflow_api.py
[2023-01-09T14:48:40.960+0400] {processor.py:753} INFO - DAG(s) dict_keys(['tutorial_taskflow_api']) retrieved from /Users/harut/opt/anaconda3/lib/python3.9/site-packages/airflow/example_dags/tutorial_taskflow_api.py
[2023-01-09T14:48:41.345+0400] {logging_mixin.py:137} INFO - [2023-01-09T14:48:41.344+0400] {dag.py:2676} INFO - Sync 1 DAGs
[2023-01-09T14:48:41.354+0400] {logging_mixin.py:137} INFO - [2023-01-09T14:48:41.354+0400] {dag.py:3423} INFO - Setting next_dagrun for tutorial_taskflow_api to None, run_after=None
[2023-01-09T14:48:41.363+0400] {processor.py:175} INFO - Processing /Users/harut/opt/anaconda3/lib/python3.9/site-packages/airflow/example_dags/tutorial_taskflow_api.py took 0.435 seconds
[2023-01-09T14:50:05.174+0400] {processor.py:153} INFO - Started process (PID=13592) to work on /Users/harut/opt/anaconda3/lib/python3.9/site-packages/airflow/example_dags/tutorial_taskflow_api.py
[2023-01-09T14:50:05.175+0400] {processor.py:743} INFO - Processing file /Users/harut/opt/anaconda3/lib/python3.9/site-packages/airflow/example_dags/tutorial_taskflow_api.py for tasks to queue
[2023-01-09T14:50:05.175+0400] {logging_mixin.py:137} INFO - [2023-01-09T14:50:05.175+0400] {dagbag.py:538} INFO - Filling up the DagBag from /Users/harut/opt/anaconda3/lib/python3.9/site-packages/airflow/example_dags/tutorial_taskflow_api.py
[2023-01-09T14:50:05.205+0400] {processor.py:753} INFO - DAG(s) dict_keys(['tutorial_taskflow_api']) retrieved from /Users/harut/opt/anaconda3/lib/python3.9/site-packages/airflow/example_dags/tutorial_taskflow_api.py
[2023-01-09T14:50:05.589+0400] {logging_mixin.py:137} INFO - [2023-01-09T14:50:05.589+0400] {dag.py:2676} INFO - Sync 1 DAGs
[2023-01-09T14:50:05.598+0400] {logging_mixin.py:137} INFO - [2023-01-09T14:50:05.598+0400] {dag.py:3423} INFO - Setting next_dagrun for tutorial_taskflow_api to None, run_after=None
[2023-01-09T14:50:05.608+0400] {processor.py:175} INFO - Processing /Users/harut/opt/anaconda3/lib/python3.9/site-packages/airflow/example_dags/tutorial_taskflow_api.py took 0.434 seconds
[2023-01-09T14:51:24.375+0400] {processor.py:153} INFO - Started process (PID=13641) to work on /Users/harut/opt/anaconda3/lib/python3.9/site-packages/airflow/example_dags/tutorial_taskflow_api.py
[2023-01-09T14:51:24.375+0400] {processor.py:743} INFO - Processing file /Users/harut/opt/anaconda3/lib/python3.9/site-packages/airflow/example_dags/tutorial_taskflow_api.py for tasks to queue
[2023-01-09T14:51:24.376+0400] {logging_mixin.py:137} INFO - [2023-01-09T14:51:24.375+0400] {dagbag.py:538} INFO - Filling up the DagBag from /Users/harut/opt/anaconda3/lib/python3.9/site-packages/airflow/example_dags/tutorial_taskflow_api.py
[2023-01-09T14:51:24.405+0400] {processor.py:753} INFO - DAG(s) dict_keys(['tutorial_taskflow_api']) retrieved from /Users/harut/opt/anaconda3/lib/python3.9/site-packages/airflow/example_dags/tutorial_taskflow_api.py
[2023-01-09T14:51:24.772+0400] {logging_mixin.py:137} INFO - [2023-01-09T14:51:24.772+0400] {dag.py:2676} INFO - Sync 1 DAGs
[2023-01-09T14:51:24.782+0400] {logging_mixin.py:137} INFO - [2023-01-09T14:51:24.782+0400] {dag.py:3423} INFO - Setting next_dagrun for tutorial_taskflow_api to None, run_after=None
[2023-01-09T14:51:24.791+0400] {processor.py:175} INFO - Processing /Users/harut/opt/anaconda3/lib/python3.9/site-packages/airflow/example_dags/tutorial_taskflow_api.py took 0.417 seconds
[2023-01-09T14:52:44.623+0400] {processor.py:153} INFO - Started process (PID=13685) to work on /Users/harut/opt/anaconda3/lib/python3.9/site-packages/airflow/example_dags/tutorial_taskflow_api.py
[2023-01-09T14:52:44.624+0400] {processor.py:743} INFO - Processing file /Users/harut/opt/anaconda3/lib/python3.9/site-packages/airflow/example_dags/tutorial_taskflow_api.py for tasks to queue
[2023-01-09T14:52:44.624+0400] {logging_mixin.py:137} INFO - [2023-01-09T14:52:44.624+0400] {dagbag.py:538} INFO - Filling up the DagBag from /Users/harut/opt/anaconda3/lib/python3.9/site-packages/airflow/example_dags/tutorial_taskflow_api.py
[2023-01-09T14:52:44.653+0400] {processor.py:753} INFO - DAG(s) dict_keys(['tutorial_taskflow_api']) retrieved from /Users/harut/opt/anaconda3/lib/python3.9/site-packages/airflow/example_dags/tutorial_taskflow_api.py
[2023-01-09T14:52:45.015+0400] {logging_mixin.py:137} INFO - [2023-01-09T14:52:45.015+0400] {dag.py:2676} INFO - Sync 1 DAGs
[2023-01-09T14:52:45.024+0400] {logging_mixin.py:137} INFO - [2023-01-09T14:52:45.024+0400] {dag.py:3423} INFO - Setting next_dagrun for tutorial_taskflow_api to None, run_after=None
[2023-01-09T14:52:45.034+0400] {processor.py:175} INFO - Processing /Users/harut/opt/anaconda3/lib/python3.9/site-packages/airflow/example_dags/tutorial_taskflow_api.py took 0.411 seconds
[2023-01-09T14:54:05.953+0400] {processor.py:153} INFO - Started process (PID=13733) to work on /Users/harut/opt/anaconda3/lib/python3.9/site-packages/airflow/example_dags/tutorial_taskflow_api.py
[2023-01-09T14:54:05.954+0400] {processor.py:743} INFO - Processing file /Users/harut/opt/anaconda3/lib/python3.9/site-packages/airflow/example_dags/tutorial_taskflow_api.py for tasks to queue
[2023-01-09T14:54:05.954+0400] {logging_mixin.py:137} INFO - [2023-01-09T14:54:05.954+0400] {dagbag.py:538} INFO - Filling up the DagBag from /Users/harut/opt/anaconda3/lib/python3.9/site-packages/airflow/example_dags/tutorial_taskflow_api.py
[2023-01-09T14:54:05.982+0400] {processor.py:753} INFO - DAG(s) dict_keys(['tutorial_taskflow_api']) retrieved from /Users/harut/opt/anaconda3/lib/python3.9/site-packages/airflow/example_dags/tutorial_taskflow_api.py
[2023-01-09T14:54:06.364+0400] {logging_mixin.py:137} INFO - [2023-01-09T14:54:06.364+0400] {dag.py:2676} INFO - Sync 1 DAGs
[2023-01-09T14:54:06.374+0400] {logging_mixin.py:137} INFO - [2023-01-09T14:54:06.374+0400] {dag.py:3423} INFO - Setting next_dagrun for tutorial_taskflow_api to None, run_after=None
[2023-01-09T14:54:06.384+0400] {processor.py:175} INFO - Processing /Users/harut/opt/anaconda3/lib/python3.9/site-packages/airflow/example_dags/tutorial_taskflow_api.py took 0.431 seconds
[2023-01-09T14:55:27.687+0400] {processor.py:153} INFO - Started process (PID=13777) to work on /Users/harut/opt/anaconda3/lib/python3.9/site-packages/airflow/example_dags/tutorial_taskflow_api.py
[2023-01-09T14:55:27.688+0400] {processor.py:743} INFO - Processing file /Users/harut/opt/anaconda3/lib/python3.9/site-packages/airflow/example_dags/tutorial_taskflow_api.py for tasks to queue
[2023-01-09T14:55:27.688+0400] {logging_mixin.py:137} INFO - [2023-01-09T14:55:27.688+0400] {dagbag.py:538} INFO - Filling up the DagBag from /Users/harut/opt/anaconda3/lib/python3.9/site-packages/airflow/example_dags/tutorial_taskflow_api.py
[2023-01-09T14:55:27.719+0400] {processor.py:753} INFO - DAG(s) dict_keys(['tutorial_taskflow_api']) retrieved from /Users/harut/opt/anaconda3/lib/python3.9/site-packages/airflow/example_dags/tutorial_taskflow_api.py
[2023-01-09T14:55:28.085+0400] {logging_mixin.py:137} INFO - [2023-01-09T14:55:28.085+0400] {dag.py:2676} INFO - Sync 1 DAGs
[2023-01-09T14:55:28.094+0400] {logging_mixin.py:137} INFO - [2023-01-09T14:55:28.094+0400] {dag.py:3423} INFO - Setting next_dagrun for tutorial_taskflow_api to None, run_after=None
[2023-01-09T14:55:28.103+0400] {processor.py:175} INFO - Processing /Users/harut/opt/anaconda3/lib/python3.9/site-packages/airflow/example_dags/tutorial_taskflow_api.py took 0.417 seconds
[2023-01-09T14:56:49.576+0400] {processor.py:153} INFO - Started process (PID=13823) to work on /Users/harut/opt/anaconda3/lib/python3.9/site-packages/airflow/example_dags/tutorial_taskflow_api.py
[2023-01-09T14:56:49.577+0400] {processor.py:743} INFO - Processing file /Users/harut/opt/anaconda3/lib/python3.9/site-packages/airflow/example_dags/tutorial_taskflow_api.py for tasks to queue
[2023-01-09T14:56:49.577+0400] {logging_mixin.py:137} INFO - [2023-01-09T14:56:49.577+0400] {dagbag.py:538} INFO - Filling up the DagBag from /Users/harut/opt/anaconda3/lib/python3.9/site-packages/airflow/example_dags/tutorial_taskflow_api.py
[2023-01-09T14:56:49.607+0400] {processor.py:753} INFO - DAG(s) dict_keys(['tutorial_taskflow_api']) retrieved from /Users/harut/opt/anaconda3/lib/python3.9/site-packages/airflow/example_dags/tutorial_taskflow_api.py
[2023-01-09T14:56:49.976+0400] {logging_mixin.py:137} INFO - [2023-01-09T14:56:49.976+0400] {dag.py:2676} INFO - Sync 1 DAGs
[2023-01-09T14:56:49.985+0400] {logging_mixin.py:137} INFO - [2023-01-09T14:56:49.985+0400] {dag.py:3423} INFO - Setting next_dagrun for tutorial_taskflow_api to None, run_after=None
[2023-01-09T14:56:49.994+0400] {processor.py:175} INFO - Processing /Users/harut/opt/anaconda3/lib/python3.9/site-packages/airflow/example_dags/tutorial_taskflow_api.py took 0.418 seconds
[2023-01-09T14:58:11.401+0400] {processor.py:153} INFO - Started process (PID=13865) to work on /Users/harut/opt/anaconda3/lib/python3.9/site-packages/airflow/example_dags/tutorial_taskflow_api.py
[2023-01-09T14:58:11.402+0400] {processor.py:743} INFO - Processing file /Users/harut/opt/anaconda3/lib/python3.9/site-packages/airflow/example_dags/tutorial_taskflow_api.py for tasks to queue
[2023-01-09T14:58:11.402+0400] {logging_mixin.py:137} INFO - [2023-01-09T14:58:11.402+0400] {dagbag.py:538} INFO - Filling up the DagBag from /Users/harut/opt/anaconda3/lib/python3.9/site-packages/airflow/example_dags/tutorial_taskflow_api.py
[2023-01-09T14:58:11.432+0400] {processor.py:753} INFO - DAG(s) dict_keys(['tutorial_taskflow_api']) retrieved from /Users/harut/opt/anaconda3/lib/python3.9/site-packages/airflow/example_dags/tutorial_taskflow_api.py
[2023-01-09T14:58:11.802+0400] {logging_mixin.py:137} INFO - [2023-01-09T14:58:11.802+0400] {dag.py:2676} INFO - Sync 1 DAGs
[2023-01-09T14:58:11.812+0400] {logging_mixin.py:137} INFO - [2023-01-09T14:58:11.811+0400] {dag.py:3423} INFO - Setting next_dagrun for tutorial_taskflow_api to None, run_after=None
[2023-01-09T14:58:11.821+0400] {processor.py:175} INFO - Processing /Users/harut/opt/anaconda3/lib/python3.9/site-packages/airflow/example_dags/tutorial_taskflow_api.py took 0.420 seconds
[2023-01-09T14:59:31.847+0400] {processor.py:153} INFO - Started process (PID=13911) to work on /Users/harut/opt/anaconda3/lib/python3.9/site-packages/airflow/example_dags/tutorial_taskflow_api.py
[2023-01-09T14:59:31.848+0400] {processor.py:743} INFO - Processing file /Users/harut/opt/anaconda3/lib/python3.9/site-packages/airflow/example_dags/tutorial_taskflow_api.py for tasks to queue
[2023-01-09T14:59:31.848+0400] {logging_mixin.py:137} INFO - [2023-01-09T14:59:31.848+0400] {dagbag.py:538} INFO - Filling up the DagBag from /Users/harut/opt/anaconda3/lib/python3.9/site-packages/airflow/example_dags/tutorial_taskflow_api.py
[2023-01-09T14:59:31.877+0400] {processor.py:753} INFO - DAG(s) dict_keys(['tutorial_taskflow_api']) retrieved from /Users/harut/opt/anaconda3/lib/python3.9/site-packages/airflow/example_dags/tutorial_taskflow_api.py
[2023-01-09T14:59:32.244+0400] {logging_mixin.py:137} INFO - [2023-01-09T14:59:32.244+0400] {dag.py:2676} INFO - Sync 1 DAGs
[2023-01-09T14:59:32.253+0400] {logging_mixin.py:137} INFO - [2023-01-09T14:59:32.253+0400] {dag.py:3423} INFO - Setting next_dagrun for tutorial_taskflow_api to None, run_after=None
[2023-01-09T14:59:32.263+0400] {processor.py:175} INFO - Processing /Users/harut/opt/anaconda3/lib/python3.9/site-packages/airflow/example_dags/tutorial_taskflow_api.py took 0.416 seconds
[2023-01-09T15:00:52.926+0400] {processor.py:153} INFO - Started process (PID=13954) to work on /Users/harut/opt/anaconda3/lib/python3.9/site-packages/airflow/example_dags/tutorial_taskflow_api.py
[2023-01-09T15:00:52.926+0400] {processor.py:743} INFO - Processing file /Users/harut/opt/anaconda3/lib/python3.9/site-packages/airflow/example_dags/tutorial_taskflow_api.py for tasks to queue
[2023-01-09T15:00:52.926+0400] {logging_mixin.py:137} INFO - [2023-01-09T15:00:52.926+0400] {dagbag.py:538} INFO - Filling up the DagBag from /Users/harut/opt/anaconda3/lib/python3.9/site-packages/airflow/example_dags/tutorial_taskflow_api.py
[2023-01-09T15:00:52.955+0400] {processor.py:753} INFO - DAG(s) dict_keys(['tutorial_taskflow_api']) retrieved from /Users/harut/opt/anaconda3/lib/python3.9/site-packages/airflow/example_dags/tutorial_taskflow_api.py
[2023-01-09T15:00:53.315+0400] {logging_mixin.py:137} INFO - [2023-01-09T15:00:53.315+0400] {dag.py:2676} INFO - Sync 1 DAGs
[2023-01-09T15:00:53.325+0400] {logging_mixin.py:137} INFO - [2023-01-09T15:00:53.324+0400] {dag.py:3423} INFO - Setting next_dagrun for tutorial_taskflow_api to None, run_after=None
[2023-01-09T15:00:53.333+0400] {processor.py:175} INFO - Processing /Users/harut/opt/anaconda3/lib/python3.9/site-packages/airflow/example_dags/tutorial_taskflow_api.py took 0.408 seconds
[2023-01-09T15:02:14.291+0400] {processor.py:153} INFO - Started process (PID=14000) to work on /Users/harut/opt/anaconda3/lib/python3.9/site-packages/airflow/example_dags/tutorial_taskflow_api.py
[2023-01-09T15:02:14.291+0400] {processor.py:743} INFO - Processing file /Users/harut/opt/anaconda3/lib/python3.9/site-packages/airflow/example_dags/tutorial_taskflow_api.py for tasks to queue
[2023-01-09T15:02:14.292+0400] {logging_mixin.py:137} INFO - [2023-01-09T15:02:14.292+0400] {dagbag.py:538} INFO - Filling up the DagBag from /Users/harut/opt/anaconda3/lib/python3.9/site-packages/airflow/example_dags/tutorial_taskflow_api.py
[2023-01-09T15:02:14.320+0400] {processor.py:753} INFO - DAG(s) dict_keys(['tutorial_taskflow_api']) retrieved from /Users/harut/opt/anaconda3/lib/python3.9/site-packages/airflow/example_dags/tutorial_taskflow_api.py
[2023-01-09T15:02:14.681+0400] {logging_mixin.py:137} INFO - [2023-01-09T15:02:14.681+0400] {dag.py:2676} INFO - Sync 1 DAGs
[2023-01-09T15:02:14.690+0400] {logging_mixin.py:137} INFO - [2023-01-09T15:02:14.690+0400] {dag.py:3423} INFO - Setting next_dagrun for tutorial_taskflow_api to None, run_after=None
[2023-01-09T15:02:14.700+0400] {processor.py:175} INFO - Processing /Users/harut/opt/anaconda3/lib/python3.9/site-packages/airflow/example_dags/tutorial_taskflow_api.py took 0.409 seconds
[2023-01-09T15:03:35.497+0400] {processor.py:153} INFO - Started process (PID=14050) to work on /Users/harut/opt/anaconda3/lib/python3.9/site-packages/airflow/example_dags/tutorial_taskflow_api.py
[2023-01-09T15:03:35.498+0400] {processor.py:743} INFO - Processing file /Users/harut/opt/anaconda3/lib/python3.9/site-packages/airflow/example_dags/tutorial_taskflow_api.py for tasks to queue
[2023-01-09T15:03:35.498+0400] {logging_mixin.py:137} INFO - [2023-01-09T15:03:35.498+0400] {dagbag.py:538} INFO - Filling up the DagBag from /Users/harut/opt/anaconda3/lib/python3.9/site-packages/airflow/example_dags/tutorial_taskflow_api.py
[2023-01-09T15:03:35.532+0400] {processor.py:753} INFO - DAG(s) dict_keys(['tutorial_taskflow_api']) retrieved from /Users/harut/opt/anaconda3/lib/python3.9/site-packages/airflow/example_dags/tutorial_taskflow_api.py
[2023-01-09T15:03:36.032+0400] {logging_mixin.py:137} INFO - [2023-01-09T15:03:36.031+0400] {dag.py:2676} INFO - Sync 1 DAGs
[2023-01-09T15:03:36.043+0400] {logging_mixin.py:137} INFO - [2023-01-09T15:03:36.043+0400] {dag.py:3423} INFO - Setting next_dagrun for tutorial_taskflow_api to None, run_after=None
[2023-01-09T15:03:36.054+0400] {processor.py:175} INFO - Processing /Users/harut/opt/anaconda3/lib/python3.9/site-packages/airflow/example_dags/tutorial_taskflow_api.py took 0.557 seconds
[2023-01-09T15:04:54.909+0400] {processor.py:153} INFO - Started process (PID=14093) to work on /Users/harut/opt/anaconda3/lib/python3.9/site-packages/airflow/example_dags/tutorial_taskflow_api.py
[2023-01-09T15:04:54.909+0400] {processor.py:743} INFO - Processing file /Users/harut/opt/anaconda3/lib/python3.9/site-packages/airflow/example_dags/tutorial_taskflow_api.py for tasks to queue
[2023-01-09T15:04:54.910+0400] {logging_mixin.py:137} INFO - [2023-01-09T15:04:54.910+0400] {dagbag.py:538} INFO - Filling up the DagBag from /Users/harut/opt/anaconda3/lib/python3.9/site-packages/airflow/example_dags/tutorial_taskflow_api.py
[2023-01-09T15:04:54.938+0400] {processor.py:753} INFO - DAG(s) dict_keys(['tutorial_taskflow_api']) retrieved from /Users/harut/opt/anaconda3/lib/python3.9/site-packages/airflow/example_dags/tutorial_taskflow_api.py
[2023-01-09T15:04:55.305+0400] {logging_mixin.py:137} INFO - [2023-01-09T15:04:55.304+0400] {dag.py:2676} INFO - Sync 1 DAGs
[2023-01-09T15:04:55.314+0400] {logging_mixin.py:137} INFO - [2023-01-09T15:04:55.314+0400] {dag.py:3423} INFO - Setting next_dagrun for tutorial_taskflow_api to None, run_after=None
[2023-01-09T15:04:55.323+0400] {processor.py:175} INFO - Processing /Users/harut/opt/anaconda3/lib/python3.9/site-packages/airflow/example_dags/tutorial_taskflow_api.py took 0.414 seconds
[2023-01-09T15:06:15.580+0400] {processor.py:153} INFO - Started process (PID=14139) to work on /Users/harut/opt/anaconda3/lib/python3.9/site-packages/airflow/example_dags/tutorial_taskflow_api.py
[2023-01-09T15:06:15.581+0400] {processor.py:743} INFO - Processing file /Users/harut/opt/anaconda3/lib/python3.9/site-packages/airflow/example_dags/tutorial_taskflow_api.py for tasks to queue
[2023-01-09T15:06:15.581+0400] {logging_mixin.py:137} INFO - [2023-01-09T15:06:15.581+0400] {dagbag.py:538} INFO - Filling up the DagBag from /Users/harut/opt/anaconda3/lib/python3.9/site-packages/airflow/example_dags/tutorial_taskflow_api.py
[2023-01-09T15:06:15.609+0400] {processor.py:753} INFO - DAG(s) dict_keys(['tutorial_taskflow_api']) retrieved from /Users/harut/opt/anaconda3/lib/python3.9/site-packages/airflow/example_dags/tutorial_taskflow_api.py
[2023-01-09T15:06:15.972+0400] {logging_mixin.py:137} INFO - [2023-01-09T15:06:15.972+0400] {dag.py:2676} INFO - Sync 1 DAGs
[2023-01-09T15:06:15.981+0400] {logging_mixin.py:137} INFO - [2023-01-09T15:06:15.981+0400] {dag.py:3423} INFO - Setting next_dagrun for tutorial_taskflow_api to None, run_after=None
[2023-01-09T15:06:15.991+0400] {processor.py:175} INFO - Processing /Users/harut/opt/anaconda3/lib/python3.9/site-packages/airflow/example_dags/tutorial_taskflow_api.py took 0.411 seconds
[2023-01-09T15:07:34.072+0400] {processor.py:153} INFO - Started process (PID=14180) to work on /Users/harut/opt/anaconda3/lib/python3.9/site-packages/airflow/example_dags/tutorial_taskflow_api.py
[2023-01-09T15:07:34.073+0400] {processor.py:743} INFO - Processing file /Users/harut/opt/anaconda3/lib/python3.9/site-packages/airflow/example_dags/tutorial_taskflow_api.py for tasks to queue
[2023-01-09T15:07:34.073+0400] {logging_mixin.py:137} INFO - [2023-01-09T15:07:34.073+0400] {dagbag.py:538} INFO - Filling up the DagBag from /Users/harut/opt/anaconda3/lib/python3.9/site-packages/airflow/example_dags/tutorial_taskflow_api.py
[2023-01-09T15:07:34.101+0400] {processor.py:753} INFO - DAG(s) dict_keys(['tutorial_taskflow_api']) retrieved from /Users/harut/opt/anaconda3/lib/python3.9/site-packages/airflow/example_dags/tutorial_taskflow_api.py
[2023-01-09T15:07:34.462+0400] {logging_mixin.py:137} INFO - [2023-01-09T15:07:34.462+0400] {dag.py:2676} INFO - Sync 1 DAGs
[2023-01-09T15:07:34.471+0400] {logging_mixin.py:137} INFO - [2023-01-09T15:07:34.471+0400] {dag.py:3423} INFO - Setting next_dagrun for tutorial_taskflow_api to None, run_after=None
[2023-01-09T15:07:34.479+0400] {processor.py:175} INFO - Processing /Users/harut/opt/anaconda3/lib/python3.9/site-packages/airflow/example_dags/tutorial_taskflow_api.py took 0.408 seconds
[2023-01-09T15:08:54.105+0400] {processor.py:153} INFO - Started process (PID=14225) to work on /Users/harut/opt/anaconda3/lib/python3.9/site-packages/airflow/example_dags/tutorial_taskflow_api.py
[2023-01-09T15:08:54.105+0400] {processor.py:743} INFO - Processing file /Users/harut/opt/anaconda3/lib/python3.9/site-packages/airflow/example_dags/tutorial_taskflow_api.py for tasks to queue
[2023-01-09T15:08:54.106+0400] {logging_mixin.py:137} INFO - [2023-01-09T15:08:54.106+0400] {dagbag.py:538} INFO - Filling up the DagBag from /Users/harut/opt/anaconda3/lib/python3.9/site-packages/airflow/example_dags/tutorial_taskflow_api.py
[2023-01-09T15:08:54.134+0400] {processor.py:753} INFO - DAG(s) dict_keys(['tutorial_taskflow_api']) retrieved from /Users/harut/opt/anaconda3/lib/python3.9/site-packages/airflow/example_dags/tutorial_taskflow_api.py
[2023-01-09T15:08:54.493+0400] {logging_mixin.py:137} INFO - [2023-01-09T15:08:54.493+0400] {dag.py:2676} INFO - Sync 1 DAGs
[2023-01-09T15:08:54.502+0400] {logging_mixin.py:137} INFO - [2023-01-09T15:08:54.502+0400] {dag.py:3423} INFO - Setting next_dagrun for tutorial_taskflow_api to None, run_after=None
[2023-01-09T15:08:54.512+0400] {processor.py:175} INFO - Processing /Users/harut/opt/anaconda3/lib/python3.9/site-packages/airflow/example_dags/tutorial_taskflow_api.py took 0.407 seconds
[2023-01-09T15:10:14.157+0400] {processor.py:153} INFO - Started process (PID=14271) to work on /Users/harut/opt/anaconda3/lib/python3.9/site-packages/airflow/example_dags/tutorial_taskflow_api.py
[2023-01-09T15:10:14.158+0400] {processor.py:743} INFO - Processing file /Users/harut/opt/anaconda3/lib/python3.9/site-packages/airflow/example_dags/tutorial_taskflow_api.py for tasks to queue
[2023-01-09T15:10:14.158+0400] {logging_mixin.py:137} INFO - [2023-01-09T15:10:14.158+0400] {dagbag.py:538} INFO - Filling up the DagBag from /Users/harut/opt/anaconda3/lib/python3.9/site-packages/airflow/example_dags/tutorial_taskflow_api.py
[2023-01-09T15:10:14.189+0400] {processor.py:753} INFO - DAG(s) dict_keys(['tutorial_taskflow_api']) retrieved from /Users/harut/opt/anaconda3/lib/python3.9/site-packages/airflow/example_dags/tutorial_taskflow_api.py
[2023-01-09T15:10:14.581+0400] {logging_mixin.py:137} INFO - [2023-01-09T15:10:14.581+0400] {dag.py:2676} INFO - Sync 1 DAGs
[2023-01-09T15:10:14.592+0400] {logging_mixin.py:137} INFO - [2023-01-09T15:10:14.591+0400] {dag.py:3423} INFO - Setting next_dagrun for tutorial_taskflow_api to None, run_after=None
[2023-01-09T15:10:14.602+0400] {processor.py:175} INFO - Processing /Users/harut/opt/anaconda3/lib/python3.9/site-packages/airflow/example_dags/tutorial_taskflow_api.py took 0.445 seconds
[2023-01-09T15:11:35.283+0400] {processor.py:153} INFO - Started process (PID=14321) to work on /Users/harut/opt/anaconda3/lib/python3.9/site-packages/airflow/example_dags/tutorial_taskflow_api.py
[2023-01-09T15:11:35.284+0400] {processor.py:743} INFO - Processing file /Users/harut/opt/anaconda3/lib/python3.9/site-packages/airflow/example_dags/tutorial_taskflow_api.py for tasks to queue
[2023-01-09T15:11:35.284+0400] {logging_mixin.py:137} INFO - [2023-01-09T15:11:35.284+0400] {dagbag.py:538} INFO - Filling up the DagBag from /Users/harut/opt/anaconda3/lib/python3.9/site-packages/airflow/example_dags/tutorial_taskflow_api.py
[2023-01-09T15:11:35.318+0400] {processor.py:753} INFO - DAG(s) dict_keys(['tutorial_taskflow_api']) retrieved from /Users/harut/opt/anaconda3/lib/python3.9/site-packages/airflow/example_dags/tutorial_taskflow_api.py
[2023-01-09T15:11:35.752+0400] {logging_mixin.py:137} INFO - [2023-01-09T15:11:35.752+0400] {dag.py:2676} INFO - Sync 1 DAGs
[2023-01-09T15:11:35.762+0400] {logging_mixin.py:137} INFO - [2023-01-09T15:11:35.762+0400] {dag.py:3423} INFO - Setting next_dagrun for tutorial_taskflow_api to None, run_after=None
[2023-01-09T15:11:35.772+0400] {processor.py:175} INFO - Processing /Users/harut/opt/anaconda3/lib/python3.9/site-packages/airflow/example_dags/tutorial_taskflow_api.py took 0.489 seconds
[2023-01-09T15:12:59.286+0400] {processor.py:153} INFO - Started process (PID=14369) to work on /Users/harut/opt/anaconda3/lib/python3.9/site-packages/airflow/example_dags/tutorial_taskflow_api.py
[2023-01-09T15:12:59.287+0400] {processor.py:743} INFO - Processing file /Users/harut/opt/anaconda3/lib/python3.9/site-packages/airflow/example_dags/tutorial_taskflow_api.py for tasks to queue
[2023-01-09T15:12:59.287+0400] {logging_mixin.py:137} INFO - [2023-01-09T15:12:59.287+0400] {dagbag.py:538} INFO - Filling up the DagBag from /Users/harut/opt/anaconda3/lib/python3.9/site-packages/airflow/example_dags/tutorial_taskflow_api.py
[2023-01-09T15:12:59.321+0400] {processor.py:753} INFO - DAG(s) dict_keys(['tutorial_taskflow_api']) retrieved from /Users/harut/opt/anaconda3/lib/python3.9/site-packages/airflow/example_dags/tutorial_taskflow_api.py
[2023-01-09T15:12:59.735+0400] {logging_mixin.py:137} INFO - [2023-01-09T15:12:59.734+0400] {dag.py:2676} INFO - Sync 1 DAGs
[2023-01-09T15:12:59.745+0400] {logging_mixin.py:137} INFO - [2023-01-09T15:12:59.745+0400] {dag.py:3423} INFO - Setting next_dagrun for tutorial_taskflow_api to None, run_after=None
[2023-01-09T15:12:59.756+0400] {processor.py:175} INFO - Processing /Users/harut/opt/anaconda3/lib/python3.9/site-packages/airflow/example_dags/tutorial_taskflow_api.py took 0.470 seconds
[2023-01-09T15:14:21.917+0400] {processor.py:153} INFO - Started process (PID=14431) to work on /Users/harut/opt/anaconda3/lib/python3.9/site-packages/airflow/example_dags/tutorial_taskflow_api.py
[2023-01-09T15:14:21.918+0400] {processor.py:743} INFO - Processing file /Users/harut/opt/anaconda3/lib/python3.9/site-packages/airflow/example_dags/tutorial_taskflow_api.py for tasks to queue
[2023-01-09T15:14:21.918+0400] {logging_mixin.py:137} INFO - [2023-01-09T15:14:21.918+0400] {dagbag.py:538} INFO - Filling up the DagBag from /Users/harut/opt/anaconda3/lib/python3.9/site-packages/airflow/example_dags/tutorial_taskflow_api.py
[2023-01-09T15:14:21.948+0400] {processor.py:753} INFO - DAG(s) dict_keys(['tutorial_taskflow_api']) retrieved from /Users/harut/opt/anaconda3/lib/python3.9/site-packages/airflow/example_dags/tutorial_taskflow_api.py
[2023-01-09T15:14:22.330+0400] {logging_mixin.py:137} INFO - [2023-01-09T15:14:22.329+0400] {dag.py:2676} INFO - Sync 1 DAGs
[2023-01-09T15:14:22.339+0400] {logging_mixin.py:137} INFO - [2023-01-09T15:14:22.339+0400] {dag.py:3423} INFO - Setting next_dagrun for tutorial_taskflow_api to None, run_after=None
[2023-01-09T15:14:22.348+0400] {processor.py:175} INFO - Processing /Users/harut/opt/anaconda3/lib/python3.9/site-packages/airflow/example_dags/tutorial_taskflow_api.py took 0.431 seconds
[2023-01-09T15:15:45.408+0400] {processor.py:153} INFO - Started process (PID=14489) to work on /Users/harut/opt/anaconda3/lib/python3.9/site-packages/airflow/example_dags/tutorial_taskflow_api.py
[2023-01-09T15:15:45.409+0400] {processor.py:743} INFO - Processing file /Users/harut/opt/anaconda3/lib/python3.9/site-packages/airflow/example_dags/tutorial_taskflow_api.py for tasks to queue
[2023-01-09T15:15:45.409+0400] {logging_mixin.py:137} INFO - [2023-01-09T15:15:45.409+0400] {dagbag.py:538} INFO - Filling up the DagBag from /Users/harut/opt/anaconda3/lib/python3.9/site-packages/airflow/example_dags/tutorial_taskflow_api.py
[2023-01-09T15:15:45.443+0400] {processor.py:753} INFO - DAG(s) dict_keys(['tutorial_taskflow_api']) retrieved from /Users/harut/opt/anaconda3/lib/python3.9/site-packages/airflow/example_dags/tutorial_taskflow_api.py
[2023-01-09T15:15:45.864+0400] {logging_mixin.py:137} INFO - [2023-01-09T15:15:45.864+0400] {dag.py:2676} INFO - Sync 1 DAGs
[2023-01-09T15:15:45.875+0400] {logging_mixin.py:137} INFO - [2023-01-09T15:15:45.875+0400] {dag.py:3423} INFO - Setting next_dagrun for tutorial_taskflow_api to None, run_after=None
[2023-01-09T15:15:45.890+0400] {processor.py:175} INFO - Processing /Users/harut/opt/anaconda3/lib/python3.9/site-packages/airflow/example_dags/tutorial_taskflow_api.py took 0.482 seconds
[2023-01-09T15:17:08.358+0400] {processor.py:153} INFO - Started process (PID=14533) to work on /Users/harut/opt/anaconda3/lib/python3.9/site-packages/airflow/example_dags/tutorial_taskflow_api.py
[2023-01-09T15:17:08.359+0400] {processor.py:743} INFO - Processing file /Users/harut/opt/anaconda3/lib/python3.9/site-packages/airflow/example_dags/tutorial_taskflow_api.py for tasks to queue
[2023-01-09T15:17:08.359+0400] {logging_mixin.py:137} INFO - [2023-01-09T15:17:08.359+0400] {dagbag.py:538} INFO - Filling up the DagBag from /Users/harut/opt/anaconda3/lib/python3.9/site-packages/airflow/example_dags/tutorial_taskflow_api.py
[2023-01-09T15:17:08.392+0400] {processor.py:753} INFO - DAG(s) dict_keys(['tutorial_taskflow_api']) retrieved from /Users/harut/opt/anaconda3/lib/python3.9/site-packages/airflow/example_dags/tutorial_taskflow_api.py
[2023-01-09T15:17:08.821+0400] {logging_mixin.py:137} INFO - [2023-01-09T15:17:08.821+0400] {dag.py:2676} INFO - Sync 1 DAGs
[2023-01-09T15:17:08.833+0400] {logging_mixin.py:137} INFO - [2023-01-09T15:17:08.833+0400] {dag.py:3423} INFO - Setting next_dagrun for tutorial_taskflow_api to None, run_after=None
[2023-01-09T15:17:08.845+0400] {processor.py:175} INFO - Processing /Users/harut/opt/anaconda3/lib/python3.9/site-packages/airflow/example_dags/tutorial_taskflow_api.py took 0.488 seconds
[2023-01-09T15:18:32.211+0400] {processor.py:153} INFO - Started process (PID=14579) to work on /Users/harut/opt/anaconda3/lib/python3.9/site-packages/airflow/example_dags/tutorial_taskflow_api.py
[2023-01-09T15:18:32.211+0400] {processor.py:743} INFO - Processing file /Users/harut/opt/anaconda3/lib/python3.9/site-packages/airflow/example_dags/tutorial_taskflow_api.py for tasks to queue
[2023-01-09T15:18:32.212+0400] {logging_mixin.py:137} INFO - [2023-01-09T15:18:32.212+0400] {dagbag.py:538} INFO - Filling up the DagBag from /Users/harut/opt/anaconda3/lib/python3.9/site-packages/airflow/example_dags/tutorial_taskflow_api.py
[2023-01-09T15:18:32.242+0400] {processor.py:753} INFO - DAG(s) dict_keys(['tutorial_taskflow_api']) retrieved from /Users/harut/opt/anaconda3/lib/python3.9/site-packages/airflow/example_dags/tutorial_taskflow_api.py
[2023-01-09T15:18:32.629+0400] {logging_mixin.py:137} INFO - [2023-01-09T15:18:32.629+0400] {dag.py:2676} INFO - Sync 1 DAGs
[2023-01-09T15:18:32.639+0400] {logging_mixin.py:137} INFO - [2023-01-09T15:18:32.639+0400] {dag.py:3423} INFO - Setting next_dagrun for tutorial_taskflow_api to None, run_after=None
[2023-01-09T15:18:32.649+0400] {processor.py:175} INFO - Processing /Users/harut/opt/anaconda3/lib/python3.9/site-packages/airflow/example_dags/tutorial_taskflow_api.py took 0.438 seconds
[2023-01-09T15:19:54.972+0400] {processor.py:153} INFO - Started process (PID=14631) to work on /Users/harut/opt/anaconda3/lib/python3.9/site-packages/airflow/example_dags/tutorial_taskflow_api.py
[2023-01-09T15:19:54.973+0400] {processor.py:743} INFO - Processing file /Users/harut/opt/anaconda3/lib/python3.9/site-packages/airflow/example_dags/tutorial_taskflow_api.py for tasks to queue
[2023-01-09T15:19:54.973+0400] {logging_mixin.py:137} INFO - [2023-01-09T15:19:54.973+0400] {dagbag.py:538} INFO - Filling up the DagBag from /Users/harut/opt/anaconda3/lib/python3.9/site-packages/airflow/example_dags/tutorial_taskflow_api.py
[2023-01-09T15:19:55.005+0400] {processor.py:753} INFO - DAG(s) dict_keys(['tutorial_taskflow_api']) retrieved from /Users/harut/opt/anaconda3/lib/python3.9/site-packages/airflow/example_dags/tutorial_taskflow_api.py
[2023-01-09T15:19:55.392+0400] {logging_mixin.py:137} INFO - [2023-01-09T15:19:55.392+0400] {dag.py:2676} INFO - Sync 1 DAGs
[2023-01-09T15:19:55.401+0400] {logging_mixin.py:137} INFO - [2023-01-09T15:19:55.401+0400] {dag.py:3423} INFO - Setting next_dagrun for tutorial_taskflow_api to None, run_after=None
[2023-01-09T15:19:55.411+0400] {processor.py:175} INFO - Processing /Users/harut/opt/anaconda3/lib/python3.9/site-packages/airflow/example_dags/tutorial_taskflow_api.py took 0.439 seconds
[2023-01-09T15:21:18.700+0400] {processor.py:153} INFO - Started process (PID=14674) to work on /Users/harut/opt/anaconda3/lib/python3.9/site-packages/airflow/example_dags/tutorial_taskflow_api.py
[2023-01-09T15:21:18.700+0400] {processor.py:743} INFO - Processing file /Users/harut/opt/anaconda3/lib/python3.9/site-packages/airflow/example_dags/tutorial_taskflow_api.py for tasks to queue
[2023-01-09T15:21:18.701+0400] {logging_mixin.py:137} INFO - [2023-01-09T15:21:18.701+0400] {dagbag.py:538} INFO - Filling up the DagBag from /Users/harut/opt/anaconda3/lib/python3.9/site-packages/airflow/example_dags/tutorial_taskflow_api.py
[2023-01-09T15:21:18.733+0400] {processor.py:753} INFO - DAG(s) dict_keys(['tutorial_taskflow_api']) retrieved from /Users/harut/opt/anaconda3/lib/python3.9/site-packages/airflow/example_dags/tutorial_taskflow_api.py
[2023-01-09T15:21:19.139+0400] {logging_mixin.py:137} INFO - [2023-01-09T15:21:19.139+0400] {dag.py:2676} INFO - Sync 1 DAGs
[2023-01-09T15:21:19.150+0400] {logging_mixin.py:137} INFO - [2023-01-09T15:21:19.150+0400] {dag.py:3423} INFO - Setting next_dagrun for tutorial_taskflow_api to None, run_after=None
[2023-01-09T15:21:19.160+0400] {processor.py:175} INFO - Processing /Users/harut/opt/anaconda3/lib/python3.9/site-packages/airflow/example_dags/tutorial_taskflow_api.py took 0.461 seconds
[2023-01-09T15:22:42.728+0400] {processor.py:153} INFO - Started process (PID=14734) to work on /Users/harut/opt/anaconda3/lib/python3.9/site-packages/airflow/example_dags/tutorial_taskflow_api.py
[2023-01-09T15:22:42.729+0400] {processor.py:743} INFO - Processing file /Users/harut/opt/anaconda3/lib/python3.9/site-packages/airflow/example_dags/tutorial_taskflow_api.py for tasks to queue
[2023-01-09T15:22:42.729+0400] {logging_mixin.py:137} INFO - [2023-01-09T15:22:42.729+0400] {dagbag.py:538} INFO - Filling up the DagBag from /Users/harut/opt/anaconda3/lib/python3.9/site-packages/airflow/example_dags/tutorial_taskflow_api.py
[2023-01-09T15:22:42.759+0400] {processor.py:753} INFO - DAG(s) dict_keys(['tutorial_taskflow_api']) retrieved from /Users/harut/opt/anaconda3/lib/python3.9/site-packages/airflow/example_dags/tutorial_taskflow_api.py
[2023-01-09T15:22:43.152+0400] {logging_mixin.py:137} INFO - [2023-01-09T15:22:43.152+0400] {dag.py:2676} INFO - Sync 1 DAGs
[2023-01-09T15:22:43.162+0400] {logging_mixin.py:137} INFO - [2023-01-09T15:22:43.161+0400] {dag.py:3423} INFO - Setting next_dagrun for tutorial_taskflow_api to None, run_after=None
[2023-01-09T15:22:43.172+0400] {processor.py:175} INFO - Processing /Users/harut/opt/anaconda3/lib/python3.9/site-packages/airflow/example_dags/tutorial_taskflow_api.py took 0.444 seconds
[2023-01-09T15:24:05.455+0400] {processor.py:153} INFO - Started process (PID=14779) to work on /Users/harut/opt/anaconda3/lib/python3.9/site-packages/airflow/example_dags/tutorial_taskflow_api.py
[2023-01-09T15:24:05.455+0400] {processor.py:743} INFO - Processing file /Users/harut/opt/anaconda3/lib/python3.9/site-packages/airflow/example_dags/tutorial_taskflow_api.py for tasks to queue
[2023-01-09T15:24:05.455+0400] {logging_mixin.py:137} INFO - [2023-01-09T15:24:05.455+0400] {dagbag.py:538} INFO - Filling up the DagBag from /Users/harut/opt/anaconda3/lib/python3.9/site-packages/airflow/example_dags/tutorial_taskflow_api.py
[2023-01-09T15:24:05.485+0400] {processor.py:753} INFO - DAG(s) dict_keys(['tutorial_taskflow_api']) retrieved from /Users/harut/opt/anaconda3/lib/python3.9/site-packages/airflow/example_dags/tutorial_taskflow_api.py
[2023-01-09T15:24:05.893+0400] {logging_mixin.py:137} INFO - [2023-01-09T15:24:05.893+0400] {dag.py:2676} INFO - Sync 1 DAGs
[2023-01-09T15:24:05.904+0400] {logging_mixin.py:137} INFO - [2023-01-09T15:24:05.904+0400] {dag.py:3423} INFO - Setting next_dagrun for tutorial_taskflow_api to None, run_after=None
[2023-01-09T15:24:05.915+0400] {processor.py:175} INFO - Processing /Users/harut/opt/anaconda3/lib/python3.9/site-packages/airflow/example_dags/tutorial_taskflow_api.py took 0.461 seconds
[2023-01-09T15:25:29.173+0400] {processor.py:153} INFO - Started process (PID=14825) to work on /Users/harut/opt/anaconda3/lib/python3.9/site-packages/airflow/example_dags/tutorial_taskflow_api.py
[2023-01-09T15:25:29.173+0400] {processor.py:743} INFO - Processing file /Users/harut/opt/anaconda3/lib/python3.9/site-packages/airflow/example_dags/tutorial_taskflow_api.py for tasks to queue
[2023-01-09T15:25:29.173+0400] {logging_mixin.py:137} INFO - [2023-01-09T15:25:29.173+0400] {dagbag.py:538} INFO - Filling up the DagBag from /Users/harut/opt/anaconda3/lib/python3.9/site-packages/airflow/example_dags/tutorial_taskflow_api.py
[2023-01-09T15:25:29.202+0400] {processor.py:753} INFO - DAG(s) dict_keys(['tutorial_taskflow_api']) retrieved from /Users/harut/opt/anaconda3/lib/python3.9/site-packages/airflow/example_dags/tutorial_taskflow_api.py
[2023-01-09T15:25:29.592+0400] {logging_mixin.py:137} INFO - [2023-01-09T15:25:29.592+0400] {dag.py:2676} INFO - Sync 1 DAGs
[2023-01-09T15:25:29.602+0400] {logging_mixin.py:137} INFO - [2023-01-09T15:25:29.602+0400] {dag.py:3423} INFO - Setting next_dagrun for tutorial_taskflow_api to None, run_after=None
[2023-01-09T15:25:29.612+0400] {processor.py:175} INFO - Processing /Users/harut/opt/anaconda3/lib/python3.9/site-packages/airflow/example_dags/tutorial_taskflow_api.py took 0.439 seconds
[2023-01-09T15:26:53.251+0400] {processor.py:153} INFO - Started process (PID=14867) to work on /Users/harut/opt/anaconda3/lib/python3.9/site-packages/airflow/example_dags/tutorial_taskflow_api.py
[2023-01-09T15:26:53.251+0400] {processor.py:743} INFO - Processing file /Users/harut/opt/anaconda3/lib/python3.9/site-packages/airflow/example_dags/tutorial_taskflow_api.py for tasks to queue
[2023-01-09T15:26:53.252+0400] {logging_mixin.py:137} INFO - [2023-01-09T15:26:53.252+0400] {dagbag.py:538} INFO - Filling up the DagBag from /Users/harut/opt/anaconda3/lib/python3.9/site-packages/airflow/example_dags/tutorial_taskflow_api.py
[2023-01-09T15:26:53.284+0400] {processor.py:753} INFO - DAG(s) dict_keys(['tutorial_taskflow_api']) retrieved from /Users/harut/opt/anaconda3/lib/python3.9/site-packages/airflow/example_dags/tutorial_taskflow_api.py
[2023-01-09T15:26:53.697+0400] {logging_mixin.py:137} INFO - [2023-01-09T15:26:53.697+0400] {dag.py:2676} INFO - Sync 1 DAGs
[2023-01-09T15:26:53.709+0400] {logging_mixin.py:137} INFO - [2023-01-09T15:26:53.708+0400] {dag.py:3423} INFO - Setting next_dagrun for tutorial_taskflow_api to None, run_after=None
[2023-01-09T15:26:53.719+0400] {processor.py:175} INFO - Processing /Users/harut/opt/anaconda3/lib/python3.9/site-packages/airflow/example_dags/tutorial_taskflow_api.py took 0.468 seconds
[2023-01-09T15:28:16.535+0400] {processor.py:153} INFO - Started process (PID=14920) to work on /Users/harut/opt/anaconda3/lib/python3.9/site-packages/airflow/example_dags/tutorial_taskflow_api.py
[2023-01-09T15:28:16.536+0400] {processor.py:743} INFO - Processing file /Users/harut/opt/anaconda3/lib/python3.9/site-packages/airflow/example_dags/tutorial_taskflow_api.py for tasks to queue
[2023-01-09T15:28:16.536+0400] {logging_mixin.py:137} INFO - [2023-01-09T15:28:16.536+0400] {dagbag.py:538} INFO - Filling up the DagBag from /Users/harut/opt/anaconda3/lib/python3.9/site-packages/airflow/example_dags/tutorial_taskflow_api.py
[2023-01-09T15:28:16.571+0400] {processor.py:753} INFO - DAG(s) dict_keys(['tutorial_taskflow_api']) retrieved from /Users/harut/opt/anaconda3/lib/python3.9/site-packages/airflow/example_dags/tutorial_taskflow_api.py
[2023-01-09T15:28:16.983+0400] {logging_mixin.py:137} INFO - [2023-01-09T15:28:16.982+0400] {dag.py:2676} INFO - Sync 1 DAGs
[2023-01-09T15:28:16.992+0400] {logging_mixin.py:137} INFO - [2023-01-09T15:28:16.992+0400] {dag.py:3423} INFO - Setting next_dagrun for tutorial_taskflow_api to None, run_after=None
[2023-01-09T15:28:17.002+0400] {processor.py:175} INFO - Processing /Users/harut/opt/anaconda3/lib/python3.9/site-packages/airflow/example_dags/tutorial_taskflow_api.py took 0.467 seconds
[2023-01-09T15:29:39.067+0400] {processor.py:153} INFO - Started process (PID=14965) to work on /Users/harut/opt/anaconda3/lib/python3.9/site-packages/airflow/example_dags/tutorial_taskflow_api.py
[2023-01-09T15:29:39.068+0400] {processor.py:743} INFO - Processing file /Users/harut/opt/anaconda3/lib/python3.9/site-packages/airflow/example_dags/tutorial_taskflow_api.py for tasks to queue
[2023-01-09T15:29:39.068+0400] {logging_mixin.py:137} INFO - [2023-01-09T15:29:39.068+0400] {dagbag.py:538} INFO - Filling up the DagBag from /Users/harut/opt/anaconda3/lib/python3.9/site-packages/airflow/example_dags/tutorial_taskflow_api.py
[2023-01-09T15:29:39.098+0400] {processor.py:753} INFO - DAG(s) dict_keys(['tutorial_taskflow_api']) retrieved from /Users/harut/opt/anaconda3/lib/python3.9/site-packages/airflow/example_dags/tutorial_taskflow_api.py
[2023-01-09T15:29:39.476+0400] {logging_mixin.py:137} INFO - [2023-01-09T15:29:39.476+0400] {dag.py:2676} INFO - Sync 1 DAGs
[2023-01-09T15:29:39.486+0400] {logging_mixin.py:137} INFO - [2023-01-09T15:29:39.486+0400] {dag.py:3423} INFO - Setting next_dagrun for tutorial_taskflow_api to None, run_after=None
[2023-01-09T15:29:39.495+0400] {processor.py:175} INFO - Processing /Users/harut/opt/anaconda3/lib/python3.9/site-packages/airflow/example_dags/tutorial_taskflow_api.py took 0.428 seconds
[2023-01-09T15:31:00.227+0400] {processor.py:153} INFO - Started process (PID=15010) to work on /Users/harut/opt/anaconda3/lib/python3.9/site-packages/airflow/example_dags/tutorial_taskflow_api.py
[2023-01-09T15:31:00.228+0400] {processor.py:743} INFO - Processing file /Users/harut/opt/anaconda3/lib/python3.9/site-packages/airflow/example_dags/tutorial_taskflow_api.py for tasks to queue
[2023-01-09T15:31:00.228+0400] {logging_mixin.py:137} INFO - [2023-01-09T15:31:00.228+0400] {dagbag.py:538} INFO - Filling up the DagBag from /Users/harut/opt/anaconda3/lib/python3.9/site-packages/airflow/example_dags/tutorial_taskflow_api.py
[2023-01-09T15:31:00.260+0400] {processor.py:753} INFO - DAG(s) dict_keys(['tutorial_taskflow_api']) retrieved from /Users/harut/opt/anaconda3/lib/python3.9/site-packages/airflow/example_dags/tutorial_taskflow_api.py
[2023-01-09T15:31:00.698+0400] {logging_mixin.py:137} INFO - [2023-01-09T15:31:00.698+0400] {dag.py:2676} INFO - Sync 1 DAGs
[2023-01-09T15:31:00.710+0400] {logging_mixin.py:137} INFO - [2023-01-09T15:31:00.710+0400] {dag.py:3423} INFO - Setting next_dagrun for tutorial_taskflow_api to None, run_after=None
[2023-01-09T15:31:00.723+0400] {processor.py:175} INFO - Processing /Users/harut/opt/anaconda3/lib/python3.9/site-packages/airflow/example_dags/tutorial_taskflow_api.py took 0.496 seconds
[2023-01-09T15:32:22.461+0400] {processor.py:153} INFO - Started process (PID=15057) to work on /Users/harut/opt/anaconda3/lib/python3.9/site-packages/airflow/example_dags/tutorial_taskflow_api.py
[2023-01-09T15:32:22.462+0400] {processor.py:743} INFO - Processing file /Users/harut/opt/anaconda3/lib/python3.9/site-packages/airflow/example_dags/tutorial_taskflow_api.py for tasks to queue
[2023-01-09T15:32:22.462+0400] {logging_mixin.py:137} INFO - [2023-01-09T15:32:22.462+0400] {dagbag.py:538} INFO - Filling up the DagBag from /Users/harut/opt/anaconda3/lib/python3.9/site-packages/airflow/example_dags/tutorial_taskflow_api.py
[2023-01-09T15:32:22.494+0400] {processor.py:753} INFO - DAG(s) dict_keys(['tutorial_taskflow_api']) retrieved from /Users/harut/opt/anaconda3/lib/python3.9/site-packages/airflow/example_dags/tutorial_taskflow_api.py
[2023-01-09T15:32:22.901+0400] {logging_mixin.py:137} INFO - [2023-01-09T15:32:22.901+0400] {dag.py:2676} INFO - Sync 1 DAGs
[2023-01-09T15:32:22.911+0400] {logging_mixin.py:137} INFO - [2023-01-09T15:32:22.911+0400] {dag.py:3423} INFO - Setting next_dagrun for tutorial_taskflow_api to None, run_after=None
[2023-01-09T15:32:22.921+0400] {processor.py:175} INFO - Processing /Users/harut/opt/anaconda3/lib/python3.9/site-packages/airflow/example_dags/tutorial_taskflow_api.py took 0.461 seconds
[2023-01-09T15:33:46.827+0400] {processor.py:153} INFO - Started process (PID=15103) to work on /Users/harut/opt/anaconda3/lib/python3.9/site-packages/airflow/example_dags/tutorial_taskflow_api.py
[2023-01-09T15:33:46.827+0400] {processor.py:743} INFO - Processing file /Users/harut/opt/anaconda3/lib/python3.9/site-packages/airflow/example_dags/tutorial_taskflow_api.py for tasks to queue
[2023-01-09T15:33:46.828+0400] {logging_mixin.py:137} INFO - [2023-01-09T15:33:46.828+0400] {dagbag.py:538} INFO - Filling up the DagBag from /Users/harut/opt/anaconda3/lib/python3.9/site-packages/airflow/example_dags/tutorial_taskflow_api.py
[2023-01-09T15:33:46.860+0400] {processor.py:753} INFO - DAG(s) dict_keys(['tutorial_taskflow_api']) retrieved from /Users/harut/opt/anaconda3/lib/python3.9/site-packages/airflow/example_dags/tutorial_taskflow_api.py
[2023-01-09T15:33:47.293+0400] {logging_mixin.py:137} INFO - [2023-01-09T15:33:47.293+0400] {dag.py:2676} INFO - Sync 1 DAGs
[2023-01-09T15:33:47.304+0400] {logging_mixin.py:137} INFO - [2023-01-09T15:33:47.304+0400] {dag.py:3423} INFO - Setting next_dagrun for tutorial_taskflow_api to None, run_after=None
[2023-01-09T15:33:47.315+0400] {processor.py:175} INFO - Processing /Users/harut/opt/anaconda3/lib/python3.9/site-packages/airflow/example_dags/tutorial_taskflow_api.py took 0.489 seconds
[2023-01-09T15:35:10.645+0400] {processor.py:153} INFO - Started process (PID=15149) to work on /Users/harut/opt/anaconda3/lib/python3.9/site-packages/airflow/example_dags/tutorial_taskflow_api.py
[2023-01-09T15:35:10.646+0400] {processor.py:743} INFO - Processing file /Users/harut/opt/anaconda3/lib/python3.9/site-packages/airflow/example_dags/tutorial_taskflow_api.py for tasks to queue
[2023-01-09T15:35:10.646+0400] {logging_mixin.py:137} INFO - [2023-01-09T15:35:10.646+0400] {dagbag.py:538} INFO - Filling up the DagBag from /Users/harut/opt/anaconda3/lib/python3.9/site-packages/airflow/example_dags/tutorial_taskflow_api.py
[2023-01-09T15:35:10.678+0400] {processor.py:753} INFO - DAG(s) dict_keys(['tutorial_taskflow_api']) retrieved from /Users/harut/opt/anaconda3/lib/python3.9/site-packages/airflow/example_dags/tutorial_taskflow_api.py
[2023-01-09T15:35:11.113+0400] {logging_mixin.py:137} INFO - [2023-01-09T15:35:11.113+0400] {dag.py:2676} INFO - Sync 1 DAGs
[2023-01-09T15:35:11.124+0400] {logging_mixin.py:137} INFO - [2023-01-09T15:35:11.124+0400] {dag.py:3423} INFO - Setting next_dagrun for tutorial_taskflow_api to None, run_after=None
[2023-01-09T15:35:11.134+0400] {processor.py:175} INFO - Processing /Users/harut/opt/anaconda3/lib/python3.9/site-packages/airflow/example_dags/tutorial_taskflow_api.py took 0.489 seconds
[2023-01-09T15:36:33.022+0400] {processor.py:153} INFO - Started process (PID=15205) to work on /Users/harut/opt/anaconda3/lib/python3.9/site-packages/airflow/example_dags/tutorial_taskflow_api.py
[2023-01-09T15:36:33.023+0400] {processor.py:743} INFO - Processing file /Users/harut/opt/anaconda3/lib/python3.9/site-packages/airflow/example_dags/tutorial_taskflow_api.py for tasks to queue
[2023-01-09T15:36:33.023+0400] {logging_mixin.py:137} INFO - [2023-01-09T15:36:33.023+0400] {dagbag.py:538} INFO - Filling up the DagBag from /Users/harut/opt/anaconda3/lib/python3.9/site-packages/airflow/example_dags/tutorial_taskflow_api.py
[2023-01-09T15:36:33.052+0400] {processor.py:753} INFO - DAG(s) dict_keys(['tutorial_taskflow_api']) retrieved from /Users/harut/opt/anaconda3/lib/python3.9/site-packages/airflow/example_dags/tutorial_taskflow_api.py
[2023-01-09T15:36:33.421+0400] {logging_mixin.py:137} INFO - [2023-01-09T15:36:33.421+0400] {dag.py:2676} INFO - Sync 1 DAGs
[2023-01-09T15:36:33.430+0400] {logging_mixin.py:137} INFO - [2023-01-09T15:36:33.430+0400] {dag.py:3423} INFO - Setting next_dagrun for tutorial_taskflow_api to None, run_after=None
[2023-01-09T15:36:33.439+0400] {processor.py:175} INFO - Processing /Users/harut/opt/anaconda3/lib/python3.9/site-packages/airflow/example_dags/tutorial_taskflow_api.py took 0.417 seconds
[2023-01-09T15:37:56.354+0400] {processor.py:153} INFO - Started process (PID=15257) to work on /Users/harut/opt/anaconda3/lib/python3.9/site-packages/airflow/example_dags/tutorial_taskflow_api.py
[2023-01-09T15:37:56.355+0400] {processor.py:743} INFO - Processing file /Users/harut/opt/anaconda3/lib/python3.9/site-packages/airflow/example_dags/tutorial_taskflow_api.py for tasks to queue
[2023-01-09T15:37:56.355+0400] {logging_mixin.py:137} INFO - [2023-01-09T15:37:56.355+0400] {dagbag.py:538} INFO - Filling up the DagBag from /Users/harut/opt/anaconda3/lib/python3.9/site-packages/airflow/example_dags/tutorial_taskflow_api.py
[2023-01-09T15:37:56.384+0400] {processor.py:753} INFO - DAG(s) dict_keys(['tutorial_taskflow_api']) retrieved from /Users/harut/opt/anaconda3/lib/python3.9/site-packages/airflow/example_dags/tutorial_taskflow_api.py
[2023-01-09T15:37:56.752+0400] {logging_mixin.py:137} INFO - [2023-01-09T15:37:56.752+0400] {dag.py:2676} INFO - Sync 1 DAGs
[2023-01-09T15:37:56.762+0400] {logging_mixin.py:137} INFO - [2023-01-09T15:37:56.762+0400] {dag.py:3423} INFO - Setting next_dagrun for tutorial_taskflow_api to None, run_after=None
[2023-01-09T15:37:56.771+0400] {processor.py:175} INFO - Processing /Users/harut/opt/anaconda3/lib/python3.9/site-packages/airflow/example_dags/tutorial_taskflow_api.py took 0.417 seconds
[2023-01-09T15:39:18.796+0400] {processor.py:153} INFO - Started process (PID=15301) to work on /Users/harut/opt/anaconda3/lib/python3.9/site-packages/airflow/example_dags/tutorial_taskflow_api.py
[2023-01-09T15:39:18.796+0400] {processor.py:743} INFO - Processing file /Users/harut/opt/anaconda3/lib/python3.9/site-packages/airflow/example_dags/tutorial_taskflow_api.py for tasks to queue
[2023-01-09T15:39:18.797+0400] {logging_mixin.py:137} INFO - [2023-01-09T15:39:18.797+0400] {dagbag.py:538} INFO - Filling up the DagBag from /Users/harut/opt/anaconda3/lib/python3.9/site-packages/airflow/example_dags/tutorial_taskflow_api.py
[2023-01-09T15:39:18.831+0400] {processor.py:753} INFO - DAG(s) dict_keys(['tutorial_taskflow_api']) retrieved from /Users/harut/opt/anaconda3/lib/python3.9/site-packages/airflow/example_dags/tutorial_taskflow_api.py
[2023-01-09T15:39:19.205+0400] {logging_mixin.py:137} INFO - [2023-01-09T15:39:19.205+0400] {dag.py:2676} INFO - Sync 1 DAGs
[2023-01-09T15:39:19.214+0400] {logging_mixin.py:137} INFO - [2023-01-09T15:39:19.214+0400] {dag.py:3423} INFO - Setting next_dagrun for tutorial_taskflow_api to None, run_after=None
[2023-01-09T15:39:19.224+0400] {processor.py:175} INFO - Processing /Users/harut/opt/anaconda3/lib/python3.9/site-packages/airflow/example_dags/tutorial_taskflow_api.py took 0.429 seconds
[2023-01-09T15:40:39.267+0400] {processor.py:153} INFO - Started process (PID=15353) to work on /Users/harut/opt/anaconda3/lib/python3.9/site-packages/airflow/example_dags/tutorial_taskflow_api.py
[2023-01-09T15:40:39.268+0400] {processor.py:743} INFO - Processing file /Users/harut/opt/anaconda3/lib/python3.9/site-packages/airflow/example_dags/tutorial_taskflow_api.py for tasks to queue
[2023-01-09T15:40:39.268+0400] {logging_mixin.py:137} INFO - [2023-01-09T15:40:39.268+0400] {dagbag.py:538} INFO - Filling up the DagBag from /Users/harut/opt/anaconda3/lib/python3.9/site-packages/airflow/example_dags/tutorial_taskflow_api.py
[2023-01-09T15:40:39.296+0400] {processor.py:753} INFO - DAG(s) dict_keys(['tutorial_taskflow_api']) retrieved from /Users/harut/opt/anaconda3/lib/python3.9/site-packages/airflow/example_dags/tutorial_taskflow_api.py
[2023-01-09T15:40:39.665+0400] {logging_mixin.py:137} INFO - [2023-01-09T15:40:39.665+0400] {dag.py:2676} INFO - Sync 1 DAGs
[2023-01-09T15:40:39.675+0400] {logging_mixin.py:137} INFO - [2023-01-09T15:40:39.675+0400] {dag.py:3423} INFO - Setting next_dagrun for tutorial_taskflow_api to None, run_after=None
[2023-01-09T15:40:39.685+0400] {processor.py:175} INFO - Processing /Users/harut/opt/anaconda3/lib/python3.9/site-packages/airflow/example_dags/tutorial_taskflow_api.py took 0.418 seconds
