[2023-01-09T14:16:30.091+0400] {processor.py:153} INFO - Started process (PID=12374) to work on /Users/harut/opt/anaconda3/lib/python3.9/site-packages/airflow/example_dags/tutorial_taskflow_api_virtualenv.py
[2023-01-09T14:16:30.091+0400] {processor.py:743} INFO - Processing file /Users/harut/opt/anaconda3/lib/python3.9/site-packages/airflow/example_dags/tutorial_taskflow_api_virtualenv.py for tasks to queue
[2023-01-09T14:16:30.092+0400] {logging_mixin.py:137} INFO - [2023-01-09T14:16:30.091+0400] {dagbag.py:538} INFO - Filling up the DagBag from /Users/harut/opt/anaconda3/lib/python3.9/site-packages/airflow/example_dags/tutorial_taskflow_api_virtualenv.py
[2023-01-09T14:16:30.120+0400] {logging_mixin.py:137} INFO - [2023-01-09T14:16:30.120+0400] {tutorial_taskflow_api_virtualenv.py:29} WARNING - The tutorial_taskflow_api_virtualenv example DAG requires virtualenv, please install it.
[2023-01-09T14:16:30.121+0400] {processor.py:755} WARNING - No viable dags retrieved from /Users/harut/opt/anaconda3/lib/python3.9/site-packages/airflow/example_dags/tutorial_taskflow_api_virtualenv.py
[2023-01-09T14:16:30.497+0400] {processor.py:175} INFO - Processing /Users/harut/opt/anaconda3/lib/python3.9/site-packages/airflow/example_dags/tutorial_taskflow_api_virtualenv.py took 0.407 seconds
[2023-01-09T14:17:52.218+0400] {processor.py:153} INFO - Started process (PID=12440) to work on /Users/harut/opt/anaconda3/lib/python3.9/site-packages/airflow/example_dags/tutorial_taskflow_api_virtualenv.py
[2023-01-09T14:17:52.218+0400] {processor.py:743} INFO - Processing file /Users/harut/opt/anaconda3/lib/python3.9/site-packages/airflow/example_dags/tutorial_taskflow_api_virtualenv.py for tasks to queue
[2023-01-09T14:17:52.218+0400] {logging_mixin.py:137} INFO - [2023-01-09T14:17:52.218+0400] {dagbag.py:538} INFO - Filling up the DagBag from /Users/harut/opt/anaconda3/lib/python3.9/site-packages/airflow/example_dags/tutorial_taskflow_api_virtualenv.py
[2023-01-09T14:17:52.243+0400] {logging_mixin.py:137} INFO - [2023-01-09T14:17:52.243+0400] {tutorial_taskflow_api_virtualenv.py:29} WARNING - The tutorial_taskflow_api_virtualenv example DAG requires virtualenv, please install it.
[2023-01-09T14:17:52.243+0400] {processor.py:755} WARNING - No viable dags retrieved from /Users/harut/opt/anaconda3/lib/python3.9/site-packages/airflow/example_dags/tutorial_taskflow_api_virtualenv.py
[2023-01-09T14:17:52.560+0400] {processor.py:175} INFO - Processing /Users/harut/opt/anaconda3/lib/python3.9/site-packages/airflow/example_dags/tutorial_taskflow_api_virtualenv.py took 0.342 seconds
[2023-01-09T14:18:55.197+0400] {processor.py:153} INFO - Started process (PID=12492) to work on /Users/harut/opt/anaconda3/lib/python3.9/site-packages/airflow/example_dags/tutorial_taskflow_api_virtualenv.py
[2023-01-09T14:18:55.197+0400] {processor.py:743} INFO - Processing file /Users/harut/opt/anaconda3/lib/python3.9/site-packages/airflow/example_dags/tutorial_taskflow_api_virtualenv.py for tasks to queue
[2023-01-09T14:18:55.198+0400] {logging_mixin.py:137} INFO - [2023-01-09T14:18:55.198+0400] {dagbag.py:538} INFO - Filling up the DagBag from /Users/harut/opt/anaconda3/lib/python3.9/site-packages/airflow/example_dags/tutorial_taskflow_api_virtualenv.py
[2023-01-09T14:18:55.226+0400] {logging_mixin.py:137} INFO - [2023-01-09T14:18:55.226+0400] {tutorial_taskflow_api_virtualenv.py:29} WARNING - The tutorial_taskflow_api_virtualenv example DAG requires virtualenv, please install it.
[2023-01-09T14:18:55.226+0400] {processor.py:755} WARNING - No viable dags retrieved from /Users/harut/opt/anaconda3/lib/python3.9/site-packages/airflow/example_dags/tutorial_taskflow_api_virtualenv.py
[2023-01-09T14:18:55.595+0400] {processor.py:175} INFO - Processing /Users/harut/opt/anaconda3/lib/python3.9/site-packages/airflow/example_dags/tutorial_taskflow_api_virtualenv.py took 0.399 seconds
[2023-01-09T14:20:15.810+0400] {processor.py:153} INFO - Started process (PID=12533) to work on /Users/harut/opt/anaconda3/lib/python3.9/site-packages/airflow/example_dags/tutorial_taskflow_api_virtualenv.py
[2023-01-09T14:20:15.810+0400] {processor.py:743} INFO - Processing file /Users/harut/opt/anaconda3/lib/python3.9/site-packages/airflow/example_dags/tutorial_taskflow_api_virtualenv.py for tasks to queue
[2023-01-09T14:20:15.811+0400] {logging_mixin.py:137} INFO - [2023-01-09T14:20:15.810+0400] {dagbag.py:538} INFO - Filling up the DagBag from /Users/harut/opt/anaconda3/lib/python3.9/site-packages/airflow/example_dags/tutorial_taskflow_api_virtualenv.py
[2023-01-09T14:20:15.836+0400] {logging_mixin.py:137} INFO - [2023-01-09T14:20:15.836+0400] {tutorial_taskflow_api_virtualenv.py:29} WARNING - The tutorial_taskflow_api_virtualenv example DAG requires virtualenv, please install it.
[2023-01-09T14:20:15.836+0400] {processor.py:755} WARNING - No viable dags retrieved from /Users/harut/opt/anaconda3/lib/python3.9/site-packages/airflow/example_dags/tutorial_taskflow_api_virtualenv.py
[2023-01-09T14:20:16.171+0400] {processor.py:175} INFO - Processing /Users/harut/opt/anaconda3/lib/python3.9/site-packages/airflow/example_dags/tutorial_taskflow_api_virtualenv.py took 0.362 seconds
[2023-01-09T14:21:31.896+0400] {processor.py:153} INFO - Started process (PID=12574) to work on /Users/harut/opt/anaconda3/lib/python3.9/site-packages/airflow/example_dags/tutorial_taskflow_api_virtualenv.py
[2023-01-09T14:21:31.897+0400] {processor.py:743} INFO - Processing file /Users/harut/opt/anaconda3/lib/python3.9/site-packages/airflow/example_dags/tutorial_taskflow_api_virtualenv.py for tasks to queue
[2023-01-09T14:21:31.897+0400] {logging_mixin.py:137} INFO - [2023-01-09T14:21:31.897+0400] {dagbag.py:538} INFO - Filling up the DagBag from /Users/harut/opt/anaconda3/lib/python3.9/site-packages/airflow/example_dags/tutorial_taskflow_api_virtualenv.py
[2023-01-09T14:21:31.922+0400] {logging_mixin.py:137} INFO - [2023-01-09T14:21:31.922+0400] {tutorial_taskflow_api_virtualenv.py:29} WARNING - The tutorial_taskflow_api_virtualenv example DAG requires virtualenv, please install it.
[2023-01-09T14:21:31.922+0400] {processor.py:755} WARNING - No viable dags retrieved from /Users/harut/opt/anaconda3/lib/python3.9/site-packages/airflow/example_dags/tutorial_taskflow_api_virtualenv.py
[2023-01-09T14:21:32.244+0400] {processor.py:175} INFO - Processing /Users/harut/opt/anaconda3/lib/python3.9/site-packages/airflow/example_dags/tutorial_taskflow_api_virtualenv.py took 0.348 seconds
[2023-01-09T14:22:46.312+0400] {processor.py:153} INFO - Started process (PID=12625) to work on /Users/harut/opt/anaconda3/lib/python3.9/site-packages/airflow/example_dags/tutorial_taskflow_api_virtualenv.py
[2023-01-09T14:22:46.313+0400] {processor.py:743} INFO - Processing file /Users/harut/opt/anaconda3/lib/python3.9/site-packages/airflow/example_dags/tutorial_taskflow_api_virtualenv.py for tasks to queue
[2023-01-09T14:22:46.313+0400] {logging_mixin.py:137} INFO - [2023-01-09T14:22:46.313+0400] {dagbag.py:538} INFO - Filling up the DagBag from /Users/harut/opt/anaconda3/lib/python3.9/site-packages/airflow/example_dags/tutorial_taskflow_api_virtualenv.py
[2023-01-09T14:22:46.338+0400] {logging_mixin.py:137} INFO - [2023-01-09T14:22:46.338+0400] {tutorial_taskflow_api_virtualenv.py:29} WARNING - The tutorial_taskflow_api_virtualenv example DAG requires virtualenv, please install it.
[2023-01-09T14:22:46.338+0400] {processor.py:755} WARNING - No viable dags retrieved from /Users/harut/opt/anaconda3/lib/python3.9/site-packages/airflow/example_dags/tutorial_taskflow_api_virtualenv.py
[2023-01-09T14:22:46.675+0400] {processor.py:175} INFO - Processing /Users/harut/opt/anaconda3/lib/python3.9/site-packages/airflow/example_dags/tutorial_taskflow_api_virtualenv.py took 0.363 seconds
[2023-01-09T14:24:06.502+0400] {processor.py:153} INFO - Started process (PID=12670) to work on /Users/harut/opt/anaconda3/lib/python3.9/site-packages/airflow/example_dags/tutorial_taskflow_api_virtualenv.py
[2023-01-09T14:24:06.502+0400] {processor.py:743} INFO - Processing file /Users/harut/opt/anaconda3/lib/python3.9/site-packages/airflow/example_dags/tutorial_taskflow_api_virtualenv.py for tasks to queue
[2023-01-09T14:24:06.503+0400] {logging_mixin.py:137} INFO - [2023-01-09T14:24:06.502+0400] {dagbag.py:538} INFO - Filling up the DagBag from /Users/harut/opt/anaconda3/lib/python3.9/site-packages/airflow/example_dags/tutorial_taskflow_api_virtualenv.py
[2023-01-09T14:24:06.527+0400] {logging_mixin.py:137} INFO - [2023-01-09T14:24:06.527+0400] {tutorial_taskflow_api_virtualenv.py:29} WARNING - The tutorial_taskflow_api_virtualenv example DAG requires virtualenv, please install it.
[2023-01-09T14:24:06.528+0400] {processor.py:755} WARNING - No viable dags retrieved from /Users/harut/opt/anaconda3/lib/python3.9/site-packages/airflow/example_dags/tutorial_taskflow_api_virtualenv.py
[2023-01-09T14:24:06.847+0400] {processor.py:175} INFO - Processing /Users/harut/opt/anaconda3/lib/python3.9/site-packages/airflow/example_dags/tutorial_taskflow_api_virtualenv.py took 0.345 seconds
[2023-01-09T14:25:25.226+0400] {processor.py:153} INFO - Started process (PID=12711) to work on /Users/harut/opt/anaconda3/lib/python3.9/site-packages/airflow/example_dags/tutorial_taskflow_api_virtualenv.py
[2023-01-09T14:25:25.227+0400] {processor.py:743} INFO - Processing file /Users/harut/opt/anaconda3/lib/python3.9/site-packages/airflow/example_dags/tutorial_taskflow_api_virtualenv.py for tasks to queue
[2023-01-09T14:25:25.227+0400] {logging_mixin.py:137} INFO - [2023-01-09T14:25:25.227+0400] {dagbag.py:538} INFO - Filling up the DagBag from /Users/harut/opt/anaconda3/lib/python3.9/site-packages/airflow/example_dags/tutorial_taskflow_api_virtualenv.py
[2023-01-09T14:25:25.253+0400] {logging_mixin.py:137} INFO - [2023-01-09T14:25:25.253+0400] {tutorial_taskflow_api_virtualenv.py:29} WARNING - The tutorial_taskflow_api_virtualenv example DAG requires virtualenv, please install it.
[2023-01-09T14:25:25.253+0400] {processor.py:755} WARNING - No viable dags retrieved from /Users/harut/opt/anaconda3/lib/python3.9/site-packages/airflow/example_dags/tutorial_taskflow_api_virtualenv.py
[2023-01-09T14:25:25.577+0400] {processor.py:175} INFO - Processing /Users/harut/opt/anaconda3/lib/python3.9/site-packages/airflow/example_dags/tutorial_taskflow_api_virtualenv.py took 0.351 seconds
[2023-01-09T14:26:42.947+0400] {processor.py:153} INFO - Started process (PID=12757) to work on /Users/harut/opt/anaconda3/lib/python3.9/site-packages/airflow/example_dags/tutorial_taskflow_api_virtualenv.py
[2023-01-09T14:26:42.948+0400] {processor.py:743} INFO - Processing file /Users/harut/opt/anaconda3/lib/python3.9/site-packages/airflow/example_dags/tutorial_taskflow_api_virtualenv.py for tasks to queue
[2023-01-09T14:26:42.948+0400] {logging_mixin.py:137} INFO - [2023-01-09T14:26:42.948+0400] {dagbag.py:538} INFO - Filling up the DagBag from /Users/harut/opt/anaconda3/lib/python3.9/site-packages/airflow/example_dags/tutorial_taskflow_api_virtualenv.py
[2023-01-09T14:26:42.974+0400] {logging_mixin.py:137} INFO - [2023-01-09T14:26:42.974+0400] {tutorial_taskflow_api_virtualenv.py:29} WARNING - The tutorial_taskflow_api_virtualenv example DAG requires virtualenv, please install it.
[2023-01-09T14:26:42.974+0400] {processor.py:755} WARNING - No viable dags retrieved from /Users/harut/opt/anaconda3/lib/python3.9/site-packages/airflow/example_dags/tutorial_taskflow_api_virtualenv.py
[2023-01-09T14:26:43.316+0400] {processor.py:175} INFO - Processing /Users/harut/opt/anaconda3/lib/python3.9/site-packages/airflow/example_dags/tutorial_taskflow_api_virtualenv.py took 0.369 seconds
[2023-01-09T14:27:59.304+0400] {processor.py:153} INFO - Started process (PID=12802) to work on /Users/harut/opt/anaconda3/lib/python3.9/site-packages/airflow/example_dags/tutorial_taskflow_api_virtualenv.py
[2023-01-09T14:27:59.305+0400] {processor.py:743} INFO - Processing file /Users/harut/opt/anaconda3/lib/python3.9/site-packages/airflow/example_dags/tutorial_taskflow_api_virtualenv.py for tasks to queue
[2023-01-09T14:27:59.305+0400] {logging_mixin.py:137} INFO - [2023-01-09T14:27:59.305+0400] {dagbag.py:538} INFO - Filling up the DagBag from /Users/harut/opt/anaconda3/lib/python3.9/site-packages/airflow/example_dags/tutorial_taskflow_api_virtualenv.py
[2023-01-09T14:27:59.331+0400] {logging_mixin.py:137} INFO - [2023-01-09T14:27:59.331+0400] {tutorial_taskflow_api_virtualenv.py:29} WARNING - The tutorial_taskflow_api_virtualenv example DAG requires virtualenv, please install it.
[2023-01-09T14:27:59.331+0400] {processor.py:755} WARNING - No viable dags retrieved from /Users/harut/opt/anaconda3/lib/python3.9/site-packages/airflow/example_dags/tutorial_taskflow_api_virtualenv.py
[2023-01-09T14:27:59.663+0400] {processor.py:175} INFO - Processing /Users/harut/opt/anaconda3/lib/python3.9/site-packages/airflow/example_dags/tutorial_taskflow_api_virtualenv.py took 0.360 seconds
[2023-01-09T14:29:17.444+0400] {processor.py:153} INFO - Started process (PID=12843) to work on /Users/harut/opt/anaconda3/lib/python3.9/site-packages/airflow/example_dags/tutorial_taskflow_api_virtualenv.py
[2023-01-09T14:29:17.445+0400] {processor.py:743} INFO - Processing file /Users/harut/opt/anaconda3/lib/python3.9/site-packages/airflow/example_dags/tutorial_taskflow_api_virtualenv.py for tasks to queue
[2023-01-09T14:29:17.445+0400] {logging_mixin.py:137} INFO - [2023-01-09T14:29:17.445+0400] {dagbag.py:538} INFO - Filling up the DagBag from /Users/harut/opt/anaconda3/lib/python3.9/site-packages/airflow/example_dags/tutorial_taskflow_api_virtualenv.py
[2023-01-09T14:29:17.472+0400] {logging_mixin.py:137} INFO - [2023-01-09T14:29:17.472+0400] {tutorial_taskflow_api_virtualenv.py:29} WARNING - The tutorial_taskflow_api_virtualenv example DAG requires virtualenv, please install it.
[2023-01-09T14:29:17.472+0400] {processor.py:755} WARNING - No viable dags retrieved from /Users/harut/opt/anaconda3/lib/python3.9/site-packages/airflow/example_dags/tutorial_taskflow_api_virtualenv.py
[2023-01-09T14:29:17.795+0400] {processor.py:175} INFO - Processing /Users/harut/opt/anaconda3/lib/python3.9/site-packages/airflow/example_dags/tutorial_taskflow_api_virtualenv.py took 0.352 seconds
[2023-01-09T14:30:33.128+0400] {processor.py:153} INFO - Started process (PID=12887) to work on /Users/harut/opt/anaconda3/lib/python3.9/site-packages/airflow/example_dags/tutorial_taskflow_api_virtualenv.py
[2023-01-09T14:30:33.129+0400] {processor.py:743} INFO - Processing file /Users/harut/opt/anaconda3/lib/python3.9/site-packages/airflow/example_dags/tutorial_taskflow_api_virtualenv.py for tasks to queue
[2023-01-09T14:30:33.129+0400] {logging_mixin.py:137} INFO - [2023-01-09T14:30:33.129+0400] {dagbag.py:538} INFO - Filling up the DagBag from /Users/harut/opt/anaconda3/lib/python3.9/site-packages/airflow/example_dags/tutorial_taskflow_api_virtualenv.py
[2023-01-09T14:30:33.156+0400] {logging_mixin.py:137} INFO - [2023-01-09T14:30:33.156+0400] {tutorial_taskflow_api_virtualenv.py:29} WARNING - The tutorial_taskflow_api_virtualenv example DAG requires virtualenv, please install it.
[2023-01-09T14:30:33.156+0400] {processor.py:755} WARNING - No viable dags retrieved from /Users/harut/opt/anaconda3/lib/python3.9/site-packages/airflow/example_dags/tutorial_taskflow_api_virtualenv.py
[2023-01-09T14:30:33.490+0400] {processor.py:175} INFO - Processing /Users/harut/opt/anaconda3/lib/python3.9/site-packages/airflow/example_dags/tutorial_taskflow_api_virtualenv.py took 0.363 seconds
[2023-01-09T14:31:48.876+0400] {processor.py:153} INFO - Started process (PID=12931) to work on /Users/harut/opt/anaconda3/lib/python3.9/site-packages/airflow/example_dags/tutorial_taskflow_api_virtualenv.py
[2023-01-09T14:31:48.877+0400] {processor.py:743} INFO - Processing file /Users/harut/opt/anaconda3/lib/python3.9/site-packages/airflow/example_dags/tutorial_taskflow_api_virtualenv.py for tasks to queue
[2023-01-09T14:31:48.877+0400] {logging_mixin.py:137} INFO - [2023-01-09T14:31:48.877+0400] {dagbag.py:538} INFO - Filling up the DagBag from /Users/harut/opt/anaconda3/lib/python3.9/site-packages/airflow/example_dags/tutorial_taskflow_api_virtualenv.py
[2023-01-09T14:31:48.902+0400] {logging_mixin.py:137} INFO - [2023-01-09T14:31:48.902+0400] {tutorial_taskflow_api_virtualenv.py:29} WARNING - The tutorial_taskflow_api_virtualenv example DAG requires virtualenv, please install it.
[2023-01-09T14:31:48.902+0400] {processor.py:755} WARNING - No viable dags retrieved from /Users/harut/opt/anaconda3/lib/python3.9/site-packages/airflow/example_dags/tutorial_taskflow_api_virtualenv.py
[2023-01-09T14:31:49.220+0400] {processor.py:175} INFO - Processing /Users/harut/opt/anaconda3/lib/python3.9/site-packages/airflow/example_dags/tutorial_taskflow_api_virtualenv.py took 0.344 seconds
[2023-01-09T14:33:04.347+0400] {processor.py:153} INFO - Started process (PID=12981) to work on /Users/harut/opt/anaconda3/lib/python3.9/site-packages/airflow/example_dags/tutorial_taskflow_api_virtualenv.py
[2023-01-09T14:33:04.348+0400] {processor.py:743} INFO - Processing file /Users/harut/opt/anaconda3/lib/python3.9/site-packages/airflow/example_dags/tutorial_taskflow_api_virtualenv.py for tasks to queue
[2023-01-09T14:33:04.348+0400] {logging_mixin.py:137} INFO - [2023-01-09T14:33:04.348+0400] {dagbag.py:538} INFO - Filling up the DagBag from /Users/harut/opt/anaconda3/lib/python3.9/site-packages/airflow/example_dags/tutorial_taskflow_api_virtualenv.py
[2023-01-09T14:33:04.375+0400] {logging_mixin.py:137} INFO - [2023-01-09T14:33:04.375+0400] {tutorial_taskflow_api_virtualenv.py:29} WARNING - The tutorial_taskflow_api_virtualenv example DAG requires virtualenv, please install it.
[2023-01-09T14:33:04.376+0400] {processor.py:755} WARNING - No viable dags retrieved from /Users/harut/opt/anaconda3/lib/python3.9/site-packages/airflow/example_dags/tutorial_taskflow_api_virtualenv.py
[2023-01-09T14:33:04.709+0400] {processor.py:175} INFO - Processing /Users/harut/opt/anaconda3/lib/python3.9/site-packages/airflow/example_dags/tutorial_taskflow_api_virtualenv.py took 0.362 seconds
[2023-01-09T14:34:21.595+0400] {processor.py:153} INFO - Started process (PID=13031) to work on /Users/harut/opt/anaconda3/lib/python3.9/site-packages/airflow/example_dags/tutorial_taskflow_api_virtualenv.py
[2023-01-09T14:34:21.595+0400] {processor.py:743} INFO - Processing file /Users/harut/opt/anaconda3/lib/python3.9/site-packages/airflow/example_dags/tutorial_taskflow_api_virtualenv.py for tasks to queue
[2023-01-09T14:34:21.596+0400] {logging_mixin.py:137} INFO - [2023-01-09T14:34:21.596+0400] {dagbag.py:538} INFO - Filling up the DagBag from /Users/harut/opt/anaconda3/lib/python3.9/site-packages/airflow/example_dags/tutorial_taskflow_api_virtualenv.py
[2023-01-09T14:34:21.621+0400] {logging_mixin.py:137} INFO - [2023-01-09T14:34:21.621+0400] {tutorial_taskflow_api_virtualenv.py:29} WARNING - The tutorial_taskflow_api_virtualenv example DAG requires virtualenv, please install it.
[2023-01-09T14:34:21.621+0400] {processor.py:755} WARNING - No viable dags retrieved from /Users/harut/opt/anaconda3/lib/python3.9/site-packages/airflow/example_dags/tutorial_taskflow_api_virtualenv.py
[2023-01-09T14:34:21.938+0400] {processor.py:175} INFO - Processing /Users/harut/opt/anaconda3/lib/python3.9/site-packages/airflow/example_dags/tutorial_taskflow_api_virtualenv.py took 0.344 seconds
[2023-01-09T14:35:39.790+0400] {processor.py:153} INFO - Started process (PID=13078) to work on /Users/harut/opt/anaconda3/lib/python3.9/site-packages/airflow/example_dags/tutorial_taskflow_api_virtualenv.py
[2023-01-09T14:35:39.791+0400] {processor.py:743} INFO - Processing file /Users/harut/opt/anaconda3/lib/python3.9/site-packages/airflow/example_dags/tutorial_taskflow_api_virtualenv.py for tasks to queue
[2023-01-09T14:35:39.791+0400] {logging_mixin.py:137} INFO - [2023-01-09T14:35:39.791+0400] {dagbag.py:538} INFO - Filling up the DagBag from /Users/harut/opt/anaconda3/lib/python3.9/site-packages/airflow/example_dags/tutorial_taskflow_api_virtualenv.py
[2023-01-09T14:35:39.815+0400] {logging_mixin.py:137} INFO - [2023-01-09T14:35:39.815+0400] {tutorial_taskflow_api_virtualenv.py:29} WARNING - The tutorial_taskflow_api_virtualenv example DAG requires virtualenv, please install it.
[2023-01-09T14:35:39.815+0400] {processor.py:755} WARNING - No viable dags retrieved from /Users/harut/opt/anaconda3/lib/python3.9/site-packages/airflow/example_dags/tutorial_taskflow_api_virtualenv.py
[2023-01-09T14:35:40.137+0400] {processor.py:175} INFO - Processing /Users/harut/opt/anaconda3/lib/python3.9/site-packages/airflow/example_dags/tutorial_taskflow_api_virtualenv.py took 0.347 seconds
[2023-01-09T14:36:56.793+0400] {processor.py:153} INFO - Started process (PID=13124) to work on /Users/harut/opt/anaconda3/lib/python3.9/site-packages/airflow/example_dags/tutorial_taskflow_api_virtualenv.py
[2023-01-09T14:36:56.794+0400] {processor.py:743} INFO - Processing file /Users/harut/opt/anaconda3/lib/python3.9/site-packages/airflow/example_dags/tutorial_taskflow_api_virtualenv.py for tasks to queue
[2023-01-09T14:36:56.794+0400] {logging_mixin.py:137} INFO - [2023-01-09T14:36:56.794+0400] {dagbag.py:538} INFO - Filling up the DagBag from /Users/harut/opt/anaconda3/lib/python3.9/site-packages/airflow/example_dags/tutorial_taskflow_api_virtualenv.py
[2023-01-09T14:36:56.818+0400] {logging_mixin.py:137} INFO - [2023-01-09T14:36:56.818+0400] {tutorial_taskflow_api_virtualenv.py:29} WARNING - The tutorial_taskflow_api_virtualenv example DAG requires virtualenv, please install it.
[2023-01-09T14:36:56.819+0400] {processor.py:755} WARNING - No viable dags retrieved from /Users/harut/opt/anaconda3/lib/python3.9/site-packages/airflow/example_dags/tutorial_taskflow_api_virtualenv.py
[2023-01-09T14:36:57.135+0400] {processor.py:175} INFO - Processing /Users/harut/opt/anaconda3/lib/python3.9/site-packages/airflow/example_dags/tutorial_taskflow_api_virtualenv.py took 0.342 seconds
[2023-01-09T14:38:13.914+0400] {processor.py:153} INFO - Started process (PID=13170) to work on /Users/harut/opt/anaconda3/lib/python3.9/site-packages/airflow/example_dags/tutorial_taskflow_api_virtualenv.py
[2023-01-09T14:38:13.914+0400] {processor.py:743} INFO - Processing file /Users/harut/opt/anaconda3/lib/python3.9/site-packages/airflow/example_dags/tutorial_taskflow_api_virtualenv.py for tasks to queue
[2023-01-09T14:38:13.914+0400] {logging_mixin.py:137} INFO - [2023-01-09T14:38:13.914+0400] {dagbag.py:538} INFO - Filling up the DagBag from /Users/harut/opt/anaconda3/lib/python3.9/site-packages/airflow/example_dags/tutorial_taskflow_api_virtualenv.py
[2023-01-09T14:38:13.939+0400] {logging_mixin.py:137} INFO - [2023-01-09T14:38:13.939+0400] {tutorial_taskflow_api_virtualenv.py:29} WARNING - The tutorial_taskflow_api_virtualenv example DAG requires virtualenv, please install it.
[2023-01-09T14:38:13.939+0400] {processor.py:755} WARNING - No viable dags retrieved from /Users/harut/opt/anaconda3/lib/python3.9/site-packages/airflow/example_dags/tutorial_taskflow_api_virtualenv.py
[2023-01-09T14:38:14.275+0400] {processor.py:175} INFO - Processing /Users/harut/opt/anaconda3/lib/python3.9/site-packages/airflow/example_dags/tutorial_taskflow_api_virtualenv.py took 0.362 seconds
[2023-01-09T14:39:31.342+0400] {processor.py:153} INFO - Started process (PID=13211) to work on /Users/harut/opt/anaconda3/lib/python3.9/site-packages/airflow/example_dags/tutorial_taskflow_api_virtualenv.py
[2023-01-09T14:39:31.342+0400] {processor.py:743} INFO - Processing file /Users/harut/opt/anaconda3/lib/python3.9/site-packages/airflow/example_dags/tutorial_taskflow_api_virtualenv.py for tasks to queue
[2023-01-09T14:39:31.343+0400] {logging_mixin.py:137} INFO - [2023-01-09T14:39:31.343+0400] {dagbag.py:538} INFO - Filling up the DagBag from /Users/harut/opt/anaconda3/lib/python3.9/site-packages/airflow/example_dags/tutorial_taskflow_api_virtualenv.py
[2023-01-09T14:39:31.368+0400] {logging_mixin.py:137} INFO - [2023-01-09T14:39:31.368+0400] {tutorial_taskflow_api_virtualenv.py:29} WARNING - The tutorial_taskflow_api_virtualenv example DAG requires virtualenv, please install it.
[2023-01-09T14:39:31.369+0400] {processor.py:755} WARNING - No viable dags retrieved from /Users/harut/opt/anaconda3/lib/python3.9/site-packages/airflow/example_dags/tutorial_taskflow_api_virtualenv.py
[2023-01-09T14:39:31.715+0400] {processor.py:175} INFO - Processing /Users/harut/opt/anaconda3/lib/python3.9/site-packages/airflow/example_dags/tutorial_taskflow_api_virtualenv.py took 0.373 seconds
[2023-01-09T14:40:48.092+0400] {processor.py:153} INFO - Started process (PID=13257) to work on /Users/harut/opt/anaconda3/lib/python3.9/site-packages/airflow/example_dags/tutorial_taskflow_api_virtualenv.py
[2023-01-09T14:40:48.092+0400] {processor.py:743} INFO - Processing file /Users/harut/opt/anaconda3/lib/python3.9/site-packages/airflow/example_dags/tutorial_taskflow_api_virtualenv.py for tasks to queue
[2023-01-09T14:40:48.092+0400] {logging_mixin.py:137} INFO - [2023-01-09T14:40:48.092+0400] {dagbag.py:538} INFO - Filling up the DagBag from /Users/harut/opt/anaconda3/lib/python3.9/site-packages/airflow/example_dags/tutorial_taskflow_api_virtualenv.py
[2023-01-09T14:40:48.117+0400] {logging_mixin.py:137} INFO - [2023-01-09T14:40:48.117+0400] {tutorial_taskflow_api_virtualenv.py:29} WARNING - The tutorial_taskflow_api_virtualenv example DAG requires virtualenv, please install it.
[2023-01-09T14:40:48.118+0400] {processor.py:755} WARNING - No viable dags retrieved from /Users/harut/opt/anaconda3/lib/python3.9/site-packages/airflow/example_dags/tutorial_taskflow_api_virtualenv.py
[2023-01-09T14:40:48.446+0400] {processor.py:175} INFO - Processing /Users/harut/opt/anaconda3/lib/python3.9/site-packages/airflow/example_dags/tutorial_taskflow_api_virtualenv.py took 0.355 seconds
[2023-01-09T14:42:02.988+0400] {processor.py:153} INFO - Started process (PID=13302) to work on /Users/harut/opt/anaconda3/lib/python3.9/site-packages/airflow/example_dags/tutorial_taskflow_api_virtualenv.py
[2023-01-09T14:42:02.988+0400] {processor.py:743} INFO - Processing file /Users/harut/opt/anaconda3/lib/python3.9/site-packages/airflow/example_dags/tutorial_taskflow_api_virtualenv.py for tasks to queue
[2023-01-09T14:42:02.988+0400] {logging_mixin.py:137} INFO - [2023-01-09T14:42:02.988+0400] {dagbag.py:538} INFO - Filling up the DagBag from /Users/harut/opt/anaconda3/lib/python3.9/site-packages/airflow/example_dags/tutorial_taskflow_api_virtualenv.py
[2023-01-09T14:42:03.012+0400] {logging_mixin.py:137} INFO - [2023-01-09T14:42:03.012+0400] {tutorial_taskflow_api_virtualenv.py:29} WARNING - The tutorial_taskflow_api_virtualenv example DAG requires virtualenv, please install it.
[2023-01-09T14:42:03.013+0400] {processor.py:755} WARNING - No viable dags retrieved from /Users/harut/opt/anaconda3/lib/python3.9/site-packages/airflow/example_dags/tutorial_taskflow_api_virtualenv.py
[2023-01-09T14:42:03.330+0400] {processor.py:175} INFO - Processing /Users/harut/opt/anaconda3/lib/python3.9/site-packages/airflow/example_dags/tutorial_taskflow_api_virtualenv.py took 0.343 seconds
[2023-01-09T14:43:19.315+0400] {processor.py:153} INFO - Started process (PID=13346) to work on /Users/harut/opt/anaconda3/lib/python3.9/site-packages/airflow/example_dags/tutorial_taskflow_api_virtualenv.py
[2023-01-09T14:43:19.315+0400] {processor.py:743} INFO - Processing file /Users/harut/opt/anaconda3/lib/python3.9/site-packages/airflow/example_dags/tutorial_taskflow_api_virtualenv.py for tasks to queue
[2023-01-09T14:43:19.316+0400] {logging_mixin.py:137} INFO - [2023-01-09T14:43:19.315+0400] {dagbag.py:538} INFO - Filling up the DagBag from /Users/harut/opt/anaconda3/lib/python3.9/site-packages/airflow/example_dags/tutorial_taskflow_api_virtualenv.py
[2023-01-09T14:43:19.340+0400] {logging_mixin.py:137} INFO - [2023-01-09T14:43:19.340+0400] {tutorial_taskflow_api_virtualenv.py:29} WARNING - The tutorial_taskflow_api_virtualenv example DAG requires virtualenv, please install it.
[2023-01-09T14:43:19.340+0400] {processor.py:755} WARNING - No viable dags retrieved from /Users/harut/opt/anaconda3/lib/python3.9/site-packages/airflow/example_dags/tutorial_taskflow_api_virtualenv.py
[2023-01-09T14:43:19.661+0400] {processor.py:175} INFO - Processing /Users/harut/opt/anaconda3/lib/python3.9/site-packages/airflow/example_dags/tutorial_taskflow_api_virtualenv.py took 0.347 seconds
[2023-01-09T14:44:39.867+0400] {processor.py:153} INFO - Started process (PID=13391) to work on /Users/harut/opt/anaconda3/lib/python3.9/site-packages/airflow/example_dags/tutorial_taskflow_api_virtualenv.py
[2023-01-09T14:44:39.867+0400] {processor.py:743} INFO - Processing file /Users/harut/opt/anaconda3/lib/python3.9/site-packages/airflow/example_dags/tutorial_taskflow_api_virtualenv.py for tasks to queue
[2023-01-09T14:44:39.868+0400] {logging_mixin.py:137} INFO - [2023-01-09T14:44:39.868+0400] {dagbag.py:538} INFO - Filling up the DagBag from /Users/harut/opt/anaconda3/lib/python3.9/site-packages/airflow/example_dags/tutorial_taskflow_api_virtualenv.py
[2023-01-09T14:44:39.895+0400] {logging_mixin.py:137} INFO - [2023-01-09T14:44:39.895+0400] {tutorial_taskflow_api_virtualenv.py:29} WARNING - The tutorial_taskflow_api_virtualenv example DAG requires virtualenv, please install it.
[2023-01-09T14:44:39.895+0400] {processor.py:755} WARNING - No viable dags retrieved from /Users/harut/opt/anaconda3/lib/python3.9/site-packages/airflow/example_dags/tutorial_taskflow_api_virtualenv.py
[2023-01-09T14:44:40.230+0400] {processor.py:175} INFO - Processing /Users/harut/opt/anaconda3/lib/python3.9/site-packages/airflow/example_dags/tutorial_taskflow_api_virtualenv.py took 0.364 seconds
[2023-01-09T14:45:57.862+0400] {processor.py:153} INFO - Started process (PID=13436) to work on /Users/harut/opt/anaconda3/lib/python3.9/site-packages/airflow/example_dags/tutorial_taskflow_api_virtualenv.py
[2023-01-09T14:45:57.863+0400] {processor.py:743} INFO - Processing file /Users/harut/opt/anaconda3/lib/python3.9/site-packages/airflow/example_dags/tutorial_taskflow_api_virtualenv.py for tasks to queue
[2023-01-09T14:45:57.863+0400] {logging_mixin.py:137} INFO - [2023-01-09T14:45:57.863+0400] {dagbag.py:538} INFO - Filling up the DagBag from /Users/harut/opt/anaconda3/lib/python3.9/site-packages/airflow/example_dags/tutorial_taskflow_api_virtualenv.py
[2023-01-09T14:45:57.891+0400] {logging_mixin.py:137} INFO - [2023-01-09T14:45:57.891+0400] {tutorial_taskflow_api_virtualenv.py:29} WARNING - The tutorial_taskflow_api_virtualenv example DAG requires virtualenv, please install it.
[2023-01-09T14:45:57.891+0400] {processor.py:755} WARNING - No viable dags retrieved from /Users/harut/opt/anaconda3/lib/python3.9/site-packages/airflow/example_dags/tutorial_taskflow_api_virtualenv.py
[2023-01-09T14:45:58.261+0400] {processor.py:175} INFO - Processing /Users/harut/opt/anaconda3/lib/python3.9/site-packages/airflow/example_dags/tutorial_taskflow_api_virtualenv.py took 0.400 seconds
[2023-01-09T14:47:17.805+0400] {processor.py:153} INFO - Started process (PID=13490) to work on /Users/harut/opt/anaconda3/lib/python3.9/site-packages/airflow/example_dags/tutorial_taskflow_api_virtualenv.py
[2023-01-09T14:47:17.806+0400] {processor.py:743} INFO - Processing file /Users/harut/opt/anaconda3/lib/python3.9/site-packages/airflow/example_dags/tutorial_taskflow_api_virtualenv.py for tasks to queue
[2023-01-09T14:47:17.806+0400] {logging_mixin.py:137} INFO - [2023-01-09T14:47:17.806+0400] {dagbag.py:538} INFO - Filling up the DagBag from /Users/harut/opt/anaconda3/lib/python3.9/site-packages/airflow/example_dags/tutorial_taskflow_api_virtualenv.py
[2023-01-09T14:47:17.833+0400] {logging_mixin.py:137} INFO - [2023-01-09T14:47:17.833+0400] {tutorial_taskflow_api_virtualenv.py:29} WARNING - The tutorial_taskflow_api_virtualenv example DAG requires virtualenv, please install it.
[2023-01-09T14:47:17.833+0400] {processor.py:755} WARNING - No viable dags retrieved from /Users/harut/opt/anaconda3/lib/python3.9/site-packages/airflow/example_dags/tutorial_taskflow_api_virtualenv.py
[2023-01-09T14:47:18.223+0400] {processor.py:175} INFO - Processing /Users/harut/opt/anaconda3/lib/python3.9/site-packages/airflow/example_dags/tutorial_taskflow_api_virtualenv.py took 0.419 seconds
[2023-01-09T14:48:38.826+0400] {processor.py:153} INFO - Started process (PID=13539) to work on /Users/harut/opt/anaconda3/lib/python3.9/site-packages/airflow/example_dags/tutorial_taskflow_api_virtualenv.py
[2023-01-09T14:48:38.827+0400] {processor.py:743} INFO - Processing file /Users/harut/opt/anaconda3/lib/python3.9/site-packages/airflow/example_dags/tutorial_taskflow_api_virtualenv.py for tasks to queue
[2023-01-09T14:48:38.827+0400] {logging_mixin.py:137} INFO - [2023-01-09T14:48:38.827+0400] {dagbag.py:538} INFO - Filling up the DagBag from /Users/harut/opt/anaconda3/lib/python3.9/site-packages/airflow/example_dags/tutorial_taskflow_api_virtualenv.py
[2023-01-09T14:48:38.852+0400] {logging_mixin.py:137} INFO - [2023-01-09T14:48:38.852+0400] {tutorial_taskflow_api_virtualenv.py:29} WARNING - The tutorial_taskflow_api_virtualenv example DAG requires virtualenv, please install it.
[2023-01-09T14:48:38.852+0400] {processor.py:755} WARNING - No viable dags retrieved from /Users/harut/opt/anaconda3/lib/python3.9/site-packages/airflow/example_dags/tutorial_taskflow_api_virtualenv.py
[2023-01-09T14:48:39.235+0400] {processor.py:175} INFO - Processing /Users/harut/opt/anaconda3/lib/python3.9/site-packages/airflow/example_dags/tutorial_taskflow_api_virtualenv.py took 0.409 seconds
[2023-01-09T14:50:03.108+0400] {processor.py:153} INFO - Started process (PID=13591) to work on /Users/harut/opt/anaconda3/lib/python3.9/site-packages/airflow/example_dags/tutorial_taskflow_api_virtualenv.py
[2023-01-09T14:50:03.109+0400] {processor.py:743} INFO - Processing file /Users/harut/opt/anaconda3/lib/python3.9/site-packages/airflow/example_dags/tutorial_taskflow_api_virtualenv.py for tasks to queue
[2023-01-09T14:50:03.109+0400] {logging_mixin.py:137} INFO - [2023-01-09T14:50:03.109+0400] {dagbag.py:538} INFO - Filling up the DagBag from /Users/harut/opt/anaconda3/lib/python3.9/site-packages/airflow/example_dags/tutorial_taskflow_api_virtualenv.py
[2023-01-09T14:50:03.136+0400] {logging_mixin.py:137} INFO - [2023-01-09T14:50:03.135+0400] {tutorial_taskflow_api_virtualenv.py:29} WARNING - The tutorial_taskflow_api_virtualenv example DAG requires virtualenv, please install it.
[2023-01-09T14:50:03.136+0400] {processor.py:755} WARNING - No viable dags retrieved from /Users/harut/opt/anaconda3/lib/python3.9/site-packages/airflow/example_dags/tutorial_taskflow_api_virtualenv.py
[2023-01-09T14:50:03.463+0400] {processor.py:175} INFO - Processing /Users/harut/opt/anaconda3/lib/python3.9/site-packages/airflow/example_dags/tutorial_taskflow_api_virtualenv.py took 0.355 seconds
[2023-01-09T14:51:22.399+0400] {processor.py:153} INFO - Started process (PID=13640) to work on /Users/harut/opt/anaconda3/lib/python3.9/site-packages/airflow/example_dags/tutorial_taskflow_api_virtualenv.py
[2023-01-09T14:51:22.399+0400] {processor.py:743} INFO - Processing file /Users/harut/opt/anaconda3/lib/python3.9/site-packages/airflow/example_dags/tutorial_taskflow_api_virtualenv.py for tasks to queue
[2023-01-09T14:51:22.400+0400] {logging_mixin.py:137} INFO - [2023-01-09T14:51:22.399+0400] {dagbag.py:538} INFO - Filling up the DagBag from /Users/harut/opt/anaconda3/lib/python3.9/site-packages/airflow/example_dags/tutorial_taskflow_api_virtualenv.py
[2023-01-09T14:51:22.426+0400] {logging_mixin.py:137} INFO - [2023-01-09T14:51:22.425+0400] {tutorial_taskflow_api_virtualenv.py:29} WARNING - The tutorial_taskflow_api_virtualenv example DAG requires virtualenv, please install it.
[2023-01-09T14:51:22.426+0400] {processor.py:755} WARNING - No viable dags retrieved from /Users/harut/opt/anaconda3/lib/python3.9/site-packages/airflow/example_dags/tutorial_taskflow_api_virtualenv.py
[2023-01-09T14:51:22.747+0400] {processor.py:175} INFO - Processing /Users/harut/opt/anaconda3/lib/python3.9/site-packages/airflow/example_dags/tutorial_taskflow_api_virtualenv.py took 0.349 seconds
[2023-01-09T14:52:42.586+0400] {processor.py:153} INFO - Started process (PID=13684) to work on /Users/harut/opt/anaconda3/lib/python3.9/site-packages/airflow/example_dags/tutorial_taskflow_api_virtualenv.py
[2023-01-09T14:52:42.587+0400] {processor.py:743} INFO - Processing file /Users/harut/opt/anaconda3/lib/python3.9/site-packages/airflow/example_dags/tutorial_taskflow_api_virtualenv.py for tasks to queue
[2023-01-09T14:52:42.587+0400] {logging_mixin.py:137} INFO - [2023-01-09T14:52:42.587+0400] {dagbag.py:538} INFO - Filling up the DagBag from /Users/harut/opt/anaconda3/lib/python3.9/site-packages/airflow/example_dags/tutorial_taskflow_api_virtualenv.py
[2023-01-09T14:52:42.612+0400] {logging_mixin.py:137} INFO - [2023-01-09T14:52:42.612+0400] {tutorial_taskflow_api_virtualenv.py:29} WARNING - The tutorial_taskflow_api_virtualenv example DAG requires virtualenv, please install it.
[2023-01-09T14:52:42.612+0400] {processor.py:755} WARNING - No viable dags retrieved from /Users/harut/opt/anaconda3/lib/python3.9/site-packages/airflow/example_dags/tutorial_taskflow_api_virtualenv.py
[2023-01-09T14:52:42.935+0400] {processor.py:175} INFO - Processing /Users/harut/opt/anaconda3/lib/python3.9/site-packages/airflow/example_dags/tutorial_taskflow_api_virtualenv.py took 0.349 seconds
[2023-01-09T14:54:03.858+0400] {processor.py:153} INFO - Started process (PID=13732) to work on /Users/harut/opt/anaconda3/lib/python3.9/site-packages/airflow/example_dags/tutorial_taskflow_api_virtualenv.py
[2023-01-09T14:54:03.859+0400] {processor.py:743} INFO - Processing file /Users/harut/opt/anaconda3/lib/python3.9/site-packages/airflow/example_dags/tutorial_taskflow_api_virtualenv.py for tasks to queue
[2023-01-09T14:54:03.859+0400] {logging_mixin.py:137} INFO - [2023-01-09T14:54:03.859+0400] {dagbag.py:538} INFO - Filling up the DagBag from /Users/harut/opt/anaconda3/lib/python3.9/site-packages/airflow/example_dags/tutorial_taskflow_api_virtualenv.py
[2023-01-09T14:54:03.887+0400] {logging_mixin.py:137} INFO - [2023-01-09T14:54:03.887+0400] {tutorial_taskflow_api_virtualenv.py:29} WARNING - The tutorial_taskflow_api_virtualenv example DAG requires virtualenv, please install it.
[2023-01-09T14:54:03.887+0400] {processor.py:755} WARNING - No viable dags retrieved from /Users/harut/opt/anaconda3/lib/python3.9/site-packages/airflow/example_dags/tutorial_taskflow_api_virtualenv.py
[2023-01-09T14:54:04.260+0400] {processor.py:175} INFO - Processing /Users/harut/opt/anaconda3/lib/python3.9/site-packages/airflow/example_dags/tutorial_taskflow_api_virtualenv.py took 0.403 seconds
[2023-01-09T14:55:25.700+0400] {processor.py:153} INFO - Started process (PID=13776) to work on /Users/harut/opt/anaconda3/lib/python3.9/site-packages/airflow/example_dags/tutorial_taskflow_api_virtualenv.py
[2023-01-09T14:55:25.700+0400] {processor.py:743} INFO - Processing file /Users/harut/opt/anaconda3/lib/python3.9/site-packages/airflow/example_dags/tutorial_taskflow_api_virtualenv.py for tasks to queue
[2023-01-09T14:55:25.701+0400] {logging_mixin.py:137} INFO - [2023-01-09T14:55:25.700+0400] {dagbag.py:538} INFO - Filling up the DagBag from /Users/harut/opt/anaconda3/lib/python3.9/site-packages/airflow/example_dags/tutorial_taskflow_api_virtualenv.py
[2023-01-09T14:55:25.726+0400] {logging_mixin.py:137} INFO - [2023-01-09T14:55:25.726+0400] {tutorial_taskflow_api_virtualenv.py:29} WARNING - The tutorial_taskflow_api_virtualenv example DAG requires virtualenv, please install it.
[2023-01-09T14:55:25.726+0400] {processor.py:755} WARNING - No viable dags retrieved from /Users/harut/opt/anaconda3/lib/python3.9/site-packages/airflow/example_dags/tutorial_taskflow_api_virtualenv.py
[2023-01-09T14:55:26.048+0400] {processor.py:175} INFO - Processing /Users/harut/opt/anaconda3/lib/python3.9/site-packages/airflow/example_dags/tutorial_taskflow_api_virtualenv.py took 0.348 seconds
[2023-01-09T14:56:47.649+0400] {processor.py:153} INFO - Started process (PID=13822) to work on /Users/harut/opt/anaconda3/lib/python3.9/site-packages/airflow/example_dags/tutorial_taskflow_api_virtualenv.py
[2023-01-09T14:56:47.650+0400] {processor.py:743} INFO - Processing file /Users/harut/opt/anaconda3/lib/python3.9/site-packages/airflow/example_dags/tutorial_taskflow_api_virtualenv.py for tasks to queue
[2023-01-09T14:56:47.650+0400] {logging_mixin.py:137} INFO - [2023-01-09T14:56:47.650+0400] {dagbag.py:538} INFO - Filling up the DagBag from /Users/harut/opt/anaconda3/lib/python3.9/site-packages/airflow/example_dags/tutorial_taskflow_api_virtualenv.py
[2023-01-09T14:56:47.674+0400] {logging_mixin.py:137} INFO - [2023-01-09T14:56:47.674+0400] {tutorial_taskflow_api_virtualenv.py:29} WARNING - The tutorial_taskflow_api_virtualenv example DAG requires virtualenv, please install it.
[2023-01-09T14:56:47.674+0400] {processor.py:755} WARNING - No viable dags retrieved from /Users/harut/opt/anaconda3/lib/python3.9/site-packages/airflow/example_dags/tutorial_taskflow_api_virtualenv.py
[2023-01-09T14:56:47.995+0400] {processor.py:175} INFO - Processing /Users/harut/opt/anaconda3/lib/python3.9/site-packages/airflow/example_dags/tutorial_taskflow_api_virtualenv.py took 0.346 seconds
[2023-01-09T14:58:09.403+0400] {processor.py:153} INFO - Started process (PID=13864) to work on /Users/harut/opt/anaconda3/lib/python3.9/site-packages/airflow/example_dags/tutorial_taskflow_api_virtualenv.py
[2023-01-09T14:58:09.403+0400] {processor.py:743} INFO - Processing file /Users/harut/opt/anaconda3/lib/python3.9/site-packages/airflow/example_dags/tutorial_taskflow_api_virtualenv.py for tasks to queue
[2023-01-09T14:58:09.404+0400] {logging_mixin.py:137} INFO - [2023-01-09T14:58:09.404+0400] {dagbag.py:538} INFO - Filling up the DagBag from /Users/harut/opt/anaconda3/lib/python3.9/site-packages/airflow/example_dags/tutorial_taskflow_api_virtualenv.py
[2023-01-09T14:58:09.429+0400] {logging_mixin.py:137} INFO - [2023-01-09T14:58:09.429+0400] {tutorial_taskflow_api_virtualenv.py:29} WARNING - The tutorial_taskflow_api_virtualenv example DAG requires virtualenv, please install it.
[2023-01-09T14:58:09.429+0400] {processor.py:755} WARNING - No viable dags retrieved from /Users/harut/opt/anaconda3/lib/python3.9/site-packages/airflow/example_dags/tutorial_taskflow_api_virtualenv.py
[2023-01-09T14:58:09.746+0400] {processor.py:175} INFO - Processing /Users/harut/opt/anaconda3/lib/python3.9/site-packages/airflow/example_dags/tutorial_taskflow_api_virtualenv.py took 0.344 seconds
[2023-01-09T14:59:29.833+0400] {processor.py:153} INFO - Started process (PID=13910) to work on /Users/harut/opt/anaconda3/lib/python3.9/site-packages/airflow/example_dags/tutorial_taskflow_api_virtualenv.py
[2023-01-09T14:59:29.833+0400] {processor.py:743} INFO - Processing file /Users/harut/opt/anaconda3/lib/python3.9/site-packages/airflow/example_dags/tutorial_taskflow_api_virtualenv.py for tasks to queue
[2023-01-09T14:59:29.833+0400] {logging_mixin.py:137} INFO - [2023-01-09T14:59:29.833+0400] {dagbag.py:538} INFO - Filling up the DagBag from /Users/harut/opt/anaconda3/lib/python3.9/site-packages/airflow/example_dags/tutorial_taskflow_api_virtualenv.py
[2023-01-09T14:59:29.858+0400] {logging_mixin.py:137} INFO - [2023-01-09T14:59:29.858+0400] {tutorial_taskflow_api_virtualenv.py:29} WARNING - The tutorial_taskflow_api_virtualenv example DAG requires virtualenv, please install it.
[2023-01-09T14:59:29.858+0400] {processor.py:755} WARNING - No viable dags retrieved from /Users/harut/opt/anaconda3/lib/python3.9/site-packages/airflow/example_dags/tutorial_taskflow_api_virtualenv.py
[2023-01-09T14:59:30.176+0400] {processor.py:175} INFO - Processing /Users/harut/opt/anaconda3/lib/python3.9/site-packages/airflow/example_dags/tutorial_taskflow_api_virtualenv.py took 0.344 seconds
[2023-01-09T15:00:50.938+0400] {processor.py:153} INFO - Started process (PID=13953) to work on /Users/harut/opt/anaconda3/lib/python3.9/site-packages/airflow/example_dags/tutorial_taskflow_api_virtualenv.py
[2023-01-09T15:00:50.938+0400] {processor.py:743} INFO - Processing file /Users/harut/opt/anaconda3/lib/python3.9/site-packages/airflow/example_dags/tutorial_taskflow_api_virtualenv.py for tasks to queue
[2023-01-09T15:00:50.939+0400] {logging_mixin.py:137} INFO - [2023-01-09T15:00:50.939+0400] {dagbag.py:538} INFO - Filling up the DagBag from /Users/harut/opt/anaconda3/lib/python3.9/site-packages/airflow/example_dags/tutorial_taskflow_api_virtualenv.py
[2023-01-09T15:00:50.965+0400] {logging_mixin.py:137} INFO - [2023-01-09T15:00:50.965+0400] {tutorial_taskflow_api_virtualenv.py:29} WARNING - The tutorial_taskflow_api_virtualenv example DAG requires virtualenv, please install it.
[2023-01-09T15:00:50.966+0400] {processor.py:755} WARNING - No viable dags retrieved from /Users/harut/opt/anaconda3/lib/python3.9/site-packages/airflow/example_dags/tutorial_taskflow_api_virtualenv.py
[2023-01-09T15:00:51.292+0400] {processor.py:175} INFO - Processing /Users/harut/opt/anaconda3/lib/python3.9/site-packages/airflow/example_dags/tutorial_taskflow_api_virtualenv.py took 0.354 seconds
[2023-01-09T15:02:12.305+0400] {processor.py:153} INFO - Started process (PID=13999) to work on /Users/harut/opt/anaconda3/lib/python3.9/site-packages/airflow/example_dags/tutorial_taskflow_api_virtualenv.py
[2023-01-09T15:02:12.305+0400] {processor.py:743} INFO - Processing file /Users/harut/opt/anaconda3/lib/python3.9/site-packages/airflow/example_dags/tutorial_taskflow_api_virtualenv.py for tasks to queue
[2023-01-09T15:02:12.306+0400] {logging_mixin.py:137} INFO - [2023-01-09T15:02:12.305+0400] {dagbag.py:538} INFO - Filling up the DagBag from /Users/harut/opt/anaconda3/lib/python3.9/site-packages/airflow/example_dags/tutorial_taskflow_api_virtualenv.py
[2023-01-09T15:02:12.330+0400] {logging_mixin.py:137} INFO - [2023-01-09T15:02:12.330+0400] {tutorial_taskflow_api_virtualenv.py:29} WARNING - The tutorial_taskflow_api_virtualenv example DAG requires virtualenv, please install it.
[2023-01-09T15:02:12.330+0400] {processor.py:755} WARNING - No viable dags retrieved from /Users/harut/opt/anaconda3/lib/python3.9/site-packages/airflow/example_dags/tutorial_taskflow_api_virtualenv.py
[2023-01-09T15:02:12.649+0400] {processor.py:175} INFO - Processing /Users/harut/opt/anaconda3/lib/python3.9/site-packages/airflow/example_dags/tutorial_taskflow_api_virtualenv.py took 0.344 seconds
[2023-01-09T15:03:33.756+0400] {processor.py:153} INFO - Started process (PID=14049) to work on /Users/harut/opt/anaconda3/lib/python3.9/site-packages/airflow/example_dags/tutorial_taskflow_api_virtualenv.py
[2023-01-09T15:03:33.757+0400] {processor.py:743} INFO - Processing file /Users/harut/opt/anaconda3/lib/python3.9/site-packages/airflow/example_dags/tutorial_taskflow_api_virtualenv.py for tasks to queue
[2023-01-09T15:03:33.757+0400] {logging_mixin.py:137} INFO - [2023-01-09T15:03:33.757+0400] {dagbag.py:538} INFO - Filling up the DagBag from /Users/harut/opt/anaconda3/lib/python3.9/site-packages/airflow/example_dags/tutorial_taskflow_api_virtualenv.py
[2023-01-09T15:03:33.787+0400] {logging_mixin.py:137} INFO - [2023-01-09T15:03:33.787+0400] {tutorial_taskflow_api_virtualenv.py:29} WARNING - The tutorial_taskflow_api_virtualenv example DAG requires virtualenv, please install it.
[2023-01-09T15:03:33.787+0400] {processor.py:755} WARNING - No viable dags retrieved from /Users/harut/opt/anaconda3/lib/python3.9/site-packages/airflow/example_dags/tutorial_taskflow_api_virtualenv.py
[2023-01-09T15:03:34.165+0400] {processor.py:175} INFO - Processing /Users/harut/opt/anaconda3/lib/python3.9/site-packages/airflow/example_dags/tutorial_taskflow_api_virtualenv.py took 0.409 seconds
[2023-01-09T15:04:52.904+0400] {processor.py:153} INFO - Started process (PID=14092) to work on /Users/harut/opt/anaconda3/lib/python3.9/site-packages/airflow/example_dags/tutorial_taskflow_api_virtualenv.py
[2023-01-09T15:04:52.905+0400] {processor.py:743} INFO - Processing file /Users/harut/opt/anaconda3/lib/python3.9/site-packages/airflow/example_dags/tutorial_taskflow_api_virtualenv.py for tasks to queue
[2023-01-09T15:04:52.905+0400] {logging_mixin.py:137} INFO - [2023-01-09T15:04:52.905+0400] {dagbag.py:538} INFO - Filling up the DagBag from /Users/harut/opt/anaconda3/lib/python3.9/site-packages/airflow/example_dags/tutorial_taskflow_api_virtualenv.py
[2023-01-09T15:04:52.930+0400] {logging_mixin.py:137} INFO - [2023-01-09T15:04:52.929+0400] {tutorial_taskflow_api_virtualenv.py:29} WARNING - The tutorial_taskflow_api_virtualenv example DAG requires virtualenv, please install it.
[2023-01-09T15:04:52.930+0400] {processor.py:755} WARNING - No viable dags retrieved from /Users/harut/opt/anaconda3/lib/python3.9/site-packages/airflow/example_dags/tutorial_taskflow_api_virtualenv.py
[2023-01-09T15:04:53.247+0400] {processor.py:175} INFO - Processing /Users/harut/opt/anaconda3/lib/python3.9/site-packages/airflow/example_dags/tutorial_taskflow_api_virtualenv.py took 0.343 seconds
[2023-01-09T15:06:13.562+0400] {processor.py:153} INFO - Started process (PID=14138) to work on /Users/harut/opt/anaconda3/lib/python3.9/site-packages/airflow/example_dags/tutorial_taskflow_api_virtualenv.py
[2023-01-09T15:06:13.563+0400] {processor.py:743} INFO - Processing file /Users/harut/opt/anaconda3/lib/python3.9/site-packages/airflow/example_dags/tutorial_taskflow_api_virtualenv.py for tasks to queue
[2023-01-09T15:06:13.563+0400] {logging_mixin.py:137} INFO - [2023-01-09T15:06:13.563+0400] {dagbag.py:538} INFO - Filling up the DagBag from /Users/harut/opt/anaconda3/lib/python3.9/site-packages/airflow/example_dags/tutorial_taskflow_api_virtualenv.py
[2023-01-09T15:06:13.587+0400] {logging_mixin.py:137} INFO - [2023-01-09T15:06:13.587+0400] {tutorial_taskflow_api_virtualenv.py:29} WARNING - The tutorial_taskflow_api_virtualenv example DAG requires virtualenv, please install it.
[2023-01-09T15:06:13.587+0400] {processor.py:755} WARNING - No viable dags retrieved from /Users/harut/opt/anaconda3/lib/python3.9/site-packages/airflow/example_dags/tutorial_taskflow_api_virtualenv.py
[2023-01-09T15:06:13.907+0400] {processor.py:175} INFO - Processing /Users/harut/opt/anaconda3/lib/python3.9/site-packages/airflow/example_dags/tutorial_taskflow_api_virtualenv.py took 0.346 seconds
[2023-01-09T15:07:32.099+0400] {processor.py:153} INFO - Started process (PID=14179) to work on /Users/harut/opt/anaconda3/lib/python3.9/site-packages/airflow/example_dags/tutorial_taskflow_api_virtualenv.py
[2023-01-09T15:07:32.100+0400] {processor.py:743} INFO - Processing file /Users/harut/opt/anaconda3/lib/python3.9/site-packages/airflow/example_dags/tutorial_taskflow_api_virtualenv.py for tasks to queue
[2023-01-09T15:07:32.100+0400] {logging_mixin.py:137} INFO - [2023-01-09T15:07:32.100+0400] {dagbag.py:538} INFO - Filling up the DagBag from /Users/harut/opt/anaconda3/lib/python3.9/site-packages/airflow/example_dags/tutorial_taskflow_api_virtualenv.py
[2023-01-09T15:07:32.124+0400] {logging_mixin.py:137} INFO - [2023-01-09T15:07:32.124+0400] {tutorial_taskflow_api_virtualenv.py:29} WARNING - The tutorial_taskflow_api_virtualenv example DAG requires virtualenv, please install it.
[2023-01-09T15:07:32.124+0400] {processor.py:755} WARNING - No viable dags retrieved from /Users/harut/opt/anaconda3/lib/python3.9/site-packages/airflow/example_dags/tutorial_taskflow_api_virtualenv.py
[2023-01-09T15:07:32.438+0400] {processor.py:175} INFO - Processing /Users/harut/opt/anaconda3/lib/python3.9/site-packages/airflow/example_dags/tutorial_taskflow_api_virtualenv.py took 0.340 seconds
[2023-01-09T15:08:52.105+0400] {processor.py:153} INFO - Started process (PID=14224) to work on /Users/harut/opt/anaconda3/lib/python3.9/site-packages/airflow/example_dags/tutorial_taskflow_api_virtualenv.py
[2023-01-09T15:08:52.105+0400] {processor.py:743} INFO - Processing file /Users/harut/opt/anaconda3/lib/python3.9/site-packages/airflow/example_dags/tutorial_taskflow_api_virtualenv.py for tasks to queue
[2023-01-09T15:08:52.106+0400] {logging_mixin.py:137} INFO - [2023-01-09T15:08:52.106+0400] {dagbag.py:538} INFO - Filling up the DagBag from /Users/harut/opt/anaconda3/lib/python3.9/site-packages/airflow/example_dags/tutorial_taskflow_api_virtualenv.py
[2023-01-09T15:08:52.130+0400] {logging_mixin.py:137} INFO - [2023-01-09T15:08:52.130+0400] {tutorial_taskflow_api_virtualenv.py:29} WARNING - The tutorial_taskflow_api_virtualenv example DAG requires virtualenv, please install it.
[2023-01-09T15:08:52.130+0400] {processor.py:755} WARNING - No viable dags retrieved from /Users/harut/opt/anaconda3/lib/python3.9/site-packages/airflow/example_dags/tutorial_taskflow_api_virtualenv.py
[2023-01-09T15:08:52.445+0400] {processor.py:175} INFO - Processing /Users/harut/opt/anaconda3/lib/python3.9/site-packages/airflow/example_dags/tutorial_taskflow_api_virtualenv.py took 0.340 seconds
[2023-01-09T15:10:12.058+0400] {processor.py:153} INFO - Started process (PID=14270) to work on /Users/harut/opt/anaconda3/lib/python3.9/site-packages/airflow/example_dags/tutorial_taskflow_api_virtualenv.py
[2023-01-09T15:10:12.059+0400] {processor.py:743} INFO - Processing file /Users/harut/opt/anaconda3/lib/python3.9/site-packages/airflow/example_dags/tutorial_taskflow_api_virtualenv.py for tasks to queue
[2023-01-09T15:10:12.059+0400] {logging_mixin.py:137} INFO - [2023-01-09T15:10:12.059+0400] {dagbag.py:538} INFO - Filling up the DagBag from /Users/harut/opt/anaconda3/lib/python3.9/site-packages/airflow/example_dags/tutorial_taskflow_api_virtualenv.py
[2023-01-09T15:10:12.086+0400] {logging_mixin.py:137} INFO - [2023-01-09T15:10:12.086+0400] {tutorial_taskflow_api_virtualenv.py:29} WARNING - The tutorial_taskflow_api_virtualenv example DAG requires virtualenv, please install it.
[2023-01-09T15:10:12.086+0400] {processor.py:755} WARNING - No viable dags retrieved from /Users/harut/opt/anaconda3/lib/python3.9/site-packages/airflow/example_dags/tutorial_taskflow_api_virtualenv.py
[2023-01-09T15:10:12.423+0400] {processor.py:175} INFO - Processing /Users/harut/opt/anaconda3/lib/python3.9/site-packages/airflow/example_dags/tutorial_taskflow_api_virtualenv.py took 0.365 seconds
[2023-01-09T15:11:33.157+0400] {processor.py:153} INFO - Started process (PID=14315) to work on /Users/harut/opt/anaconda3/lib/python3.9/site-packages/airflow/example_dags/tutorial_taskflow_api_virtualenv.py
[2023-01-09T15:11:33.158+0400] {processor.py:743} INFO - Processing file /Users/harut/opt/anaconda3/lib/python3.9/site-packages/airflow/example_dags/tutorial_taskflow_api_virtualenv.py for tasks to queue
[2023-01-09T15:11:33.158+0400] {logging_mixin.py:137} INFO - [2023-01-09T15:11:33.158+0400] {dagbag.py:538} INFO - Filling up the DagBag from /Users/harut/opt/anaconda3/lib/python3.9/site-packages/airflow/example_dags/tutorial_taskflow_api_virtualenv.py
[2023-01-09T15:11:33.186+0400] {logging_mixin.py:137} INFO - [2023-01-09T15:11:33.186+0400] {tutorial_taskflow_api_virtualenv.py:29} WARNING - The tutorial_taskflow_api_virtualenv example DAG requires virtualenv, please install it.
[2023-01-09T15:11:33.186+0400] {processor.py:755} WARNING - No viable dags retrieved from /Users/harut/opt/anaconda3/lib/python3.9/site-packages/airflow/example_dags/tutorial_taskflow_api_virtualenv.py
[2023-01-09T15:11:33.549+0400] {processor.py:175} INFO - Processing /Users/harut/opt/anaconda3/lib/python3.9/site-packages/airflow/example_dags/tutorial_taskflow_api_virtualenv.py took 0.392 seconds
[2023-01-09T15:12:57.178+0400] {processor.py:153} INFO - Started process (PID=14368) to work on /Users/harut/opt/anaconda3/lib/python3.9/site-packages/airflow/example_dags/tutorial_taskflow_api_virtualenv.py
[2023-01-09T15:12:57.179+0400] {processor.py:743} INFO - Processing file /Users/harut/opt/anaconda3/lib/python3.9/site-packages/airflow/example_dags/tutorial_taskflow_api_virtualenv.py for tasks to queue
[2023-01-09T15:12:57.179+0400] {logging_mixin.py:137} INFO - [2023-01-09T15:12:57.179+0400] {dagbag.py:538} INFO - Filling up the DagBag from /Users/harut/opt/anaconda3/lib/python3.9/site-packages/airflow/example_dags/tutorial_taskflow_api_virtualenv.py
[2023-01-09T15:12:57.205+0400] {logging_mixin.py:137} INFO - [2023-01-09T15:12:57.205+0400] {tutorial_taskflow_api_virtualenv.py:29} WARNING - The tutorial_taskflow_api_virtualenv example DAG requires virtualenv, please install it.
[2023-01-09T15:12:57.205+0400] {processor.py:755} WARNING - No viable dags retrieved from /Users/harut/opt/anaconda3/lib/python3.9/site-packages/airflow/example_dags/tutorial_taskflow_api_virtualenv.py
[2023-01-09T15:12:57.544+0400] {processor.py:175} INFO - Processing /Users/harut/opt/anaconda3/lib/python3.9/site-packages/airflow/example_dags/tutorial_taskflow_api_virtualenv.py took 0.366 seconds
[2023-01-09T15:14:19.997+0400] {processor.py:153} INFO - Started process (PID=14430) to work on /Users/harut/opt/anaconda3/lib/python3.9/site-packages/airflow/example_dags/tutorial_taskflow_api_virtualenv.py
[2023-01-09T15:14:19.998+0400] {processor.py:743} INFO - Processing file /Users/harut/opt/anaconda3/lib/python3.9/site-packages/airflow/example_dags/tutorial_taskflow_api_virtualenv.py for tasks to queue
[2023-01-09T15:14:19.998+0400] {logging_mixin.py:137} INFO - [2023-01-09T15:14:19.998+0400] {dagbag.py:538} INFO - Filling up the DagBag from /Users/harut/opt/anaconda3/lib/python3.9/site-packages/airflow/example_dags/tutorial_taskflow_api_virtualenv.py
[2023-01-09T15:14:20.024+0400] {logging_mixin.py:137} INFO - [2023-01-09T15:14:20.024+0400] {tutorial_taskflow_api_virtualenv.py:29} WARNING - The tutorial_taskflow_api_virtualenv example DAG requires virtualenv, please install it.
[2023-01-09T15:14:20.024+0400] {processor.py:755} WARNING - No viable dags retrieved from /Users/harut/opt/anaconda3/lib/python3.9/site-packages/airflow/example_dags/tutorial_taskflow_api_virtualenv.py
[2023-01-09T15:14:20.356+0400] {processor.py:175} INFO - Processing /Users/harut/opt/anaconda3/lib/python3.9/site-packages/airflow/example_dags/tutorial_taskflow_api_virtualenv.py took 0.360 seconds
[2023-01-09T15:15:43.276+0400] {processor.py:153} INFO - Started process (PID=14488) to work on /Users/harut/opt/anaconda3/lib/python3.9/site-packages/airflow/example_dags/tutorial_taskflow_api_virtualenv.py
[2023-01-09T15:15:43.277+0400] {processor.py:743} INFO - Processing file /Users/harut/opt/anaconda3/lib/python3.9/site-packages/airflow/example_dags/tutorial_taskflow_api_virtualenv.py for tasks to queue
[2023-01-09T15:15:43.277+0400] {logging_mixin.py:137} INFO - [2023-01-09T15:15:43.277+0400] {dagbag.py:538} INFO - Filling up the DagBag from /Users/harut/opt/anaconda3/lib/python3.9/site-packages/airflow/example_dags/tutorial_taskflow_api_virtualenv.py
[2023-01-09T15:15:43.303+0400] {logging_mixin.py:137} INFO - [2023-01-09T15:15:43.303+0400] {tutorial_taskflow_api_virtualenv.py:29} WARNING - The tutorial_taskflow_api_virtualenv example DAG requires virtualenv, please install it.
[2023-01-09T15:15:43.303+0400] {processor.py:755} WARNING - No viable dags retrieved from /Users/harut/opt/anaconda3/lib/python3.9/site-packages/airflow/example_dags/tutorial_taskflow_api_virtualenv.py
[2023-01-09T15:15:43.634+0400] {processor.py:175} INFO - Processing /Users/harut/opt/anaconda3/lib/python3.9/site-packages/airflow/example_dags/tutorial_taskflow_api_virtualenv.py took 0.358 seconds
[2023-01-09T15:17:06.865+0400] {processor.py:153} INFO - Started process (PID=14532) to work on /Users/harut/opt/anaconda3/lib/python3.9/site-packages/airflow/example_dags/tutorial_taskflow_api_virtualenv.py
[2023-01-09T15:17:06.865+0400] {processor.py:743} INFO - Processing file /Users/harut/opt/anaconda3/lib/python3.9/site-packages/airflow/example_dags/tutorial_taskflow_api_virtualenv.py for tasks to queue
[2023-01-09T15:17:06.866+0400] {logging_mixin.py:137} INFO - [2023-01-09T15:17:06.866+0400] {dagbag.py:538} INFO - Filling up the DagBag from /Users/harut/opt/anaconda3/lib/python3.9/site-packages/airflow/example_dags/tutorial_taskflow_api_virtualenv.py
[2023-01-09T15:17:06.894+0400] {logging_mixin.py:137} INFO - [2023-01-09T15:17:06.894+0400] {tutorial_taskflow_api_virtualenv.py:29} WARNING - The tutorial_taskflow_api_virtualenv example DAG requires virtualenv, please install it.
[2023-01-09T15:17:06.894+0400] {processor.py:755} WARNING - No viable dags retrieved from /Users/harut/opt/anaconda3/lib/python3.9/site-packages/airflow/example_dags/tutorial_taskflow_api_virtualenv.py
[2023-01-09T15:17:07.258+0400] {processor.py:175} INFO - Processing /Users/harut/opt/anaconda3/lib/python3.9/site-packages/airflow/example_dags/tutorial_taskflow_api_virtualenv.py took 0.394 seconds
[2023-01-09T15:18:30.159+0400] {processor.py:153} INFO - Started process (PID=14578) to work on /Users/harut/opt/anaconda3/lib/python3.9/site-packages/airflow/example_dags/tutorial_taskflow_api_virtualenv.py
[2023-01-09T15:18:30.160+0400] {processor.py:743} INFO - Processing file /Users/harut/opt/anaconda3/lib/python3.9/site-packages/airflow/example_dags/tutorial_taskflow_api_virtualenv.py for tasks to queue
[2023-01-09T15:18:30.160+0400] {logging_mixin.py:137} INFO - [2023-01-09T15:18:30.160+0400] {dagbag.py:538} INFO - Filling up the DagBag from /Users/harut/opt/anaconda3/lib/python3.9/site-packages/airflow/example_dags/tutorial_taskflow_api_virtualenv.py
[2023-01-09T15:18:30.186+0400] {logging_mixin.py:137} INFO - [2023-01-09T15:18:30.186+0400] {tutorial_taskflow_api_virtualenv.py:29} WARNING - The tutorial_taskflow_api_virtualenv example DAG requires virtualenv, please install it.
[2023-01-09T15:18:30.186+0400] {processor.py:755} WARNING - No viable dags retrieved from /Users/harut/opt/anaconda3/lib/python3.9/site-packages/airflow/example_dags/tutorial_taskflow_api_virtualenv.py
[2023-01-09T15:18:30.522+0400] {processor.py:175} INFO - Processing /Users/harut/opt/anaconda3/lib/python3.9/site-packages/airflow/example_dags/tutorial_taskflow_api_virtualenv.py took 0.363 seconds
[2023-01-09T15:19:53.116+0400] {processor.py:153} INFO - Started process (PID=14630) to work on /Users/harut/opt/anaconda3/lib/python3.9/site-packages/airflow/example_dags/tutorial_taskflow_api_virtualenv.py
[2023-01-09T15:19:53.117+0400] {processor.py:743} INFO - Processing file /Users/harut/opt/anaconda3/lib/python3.9/site-packages/airflow/example_dags/tutorial_taskflow_api_virtualenv.py for tasks to queue
[2023-01-09T15:19:53.117+0400] {logging_mixin.py:137} INFO - [2023-01-09T15:19:53.117+0400] {dagbag.py:538} INFO - Filling up the DagBag from /Users/harut/opt/anaconda3/lib/python3.9/site-packages/airflow/example_dags/tutorial_taskflow_api_virtualenv.py
[2023-01-09T15:19:53.145+0400] {logging_mixin.py:137} INFO - [2023-01-09T15:19:53.145+0400] {tutorial_taskflow_api_virtualenv.py:29} WARNING - The tutorial_taskflow_api_virtualenv example DAG requires virtualenv, please install it.
[2023-01-09T15:19:53.145+0400] {processor.py:755} WARNING - No viable dags retrieved from /Users/harut/opt/anaconda3/lib/python3.9/site-packages/airflow/example_dags/tutorial_taskflow_api_virtualenv.py
[2023-01-09T15:19:53.495+0400] {processor.py:175} INFO - Processing /Users/harut/opt/anaconda3/lib/python3.9/site-packages/airflow/example_dags/tutorial_taskflow_api_virtualenv.py took 0.379 seconds
[2023-01-09T15:21:16.960+0400] {processor.py:153} INFO - Started process (PID=14673) to work on /Users/harut/opt/anaconda3/lib/python3.9/site-packages/airflow/example_dags/tutorial_taskflow_api_virtualenv.py
[2023-01-09T15:21:16.961+0400] {processor.py:743} INFO - Processing file /Users/harut/opt/anaconda3/lib/python3.9/site-packages/airflow/example_dags/tutorial_taskflow_api_virtualenv.py for tasks to queue
[2023-01-09T15:21:16.961+0400] {logging_mixin.py:137} INFO - [2023-01-09T15:21:16.961+0400] {dagbag.py:538} INFO - Filling up the DagBag from /Users/harut/opt/anaconda3/lib/python3.9/site-packages/airflow/example_dags/tutorial_taskflow_api_virtualenv.py
[2023-01-09T15:21:16.986+0400] {logging_mixin.py:137} INFO - [2023-01-09T15:21:16.986+0400] {tutorial_taskflow_api_virtualenv.py:29} WARNING - The tutorial_taskflow_api_virtualenv example DAG requires virtualenv, please install it.
[2023-01-09T15:21:16.986+0400] {processor.py:755} WARNING - No viable dags retrieved from /Users/harut/opt/anaconda3/lib/python3.9/site-packages/airflow/example_dags/tutorial_taskflow_api_virtualenv.py
[2023-01-09T15:21:17.315+0400] {processor.py:175} INFO - Processing /Users/harut/opt/anaconda3/lib/python3.9/site-packages/airflow/example_dags/tutorial_taskflow_api_virtualenv.py took 0.355 seconds
[2023-01-09T15:22:40.633+0400] {processor.py:153} INFO - Started process (PID=14733) to work on /Users/harut/opt/anaconda3/lib/python3.9/site-packages/airflow/example_dags/tutorial_taskflow_api_virtualenv.py
[2023-01-09T15:22:40.634+0400] {processor.py:743} INFO - Processing file /Users/harut/opt/anaconda3/lib/python3.9/site-packages/airflow/example_dags/tutorial_taskflow_api_virtualenv.py for tasks to queue
[2023-01-09T15:22:40.634+0400] {logging_mixin.py:137} INFO - [2023-01-09T15:22:40.634+0400] {dagbag.py:538} INFO - Filling up the DagBag from /Users/harut/opt/anaconda3/lib/python3.9/site-packages/airflow/example_dags/tutorial_taskflow_api_virtualenv.py
[2023-01-09T15:22:40.661+0400] {logging_mixin.py:137} INFO - [2023-01-09T15:22:40.660+0400] {tutorial_taskflow_api_virtualenv.py:29} WARNING - The tutorial_taskflow_api_virtualenv example DAG requires virtualenv, please install it.
[2023-01-09T15:22:40.661+0400] {processor.py:755} WARNING - No viable dags retrieved from /Users/harut/opt/anaconda3/lib/python3.9/site-packages/airflow/example_dags/tutorial_taskflow_api_virtualenv.py
[2023-01-09T15:22:41.002+0400] {processor.py:175} INFO - Processing /Users/harut/opt/anaconda3/lib/python3.9/site-packages/airflow/example_dags/tutorial_taskflow_api_virtualenv.py took 0.369 seconds
[2023-01-09T15:24:03.293+0400] {processor.py:153} INFO - Started process (PID=14776) to work on /Users/harut/opt/anaconda3/lib/python3.9/site-packages/airflow/example_dags/tutorial_taskflow_api_virtualenv.py
[2023-01-09T15:24:03.294+0400] {processor.py:743} INFO - Processing file /Users/harut/opt/anaconda3/lib/python3.9/site-packages/airflow/example_dags/tutorial_taskflow_api_virtualenv.py for tasks to queue
[2023-01-09T15:24:03.295+0400] {logging_mixin.py:137} INFO - [2023-01-09T15:24:03.295+0400] {dagbag.py:538} INFO - Filling up the DagBag from /Users/harut/opt/anaconda3/lib/python3.9/site-packages/airflow/example_dags/tutorial_taskflow_api_virtualenv.py
[2023-01-09T15:24:03.322+0400] {logging_mixin.py:137} INFO - [2023-01-09T15:24:03.321+0400] {tutorial_taskflow_api_virtualenv.py:29} WARNING - The tutorial_taskflow_api_virtualenv example DAG requires virtualenv, please install it.
[2023-01-09T15:24:03.322+0400] {processor.py:755} WARNING - No viable dags retrieved from /Users/harut/opt/anaconda3/lib/python3.9/site-packages/airflow/example_dags/tutorial_taskflow_api_virtualenv.py
[2023-01-09T15:24:03.692+0400] {processor.py:175} INFO - Processing /Users/harut/opt/anaconda3/lib/python3.9/site-packages/airflow/example_dags/tutorial_taskflow_api_virtualenv.py took 0.399 seconds
[2023-01-09T15:25:27.133+0400] {processor.py:153} INFO - Started process (PID=14824) to work on /Users/harut/opt/anaconda3/lib/python3.9/site-packages/airflow/example_dags/tutorial_taskflow_api_virtualenv.py
[2023-01-09T15:25:27.133+0400] {processor.py:743} INFO - Processing file /Users/harut/opt/anaconda3/lib/python3.9/site-packages/airflow/example_dags/tutorial_taskflow_api_virtualenv.py for tasks to queue
[2023-01-09T15:25:27.133+0400] {logging_mixin.py:137} INFO - [2023-01-09T15:25:27.133+0400] {dagbag.py:538} INFO - Filling up the DagBag from /Users/harut/opt/anaconda3/lib/python3.9/site-packages/airflow/example_dags/tutorial_taskflow_api_virtualenv.py
[2023-01-09T15:25:27.159+0400] {logging_mixin.py:137} INFO - [2023-01-09T15:25:27.159+0400] {tutorial_taskflow_api_virtualenv.py:29} WARNING - The tutorial_taskflow_api_virtualenv example DAG requires virtualenv, please install it.
[2023-01-09T15:25:27.159+0400] {processor.py:755} WARNING - No viable dags retrieved from /Users/harut/opt/anaconda3/lib/python3.9/site-packages/airflow/example_dags/tutorial_taskflow_api_virtualenv.py
[2023-01-09T15:25:27.483+0400] {processor.py:175} INFO - Processing /Users/harut/opt/anaconda3/lib/python3.9/site-packages/airflow/example_dags/tutorial_taskflow_api_virtualenv.py took 0.351 seconds
[2023-01-09T15:26:51.093+0400] {processor.py:153} INFO - Started process (PID=14866) to work on /Users/harut/opt/anaconda3/lib/python3.9/site-packages/airflow/example_dags/tutorial_taskflow_api_virtualenv.py
[2023-01-09T15:26:51.094+0400] {processor.py:743} INFO - Processing file /Users/harut/opt/anaconda3/lib/python3.9/site-packages/airflow/example_dags/tutorial_taskflow_api_virtualenv.py for tasks to queue
[2023-01-09T15:26:51.094+0400] {logging_mixin.py:137} INFO - [2023-01-09T15:26:51.094+0400] {dagbag.py:538} INFO - Filling up the DagBag from /Users/harut/opt/anaconda3/lib/python3.9/site-packages/airflow/example_dags/tutorial_taskflow_api_virtualenv.py
[2023-01-09T15:26:51.122+0400] {logging_mixin.py:137} INFO - [2023-01-09T15:26:51.122+0400] {tutorial_taskflow_api_virtualenv.py:29} WARNING - The tutorial_taskflow_api_virtualenv example DAG requires virtualenv, please install it.
[2023-01-09T15:26:51.122+0400] {processor.py:755} WARNING - No viable dags retrieved from /Users/harut/opt/anaconda3/lib/python3.9/site-packages/airflow/example_dags/tutorial_taskflow_api_virtualenv.py
[2023-01-09T15:26:51.480+0400] {processor.py:175} INFO - Processing /Users/harut/opt/anaconda3/lib/python3.9/site-packages/airflow/example_dags/tutorial_taskflow_api_virtualenv.py took 0.387 seconds
[2023-01-09T15:28:14.885+0400] {processor.py:153} INFO - Started process (PID=14919) to work on /Users/harut/opt/anaconda3/lib/python3.9/site-packages/airflow/example_dags/tutorial_taskflow_api_virtualenv.py
[2023-01-09T15:28:14.886+0400] {processor.py:743} INFO - Processing file /Users/harut/opt/anaconda3/lib/python3.9/site-packages/airflow/example_dags/tutorial_taskflow_api_virtualenv.py for tasks to queue
[2023-01-09T15:28:14.886+0400] {logging_mixin.py:137} INFO - [2023-01-09T15:28:14.886+0400] {dagbag.py:538} INFO - Filling up the DagBag from /Users/harut/opt/anaconda3/lib/python3.9/site-packages/airflow/example_dags/tutorial_taskflow_api_virtualenv.py
[2023-01-09T15:28:14.913+0400] {logging_mixin.py:137} INFO - [2023-01-09T15:28:14.913+0400] {tutorial_taskflow_api_virtualenv.py:29} WARNING - The tutorial_taskflow_api_virtualenv example DAG requires virtualenv, please install it.
[2023-01-09T15:28:14.913+0400] {processor.py:755} WARNING - No viable dags retrieved from /Users/harut/opt/anaconda3/lib/python3.9/site-packages/airflow/example_dags/tutorial_taskflow_api_virtualenv.py
[2023-01-09T15:28:15.269+0400] {processor.py:175} INFO - Processing /Users/harut/opt/anaconda3/lib/python3.9/site-packages/airflow/example_dags/tutorial_taskflow_api_virtualenv.py took 0.384 seconds
[2023-01-09T15:29:37.370+0400] {processor.py:153} INFO - Started process (PID=14963) to work on /Users/harut/opt/anaconda3/lib/python3.9/site-packages/airflow/example_dags/tutorial_taskflow_api_virtualenv.py
[2023-01-09T15:29:37.371+0400] {processor.py:743} INFO - Processing file /Users/harut/opt/anaconda3/lib/python3.9/site-packages/airflow/example_dags/tutorial_taskflow_api_virtualenv.py for tasks to queue
[2023-01-09T15:29:37.371+0400] {logging_mixin.py:137} INFO - [2023-01-09T15:29:37.371+0400] {dagbag.py:538} INFO - Filling up the DagBag from /Users/harut/opt/anaconda3/lib/python3.9/site-packages/airflow/example_dags/tutorial_taskflow_api_virtualenv.py
[2023-01-09T15:29:37.398+0400] {logging_mixin.py:137} INFO - [2023-01-09T15:29:37.397+0400] {tutorial_taskflow_api_virtualenv.py:29} WARNING - The tutorial_taskflow_api_virtualenv example DAG requires virtualenv, please install it.
[2023-01-09T15:29:37.398+0400] {processor.py:755} WARNING - No viable dags retrieved from /Users/harut/opt/anaconda3/lib/python3.9/site-packages/airflow/example_dags/tutorial_taskflow_api_virtualenv.py
[2023-01-09T15:29:37.755+0400] {processor.py:175} INFO - Processing /Users/harut/opt/anaconda3/lib/python3.9/site-packages/airflow/example_dags/tutorial_taskflow_api_virtualenv.py took 0.385 seconds
[2023-01-09T15:30:58.154+0400] {processor.py:153} INFO - Started process (PID=15009) to work on /Users/harut/opt/anaconda3/lib/python3.9/site-packages/airflow/example_dags/tutorial_taskflow_api_virtualenv.py
[2023-01-09T15:30:58.155+0400] {processor.py:743} INFO - Processing file /Users/harut/opt/anaconda3/lib/python3.9/site-packages/airflow/example_dags/tutorial_taskflow_api_virtualenv.py for tasks to queue
[2023-01-09T15:30:58.155+0400] {logging_mixin.py:137} INFO - [2023-01-09T15:30:58.155+0400] {dagbag.py:538} INFO - Filling up the DagBag from /Users/harut/opt/anaconda3/lib/python3.9/site-packages/airflow/example_dags/tutorial_taskflow_api_virtualenv.py
[2023-01-09T15:30:58.180+0400] {logging_mixin.py:137} INFO - [2023-01-09T15:30:58.180+0400] {tutorial_taskflow_api_virtualenv.py:29} WARNING - The tutorial_taskflow_api_virtualenv example DAG requires virtualenv, please install it.
[2023-01-09T15:30:58.180+0400] {processor.py:755} WARNING - No viable dags retrieved from /Users/harut/opt/anaconda3/lib/python3.9/site-packages/airflow/example_dags/tutorial_taskflow_api_virtualenv.py
[2023-01-09T15:30:58.508+0400] {processor.py:175} INFO - Processing /Users/harut/opt/anaconda3/lib/python3.9/site-packages/airflow/example_dags/tutorial_taskflow_api_virtualenv.py took 0.355 seconds
[2023-01-09T15:32:20.336+0400] {processor.py:153} INFO - Started process (PID=15056) to work on /Users/harut/opt/anaconda3/lib/python3.9/site-packages/airflow/example_dags/tutorial_taskflow_api_virtualenv.py
[2023-01-09T15:32:20.337+0400] {processor.py:743} INFO - Processing file /Users/harut/opt/anaconda3/lib/python3.9/site-packages/airflow/example_dags/tutorial_taskflow_api_virtualenv.py for tasks to queue
[2023-01-09T15:32:20.337+0400] {logging_mixin.py:137} INFO - [2023-01-09T15:32:20.337+0400] {dagbag.py:538} INFO - Filling up the DagBag from /Users/harut/opt/anaconda3/lib/python3.9/site-packages/airflow/example_dags/tutorial_taskflow_api_virtualenv.py
[2023-01-09T15:32:20.364+0400] {logging_mixin.py:137} INFO - [2023-01-09T15:32:20.364+0400] {tutorial_taskflow_api_virtualenv.py:29} WARNING - The tutorial_taskflow_api_virtualenv example DAG requires virtualenv, please install it.
[2023-01-09T15:32:20.364+0400] {processor.py:755} WARNING - No viable dags retrieved from /Users/harut/opt/anaconda3/lib/python3.9/site-packages/airflow/example_dags/tutorial_taskflow_api_virtualenv.py
[2023-01-09T15:32:20.701+0400] {processor.py:175} INFO - Processing /Users/harut/opt/anaconda3/lib/python3.9/site-packages/airflow/example_dags/tutorial_taskflow_api_virtualenv.py took 0.365 seconds
[2023-01-09T15:33:44.665+0400] {processor.py:153} INFO - Started process (PID=15102) to work on /Users/harut/opt/anaconda3/lib/python3.9/site-packages/airflow/example_dags/tutorial_taskflow_api_virtualenv.py
[2023-01-09T15:33:44.666+0400] {processor.py:743} INFO - Processing file /Users/harut/opt/anaconda3/lib/python3.9/site-packages/airflow/example_dags/tutorial_taskflow_api_virtualenv.py for tasks to queue
[2023-01-09T15:33:44.666+0400] {logging_mixin.py:137} INFO - [2023-01-09T15:33:44.666+0400] {dagbag.py:538} INFO - Filling up the DagBag from /Users/harut/opt/anaconda3/lib/python3.9/site-packages/airflow/example_dags/tutorial_taskflow_api_virtualenv.py
[2023-01-09T15:33:44.697+0400] {logging_mixin.py:137} INFO - [2023-01-09T15:33:44.697+0400] {tutorial_taskflow_api_virtualenv.py:29} WARNING - The tutorial_taskflow_api_virtualenv example DAG requires virtualenv, please install it.
[2023-01-09T15:33:44.697+0400] {processor.py:755} WARNING - No viable dags retrieved from /Users/harut/opt/anaconda3/lib/python3.9/site-packages/airflow/example_dags/tutorial_taskflow_api_virtualenv.py
[2023-01-09T15:33:45.063+0400] {processor.py:175} INFO - Processing /Users/harut/opt/anaconda3/lib/python3.9/site-packages/airflow/example_dags/tutorial_taskflow_api_virtualenv.py took 0.398 seconds
[2023-01-09T15:35:08.724+0400] {processor.py:153} INFO - Started process (PID=15148) to work on /Users/harut/opt/anaconda3/lib/python3.9/site-packages/airflow/example_dags/tutorial_taskflow_api_virtualenv.py
[2023-01-09T15:35:08.725+0400] {processor.py:743} INFO - Processing file /Users/harut/opt/anaconda3/lib/python3.9/site-packages/airflow/example_dags/tutorial_taskflow_api_virtualenv.py for tasks to queue
[2023-01-09T15:35:08.725+0400] {logging_mixin.py:137} INFO - [2023-01-09T15:35:08.725+0400] {dagbag.py:538} INFO - Filling up the DagBag from /Users/harut/opt/anaconda3/lib/python3.9/site-packages/airflow/example_dags/tutorial_taskflow_api_virtualenv.py
[2023-01-09T15:35:08.752+0400] {logging_mixin.py:137} INFO - [2023-01-09T15:35:08.752+0400] {tutorial_taskflow_api_virtualenv.py:29} WARNING - The tutorial_taskflow_api_virtualenv example DAG requires virtualenv, please install it.
[2023-01-09T15:35:08.752+0400] {processor.py:755} WARNING - No viable dags retrieved from /Users/harut/opt/anaconda3/lib/python3.9/site-packages/airflow/example_dags/tutorial_taskflow_api_virtualenv.py
[2023-01-09T15:35:09.098+0400] {processor.py:175} INFO - Processing /Users/harut/opt/anaconda3/lib/python3.9/site-packages/airflow/example_dags/tutorial_taskflow_api_virtualenv.py took 0.374 seconds
[2023-01-09T15:36:31.692+0400] {processor.py:153} INFO - Started process (PID=15204) to work on /Users/harut/opt/anaconda3/lib/python3.9/site-packages/airflow/example_dags/tutorial_taskflow_api_virtualenv.py
[2023-01-09T15:36:31.692+0400] {processor.py:743} INFO - Processing file /Users/harut/opt/anaconda3/lib/python3.9/site-packages/airflow/example_dags/tutorial_taskflow_api_virtualenv.py for tasks to queue
[2023-01-09T15:36:31.693+0400] {logging_mixin.py:137} INFO - [2023-01-09T15:36:31.692+0400] {dagbag.py:538} INFO - Filling up the DagBag from /Users/harut/opt/anaconda3/lib/python3.9/site-packages/airflow/example_dags/tutorial_taskflow_api_virtualenv.py
[2023-01-09T15:36:31.718+0400] {logging_mixin.py:137} INFO - [2023-01-09T15:36:31.718+0400] {tutorial_taskflow_api_virtualenv.py:29} WARNING - The tutorial_taskflow_api_virtualenv example DAG requires virtualenv, please install it.
[2023-01-09T15:36:31.718+0400] {processor.py:755} WARNING - No viable dags retrieved from /Users/harut/opt/anaconda3/lib/python3.9/site-packages/airflow/example_dags/tutorial_taskflow_api_virtualenv.py
[2023-01-09T15:36:32.052+0400] {processor.py:175} INFO - Processing /Users/harut/opt/anaconda3/lib/python3.9/site-packages/airflow/example_dags/tutorial_taskflow_api_virtualenv.py took 0.360 seconds
[2023-01-09T15:37:54.332+0400] {processor.py:153} INFO - Started process (PID=15256) to work on /Users/harut/opt/anaconda3/lib/python3.9/site-packages/airflow/example_dags/tutorial_taskflow_api_virtualenv.py
[2023-01-09T15:37:54.333+0400] {processor.py:743} INFO - Processing file /Users/harut/opt/anaconda3/lib/python3.9/site-packages/airflow/example_dags/tutorial_taskflow_api_virtualenv.py for tasks to queue
[2023-01-09T15:37:54.333+0400] {logging_mixin.py:137} INFO - [2023-01-09T15:37:54.333+0400] {dagbag.py:538} INFO - Filling up the DagBag from /Users/harut/opt/anaconda3/lib/python3.9/site-packages/airflow/example_dags/tutorial_taskflow_api_virtualenv.py
[2023-01-09T15:37:54.359+0400] {logging_mixin.py:137} INFO - [2023-01-09T15:37:54.359+0400] {tutorial_taskflow_api_virtualenv.py:29} WARNING - The tutorial_taskflow_api_virtualenv example DAG requires virtualenv, please install it.
[2023-01-09T15:37:54.359+0400] {processor.py:755} WARNING - No viable dags retrieved from /Users/harut/opt/anaconda3/lib/python3.9/site-packages/airflow/example_dags/tutorial_taskflow_api_virtualenv.py
[2023-01-09T15:37:54.685+0400] {processor.py:175} INFO - Processing /Users/harut/opt/anaconda3/lib/python3.9/site-packages/airflow/example_dags/tutorial_taskflow_api_virtualenv.py took 0.353 seconds
[2023-01-09T15:39:16.869+0400] {processor.py:153} INFO - Started process (PID=15300) to work on /Users/harut/opt/anaconda3/lib/python3.9/site-packages/airflow/example_dags/tutorial_taskflow_api_virtualenv.py
[2023-01-09T15:39:16.870+0400] {processor.py:743} INFO - Processing file /Users/harut/opt/anaconda3/lib/python3.9/site-packages/airflow/example_dags/tutorial_taskflow_api_virtualenv.py for tasks to queue
[2023-01-09T15:39:16.870+0400] {logging_mixin.py:137} INFO - [2023-01-09T15:39:16.870+0400] {dagbag.py:538} INFO - Filling up the DagBag from /Users/harut/opt/anaconda3/lib/python3.9/site-packages/airflow/example_dags/tutorial_taskflow_api_virtualenv.py
[2023-01-09T15:39:16.895+0400] {logging_mixin.py:137} INFO - [2023-01-09T15:39:16.895+0400] {tutorial_taskflow_api_virtualenv.py:29} WARNING - The tutorial_taskflow_api_virtualenv example DAG requires virtualenv, please install it.
[2023-01-09T15:39:16.895+0400] {processor.py:755} WARNING - No viable dags retrieved from /Users/harut/opt/anaconda3/lib/python3.9/site-packages/airflow/example_dags/tutorial_taskflow_api_virtualenv.py
[2023-01-09T15:39:17.232+0400] {processor.py:175} INFO - Processing /Users/harut/opt/anaconda3/lib/python3.9/site-packages/airflow/example_dags/tutorial_taskflow_api_virtualenv.py took 0.363 seconds
[2023-01-09T15:40:37.288+0400] {processor.py:153} INFO - Started process (PID=15352) to work on /Users/harut/opt/anaconda3/lib/python3.9/site-packages/airflow/example_dags/tutorial_taskflow_api_virtualenv.py
[2023-01-09T15:40:37.288+0400] {processor.py:743} INFO - Processing file /Users/harut/opt/anaconda3/lib/python3.9/site-packages/airflow/example_dags/tutorial_taskflow_api_virtualenv.py for tasks to queue
[2023-01-09T15:40:37.289+0400] {logging_mixin.py:137} INFO - [2023-01-09T15:40:37.289+0400] {dagbag.py:538} INFO - Filling up the DagBag from /Users/harut/opt/anaconda3/lib/python3.9/site-packages/airflow/example_dags/tutorial_taskflow_api_virtualenv.py
[2023-01-09T15:40:37.313+0400] {logging_mixin.py:137} INFO - [2023-01-09T15:40:37.313+0400] {tutorial_taskflow_api_virtualenv.py:29} WARNING - The tutorial_taskflow_api_virtualenv example DAG requires virtualenv, please install it.
[2023-01-09T15:40:37.314+0400] {processor.py:755} WARNING - No viable dags retrieved from /Users/harut/opt/anaconda3/lib/python3.9/site-packages/airflow/example_dags/tutorial_taskflow_api_virtualenv.py
[2023-01-09T15:40:37.639+0400] {processor.py:175} INFO - Processing /Users/harut/opt/anaconda3/lib/python3.9/site-packages/airflow/example_dags/tutorial_taskflow_api_virtualenv.py took 0.351 seconds
