[2023-01-09T14:16:25.928+0400] {processor.py:153} INFO - Started process (PID=12367) to work on /Users/harut/opt/anaconda3/lib/python3.9/site-packages/airflow/example_dags/subdags/subdag.py
[2023-01-09T14:16:25.929+0400] {processor.py:743} INFO - Processing file /Users/harut/opt/anaconda3/lib/python3.9/site-packages/airflow/example_dags/subdags/subdag.py for tasks to queue
[2023-01-09T14:16:25.929+0400] {logging_mixin.py:137} INFO - [2023-01-09T14:16:25.929+0400] {dagbag.py:538} INFO - Filling up the DagBag from /Users/harut/opt/anaconda3/lib/python3.9/site-packages/airflow/example_dags/subdags/subdag.py
[2023-01-09T14:16:25.939+0400] {processor.py:755} WARNING - No viable dags retrieved from /Users/harut/opt/anaconda3/lib/python3.9/site-packages/airflow/example_dags/subdags/subdag.py
[2023-01-09T14:16:26.300+0400] {processor.py:175} INFO - Processing /Users/harut/opt/anaconda3/lib/python3.9/site-packages/airflow/example_dags/subdags/subdag.py took 0.372 seconds
[2023-01-09T14:17:48.196+0400] {processor.py:153} INFO - Started process (PID=12438) to work on /Users/harut/opt/anaconda3/lib/python3.9/site-packages/airflow/example_dags/subdags/subdag.py
[2023-01-09T14:17:48.196+0400] {processor.py:743} INFO - Processing file /Users/harut/opt/anaconda3/lib/python3.9/site-packages/airflow/example_dags/subdags/subdag.py for tasks to queue
[2023-01-09T14:17:48.196+0400] {logging_mixin.py:137} INFO - [2023-01-09T14:17:48.196+0400] {dagbag.py:538} INFO - Filling up the DagBag from /Users/harut/opt/anaconda3/lib/python3.9/site-packages/airflow/example_dags/subdags/subdag.py
[2023-01-09T14:17:48.207+0400] {processor.py:755} WARNING - No viable dags retrieved from /Users/harut/opt/anaconda3/lib/python3.9/site-packages/airflow/example_dags/subdags/subdag.py
[2023-01-09T14:17:48.545+0400] {processor.py:175} INFO - Processing /Users/harut/opt/anaconda3/lib/python3.9/site-packages/airflow/example_dags/subdags/subdag.py took 0.350 seconds
[2023-01-09T14:18:51.092+0400] {processor.py:153} INFO - Started process (PID=12490) to work on /Users/harut/opt/anaconda3/lib/python3.9/site-packages/airflow/example_dags/subdags/subdag.py
[2023-01-09T14:18:51.093+0400] {processor.py:743} INFO - Processing file /Users/harut/opt/anaconda3/lib/python3.9/site-packages/airflow/example_dags/subdags/subdag.py for tasks to queue
[2023-01-09T14:18:51.093+0400] {logging_mixin.py:137} INFO - [2023-01-09T14:18:51.093+0400] {dagbag.py:538} INFO - Filling up the DagBag from /Users/harut/opt/anaconda3/lib/python3.9/site-packages/airflow/example_dags/subdags/subdag.py
[2023-01-09T14:18:51.103+0400] {processor.py:755} WARNING - No viable dags retrieved from /Users/harut/opt/anaconda3/lib/python3.9/site-packages/airflow/example_dags/subdags/subdag.py
[2023-01-09T14:18:51.434+0400] {processor.py:175} INFO - Processing /Users/harut/opt/anaconda3/lib/python3.9/site-packages/airflow/example_dags/subdags/subdag.py took 0.343 seconds
[2023-01-09T14:20:11.775+0400] {processor.py:153} INFO - Started process (PID=12531) to work on /Users/harut/opt/anaconda3/lib/python3.9/site-packages/airflow/example_dags/subdags/subdag.py
[2023-01-09T14:20:11.776+0400] {processor.py:743} INFO - Processing file /Users/harut/opt/anaconda3/lib/python3.9/site-packages/airflow/example_dags/subdags/subdag.py for tasks to queue
[2023-01-09T14:20:11.776+0400] {logging_mixin.py:137} INFO - [2023-01-09T14:20:11.776+0400] {dagbag.py:538} INFO - Filling up the DagBag from /Users/harut/opt/anaconda3/lib/python3.9/site-packages/airflow/example_dags/subdags/subdag.py
[2023-01-09T14:20:11.786+0400] {processor.py:755} WARNING - No viable dags retrieved from /Users/harut/opt/anaconda3/lib/python3.9/site-packages/airflow/example_dags/subdags/subdag.py
[2023-01-09T14:20:12.118+0400] {processor.py:175} INFO - Processing /Users/harut/opt/anaconda3/lib/python3.9/site-packages/airflow/example_dags/subdags/subdag.py took 0.343 seconds
[2023-01-09T14:21:28.193+0400] {processor.py:153} INFO - Started process (PID=12572) to work on /Users/harut/opt/anaconda3/lib/python3.9/site-packages/airflow/example_dags/subdags/subdag.py
[2023-01-09T14:21:28.193+0400] {processor.py:743} INFO - Processing file /Users/harut/opt/anaconda3/lib/python3.9/site-packages/airflow/example_dags/subdags/subdag.py for tasks to queue
[2023-01-09T14:21:28.194+0400] {logging_mixin.py:137} INFO - [2023-01-09T14:21:28.194+0400] {dagbag.py:538} INFO - Filling up the DagBag from /Users/harut/opt/anaconda3/lib/python3.9/site-packages/airflow/example_dags/subdags/subdag.py
[2023-01-09T14:21:28.204+0400] {processor.py:755} WARNING - No viable dags retrieved from /Users/harut/opt/anaconda3/lib/python3.9/site-packages/airflow/example_dags/subdags/subdag.py
[2023-01-09T14:21:28.537+0400] {processor.py:175} INFO - Processing /Users/harut/opt/anaconda3/lib/python3.9/site-packages/airflow/example_dags/subdags/subdag.py took 0.345 seconds
[2023-01-09T14:22:42.301+0400] {processor.py:153} INFO - Started process (PID=12623) to work on /Users/harut/opt/anaconda3/lib/python3.9/site-packages/airflow/example_dags/subdags/subdag.py
[2023-01-09T14:22:42.302+0400] {processor.py:743} INFO - Processing file /Users/harut/opt/anaconda3/lib/python3.9/site-packages/airflow/example_dags/subdags/subdag.py for tasks to queue
[2023-01-09T14:22:42.302+0400] {logging_mixin.py:137} INFO - [2023-01-09T14:22:42.302+0400] {dagbag.py:538} INFO - Filling up the DagBag from /Users/harut/opt/anaconda3/lib/python3.9/site-packages/airflow/example_dags/subdags/subdag.py
[2023-01-09T14:22:42.312+0400] {processor.py:755} WARNING - No viable dags retrieved from /Users/harut/opt/anaconda3/lib/python3.9/site-packages/airflow/example_dags/subdags/subdag.py
[2023-01-09T14:22:42.642+0400] {processor.py:175} INFO - Processing /Users/harut/opt/anaconda3/lib/python3.9/site-packages/airflow/example_dags/subdags/subdag.py took 0.341 seconds
[2023-01-09T14:24:02.540+0400] {processor.py:153} INFO - Started process (PID=12668) to work on /Users/harut/opt/anaconda3/lib/python3.9/site-packages/airflow/example_dags/subdags/subdag.py
[2023-01-09T14:24:02.541+0400] {processor.py:743} INFO - Processing file /Users/harut/opt/anaconda3/lib/python3.9/site-packages/airflow/example_dags/subdags/subdag.py for tasks to queue
[2023-01-09T14:24:02.541+0400] {logging_mixin.py:137} INFO - [2023-01-09T14:24:02.541+0400] {dagbag.py:538} INFO - Filling up the DagBag from /Users/harut/opt/anaconda3/lib/python3.9/site-packages/airflow/example_dags/subdags/subdag.py
[2023-01-09T14:24:02.551+0400] {processor.py:755} WARNING - No viable dags retrieved from /Users/harut/opt/anaconda3/lib/python3.9/site-packages/airflow/example_dags/subdags/subdag.py
[2023-01-09T14:24:02.891+0400] {processor.py:175} INFO - Processing /Users/harut/opt/anaconda3/lib/python3.9/site-packages/airflow/example_dags/subdags/subdag.py took 0.351 seconds
[2023-01-09T14:25:21.388+0400] {processor.py:153} INFO - Started process (PID=12709) to work on /Users/harut/opt/anaconda3/lib/python3.9/site-packages/airflow/example_dags/subdags/subdag.py
[2023-01-09T14:25:21.389+0400] {processor.py:743} INFO - Processing file /Users/harut/opt/anaconda3/lib/python3.9/site-packages/airflow/example_dags/subdags/subdag.py for tasks to queue
[2023-01-09T14:25:21.389+0400] {logging_mixin.py:137} INFO - [2023-01-09T14:25:21.389+0400] {dagbag.py:538} INFO - Filling up the DagBag from /Users/harut/opt/anaconda3/lib/python3.9/site-packages/airflow/example_dags/subdags/subdag.py
[2023-01-09T14:25:21.399+0400] {processor.py:755} WARNING - No viable dags retrieved from /Users/harut/opt/anaconda3/lib/python3.9/site-packages/airflow/example_dags/subdags/subdag.py
[2023-01-09T14:25:21.734+0400] {processor.py:175} INFO - Processing /Users/harut/opt/anaconda3/lib/python3.9/site-packages/airflow/example_dags/subdags/subdag.py took 0.346 seconds
[2023-01-09T14:26:39.072+0400] {processor.py:153} INFO - Started process (PID=12755) to work on /Users/harut/opt/anaconda3/lib/python3.9/site-packages/airflow/example_dags/subdags/subdag.py
[2023-01-09T14:26:39.073+0400] {processor.py:743} INFO - Processing file /Users/harut/opt/anaconda3/lib/python3.9/site-packages/airflow/example_dags/subdags/subdag.py for tasks to queue
[2023-01-09T14:26:39.073+0400] {logging_mixin.py:137} INFO - [2023-01-09T14:26:39.073+0400] {dagbag.py:538} INFO - Filling up the DagBag from /Users/harut/opt/anaconda3/lib/python3.9/site-packages/airflow/example_dags/subdags/subdag.py
[2023-01-09T14:26:39.083+0400] {processor.py:755} WARNING - No viable dags retrieved from /Users/harut/opt/anaconda3/lib/python3.9/site-packages/airflow/example_dags/subdags/subdag.py
[2023-01-09T14:26:39.418+0400] {processor.py:175} INFO - Processing /Users/harut/opt/anaconda3/lib/python3.9/site-packages/airflow/example_dags/subdags/subdag.py took 0.346 seconds
[2023-01-09T14:27:55.243+0400] {processor.py:153} INFO - Started process (PID=12799) to work on /Users/harut/opt/anaconda3/lib/python3.9/site-packages/airflow/example_dags/subdags/subdag.py
[2023-01-09T14:27:55.243+0400] {processor.py:743} INFO - Processing file /Users/harut/opt/anaconda3/lib/python3.9/site-packages/airflow/example_dags/subdags/subdag.py for tasks to queue
[2023-01-09T14:27:55.244+0400] {logging_mixin.py:137} INFO - [2023-01-09T14:27:55.243+0400] {dagbag.py:538} INFO - Filling up the DagBag from /Users/harut/opt/anaconda3/lib/python3.9/site-packages/airflow/example_dags/subdags/subdag.py
[2023-01-09T14:27:55.253+0400] {processor.py:755} WARNING - No viable dags retrieved from /Users/harut/opt/anaconda3/lib/python3.9/site-packages/airflow/example_dags/subdags/subdag.py
[2023-01-09T14:27:55.586+0400] {processor.py:175} INFO - Processing /Users/harut/opt/anaconda3/lib/python3.9/site-packages/airflow/example_dags/subdags/subdag.py took 0.344 seconds
[2023-01-09T14:29:13.382+0400] {processor.py:153} INFO - Started process (PID=12841) to work on /Users/harut/opt/anaconda3/lib/python3.9/site-packages/airflow/example_dags/subdags/subdag.py
[2023-01-09T14:29:13.383+0400] {processor.py:743} INFO - Processing file /Users/harut/opt/anaconda3/lib/python3.9/site-packages/airflow/example_dags/subdags/subdag.py for tasks to queue
[2023-01-09T14:29:13.383+0400] {logging_mixin.py:137} INFO - [2023-01-09T14:29:13.383+0400] {dagbag.py:538} INFO - Filling up the DagBag from /Users/harut/opt/anaconda3/lib/python3.9/site-packages/airflow/example_dags/subdags/subdag.py
[2023-01-09T14:29:13.393+0400] {processor.py:755} WARNING - No viable dags retrieved from /Users/harut/opt/anaconda3/lib/python3.9/site-packages/airflow/example_dags/subdags/subdag.py
[2023-01-09T14:29:13.733+0400] {processor.py:175} INFO - Processing /Users/harut/opt/anaconda3/lib/python3.9/site-packages/airflow/example_dags/subdags/subdag.py took 0.351 seconds
[2023-01-09T14:30:29.142+0400] {processor.py:153} INFO - Started process (PID=12885) to work on /Users/harut/opt/anaconda3/lib/python3.9/site-packages/airflow/example_dags/subdags/subdag.py
[2023-01-09T14:30:29.142+0400] {processor.py:743} INFO - Processing file /Users/harut/opt/anaconda3/lib/python3.9/site-packages/airflow/example_dags/subdags/subdag.py for tasks to queue
[2023-01-09T14:30:29.142+0400] {logging_mixin.py:137} INFO - [2023-01-09T14:30:29.142+0400] {dagbag.py:538} INFO - Filling up the DagBag from /Users/harut/opt/anaconda3/lib/python3.9/site-packages/airflow/example_dags/subdags/subdag.py
[2023-01-09T14:30:29.152+0400] {processor.py:755} WARNING - No viable dags retrieved from /Users/harut/opt/anaconda3/lib/python3.9/site-packages/airflow/example_dags/subdags/subdag.py
[2023-01-09T14:30:29.479+0400] {processor.py:175} INFO - Processing /Users/harut/opt/anaconda3/lib/python3.9/site-packages/airflow/example_dags/subdags/subdag.py took 0.337 seconds
[2023-01-09T14:31:44.904+0400] {processor.py:153} INFO - Started process (PID=12929) to work on /Users/harut/opt/anaconda3/lib/python3.9/site-packages/airflow/example_dags/subdags/subdag.py
[2023-01-09T14:31:44.905+0400] {processor.py:743} INFO - Processing file /Users/harut/opt/anaconda3/lib/python3.9/site-packages/airflow/example_dags/subdags/subdag.py for tasks to queue
[2023-01-09T14:31:44.905+0400] {logging_mixin.py:137} INFO - [2023-01-09T14:31:44.905+0400] {dagbag.py:538} INFO - Filling up the DagBag from /Users/harut/opt/anaconda3/lib/python3.9/site-packages/airflow/example_dags/subdags/subdag.py
[2023-01-09T14:31:44.915+0400] {processor.py:755} WARNING - No viable dags retrieved from /Users/harut/opt/anaconda3/lib/python3.9/site-packages/airflow/example_dags/subdags/subdag.py
[2023-01-09T14:31:45.239+0400] {processor.py:175} INFO - Processing /Users/harut/opt/anaconda3/lib/python3.9/site-packages/airflow/example_dags/subdags/subdag.py took 0.336 seconds
[2023-01-09T14:33:00.247+0400] {processor.py:153} INFO - Started process (PID=12979) to work on /Users/harut/opt/anaconda3/lib/python3.9/site-packages/airflow/example_dags/subdags/subdag.py
[2023-01-09T14:33:00.248+0400] {processor.py:743} INFO - Processing file /Users/harut/opt/anaconda3/lib/python3.9/site-packages/airflow/example_dags/subdags/subdag.py for tasks to queue
[2023-01-09T14:33:00.248+0400] {logging_mixin.py:137} INFO - [2023-01-09T14:33:00.248+0400] {dagbag.py:538} INFO - Filling up the DagBag from /Users/harut/opt/anaconda3/lib/python3.9/site-packages/airflow/example_dags/subdags/subdag.py
[2023-01-09T14:33:00.258+0400] {processor.py:755} WARNING - No viable dags retrieved from /Users/harut/opt/anaconda3/lib/python3.9/site-packages/airflow/example_dags/subdags/subdag.py
[2023-01-09T14:33:00.612+0400] {processor.py:175} INFO - Processing /Users/harut/opt/anaconda3/lib/python3.9/site-packages/airflow/example_dags/subdags/subdag.py took 0.366 seconds
[2023-01-09T14:34:18.564+0400] {processor.py:153} INFO - Started process (PID=13029) to work on /Users/harut/opt/anaconda3/lib/python3.9/site-packages/airflow/example_dags/subdags/subdag.py
[2023-01-09T14:34:18.565+0400] {processor.py:743} INFO - Processing file /Users/harut/opt/anaconda3/lib/python3.9/site-packages/airflow/example_dags/subdags/subdag.py for tasks to queue
[2023-01-09T14:34:18.565+0400] {logging_mixin.py:137} INFO - [2023-01-09T14:34:18.565+0400] {dagbag.py:538} INFO - Filling up the DagBag from /Users/harut/opt/anaconda3/lib/python3.9/site-packages/airflow/example_dags/subdags/subdag.py
[2023-01-09T14:34:18.576+0400] {processor.py:755} WARNING - No viable dags retrieved from /Users/harut/opt/anaconda3/lib/python3.9/site-packages/airflow/example_dags/subdags/subdag.py
[2023-01-09T14:34:18.905+0400] {processor.py:175} INFO - Processing /Users/harut/opt/anaconda3/lib/python3.9/site-packages/airflow/example_dags/subdags/subdag.py took 0.341 seconds
[2023-01-09T14:35:35.805+0400] {processor.py:153} INFO - Started process (PID=13076) to work on /Users/harut/opt/anaconda3/lib/python3.9/site-packages/airflow/example_dags/subdags/subdag.py
[2023-01-09T14:35:35.806+0400] {processor.py:743} INFO - Processing file /Users/harut/opt/anaconda3/lib/python3.9/site-packages/airflow/example_dags/subdags/subdag.py for tasks to queue
[2023-01-09T14:35:35.806+0400] {logging_mixin.py:137} INFO - [2023-01-09T14:35:35.806+0400] {dagbag.py:538} INFO - Filling up the DagBag from /Users/harut/opt/anaconda3/lib/python3.9/site-packages/airflow/example_dags/subdags/subdag.py
[2023-01-09T14:35:35.816+0400] {processor.py:755} WARNING - No viable dags retrieved from /Users/harut/opt/anaconda3/lib/python3.9/site-packages/airflow/example_dags/subdags/subdag.py
[2023-01-09T14:35:36.146+0400] {processor.py:175} INFO - Processing /Users/harut/opt/anaconda3/lib/python3.9/site-packages/airflow/example_dags/subdags/subdag.py took 0.341 seconds
[2023-01-09T14:36:53.709+0400] {processor.py:153} INFO - Started process (PID=13121) to work on /Users/harut/opt/anaconda3/lib/python3.9/site-packages/airflow/example_dags/subdags/subdag.py
[2023-01-09T14:36:53.710+0400] {processor.py:743} INFO - Processing file /Users/harut/opt/anaconda3/lib/python3.9/site-packages/airflow/example_dags/subdags/subdag.py for tasks to queue
[2023-01-09T14:36:53.710+0400] {logging_mixin.py:137} INFO - [2023-01-09T14:36:53.710+0400] {dagbag.py:538} INFO - Filling up the DagBag from /Users/harut/opt/anaconda3/lib/python3.9/site-packages/airflow/example_dags/subdags/subdag.py
[2023-01-09T14:36:53.720+0400] {processor.py:755} WARNING - No viable dags retrieved from /Users/harut/opt/anaconda3/lib/python3.9/site-packages/airflow/example_dags/subdags/subdag.py
[2023-01-09T14:36:54.046+0400] {processor.py:175} INFO - Processing /Users/harut/opt/anaconda3/lib/python3.9/site-packages/airflow/example_dags/subdags/subdag.py took 0.337 seconds
[2023-01-09T14:38:09.966+0400] {processor.py:153} INFO - Started process (PID=13168) to work on /Users/harut/opt/anaconda3/lib/python3.9/site-packages/airflow/example_dags/subdags/subdag.py
[2023-01-09T14:38:09.966+0400] {processor.py:743} INFO - Processing file /Users/harut/opt/anaconda3/lib/python3.9/site-packages/airflow/example_dags/subdags/subdag.py for tasks to queue
[2023-01-09T14:38:09.967+0400] {logging_mixin.py:137} INFO - [2023-01-09T14:38:09.967+0400] {dagbag.py:538} INFO - Filling up the DagBag from /Users/harut/opt/anaconda3/lib/python3.9/site-packages/airflow/example_dags/subdags/subdag.py
[2023-01-09T14:38:09.976+0400] {processor.py:755} WARNING - No viable dags retrieved from /Users/harut/opt/anaconda3/lib/python3.9/site-packages/airflow/example_dags/subdags/subdag.py
[2023-01-09T14:38:10.300+0400] {processor.py:175} INFO - Processing /Users/harut/opt/anaconda3/lib/python3.9/site-packages/airflow/example_dags/subdags/subdag.py took 0.335 seconds
[2023-01-09T14:39:27.449+0400] {processor.py:153} INFO - Started process (PID=13208) to work on /Users/harut/opt/anaconda3/lib/python3.9/site-packages/airflow/example_dags/subdags/subdag.py
[2023-01-09T14:39:27.449+0400] {processor.py:743} INFO - Processing file /Users/harut/opt/anaconda3/lib/python3.9/site-packages/airflow/example_dags/subdags/subdag.py for tasks to queue
[2023-01-09T14:39:27.450+0400] {logging_mixin.py:137} INFO - [2023-01-09T14:39:27.449+0400] {dagbag.py:538} INFO - Filling up the DagBag from /Users/harut/opt/anaconda3/lib/python3.9/site-packages/airflow/example_dags/subdags/subdag.py
[2023-01-09T14:39:27.460+0400] {processor.py:755} WARNING - No viable dags retrieved from /Users/harut/opt/anaconda3/lib/python3.9/site-packages/airflow/example_dags/subdags/subdag.py
[2023-01-09T14:39:27.786+0400] {processor.py:175} INFO - Processing /Users/harut/opt/anaconda3/lib/python3.9/site-packages/airflow/example_dags/subdags/subdag.py took 0.338 seconds
[2023-01-09T14:40:44.054+0400] {processor.py:153} INFO - Started process (PID=13253) to work on /Users/harut/opt/anaconda3/lib/python3.9/site-packages/airflow/example_dags/subdags/subdag.py
[2023-01-09T14:40:44.055+0400] {processor.py:743} INFO - Processing file /Users/harut/opt/anaconda3/lib/python3.9/site-packages/airflow/example_dags/subdags/subdag.py for tasks to queue
[2023-01-09T14:40:44.055+0400] {logging_mixin.py:137} INFO - [2023-01-09T14:40:44.055+0400] {dagbag.py:538} INFO - Filling up the DagBag from /Users/harut/opt/anaconda3/lib/python3.9/site-packages/airflow/example_dags/subdags/subdag.py
[2023-01-09T14:40:44.065+0400] {processor.py:755} WARNING - No viable dags retrieved from /Users/harut/opt/anaconda3/lib/python3.9/site-packages/airflow/example_dags/subdags/subdag.py
[2023-01-09T14:40:44.417+0400] {processor.py:175} INFO - Processing /Users/harut/opt/anaconda3/lib/python3.9/site-packages/airflow/example_dags/subdags/subdag.py took 0.363 seconds
[2023-01-09T14:41:59.991+0400] {processor.py:153} INFO - Started process (PID=13299) to work on /Users/harut/opt/anaconda3/lib/python3.9/site-packages/airflow/example_dags/subdags/subdag.py
[2023-01-09T14:41:59.992+0400] {processor.py:743} INFO - Processing file /Users/harut/opt/anaconda3/lib/python3.9/site-packages/airflow/example_dags/subdags/subdag.py for tasks to queue
[2023-01-09T14:41:59.992+0400] {logging_mixin.py:137} INFO - [2023-01-09T14:41:59.992+0400] {dagbag.py:538} INFO - Filling up the DagBag from /Users/harut/opt/anaconda3/lib/python3.9/site-packages/airflow/example_dags/subdags/subdag.py
[2023-01-09T14:42:00.002+0400] {processor.py:755} WARNING - No viable dags retrieved from /Users/harut/opt/anaconda3/lib/python3.9/site-packages/airflow/example_dags/subdags/subdag.py
[2023-01-09T14:42:00.337+0400] {processor.py:175} INFO - Processing /Users/harut/opt/anaconda3/lib/python3.9/site-packages/airflow/example_dags/subdags/subdag.py took 0.346 seconds
[2023-01-09T14:43:15.191+0400] {processor.py:153} INFO - Started process (PID=13344) to work on /Users/harut/opt/anaconda3/lib/python3.9/site-packages/airflow/example_dags/subdags/subdag.py
[2023-01-09T14:43:15.191+0400] {processor.py:743} INFO - Processing file /Users/harut/opt/anaconda3/lib/python3.9/site-packages/airflow/example_dags/subdags/subdag.py for tasks to queue
[2023-01-09T14:43:15.192+0400] {logging_mixin.py:137} INFO - [2023-01-09T14:43:15.192+0400] {dagbag.py:538} INFO - Filling up the DagBag from /Users/harut/opt/anaconda3/lib/python3.9/site-packages/airflow/example_dags/subdags/subdag.py
[2023-01-09T14:43:15.202+0400] {processor.py:755} WARNING - No viable dags retrieved from /Users/harut/opt/anaconda3/lib/python3.9/site-packages/airflow/example_dags/subdags/subdag.py
[2023-01-09T14:43:15.613+0400] {processor.py:175} INFO - Processing /Users/harut/opt/anaconda3/lib/python3.9/site-packages/airflow/example_dags/subdags/subdag.py took 0.423 seconds
[2023-01-09T14:44:36.879+0400] {processor.py:153} INFO - Started process (PID=13389) to work on /Users/harut/opt/anaconda3/lib/python3.9/site-packages/airflow/example_dags/subdags/subdag.py
[2023-01-09T14:44:36.880+0400] {processor.py:743} INFO - Processing file /Users/harut/opt/anaconda3/lib/python3.9/site-packages/airflow/example_dags/subdags/subdag.py for tasks to queue
[2023-01-09T14:44:36.880+0400] {logging_mixin.py:137} INFO - [2023-01-09T14:44:36.880+0400] {dagbag.py:538} INFO - Filling up the DagBag from /Users/harut/opt/anaconda3/lib/python3.9/site-packages/airflow/example_dags/subdags/subdag.py
[2023-01-09T14:44:36.890+0400] {processor.py:755} WARNING - No viable dags retrieved from /Users/harut/opt/anaconda3/lib/python3.9/site-packages/airflow/example_dags/subdags/subdag.py
[2023-01-09T14:44:37.213+0400] {processor.py:175} INFO - Processing /Users/harut/opt/anaconda3/lib/python3.9/site-packages/airflow/example_dags/subdags/subdag.py took 0.334 seconds
[2023-01-09T14:45:53.628+0400] {processor.py:153} INFO - Started process (PID=13434) to work on /Users/harut/opt/anaconda3/lib/python3.9/site-packages/airflow/example_dags/subdags/subdag.py
[2023-01-09T14:45:53.629+0400] {processor.py:743} INFO - Processing file /Users/harut/opt/anaconda3/lib/python3.9/site-packages/airflow/example_dags/subdags/subdag.py for tasks to queue
[2023-01-09T14:45:53.629+0400] {logging_mixin.py:137} INFO - [2023-01-09T14:45:53.629+0400] {dagbag.py:538} INFO - Filling up the DagBag from /Users/harut/opt/anaconda3/lib/python3.9/site-packages/airflow/example_dags/subdags/subdag.py
[2023-01-09T14:45:53.639+0400] {processor.py:755} WARNING - No viable dags retrieved from /Users/harut/opt/anaconda3/lib/python3.9/site-packages/airflow/example_dags/subdags/subdag.py
[2023-01-09T14:45:53.997+0400] {processor.py:175} INFO - Processing /Users/harut/opt/anaconda3/lib/python3.9/site-packages/airflow/example_dags/subdags/subdag.py took 0.370 seconds
[2023-01-09T14:47:13.704+0400] {processor.py:153} INFO - Started process (PID=13488) to work on /Users/harut/opt/anaconda3/lib/python3.9/site-packages/airflow/example_dags/subdags/subdag.py
[2023-01-09T14:47:13.705+0400] {processor.py:743} INFO - Processing file /Users/harut/opt/anaconda3/lib/python3.9/site-packages/airflow/example_dags/subdags/subdag.py for tasks to queue
[2023-01-09T14:47:13.705+0400] {logging_mixin.py:137} INFO - [2023-01-09T14:47:13.705+0400] {dagbag.py:538} INFO - Filling up the DagBag from /Users/harut/opt/anaconda3/lib/python3.9/site-packages/airflow/example_dags/subdags/subdag.py
[2023-01-09T14:47:13.714+0400] {processor.py:755} WARNING - No viable dags retrieved from /Users/harut/opt/anaconda3/lib/python3.9/site-packages/airflow/example_dags/subdags/subdag.py
[2023-01-09T14:47:14.049+0400] {processor.py:175} INFO - Processing /Users/harut/opt/anaconda3/lib/python3.9/site-packages/airflow/example_dags/subdags/subdag.py took 0.346 seconds
[2023-01-09T14:48:34.607+0400] {processor.py:153} INFO - Started process (PID=13537) to work on /Users/harut/opt/anaconda3/lib/python3.9/site-packages/airflow/example_dags/subdags/subdag.py
[2023-01-09T14:48:34.608+0400] {processor.py:743} INFO - Processing file /Users/harut/opt/anaconda3/lib/python3.9/site-packages/airflow/example_dags/subdags/subdag.py for tasks to queue
[2023-01-09T14:48:34.608+0400] {logging_mixin.py:137} INFO - [2023-01-09T14:48:34.608+0400] {dagbag.py:538} INFO - Filling up the DagBag from /Users/harut/opt/anaconda3/lib/python3.9/site-packages/airflow/example_dags/subdags/subdag.py
[2023-01-09T14:48:34.619+0400] {processor.py:755} WARNING - No viable dags retrieved from /Users/harut/opt/anaconda3/lib/python3.9/site-packages/airflow/example_dags/subdags/subdag.py
[2023-01-09T14:48:34.992+0400] {processor.py:175} INFO - Processing /Users/harut/opt/anaconda3/lib/python3.9/site-packages/airflow/example_dags/subdags/subdag.py took 0.386 seconds
[2023-01-09T14:49:59.196+0400] {processor.py:153} INFO - Started process (PID=13589) to work on /Users/harut/opt/anaconda3/lib/python3.9/site-packages/airflow/example_dags/subdags/subdag.py
[2023-01-09T14:49:59.197+0400] {processor.py:743} INFO - Processing file /Users/harut/opt/anaconda3/lib/python3.9/site-packages/airflow/example_dags/subdags/subdag.py for tasks to queue
[2023-01-09T14:49:59.197+0400] {logging_mixin.py:137} INFO - [2023-01-09T14:49:59.197+0400] {dagbag.py:538} INFO - Filling up the DagBag from /Users/harut/opt/anaconda3/lib/python3.9/site-packages/airflow/example_dags/subdags/subdag.py
[2023-01-09T14:49:59.207+0400] {processor.py:755} WARNING - No viable dags retrieved from /Users/harut/opt/anaconda3/lib/python3.9/site-packages/airflow/example_dags/subdags/subdag.py
[2023-01-09T14:49:59.539+0400] {processor.py:175} INFO - Processing /Users/harut/opt/anaconda3/lib/python3.9/site-packages/airflow/example_dags/subdags/subdag.py took 0.344 seconds
[2023-01-09T14:51:18.396+0400] {processor.py:153} INFO - Started process (PID=13637) to work on /Users/harut/opt/anaconda3/lib/python3.9/site-packages/airflow/example_dags/subdags/subdag.py
[2023-01-09T14:51:18.397+0400] {processor.py:743} INFO - Processing file /Users/harut/opt/anaconda3/lib/python3.9/site-packages/airflow/example_dags/subdags/subdag.py for tasks to queue
[2023-01-09T14:51:18.397+0400] {logging_mixin.py:137} INFO - [2023-01-09T14:51:18.397+0400] {dagbag.py:538} INFO - Filling up the DagBag from /Users/harut/opt/anaconda3/lib/python3.9/site-packages/airflow/example_dags/subdags/subdag.py
[2023-01-09T14:51:18.407+0400] {processor.py:755} WARNING - No viable dags retrieved from /Users/harut/opt/anaconda3/lib/python3.9/site-packages/airflow/example_dags/subdags/subdag.py
[2023-01-09T14:51:18.738+0400] {processor.py:175} INFO - Processing /Users/harut/opt/anaconda3/lib/python3.9/site-packages/airflow/example_dags/subdags/subdag.py took 0.343 seconds
[2023-01-09T14:52:38.586+0400] {processor.py:153} INFO - Started process (PID=13682) to work on /Users/harut/opt/anaconda3/lib/python3.9/site-packages/airflow/example_dags/subdags/subdag.py
[2023-01-09T14:52:38.587+0400] {processor.py:743} INFO - Processing file /Users/harut/opt/anaconda3/lib/python3.9/site-packages/airflow/example_dags/subdags/subdag.py for tasks to queue
[2023-01-09T14:52:38.587+0400] {logging_mixin.py:137} INFO - [2023-01-09T14:52:38.587+0400] {dagbag.py:538} INFO - Filling up the DagBag from /Users/harut/opt/anaconda3/lib/python3.9/site-packages/airflow/example_dags/subdags/subdag.py
[2023-01-09T14:52:38.597+0400] {processor.py:755} WARNING - No viable dags retrieved from /Users/harut/opt/anaconda3/lib/python3.9/site-packages/airflow/example_dags/subdags/subdag.py
[2023-01-09T14:52:38.938+0400] {processor.py:175} INFO - Processing /Users/harut/opt/anaconda3/lib/python3.9/site-packages/airflow/example_dags/subdags/subdag.py took 0.352 seconds
[2023-01-09T14:53:57.651+0400] {processor.py:153} INFO - Started process (PID=13729) to work on /Users/harut/opt/anaconda3/lib/python3.9/site-packages/airflow/example_dags/subdags/subdag.py
[2023-01-09T14:53:57.652+0400] {processor.py:743} INFO - Processing file /Users/harut/opt/anaconda3/lib/python3.9/site-packages/airflow/example_dags/subdags/subdag.py for tasks to queue
[2023-01-09T14:53:57.652+0400] {logging_mixin.py:137} INFO - [2023-01-09T14:53:57.652+0400] {dagbag.py:538} INFO - Filling up the DagBag from /Users/harut/opt/anaconda3/lib/python3.9/site-packages/airflow/example_dags/subdags/subdag.py
[2023-01-09T14:53:57.663+0400] {processor.py:755} WARNING - No viable dags retrieved from /Users/harut/opt/anaconda3/lib/python3.9/site-packages/airflow/example_dags/subdags/subdag.py
[2023-01-09T14:53:58.052+0400] {processor.py:175} INFO - Processing /Users/harut/opt/anaconda3/lib/python3.9/site-packages/airflow/example_dags/subdags/subdag.py took 0.402 seconds
[2023-01-09T14:55:22.272+0400] {processor.py:153} INFO - Started process (PID=13774) to work on /Users/harut/opt/anaconda3/lib/python3.9/site-packages/airflow/example_dags/subdags/subdag.py
[2023-01-09T14:55:22.273+0400] {processor.py:743} INFO - Processing file /Users/harut/opt/anaconda3/lib/python3.9/site-packages/airflow/example_dags/subdags/subdag.py for tasks to queue
[2023-01-09T14:55:22.273+0400] {logging_mixin.py:137} INFO - [2023-01-09T14:55:22.273+0400] {dagbag.py:538} INFO - Filling up the DagBag from /Users/harut/opt/anaconda3/lib/python3.9/site-packages/airflow/example_dags/subdags/subdag.py
[2023-01-09T14:55:22.283+0400] {processor.py:755} WARNING - No viable dags retrieved from /Users/harut/opt/anaconda3/lib/python3.9/site-packages/airflow/example_dags/subdags/subdag.py
[2023-01-09T14:55:22.611+0400] {processor.py:175} INFO - Processing /Users/harut/opt/anaconda3/lib/python3.9/site-packages/airflow/example_dags/subdags/subdag.py took 0.339 seconds
[2023-01-09T14:56:43.668+0400] {processor.py:153} INFO - Started process (PID=13820) to work on /Users/harut/opt/anaconda3/lib/python3.9/site-packages/airflow/example_dags/subdags/subdag.py
[2023-01-09T14:56:43.669+0400] {processor.py:743} INFO - Processing file /Users/harut/opt/anaconda3/lib/python3.9/site-packages/airflow/example_dags/subdags/subdag.py for tasks to queue
[2023-01-09T14:56:43.669+0400] {logging_mixin.py:137} INFO - [2023-01-09T14:56:43.669+0400] {dagbag.py:538} INFO - Filling up the DagBag from /Users/harut/opt/anaconda3/lib/python3.9/site-packages/airflow/example_dags/subdags/subdag.py
[2023-01-09T14:56:43.679+0400] {processor.py:755} WARNING - No viable dags retrieved from /Users/harut/opt/anaconda3/lib/python3.9/site-packages/airflow/example_dags/subdags/subdag.py
[2023-01-09T14:56:44.013+0400] {processor.py:175} INFO - Processing /Users/harut/opt/anaconda3/lib/python3.9/site-packages/airflow/example_dags/subdags/subdag.py took 0.345 seconds
[2023-01-09T14:58:05.479+0400] {processor.py:153} INFO - Started process (PID=13862) to work on /Users/harut/opt/anaconda3/lib/python3.9/site-packages/airflow/example_dags/subdags/subdag.py
[2023-01-09T14:58:05.480+0400] {processor.py:743} INFO - Processing file /Users/harut/opt/anaconda3/lib/python3.9/site-packages/airflow/example_dags/subdags/subdag.py for tasks to queue
[2023-01-09T14:58:05.480+0400] {logging_mixin.py:137} INFO - [2023-01-09T14:58:05.480+0400] {dagbag.py:538} INFO - Filling up the DagBag from /Users/harut/opt/anaconda3/lib/python3.9/site-packages/airflow/example_dags/subdags/subdag.py
[2023-01-09T14:58:05.490+0400] {processor.py:755} WARNING - No viable dags retrieved from /Users/harut/opt/anaconda3/lib/python3.9/site-packages/airflow/example_dags/subdags/subdag.py
[2023-01-09T14:58:05.816+0400] {processor.py:175} INFO - Processing /Users/harut/opt/anaconda3/lib/python3.9/site-packages/airflow/example_dags/subdags/subdag.py took 0.337 seconds
[2023-01-09T14:59:25.804+0400] {processor.py:153} INFO - Started process (PID=13908) to work on /Users/harut/opt/anaconda3/lib/python3.9/site-packages/airflow/example_dags/subdags/subdag.py
[2023-01-09T14:59:25.805+0400] {processor.py:743} INFO - Processing file /Users/harut/opt/anaconda3/lib/python3.9/site-packages/airflow/example_dags/subdags/subdag.py for tasks to queue
[2023-01-09T14:59:25.805+0400] {logging_mixin.py:137} INFO - [2023-01-09T14:59:25.805+0400] {dagbag.py:538} INFO - Filling up the DagBag from /Users/harut/opt/anaconda3/lib/python3.9/site-packages/airflow/example_dags/subdags/subdag.py
[2023-01-09T14:59:25.815+0400] {processor.py:755} WARNING - No viable dags retrieved from /Users/harut/opt/anaconda3/lib/python3.9/site-packages/airflow/example_dags/subdags/subdag.py
[2023-01-09T14:59:26.143+0400] {processor.py:175} INFO - Processing /Users/harut/opt/anaconda3/lib/python3.9/site-packages/airflow/example_dags/subdags/subdag.py took 0.339 seconds
[2023-01-09T15:00:46.961+0400] {processor.py:153} INFO - Started process (PID=13951) to work on /Users/harut/opt/anaconda3/lib/python3.9/site-packages/airflow/example_dags/subdags/subdag.py
[2023-01-09T15:00:46.962+0400] {processor.py:743} INFO - Processing file /Users/harut/opt/anaconda3/lib/python3.9/site-packages/airflow/example_dags/subdags/subdag.py for tasks to queue
[2023-01-09T15:00:46.962+0400] {logging_mixin.py:137} INFO - [2023-01-09T15:00:46.962+0400] {dagbag.py:538} INFO - Filling up the DagBag from /Users/harut/opt/anaconda3/lib/python3.9/site-packages/airflow/example_dags/subdags/subdag.py
[2023-01-09T15:00:46.972+0400] {processor.py:755} WARNING - No viable dags retrieved from /Users/harut/opt/anaconda3/lib/python3.9/site-packages/airflow/example_dags/subdags/subdag.py
[2023-01-09T15:00:47.298+0400] {processor.py:175} INFO - Processing /Users/harut/opt/anaconda3/lib/python3.9/site-packages/airflow/example_dags/subdags/subdag.py took 0.337 seconds
[2023-01-09T15:02:08.332+0400] {processor.py:153} INFO - Started process (PID=13997) to work on /Users/harut/opt/anaconda3/lib/python3.9/site-packages/airflow/example_dags/subdags/subdag.py
[2023-01-09T15:02:08.333+0400] {processor.py:743} INFO - Processing file /Users/harut/opt/anaconda3/lib/python3.9/site-packages/airflow/example_dags/subdags/subdag.py for tasks to queue
[2023-01-09T15:02:08.333+0400] {logging_mixin.py:137} INFO - [2023-01-09T15:02:08.333+0400] {dagbag.py:538} INFO - Filling up the DagBag from /Users/harut/opt/anaconda3/lib/python3.9/site-packages/airflow/example_dags/subdags/subdag.py
[2023-01-09T15:02:08.343+0400] {processor.py:755} WARNING - No viable dags retrieved from /Users/harut/opt/anaconda3/lib/python3.9/site-packages/airflow/example_dags/subdags/subdag.py
[2023-01-09T15:02:08.670+0400] {processor.py:175} INFO - Processing /Users/harut/opt/anaconda3/lib/python3.9/site-packages/airflow/example_dags/subdags/subdag.py took 0.338 seconds
[2023-01-09T15:03:29.349+0400] {processor.py:153} INFO - Started process (PID=14047) to work on /Users/harut/opt/anaconda3/lib/python3.9/site-packages/airflow/example_dags/subdags/subdag.py
[2023-01-09T15:03:29.350+0400] {processor.py:743} INFO - Processing file /Users/harut/opt/anaconda3/lib/python3.9/site-packages/airflow/example_dags/subdags/subdag.py for tasks to queue
[2023-01-09T15:03:29.350+0400] {logging_mixin.py:137} INFO - [2023-01-09T15:03:29.350+0400] {dagbag.py:538} INFO - Filling up the DagBag from /Users/harut/opt/anaconda3/lib/python3.9/site-packages/airflow/example_dags/subdags/subdag.py
[2023-01-09T15:03:29.361+0400] {processor.py:755} WARNING - No viable dags retrieved from /Users/harut/opt/anaconda3/lib/python3.9/site-packages/airflow/example_dags/subdags/subdag.py
[2023-01-09T15:03:29.719+0400] {processor.py:175} INFO - Processing /Users/harut/opt/anaconda3/lib/python3.9/site-packages/airflow/example_dags/subdags/subdag.py took 0.370 seconds
[2023-01-09T15:04:48.925+0400] {processor.py:153} INFO - Started process (PID=14090) to work on /Users/harut/opt/anaconda3/lib/python3.9/site-packages/airflow/example_dags/subdags/subdag.py
[2023-01-09T15:04:48.926+0400] {processor.py:743} INFO - Processing file /Users/harut/opt/anaconda3/lib/python3.9/site-packages/airflow/example_dags/subdags/subdag.py for tasks to queue
[2023-01-09T15:04:48.926+0400] {logging_mixin.py:137} INFO - [2023-01-09T15:04:48.926+0400] {dagbag.py:538} INFO - Filling up the DagBag from /Users/harut/opt/anaconda3/lib/python3.9/site-packages/airflow/example_dags/subdags/subdag.py
[2023-01-09T15:04:48.936+0400] {processor.py:755} WARNING - No viable dags retrieved from /Users/harut/opt/anaconda3/lib/python3.9/site-packages/airflow/example_dags/subdags/subdag.py
[2023-01-09T15:04:49.271+0400] {processor.py:175} INFO - Processing /Users/harut/opt/anaconda3/lib/python3.9/site-packages/airflow/example_dags/subdags/subdag.py took 0.346 seconds
[2023-01-09T15:06:10.541+0400] {processor.py:153} INFO - Started process (PID=14136) to work on /Users/harut/opt/anaconda3/lib/python3.9/site-packages/airflow/example_dags/subdags/subdag.py
[2023-01-09T15:06:10.542+0400] {processor.py:743} INFO - Processing file /Users/harut/opt/anaconda3/lib/python3.9/site-packages/airflow/example_dags/subdags/subdag.py for tasks to queue
[2023-01-09T15:06:10.542+0400] {logging_mixin.py:137} INFO - [2023-01-09T15:06:10.542+0400] {dagbag.py:538} INFO - Filling up the DagBag from /Users/harut/opt/anaconda3/lib/python3.9/site-packages/airflow/example_dags/subdags/subdag.py
[2023-01-09T15:06:10.552+0400] {processor.py:755} WARNING - No viable dags retrieved from /Users/harut/opt/anaconda3/lib/python3.9/site-packages/airflow/example_dags/subdags/subdag.py
[2023-01-09T15:06:10.885+0400] {processor.py:175} INFO - Processing /Users/harut/opt/anaconda3/lib/python3.9/site-packages/airflow/example_dags/subdags/subdag.py took 0.344 seconds
[2023-01-09T15:07:28.136+0400] {processor.py:153} INFO - Started process (PID=14177) to work on /Users/harut/opt/anaconda3/lib/python3.9/site-packages/airflow/example_dags/subdags/subdag.py
[2023-01-09T15:07:28.137+0400] {processor.py:743} INFO - Processing file /Users/harut/opt/anaconda3/lib/python3.9/site-packages/airflow/example_dags/subdags/subdag.py for tasks to queue
[2023-01-09T15:07:28.137+0400] {logging_mixin.py:137} INFO - [2023-01-09T15:07:28.137+0400] {dagbag.py:538} INFO - Filling up the DagBag from /Users/harut/opt/anaconda3/lib/python3.9/site-packages/airflow/example_dags/subdags/subdag.py
[2023-01-09T15:07:28.147+0400] {processor.py:755} WARNING - No viable dags retrieved from /Users/harut/opt/anaconda3/lib/python3.9/site-packages/airflow/example_dags/subdags/subdag.py
[2023-01-09T15:07:28.472+0400] {processor.py:175} INFO - Processing /Users/harut/opt/anaconda3/lib/python3.9/site-packages/airflow/example_dags/subdags/subdag.py took 0.336 seconds
[2023-01-09T15:08:49.076+0400] {processor.py:153} INFO - Started process (PID=14221) to work on /Users/harut/opt/anaconda3/lib/python3.9/site-packages/airflow/example_dags/subdags/subdag.py
[2023-01-09T15:08:49.077+0400] {processor.py:743} INFO - Processing file /Users/harut/opt/anaconda3/lib/python3.9/site-packages/airflow/example_dags/subdags/subdag.py for tasks to queue
[2023-01-09T15:08:49.077+0400] {logging_mixin.py:137} INFO - [2023-01-09T15:08:49.077+0400] {dagbag.py:538} INFO - Filling up the DagBag from /Users/harut/opt/anaconda3/lib/python3.9/site-packages/airflow/example_dags/subdags/subdag.py
[2023-01-09T15:08:49.087+0400] {processor.py:755} WARNING - No viable dags retrieved from /Users/harut/opt/anaconda3/lib/python3.9/site-packages/airflow/example_dags/subdags/subdag.py
[2023-01-09T15:08:49.424+0400] {processor.py:175} INFO - Processing /Users/harut/opt/anaconda3/lib/python3.9/site-packages/airflow/example_dags/subdags/subdag.py took 0.348 seconds
[2023-01-09T15:10:08.050+0400] {processor.py:153} INFO - Started process (PID=14268) to work on /Users/harut/opt/anaconda3/lib/python3.9/site-packages/airflow/example_dags/subdags/subdag.py
[2023-01-09T15:10:08.051+0400] {processor.py:743} INFO - Processing file /Users/harut/opt/anaconda3/lib/python3.9/site-packages/airflow/example_dags/subdags/subdag.py for tasks to queue
[2023-01-09T15:10:08.051+0400] {logging_mixin.py:137} INFO - [2023-01-09T15:10:08.051+0400] {dagbag.py:538} INFO - Filling up the DagBag from /Users/harut/opt/anaconda3/lib/python3.9/site-packages/airflow/example_dags/subdags/subdag.py
[2023-01-09T15:10:08.061+0400] {processor.py:755} WARNING - No viable dags retrieved from /Users/harut/opt/anaconda3/lib/python3.9/site-packages/airflow/example_dags/subdags/subdag.py
[2023-01-09T15:10:08.392+0400] {processor.py:175} INFO - Processing /Users/harut/opt/anaconda3/lib/python3.9/site-packages/airflow/example_dags/subdags/subdag.py took 0.343 seconds
[2023-01-09T15:11:29.548+0400] {processor.py:153} INFO - Started process (PID=14313) to work on /Users/harut/opt/anaconda3/lib/python3.9/site-packages/airflow/example_dags/subdags/subdag.py
[2023-01-09T15:11:29.549+0400] {processor.py:743} INFO - Processing file /Users/harut/opt/anaconda3/lib/python3.9/site-packages/airflow/example_dags/subdags/subdag.py for tasks to queue
[2023-01-09T15:11:29.549+0400] {logging_mixin.py:137} INFO - [2023-01-09T15:11:29.549+0400] {dagbag.py:538} INFO - Filling up the DagBag from /Users/harut/opt/anaconda3/lib/python3.9/site-packages/airflow/example_dags/subdags/subdag.py
[2023-01-09T15:11:29.559+0400] {processor.py:755} WARNING - No viable dags retrieved from /Users/harut/opt/anaconda3/lib/python3.9/site-packages/airflow/example_dags/subdags/subdag.py
[2023-01-09T15:11:29.897+0400] {processor.py:175} INFO - Processing /Users/harut/opt/anaconda3/lib/python3.9/site-packages/airflow/example_dags/subdags/subdag.py took 0.348 seconds
[2023-01-09T15:12:53.225+0400] {processor.py:153} INFO - Started process (PID=14366) to work on /Users/harut/opt/anaconda3/lib/python3.9/site-packages/airflow/example_dags/subdags/subdag.py
[2023-01-09T15:12:53.225+0400] {processor.py:743} INFO - Processing file /Users/harut/opt/anaconda3/lib/python3.9/site-packages/airflow/example_dags/subdags/subdag.py for tasks to queue
[2023-01-09T15:12:53.225+0400] {logging_mixin.py:137} INFO - [2023-01-09T15:12:53.225+0400] {dagbag.py:538} INFO - Filling up the DagBag from /Users/harut/opt/anaconda3/lib/python3.9/site-packages/airflow/example_dags/subdags/subdag.py
[2023-01-09T15:12:53.236+0400] {processor.py:755} WARNING - No viable dags retrieved from /Users/harut/opt/anaconda3/lib/python3.9/site-packages/airflow/example_dags/subdags/subdag.py
[2023-01-09T15:12:53.600+0400] {processor.py:175} INFO - Processing /Users/harut/opt/anaconda3/lib/python3.9/site-packages/airflow/example_dags/subdags/subdag.py took 0.376 seconds
[2023-01-09T15:14:16.045+0400] {processor.py:153} INFO - Started process (PID=14428) to work on /Users/harut/opt/anaconda3/lib/python3.9/site-packages/airflow/example_dags/subdags/subdag.py
[2023-01-09T15:14:16.046+0400] {processor.py:743} INFO - Processing file /Users/harut/opt/anaconda3/lib/python3.9/site-packages/airflow/example_dags/subdags/subdag.py for tasks to queue
[2023-01-09T15:14:16.046+0400] {logging_mixin.py:137} INFO - [2023-01-09T15:14:16.046+0400] {dagbag.py:538} INFO - Filling up the DagBag from /Users/harut/opt/anaconda3/lib/python3.9/site-packages/airflow/example_dags/subdags/subdag.py
[2023-01-09T15:14:16.057+0400] {processor.py:755} WARNING - No viable dags retrieved from /Users/harut/opt/anaconda3/lib/python3.9/site-packages/airflow/example_dags/subdags/subdag.py
[2023-01-09T15:14:16.427+0400] {processor.py:175} INFO - Processing /Users/harut/opt/anaconda3/lib/python3.9/site-packages/airflow/example_dags/subdags/subdag.py took 0.382 seconds
[2023-01-09T15:15:39.729+0400] {processor.py:153} INFO - Started process (PID=14486) to work on /Users/harut/opt/anaconda3/lib/python3.9/site-packages/airflow/example_dags/subdags/subdag.py
[2023-01-09T15:15:39.730+0400] {processor.py:743} INFO - Processing file /Users/harut/opt/anaconda3/lib/python3.9/site-packages/airflow/example_dags/subdags/subdag.py for tasks to queue
[2023-01-09T15:15:39.730+0400] {logging_mixin.py:137} INFO - [2023-01-09T15:15:39.730+0400] {dagbag.py:538} INFO - Filling up the DagBag from /Users/harut/opt/anaconda3/lib/python3.9/site-packages/airflow/example_dags/subdags/subdag.py
[2023-01-09T15:15:39.740+0400] {processor.py:755} WARNING - No viable dags retrieved from /Users/harut/opt/anaconda3/lib/python3.9/site-packages/airflow/example_dags/subdags/subdag.py
[2023-01-09T15:15:40.077+0400] {processor.py:175} INFO - Processing /Users/harut/opt/anaconda3/lib/python3.9/site-packages/airflow/example_dags/subdags/subdag.py took 0.348 seconds
[2023-01-09T15:17:02.633+0400] {processor.py:153} INFO - Started process (PID=14530) to work on /Users/harut/opt/anaconda3/lib/python3.9/site-packages/airflow/example_dags/subdags/subdag.py
[2023-01-09T15:17:02.634+0400] {processor.py:743} INFO - Processing file /Users/harut/opt/anaconda3/lib/python3.9/site-packages/airflow/example_dags/subdags/subdag.py for tasks to queue
[2023-01-09T15:17:02.634+0400] {logging_mixin.py:137} INFO - [2023-01-09T15:17:02.634+0400] {dagbag.py:538} INFO - Filling up the DagBag from /Users/harut/opt/anaconda3/lib/python3.9/site-packages/airflow/example_dags/subdags/subdag.py
[2023-01-09T15:17:02.644+0400] {processor.py:755} WARNING - No viable dags retrieved from /Users/harut/opt/anaconda3/lib/python3.9/site-packages/airflow/example_dags/subdags/subdag.py
[2023-01-09T15:17:02.978+0400] {processor.py:175} INFO - Processing /Users/harut/opt/anaconda3/lib/python3.9/site-packages/airflow/example_dags/subdags/subdag.py took 0.345 seconds
[2023-01-09T15:18:26.173+0400] {processor.py:153} INFO - Started process (PID=14576) to work on /Users/harut/opt/anaconda3/lib/python3.9/site-packages/airflow/example_dags/subdags/subdag.py
[2023-01-09T15:18:26.174+0400] {processor.py:743} INFO - Processing file /Users/harut/opt/anaconda3/lib/python3.9/site-packages/airflow/example_dags/subdags/subdag.py for tasks to queue
[2023-01-09T15:18:26.174+0400] {logging_mixin.py:137} INFO - [2023-01-09T15:18:26.174+0400] {dagbag.py:538} INFO - Filling up the DagBag from /Users/harut/opt/anaconda3/lib/python3.9/site-packages/airflow/example_dags/subdags/subdag.py
[2023-01-09T15:18:26.185+0400] {processor.py:755} WARNING - No viable dags retrieved from /Users/harut/opt/anaconda3/lib/python3.9/site-packages/airflow/example_dags/subdags/subdag.py
[2023-01-09T15:18:26.561+0400] {processor.py:175} INFO - Processing /Users/harut/opt/anaconda3/lib/python3.9/site-packages/airflow/example_dags/subdags/subdag.py took 0.388 seconds
[2023-01-09T15:19:48.840+0400] {processor.py:153} INFO - Started process (PID=14628) to work on /Users/harut/opt/anaconda3/lib/python3.9/site-packages/airflow/example_dags/subdags/subdag.py
[2023-01-09T15:19:48.841+0400] {processor.py:743} INFO - Processing file /Users/harut/opt/anaconda3/lib/python3.9/site-packages/airflow/example_dags/subdags/subdag.py for tasks to queue
[2023-01-09T15:19:48.841+0400] {logging_mixin.py:137} INFO - [2023-01-09T15:19:48.841+0400] {dagbag.py:538} INFO - Filling up the DagBag from /Users/harut/opt/anaconda3/lib/python3.9/site-packages/airflow/example_dags/subdags/subdag.py
[2023-01-09T15:19:48.851+0400] {processor.py:755} WARNING - No viable dags retrieved from /Users/harut/opt/anaconda3/lib/python3.9/site-packages/airflow/example_dags/subdags/subdag.py
[2023-01-09T15:19:49.223+0400] {processor.py:175} INFO - Processing /Users/harut/opt/anaconda3/lib/python3.9/site-packages/airflow/example_dags/subdags/subdag.py took 0.383 seconds
[2023-01-09T15:21:13.139+0400] {processor.py:153} INFO - Started process (PID=14671) to work on /Users/harut/opt/anaconda3/lib/python3.9/site-packages/airflow/example_dags/subdags/subdag.py
[2023-01-09T15:21:13.140+0400] {processor.py:743} INFO - Processing file /Users/harut/opt/anaconda3/lib/python3.9/site-packages/airflow/example_dags/subdags/subdag.py for tasks to queue
[2023-01-09T15:21:13.140+0400] {logging_mixin.py:137} INFO - [2023-01-09T15:21:13.140+0400] {dagbag.py:538} INFO - Filling up the DagBag from /Users/harut/opt/anaconda3/lib/python3.9/site-packages/airflow/example_dags/subdags/subdag.py
[2023-01-09T15:21:13.150+0400] {processor.py:755} WARNING - No viable dags retrieved from /Users/harut/opt/anaconda3/lib/python3.9/site-packages/airflow/example_dags/subdags/subdag.py
[2023-01-09T15:21:13.483+0400] {processor.py:175} INFO - Processing /Users/harut/opt/anaconda3/lib/python3.9/site-packages/airflow/example_dags/subdags/subdag.py took 0.344 seconds
[2023-01-09T15:22:36.900+0400] {processor.py:153} INFO - Started process (PID=14731) to work on /Users/harut/opt/anaconda3/lib/python3.9/site-packages/airflow/example_dags/subdags/subdag.py
[2023-01-09T15:22:36.901+0400] {processor.py:743} INFO - Processing file /Users/harut/opt/anaconda3/lib/python3.9/site-packages/airflow/example_dags/subdags/subdag.py for tasks to queue
[2023-01-09T15:22:36.901+0400] {logging_mixin.py:137} INFO - [2023-01-09T15:22:36.901+0400] {dagbag.py:538} INFO - Filling up the DagBag from /Users/harut/opt/anaconda3/lib/python3.9/site-packages/airflow/example_dags/subdags/subdag.py
[2023-01-09T15:22:36.912+0400] {processor.py:755} WARNING - No viable dags retrieved from /Users/harut/opt/anaconda3/lib/python3.9/site-packages/airflow/example_dags/subdags/subdag.py
[2023-01-09T15:22:37.268+0400] {processor.py:175} INFO - Processing /Users/harut/opt/anaconda3/lib/python3.9/site-packages/airflow/example_dags/subdags/subdag.py took 0.368 seconds
[2023-01-09T15:23:59.438+0400] {processor.py:153} INFO - Started process (PID=14774) to work on /Users/harut/opt/anaconda3/lib/python3.9/site-packages/airflow/example_dags/subdags/subdag.py
[2023-01-09T15:23:59.439+0400] {processor.py:743} INFO - Processing file /Users/harut/opt/anaconda3/lib/python3.9/site-packages/airflow/example_dags/subdags/subdag.py for tasks to queue
[2023-01-09T15:23:59.439+0400] {logging_mixin.py:137} INFO - [2023-01-09T15:23:59.439+0400] {dagbag.py:538} INFO - Filling up the DagBag from /Users/harut/opt/anaconda3/lib/python3.9/site-packages/airflow/example_dags/subdags/subdag.py
[2023-01-09T15:23:59.450+0400] {processor.py:755} WARNING - No viable dags retrieved from /Users/harut/opt/anaconda3/lib/python3.9/site-packages/airflow/example_dags/subdags/subdag.py
[2023-01-09T15:23:59.814+0400] {processor.py:175} INFO - Processing /Users/harut/opt/anaconda3/lib/python3.9/site-packages/airflow/example_dags/subdags/subdag.py took 0.377 seconds
[2023-01-09T15:25:23.615+0400] {processor.py:153} INFO - Started process (PID=14819) to work on /Users/harut/opt/anaconda3/lib/python3.9/site-packages/airflow/example_dags/subdags/subdag.py
[2023-01-09T15:25:23.615+0400] {processor.py:743} INFO - Processing file /Users/harut/opt/anaconda3/lib/python3.9/site-packages/airflow/example_dags/subdags/subdag.py for tasks to queue
[2023-01-09T15:25:23.616+0400] {logging_mixin.py:137} INFO - [2023-01-09T15:25:23.616+0400] {dagbag.py:538} INFO - Filling up the DagBag from /Users/harut/opt/anaconda3/lib/python3.9/site-packages/airflow/example_dags/subdags/subdag.py
[2023-01-09T15:25:23.626+0400] {processor.py:755} WARNING - No viable dags retrieved from /Users/harut/opt/anaconda3/lib/python3.9/site-packages/airflow/example_dags/subdags/subdag.py
[2023-01-09T15:25:23.966+0400] {processor.py:175} INFO - Processing /Users/harut/opt/anaconda3/lib/python3.9/site-packages/airflow/example_dags/subdags/subdag.py took 0.352 seconds
[2023-01-09T15:26:47.068+0400] {processor.py:153} INFO - Started process (PID=14864) to work on /Users/harut/opt/anaconda3/lib/python3.9/site-packages/airflow/example_dags/subdags/subdag.py
[2023-01-09T15:26:47.069+0400] {processor.py:743} INFO - Processing file /Users/harut/opt/anaconda3/lib/python3.9/site-packages/airflow/example_dags/subdags/subdag.py for tasks to queue
[2023-01-09T15:26:47.069+0400] {logging_mixin.py:137} INFO - [2023-01-09T15:26:47.069+0400] {dagbag.py:538} INFO - Filling up the DagBag from /Users/harut/opt/anaconda3/lib/python3.9/site-packages/airflow/example_dags/subdags/subdag.py
[2023-01-09T15:26:47.079+0400] {processor.py:755} WARNING - No viable dags retrieved from /Users/harut/opt/anaconda3/lib/python3.9/site-packages/airflow/example_dags/subdags/subdag.py
[2023-01-09T15:26:47.414+0400] {processor.py:175} INFO - Processing /Users/harut/opt/anaconda3/lib/python3.9/site-packages/airflow/example_dags/subdags/subdag.py took 0.346 seconds
[2023-01-09T15:28:10.607+0400] {processor.py:153} INFO - Started process (PID=14917) to work on /Users/harut/opt/anaconda3/lib/python3.9/site-packages/airflow/example_dags/subdags/subdag.py
[2023-01-09T15:28:10.608+0400] {processor.py:743} INFO - Processing file /Users/harut/opt/anaconda3/lib/python3.9/site-packages/airflow/example_dags/subdags/subdag.py for tasks to queue
[2023-01-09T15:28:10.608+0400] {logging_mixin.py:137} INFO - [2023-01-09T15:28:10.608+0400] {dagbag.py:538} INFO - Filling up the DagBag from /Users/harut/opt/anaconda3/lib/python3.9/site-packages/airflow/example_dags/subdags/subdag.py
[2023-01-09T15:28:10.618+0400] {processor.py:755} WARNING - No viable dags retrieved from /Users/harut/opt/anaconda3/lib/python3.9/site-packages/airflow/example_dags/subdags/subdag.py
[2023-01-09T15:28:10.960+0400] {processor.py:175} INFO - Processing /Users/harut/opt/anaconda3/lib/python3.9/site-packages/airflow/example_dags/subdags/subdag.py took 0.353 seconds
[2023-01-09T15:29:33.929+0400] {processor.py:153} INFO - Started process (PID=14961) to work on /Users/harut/opt/anaconda3/lib/python3.9/site-packages/airflow/example_dags/subdags/subdag.py
[2023-01-09T15:29:33.930+0400] {processor.py:743} INFO - Processing file /Users/harut/opt/anaconda3/lib/python3.9/site-packages/airflow/example_dags/subdags/subdag.py for tasks to queue
[2023-01-09T15:29:33.930+0400] {logging_mixin.py:137} INFO - [2023-01-09T15:29:33.930+0400] {dagbag.py:538} INFO - Filling up the DagBag from /Users/harut/opt/anaconda3/lib/python3.9/site-packages/airflow/example_dags/subdags/subdag.py
[2023-01-09T15:29:33.940+0400] {processor.py:755} WARNING - No viable dags retrieved from /Users/harut/opt/anaconda3/lib/python3.9/site-packages/airflow/example_dags/subdags/subdag.py
[2023-01-09T15:29:34.302+0400] {processor.py:175} INFO - Processing /Users/harut/opt/anaconda3/lib/python3.9/site-packages/airflow/example_dags/subdags/subdag.py took 0.374 seconds
[2023-01-09T15:30:54.054+0400] {processor.py:153} INFO - Started process (PID=15007) to work on /Users/harut/opt/anaconda3/lib/python3.9/site-packages/airflow/example_dags/subdags/subdag.py
[2023-01-09T15:30:54.055+0400] {processor.py:743} INFO - Processing file /Users/harut/opt/anaconda3/lib/python3.9/site-packages/airflow/example_dags/subdags/subdag.py for tasks to queue
[2023-01-09T15:30:54.055+0400] {logging_mixin.py:137} INFO - [2023-01-09T15:30:54.055+0400] {dagbag.py:538} INFO - Filling up the DagBag from /Users/harut/opt/anaconda3/lib/python3.9/site-packages/airflow/example_dags/subdags/subdag.py
[2023-01-09T15:30:54.066+0400] {processor.py:755} WARNING - No viable dags retrieved from /Users/harut/opt/anaconda3/lib/python3.9/site-packages/airflow/example_dags/subdags/subdag.py
[2023-01-09T15:30:54.437+0400] {processor.py:175} INFO - Processing /Users/harut/opt/anaconda3/lib/python3.9/site-packages/airflow/example_dags/subdags/subdag.py took 0.383 seconds
[2023-01-09T15:32:16.916+0400] {processor.py:153} INFO - Started process (PID=15054) to work on /Users/harut/opt/anaconda3/lib/python3.9/site-packages/airflow/example_dags/subdags/subdag.py
[2023-01-09T15:32:16.917+0400] {processor.py:743} INFO - Processing file /Users/harut/opt/anaconda3/lib/python3.9/site-packages/airflow/example_dags/subdags/subdag.py for tasks to queue
[2023-01-09T15:32:16.917+0400] {logging_mixin.py:137} INFO - [2023-01-09T15:32:16.917+0400] {dagbag.py:538} INFO - Filling up the DagBag from /Users/harut/opt/anaconda3/lib/python3.9/site-packages/airflow/example_dags/subdags/subdag.py
[2023-01-09T15:32:16.928+0400] {processor.py:755} WARNING - No viable dags retrieved from /Users/harut/opt/anaconda3/lib/python3.9/site-packages/airflow/example_dags/subdags/subdag.py
[2023-01-09T15:32:17.296+0400] {processor.py:175} INFO - Processing /Users/harut/opt/anaconda3/lib/python3.9/site-packages/airflow/example_dags/subdags/subdag.py took 0.380 seconds
[2023-01-09T15:33:40.705+0400] {processor.py:153} INFO - Started process (PID=15100) to work on /Users/harut/opt/anaconda3/lib/python3.9/site-packages/airflow/example_dags/subdags/subdag.py
[2023-01-09T15:33:40.706+0400] {processor.py:743} INFO - Processing file /Users/harut/opt/anaconda3/lib/python3.9/site-packages/airflow/example_dags/subdags/subdag.py for tasks to queue
[2023-01-09T15:33:40.706+0400] {logging_mixin.py:137} INFO - [2023-01-09T15:33:40.706+0400] {dagbag.py:538} INFO - Filling up the DagBag from /Users/harut/opt/anaconda3/lib/python3.9/site-packages/airflow/example_dags/subdags/subdag.py
[2023-01-09T15:33:40.717+0400] {processor.py:755} WARNING - No viable dags retrieved from /Users/harut/opt/anaconda3/lib/python3.9/site-packages/airflow/example_dags/subdags/subdag.py
[2023-01-09T15:33:41.090+0400] {processor.py:175} INFO - Processing /Users/harut/opt/anaconda3/lib/python3.9/site-packages/airflow/example_dags/subdags/subdag.py took 0.386 seconds
[2023-01-09T15:35:04.556+0400] {processor.py:153} INFO - Started process (PID=15146) to work on /Users/harut/opt/anaconda3/lib/python3.9/site-packages/airflow/example_dags/subdags/subdag.py
[2023-01-09T15:35:04.556+0400] {processor.py:743} INFO - Processing file /Users/harut/opt/anaconda3/lib/python3.9/site-packages/airflow/example_dags/subdags/subdag.py for tasks to queue
[2023-01-09T15:35:04.557+0400] {logging_mixin.py:137} INFO - [2023-01-09T15:35:04.557+0400] {dagbag.py:538} INFO - Filling up the DagBag from /Users/harut/opt/anaconda3/lib/python3.9/site-packages/airflow/example_dags/subdags/subdag.py
[2023-01-09T15:35:04.567+0400] {processor.py:755} WARNING - No viable dags retrieved from /Users/harut/opt/anaconda3/lib/python3.9/site-packages/airflow/example_dags/subdags/subdag.py
[2023-01-09T15:35:04.907+0400] {processor.py:175} INFO - Processing /Users/harut/opt/anaconda3/lib/python3.9/site-packages/airflow/example_dags/subdags/subdag.py took 0.352 seconds
[2023-01-09T15:36:28.148+0400] {processor.py:153} INFO - Started process (PID=15202) to work on /Users/harut/opt/anaconda3/lib/python3.9/site-packages/airflow/example_dags/subdags/subdag.py
[2023-01-09T15:36:28.149+0400] {processor.py:743} INFO - Processing file /Users/harut/opt/anaconda3/lib/python3.9/site-packages/airflow/example_dags/subdags/subdag.py for tasks to queue
[2023-01-09T15:36:28.149+0400] {logging_mixin.py:137} INFO - [2023-01-09T15:36:28.149+0400] {dagbag.py:538} INFO - Filling up the DagBag from /Users/harut/opt/anaconda3/lib/python3.9/site-packages/airflow/example_dags/subdags/subdag.py
[2023-01-09T15:36:28.160+0400] {processor.py:755} WARNING - No viable dags retrieved from /Users/harut/opt/anaconda3/lib/python3.9/site-packages/airflow/example_dags/subdags/subdag.py
[2023-01-09T15:36:28.529+0400] {processor.py:175} INFO - Processing /Users/harut/opt/anaconda3/lib/python3.9/site-packages/airflow/example_dags/subdags/subdag.py took 0.381 seconds
[2023-01-09T15:37:50.391+0400] {processor.py:153} INFO - Started process (PID=15254) to work on /Users/harut/opt/anaconda3/lib/python3.9/site-packages/airflow/example_dags/subdags/subdag.py
[2023-01-09T15:37:50.392+0400] {processor.py:743} INFO - Processing file /Users/harut/opt/anaconda3/lib/python3.9/site-packages/airflow/example_dags/subdags/subdag.py for tasks to queue
[2023-01-09T15:37:50.392+0400] {logging_mixin.py:137} INFO - [2023-01-09T15:37:50.392+0400] {dagbag.py:538} INFO - Filling up the DagBag from /Users/harut/opt/anaconda3/lib/python3.9/site-packages/airflow/example_dags/subdags/subdag.py
[2023-01-09T15:37:50.403+0400] {processor.py:755} WARNING - No viable dags retrieved from /Users/harut/opt/anaconda3/lib/python3.9/site-packages/airflow/example_dags/subdags/subdag.py
[2023-01-09T15:37:50.757+0400] {processor.py:175} INFO - Processing /Users/harut/opt/anaconda3/lib/python3.9/site-packages/airflow/example_dags/subdags/subdag.py took 0.367 seconds
[2023-01-09T15:39:12.762+0400] {processor.py:153} INFO - Started process (PID=15296) to work on /Users/harut/opt/anaconda3/lib/python3.9/site-packages/airflow/example_dags/subdags/subdag.py
[2023-01-09T15:39:12.762+0400] {processor.py:743} INFO - Processing file /Users/harut/opt/anaconda3/lib/python3.9/site-packages/airflow/example_dags/subdags/subdag.py for tasks to queue
[2023-01-09T15:39:12.763+0400] {logging_mixin.py:137} INFO - [2023-01-09T15:39:12.762+0400] {dagbag.py:538} INFO - Filling up the DagBag from /Users/harut/opt/anaconda3/lib/python3.9/site-packages/airflow/example_dags/subdags/subdag.py
[2023-01-09T15:39:12.772+0400] {processor.py:755} WARNING - No viable dags retrieved from /Users/harut/opt/anaconda3/lib/python3.9/site-packages/airflow/example_dags/subdags/subdag.py
[2023-01-09T15:39:13.115+0400] {processor.py:175} INFO - Processing /Users/harut/opt/anaconda3/lib/python3.9/site-packages/airflow/example_dags/subdags/subdag.py took 0.354 seconds
[2023-01-09T15:40:34.288+0400] {processor.py:153} INFO - Started process (PID=15349) to work on /Users/harut/opt/anaconda3/lib/python3.9/site-packages/airflow/example_dags/subdags/subdag.py
[2023-01-09T15:40:34.288+0400] {processor.py:743} INFO - Processing file /Users/harut/opt/anaconda3/lib/python3.9/site-packages/airflow/example_dags/subdags/subdag.py for tasks to queue
[2023-01-09T15:40:34.289+0400] {logging_mixin.py:137} INFO - [2023-01-09T15:40:34.289+0400] {dagbag.py:538} INFO - Filling up the DagBag from /Users/harut/opt/anaconda3/lib/python3.9/site-packages/airflow/example_dags/subdags/subdag.py
[2023-01-09T15:40:34.298+0400] {processor.py:755} WARNING - No viable dags retrieved from /Users/harut/opt/anaconda3/lib/python3.9/site-packages/airflow/example_dags/subdags/subdag.py
[2023-01-09T15:40:34.629+0400] {processor.py:175} INFO - Processing /Users/harut/opt/anaconda3/lib/python3.9/site-packages/airflow/example_dags/subdags/subdag.py took 0.342 seconds
