[2023-01-09T14:19:01.385+0400] {taskinstance.py:1087} INFO - Dependencies all met for <TaskInstance: dataset_consumes_1.consuming_1 manual__2023-01-09T10:18:58.681828+00:00 [queued]>
[2023-01-09T14:19:01.390+0400] {taskinstance.py:1087} INFO - Dependencies all met for <TaskInstance: dataset_consumes_1.consuming_1 manual__2023-01-09T10:18:58.681828+00:00 [queued]>
[2023-01-09T14:19:01.390+0400] {taskinstance.py:1283} INFO - 
--------------------------------------------------------------------------------
[2023-01-09T14:19:01.390+0400] {taskinstance.py:1284} INFO - Starting attempt 1 of 1
[2023-01-09T14:19:01.390+0400] {taskinstance.py:1285} INFO - 
--------------------------------------------------------------------------------
[2023-01-09T14:19:01.397+0400] {taskinstance.py:1304} INFO - Executing <Task(BashOperator): consuming_1> on 2023-01-09 10:18:58.681828+00:00
[2023-01-09T14:19:01.404+0400] {standard_task_runner.py:55} INFO - Started process 12496 to run task
[2023-01-09T14:19:01.408+0400] {standard_task_runner.py:82} INFO - Running: ['airflow', 'tasks', 'run', 'dataset_consumes_1', 'consuming_1', 'manual__2023-01-09T10:18:58.681828+00:00', '--job-id', '5', '--raw', '--subdir', '/Users/harut/opt/anaconda3/lib/python3.9/site-packages/airflow/example_dags/example_datasets.py', '--cfg-path', '/var/folders/d0/c34r94n57psb67cg28gq4w6w0000gn/T/tmpx1u_x_7n']
[2023-01-09T14:19:01.409+0400] {standard_task_runner.py:83} INFO - Job 5: Subtask consuming_1
[2023-01-09T14:19:01.441+0400] {task_command.py:389} INFO - Running <TaskInstance: dataset_consumes_1.consuming_1 manual__2023-01-09T10:18:58.681828+00:00 [running]> on host haruts-macbook-pro.local
[2023-01-09T14:19:01.469+0400] {taskinstance.py:1511} INFO - Exporting the following env vars:
AIRFLOW_CTX_DAG_OWNER=airflow
AIRFLOW_CTX_DAG_ID=dataset_consumes_1
AIRFLOW_CTX_TASK_ID=consuming_1
AIRFLOW_CTX_EXECUTION_DATE=2023-01-09T10:18:58.681828+00:00
AIRFLOW_CTX_TRY_NUMBER=1
AIRFLOW_CTX_DAG_RUN_ID=manual__2023-01-09T10:18:58.681828+00:00
[2023-01-09T14:19:01.470+0400] {subprocess.py:63} INFO - Tmp dir root location: 
 /var/folders/d0/c34r94n57psb67cg28gq4w6w0000gn/T
[2023-01-09T14:19:01.471+0400] {subprocess.py:75} INFO - Running command: ['/bin/bash', '-c', 'sleep 5']
[2023-01-09T14:19:01.481+0400] {subprocess.py:86} INFO - Output:
[2023-01-09T14:19:06.497+0400] {subprocess.py:97} INFO - Command exited with return code 0
[2023-01-09T14:19:06.513+0400] {logging_mixin.py:137} WARNING - /Users/harut/opt/anaconda3/lib/python3.9/site-packages/airflow/models/baseoperator.py:1393 RemovedInAirflow3Warning: Passing 'execution_date' to 'TaskInstance.xcom_push()' is deprecated.
[2023-01-09T14:19:06.526+0400] {taskinstance.py:1322} INFO - Marking task as SUCCESS. dag_id=dataset_consumes_1, task_id=consuming_1, execution_date=20230109T101858, start_date=20230109T101901, end_date=20230109T101906
[2023-01-09T14:19:06.559+0400] {local_task_job.py:159} INFO - Task exited with return code 0
[2023-01-09T14:19:06.567+0400] {taskinstance.py:2582} INFO - 0 downstream tasks scheduled from follow-on schedule check
