[2023-01-09T14:16:27.995+0400] {processor.py:153} INFO - Started process (PID=12373) to work on /Users/harut/opt/anaconda3/lib/python3.9/site-packages/airflow/example_dags/plugins/workday.py
[2023-01-09T14:16:27.996+0400] {processor.py:743} INFO - Processing file /Users/harut/opt/anaconda3/lib/python3.9/site-packages/airflow/example_dags/plugins/workday.py for tasks to queue
[2023-01-09T14:16:27.996+0400] {logging_mixin.py:137} INFO - [2023-01-09T14:16:27.996+0400] {dagbag.py:538} INFO - Filling up the DagBag from /Users/harut/opt/anaconda3/lib/python3.9/site-packages/airflow/example_dags/plugins/workday.py
[2023-01-09T14:16:28.006+0400] {processor.py:755} WARNING - No viable dags retrieved from /Users/harut/opt/anaconda3/lib/python3.9/site-packages/airflow/example_dags/plugins/workday.py
[2023-01-09T14:16:28.343+0400] {processor.py:175} INFO - Processing /Users/harut/opt/anaconda3/lib/python3.9/site-packages/airflow/example_dags/plugins/workday.py took 0.348 seconds
[2023-01-09T14:17:50.227+0400] {processor.py:153} INFO - Started process (PID=12439) to work on /Users/harut/opt/anaconda3/lib/python3.9/site-packages/airflow/example_dags/plugins/workday.py
[2023-01-09T14:17:50.227+0400] {processor.py:743} INFO - Processing file /Users/harut/opt/anaconda3/lib/python3.9/site-packages/airflow/example_dags/plugins/workday.py for tasks to queue
[2023-01-09T14:17:50.228+0400] {logging_mixin.py:137} INFO - [2023-01-09T14:17:50.228+0400] {dagbag.py:538} INFO - Filling up the DagBag from /Users/harut/opt/anaconda3/lib/python3.9/site-packages/airflow/example_dags/plugins/workday.py
[2023-01-09T14:17:50.237+0400] {processor.py:755} WARNING - No viable dags retrieved from /Users/harut/opt/anaconda3/lib/python3.9/site-packages/airflow/example_dags/plugins/workday.py
[2023-01-09T14:17:50.563+0400] {processor.py:175} INFO - Processing /Users/harut/opt/anaconda3/lib/python3.9/site-packages/airflow/example_dags/plugins/workday.py took 0.337 seconds
[2023-01-09T14:18:53.115+0400] {processor.py:153} INFO - Started process (PID=12491) to work on /Users/harut/opt/anaconda3/lib/python3.9/site-packages/airflow/example_dags/plugins/workday.py
[2023-01-09T14:18:53.116+0400] {processor.py:743} INFO - Processing file /Users/harut/opt/anaconda3/lib/python3.9/site-packages/airflow/example_dags/plugins/workday.py for tasks to queue
[2023-01-09T14:18:53.116+0400] {logging_mixin.py:137} INFO - [2023-01-09T14:18:53.116+0400] {dagbag.py:538} INFO - Filling up the DagBag from /Users/harut/opt/anaconda3/lib/python3.9/site-packages/airflow/example_dags/plugins/workday.py
[2023-01-09T14:18:53.127+0400] {processor.py:755} WARNING - No viable dags retrieved from /Users/harut/opt/anaconda3/lib/python3.9/site-packages/airflow/example_dags/plugins/workday.py
[2023-01-09T14:18:53.486+0400] {processor.py:175} INFO - Processing /Users/harut/opt/anaconda3/lib/python3.9/site-packages/airflow/example_dags/plugins/workday.py took 0.371 seconds
[2023-01-09T14:20:13.784+0400] {processor.py:153} INFO - Started process (PID=12532) to work on /Users/harut/opt/anaconda3/lib/python3.9/site-packages/airflow/example_dags/plugins/workday.py
[2023-01-09T14:20:13.784+0400] {processor.py:743} INFO - Processing file /Users/harut/opt/anaconda3/lib/python3.9/site-packages/airflow/example_dags/plugins/workday.py for tasks to queue
[2023-01-09T14:20:13.784+0400] {logging_mixin.py:137} INFO - [2023-01-09T14:20:13.784+0400] {dagbag.py:538} INFO - Filling up the DagBag from /Users/harut/opt/anaconda3/lib/python3.9/site-packages/airflow/example_dags/plugins/workday.py
[2023-01-09T14:20:13.794+0400] {processor.py:755} WARNING - No viable dags retrieved from /Users/harut/opt/anaconda3/lib/python3.9/site-packages/airflow/example_dags/plugins/workday.py
[2023-01-09T14:20:14.140+0400] {processor.py:175} INFO - Processing /Users/harut/opt/anaconda3/lib/python3.9/site-packages/airflow/example_dags/plugins/workday.py took 0.357 seconds
[2023-01-09T14:21:29.906+0400] {processor.py:153} INFO - Started process (PID=12573) to work on /Users/harut/opt/anaconda3/lib/python3.9/site-packages/airflow/example_dags/plugins/workday.py
[2023-01-09T14:21:29.906+0400] {processor.py:743} INFO - Processing file /Users/harut/opt/anaconda3/lib/python3.9/site-packages/airflow/example_dags/plugins/workday.py for tasks to queue
[2023-01-09T14:21:29.906+0400] {logging_mixin.py:137} INFO - [2023-01-09T14:21:29.906+0400] {dagbag.py:538} INFO - Filling up the DagBag from /Users/harut/opt/anaconda3/lib/python3.9/site-packages/airflow/example_dags/plugins/workday.py
[2023-01-09T14:21:29.916+0400] {processor.py:755} WARNING - No viable dags retrieved from /Users/harut/opt/anaconda3/lib/python3.9/site-packages/airflow/example_dags/plugins/workday.py
[2023-01-09T14:21:30.242+0400] {processor.py:175} INFO - Processing /Users/harut/opt/anaconda3/lib/python3.9/site-packages/airflow/example_dags/plugins/workday.py took 0.337 seconds
[2023-01-09T14:22:44.317+0400] {processor.py:153} INFO - Started process (PID=12624) to work on /Users/harut/opt/anaconda3/lib/python3.9/site-packages/airflow/example_dags/plugins/workday.py
[2023-01-09T14:22:44.318+0400] {processor.py:743} INFO - Processing file /Users/harut/opt/anaconda3/lib/python3.9/site-packages/airflow/example_dags/plugins/workday.py for tasks to queue
[2023-01-09T14:22:44.318+0400] {logging_mixin.py:137} INFO - [2023-01-09T14:22:44.318+0400] {dagbag.py:538} INFO - Filling up the DagBag from /Users/harut/opt/anaconda3/lib/python3.9/site-packages/airflow/example_dags/plugins/workday.py
[2023-01-09T14:22:44.327+0400] {processor.py:755} WARNING - No viable dags retrieved from /Users/harut/opt/anaconda3/lib/python3.9/site-packages/airflow/example_dags/plugins/workday.py
[2023-01-09T14:22:44.658+0400] {processor.py:175} INFO - Processing /Users/harut/opt/anaconda3/lib/python3.9/site-packages/airflow/example_dags/plugins/workday.py took 0.341 seconds
[2023-01-09T14:24:04.485+0400] {processor.py:153} INFO - Started process (PID=12669) to work on /Users/harut/opt/anaconda3/lib/python3.9/site-packages/airflow/example_dags/plugins/workday.py
[2023-01-09T14:24:04.486+0400] {processor.py:743} INFO - Processing file /Users/harut/opt/anaconda3/lib/python3.9/site-packages/airflow/example_dags/plugins/workday.py for tasks to queue
[2023-01-09T14:24:04.486+0400] {logging_mixin.py:137} INFO - [2023-01-09T14:24:04.486+0400] {dagbag.py:538} INFO - Filling up the DagBag from /Users/harut/opt/anaconda3/lib/python3.9/site-packages/airflow/example_dags/plugins/workday.py
[2023-01-09T14:24:04.495+0400] {processor.py:755} WARNING - No viable dags retrieved from /Users/harut/opt/anaconda3/lib/python3.9/site-packages/airflow/example_dags/plugins/workday.py
[2023-01-09T14:24:04.829+0400] {processor.py:175} INFO - Processing /Users/harut/opt/anaconda3/lib/python3.9/site-packages/airflow/example_dags/plugins/workday.py took 0.344 seconds
[2023-01-09T14:25:23.238+0400] {processor.py:153} INFO - Started process (PID=12710) to work on /Users/harut/opt/anaconda3/lib/python3.9/site-packages/airflow/example_dags/plugins/workday.py
[2023-01-09T14:25:23.239+0400] {processor.py:743} INFO - Processing file /Users/harut/opt/anaconda3/lib/python3.9/site-packages/airflow/example_dags/plugins/workday.py for tasks to queue
[2023-01-09T14:25:23.239+0400] {logging_mixin.py:137} INFO - [2023-01-09T14:25:23.239+0400] {dagbag.py:538} INFO - Filling up the DagBag from /Users/harut/opt/anaconda3/lib/python3.9/site-packages/airflow/example_dags/plugins/workday.py
[2023-01-09T14:25:23.248+0400] {processor.py:755} WARNING - No viable dags retrieved from /Users/harut/opt/anaconda3/lib/python3.9/site-packages/airflow/example_dags/plugins/workday.py
[2023-01-09T14:25:23.580+0400] {processor.py:175} INFO - Processing /Users/harut/opt/anaconda3/lib/python3.9/site-packages/airflow/example_dags/plugins/workday.py took 0.343 seconds
[2023-01-09T14:26:40.963+0400] {processor.py:153} INFO - Started process (PID=12756) to work on /Users/harut/opt/anaconda3/lib/python3.9/site-packages/airflow/example_dags/plugins/workday.py
[2023-01-09T14:26:40.964+0400] {processor.py:743} INFO - Processing file /Users/harut/opt/anaconda3/lib/python3.9/site-packages/airflow/example_dags/plugins/workday.py for tasks to queue
[2023-01-09T14:26:40.964+0400] {logging_mixin.py:137} INFO - [2023-01-09T14:26:40.964+0400] {dagbag.py:538} INFO - Filling up the DagBag from /Users/harut/opt/anaconda3/lib/python3.9/site-packages/airflow/example_dags/plugins/workday.py
[2023-01-09T14:26:40.974+0400] {processor.py:755} WARNING - No viable dags retrieved from /Users/harut/opt/anaconda3/lib/python3.9/site-packages/airflow/example_dags/plugins/workday.py
[2023-01-09T14:26:41.313+0400] {processor.py:175} INFO - Processing /Users/harut/opt/anaconda3/lib/python3.9/site-packages/airflow/example_dags/plugins/workday.py took 0.350 seconds
[2023-01-09T14:27:57.279+0400] {processor.py:153} INFO - Started process (PID=12801) to work on /Users/harut/opt/anaconda3/lib/python3.9/site-packages/airflow/example_dags/plugins/workday.py
[2023-01-09T14:27:57.279+0400] {processor.py:743} INFO - Processing file /Users/harut/opt/anaconda3/lib/python3.9/site-packages/airflow/example_dags/plugins/workday.py for tasks to queue
[2023-01-09T14:27:57.280+0400] {logging_mixin.py:137} INFO - [2023-01-09T14:27:57.280+0400] {dagbag.py:538} INFO - Filling up the DagBag from /Users/harut/opt/anaconda3/lib/python3.9/site-packages/airflow/example_dags/plugins/workday.py
[2023-01-09T14:27:57.289+0400] {processor.py:755} WARNING - No viable dags retrieved from /Users/harut/opt/anaconda3/lib/python3.9/site-packages/airflow/example_dags/plugins/workday.py
[2023-01-09T14:27:57.621+0400] {processor.py:175} INFO - Processing /Users/harut/opt/anaconda3/lib/python3.9/site-packages/airflow/example_dags/plugins/workday.py took 0.343 seconds
[2023-01-09T14:29:15.404+0400] {processor.py:153} INFO - Started process (PID=12842) to work on /Users/harut/opt/anaconda3/lib/python3.9/site-packages/airflow/example_dags/plugins/workday.py
[2023-01-09T14:29:15.405+0400] {processor.py:743} INFO - Processing file /Users/harut/opt/anaconda3/lib/python3.9/site-packages/airflow/example_dags/plugins/workday.py for tasks to queue
[2023-01-09T14:29:15.405+0400] {logging_mixin.py:137} INFO - [2023-01-09T14:29:15.405+0400] {dagbag.py:538} INFO - Filling up the DagBag from /Users/harut/opt/anaconda3/lib/python3.9/site-packages/airflow/example_dags/plugins/workday.py
[2023-01-09T14:29:15.414+0400] {processor.py:755} WARNING - No viable dags retrieved from /Users/harut/opt/anaconda3/lib/python3.9/site-packages/airflow/example_dags/plugins/workday.py
[2023-01-09T14:29:15.741+0400] {processor.py:175} INFO - Processing /Users/harut/opt/anaconda3/lib/python3.9/site-packages/airflow/example_dags/plugins/workday.py took 0.337 seconds
[2023-01-09T14:30:31.131+0400] {processor.py:153} INFO - Started process (PID=12886) to work on /Users/harut/opt/anaconda3/lib/python3.9/site-packages/airflow/example_dags/plugins/workday.py
[2023-01-09T14:30:31.132+0400] {processor.py:743} INFO - Processing file /Users/harut/opt/anaconda3/lib/python3.9/site-packages/airflow/example_dags/plugins/workday.py for tasks to queue
[2023-01-09T14:30:31.132+0400] {logging_mixin.py:137} INFO - [2023-01-09T14:30:31.132+0400] {dagbag.py:538} INFO - Filling up the DagBag from /Users/harut/opt/anaconda3/lib/python3.9/site-packages/airflow/example_dags/plugins/workday.py
[2023-01-09T14:30:31.141+0400] {processor.py:755} WARNING - No viable dags retrieved from /Users/harut/opt/anaconda3/lib/python3.9/site-packages/airflow/example_dags/plugins/workday.py
[2023-01-09T14:30:31.480+0400] {processor.py:175} INFO - Processing /Users/harut/opt/anaconda3/lib/python3.9/site-packages/airflow/example_dags/plugins/workday.py took 0.349 seconds
[2023-01-09T14:31:46.892+0400] {processor.py:153} INFO - Started process (PID=12930) to work on /Users/harut/opt/anaconda3/lib/python3.9/site-packages/airflow/example_dags/plugins/workday.py
[2023-01-09T14:31:46.893+0400] {processor.py:743} INFO - Processing file /Users/harut/opt/anaconda3/lib/python3.9/site-packages/airflow/example_dags/plugins/workday.py for tasks to queue
[2023-01-09T14:31:46.893+0400] {logging_mixin.py:137} INFO - [2023-01-09T14:31:46.893+0400] {dagbag.py:538} INFO - Filling up the DagBag from /Users/harut/opt/anaconda3/lib/python3.9/site-packages/airflow/example_dags/plugins/workday.py
[2023-01-09T14:31:46.902+0400] {processor.py:755} WARNING - No viable dags retrieved from /Users/harut/opt/anaconda3/lib/python3.9/site-packages/airflow/example_dags/plugins/workday.py
[2023-01-09T14:31:47.223+0400] {processor.py:175} INFO - Processing /Users/harut/opt/anaconda3/lib/python3.9/site-packages/airflow/example_dags/plugins/workday.py took 0.331 seconds
[2023-01-09T14:33:02.342+0400] {processor.py:153} INFO - Started process (PID=12980) to work on /Users/harut/opt/anaconda3/lib/python3.9/site-packages/airflow/example_dags/plugins/workday.py
[2023-01-09T14:33:02.342+0400] {processor.py:743} INFO - Processing file /Users/harut/opt/anaconda3/lib/python3.9/site-packages/airflow/example_dags/plugins/workday.py for tasks to queue
[2023-01-09T14:33:02.342+0400] {logging_mixin.py:137} INFO - [2023-01-09T14:33:02.342+0400] {dagbag.py:538} INFO - Filling up the DagBag from /Users/harut/opt/anaconda3/lib/python3.9/site-packages/airflow/example_dags/plugins/workday.py
[2023-01-09T14:33:02.352+0400] {processor.py:755} WARNING - No viable dags retrieved from /Users/harut/opt/anaconda3/lib/python3.9/site-packages/airflow/example_dags/plugins/workday.py
[2023-01-09T14:33:02.689+0400] {processor.py:175} INFO - Processing /Users/harut/opt/anaconda3/lib/python3.9/site-packages/airflow/example_dags/plugins/workday.py took 0.348 seconds
[2023-01-09T14:34:19.618+0400] {processor.py:153} INFO - Started process (PID=13030) to work on /Users/harut/opt/anaconda3/lib/python3.9/site-packages/airflow/example_dags/plugins/workday.py
[2023-01-09T14:34:19.618+0400] {processor.py:743} INFO - Processing file /Users/harut/opt/anaconda3/lib/python3.9/site-packages/airflow/example_dags/plugins/workday.py for tasks to queue
[2023-01-09T14:34:19.618+0400] {logging_mixin.py:137} INFO - [2023-01-09T14:34:19.618+0400] {dagbag.py:538} INFO - Filling up the DagBag from /Users/harut/opt/anaconda3/lib/python3.9/site-packages/airflow/example_dags/plugins/workday.py
[2023-01-09T14:34:19.628+0400] {processor.py:755} WARNING - No viable dags retrieved from /Users/harut/opt/anaconda3/lib/python3.9/site-packages/airflow/example_dags/plugins/workday.py
[2023-01-09T14:34:19.954+0400] {processor.py:175} INFO - Processing /Users/harut/opt/anaconda3/lib/python3.9/site-packages/airflow/example_dags/plugins/workday.py took 0.337 seconds
[2023-01-09T14:35:37.804+0400] {processor.py:153} INFO - Started process (PID=13077) to work on /Users/harut/opt/anaconda3/lib/python3.9/site-packages/airflow/example_dags/plugins/workday.py
[2023-01-09T14:35:37.804+0400] {processor.py:743} INFO - Processing file /Users/harut/opt/anaconda3/lib/python3.9/site-packages/airflow/example_dags/plugins/workday.py for tasks to queue
[2023-01-09T14:35:37.805+0400] {logging_mixin.py:137} INFO - [2023-01-09T14:35:37.805+0400] {dagbag.py:538} INFO - Filling up the DagBag from /Users/harut/opt/anaconda3/lib/python3.9/site-packages/airflow/example_dags/plugins/workday.py
[2023-01-09T14:35:37.814+0400] {processor.py:755} WARNING - No viable dags retrieved from /Users/harut/opt/anaconda3/lib/python3.9/site-packages/airflow/example_dags/plugins/workday.py
[2023-01-09T14:35:38.141+0400] {processor.py:175} INFO - Processing /Users/harut/opt/anaconda3/lib/python3.9/site-packages/airflow/example_dags/plugins/workday.py took 0.338 seconds
[2023-01-09T14:36:54.796+0400] {processor.py:153} INFO - Started process (PID=13122) to work on /Users/harut/opt/anaconda3/lib/python3.9/site-packages/airflow/example_dags/plugins/workday.py
[2023-01-09T14:36:54.797+0400] {processor.py:743} INFO - Processing file /Users/harut/opt/anaconda3/lib/python3.9/site-packages/airflow/example_dags/plugins/workday.py for tasks to queue
[2023-01-09T14:36:54.797+0400] {logging_mixin.py:137} INFO - [2023-01-09T14:36:54.797+0400] {dagbag.py:538} INFO - Filling up the DagBag from /Users/harut/opt/anaconda3/lib/python3.9/site-packages/airflow/example_dags/plugins/workday.py
[2023-01-09T14:36:54.806+0400] {processor.py:755} WARNING - No viable dags retrieved from /Users/harut/opt/anaconda3/lib/python3.9/site-packages/airflow/example_dags/plugins/workday.py
[2023-01-09T14:36:55.134+0400] {processor.py:175} INFO - Processing /Users/harut/opt/anaconda3/lib/python3.9/site-packages/airflow/example_dags/plugins/workday.py took 0.338 seconds
[2023-01-09T14:38:11.930+0400] {processor.py:153} INFO - Started process (PID=13169) to work on /Users/harut/opt/anaconda3/lib/python3.9/site-packages/airflow/example_dags/plugins/workday.py
[2023-01-09T14:38:11.931+0400] {processor.py:743} INFO - Processing file /Users/harut/opt/anaconda3/lib/python3.9/site-packages/airflow/example_dags/plugins/workday.py for tasks to queue
[2023-01-09T14:38:11.931+0400] {logging_mixin.py:137} INFO - [2023-01-09T14:38:11.931+0400] {dagbag.py:538} INFO - Filling up the DagBag from /Users/harut/opt/anaconda3/lib/python3.9/site-packages/airflow/example_dags/plugins/workday.py
[2023-01-09T14:38:11.940+0400] {processor.py:755} WARNING - No viable dags retrieved from /Users/harut/opt/anaconda3/lib/python3.9/site-packages/airflow/example_dags/plugins/workday.py
[2023-01-09T14:38:12.266+0400] {processor.py:175} INFO - Processing /Users/harut/opt/anaconda3/lib/python3.9/site-packages/airflow/example_dags/plugins/workday.py took 0.336 seconds
[2023-01-09T14:39:29.432+0400] {processor.py:153} INFO - Started process (PID=13209) to work on /Users/harut/opt/anaconda3/lib/python3.9/site-packages/airflow/example_dags/plugins/workday.py
[2023-01-09T14:39:29.432+0400] {processor.py:743} INFO - Processing file /Users/harut/opt/anaconda3/lib/python3.9/site-packages/airflow/example_dags/plugins/workday.py for tasks to queue
[2023-01-09T14:39:29.433+0400] {logging_mixin.py:137} INFO - [2023-01-09T14:39:29.433+0400] {dagbag.py:538} INFO - Filling up the DagBag from /Users/harut/opt/anaconda3/lib/python3.9/site-packages/airflow/example_dags/plugins/workday.py
[2023-01-09T14:39:29.442+0400] {processor.py:755} WARNING - No viable dags retrieved from /Users/harut/opt/anaconda3/lib/python3.9/site-packages/airflow/example_dags/plugins/workday.py
[2023-01-09T14:39:29.772+0400] {processor.py:175} INFO - Processing /Users/harut/opt/anaconda3/lib/python3.9/site-packages/airflow/example_dags/plugins/workday.py took 0.340 seconds
[2023-01-09T14:40:46.083+0400] {processor.py:153} INFO - Started process (PID=13255) to work on /Users/harut/opt/anaconda3/lib/python3.9/site-packages/airflow/example_dags/plugins/workday.py
[2023-01-09T14:40:46.084+0400] {processor.py:743} INFO - Processing file /Users/harut/opt/anaconda3/lib/python3.9/site-packages/airflow/example_dags/plugins/workday.py for tasks to queue
[2023-01-09T14:40:46.084+0400] {logging_mixin.py:137} INFO - [2023-01-09T14:40:46.084+0400] {dagbag.py:538} INFO - Filling up the DagBag from /Users/harut/opt/anaconda3/lib/python3.9/site-packages/airflow/example_dags/plugins/workday.py
[2023-01-09T14:40:46.093+0400] {processor.py:755} WARNING - No viable dags retrieved from /Users/harut/opt/anaconda3/lib/python3.9/site-packages/airflow/example_dags/plugins/workday.py
[2023-01-09T14:40:46.443+0400] {processor.py:175} INFO - Processing /Users/harut/opt/anaconda3/lib/python3.9/site-packages/airflow/example_dags/plugins/workday.py took 0.360 seconds
[2023-01-09T14:42:01.014+0400] {processor.py:153} INFO - Started process (PID=13300) to work on /Users/harut/opt/anaconda3/lib/python3.9/site-packages/airflow/example_dags/plugins/workday.py
[2023-01-09T14:42:01.015+0400] {processor.py:743} INFO - Processing file /Users/harut/opt/anaconda3/lib/python3.9/site-packages/airflow/example_dags/plugins/workday.py for tasks to queue
[2023-01-09T14:42:01.015+0400] {logging_mixin.py:137} INFO - [2023-01-09T14:42:01.015+0400] {dagbag.py:538} INFO - Filling up the DagBag from /Users/harut/opt/anaconda3/lib/python3.9/site-packages/airflow/example_dags/plugins/workday.py
[2023-01-09T14:42:01.025+0400] {processor.py:755} WARNING - No viable dags retrieved from /Users/harut/opt/anaconda3/lib/python3.9/site-packages/airflow/example_dags/plugins/workday.py
[2023-01-09T14:42:01.350+0400] {processor.py:175} INFO - Processing /Users/harut/opt/anaconda3/lib/python3.9/site-packages/airflow/example_dags/plugins/workday.py took 0.336 seconds
[2023-01-09T14:43:17.326+0400] {processor.py:153} INFO - Started process (PID=13345) to work on /Users/harut/opt/anaconda3/lib/python3.9/site-packages/airflow/example_dags/plugins/workday.py
[2023-01-09T14:43:17.326+0400] {processor.py:743} INFO - Processing file /Users/harut/opt/anaconda3/lib/python3.9/site-packages/airflow/example_dags/plugins/workday.py for tasks to queue
[2023-01-09T14:43:17.327+0400] {logging_mixin.py:137} INFO - [2023-01-09T14:43:17.327+0400] {dagbag.py:538} INFO - Filling up the DagBag from /Users/harut/opt/anaconda3/lib/python3.9/site-packages/airflow/example_dags/plugins/workday.py
[2023-01-09T14:43:17.336+0400] {processor.py:755} WARNING - No viable dags retrieved from /Users/harut/opt/anaconda3/lib/python3.9/site-packages/airflow/example_dags/plugins/workday.py
[2023-01-09T14:43:17.685+0400] {processor.py:175} INFO - Processing /Users/harut/opt/anaconda3/lib/python3.9/site-packages/airflow/example_dags/plugins/workday.py took 0.360 seconds
[2023-01-09T14:44:38.879+0400] {processor.py:153} INFO - Started process (PID=13390) to work on /Users/harut/opt/anaconda3/lib/python3.9/site-packages/airflow/example_dags/plugins/workday.py
[2023-01-09T14:44:38.880+0400] {processor.py:743} INFO - Processing file /Users/harut/opt/anaconda3/lib/python3.9/site-packages/airflow/example_dags/plugins/workday.py for tasks to queue
[2023-01-09T14:44:38.880+0400] {logging_mixin.py:137} INFO - [2023-01-09T14:44:38.880+0400] {dagbag.py:538} INFO - Filling up the DagBag from /Users/harut/opt/anaconda3/lib/python3.9/site-packages/airflow/example_dags/plugins/workday.py
[2023-01-09T14:44:38.890+0400] {processor.py:755} WARNING - No viable dags retrieved from /Users/harut/opt/anaconda3/lib/python3.9/site-packages/airflow/example_dags/plugins/workday.py
[2023-01-09T14:44:39.235+0400] {processor.py:175} INFO - Processing /Users/harut/opt/anaconda3/lib/python3.9/site-packages/airflow/example_dags/plugins/workday.py took 0.356 seconds
[2023-01-09T14:45:55.728+0400] {processor.py:153} INFO - Started process (PID=13435) to work on /Users/harut/opt/anaconda3/lib/python3.9/site-packages/airflow/example_dags/plugins/workday.py
[2023-01-09T14:45:55.729+0400] {processor.py:743} INFO - Processing file /Users/harut/opt/anaconda3/lib/python3.9/site-packages/airflow/example_dags/plugins/workday.py for tasks to queue
[2023-01-09T14:45:55.729+0400] {logging_mixin.py:137} INFO - [2023-01-09T14:45:55.729+0400] {dagbag.py:538} INFO - Filling up the DagBag from /Users/harut/opt/anaconda3/lib/python3.9/site-packages/airflow/example_dags/plugins/workday.py
[2023-01-09T14:45:55.739+0400] {processor.py:755} WARNING - No viable dags retrieved from /Users/harut/opt/anaconda3/lib/python3.9/site-packages/airflow/example_dags/plugins/workday.py
[2023-01-09T14:45:56.130+0400] {processor.py:175} INFO - Processing /Users/harut/opt/anaconda3/lib/python3.9/site-packages/airflow/example_dags/plugins/workday.py took 0.402 seconds
[2023-01-09T14:47:15.789+0400] {processor.py:153} INFO - Started process (PID=13489) to work on /Users/harut/opt/anaconda3/lib/python3.9/site-packages/airflow/example_dags/plugins/workday.py
[2023-01-09T14:47:15.790+0400] {processor.py:743} INFO - Processing file /Users/harut/opt/anaconda3/lib/python3.9/site-packages/airflow/example_dags/plugins/workday.py for tasks to queue
[2023-01-09T14:47:15.790+0400] {logging_mixin.py:137} INFO - [2023-01-09T14:47:15.790+0400] {dagbag.py:538} INFO - Filling up the DagBag from /Users/harut/opt/anaconda3/lib/python3.9/site-packages/airflow/example_dags/plugins/workday.py
[2023-01-09T14:47:15.800+0400] {processor.py:755} WARNING - No viable dags retrieved from /Users/harut/opt/anaconda3/lib/python3.9/site-packages/airflow/example_dags/plugins/workday.py
[2023-01-09T14:47:16.221+0400] {processor.py:175} INFO - Processing /Users/harut/opt/anaconda3/lib/python3.9/site-packages/airflow/example_dags/plugins/workday.py took 0.433 seconds
[2023-01-09T14:48:36.734+0400] {processor.py:153} INFO - Started process (PID=13538) to work on /Users/harut/opt/anaconda3/lib/python3.9/site-packages/airflow/example_dags/plugins/workday.py
[2023-01-09T14:48:36.735+0400] {processor.py:743} INFO - Processing file /Users/harut/opt/anaconda3/lib/python3.9/site-packages/airflow/example_dags/plugins/workday.py for tasks to queue
[2023-01-09T14:48:36.735+0400] {logging_mixin.py:137} INFO - [2023-01-09T14:48:36.735+0400] {dagbag.py:538} INFO - Filling up the DagBag from /Users/harut/opt/anaconda3/lib/python3.9/site-packages/airflow/example_dags/plugins/workday.py
[2023-01-09T14:48:36.746+0400] {processor.py:755} WARNING - No viable dags retrieved from /Users/harut/opt/anaconda3/lib/python3.9/site-packages/airflow/example_dags/plugins/workday.py
[2023-01-09T14:48:37.125+0400] {processor.py:175} INFO - Processing /Users/harut/opt/anaconda3/lib/python3.9/site-packages/airflow/example_dags/plugins/workday.py took 0.391 seconds
[2023-01-09T14:50:01.077+0400] {processor.py:153} INFO - Started process (PID=13590) to work on /Users/harut/opt/anaconda3/lib/python3.9/site-packages/airflow/example_dags/plugins/workday.py
[2023-01-09T14:50:01.078+0400] {processor.py:743} INFO - Processing file /Users/harut/opt/anaconda3/lib/python3.9/site-packages/airflow/example_dags/plugins/workday.py for tasks to queue
[2023-01-09T14:50:01.078+0400] {logging_mixin.py:137} INFO - [2023-01-09T14:50:01.078+0400] {dagbag.py:538} INFO - Filling up the DagBag from /Users/harut/opt/anaconda3/lib/python3.9/site-packages/airflow/example_dags/plugins/workday.py
[2023-01-09T14:50:01.087+0400] {processor.py:755} WARNING - No viable dags retrieved from /Users/harut/opt/anaconda3/lib/python3.9/site-packages/airflow/example_dags/plugins/workday.py
[2023-01-09T14:50:01.424+0400] {processor.py:175} INFO - Processing /Users/harut/opt/anaconda3/lib/python3.9/site-packages/airflow/example_dags/plugins/workday.py took 0.348 seconds
[2023-01-09T14:51:20.396+0400] {processor.py:153} INFO - Started process (PID=13638) to work on /Users/harut/opt/anaconda3/lib/python3.9/site-packages/airflow/example_dags/plugins/workday.py
[2023-01-09T14:51:20.397+0400] {processor.py:743} INFO - Processing file /Users/harut/opt/anaconda3/lib/python3.9/site-packages/airflow/example_dags/plugins/workday.py for tasks to queue
[2023-01-09T14:51:20.397+0400] {logging_mixin.py:137} INFO - [2023-01-09T14:51:20.397+0400] {dagbag.py:538} INFO - Filling up the DagBag from /Users/harut/opt/anaconda3/lib/python3.9/site-packages/airflow/example_dags/plugins/workday.py
[2023-01-09T14:51:20.407+0400] {processor.py:755} WARNING - No viable dags retrieved from /Users/harut/opt/anaconda3/lib/python3.9/site-packages/airflow/example_dags/plugins/workday.py
[2023-01-09T14:51:20.773+0400] {processor.py:175} INFO - Processing /Users/harut/opt/anaconda3/lib/python3.9/site-packages/airflow/example_dags/plugins/workday.py took 0.377 seconds
[2023-01-09T14:52:40.617+0400] {processor.py:153} INFO - Started process (PID=13683) to work on /Users/harut/opt/anaconda3/lib/python3.9/site-packages/airflow/example_dags/plugins/workday.py
[2023-01-09T14:52:40.618+0400] {processor.py:743} INFO - Processing file /Users/harut/opt/anaconda3/lib/python3.9/site-packages/airflow/example_dags/plugins/workday.py for tasks to queue
[2023-01-09T14:52:40.618+0400] {logging_mixin.py:137} INFO - [2023-01-09T14:52:40.618+0400] {dagbag.py:538} INFO - Filling up the DagBag from /Users/harut/opt/anaconda3/lib/python3.9/site-packages/airflow/example_dags/plugins/workday.py
[2023-01-09T14:52:40.627+0400] {processor.py:755} WARNING - No viable dags retrieved from /Users/harut/opt/anaconda3/lib/python3.9/site-packages/airflow/example_dags/plugins/workday.py
[2023-01-09T14:52:40.964+0400] {processor.py:175} INFO - Processing /Users/harut/opt/anaconda3/lib/python3.9/site-packages/airflow/example_dags/plugins/workday.py took 0.347 seconds
[2023-01-09T14:54:01.661+0400] {processor.py:153} INFO - Started process (PID=13731) to work on /Users/harut/opt/anaconda3/lib/python3.9/site-packages/airflow/example_dags/plugins/workday.py
[2023-01-09T14:54:01.662+0400] {processor.py:743} INFO - Processing file /Users/harut/opt/anaconda3/lib/python3.9/site-packages/airflow/example_dags/plugins/workday.py for tasks to queue
[2023-01-09T14:54:01.662+0400] {logging_mixin.py:137} INFO - [2023-01-09T14:54:01.662+0400] {dagbag.py:538} INFO - Filling up the DagBag from /Users/harut/opt/anaconda3/lib/python3.9/site-packages/airflow/example_dags/plugins/workday.py
[2023-01-09T14:54:01.672+0400] {processor.py:755} WARNING - No viable dags retrieved from /Users/harut/opt/anaconda3/lib/python3.9/site-packages/airflow/example_dags/plugins/workday.py
[2023-01-09T14:54:02.069+0400] {processor.py:175} INFO - Processing /Users/harut/opt/anaconda3/lib/python3.9/site-packages/airflow/example_dags/plugins/workday.py took 0.408 seconds
[2023-01-09T14:55:23.728+0400] {processor.py:153} INFO - Started process (PID=13775) to work on /Users/harut/opt/anaconda3/lib/python3.9/site-packages/airflow/example_dags/plugins/workday.py
[2023-01-09T14:55:23.729+0400] {processor.py:743} INFO - Processing file /Users/harut/opt/anaconda3/lib/python3.9/site-packages/airflow/example_dags/plugins/workday.py for tasks to queue
[2023-01-09T14:55:23.729+0400] {logging_mixin.py:137} INFO - [2023-01-09T14:55:23.729+0400] {dagbag.py:538} INFO - Filling up the DagBag from /Users/harut/opt/anaconda3/lib/python3.9/site-packages/airflow/example_dags/plugins/workday.py
[2023-01-09T14:55:23.745+0400] {processor.py:755} WARNING - No viable dags retrieved from /Users/harut/opt/anaconda3/lib/python3.9/site-packages/airflow/example_dags/plugins/workday.py
[2023-01-09T14:55:24.078+0400] {processor.py:175} INFO - Processing /Users/harut/opt/anaconda3/lib/python3.9/site-packages/airflow/example_dags/plugins/workday.py took 0.350 seconds
[2023-01-09T14:56:45.662+0400] {processor.py:153} INFO - Started process (PID=13821) to work on /Users/harut/opt/anaconda3/lib/python3.9/site-packages/airflow/example_dags/plugins/workday.py
[2023-01-09T14:56:45.663+0400] {processor.py:743} INFO - Processing file /Users/harut/opt/anaconda3/lib/python3.9/site-packages/airflow/example_dags/plugins/workday.py for tasks to queue
[2023-01-09T14:56:45.663+0400] {logging_mixin.py:137} INFO - [2023-01-09T14:56:45.663+0400] {dagbag.py:538} INFO - Filling up the DagBag from /Users/harut/opt/anaconda3/lib/python3.9/site-packages/airflow/example_dags/plugins/workday.py
[2023-01-09T14:56:45.672+0400] {processor.py:755} WARNING - No viable dags retrieved from /Users/harut/opt/anaconda3/lib/python3.9/site-packages/airflow/example_dags/plugins/workday.py
[2023-01-09T14:56:46.011+0400] {processor.py:175} INFO - Processing /Users/harut/opt/anaconda3/lib/python3.9/site-packages/airflow/example_dags/plugins/workday.py took 0.349 seconds
[2023-01-09T14:58:07.415+0400] {processor.py:153} INFO - Started process (PID=13863) to work on /Users/harut/opt/anaconda3/lib/python3.9/site-packages/airflow/example_dags/plugins/workday.py
[2023-01-09T14:58:07.416+0400] {processor.py:743} INFO - Processing file /Users/harut/opt/anaconda3/lib/python3.9/site-packages/airflow/example_dags/plugins/workday.py for tasks to queue
[2023-01-09T14:58:07.416+0400] {logging_mixin.py:137} INFO - [2023-01-09T14:58:07.416+0400] {dagbag.py:538} INFO - Filling up the DagBag from /Users/harut/opt/anaconda3/lib/python3.9/site-packages/airflow/example_dags/plugins/workday.py
[2023-01-09T14:58:07.425+0400] {processor.py:755} WARNING - No viable dags retrieved from /Users/harut/opt/anaconda3/lib/python3.9/site-packages/airflow/example_dags/plugins/workday.py
[2023-01-09T14:58:07.754+0400] {processor.py:175} INFO - Processing /Users/harut/opt/anaconda3/lib/python3.9/site-packages/airflow/example_dags/plugins/workday.py took 0.339 seconds
[2023-01-09T14:59:27.813+0400] {processor.py:153} INFO - Started process (PID=13909) to work on /Users/harut/opt/anaconda3/lib/python3.9/site-packages/airflow/example_dags/plugins/workday.py
[2023-01-09T14:59:27.814+0400] {processor.py:743} INFO - Processing file /Users/harut/opt/anaconda3/lib/python3.9/site-packages/airflow/example_dags/plugins/workday.py for tasks to queue
[2023-01-09T14:59:27.814+0400] {logging_mixin.py:137} INFO - [2023-01-09T14:59:27.814+0400] {dagbag.py:538} INFO - Filling up the DagBag from /Users/harut/opt/anaconda3/lib/python3.9/site-packages/airflow/example_dags/plugins/workday.py
[2023-01-09T14:59:27.823+0400] {processor.py:755} WARNING - No viable dags retrieved from /Users/harut/opt/anaconda3/lib/python3.9/site-packages/airflow/example_dags/plugins/workday.py
[2023-01-09T14:59:28.177+0400] {processor.py:175} INFO - Processing /Users/harut/opt/anaconda3/lib/python3.9/site-packages/airflow/example_dags/plugins/workday.py took 0.365 seconds
[2023-01-09T15:00:48.952+0400] {processor.py:153} INFO - Started process (PID=13952) to work on /Users/harut/opt/anaconda3/lib/python3.9/site-packages/airflow/example_dags/plugins/workday.py
[2023-01-09T15:00:48.953+0400] {processor.py:743} INFO - Processing file /Users/harut/opt/anaconda3/lib/python3.9/site-packages/airflow/example_dags/plugins/workday.py for tasks to queue
[2023-01-09T15:00:48.953+0400] {logging_mixin.py:137} INFO - [2023-01-09T15:00:48.953+0400] {dagbag.py:538} INFO - Filling up the DagBag from /Users/harut/opt/anaconda3/lib/python3.9/site-packages/airflow/example_dags/plugins/workday.py
[2023-01-09T15:00:48.962+0400] {processor.py:755} WARNING - No viable dags retrieved from /Users/harut/opt/anaconda3/lib/python3.9/site-packages/airflow/example_dags/plugins/workday.py
[2023-01-09T15:00:49.291+0400] {processor.py:175} INFO - Processing /Users/harut/opt/anaconda3/lib/python3.9/site-packages/airflow/example_dags/plugins/workday.py took 0.340 seconds
[2023-01-09T15:02:10.314+0400] {processor.py:153} INFO - Started process (PID=13998) to work on /Users/harut/opt/anaconda3/lib/python3.9/site-packages/airflow/example_dags/plugins/workday.py
[2023-01-09T15:02:10.314+0400] {processor.py:743} INFO - Processing file /Users/harut/opt/anaconda3/lib/python3.9/site-packages/airflow/example_dags/plugins/workday.py for tasks to queue
[2023-01-09T15:02:10.315+0400] {logging_mixin.py:137} INFO - [2023-01-09T15:02:10.315+0400] {dagbag.py:538} INFO - Filling up the DagBag from /Users/harut/opt/anaconda3/lib/python3.9/site-packages/airflow/example_dags/plugins/workday.py
[2023-01-09T15:02:10.324+0400] {processor.py:755} WARNING - No viable dags retrieved from /Users/harut/opt/anaconda3/lib/python3.9/site-packages/airflow/example_dags/plugins/workday.py
[2023-01-09T15:02:10.657+0400] {processor.py:175} INFO - Processing /Users/harut/opt/anaconda3/lib/python3.9/site-packages/airflow/example_dags/plugins/workday.py took 0.344 seconds
[2023-01-09T15:03:31.535+0400] {processor.py:153} INFO - Started process (PID=14048) to work on /Users/harut/opt/anaconda3/lib/python3.9/site-packages/airflow/example_dags/plugins/workday.py
[2023-01-09T15:03:31.536+0400] {processor.py:743} INFO - Processing file /Users/harut/opt/anaconda3/lib/python3.9/site-packages/airflow/example_dags/plugins/workday.py for tasks to queue
[2023-01-09T15:03:31.536+0400] {logging_mixin.py:137} INFO - [2023-01-09T15:03:31.536+0400] {dagbag.py:538} INFO - Filling up the DagBag from /Users/harut/opt/anaconda3/lib/python3.9/site-packages/airflow/example_dags/plugins/workday.py
[2023-01-09T15:03:31.546+0400] {processor.py:755} WARNING - No viable dags retrieved from /Users/harut/opt/anaconda3/lib/python3.9/site-packages/airflow/example_dags/plugins/workday.py
[2023-01-09T15:03:31.943+0400] {processor.py:175} INFO - Processing /Users/harut/opt/anaconda3/lib/python3.9/site-packages/airflow/example_dags/plugins/workday.py took 0.409 seconds
[2023-01-09T15:04:50.915+0400] {processor.py:153} INFO - Started process (PID=14091) to work on /Users/harut/opt/anaconda3/lib/python3.9/site-packages/airflow/example_dags/plugins/workday.py
[2023-01-09T15:04:50.916+0400] {processor.py:743} INFO - Processing file /Users/harut/opt/anaconda3/lib/python3.9/site-packages/airflow/example_dags/plugins/workday.py for tasks to queue
[2023-01-09T15:04:50.916+0400] {logging_mixin.py:137} INFO - [2023-01-09T15:04:50.916+0400] {dagbag.py:538} INFO - Filling up the DagBag from /Users/harut/opt/anaconda3/lib/python3.9/site-packages/airflow/example_dags/plugins/workday.py
[2023-01-09T15:04:50.925+0400] {processor.py:755} WARNING - No viable dags retrieved from /Users/harut/opt/anaconda3/lib/python3.9/site-packages/airflow/example_dags/plugins/workday.py
[2023-01-09T15:04:51.255+0400] {processor.py:175} INFO - Processing /Users/harut/opt/anaconda3/lib/python3.9/site-packages/airflow/example_dags/plugins/workday.py took 0.340 seconds
[2023-01-09T15:06:12.552+0400] {processor.py:153} INFO - Started process (PID=14137) to work on /Users/harut/opt/anaconda3/lib/python3.9/site-packages/airflow/example_dags/plugins/workday.py
[2023-01-09T15:06:12.552+0400] {processor.py:743} INFO - Processing file /Users/harut/opt/anaconda3/lib/python3.9/site-packages/airflow/example_dags/plugins/workday.py for tasks to queue
[2023-01-09T15:06:12.553+0400] {logging_mixin.py:137} INFO - [2023-01-09T15:06:12.553+0400] {dagbag.py:538} INFO - Filling up the DagBag from /Users/harut/opt/anaconda3/lib/python3.9/site-packages/airflow/example_dags/plugins/workday.py
[2023-01-09T15:06:12.562+0400] {processor.py:755} WARNING - No viable dags retrieved from /Users/harut/opt/anaconda3/lib/python3.9/site-packages/airflow/example_dags/plugins/workday.py
[2023-01-09T15:06:12.890+0400] {processor.py:175} INFO - Processing /Users/harut/opt/anaconda3/lib/python3.9/site-packages/airflow/example_dags/plugins/workday.py took 0.339 seconds
[2023-01-09T15:07:30.122+0400] {processor.py:153} INFO - Started process (PID=14178) to work on /Users/harut/opt/anaconda3/lib/python3.9/site-packages/airflow/example_dags/plugins/workday.py
[2023-01-09T15:07:30.123+0400] {processor.py:743} INFO - Processing file /Users/harut/opt/anaconda3/lib/python3.9/site-packages/airflow/example_dags/plugins/workday.py for tasks to queue
[2023-01-09T15:07:30.123+0400] {logging_mixin.py:137} INFO - [2023-01-09T15:07:30.123+0400] {dagbag.py:538} INFO - Filling up the DagBag from /Users/harut/opt/anaconda3/lib/python3.9/site-packages/airflow/example_dags/plugins/workday.py
[2023-01-09T15:07:30.132+0400] {processor.py:755} WARNING - No viable dags retrieved from /Users/harut/opt/anaconda3/lib/python3.9/site-packages/airflow/example_dags/plugins/workday.py
[2023-01-09T15:07:30.456+0400] {processor.py:175} INFO - Processing /Users/harut/opt/anaconda3/lib/python3.9/site-packages/airflow/example_dags/plugins/workday.py took 0.335 seconds
[2023-01-09T15:08:51.133+0400] {processor.py:153} INFO - Started process (PID=14222) to work on /Users/harut/opt/anaconda3/lib/python3.9/site-packages/airflow/example_dags/plugins/workday.py
[2023-01-09T15:08:51.134+0400] {processor.py:743} INFO - Processing file /Users/harut/opt/anaconda3/lib/python3.9/site-packages/airflow/example_dags/plugins/workday.py for tasks to queue
[2023-01-09T15:08:51.134+0400] {logging_mixin.py:137} INFO - [2023-01-09T15:08:51.134+0400] {dagbag.py:538} INFO - Filling up the DagBag from /Users/harut/opt/anaconda3/lib/python3.9/site-packages/airflow/example_dags/plugins/workday.py
[2023-01-09T15:08:51.143+0400] {processor.py:755} WARNING - No viable dags retrieved from /Users/harut/opt/anaconda3/lib/python3.9/site-packages/airflow/example_dags/plugins/workday.py
[2023-01-09T15:08:51.476+0400] {processor.py:175} INFO - Processing /Users/harut/opt/anaconda3/lib/python3.9/site-packages/airflow/example_dags/plugins/workday.py took 0.344 seconds
[2023-01-09T15:10:10.102+0400] {processor.py:153} INFO - Started process (PID=14269) to work on /Users/harut/opt/anaconda3/lib/python3.9/site-packages/airflow/example_dags/plugins/workday.py
[2023-01-09T15:10:10.102+0400] {processor.py:743} INFO - Processing file /Users/harut/opt/anaconda3/lib/python3.9/site-packages/airflow/example_dags/plugins/workday.py for tasks to queue
[2023-01-09T15:10:10.102+0400] {logging_mixin.py:137} INFO - [2023-01-09T15:10:10.102+0400] {dagbag.py:538} INFO - Filling up the DagBag from /Users/harut/opt/anaconda3/lib/python3.9/site-packages/airflow/example_dags/plugins/workday.py
[2023-01-09T15:10:10.112+0400] {processor.py:755} WARNING - No viable dags retrieved from /Users/harut/opt/anaconda3/lib/python3.9/site-packages/airflow/example_dags/plugins/workday.py
[2023-01-09T15:10:10.442+0400] {processor.py:175} INFO - Processing /Users/harut/opt/anaconda3/lib/python3.9/site-packages/airflow/example_dags/plugins/workday.py took 0.341 seconds
[2023-01-09T15:11:30.983+0400] {processor.py:153} INFO - Started process (PID=14314) to work on /Users/harut/opt/anaconda3/lib/python3.9/site-packages/airflow/example_dags/plugins/workday.py
[2023-01-09T15:11:30.984+0400] {processor.py:743} INFO - Processing file /Users/harut/opt/anaconda3/lib/python3.9/site-packages/airflow/example_dags/plugins/workday.py for tasks to queue
[2023-01-09T15:11:30.984+0400] {logging_mixin.py:137} INFO - [2023-01-09T15:11:30.984+0400] {dagbag.py:538} INFO - Filling up the DagBag from /Users/harut/opt/anaconda3/lib/python3.9/site-packages/airflow/example_dags/plugins/workday.py
[2023-01-09T15:11:30.994+0400] {processor.py:755} WARNING - No viable dags retrieved from /Users/harut/opt/anaconda3/lib/python3.9/site-packages/airflow/example_dags/plugins/workday.py
[2023-01-09T15:11:31.361+0400] {processor.py:175} INFO - Processing /Users/harut/opt/anaconda3/lib/python3.9/site-packages/airflow/example_dags/plugins/workday.py took 0.378 seconds
[2023-01-09T15:12:55.054+0400] {processor.py:153} INFO - Started process (PID=14367) to work on /Users/harut/opt/anaconda3/lib/python3.9/site-packages/airflow/example_dags/plugins/workday.py
[2023-01-09T15:12:55.055+0400] {processor.py:743} INFO - Processing file /Users/harut/opt/anaconda3/lib/python3.9/site-packages/airflow/example_dags/plugins/workday.py for tasks to queue
[2023-01-09T15:12:55.055+0400] {logging_mixin.py:137} INFO - [2023-01-09T15:12:55.055+0400] {dagbag.py:538} INFO - Filling up the DagBag from /Users/harut/opt/anaconda3/lib/python3.9/site-packages/airflow/example_dags/plugins/workday.py
[2023-01-09T15:12:55.066+0400] {processor.py:755} WARNING - No viable dags retrieved from /Users/harut/opt/anaconda3/lib/python3.9/site-packages/airflow/example_dags/plugins/workday.py
[2023-01-09T15:12:55.427+0400] {processor.py:175} INFO - Processing /Users/harut/opt/anaconda3/lib/python3.9/site-packages/airflow/example_dags/plugins/workday.py took 0.373 seconds
[2023-01-09T15:14:18.157+0400] {processor.py:153} INFO - Started process (PID=14429) to work on /Users/harut/opt/anaconda3/lib/python3.9/site-packages/airflow/example_dags/plugins/workday.py
[2023-01-09T15:14:18.158+0400] {processor.py:743} INFO - Processing file /Users/harut/opt/anaconda3/lib/python3.9/site-packages/airflow/example_dags/plugins/workday.py for tasks to queue
[2023-01-09T15:14:18.158+0400] {logging_mixin.py:137} INFO - [2023-01-09T15:14:18.158+0400] {dagbag.py:538} INFO - Filling up the DagBag from /Users/harut/opt/anaconda3/lib/python3.9/site-packages/airflow/example_dags/plugins/workday.py
[2023-01-09T15:14:18.167+0400] {processor.py:755} WARNING - No viable dags retrieved from /Users/harut/opt/anaconda3/lib/python3.9/site-packages/airflow/example_dags/plugins/workday.py
[2023-01-09T15:14:18.510+0400] {processor.py:175} INFO - Processing /Users/harut/opt/anaconda3/lib/python3.9/site-packages/airflow/example_dags/plugins/workday.py took 0.353 seconds
[2023-01-09T15:15:41.711+0400] {processor.py:153} INFO - Started process (PID=14487) to work on /Users/harut/opt/anaconda3/lib/python3.9/site-packages/airflow/example_dags/plugins/workday.py
[2023-01-09T15:15:41.711+0400] {processor.py:743} INFO - Processing file /Users/harut/opt/anaconda3/lib/python3.9/site-packages/airflow/example_dags/plugins/workday.py for tasks to queue
[2023-01-09T15:15:41.711+0400] {logging_mixin.py:137} INFO - [2023-01-09T15:15:41.711+0400] {dagbag.py:538} INFO - Filling up the DagBag from /Users/harut/opt/anaconda3/lib/python3.9/site-packages/airflow/example_dags/plugins/workday.py
[2023-01-09T15:15:41.721+0400] {processor.py:755} WARNING - No viable dags retrieved from /Users/harut/opt/anaconda3/lib/python3.9/site-packages/airflow/example_dags/plugins/workday.py
[2023-01-09T15:15:42.067+0400] {processor.py:175} INFO - Processing /Users/harut/opt/anaconda3/lib/python3.9/site-packages/airflow/example_dags/plugins/workday.py took 0.357 seconds
[2023-01-09T15:17:04.700+0400] {processor.py:153} INFO - Started process (PID=14531) to work on /Users/harut/opt/anaconda3/lib/python3.9/site-packages/airflow/example_dags/plugins/workday.py
[2023-01-09T15:17:04.700+0400] {processor.py:743} INFO - Processing file /Users/harut/opt/anaconda3/lib/python3.9/site-packages/airflow/example_dags/plugins/workday.py for tasks to queue
[2023-01-09T15:17:04.700+0400] {logging_mixin.py:137} INFO - [2023-01-09T15:17:04.700+0400] {dagbag.py:538} INFO - Filling up the DagBag from /Users/harut/opt/anaconda3/lib/python3.9/site-packages/airflow/example_dags/plugins/workday.py
[2023-01-09T15:17:04.710+0400] {processor.py:755} WARNING - No viable dags retrieved from /Users/harut/opt/anaconda3/lib/python3.9/site-packages/airflow/example_dags/plugins/workday.py
[2023-01-09T15:17:05.090+0400] {processor.py:175} INFO - Processing /Users/harut/opt/anaconda3/lib/python3.9/site-packages/airflow/example_dags/plugins/workday.py took 0.391 seconds
[2023-01-09T15:18:28.315+0400] {processor.py:153} INFO - Started process (PID=14577) to work on /Users/harut/opt/anaconda3/lib/python3.9/site-packages/airflow/example_dags/plugins/workday.py
[2023-01-09T15:18:28.316+0400] {processor.py:743} INFO - Processing file /Users/harut/opt/anaconda3/lib/python3.9/site-packages/airflow/example_dags/plugins/workday.py for tasks to queue
[2023-01-09T15:18:28.316+0400] {logging_mixin.py:137} INFO - [2023-01-09T15:18:28.316+0400] {dagbag.py:538} INFO - Filling up the DagBag from /Users/harut/opt/anaconda3/lib/python3.9/site-packages/airflow/example_dags/plugins/workday.py
[2023-01-09T15:18:28.326+0400] {processor.py:755} WARNING - No viable dags retrieved from /Users/harut/opt/anaconda3/lib/python3.9/site-packages/airflow/example_dags/plugins/workday.py
[2023-01-09T15:18:28.700+0400] {processor.py:175} INFO - Processing /Users/harut/opt/anaconda3/lib/python3.9/site-packages/airflow/example_dags/plugins/workday.py took 0.386 seconds
[2023-01-09T15:19:51.000+0400] {processor.py:153} INFO - Started process (PID=14629) to work on /Users/harut/opt/anaconda3/lib/python3.9/site-packages/airflow/example_dags/plugins/workday.py
[2023-01-09T15:19:51.001+0400] {processor.py:743} INFO - Processing file /Users/harut/opt/anaconda3/lib/python3.9/site-packages/airflow/example_dags/plugins/workday.py for tasks to queue
[2023-01-09T15:19:51.001+0400] {logging_mixin.py:137} INFO - [2023-01-09T15:19:51.001+0400] {dagbag.py:538} INFO - Filling up the DagBag from /Users/harut/opt/anaconda3/lib/python3.9/site-packages/airflow/example_dags/plugins/workday.py
[2023-01-09T15:19:51.011+0400] {processor.py:755} WARNING - No viable dags retrieved from /Users/harut/opt/anaconda3/lib/python3.9/site-packages/airflow/example_dags/plugins/workday.py
[2023-01-09T15:19:51.367+0400] {processor.py:175} INFO - Processing /Users/harut/opt/anaconda3/lib/python3.9/site-packages/airflow/example_dags/plugins/workday.py took 0.367 seconds
[2023-01-09T15:21:14.910+0400] {processor.py:153} INFO - Started process (PID=14672) to work on /Users/harut/opt/anaconda3/lib/python3.9/site-packages/airflow/example_dags/plugins/workday.py
[2023-01-09T15:21:14.910+0400] {processor.py:743} INFO - Processing file /Users/harut/opt/anaconda3/lib/python3.9/site-packages/airflow/example_dags/plugins/workday.py for tasks to queue
[2023-01-09T15:21:14.910+0400] {logging_mixin.py:137} INFO - [2023-01-09T15:21:14.910+0400] {dagbag.py:538} INFO - Filling up the DagBag from /Users/harut/opt/anaconda3/lib/python3.9/site-packages/airflow/example_dags/plugins/workday.py
[2023-01-09T15:21:14.920+0400] {processor.py:755} WARNING - No viable dags retrieved from /Users/harut/opt/anaconda3/lib/python3.9/site-packages/airflow/example_dags/plugins/workday.py
[2023-01-09T15:21:15.257+0400] {processor.py:175} INFO - Processing /Users/harut/opt/anaconda3/lib/python3.9/site-packages/airflow/example_dags/plugins/workday.py took 0.348 seconds
[2023-01-09T15:22:38.791+0400] {processor.py:153} INFO - Started process (PID=14732) to work on /Users/harut/opt/anaconda3/lib/python3.9/site-packages/airflow/example_dags/plugins/workday.py
[2023-01-09T15:22:38.792+0400] {processor.py:743} INFO - Processing file /Users/harut/opt/anaconda3/lib/python3.9/site-packages/airflow/example_dags/plugins/workday.py for tasks to queue
[2023-01-09T15:22:38.792+0400] {logging_mixin.py:137} INFO - [2023-01-09T15:22:38.792+0400] {dagbag.py:538} INFO - Filling up the DagBag from /Users/harut/opt/anaconda3/lib/python3.9/site-packages/airflow/example_dags/plugins/workday.py
[2023-01-09T15:22:38.801+0400] {processor.py:755} WARNING - No viable dags retrieved from /Users/harut/opt/anaconda3/lib/python3.9/site-packages/airflow/example_dags/plugins/workday.py
[2023-01-09T15:22:39.157+0400] {processor.py:175} INFO - Processing /Users/harut/opt/anaconda3/lib/python3.9/site-packages/airflow/example_dags/plugins/workday.py took 0.367 seconds
[2023-01-09T15:24:01.577+0400] {processor.py:153} INFO - Started process (PID=14775) to work on /Users/harut/opt/anaconda3/lib/python3.9/site-packages/airflow/example_dags/plugins/workday.py
[2023-01-09T15:24:01.577+0400] {processor.py:743} INFO - Processing file /Users/harut/opt/anaconda3/lib/python3.9/site-packages/airflow/example_dags/plugins/workday.py for tasks to queue
[2023-01-09T15:24:01.578+0400] {logging_mixin.py:137} INFO - [2023-01-09T15:24:01.578+0400] {dagbag.py:538} INFO - Filling up the DagBag from /Users/harut/opt/anaconda3/lib/python3.9/site-packages/airflow/example_dags/plugins/workday.py
[2023-01-09T15:24:01.587+0400] {processor.py:755} WARNING - No viable dags retrieved from /Users/harut/opt/anaconda3/lib/python3.9/site-packages/airflow/example_dags/plugins/workday.py
[2023-01-09T15:24:01.949+0400] {processor.py:175} INFO - Processing /Users/harut/opt/anaconda3/lib/python3.9/site-packages/airflow/example_dags/plugins/workday.py took 0.373 seconds
[2023-01-09T15:25:25.509+0400] {processor.py:153} INFO - Started process (PID=14820) to work on /Users/harut/opt/anaconda3/lib/python3.9/site-packages/airflow/example_dags/plugins/workday.py
[2023-01-09T15:25:25.509+0400] {processor.py:743} INFO - Processing file /Users/harut/opt/anaconda3/lib/python3.9/site-packages/airflow/example_dags/plugins/workday.py for tasks to queue
[2023-01-09T15:25:25.510+0400] {logging_mixin.py:137} INFO - [2023-01-09T15:25:25.510+0400] {dagbag.py:538} INFO - Filling up the DagBag from /Users/harut/opt/anaconda3/lib/python3.9/site-packages/airflow/example_dags/plugins/workday.py
[2023-01-09T15:25:25.519+0400] {processor.py:755} WARNING - No viable dags retrieved from /Users/harut/opt/anaconda3/lib/python3.9/site-packages/airflow/example_dags/plugins/workday.py
[2023-01-09T15:25:25.854+0400] {processor.py:175} INFO - Processing /Users/harut/opt/anaconda3/lib/python3.9/site-packages/airflow/example_dags/plugins/workday.py took 0.346 seconds
[2023-01-09T15:26:49.135+0400] {processor.py:153} INFO - Started process (PID=14865) to work on /Users/harut/opt/anaconda3/lib/python3.9/site-packages/airflow/example_dags/plugins/workday.py
[2023-01-09T15:26:49.136+0400] {processor.py:743} INFO - Processing file /Users/harut/opt/anaconda3/lib/python3.9/site-packages/airflow/example_dags/plugins/workday.py for tasks to queue
[2023-01-09T15:26:49.136+0400] {logging_mixin.py:137} INFO - [2023-01-09T15:26:49.136+0400] {dagbag.py:538} INFO - Filling up the DagBag from /Users/harut/opt/anaconda3/lib/python3.9/site-packages/airflow/example_dags/plugins/workday.py
[2023-01-09T15:26:49.146+0400] {processor.py:755} WARNING - No viable dags retrieved from /Users/harut/opt/anaconda3/lib/python3.9/site-packages/airflow/example_dags/plugins/workday.py
[2023-01-09T15:26:49.491+0400] {processor.py:175} INFO - Processing /Users/harut/opt/anaconda3/lib/python3.9/site-packages/airflow/example_dags/plugins/workday.py took 0.356 seconds
[2023-01-09T15:28:12.734+0400] {processor.py:153} INFO - Started process (PID=14918) to work on /Users/harut/opt/anaconda3/lib/python3.9/site-packages/airflow/example_dags/plugins/workday.py
[2023-01-09T15:28:12.735+0400] {processor.py:743} INFO - Processing file /Users/harut/opt/anaconda3/lib/python3.9/site-packages/airflow/example_dags/plugins/workday.py for tasks to queue
[2023-01-09T15:28:12.735+0400] {logging_mixin.py:137} INFO - [2023-01-09T15:28:12.735+0400] {dagbag.py:538} INFO - Filling up the DagBag from /Users/harut/opt/anaconda3/lib/python3.9/site-packages/airflow/example_dags/plugins/workday.py
[2023-01-09T15:28:12.746+0400] {processor.py:755} WARNING - No viable dags retrieved from /Users/harut/opt/anaconda3/lib/python3.9/site-packages/airflow/example_dags/plugins/workday.py
[2023-01-09T15:28:13.114+0400] {processor.py:175} INFO - Processing /Users/harut/opt/anaconda3/lib/python3.9/site-packages/airflow/example_dags/plugins/workday.py took 0.381 seconds
[2023-01-09T15:29:35.773+0400] {processor.py:153} INFO - Started process (PID=14962) to work on /Users/harut/opt/anaconda3/lib/python3.9/site-packages/airflow/example_dags/plugins/workday.py
[2023-01-09T15:29:35.774+0400] {processor.py:743} INFO - Processing file /Users/harut/opt/anaconda3/lib/python3.9/site-packages/airflow/example_dags/plugins/workday.py for tasks to queue
[2023-01-09T15:29:35.774+0400] {logging_mixin.py:137} INFO - [2023-01-09T15:29:35.774+0400] {dagbag.py:538} INFO - Filling up the DagBag from /Users/harut/opt/anaconda3/lib/python3.9/site-packages/airflow/example_dags/plugins/workday.py
[2023-01-09T15:29:35.785+0400] {processor.py:755} WARNING - No viable dags retrieved from /Users/harut/opt/anaconda3/lib/python3.9/site-packages/airflow/example_dags/plugins/workday.py
[2023-01-09T15:29:36.168+0400] {processor.py:175} INFO - Processing /Users/harut/opt/anaconda3/lib/python3.9/site-packages/airflow/example_dags/plugins/workday.py took 0.395 seconds
[2023-01-09T15:30:56.099+0400] {processor.py:153} INFO - Started process (PID=15008) to work on /Users/harut/opt/anaconda3/lib/python3.9/site-packages/airflow/example_dags/plugins/workday.py
[2023-01-09T15:30:56.099+0400] {processor.py:743} INFO - Processing file /Users/harut/opt/anaconda3/lib/python3.9/site-packages/airflow/example_dags/plugins/workday.py for tasks to queue
[2023-01-09T15:30:56.100+0400] {logging_mixin.py:137} INFO - [2023-01-09T15:30:56.100+0400] {dagbag.py:538} INFO - Filling up the DagBag from /Users/harut/opt/anaconda3/lib/python3.9/site-packages/airflow/example_dags/plugins/workday.py
[2023-01-09T15:30:56.109+0400] {processor.py:755} WARNING - No viable dags retrieved from /Users/harut/opt/anaconda3/lib/python3.9/site-packages/airflow/example_dags/plugins/workday.py
[2023-01-09T15:30:56.450+0400] {processor.py:175} INFO - Processing /Users/harut/opt/anaconda3/lib/python3.9/site-packages/airflow/example_dags/plugins/workday.py took 0.352 seconds
[2023-01-09T15:32:19.032+0400] {processor.py:153} INFO - Started process (PID=15055) to work on /Users/harut/opt/anaconda3/lib/python3.9/site-packages/airflow/example_dags/plugins/workday.py
[2023-01-09T15:32:19.032+0400] {processor.py:743} INFO - Processing file /Users/harut/opt/anaconda3/lib/python3.9/site-packages/airflow/example_dags/plugins/workday.py for tasks to queue
[2023-01-09T15:32:19.033+0400] {logging_mixin.py:137} INFO - [2023-01-09T15:32:19.032+0400] {dagbag.py:538} INFO - Filling up the DagBag from /Users/harut/opt/anaconda3/lib/python3.9/site-packages/airflow/example_dags/plugins/workday.py
[2023-01-09T15:32:19.043+0400] {processor.py:755} WARNING - No viable dags retrieved from /Users/harut/opt/anaconda3/lib/python3.9/site-packages/airflow/example_dags/plugins/workday.py
[2023-01-09T15:32:19.385+0400] {processor.py:175} INFO - Processing /Users/harut/opt/anaconda3/lib/python3.9/site-packages/airflow/example_dags/plugins/workday.py took 0.354 seconds
[2023-01-09T15:33:42.888+0400] {processor.py:153} INFO - Started process (PID=15101) to work on /Users/harut/opt/anaconda3/lib/python3.9/site-packages/airflow/example_dags/plugins/workday.py
[2023-01-09T15:33:42.889+0400] {processor.py:743} INFO - Processing file /Users/harut/opt/anaconda3/lib/python3.9/site-packages/airflow/example_dags/plugins/workday.py for tasks to queue
[2023-01-09T15:33:42.889+0400] {logging_mixin.py:137} INFO - [2023-01-09T15:33:42.889+0400] {dagbag.py:538} INFO - Filling up the DagBag from /Users/harut/opt/anaconda3/lib/python3.9/site-packages/airflow/example_dags/plugins/workday.py
[2023-01-09T15:33:42.899+0400] {processor.py:755} WARNING - No viable dags retrieved from /Users/harut/opt/anaconda3/lib/python3.9/site-packages/airflow/example_dags/plugins/workday.py
[2023-01-09T15:33:43.285+0400] {processor.py:175} INFO - Processing /Users/harut/opt/anaconda3/lib/python3.9/site-packages/airflow/example_dags/plugins/workday.py took 0.398 seconds
[2023-01-09T15:35:06.633+0400] {processor.py:153} INFO - Started process (PID=15147) to work on /Users/harut/opt/anaconda3/lib/python3.9/site-packages/airflow/example_dags/plugins/workday.py
[2023-01-09T15:35:06.633+0400] {processor.py:743} INFO - Processing file /Users/harut/opt/anaconda3/lib/python3.9/site-packages/airflow/example_dags/plugins/workday.py for tasks to queue
[2023-01-09T15:35:06.633+0400] {logging_mixin.py:137} INFO - [2023-01-09T15:35:06.633+0400] {dagbag.py:538} INFO - Filling up the DagBag from /Users/harut/opt/anaconda3/lib/python3.9/site-packages/airflow/example_dags/plugins/workday.py
[2023-01-09T15:35:06.643+0400] {processor.py:755} WARNING - No viable dags retrieved from /Users/harut/opt/anaconda3/lib/python3.9/site-packages/airflow/example_dags/plugins/workday.py
[2023-01-09T15:35:06.996+0400] {processor.py:175} INFO - Processing /Users/harut/opt/anaconda3/lib/python3.9/site-packages/airflow/example_dags/plugins/workday.py took 0.364 seconds
[2023-01-09T15:36:29.943+0400] {processor.py:153} INFO - Started process (PID=15203) to work on /Users/harut/opt/anaconda3/lib/python3.9/site-packages/airflow/example_dags/plugins/workday.py
[2023-01-09T15:36:29.944+0400] {processor.py:743} INFO - Processing file /Users/harut/opt/anaconda3/lib/python3.9/site-packages/airflow/example_dags/plugins/workday.py for tasks to queue
[2023-01-09T15:36:29.944+0400] {logging_mixin.py:137} INFO - [2023-01-09T15:36:29.944+0400] {dagbag.py:538} INFO - Filling up the DagBag from /Users/harut/opt/anaconda3/lib/python3.9/site-packages/airflow/example_dags/plugins/workday.py
[2023-01-09T15:36:29.954+0400] {processor.py:755} WARNING - No viable dags retrieved from /Users/harut/opt/anaconda3/lib/python3.9/site-packages/airflow/example_dags/plugins/workday.py
[2023-01-09T15:36:30.289+0400] {processor.py:175} INFO - Processing /Users/harut/opt/anaconda3/lib/python3.9/site-packages/airflow/example_dags/plugins/workday.py took 0.346 seconds
[2023-01-09T15:37:52.399+0400] {processor.py:153} INFO - Started process (PID=15255) to work on /Users/harut/opt/anaconda3/lib/python3.9/site-packages/airflow/example_dags/plugins/workday.py
[2023-01-09T15:37:52.400+0400] {processor.py:743} INFO - Processing file /Users/harut/opt/anaconda3/lib/python3.9/site-packages/airflow/example_dags/plugins/workday.py for tasks to queue
[2023-01-09T15:37:52.400+0400] {logging_mixin.py:137} INFO - [2023-01-09T15:37:52.400+0400] {dagbag.py:538} INFO - Filling up the DagBag from /Users/harut/opt/anaconda3/lib/python3.9/site-packages/airflow/example_dags/plugins/workday.py
[2023-01-09T15:37:52.410+0400] {processor.py:755} WARNING - No viable dags retrieved from /Users/harut/opt/anaconda3/lib/python3.9/site-packages/airflow/example_dags/plugins/workday.py
[2023-01-09T15:37:52.767+0400] {processor.py:175} INFO - Processing /Users/harut/opt/anaconda3/lib/python3.9/site-packages/airflow/example_dags/plugins/workday.py took 0.368 seconds
[2023-01-09T15:39:14.828+0400] {processor.py:153} INFO - Started process (PID=15299) to work on /Users/harut/opt/anaconda3/lib/python3.9/site-packages/airflow/example_dags/plugins/workday.py
[2023-01-09T15:39:14.829+0400] {processor.py:743} INFO - Processing file /Users/harut/opt/anaconda3/lib/python3.9/site-packages/airflow/example_dags/plugins/workday.py for tasks to queue
[2023-01-09T15:39:14.829+0400] {logging_mixin.py:137} INFO - [2023-01-09T15:39:14.829+0400] {dagbag.py:538} INFO - Filling up the DagBag from /Users/harut/opt/anaconda3/lib/python3.9/site-packages/airflow/example_dags/plugins/workday.py
[2023-01-09T15:39:14.839+0400] {processor.py:755} WARNING - No viable dags retrieved from /Users/harut/opt/anaconda3/lib/python3.9/site-packages/airflow/example_dags/plugins/workday.py
[2023-01-09T15:39:15.193+0400] {processor.py:175} INFO - Processing /Users/harut/opt/anaconda3/lib/python3.9/site-packages/airflow/example_dags/plugins/workday.py took 0.366 seconds
[2023-01-09T15:40:36.256+0400] {processor.py:153} INFO - Started process (PID=15351) to work on /Users/harut/opt/anaconda3/lib/python3.9/site-packages/airflow/example_dags/plugins/workday.py
[2023-01-09T15:40:36.256+0400] {processor.py:743} INFO - Processing file /Users/harut/opt/anaconda3/lib/python3.9/site-packages/airflow/example_dags/plugins/workday.py for tasks to queue
[2023-01-09T15:40:36.257+0400] {logging_mixin.py:137} INFO - [2023-01-09T15:40:36.257+0400] {dagbag.py:538} INFO - Filling up the DagBag from /Users/harut/opt/anaconda3/lib/python3.9/site-packages/airflow/example_dags/plugins/workday.py
[2023-01-09T15:40:36.266+0400] {processor.py:755} WARNING - No viable dags retrieved from /Users/harut/opt/anaconda3/lib/python3.9/site-packages/airflow/example_dags/plugins/workday.py
[2023-01-09T15:40:36.614+0400] {processor.py:175} INFO - Processing /Users/harut/opt/anaconda3/lib/python3.9/site-packages/airflow/example_dags/plugins/workday.py took 0.359 seconds
